=============================================
Dataset: pamap_mobiact
Method:  NO_ADAPT
=============================================
Source: syn_18 ---> Target: dp_18
Run ID: 1
=============================================
[Epoch : 1/40]
Src_cls_loss	: 0.7971
-------------------------------------
[Epoch : 2/40]
Src_cls_loss	: 0.6744
-------------------------------------
[Epoch : 3/40]
Src_cls_loss	: 0.5664
-------------------------------------
[Epoch : 4/40]
Src_cls_loss	: 0.4823
-------------------------------------
[Epoch : 5/40]
Src_cls_loss	: 0.4174
-------------------------------------
[Epoch : 6/40]
Src_cls_loss	: 0.3685
-------------------------------------
[Epoch : 7/40]
Src_cls_loss	: 0.3292
-------------------------------------
[Epoch : 8/40]
Src_cls_loss	: 0.2972
-------------------------------------
[Epoch : 9/40]
Src_cls_loss	: 0.2713
-------------------------------------
[Epoch : 10/40]
Src_cls_loss	: 0.2496
-------------------------------------
[Epoch : 11/40]
Src_cls_loss	: 0.2311
-------------------------------------
[Epoch : 12/40]
Src_cls_loss	: 0.2157
-------------------------------------
[Epoch : 13/40]
Src_cls_loss	: 0.2028
-------------------------------------
[Epoch : 14/40]
Src_cls_loss	: 0.1917
-------------------------------------
[Epoch : 15/40]
Src_cls_loss	: 0.1813
-------------------------------------
[Epoch : 16/40]
Src_cls_loss	: 0.1728
-------------------------------------
[Epoch : 17/40]
Src_cls_loss	: 0.1642
-------------------------------------
[Epoch : 18/40]
Src_cls_loss	: 0.1563
-------------------------------------
[Epoch : 19/40]
Src_cls_loss	: 0.1489
-------------------------------------
[Epoch : 20/40]
Src_cls_loss	: 0.1424
-------------------------------------
[Epoch : 21/40]
Src_cls_loss	: 0.1362
-------------------------------------
[Epoch : 22/40]
Src_cls_loss	: 0.1307
-------------------------------------
[Epoch : 23/40]
Src_cls_loss	: 0.1257
-------------------------------------
[Epoch : 24/40]
Src_cls_loss	: 0.1216
-------------------------------------
[Epoch : 25/40]
Src_cls_loss	: 0.1172
-------------------------------------
[Epoch : 26/40]
Src_cls_loss	: 0.1130
-------------------------------------
[Epoch : 27/40]
Src_cls_loss	: 0.1091
-------------------------------------
[Epoch : 28/40]
Src_cls_loss	: 0.1060
-------------------------------------
[Epoch : 29/40]
Src_cls_loss	: 0.1027
-------------------------------------
[Epoch : 30/40]
Src_cls_loss	: 0.0995
-------------------------------------
[Epoch : 31/40]
Src_cls_loss	: 0.0968
-------------------------------------
[Epoch : 32/40]
Src_cls_loss	: 0.0944
-------------------------------------
[Epoch : 33/40]
Src_cls_loss	: 0.0919
-------------------------------------
[Epoch : 34/40]
Src_cls_loss	: 0.0897
-------------------------------------
[Epoch : 35/40]
Src_cls_loss	: 0.0875
-------------------------------------
[Epoch : 36/40]
Src_cls_loss	: 0.0852
-------------------------------------
[Epoch : 37/40]
Src_cls_loss	: 0.0831
-------------------------------------
[Epoch : 38/40]
Src_cls_loss	: 0.0811
-------------------------------------
[Epoch : 39/40]
Src_cls_loss	: 0.0793
-------------------------------------
[Epoch : 40/40]
Src_cls_loss	: 0.0774
-------------------------------------
