=============================================
Dataset: realworld_mobiact
Method:  Deep_Coral
=============================================
Source: df ---> Target: dp_wal_32
Run ID: 0
=============================================
[Epoch : 1/40]
Total_loss	: 2.4521
Src_cls_loss	: 0.3674
coral_loss	: 0.0006
-------------------------------------
[Epoch : 2/40]
Total_loss	: 2.0038
Src_cls_loss	: 0.3001
coral_loss	: 0.0006
-------------------------------------
[Epoch : 3/40]
Total_loss	: 1.7617
Src_cls_loss	: 0.2638
coral_loss	: 0.0006
-------------------------------------
[Epoch : 4/40]
Total_loss	: 1.6060
Src_cls_loss	: 0.2405
coral_loss	: 0.0006
-------------------------------------
[Epoch : 5/40]
Total_loss	: 1.4943
Src_cls_loss	: 0.2237
coral_loss	: 0.0006
-------------------------------------
[Epoch : 6/40]
Total_loss	: 1.4115
Src_cls_loss	: 0.2113
coral_loss	: 0.0005
-------------------------------------
[Epoch : 7/40]
Total_loss	: 1.3467
Src_cls_loss	: 0.2016
coral_loss	: 0.0005
-------------------------------------
[Epoch : 8/40]
Total_loss	: 1.2870
Src_cls_loss	: 0.1927
coral_loss	: 0.0005
-------------------------------------
[Epoch : 9/40]
Total_loss	: 1.2298
Src_cls_loss	: 0.1841
coral_loss	: 0.0005
-------------------------------------
[Epoch : 10/40]
Total_loss	: 1.1820
Src_cls_loss	: 0.1769
coral_loss	: 0.0005
-------------------------------------
[Epoch : 11/40]
Total_loss	: 1.1390
Src_cls_loss	: 0.1705
coral_loss	: 0.0005
-------------------------------------
[Epoch : 12/40]
Total_loss	: 1.0996
Src_cls_loss	: 0.1646
coral_loss	: 0.0005
-------------------------------------
[Epoch : 13/40]
Total_loss	: 1.0638
Src_cls_loss	: 0.1592
coral_loss	: 0.0005
-------------------------------------
[Epoch : 14/40]
Total_loss	: 1.0318
Src_cls_loss	: 0.1544
coral_loss	: 0.0004
-------------------------------------
[Epoch : 15/40]
Total_loss	: 1.0021
Src_cls_loss	: 0.1500
coral_loss	: 0.0004
-------------------------------------
[Epoch : 16/40]
Total_loss	: 0.9736
Src_cls_loss	: 0.1457
coral_loss	: 0.0004
-------------------------------------
[Epoch : 17/40]
Total_loss	: 0.9466
Src_cls_loss	: 0.1417
coral_loss	: 0.0004
-------------------------------------
[Epoch : 18/40]
Total_loss	: 0.9229
Src_cls_loss	: 0.1381
coral_loss	: 0.0004
-------------------------------------
[Epoch : 19/40]
Total_loss	: 0.8986
Src_cls_loss	: 0.1345
coral_loss	: 0.0004
-------------------------------------
[Epoch : 20/40]
Total_loss	: 0.8760
Src_cls_loss	: 0.1311
coral_loss	: 0.0004
-------------------------------------
[Epoch : 21/40]
Total_loss	: 0.8539
Src_cls_loss	: 0.1278
coral_loss	: 0.0004
-------------------------------------
[Epoch : 22/40]
Total_loss	: 0.8333
Src_cls_loss	: 0.1247
coral_loss	: 0.0004
-------------------------------------
[Epoch : 23/40]
Total_loss	: 0.8138
Src_cls_loss	: 0.1218
coral_loss	: 0.0004
-------------------------------------
[Epoch : 24/40]
Total_loss	: 0.7951
Src_cls_loss	: 0.1190
coral_loss	: 0.0004
-------------------------------------
[Epoch : 25/40]
Total_loss	: 0.7772
Src_cls_loss	: 0.1163
coral_loss	: 0.0004
-------------------------------------
[Epoch : 26/40]
Total_loss	: 0.7592
Src_cls_loss	: 0.1136
coral_loss	: 0.0003
-------------------------------------
[Epoch : 27/40]
Total_loss	: 0.7429
Src_cls_loss	: 0.1112
coral_loss	: 0.0003
-------------------------------------
[Epoch : 28/40]
Total_loss	: 0.7267
Src_cls_loss	: 0.1087
coral_loss	: 0.0003
-------------------------------------
[Epoch : 29/40]
Total_loss	: 0.7117
Src_cls_loss	: 0.1065
coral_loss	: 0.0003
-------------------------------------
[Epoch : 30/40]
Total_loss	: 0.6973
Src_cls_loss	: 0.1043
coral_loss	: 0.0003
-------------------------------------
[Epoch : 31/40]
Total_loss	: 0.6827
Src_cls_loss	: 0.1021
coral_loss	: 0.0003
-------------------------------------
[Epoch : 32/40]
Total_loss	: 0.6688
Src_cls_loss	: 0.1001
coral_loss	: 0.0003
-------------------------------------
[Epoch : 33/40]
Total_loss	: 0.6556
Src_cls_loss	: 0.0981
coral_loss	: 0.0003
-------------------------------------
[Epoch : 34/40]
Total_loss	: 0.6439
Src_cls_loss	: 0.0963
coral_loss	: 0.0003
-------------------------------------
[Epoch : 35/40]
Total_loss	: 0.6314
Src_cls_loss	: 0.0945
coral_loss	: 0.0003
-------------------------------------
[Epoch : 36/40]
Total_loss	: 0.6202
Src_cls_loss	: 0.0928
coral_loss	: 0.0003
-------------------------------------
[Epoch : 37/40]
Total_loss	: 0.6084
Src_cls_loss	: 0.0910
coral_loss	: 0.0003
-------------------------------------
[Epoch : 38/40]
Total_loss	: 0.5979
Src_cls_loss	: 0.0894
coral_loss	: 0.0003
-------------------------------------
[Epoch : 39/40]
Total_loss	: 0.5874
Src_cls_loss	: 0.0879
coral_loss	: 0.0003
-------------------------------------
[Epoch : 40/40]
Total_loss	: 0.5775
Src_cls_loss	: 0.0864
coral_loss	: 0.0003
-------------------------------------
