=============================================
Dataset: CWRU_OR_opposite
Method:  NO_ADAPT
=============================================
Source: 0 ---> Target: 5
Run ID: 1
=============================================
[Epoch : 1/40]
Src_cls_loss	: 0.0794
-------------------------------------
[Epoch : 2/40]
Src_cls_loss	: 0.0419
-------------------------------------
[Epoch : 3/40]
Src_cls_loss	: 0.0286
-------------------------------------
[Epoch : 4/40]
Src_cls_loss	: 0.0219
-------------------------------------
[Epoch : 5/40]
Src_cls_loss	: 0.0178
-------------------------------------
[Epoch : 6/40]
Src_cls_loss	: 0.0150
-------------------------------------
[Epoch : 7/40]
Src_cls_loss	: 0.0129
-------------------------------------
[Epoch : 8/40]
Src_cls_loss	: 0.0113
-------------------------------------
[Epoch : 9/40]
Src_cls_loss	: 0.0102
-------------------------------------
[Epoch : 10/40]
Src_cls_loss	: 0.0092
-------------------------------------
[Epoch : 11/40]
Src_cls_loss	: 0.0085
-------------------------------------
[Epoch : 12/40]
Src_cls_loss	: 0.0078
-------------------------------------
[Epoch : 13/40]
Src_cls_loss	: 0.0074
-------------------------------------
[Epoch : 14/40]
Src_cls_loss	: 0.0069
-------------------------------------
[Epoch : 15/40]
Src_cls_loss	: 0.0064
-------------------------------------
[Epoch : 16/40]
Src_cls_loss	: 0.0061
-------------------------------------
[Epoch : 17/40]
Src_cls_loss	: 0.0058
-------------------------------------
[Epoch : 18/40]
Src_cls_loss	: 0.0055
-------------------------------------
[Epoch : 19/40]
Src_cls_loss	: 0.0053
-------------------------------------
[Epoch : 20/40]
Src_cls_loss	: 0.0050
-------------------------------------
[Epoch : 21/40]
Src_cls_loss	: 0.0048
-------------------------------------
[Epoch : 22/40]
Src_cls_loss	: 0.0046
-------------------------------------
[Epoch : 23/40]
Src_cls_loss	: 0.0044
-------------------------------------
[Epoch : 24/40]
Src_cls_loss	: 0.0042
-------------------------------------
[Epoch : 25/40]
Src_cls_loss	: 0.0041
-------------------------------------
[Epoch : 26/40]
Src_cls_loss	: 0.0039
-------------------------------------
[Epoch : 27/40]
Src_cls_loss	: 0.0038
-------------------------------------
[Epoch : 28/40]
Src_cls_loss	: 0.0038
-------------------------------------
[Epoch : 29/40]
Src_cls_loss	: 0.0038
-------------------------------------
[Epoch : 30/40]
Src_cls_loss	: 0.0037
-------------------------------------
[Epoch : 31/40]
Src_cls_loss	: 0.0036
-------------------------------------
[Epoch : 32/40]
Src_cls_loss	: 0.0035
-------------------------------------
[Epoch : 33/40]
Src_cls_loss	: 0.0034
-------------------------------------
[Epoch : 34/40]
Src_cls_loss	: 0.0033
-------------------------------------
[Epoch : 35/40]
Src_cls_loss	: 0.0032
-------------------------------------
[Epoch : 36/40]
Src_cls_loss	: 0.0031
-------------------------------------
[Epoch : 37/40]
Src_cls_loss	: 0.0030
-------------------------------------
[Epoch : 38/40]
Src_cls_loss	: 0.0030
-------------------------------------
[Epoch : 39/40]
Src_cls_loss	: 0.0030
-------------------------------------
[Epoch : 40/40]
Src_cls_loss	: 0.0029
-------------------------------------
