=============================================
Dataset: pamap_mobiact
Method:  NO_ADAPT
=============================================
Source: df ---> Target: dp_66
Run ID: 5
=============================================
[Epoch : 1/40]
Src_cls_loss	: 0.5170
-------------------------------------
[Epoch : 2/40]
Src_cls_loss	: 0.3759
-------------------------------------
[Epoch : 3/40]
Src_cls_loss	: 0.3102
-------------------------------------
[Epoch : 4/40]
Src_cls_loss	: 0.2616
-------------------------------------
[Epoch : 5/40]
Src_cls_loss	: 0.2301
-------------------------------------
[Epoch : 6/40]
Src_cls_loss	: 0.2060
-------------------------------------
[Epoch : 7/40]
Src_cls_loss	: 0.1872
-------------------------------------
[Epoch : 8/40]
Src_cls_loss	: 0.1744
-------------------------------------
[Epoch : 9/40]
Src_cls_loss	: 0.1624
-------------------------------------
[Epoch : 10/40]
Src_cls_loss	: 0.1528
-------------------------------------
[Epoch : 11/40]
Src_cls_loss	: 0.1430
-------------------------------------
[Epoch : 12/40]
Src_cls_loss	: 0.1357
-------------------------------------
[Epoch : 13/40]
Src_cls_loss	: 0.1300
-------------------------------------
[Epoch : 14/40]
Src_cls_loss	: 0.1240
-------------------------------------
[Epoch : 15/40]
Src_cls_loss	: 0.1188
-------------------------------------
[Epoch : 16/40]
Src_cls_loss	: 0.1144
-------------------------------------
[Epoch : 17/40]
Src_cls_loss	: 0.1098
-------------------------------------
[Epoch : 18/40]
Src_cls_loss	: 0.1056
-------------------------------------
[Epoch : 19/40]
Src_cls_loss	: 0.1013
-------------------------------------
[Epoch : 20/40]
Src_cls_loss	: 0.0981
-------------------------------------
[Epoch : 21/40]
Src_cls_loss	: 0.0954
-------------------------------------
[Epoch : 22/40]
Src_cls_loss	: 0.0925
-------------------------------------
[Epoch : 23/40]
Src_cls_loss	: 0.0894
-------------------------------------
[Epoch : 24/40]
Src_cls_loss	: 0.0870
-------------------------------------
[Epoch : 25/40]
Src_cls_loss	: 0.0847
-------------------------------------
[Epoch : 26/40]
Src_cls_loss	: 0.0826
-------------------------------------
[Epoch : 27/40]
Src_cls_loss	: 0.0805
-------------------------------------
[Epoch : 28/40]
Src_cls_loss	: 0.0786
-------------------------------------
[Epoch : 29/40]
Src_cls_loss	: 0.0767
-------------------------------------
[Epoch : 30/40]
Src_cls_loss	: 0.0752
-------------------------------------
[Epoch : 31/40]
Src_cls_loss	: 0.0735
-------------------------------------
[Epoch : 32/40]
Src_cls_loss	: 0.0720
-------------------------------------
[Epoch : 33/40]
Src_cls_loss	: 0.0702
-------------------------------------
[Epoch : 34/40]
Src_cls_loss	: 0.0686
-------------------------------------
[Epoch : 35/40]
Src_cls_loss	: 0.0671
-------------------------------------
[Epoch : 36/40]
Src_cls_loss	: 0.0657
-------------------------------------
[Epoch : 37/40]
Src_cls_loss	: 0.0642
-------------------------------------
[Epoch : 38/40]
Src_cls_loss	: 0.0629
-------------------------------------
[Epoch : 39/40]
Src_cls_loss	: 0.0617
-------------------------------------
[Epoch : 40/40]
Src_cls_loss	: 0.0606
-------------------------------------
