=============================================
Dataset: realworld_mobiact
Method:  SYN
=============================================
Source: syn_wal_28 ---> Target: dp_wal_28
Run ID: 8
=============================================
[Epoch : 1/40]
Src_cls_loss	: 0.8643
-------------------------------------
[Epoch : 2/40]
Src_cls_loss	: 0.7037
-------------------------------------
[Epoch : 3/40]
Src_cls_loss	: 0.5563
-------------------------------------
[Epoch : 4/40]
Src_cls_loss	: 0.4540
-------------------------------------
[Epoch : 5/40]
Src_cls_loss	: 0.3797
-------------------------------------
[Epoch : 6/40]
Src_cls_loss	: 0.3256
-------------------------------------
[Epoch : 7/40]
Src_cls_loss	: 0.2836
-------------------------------------
[Epoch : 8/40]
Src_cls_loss	: 0.2520
-------------------------------------
[Epoch : 9/40]
Src_cls_loss	: 0.2262
-------------------------------------
[Epoch : 10/40]
Src_cls_loss	: 0.2060
-------------------------------------
[Epoch : 11/40]
Src_cls_loss	: 0.1888
-------------------------------------
[Epoch : 12/40]
Src_cls_loss	: 0.1743
-------------------------------------
[Epoch : 13/40]
Src_cls_loss	: 0.1618
-------------------------------------
[Epoch : 14/40]
Src_cls_loss	: 0.1512
-------------------------------------
[Epoch : 15/40]
Src_cls_loss	: 0.1419
-------------------------------------
[Epoch : 16/40]
Src_cls_loss	: 0.1335
-------------------------------------
[Epoch : 17/40]
Src_cls_loss	: 0.1261
-------------------------------------
[Epoch : 18/40]
Src_cls_loss	: 0.1196
-------------------------------------
[Epoch : 19/40]
Src_cls_loss	: 0.1137
-------------------------------------
[Epoch : 20/40]
Src_cls_loss	: 0.1085
-------------------------------------
[Epoch : 21/40]
Src_cls_loss	: 0.1036
-------------------------------------
[Epoch : 22/40]
Src_cls_loss	: 0.0994
-------------------------------------
[Epoch : 23/40]
Src_cls_loss	: 0.0953
-------------------------------------
[Epoch : 24/40]
Src_cls_loss	: 0.0915
-------------------------------------
[Epoch : 25/40]
Src_cls_loss	: 0.0881
-------------------------------------
[Epoch : 26/40]
Src_cls_loss	: 0.0849
-------------------------------------
[Epoch : 27/40]
Src_cls_loss	: 0.0819
-------------------------------------
[Epoch : 28/40]
Src_cls_loss	: 0.0791
-------------------------------------
[Epoch : 29/40]
Src_cls_loss	: 0.0766
-------------------------------------
[Epoch : 30/40]
Src_cls_loss	: 0.0742
-------------------------------------
[Epoch : 31/40]
Src_cls_loss	: 0.0720
-------------------------------------
[Epoch : 32/40]
Src_cls_loss	: 0.0700
-------------------------------------
[Epoch : 33/40]
Src_cls_loss	: 0.0681
-------------------------------------
[Epoch : 34/40]
Src_cls_loss	: 0.0662
-------------------------------------
[Epoch : 35/40]
Src_cls_loss	: 0.0644
-------------------------------------
[Epoch : 36/40]
Src_cls_loss	: 0.0627
-------------------------------------
[Epoch : 37/40]
Src_cls_loss	: 0.0610
-------------------------------------
[Epoch : 38/40]
Src_cls_loss	: 0.0595
-------------------------------------
[Epoch : 39/40]
Src_cls_loss	: 0.0580
-------------------------------------
[Epoch : 40/40]
Src_cls_loss	: 0.0566
-------------------------------------
