=============================================
Dataset: realworld_mobiact
Method:  SYN
=============================================
Source: syn_wal_20 ---> Target: dp_wal_20
Run ID: 2
=============================================
[Epoch : 1/40]
Src_cls_loss	: 0.8911
-------------------------------------
[Epoch : 2/40]
Src_cls_loss	: 0.7524
-------------------------------------
[Epoch : 3/40]
Src_cls_loss	: 0.6183
-------------------------------------
[Epoch : 4/40]
Src_cls_loss	: 0.5146
-------------------------------------
[Epoch : 5/40]
Src_cls_loss	: 0.4366
-------------------------------------
[Epoch : 6/40]
Src_cls_loss	: 0.3778
-------------------------------------
[Epoch : 7/40]
Src_cls_loss	: 0.3336
-------------------------------------
[Epoch : 8/40]
Src_cls_loss	: 0.2991
-------------------------------------
[Epoch : 9/40]
Src_cls_loss	: 0.2711
-------------------------------------
[Epoch : 10/40]
Src_cls_loss	: 0.2469
-------------------------------------
[Epoch : 11/40]
Src_cls_loss	: 0.2270
-------------------------------------
[Epoch : 12/40]
Src_cls_loss	: 0.2097
-------------------------------------
[Epoch : 13/40]
Src_cls_loss	: 0.1951
-------------------------------------
[Epoch : 14/40]
Src_cls_loss	: 0.1824
-------------------------------------
[Epoch : 15/40]
Src_cls_loss	: 0.1711
-------------------------------------
[Epoch : 16/40]
Src_cls_loss	: 0.1617
-------------------------------------
[Epoch : 17/40]
Src_cls_loss	: 0.1531
-------------------------------------
[Epoch : 18/40]
Src_cls_loss	: 0.1450
-------------------------------------
[Epoch : 19/40]
Src_cls_loss	: 0.1379
-------------------------------------
[Epoch : 20/40]
Src_cls_loss	: 0.1314
-------------------------------------
[Epoch : 21/40]
Src_cls_loss	: 0.1255
-------------------------------------
[Epoch : 22/40]
Src_cls_loss	: 0.1202
-------------------------------------
[Epoch : 23/40]
Src_cls_loss	: 0.1152
-------------------------------------
[Epoch : 24/40]
Src_cls_loss	: 0.1109
-------------------------------------
[Epoch : 25/40]
Src_cls_loss	: 0.1068
-------------------------------------
[Epoch : 26/40]
Src_cls_loss	: 0.1030
-------------------------------------
[Epoch : 27/40]
Src_cls_loss	: 0.0994
-------------------------------------
[Epoch : 28/40]
Src_cls_loss	: 0.0961
-------------------------------------
[Epoch : 29/40]
Src_cls_loss	: 0.0930
-------------------------------------
[Epoch : 30/40]
Src_cls_loss	: 0.0900
-------------------------------------
[Epoch : 31/40]
Src_cls_loss	: 0.0872
-------------------------------------
[Epoch : 32/40]
Src_cls_loss	: 0.0846
-------------------------------------
[Epoch : 33/40]
Src_cls_loss	: 0.0822
-------------------------------------
[Epoch : 34/40]
Src_cls_loss	: 0.0802
-------------------------------------
[Epoch : 35/40]
Src_cls_loss	: 0.0782
-------------------------------------
[Epoch : 36/40]
Src_cls_loss	: 0.0762
-------------------------------------
[Epoch : 37/40]
Src_cls_loss	: 0.0743
-------------------------------------
[Epoch : 38/40]
Src_cls_loss	: 0.0724
-------------------------------------
[Epoch : 39/40]
Src_cls_loss	: 0.0707
-------------------------------------
[Epoch : 40/40]
Src_cls_loss	: 0.0690
-------------------------------------
