=============================================
Dataset: pamap_mobiact
Method:  SYN
=============================================
Source: syn_wal_54 ---> Target: dp_wal_54
Run ID: 9
=============================================
[Epoch : 1/40]
Src_cls_loss	: 0.6398
-------------------------------------
[Epoch : 2/40]
Src_cls_loss	: 0.4602
-------------------------------------
[Epoch : 3/40]
Src_cls_loss	: 0.3653
-------------------------------------
[Epoch : 4/40]
Src_cls_loss	: 0.2988
-------------------------------------
[Epoch : 5/40]
Src_cls_loss	: 0.2527
-------------------------------------
[Epoch : 6/40]
Src_cls_loss	: 0.2184
-------------------------------------
[Epoch : 7/40]
Src_cls_loss	: 0.1933
-------------------------------------
[Epoch : 8/40]
Src_cls_loss	: 0.1735
-------------------------------------
[Epoch : 9/40]
Src_cls_loss	: 0.1569
-------------------------------------
[Epoch : 10/40]
Src_cls_loss	: 0.1434
-------------------------------------
[Epoch : 11/40]
Src_cls_loss	: 0.1326
-------------------------------------
[Epoch : 12/40]
Src_cls_loss	: 0.1236
-------------------------------------
[Epoch : 13/40]
Src_cls_loss	: 0.1157
-------------------------------------
[Epoch : 14/40]
Src_cls_loss	: 0.1084
-------------------------------------
[Epoch : 15/40]
Src_cls_loss	: 0.1019
-------------------------------------
[Epoch : 16/40]
Src_cls_loss	: 0.0962
-------------------------------------
[Epoch : 17/40]
Src_cls_loss	: 0.0911
-------------------------------------
[Epoch : 18/40]
Src_cls_loss	: 0.0865
-------------------------------------
[Epoch : 19/40]
Src_cls_loss	: 0.0824
-------------------------------------
[Epoch : 20/40]
Src_cls_loss	: 0.0786
-------------------------------------
[Epoch : 21/40]
Src_cls_loss	: 0.0751
-------------------------------------
[Epoch : 22/40]
Src_cls_loss	: 0.0719
-------------------------------------
[Epoch : 23/40]
Src_cls_loss	: 0.0690
-------------------------------------
[Epoch : 24/40]
Src_cls_loss	: 0.0664
-------------------------------------
[Epoch : 25/40]
Src_cls_loss	: 0.0640
-------------------------------------
[Epoch : 26/40]
Src_cls_loss	: 0.0618
-------------------------------------
[Epoch : 27/40]
Src_cls_loss	: 0.0598
-------------------------------------
[Epoch : 28/40]
Src_cls_loss	: 0.0581
-------------------------------------
[Epoch : 29/40]
Src_cls_loss	: 0.0565
-------------------------------------
[Epoch : 30/40]
Src_cls_loss	: 0.0548
-------------------------------------
[Epoch : 31/40]
Src_cls_loss	: 0.0532
-------------------------------------
[Epoch : 32/40]
Src_cls_loss	: 0.0517
-------------------------------------
[Epoch : 33/40]
Src_cls_loss	: 0.0502
-------------------------------------
[Epoch : 34/40]
Src_cls_loss	: 0.0489
-------------------------------------
[Epoch : 35/40]
Src_cls_loss	: 0.0475
-------------------------------------
[Epoch : 36/40]
Src_cls_loss	: 0.0462
-------------------------------------
[Epoch : 37/40]
Src_cls_loss	: 0.0451
-------------------------------------
[Epoch : 38/40]
Src_cls_loss	: 0.0439
-------------------------------------
[Epoch : 39/40]
Src_cls_loss	: 0.0429
-------------------------------------
[Epoch : 40/40]
Src_cls_loss	: 0.0419
-------------------------------------
