=============================================
Dataset: pamap_mobiact
Method:  SYN
=============================================
Source: syn_wal_30 ---> Target: dp_wal_30
Run ID: 8
=============================================
[Epoch : 1/40]
Src_cls_loss	: 0.7004
-------------------------------------
[Epoch : 2/40]
Src_cls_loss	: 0.5295
-------------------------------------
[Epoch : 3/40]
Src_cls_loss	: 0.4227
-------------------------------------
[Epoch : 4/40]
Src_cls_loss	: 0.3575
-------------------------------------
[Epoch : 5/40]
Src_cls_loss	: 0.3055
-------------------------------------
[Epoch : 6/40]
Src_cls_loss	: 0.2673
-------------------------------------
[Epoch : 7/40]
Src_cls_loss	: 0.2365
-------------------------------------
[Epoch : 8/40]
Src_cls_loss	: 0.2132
-------------------------------------
[Epoch : 9/40]
Src_cls_loss	: 0.1927
-------------------------------------
[Epoch : 10/40]
Src_cls_loss	: 0.1769
-------------------------------------
[Epoch : 11/40]
Src_cls_loss	: 0.1630
-------------------------------------
[Epoch : 12/40]
Src_cls_loss	: 0.1513
-------------------------------------
[Epoch : 13/40]
Src_cls_loss	: 0.1410
-------------------------------------
[Epoch : 14/40]
Src_cls_loss	: 0.1320
-------------------------------------
[Epoch : 15/40]
Src_cls_loss	: 0.1243
-------------------------------------
[Epoch : 16/40]
Src_cls_loss	: 0.1172
-------------------------------------
[Epoch : 17/40]
Src_cls_loss	: 0.1110
-------------------------------------
[Epoch : 18/40]
Src_cls_loss	: 0.1054
-------------------------------------
[Epoch : 19/40]
Src_cls_loss	: 0.1005
-------------------------------------
[Epoch : 20/40]
Src_cls_loss	: 0.0965
-------------------------------------
[Epoch : 21/40]
Src_cls_loss	: 0.0924
-------------------------------------
[Epoch : 22/40]
Src_cls_loss	: 0.0887
-------------------------------------
[Epoch : 23/40]
Src_cls_loss	: 0.0851
-------------------------------------
[Epoch : 24/40]
Src_cls_loss	: 0.0818
-------------------------------------
[Epoch : 25/40]
Src_cls_loss	: 0.0791
-------------------------------------
[Epoch : 26/40]
Src_cls_loss	: 0.0765
-------------------------------------
[Epoch : 27/40]
Src_cls_loss	: 0.0740
-------------------------------------
[Epoch : 28/40]
Src_cls_loss	: 0.0716
-------------------------------------
[Epoch : 29/40]
Src_cls_loss	: 0.0693
-------------------------------------
[Epoch : 30/40]
Src_cls_loss	: 0.0671
-------------------------------------
[Epoch : 31/40]
Src_cls_loss	: 0.0650
-------------------------------------
[Epoch : 32/40]
Src_cls_loss	: 0.0632
-------------------------------------
[Epoch : 33/40]
Src_cls_loss	: 0.0617
-------------------------------------
[Epoch : 34/40]
Src_cls_loss	: 0.0602
-------------------------------------
[Epoch : 35/40]
Src_cls_loss	: 0.0587
-------------------------------------
[Epoch : 36/40]
Src_cls_loss	: 0.0572
-------------------------------------
[Epoch : 37/40]
Src_cls_loss	: 0.0558
-------------------------------------
[Epoch : 38/40]
Src_cls_loss	: 0.0544
-------------------------------------
[Epoch : 39/40]
Src_cls_loss	: 0.0531
-------------------------------------
[Epoch : 40/40]
Src_cls_loss	: 0.0519
-------------------------------------
