=============================================
Dataset: realworld_mobiact
Method:  NO_ADAPT
=============================================
Source: syn_19 ---> Target: dp_19
Run ID: 3
=============================================
[Epoch : 1/40]
Src_cls_loss	: 0.8682
-------------------------------------
[Epoch : 2/40]
Src_cls_loss	: 0.6933
-------------------------------------
[Epoch : 3/40]
Src_cls_loss	: 0.5429
-------------------------------------
[Epoch : 4/40]
Src_cls_loss	: 0.4401
-------------------------------------
[Epoch : 5/40]
Src_cls_loss	: 0.3685
-------------------------------------
[Epoch : 6/40]
Src_cls_loss	: 0.3181
-------------------------------------
[Epoch : 7/40]
Src_cls_loss	: 0.2787
-------------------------------------
[Epoch : 8/40]
Src_cls_loss	: 0.2479
-------------------------------------
[Epoch : 9/40]
Src_cls_loss	: 0.2232
-------------------------------------
[Epoch : 10/40]
Src_cls_loss	: 0.2032
-------------------------------------
[Epoch : 11/40]
Src_cls_loss	: 0.1868
-------------------------------------
[Epoch : 12/40]
Src_cls_loss	: 0.1728
-------------------------------------
[Epoch : 13/40]
Src_cls_loss	: 0.1605
-------------------------------------
[Epoch : 14/40]
Src_cls_loss	: 0.1497
-------------------------------------
[Epoch : 15/40]
Src_cls_loss	: 0.1405
-------------------------------------
[Epoch : 16/40]
Src_cls_loss	: 0.1328
-------------------------------------
[Epoch : 17/40]
Src_cls_loss	: 0.1259
-------------------------------------
[Epoch : 18/40]
Src_cls_loss	: 0.1195
-------------------------------------
[Epoch : 19/40]
Src_cls_loss	: 0.1142
-------------------------------------
[Epoch : 20/40]
Src_cls_loss	: 0.1092
-------------------------------------
[Epoch : 21/40]
Src_cls_loss	: 0.1045
-------------------------------------
[Epoch : 22/40]
Src_cls_loss	: 0.1000
-------------------------------------
[Epoch : 23/40]
Src_cls_loss	: 0.0961
-------------------------------------
[Epoch : 24/40]
Src_cls_loss	: 0.0926
-------------------------------------
[Epoch : 25/40]
Src_cls_loss	: 0.0892
-------------------------------------
[Epoch : 26/40]
Src_cls_loss	: 0.0862
-------------------------------------
[Epoch : 27/40]
Src_cls_loss	: 0.0835
-------------------------------------
[Epoch : 28/40]
Src_cls_loss	: 0.0807
-------------------------------------
[Epoch : 29/40]
Src_cls_loss	: 0.0780
-------------------------------------
[Epoch : 30/40]
Src_cls_loss	: 0.0755
-------------------------------------
[Epoch : 31/40]
Src_cls_loss	: 0.0732
-------------------------------------
[Epoch : 32/40]
Src_cls_loss	: 0.0710
-------------------------------------
[Epoch : 33/40]
Src_cls_loss	: 0.0689
-------------------------------------
[Epoch : 34/40]
Src_cls_loss	: 0.0670
-------------------------------------
[Epoch : 35/40]
Src_cls_loss	: 0.0654
-------------------------------------
[Epoch : 36/40]
Src_cls_loss	: 0.0639
-------------------------------------
[Epoch : 37/40]
Src_cls_loss	: 0.0623
-------------------------------------
[Epoch : 38/40]
Src_cls_loss	: 0.0608
-------------------------------------
[Epoch : 39/40]
Src_cls_loss	: 0.0594
-------------------------------------
[Epoch : 40/40]
Src_cls_loss	: 0.0581
-------------------------------------
