=============================================
Dataset: pamap_mobiact
Method:  NO_ADAPT
=============================================
Source: syn_18 ---> Target: dp_18
Run ID: 0
=============================================
[Epoch : 1/40]
Src_cls_loss	: 0.8107
-------------------------------------
[Epoch : 2/40]
Src_cls_loss	: 0.6763
-------------------------------------
[Epoch : 3/40]
Src_cls_loss	: 0.5762
-------------------------------------
[Epoch : 4/40]
Src_cls_loss	: 0.4893
-------------------------------------
[Epoch : 5/40]
Src_cls_loss	: 0.4221
-------------------------------------
[Epoch : 6/40]
Src_cls_loss	: 0.3704
-------------------------------------
[Epoch : 7/40]
Src_cls_loss	: 0.3300
-------------------------------------
[Epoch : 8/40]
Src_cls_loss	: 0.2974
-------------------------------------
[Epoch : 9/40]
Src_cls_loss	: 0.2713
-------------------------------------
[Epoch : 10/40]
Src_cls_loss	: 0.2490
-------------------------------------
[Epoch : 11/40]
Src_cls_loss	: 0.2311
-------------------------------------
[Epoch : 12/40]
Src_cls_loss	: 0.2140
-------------------------------------
[Epoch : 13/40]
Src_cls_loss	: 0.2002
-------------------------------------
[Epoch : 14/40]
Src_cls_loss	: 0.1878
-------------------------------------
[Epoch : 15/40]
Src_cls_loss	: 0.1769
-------------------------------------
[Epoch : 16/40]
Src_cls_loss	: 0.1678
-------------------------------------
[Epoch : 17/40]
Src_cls_loss	: 0.1592
-------------------------------------
[Epoch : 18/40]
Src_cls_loss	: 0.1512
-------------------------------------
[Epoch : 19/40]
Src_cls_loss	: 0.1441
-------------------------------------
[Epoch : 20/40]
Src_cls_loss	: 0.1378
-------------------------------------
[Epoch : 21/40]
Src_cls_loss	: 0.1319
-------------------------------------
[Epoch : 22/40]
Src_cls_loss	: 0.1263
-------------------------------------
[Epoch : 23/40]
Src_cls_loss	: 0.1211
-------------------------------------
[Epoch : 24/40]
Src_cls_loss	: 0.1165
-------------------------------------
[Epoch : 25/40]
Src_cls_loss	: 0.1126
-------------------------------------
[Epoch : 26/40]
Src_cls_loss	: 0.1099
-------------------------------------
[Epoch : 27/40]
Src_cls_loss	: 0.1066
-------------------------------------
[Epoch : 28/40]
Src_cls_loss	: 0.1042
-------------------------------------
[Epoch : 29/40]
Src_cls_loss	: 0.1015
-------------------------------------
[Epoch : 30/40]
Src_cls_loss	: 0.0985
-------------------------------------
[Epoch : 31/40]
Src_cls_loss	: 0.0956
-------------------------------------
[Epoch : 32/40]
Src_cls_loss	: 0.0929
-------------------------------------
[Epoch : 33/40]
Src_cls_loss	: 0.0903
-------------------------------------
[Epoch : 34/40]
Src_cls_loss	: 0.0878
-------------------------------------
[Epoch : 35/40]
Src_cls_loss	: 0.0857
-------------------------------------
[Epoch : 36/40]
Src_cls_loss	: 0.0839
-------------------------------------
[Epoch : 37/40]
Src_cls_loss	: 0.0820
-------------------------------------
[Epoch : 38/40]
Src_cls_loss	: 0.0801
-------------------------------------
[Epoch : 39/40]
Src_cls_loss	: 0.0783
-------------------------------------
[Epoch : 40/40]
Src_cls_loss	: 0.0765
-------------------------------------
