=============================================
Dataset: realworld_mobiact
Method:  DANN
=============================================
Source: df ---> Target: dp_wal_64
Run ID: 0
=============================================
[Epoch : 1/40]
Total_loss	: 5.2984
Domain_loss	: 1.1284
Src_cls_loss	: 0.4474
-------------------------------------
[Epoch : 2/40]
Total_loss	: 5.0341
Domain_loss	: 1.1820
Src_cls_loss	: 0.3708
-------------------------------------
[Epoch : 3/40]
Total_loss	: 4.8635
Domain_loss	: 1.2061
Src_cls_loss	: 0.3265
-------------------------------------
[Epoch : 4/40]
Total_loss	: 4.7898
Domain_loss	: 1.2292
Src_cls_loss	: 0.3011
-------------------------------------
[Epoch : 5/40]
Total_loss	: 4.7327
Domain_loss	: 1.2482
Src_cls_loss	: 0.2809
-------------------------------------
[Epoch : 6/40]
Total_loss	: 4.6731
Domain_loss	: 1.2589
Src_cls_loss	: 0.2643
-------------------------------------
[Epoch : 7/40]
Total_loss	: 4.6288
Domain_loss	: 1.2672
Src_cls_loss	: 0.2518
-------------------------------------
[Epoch : 8/40]
Total_loss	: 4.5839
Domain_loss	: 1.2732
Src_cls_loss	: 0.2403
-------------------------------------
[Epoch : 9/40]
Total_loss	: 4.5570
Domain_loss	: 1.2807
Src_cls_loss	: 0.2315
-------------------------------------
[Epoch : 10/40]
Total_loss	: 4.5309
Domain_loss	: 1.2885
Src_cls_loss	: 0.2227
-------------------------------------
[Epoch : 11/40]
Total_loss	: 4.5114
Domain_loss	: 1.2968
Src_cls_loss	: 0.2149
-------------------------------------
[Epoch : 12/40]
Total_loss	: 4.4894
Domain_loss	: 1.3032
Src_cls_loss	: 0.2076
-------------------------------------
[Epoch : 13/40]
Total_loss	: 4.4660
Domain_loss	: 1.3071
Src_cls_loss	: 0.2012
-------------------------------------
[Epoch : 14/40]
Total_loss	: 4.4423
Domain_loss	: 1.3103
Src_cls_loss	: 0.1951
-------------------------------------
[Epoch : 15/40]
Total_loss	: 4.4271
Domain_loss	: 1.3145
Src_cls_loss	: 0.1902
-------------------------------------
[Epoch : 16/40]
Total_loss	: 4.4097
Domain_loss	: 1.3184
Src_cls_loss	: 0.1849
-------------------------------------
[Epoch : 17/40]
Total_loss	: 4.3937
Domain_loss	: 1.3215
Src_cls_loss	: 0.1804
-------------------------------------
[Epoch : 18/40]
Total_loss	: 4.3778
Domain_loss	: 1.3242
Src_cls_loss	: 0.1760
-------------------------------------
[Epoch : 19/40]
Total_loss	: 4.3606
Domain_loss	: 1.3256
Src_cls_loss	: 0.1721
-------------------------------------
[Epoch : 20/40]
Total_loss	: 4.3450
Domain_loss	: 1.3269
Src_cls_loss	: 0.1685
-------------------------------------
[Epoch : 21/40]
Total_loss	: 4.3318
Domain_loss	: 1.3289
Src_cls_loss	: 0.1650
-------------------------------------
[Epoch : 22/40]
Total_loss	: 4.3198
Domain_loss	: 1.3315
Src_cls_loss	: 0.1614
-------------------------------------
[Epoch : 23/40]
Total_loss	: 4.3079
Domain_loss	: 1.3337
Src_cls_loss	: 0.1581
-------------------------------------
[Epoch : 24/40]
Total_loss	: 4.2962
Domain_loss	: 1.3358
Src_cls_loss	: 0.1548
-------------------------------------
[Epoch : 25/40]
Total_loss	: 4.2861
Domain_loss	: 1.3378
Src_cls_loss	: 0.1519
-------------------------------------
[Epoch : 26/40]
Total_loss	: 4.2747
Domain_loss	: 1.3390
Src_cls_loss	: 0.1492
-------------------------------------
[Epoch : 27/40]
Total_loss	: 4.2631
Domain_loss	: 1.3406
Src_cls_loss	: 0.1462
-------------------------------------
[Epoch : 28/40]
Total_loss	: 4.2535
Domain_loss	: 1.3420
Src_cls_loss	: 0.1437
-------------------------------------
[Epoch : 29/40]
Total_loss	: 4.2444
Domain_loss	: 1.3434
Src_cls_loss	: 0.1412
-------------------------------------
[Epoch : 30/40]
Total_loss	: 4.2342
Domain_loss	: 1.3444
Src_cls_loss	: 0.1388
-------------------------------------
[Epoch : 31/40]
Total_loss	: 4.2232
Domain_loss	: 1.3446
Src_cls_loss	: 0.1366
-------------------------------------
[Epoch : 32/40]
Total_loss	: 4.2148
Domain_loss	: 1.3454
Src_cls_loss	: 0.1347
-------------------------------------
[Epoch : 33/40]
Total_loss	: 4.2066
Domain_loss	: 1.3464
Src_cls_loss	: 0.1326
-------------------------------------
[Epoch : 34/40]
Total_loss	: 4.1989
Domain_loss	: 1.3472
Src_cls_loss	: 0.1307
-------------------------------------
[Epoch : 35/40]
Total_loss	: 4.1909
Domain_loss	: 1.3480
Src_cls_loss	: 0.1288
-------------------------------------
[Epoch : 36/40]
Total_loss	: 4.1835
Domain_loss	: 1.3486
Src_cls_loss	: 0.1271
-------------------------------------
[Epoch : 37/40]
Total_loss	: 4.1757
Domain_loss	: 1.3488
Src_cls_loss	: 0.1255
-------------------------------------
[Epoch : 38/40]
Total_loss	: 4.1687
Domain_loss	: 1.3494
Src_cls_loss	: 0.1239
-------------------------------------
[Epoch : 39/40]
Total_loss	: 4.1604
Domain_loss	: 1.3490
Src_cls_loss	: 0.1226
-------------------------------------
[Epoch : 40/40]
Total_loss	: 4.1546
Domain_loss	: 1.3493
Src_cls_loss	: 0.1213
-------------------------------------
