=============================================
Dataset: pamap_mobiact
Method:  NO_ADAPT
=============================================
Source: syn_61 ---> Target: dp_61
Run ID: 1
=============================================
[Epoch : 1/40]
Src_cls_loss	: 0.7434
-------------------------------------
[Epoch : 2/40]
Src_cls_loss	: 0.6159
-------------------------------------
[Epoch : 3/40]
Src_cls_loss	: 0.5135
-------------------------------------
[Epoch : 4/40]
Src_cls_loss	: 0.4407
-------------------------------------
[Epoch : 5/40]
Src_cls_loss	: 0.3846
-------------------------------------
[Epoch : 6/40]
Src_cls_loss	: 0.3404
-------------------------------------
[Epoch : 7/40]
Src_cls_loss	: 0.3040
-------------------------------------
[Epoch : 8/40]
Src_cls_loss	: 0.2718
-------------------------------------
[Epoch : 9/40]
Src_cls_loss	: 0.2479
-------------------------------------
[Epoch : 10/40]
Src_cls_loss	: 0.2281
-------------------------------------
[Epoch : 11/40]
Src_cls_loss	: 0.2113
-------------------------------------
[Epoch : 12/40]
Src_cls_loss	: 0.1967
-------------------------------------
[Epoch : 13/40]
Src_cls_loss	: 0.1841
-------------------------------------
[Epoch : 14/40]
Src_cls_loss	: 0.1721
-------------------------------------
[Epoch : 15/40]
Src_cls_loss	: 0.1618
-------------------------------------
[Epoch : 16/40]
Src_cls_loss	: 0.1528
-------------------------------------
[Epoch : 17/40]
Src_cls_loss	: 0.1451
-------------------------------------
[Epoch : 18/40]
Src_cls_loss	: 0.1383
-------------------------------------
[Epoch : 19/40]
Src_cls_loss	: 0.1320
-------------------------------------
[Epoch : 20/40]
Src_cls_loss	: 0.1264
-------------------------------------
[Epoch : 21/40]
Src_cls_loss	: 0.1213
-------------------------------------
[Epoch : 22/40]
Src_cls_loss	: 0.1165
-------------------------------------
[Epoch : 23/40]
Src_cls_loss	: 0.1121
-------------------------------------
[Epoch : 24/40]
Src_cls_loss	: 0.1080
-------------------------------------
[Epoch : 25/40]
Src_cls_loss	: 0.1041
-------------------------------------
[Epoch : 26/40]
Src_cls_loss	: 0.1006
-------------------------------------
[Epoch : 27/40]
Src_cls_loss	: 0.0972
-------------------------------------
[Epoch : 28/40]
Src_cls_loss	: 0.0940
-------------------------------------
[Epoch : 29/40]
Src_cls_loss	: 0.0911
-------------------------------------
[Epoch : 30/40]
Src_cls_loss	: 0.0883
-------------------------------------
[Epoch : 31/40]
Src_cls_loss	: 0.0857
-------------------------------------
[Epoch : 32/40]
Src_cls_loss	: 0.0833
-------------------------------------
[Epoch : 33/40]
Src_cls_loss	: 0.0813
-------------------------------------
[Epoch : 34/40]
Src_cls_loss	: 0.0792
-------------------------------------
[Epoch : 35/40]
Src_cls_loss	: 0.0772
-------------------------------------
[Epoch : 36/40]
Src_cls_loss	: 0.0752
-------------------------------------
[Epoch : 37/40]
Src_cls_loss	: 0.0733
-------------------------------------
[Epoch : 38/40]
Src_cls_loss	: 0.0715
-------------------------------------
[Epoch : 39/40]
Src_cls_loss	: 0.0698
-------------------------------------
[Epoch : 40/40]
Src_cls_loss	: 0.0683
-------------------------------------
