=============================================
Dataset: realworld_mobiact
Method:  DANN
=============================================
Source: df ---> Target: dp_wal_70
Run ID: 0
=============================================
[Epoch : 1/40]
Total_loss	: 5.4032
Domain_loss	: 1.2237
Src_cls_loss	: 0.4202
-------------------------------------
[Epoch : 2/40]
Total_loss	: 5.0934
Domain_loss	: 1.2353
Src_cls_loss	: 0.3557
-------------------------------------
[Epoch : 3/40]
Total_loss	: 4.9236
Domain_loss	: 1.2512
Src_cls_loss	: 0.3156
-------------------------------------
[Epoch : 4/40]
Total_loss	: 4.8164
Domain_loss	: 1.2576
Src_cls_loss	: 0.2921
-------------------------------------
[Epoch : 5/40]
Total_loss	: 4.7411
Domain_loss	: 1.2647
Src_cls_loss	: 0.2743
-------------------------------------
[Epoch : 6/40]
Total_loss	: 4.6878
Domain_loss	: 1.2727
Src_cls_loss	: 0.2603
-------------------------------------
[Epoch : 7/40]
Total_loss	: 4.6446
Domain_loss	: 1.2814
Src_cls_loss	: 0.2478
-------------------------------------
[Epoch : 8/40]
Total_loss	: 4.6074
Domain_loss	: 1.2893
Src_cls_loss	: 0.2368
-------------------------------------
[Epoch : 9/40]
Total_loss	: 4.5793
Domain_loss	: 1.2955
Src_cls_loss	: 0.2284
-------------------------------------
[Epoch : 10/40]
Total_loss	: 4.5519
Domain_loss	: 1.3013
Src_cls_loss	: 0.2204
-------------------------------------
[Epoch : 11/40]
Total_loss	: 4.5265
Domain_loss	: 1.3060
Src_cls_loss	: 0.2132
-------------------------------------
[Epoch : 12/40]
Total_loss	: 4.5047
Domain_loss	: 1.3092
Src_cls_loss	: 0.2075
-------------------------------------
[Epoch : 13/40]
Total_loss	: 4.4817
Domain_loss	: 1.3124
Src_cls_loss	: 0.2015
-------------------------------------
[Epoch : 14/40]
Total_loss	: 4.4596
Domain_loss	: 1.3158
Src_cls_loss	: 0.1957
-------------------------------------
[Epoch : 15/40]
Total_loss	: 4.4454
Domain_loss	: 1.3196
Src_cls_loss	: 0.1911
-------------------------------------
[Epoch : 16/40]
Total_loss	: 4.4269
Domain_loss	: 1.3234
Src_cls_loss	: 0.1858
-------------------------------------
[Epoch : 17/40]
Total_loss	: 4.4110
Domain_loss	: 1.3266
Src_cls_loss	: 0.1811
-------------------------------------
[Epoch : 18/40]
Total_loss	: 4.3942
Domain_loss	: 1.3296
Src_cls_loss	: 0.1765
-------------------------------------
[Epoch : 19/40]
Total_loss	: 4.3792
Domain_loss	: 1.3324
Src_cls_loss	: 0.1723
-------------------------------------
[Epoch : 20/40]
Total_loss	: 4.3636
Domain_loss	: 1.3346
Src_cls_loss	: 0.1682
-------------------------------------
[Epoch : 21/40]
Total_loss	: 4.3505
Domain_loss	: 1.3365
Src_cls_loss	: 0.1647
-------------------------------------
[Epoch : 22/40]
Total_loss	: 4.3344
Domain_loss	: 1.3368
Src_cls_loss	: 0.1616
-------------------------------------
[Epoch : 23/40]
Total_loss	: 4.3191
Domain_loss	: 1.3373
Src_cls_loss	: 0.1584
-------------------------------------
[Epoch : 24/40]
Total_loss	: 4.3039
Domain_loss	: 1.3366
Src_cls_loss	: 0.1559
-------------------------------------
[Epoch : 25/40]
Total_loss	: 4.2907
Domain_loss	: 1.3365
Src_cls_loss	: 0.1534
-------------------------------------
[Epoch : 26/40]
Total_loss	: 4.2810
Domain_loss	: 1.3364
Src_cls_loss	: 0.1517
-------------------------------------
[Epoch : 27/40]
Total_loss	: 4.2691
Domain_loss	: 1.3367
Src_cls_loss	: 0.1492
-------------------------------------
[Epoch : 28/40]
Total_loss	: 4.2587
Domain_loss	: 1.3369
Src_cls_loss	: 0.1471
-------------------------------------
[Epoch : 29/40]
Total_loss	: 4.2496
Domain_loss	: 1.3376
Src_cls_loss	: 0.1451
-------------------------------------
[Epoch : 30/40]
Total_loss	: 4.2408
Domain_loss	: 1.3385
Src_cls_loss	: 0.1430
-------------------------------------
[Epoch : 31/40]
Total_loss	: 4.2319
Domain_loss	: 1.3396
Src_cls_loss	: 0.1407
-------------------------------------
[Epoch : 32/40]
Total_loss	: 4.2232
Domain_loss	: 1.3406
Src_cls_loss	: 0.1386
-------------------------------------
[Epoch : 33/40]
Total_loss	: 4.2155
Domain_loss	: 1.3416
Src_cls_loss	: 0.1366
-------------------------------------
[Epoch : 34/40]
Total_loss	: 4.2075
Domain_loss	: 1.3426
Src_cls_loss	: 0.1346
-------------------------------------
[Epoch : 35/40]
Total_loss	: 4.1994
Domain_loss	: 1.3434
Src_cls_loss	: 0.1327
-------------------------------------
[Epoch : 36/40]
Total_loss	: 4.1932
Domain_loss	: 1.3443
Src_cls_loss	: 0.1311
-------------------------------------
[Epoch : 37/40]
Total_loss	: 4.1860
Domain_loss	: 1.3452
Src_cls_loss	: 0.1293
-------------------------------------
[Epoch : 38/40]
Total_loss	: 4.1785
Domain_loss	: 1.3458
Src_cls_loss	: 0.1275
-------------------------------------
[Epoch : 39/40]
Total_loss	: 4.1727
Domain_loss	: 1.3468
Src_cls_loss	: 0.1259
-------------------------------------
[Epoch : 40/40]
Total_loss	: 4.1664
Domain_loss	: 1.3477
Src_cls_loss	: 0.1243
-------------------------------------
