=============================================
Dataset: pamap_mobiact
Method:  SYN
=============================================
Source: syn_wal_62 ---> Target: dp_wal_62
Run ID: 4
=============================================
[Epoch : 1/40]
Src_cls_loss	: 0.6627
-------------------------------------
[Epoch : 2/40]
Src_cls_loss	: 0.5053
-------------------------------------
[Epoch : 3/40]
Src_cls_loss	: 0.4115
-------------------------------------
[Epoch : 4/40]
Src_cls_loss	: 0.3448
-------------------------------------
[Epoch : 5/40]
Src_cls_loss	: 0.2966
-------------------------------------
[Epoch : 6/40]
Src_cls_loss	: 0.2590
-------------------------------------
[Epoch : 7/40]
Src_cls_loss	: 0.2297
-------------------------------------
[Epoch : 8/40]
Src_cls_loss	: 0.2079
-------------------------------------
[Epoch : 9/40]
Src_cls_loss	: 0.1905
-------------------------------------
[Epoch : 10/40]
Src_cls_loss	: 0.1751
-------------------------------------
[Epoch : 11/40]
Src_cls_loss	: 0.1622
-------------------------------------
[Epoch : 12/40]
Src_cls_loss	: 0.1510
-------------------------------------
[Epoch : 13/40]
Src_cls_loss	: 0.1412
-------------------------------------
[Epoch : 14/40]
Src_cls_loss	: 0.1322
-------------------------------------
[Epoch : 15/40]
Src_cls_loss	: 0.1253
-------------------------------------
[Epoch : 16/40]
Src_cls_loss	: 0.1191
-------------------------------------
[Epoch : 17/40]
Src_cls_loss	: 0.1135
-------------------------------------
[Epoch : 18/40]
Src_cls_loss	: 0.1085
-------------------------------------
[Epoch : 19/40]
Src_cls_loss	: 0.1045
-------------------------------------
[Epoch : 20/40]
Src_cls_loss	: 0.1003
-------------------------------------
[Epoch : 21/40]
Src_cls_loss	: 0.0959
-------------------------------------
[Epoch : 22/40]
Src_cls_loss	: 0.0920
-------------------------------------
[Epoch : 23/40]
Src_cls_loss	: 0.0884
-------------------------------------
[Epoch : 24/40]
Src_cls_loss	: 0.0851
-------------------------------------
[Epoch : 25/40]
Src_cls_loss	: 0.0819
-------------------------------------
[Epoch : 26/40]
Src_cls_loss	: 0.0789
-------------------------------------
[Epoch : 27/40]
Src_cls_loss	: 0.0763
-------------------------------------
[Epoch : 28/40]
Src_cls_loss	: 0.0739
-------------------------------------
[Epoch : 29/40]
Src_cls_loss	: 0.0716
-------------------------------------
[Epoch : 30/40]
Src_cls_loss	: 0.0694
-------------------------------------
[Epoch : 31/40]
Src_cls_loss	: 0.0674
-------------------------------------
[Epoch : 32/40]
Src_cls_loss	: 0.0654
-------------------------------------
[Epoch : 33/40]
Src_cls_loss	: 0.0637
-------------------------------------
[Epoch : 34/40]
Src_cls_loss	: 0.0620
-------------------------------------
[Epoch : 35/40]
Src_cls_loss	: 0.0604
-------------------------------------
[Epoch : 36/40]
Src_cls_loss	: 0.0589
-------------------------------------
[Epoch : 37/40]
Src_cls_loss	: 0.0575
-------------------------------------
[Epoch : 38/40]
Src_cls_loss	: 0.0563
-------------------------------------
[Epoch : 39/40]
Src_cls_loss	: 0.0551
-------------------------------------
[Epoch : 40/40]
Src_cls_loss	: 0.0538
-------------------------------------
