=============================================
Dataset: realworld_mobiact
Method:  SYN
=============================================
Source: syn_wal_54 ---> Target: dp_wal_54
Run ID: 6
=============================================
[Epoch : 1/40]
Src_cls_loss	: 0.9018
-------------------------------------
[Epoch : 2/40]
Src_cls_loss	: 0.7382
-------------------------------------
[Epoch : 3/40]
Src_cls_loss	: 0.5960
-------------------------------------
[Epoch : 4/40]
Src_cls_loss	: 0.4882
-------------------------------------
[Epoch : 5/40]
Src_cls_loss	: 0.4121
-------------------------------------
[Epoch : 6/40]
Src_cls_loss	: 0.3545
-------------------------------------
[Epoch : 7/40]
Src_cls_loss	: 0.3122
-------------------------------------
[Epoch : 8/40]
Src_cls_loss	: 0.2784
-------------------------------------
[Epoch : 9/40]
Src_cls_loss	: 0.2514
-------------------------------------
[Epoch : 10/40]
Src_cls_loss	: 0.2290
-------------------------------------
[Epoch : 11/40]
Src_cls_loss	: 0.2105
-------------------------------------
[Epoch : 12/40]
Src_cls_loss	: 0.1946
-------------------------------------
[Epoch : 13/40]
Src_cls_loss	: 0.1808
-------------------------------------
[Epoch : 14/40]
Src_cls_loss	: 0.1686
-------------------------------------
[Epoch : 15/40]
Src_cls_loss	: 0.1580
-------------------------------------
[Epoch : 16/40]
Src_cls_loss	: 0.1487
-------------------------------------
[Epoch : 17/40]
Src_cls_loss	: 0.1406
-------------------------------------
[Epoch : 18/40]
Src_cls_loss	: 0.1334
-------------------------------------
[Epoch : 19/40]
Src_cls_loss	: 0.1269
-------------------------------------
[Epoch : 20/40]
Src_cls_loss	: 0.1210
-------------------------------------
[Epoch : 21/40]
Src_cls_loss	: 0.1155
-------------------------------------
[Epoch : 22/40]
Src_cls_loss	: 0.1105
-------------------------------------
[Epoch : 23/40]
Src_cls_loss	: 0.1061
-------------------------------------
[Epoch : 24/40]
Src_cls_loss	: 0.1019
-------------------------------------
[Epoch : 25/40]
Src_cls_loss	: 0.0984
-------------------------------------
[Epoch : 26/40]
Src_cls_loss	: 0.0949
-------------------------------------
[Epoch : 27/40]
Src_cls_loss	: 0.0916
-------------------------------------
[Epoch : 28/40]
Src_cls_loss	: 0.0885
-------------------------------------
[Epoch : 29/40]
Src_cls_loss	: 0.0856
-------------------------------------
[Epoch : 30/40]
Src_cls_loss	: 0.0828
-------------------------------------
[Epoch : 31/40]
Src_cls_loss	: 0.0803
-------------------------------------
[Epoch : 32/40]
Src_cls_loss	: 0.0778
-------------------------------------
[Epoch : 33/40]
Src_cls_loss	: 0.0756
-------------------------------------
[Epoch : 34/40]
Src_cls_loss	: 0.0735
-------------------------------------
[Epoch : 35/40]
Src_cls_loss	: 0.0716
-------------------------------------
[Epoch : 36/40]
Src_cls_loss	: 0.0698
-------------------------------------
[Epoch : 37/40]
Src_cls_loss	: 0.0681
-------------------------------------
[Epoch : 38/40]
Src_cls_loss	: 0.0664
-------------------------------------
[Epoch : 39/40]
Src_cls_loss	: 0.0648
-------------------------------------
[Epoch : 40/40]
Src_cls_loss	: 0.0633
-------------------------------------
