=============================================
Dataset: CWRU_Ball
Method:  TARGET_ONLY
=============================================
Source: 0 ---> Target: 6
Run ID: 0
=============================================
[Epoch : 1/40]
Trg_cls_loss	: 0.4533
-------------------------------------
[Epoch : 2/40]
Trg_cls_loss	: 0.2726
-------------------------------------
[Epoch : 3/40]
Trg_cls_loss	: 0.1962
-------------------------------------
[Epoch : 4/40]
Trg_cls_loss	: 0.1541
-------------------------------------
[Epoch : 5/40]
Trg_cls_loss	: 0.1275
-------------------------------------
[Epoch : 6/40]
Trg_cls_loss	: 0.1090
-------------------------------------
[Epoch : 7/40]
Trg_cls_loss	: 0.0953
-------------------------------------
[Epoch : 8/40]
Trg_cls_loss	: 0.0853
-------------------------------------
[Epoch : 9/40]
Trg_cls_loss	: 0.0768
Src_cls_loss	: 0.0000
-------------------------------------
[Epoch : 10/40]
Trg_cls_loss	: 0.0700
Src_cls_loss	: 0.0000
-------------------------------------
[Epoch : 11/40]
Trg_cls_loss	: 0.0649
Src_cls_loss	: 0.0000
-------------------------------------
[Epoch : 12/40]
Trg_cls_loss	: 0.0602
Src_cls_loss	: 0.0000
-------------------------------------
[Epoch : 13/40]
Trg_cls_loss	: 0.0559
Src_cls_loss	: 0.0000
-------------------------------------
[Epoch : 14/40]
Trg_cls_loss	: 0.0522
Src_cls_loss	: 0.0000
-------------------------------------
[Epoch : 15/40]
Trg_cls_loss	: 0.0489
Src_cls_loss	: 0.0000
-------------------------------------
[Epoch : 16/40]
Trg_cls_loss	: 0.0461
Src_cls_loss	: 0.0000
-------------------------------------
[Epoch : 17/40]
Trg_cls_loss	: 0.0440
Src_cls_loss	: 0.0000
-------------------------------------
[Epoch : 18/40]
Trg_cls_loss	: 0.0418
Src_cls_loss	: 0.0000
-------------------------------------
[Epoch : 19/40]
Trg_cls_loss	: 0.0397
Src_cls_loss	: 0.0000
-------------------------------------
[Epoch : 20/40]
Trg_cls_loss	: 0.0379
Src_cls_loss	: 0.0000
-------------------------------------
[Epoch : 21/40]
Trg_cls_loss	: 0.0361
Src_cls_loss	: 0.0000
-------------------------------------
[Epoch : 22/40]
Trg_cls_loss	: 0.0347
Src_cls_loss	: 0.0000
-------------------------------------
[Epoch : 23/40]
Trg_cls_loss	: 0.0332
Src_cls_loss	: 0.0000
-------------------------------------
[Epoch : 24/40]
Trg_cls_loss	: 0.0320
Src_cls_loss	: 0.0000
-------------------------------------
[Epoch : 25/40]
Trg_cls_loss	: 0.0309
Src_cls_loss	: 0.0000
-------------------------------------
[Epoch : 26/40]
Trg_cls_loss	: 0.0298
Src_cls_loss	: 0.0000
-------------------------------------
[Epoch : 27/40]
Trg_cls_loss	: 0.0289
Src_cls_loss	: 0.0000
-------------------------------------
[Epoch : 28/40]
Trg_cls_loss	: 0.0279
Src_cls_loss	: 0.0000
-------------------------------------
[Epoch : 29/40]
Trg_cls_loss	: 0.0270
Src_cls_loss	: 0.0000
-------------------------------------
[Epoch : 30/40]
Trg_cls_loss	: 0.0261
Src_cls_loss	: 0.0000
-------------------------------------
[Epoch : 31/40]
Trg_cls_loss	: 0.0253
Src_cls_loss	: 0.0000
-------------------------------------
[Epoch : 32/40]
Trg_cls_loss	: 0.0246
Src_cls_loss	: 0.0000
-------------------------------------
[Epoch : 33/40]
Trg_cls_loss	: 0.0239
Src_cls_loss	: 0.0000
-------------------------------------
[Epoch : 34/40]
Trg_cls_loss	: 0.0232
Src_cls_loss	: 0.0000
-------------------------------------
[Epoch : 35/40]
Trg_cls_loss	: 0.0226
Src_cls_loss	: 0.0000
-------------------------------------
[Epoch : 36/40]
Trg_cls_loss	: 0.0222
Src_cls_loss	: 0.0000
-------------------------------------
[Epoch : 37/40]
Trg_cls_loss	: 0.0220
Src_cls_loss	: 0.0000
-------------------------------------
[Epoch : 38/40]
Trg_cls_loss	: 0.0216
Src_cls_loss	: 0.0000
-------------------------------------
[Epoch : 39/40]
Trg_cls_loss	: 0.0211
Src_cls_loss	: 0.0000
-------------------------------------
[Epoch : 40/40]
Trg_cls_loss	: 0.0206
Src_cls_loss	: 0.0000
-------------------------------------
