=============================================
Dataset: realworld_mobiact
Method:  SYN
=============================================
Source: syn_wal_17 ---> Target: dp_wal_17
Run ID: 9
=============================================
[Epoch : 1/40]
Src_cls_loss	: 0.9031
-------------------------------------
[Epoch : 2/40]
Src_cls_loss	: 0.8030
-------------------------------------
[Epoch : 3/40]
Src_cls_loss	: 0.7006
-------------------------------------
[Epoch : 4/40]
Src_cls_loss	: 0.5964
-------------------------------------
[Epoch : 5/40]
Src_cls_loss	: 0.5102
-------------------------------------
[Epoch : 6/40]
Src_cls_loss	: 0.4461
-------------------------------------
[Epoch : 7/40]
Src_cls_loss	: 0.3939
-------------------------------------
[Epoch : 8/40]
Src_cls_loss	: 0.3518
-------------------------------------
[Epoch : 9/40]
Src_cls_loss	: 0.3177
-------------------------------------
[Epoch : 10/40]
Src_cls_loss	: 0.2897
-------------------------------------
[Epoch : 11/40]
Src_cls_loss	: 0.2671
-------------------------------------
[Epoch : 12/40]
Src_cls_loss	: 0.2470
-------------------------------------
[Epoch : 13/40]
Src_cls_loss	: 0.2294
-------------------------------------
[Epoch : 14/40]
Src_cls_loss	: 0.2141
-------------------------------------
[Epoch : 15/40]
Src_cls_loss	: 0.2009
-------------------------------------
[Epoch : 16/40]
Src_cls_loss	: 0.1892
-------------------------------------
[Epoch : 17/40]
Src_cls_loss	: 0.1786
-------------------------------------
[Epoch : 18/40]
Src_cls_loss	: 0.1691
-------------------------------------
[Epoch : 19/40]
Src_cls_loss	: 0.1607
-------------------------------------
[Epoch : 20/40]
Src_cls_loss	: 0.1530
-------------------------------------
[Epoch : 21/40]
Src_cls_loss	: 0.1460
-------------------------------------
[Epoch : 22/40]
Src_cls_loss	: 0.1397
-------------------------------------
[Epoch : 23/40]
Src_cls_loss	: 0.1340
-------------------------------------
[Epoch : 24/40]
Src_cls_loss	: 0.1293
-------------------------------------
[Epoch : 25/40]
Src_cls_loss	: 0.1251
-------------------------------------
[Epoch : 26/40]
Src_cls_loss	: 0.1208
-------------------------------------
[Epoch : 27/40]
Src_cls_loss	: 0.1169
-------------------------------------
[Epoch : 28/40]
Src_cls_loss	: 0.1132
-------------------------------------
[Epoch : 29/40]
Src_cls_loss	: 0.1095
-------------------------------------
[Epoch : 30/40]
Src_cls_loss	: 0.1060
-------------------------------------
[Epoch : 31/40]
Src_cls_loss	: 0.1026
-------------------------------------
[Epoch : 32/40]
Src_cls_loss	: 0.0995
-------------------------------------
[Epoch : 33/40]
Src_cls_loss	: 0.0966
-------------------------------------
[Epoch : 34/40]
Src_cls_loss	: 0.0939
-------------------------------------
[Epoch : 35/40]
Src_cls_loss	: 0.0912
-------------------------------------
[Epoch : 36/40]
Src_cls_loss	: 0.0888
-------------------------------------
[Epoch : 37/40]
Src_cls_loss	: 0.0865
-------------------------------------
[Epoch : 38/40]
Src_cls_loss	: 0.0843
-------------------------------------
[Epoch : 39/40]
Src_cls_loss	: 0.0822
-------------------------------------
[Epoch : 40/40]
Src_cls_loss	: 0.0802
-------------------------------------
