=============================================
Dataset: realworld_mobiact
Method:  Deep_Coral
=============================================
Source: df ---> Target: dp_wal_75
Run ID: 0
=============================================
[Epoch : 1/40]
Total_loss	: 3.3776
Src_cls_loss	: 0.5060
coral_loss	: 0.0009
-------------------------------------
[Epoch : 2/40]
Total_loss	: 2.9274
Src_cls_loss	: 0.4385
coral_loss	: 0.0009
-------------------------------------
[Epoch : 3/40]
Total_loss	: 2.6588
Src_cls_loss	: 0.3983
coral_loss	: 0.0008
-------------------------------------
[Epoch : 4/40]
Total_loss	: 2.4880
Src_cls_loss	: 0.3727
coral_loss	: 0.0007
-------------------------------------
[Epoch : 5/40]
Total_loss	: 2.3554
Src_cls_loss	: 0.3529
coral_loss	: 0.0007
-------------------------------------
[Epoch : 6/40]
Total_loss	: 2.2517
Src_cls_loss	: 0.3373
coral_loss	: 0.0006
-------------------------------------
[Epoch : 7/40]
Total_loss	: 2.1594
Src_cls_loss	: 0.3235
coral_loss	: 0.0006
-------------------------------------
[Epoch : 8/40]
Total_loss	: 2.0805
Src_cls_loss	: 0.3117
coral_loss	: 0.0006
-------------------------------------
[Epoch : 9/40]
Total_loss	: 2.0079
Src_cls_loss	: 0.3008
coral_loss	: 0.0005
-------------------------------------
[Epoch : 10/40]
Total_loss	: 1.9441
Src_cls_loss	: 0.2913
coral_loss	: 0.0005
-------------------------------------
[Epoch : 11/40]
Total_loss	: 1.8838
Src_cls_loss	: 0.2822
coral_loss	: 0.0005
-------------------------------------
[Epoch : 12/40]
Total_loss	: 1.8335
Src_cls_loss	: 0.2747
coral_loss	: 0.0005
-------------------------------------
[Epoch : 13/40]
Total_loss	: 1.7934
Src_cls_loss	: 0.2687
coral_loss	: 0.0005
-------------------------------------
[Epoch : 14/40]
Total_loss	: 1.7539
Src_cls_loss	: 0.2628
coral_loss	: 0.0005
-------------------------------------
[Epoch : 15/40]
Total_loss	: 1.7152
Src_cls_loss	: 0.2570
coral_loss	: 0.0005
-------------------------------------
[Epoch : 16/40]
Total_loss	: 1.6811
Src_cls_loss	: 0.2519
coral_loss	: 0.0005
-------------------------------------
[Epoch : 17/40]
Total_loss	: 1.6524
Src_cls_loss	: 0.2476
coral_loss	: 0.0005
-------------------------------------
[Epoch : 18/40]
Total_loss	: 1.6253
Src_cls_loss	: 0.2435
coral_loss	: 0.0004
-------------------------------------
[Epoch : 19/40]
Total_loss	: 1.5971
Src_cls_loss	: 0.2393
coral_loss	: 0.0004
-------------------------------------
[Epoch : 20/40]
Total_loss	: 1.5738
Src_cls_loss	: 0.2358
coral_loss	: 0.0004
-------------------------------------
[Epoch : 21/40]
Total_loss	: 1.5515
Src_cls_loss	: 0.2324
coral_loss	: 0.0004
-------------------------------------
[Epoch : 22/40]
Total_loss	: 1.5299
Src_cls_loss	: 0.2292
coral_loss	: 0.0004
-------------------------------------
[Epoch : 23/40]
Total_loss	: 1.5090
Src_cls_loss	: 0.2260
coral_loss	: 0.0004
-------------------------------------
[Epoch : 24/40]
Total_loss	: 1.4888
Src_cls_loss	: 0.2230
coral_loss	: 0.0004
-------------------------------------
[Epoch : 25/40]
Total_loss	: 1.4684
Src_cls_loss	: 0.2200
coral_loss	: 0.0004
-------------------------------------
[Epoch : 26/40]
Total_loss	: 1.4490
Src_cls_loss	: 0.2171
coral_loss	: 0.0004
-------------------------------------
[Epoch : 27/40]
Total_loss	: 1.4321
Src_cls_loss	: 0.2145
coral_loss	: 0.0004
-------------------------------------
[Epoch : 28/40]
Total_loss	: 1.4133
Src_cls_loss	: 0.2117
coral_loss	: 0.0004
-------------------------------------
[Epoch : 29/40]
Total_loss	: 1.3965
Src_cls_loss	: 0.2092
coral_loss	: 0.0004
-------------------------------------
[Epoch : 30/40]
Total_loss	: 1.3811
Src_cls_loss	: 0.2069
coral_loss	: 0.0004
-------------------------------------
[Epoch : 31/40]
Total_loss	: 1.3663
Src_cls_loss	: 0.2047
coral_loss	: 0.0004
-------------------------------------
[Epoch : 32/40]
Total_loss	: 1.3527
Src_cls_loss	: 0.2026
coral_loss	: 0.0004
-------------------------------------
[Epoch : 33/40]
Total_loss	: 1.3372
Src_cls_loss	: 0.2003
coral_loss	: 0.0004
-------------------------------------
[Epoch : 34/40]
Total_loss	: 1.3237
Src_cls_loss	: 0.1983
coral_loss	: 0.0004
-------------------------------------
[Epoch : 35/40]
Total_loss	: 1.3104
Src_cls_loss	: 0.1963
coral_loss	: 0.0004
-------------------------------------
[Epoch : 36/40]
Total_loss	: 1.2984
Src_cls_loss	: 0.1945
coral_loss	: 0.0004
-------------------------------------
[Epoch : 37/40]
Total_loss	: 1.2857
Src_cls_loss	: 0.1926
coral_loss	: 0.0004
-------------------------------------
[Epoch : 38/40]
Total_loss	: 1.2743
Src_cls_loss	: 0.1909
coral_loss	: 0.0004
-------------------------------------
[Epoch : 39/40]
Total_loss	: 1.2633
Src_cls_loss	: 0.1892
coral_loss	: 0.0004
-------------------------------------
[Epoch : 40/40]
Total_loss	: 1.2529
Src_cls_loss	: 0.1877
coral_loss	: 0.0004
-------------------------------------
