=============================================
Dataset: realworld_mobiact
Method:  SYN
=============================================
Source: syn_wal_28 ---> Target: dp_wal_28
Run ID: 0
=============================================
[Epoch : 1/40]
Src_cls_loss	: 0.8453
-------------------------------------
[Epoch : 2/40]
Src_cls_loss	: 0.6957
-------------------------------------
[Epoch : 3/40]
Src_cls_loss	: 0.5603
-------------------------------------
[Epoch : 4/40]
Src_cls_loss	: 0.4531
-------------------------------------
[Epoch : 5/40]
Src_cls_loss	: 0.3787
-------------------------------------
[Epoch : 6/40]
Src_cls_loss	: 0.3252
-------------------------------------
[Epoch : 7/40]
Src_cls_loss	: 0.2842
-------------------------------------
[Epoch : 8/40]
Src_cls_loss	: 0.2524
-------------------------------------
[Epoch : 9/40]
Src_cls_loss	: 0.2276
-------------------------------------
[Epoch : 10/40]
Src_cls_loss	: 0.2069
-------------------------------------
[Epoch : 11/40]
Src_cls_loss	: 0.1895
-------------------------------------
[Epoch : 12/40]
Src_cls_loss	: 0.1751
-------------------------------------
[Epoch : 13/40]
Src_cls_loss	: 0.1627
-------------------------------------
[Epoch : 14/40]
Src_cls_loss	: 0.1520
-------------------------------------
[Epoch : 15/40]
Src_cls_loss	: 0.1425
-------------------------------------
[Epoch : 16/40]
Src_cls_loss	: 0.1341
-------------------------------------
[Epoch : 17/40]
Src_cls_loss	: 0.1270
-------------------------------------
[Epoch : 18/40]
Src_cls_loss	: 0.1207
-------------------------------------
[Epoch : 19/40]
Src_cls_loss	: 0.1150
-------------------------------------
[Epoch : 20/40]
Src_cls_loss	: 0.1098
-------------------------------------
[Epoch : 21/40]
Src_cls_loss	: 0.1049
-------------------------------------
[Epoch : 22/40]
Src_cls_loss	: 0.1006
-------------------------------------
[Epoch : 23/40]
Src_cls_loss	: 0.0966
-------------------------------------
[Epoch : 24/40]
Src_cls_loss	: 0.0928
-------------------------------------
[Epoch : 25/40]
Src_cls_loss	: 0.0893
-------------------------------------
[Epoch : 26/40]
Src_cls_loss	: 0.0860
-------------------------------------
[Epoch : 27/40]
Src_cls_loss	: 0.0829
-------------------------------------
[Epoch : 28/40]
Src_cls_loss	: 0.0801
-------------------------------------
[Epoch : 29/40]
Src_cls_loss	: 0.0775
-------------------------------------
[Epoch : 30/40]
Src_cls_loss	: 0.0750
-------------------------------------
[Epoch : 31/40]
Src_cls_loss	: 0.0727
-------------------------------------
[Epoch : 32/40]
Src_cls_loss	: 0.0705
-------------------------------------
[Epoch : 33/40]
Src_cls_loss	: 0.0685
-------------------------------------
[Epoch : 34/40]
Src_cls_loss	: 0.0665
-------------------------------------
[Epoch : 35/40]
Src_cls_loss	: 0.0647
-------------------------------------
[Epoch : 36/40]
Src_cls_loss	: 0.0630
-------------------------------------
[Epoch : 37/40]
Src_cls_loss	: 0.0613
-------------------------------------
[Epoch : 38/40]
Src_cls_loss	: 0.0598
-------------------------------------
[Epoch : 39/40]
Src_cls_loss	: 0.0583
-------------------------------------
[Epoch : 40/40]
Src_cls_loss	: 0.0569
-------------------------------------
