=============================================
Dataset: CWRU_IR
Method:  NO_ADAPT
=============================================
Source: 0 ---> Target: 4
Run ID: 1
=============================================
[Epoch : 1/40]
Src_cls_loss	: 0.1303
-------------------------------------
[Epoch : 2/40]
Src_cls_loss	: 0.0711
-------------------------------------
[Epoch : 3/40]
Src_cls_loss	: 0.0497
-------------------------------------
[Epoch : 4/40]
Src_cls_loss	: 0.0384
-------------------------------------
[Epoch : 5/40]
Src_cls_loss	: 0.0313
-------------------------------------
[Epoch : 6/40]
Src_cls_loss	: 0.0265
-------------------------------------
[Epoch : 7/40]
Src_cls_loss	: 0.0231
-------------------------------------
[Epoch : 8/40]
Src_cls_loss	: 0.0205
-------------------------------------
[Epoch : 9/40]
Src_cls_loss	: 0.0185
-------------------------------------
[Epoch : 10/40]
Src_cls_loss	: 0.0170
-------------------------------------
[Epoch : 11/40]
Src_cls_loss	: 0.0160
-------------------------------------
[Epoch : 12/40]
Src_cls_loss	: 0.0149
-------------------------------------
[Epoch : 13/40]
Src_cls_loss	: 0.0141
-------------------------------------
[Epoch : 14/40]
Src_cls_loss	: 0.0132
-------------------------------------
[Epoch : 15/40]
Src_cls_loss	: 0.0125
-------------------------------------
[Epoch : 16/40]
Src_cls_loss	: 0.0118
-------------------------------------
[Epoch : 17/40]
Src_cls_loss	: 0.0112
-------------------------------------
[Epoch : 18/40]
Src_cls_loss	: 0.0108
-------------------------------------
[Epoch : 19/40]
Src_cls_loss	: 0.0103
-------------------------------------
[Epoch : 20/40]
Src_cls_loss	: 0.0098
-------------------------------------
[Epoch : 21/40]
Src_cls_loss	: 0.0094
-------------------------------------
[Epoch : 22/40]
Src_cls_loss	: 0.0090
-------------------------------------
[Epoch : 23/40]
Src_cls_loss	: 0.0089
-------------------------------------
[Epoch : 24/40]
Src_cls_loss	: 0.0086
-------------------------------------
[Epoch : 25/40]
Src_cls_loss	: 0.0083
-------------------------------------
[Epoch : 26/40]
Src_cls_loss	: 0.0080
-------------------------------------
[Epoch : 27/40]
Src_cls_loss	: 0.0078
-------------------------------------
[Epoch : 28/40]
Src_cls_loss	: 0.0076
-------------------------------------
[Epoch : 29/40]
Src_cls_loss	: 0.0075
-------------------------------------
[Epoch : 30/40]
Src_cls_loss	: 0.0073
-------------------------------------
[Epoch : 31/40]
Src_cls_loss	: 0.0071
-------------------------------------
[Epoch : 32/40]
Src_cls_loss	: 0.0070
-------------------------------------
[Epoch : 33/40]
Src_cls_loss	: 0.0068
-------------------------------------
[Epoch : 34/40]
Src_cls_loss	: 0.0067
-------------------------------------
[Epoch : 35/40]
Src_cls_loss	: 0.0066
-------------------------------------
[Epoch : 36/40]
Src_cls_loss	: 0.0065
-------------------------------------
[Epoch : 37/40]
Src_cls_loss	: 0.0064
-------------------------------------
[Epoch : 38/40]
Src_cls_loss	: 0.0062
-------------------------------------
[Epoch : 39/40]
Src_cls_loss	: 0.0061
-------------------------------------
[Epoch : 40/40]
Src_cls_loss	: 0.0060
-------------------------------------
