=============================================
Dataset: realworld_mobiact
Method:  NO_ADAPT
=============================================
Source: syn_44 ---> Target: real_44
Run ID: 0
=============================================
[Epoch : 1/100]
Src_cls_loss	: 1.4322
-------------------------------------
[Epoch : 2/100]
Src_cls_loss	: 1.2893
-------------------------------------
[Epoch : 3/100]
Src_cls_loss	: 1.1930
-------------------------------------
[Epoch : 4/100]
Src_cls_loss	: 1.1233
-------------------------------------
[Epoch : 5/100]
Src_cls_loss	: 1.0690
-------------------------------------
[Epoch : 6/100]
Src_cls_loss	: 1.0219
-------------------------------------
[Epoch : 7/100]
Src_cls_loss	: 0.9872
-------------------------------------
[Epoch : 8/100]
Src_cls_loss	: 0.9592
-------------------------------------
[Epoch : 9/100]
Src_cls_loss	: 0.9309
-------------------------------------
[Epoch : 10/100]
Src_cls_loss	: 0.9063
-------------------------------------
[Epoch : 11/100]
Src_cls_loss	: 0.8844
-------------------------------------
[Epoch : 12/100]
Src_cls_loss	: 0.8626
-------------------------------------
[Epoch : 13/100]
Src_cls_loss	: 0.8427
-------------------------------------
[Epoch : 14/100]
Src_cls_loss	: 0.8255
-------------------------------------
[Epoch : 15/100]
Src_cls_loss	: 0.8073
-------------------------------------
[Epoch : 16/100]
Src_cls_loss	: 0.7895
-------------------------------------
[Epoch : 17/100]
Src_cls_loss	: 0.7725
-------------------------------------
[Epoch : 18/100]
Src_cls_loss	: 0.7566
-------------------------------------
[Epoch : 19/100]
Src_cls_loss	: 0.7411
-------------------------------------
[Epoch : 20/100]
Src_cls_loss	: 0.7254
-------------------------------------
[Epoch : 21/100]
Src_cls_loss	: 0.7104
-------------------------------------
[Epoch : 22/100]
Src_cls_loss	: 0.6944
-------------------------------------
[Epoch : 23/100]
Src_cls_loss	: 0.6792
-------------------------------------
[Epoch : 24/100]
Src_cls_loss	: 0.6639
-------------------------------------
[Epoch : 25/100]
Src_cls_loss	: 0.6488
-------------------------------------
[Epoch : 26/100]
Src_cls_loss	: 0.6342
-------------------------------------
[Epoch : 27/100]
Src_cls_loss	: 0.6194
-------------------------------------
[Epoch : 28/100]
Src_cls_loss	: 0.6047
-------------------------------------
[Epoch : 29/100]
Src_cls_loss	: 0.5907
-------------------------------------
[Epoch : 30/100]
Src_cls_loss	: 0.5767
-------------------------------------
[Epoch : 31/100]
Src_cls_loss	: 0.5631
-------------------------------------
[Epoch : 32/100]
Src_cls_loss	: 0.5498
-------------------------------------
[Epoch : 33/100]
Src_cls_loss	: 0.5368
-------------------------------------
[Epoch : 34/100]
Src_cls_loss	: 0.5243
-------------------------------------
[Epoch : 35/100]
Src_cls_loss	: 0.5122
-------------------------------------
[Epoch : 36/100]
Src_cls_loss	: 0.5007
-------------------------------------
[Epoch : 37/100]
Src_cls_loss	: 0.4894
-------------------------------------
[Epoch : 38/100]
Src_cls_loss	: 0.4785
-------------------------------------
[Epoch : 39/100]
Src_cls_loss	: 0.4681
-------------------------------------
[Epoch : 40/100]
Src_cls_loss	: 0.4579
-------------------------------------
[Epoch : 41/100]
Src_cls_loss	: 0.4482
-------------------------------------
[Epoch : 42/100]
Src_cls_loss	: 0.4388
-------------------------------------
[Epoch : 43/100]
Src_cls_loss	: 0.4297
-------------------------------------
[Epoch : 44/100]
Src_cls_loss	: 0.4210
-------------------------------------
[Epoch : 45/100]
Src_cls_loss	: 0.4127
-------------------------------------
[Epoch : 46/100]
Src_cls_loss	: 0.4046
-------------------------------------
[Epoch : 47/100]
Src_cls_loss	: 0.3968
-------------------------------------
[Epoch : 48/100]
Src_cls_loss	: 0.3893
-------------------------------------
[Epoch : 49/100]
Src_cls_loss	: 0.3821
-------------------------------------
[Epoch : 50/100]
Src_cls_loss	: 0.3751
-------------------------------------
[Epoch : 51/100]
Src_cls_loss	: 0.3684
-------------------------------------
[Epoch : 52/100]
Src_cls_loss	: 0.3619
-------------------------------------
[Epoch : 53/100]
Src_cls_loss	: 0.3558
-------------------------------------
[Epoch : 54/100]
Src_cls_loss	: 0.3497
-------------------------------------
[Epoch : 55/100]
Src_cls_loss	: 0.3440
-------------------------------------
[Epoch : 56/100]
Src_cls_loss	: 0.3383
-------------------------------------
[Epoch : 57/100]
Src_cls_loss	: 0.3328
-------------------------------------
[Epoch : 58/100]
Src_cls_loss	: 0.3275
-------------------------------------
[Epoch : 59/100]
Src_cls_loss	: 0.3223
-------------------------------------
[Epoch : 60/100]
Src_cls_loss	: 0.3173
-------------------------------------
[Epoch : 61/100]
Src_cls_loss	: 0.3124
-------------------------------------
[Epoch : 62/100]
Src_cls_loss	: 0.3077
-------------------------------------
[Epoch : 63/100]
Src_cls_loss	: 0.3031
-------------------------------------
[Epoch : 64/100]
Src_cls_loss	: 0.2987
-------------------------------------
[Epoch : 65/100]
Src_cls_loss	: 0.2943
-------------------------------------
[Epoch : 66/100]
Src_cls_loss	: 0.2902
-------------------------------------
[Epoch : 67/100]
Src_cls_loss	: 0.2861
-------------------------------------
[Epoch : 68/100]
Src_cls_loss	: 0.2821
-------------------------------------
[Epoch : 69/100]
Src_cls_loss	: 0.2782
-------------------------------------
[Epoch : 70/100]
Src_cls_loss	: 0.2745
-------------------------------------
[Epoch : 71/100]
Src_cls_loss	: 0.2709
-------------------------------------
[Epoch : 72/100]
Src_cls_loss	: 0.2673
-------------------------------------
[Epoch : 73/100]
Src_cls_loss	: 0.2638
-------------------------------------
[Epoch : 74/100]
Src_cls_loss	: 0.2604
-------------------------------------
[Epoch : 75/100]
Src_cls_loss	: 0.2571
-------------------------------------
[Epoch : 76/100]
Src_cls_loss	: 0.2539
-------------------------------------
[Epoch : 77/100]
Src_cls_loss	: 0.2507
-------------------------------------
[Epoch : 78/100]
Src_cls_loss	: 0.2477
-------------------------------------
[Epoch : 79/100]
Src_cls_loss	: 0.2447
-------------------------------------
[Epoch : 80/100]
Src_cls_loss	: 0.2418
-------------------------------------
[Epoch : 81/100]
Src_cls_loss	: 0.2389
-------------------------------------
[Epoch : 82/100]
Src_cls_loss	: 0.2361
-------------------------------------
[Epoch : 83/100]
Src_cls_loss	: 0.2334
-------------------------------------
[Epoch : 84/100]
Src_cls_loss	: 0.2308
-------------------------------------
[Epoch : 85/100]
Src_cls_loss	: 0.2282
-------------------------------------
[Epoch : 86/100]
Src_cls_loss	: 0.2256
-------------------------------------
[Epoch : 87/100]
Src_cls_loss	: 0.2231
-------------------------------------
[Epoch : 88/100]
Src_cls_loss	: 0.2207
-------------------------------------
[Epoch : 89/100]
Src_cls_loss	: 0.2183
-------------------------------------
[Epoch : 90/100]
Src_cls_loss	: 0.2160
-------------------------------------
[Epoch : 91/100]
Src_cls_loss	: 0.2137
-------------------------------------
[Epoch : 92/100]
Src_cls_loss	: 0.2115
-------------------------------------
[Epoch : 93/100]
Src_cls_loss	: 0.2093
-------------------------------------
[Epoch : 94/100]
Src_cls_loss	: 0.2071
-------------------------------------
[Epoch : 95/100]
Src_cls_loss	: 0.2050
-------------------------------------
[Epoch : 96/100]
Src_cls_loss	: 0.2030
-------------------------------------
[Epoch : 97/100]
Src_cls_loss	: 0.2010
-------------------------------------
[Epoch : 98/100]
Src_cls_loss	: 0.1990
-------------------------------------
[Epoch : 99/100]
Src_cls_loss	: 0.1971
-------------------------------------
[Epoch : 100/100]
Src_cls_loss	: 0.1952
-------------------------------------
