=============================================
Dataset: realworld_mobiact
Method:  Deep_Coral
=============================================
Source: df ---> Target: dp_46
Run ID: 0
=============================================
[Epoch : 1/40]
Total_loss	: 3.3720
Src_cls_loss	: 0.5059
coral_loss	: 0.0002
-------------------------------------
[Epoch : 2/40]
Total_loss	: 2.9229
Src_cls_loss	: 0.4385
coral_loss	: 0.0002
-------------------------------------
[Epoch : 3/40]
Total_loss	: 2.6541
Src_cls_loss	: 0.3981
coral_loss	: 0.0002
-------------------------------------
[Epoch : 4/40]
Total_loss	: 2.4833
Src_cls_loss	: 0.3725
coral_loss	: 0.0002
-------------------------------------
[Epoch : 5/40]
Total_loss	: 2.3508
Src_cls_loss	: 0.3526
coral_loss	: 0.0002
-------------------------------------
[Epoch : 6/40]
Total_loss	: 2.2462
Src_cls_loss	: 0.3369
coral_loss	: 0.0002
-------------------------------------
[Epoch : 7/40]
Total_loss	: 2.1530
Src_cls_loss	: 0.3229
coral_loss	: 0.0002
-------------------------------------
[Epoch : 8/40]
Total_loss	: 2.0743
Src_cls_loss	: 0.3111
coral_loss	: 0.0002
-------------------------------------
[Epoch : 9/40]
Total_loss	: 2.0016
Src_cls_loss	: 0.3002
coral_loss	: 0.0002
-------------------------------------
[Epoch : 10/40]
Total_loss	: 1.9377
Src_cls_loss	: 0.2906
coral_loss	: 0.0002
-------------------------------------
[Epoch : 11/40]
Total_loss	: 1.8778
Src_cls_loss	: 0.2817
coral_loss	: 0.0002
-------------------------------------
[Epoch : 12/40]
Total_loss	: 1.8274
Src_cls_loss	: 0.2741
coral_loss	: 0.0002
-------------------------------------
[Epoch : 13/40]
Total_loss	: 1.7874
Src_cls_loss	: 0.2681
coral_loss	: 0.0002
-------------------------------------
[Epoch : 14/40]
Total_loss	: 1.7480
Src_cls_loss	: 0.2622
coral_loss	: 0.0002
-------------------------------------
[Epoch : 15/40]
Total_loss	: 1.7096
Src_cls_loss	: 0.2564
coral_loss	: 0.0002
-------------------------------------
[Epoch : 16/40]
Total_loss	: 1.6764
Src_cls_loss	: 0.2514
coral_loss	: 0.0002
-------------------------------------
[Epoch : 17/40]
Total_loss	: 1.6481
Src_cls_loss	: 0.2472
coral_loss	: 0.0002
-------------------------------------
[Epoch : 18/40]
Total_loss	: 1.6210
Src_cls_loss	: 0.2431
coral_loss	: 0.0002
-------------------------------------
[Epoch : 19/40]
Total_loss	: 1.5926
Src_cls_loss	: 0.2389
coral_loss	: 0.0002
-------------------------------------
[Epoch : 20/40]
Total_loss	: 1.5690
Src_cls_loss	: 0.2353
coral_loss	: 0.0002
-------------------------------------
[Epoch : 21/40]
Total_loss	: 1.5469
Src_cls_loss	: 0.2320
coral_loss	: 0.0002
-------------------------------------
[Epoch : 22/40]
Total_loss	: 1.5252
Src_cls_loss	: 0.2287
coral_loss	: 0.0002
-------------------------------------
[Epoch : 23/40]
Total_loss	: 1.5040
Src_cls_loss	: 0.2256
coral_loss	: 0.0002
-------------------------------------
[Epoch : 24/40]
Total_loss	: 1.4840
Src_cls_loss	: 0.2226
coral_loss	: 0.0002
-------------------------------------
[Epoch : 25/40]
Total_loss	: 1.4638
Src_cls_loss	: 0.2195
coral_loss	: 0.0001
-------------------------------------
[Epoch : 26/40]
Total_loss	: 1.4443
Src_cls_loss	: 0.2166
coral_loss	: 0.0001
-------------------------------------
[Epoch : 27/40]
Total_loss	: 1.4274
Src_cls_loss	: 0.2141
coral_loss	: 0.0001
-------------------------------------
[Epoch : 28/40]
Total_loss	: 1.4083
Src_cls_loss	: 0.2112
coral_loss	: 0.0001
-------------------------------------
[Epoch : 29/40]
Total_loss	: 1.3916
Src_cls_loss	: 0.2087
coral_loss	: 0.0001
-------------------------------------
[Epoch : 30/40]
Total_loss	: 1.3765
Src_cls_loss	: 0.2064
coral_loss	: 0.0001
-------------------------------------
[Epoch : 31/40]
Total_loss	: 1.3620
Src_cls_loss	: 0.2043
coral_loss	: 0.0001
-------------------------------------
[Epoch : 32/40]
Total_loss	: 1.3481
Src_cls_loss	: 0.2022
coral_loss	: 0.0001
-------------------------------------
[Epoch : 33/40]
Total_loss	: 1.3323
Src_cls_loss	: 0.1998
coral_loss	: 0.0001
-------------------------------------
[Epoch : 34/40]
Total_loss	: 1.3189
Src_cls_loss	: 0.1978
coral_loss	: 0.0001
-------------------------------------
[Epoch : 35/40]
Total_loss	: 1.3055
Src_cls_loss	: 0.1958
coral_loss	: 0.0001
-------------------------------------
[Epoch : 36/40]
Total_loss	: 1.2934
Src_cls_loss	: 0.1940
coral_loss	: 0.0001
-------------------------------------
[Epoch : 37/40]
Total_loss	: 1.2809
Src_cls_loss	: 0.1921
coral_loss	: 0.0001
-------------------------------------
[Epoch : 38/40]
Total_loss	: 1.2697
Src_cls_loss	: 0.1904
coral_loss	: 0.0001
-------------------------------------
[Epoch : 39/40]
Total_loss	: 1.2589
Src_cls_loss	: 0.1888
coral_loss	: 0.0001
-------------------------------------
[Epoch : 40/40]
Total_loss	: 1.2482
Src_cls_loss	: 0.1872
coral_loss	: 0.0001
-------------------------------------
