=============================================
Dataset: mobiact_pamap
Method:  SYN
=============================================
Source: syn_wal_63 ---> Target: dp_wal_63
Run ID: 7
=============================================
[Epoch : 1/40]
Src_cls_loss	: 0.7148
-------------------------------------
[Epoch : 2/40]
Src_cls_loss	: 0.5177
-------------------------------------
[Epoch : 3/40]
Src_cls_loss	: 0.4125
-------------------------------------
[Epoch : 4/40]
Src_cls_loss	: 0.3485
-------------------------------------
[Epoch : 5/40]
Src_cls_loss	: 0.2997
-------------------------------------
[Epoch : 6/40]
Src_cls_loss	: 0.2629
-------------------------------------
[Epoch : 7/40]
Src_cls_loss	: 0.2335
-------------------------------------
[Epoch : 8/40]
Src_cls_loss	: 0.2104
-------------------------------------
[Epoch : 9/40]
Src_cls_loss	: 0.1914
-------------------------------------
[Epoch : 10/40]
Src_cls_loss	: 0.1754
-------------------------------------
[Epoch : 11/40]
Src_cls_loss	: 0.1616
-------------------------------------
[Epoch : 12/40]
Src_cls_loss	: 0.1502
-------------------------------------
[Epoch : 13/40]
Src_cls_loss	: 0.1403
-------------------------------------
[Epoch : 14/40]
Src_cls_loss	: 0.1316
-------------------------------------
[Epoch : 15/40]
Src_cls_loss	: 0.1243
-------------------------------------
[Epoch : 16/40]
Src_cls_loss	: 0.1176
-------------------------------------
[Epoch : 17/40]
Src_cls_loss	: 0.1118
-------------------------------------
[Epoch : 18/40]
Src_cls_loss	: 0.1072
-------------------------------------
[Epoch : 19/40]
Src_cls_loss	: 0.1024
-------------------------------------
[Epoch : 20/40]
Src_cls_loss	: 0.0979
-------------------------------------
[Epoch : 21/40]
Src_cls_loss	: 0.0936
-------------------------------------
[Epoch : 22/40]
Src_cls_loss	: 0.0899
-------------------------------------
[Epoch : 23/40]
Src_cls_loss	: 0.0863
-------------------------------------
[Epoch : 24/40]
Src_cls_loss	: 0.0829
-------------------------------------
[Epoch : 25/40]
Src_cls_loss	: 0.0798
-------------------------------------
[Epoch : 26/40]
Src_cls_loss	: 0.0769
-------------------------------------
[Epoch : 27/40]
Src_cls_loss	: 0.0743
-------------------------------------
[Epoch : 28/40]
Src_cls_loss	: 0.0718
-------------------------------------
[Epoch : 29/40]
Src_cls_loss	: 0.0695
-------------------------------------
[Epoch : 30/40]
Src_cls_loss	: 0.0674
-------------------------------------
[Epoch : 31/40]
Src_cls_loss	: 0.0654
-------------------------------------
[Epoch : 32/40]
Src_cls_loss	: 0.0634
-------------------------------------
[Epoch : 33/40]
Src_cls_loss	: 0.0616
-------------------------------------
[Epoch : 34/40]
Src_cls_loss	: 0.0599
-------------------------------------
[Epoch : 35/40]
Src_cls_loss	: 0.0583
-------------------------------------
[Epoch : 36/40]
Src_cls_loss	: 0.0567
-------------------------------------
[Epoch : 37/40]
Src_cls_loss	: 0.0553
-------------------------------------
[Epoch : 38/40]
Src_cls_loss	: 0.0539
-------------------------------------
[Epoch : 39/40]
Src_cls_loss	: 0.0527
-------------------------------------
[Epoch : 40/40]
Src_cls_loss	: 0.0514
-------------------------------------
