=============================================
Dataset: pamap_mobiact
Method:  NO_ADAPT
=============================================
Source: syn_45 ---> Target: dp_45
Run ID: 5
=============================================
[Epoch : 1/40]
Src_cls_loss	: 0.7871
-------------------------------------
[Epoch : 2/40]
Src_cls_loss	: 0.6346
-------------------------------------
[Epoch : 3/40]
Src_cls_loss	: 0.5462
-------------------------------------
[Epoch : 4/40]
Src_cls_loss	: 0.4809
-------------------------------------
[Epoch : 5/40]
Src_cls_loss	: 0.4286
-------------------------------------
[Epoch : 6/40]
Src_cls_loss	: 0.3863
-------------------------------------
[Epoch : 7/40]
Src_cls_loss	: 0.3510
-------------------------------------
[Epoch : 8/40]
Src_cls_loss	: 0.3212
-------------------------------------
[Epoch : 9/40]
Src_cls_loss	: 0.2982
-------------------------------------
[Epoch : 10/40]
Src_cls_loss	: 0.2768
-------------------------------------
[Epoch : 11/40]
Src_cls_loss	: 0.2584
-------------------------------------
[Epoch : 12/40]
Src_cls_loss	: 0.2421
-------------------------------------
[Epoch : 13/40]
Src_cls_loss	: 0.2321
-------------------------------------
[Epoch : 14/40]
Src_cls_loss	: 0.2208
-------------------------------------
[Epoch : 15/40]
Src_cls_loss	: 0.2099
-------------------------------------
[Epoch : 16/40]
Src_cls_loss	: 0.1998
-------------------------------------
[Epoch : 17/40]
Src_cls_loss	: 0.1907
-------------------------------------
[Epoch : 18/40]
Src_cls_loss	: 0.1818
-------------------------------------
[Epoch : 19/40]
Src_cls_loss	: 0.1737
-------------------------------------
[Epoch : 20/40]
Src_cls_loss	: 0.1665
-------------------------------------
[Epoch : 21/40]
Src_cls_loss	: 0.1598
-------------------------------------
[Epoch : 22/40]
Src_cls_loss	: 0.1537
-------------------------------------
[Epoch : 23/40]
Src_cls_loss	: 0.1484
-------------------------------------
[Epoch : 24/40]
Src_cls_loss	: 0.1436
-------------------------------------
[Epoch : 25/40]
Src_cls_loss	: 0.1390
-------------------------------------
[Epoch : 26/40]
Src_cls_loss	: 0.1351
-------------------------------------
[Epoch : 27/40]
Src_cls_loss	: 0.1310
-------------------------------------
[Epoch : 28/40]
Src_cls_loss	: 0.1275
-------------------------------------
[Epoch : 29/40]
Src_cls_loss	: 0.1238
-------------------------------------
[Epoch : 30/40]
Src_cls_loss	: 0.1202
-------------------------------------
[Epoch : 31/40]
Src_cls_loss	: 0.1167
-------------------------------------
[Epoch : 32/40]
Src_cls_loss	: 0.1134
-------------------------------------
[Epoch : 33/40]
Src_cls_loss	: 0.1104
-------------------------------------
[Epoch : 34/40]
Src_cls_loss	: 0.1077
-------------------------------------
[Epoch : 35/40]
Src_cls_loss	: 0.1051
-------------------------------------
[Epoch : 36/40]
Src_cls_loss	: 0.1025
-------------------------------------
[Epoch : 37/40]
Src_cls_loss	: 0.1001
-------------------------------------
[Epoch : 38/40]
Src_cls_loss	: 0.0979
-------------------------------------
[Epoch : 39/40]
Src_cls_loss	: 0.0957
-------------------------------------
[Epoch : 40/40]
Src_cls_loss	: 0.0936
-------------------------------------
