=============================================
Dataset: realworld_mobiact
Method:  NO_ADAPT
=============================================
Source: syn_42 ---> Target: dp_42
Run ID: 4
=============================================
[Epoch : 1/40]
Src_cls_loss	: 0.7875
-------------------------------------
[Epoch : 2/40]
Src_cls_loss	: 0.6448
-------------------------------------
[Epoch : 3/40]
Src_cls_loss	: 0.5360
-------------------------------------
[Epoch : 4/40]
Src_cls_loss	: 0.4551
-------------------------------------
[Epoch : 5/40]
Src_cls_loss	: 0.3925
-------------------------------------
[Epoch : 6/40]
Src_cls_loss	: 0.3474
-------------------------------------
[Epoch : 7/40]
Src_cls_loss	: 0.3105
-------------------------------------
[Epoch : 8/40]
Src_cls_loss	: 0.2821
-------------------------------------
[Epoch : 9/40]
Src_cls_loss	: 0.2604
-------------------------------------
[Epoch : 10/40]
Src_cls_loss	: 0.2412
-------------------------------------
[Epoch : 11/40]
Src_cls_loss	: 0.2248
-------------------------------------
[Epoch : 12/40]
Src_cls_loss	: 0.2088
-------------------------------------
[Epoch : 13/40]
Src_cls_loss	: 0.1959
-------------------------------------
[Epoch : 14/40]
Src_cls_loss	: 0.1844
-------------------------------------
[Epoch : 15/40]
Src_cls_loss	: 0.1744
-------------------------------------
[Epoch : 16/40]
Src_cls_loss	: 0.1652
-------------------------------------
[Epoch : 17/40]
Src_cls_loss	: 0.1586
-------------------------------------
[Epoch : 18/40]
Src_cls_loss	: 0.1522
-------------------------------------
[Epoch : 19/40]
Src_cls_loss	: 0.1460
-------------------------------------
[Epoch : 20/40]
Src_cls_loss	: 0.1396
-------------------------------------
[Epoch : 21/40]
Src_cls_loss	: 0.1338
-------------------------------------
[Epoch : 22/40]
Src_cls_loss	: 0.1286
-------------------------------------
[Epoch : 23/40]
Src_cls_loss	: 0.1237
-------------------------------------
[Epoch : 24/40]
Src_cls_loss	: 0.1195
-------------------------------------
[Epoch : 25/40]
Src_cls_loss	: 0.1150
-------------------------------------
[Epoch : 26/40]
Src_cls_loss	: 0.1110
-------------------------------------
[Epoch : 27/40]
Src_cls_loss	: 0.1074
-------------------------------------
[Epoch : 28/40]
Src_cls_loss	: 0.1038
-------------------------------------
[Epoch : 29/40]
Src_cls_loss	: 0.1007
-------------------------------------
[Epoch : 30/40]
Src_cls_loss	: 0.0980
-------------------------------------
[Epoch : 31/40]
Src_cls_loss	: 0.0954
-------------------------------------
[Epoch : 32/40]
Src_cls_loss	: 0.0928
-------------------------------------
[Epoch : 33/40]
Src_cls_loss	: 0.0903
-------------------------------------
[Epoch : 34/40]
Src_cls_loss	: 0.0879
-------------------------------------
[Epoch : 35/40]
Src_cls_loss	: 0.0856
-------------------------------------
[Epoch : 36/40]
Src_cls_loss	: 0.0834
-------------------------------------
[Epoch : 37/40]
Src_cls_loss	: 0.0812
-------------------------------------
[Epoch : 38/40]
Src_cls_loss	: 0.0792
-------------------------------------
[Epoch : 39/40]
Src_cls_loss	: 0.0773
-------------------------------------
[Epoch : 40/40]
Src_cls_loss	: 0.0757
-------------------------------------
