=============================================
Dataset: realworld_mobiact
Method:  NO_ADAPT
=============================================
Source: syn_43 ---> Target: dp_43
Run ID: 8
=============================================
[Epoch : 1/40]
Src_cls_loss	: 0.6667
-------------------------------------
[Epoch : 2/40]
Src_cls_loss	: 0.5349
-------------------------------------
[Epoch : 3/40]
Src_cls_loss	: 0.4524
-------------------------------------
[Epoch : 4/40]
Src_cls_loss	: 0.3947
-------------------------------------
[Epoch : 5/40]
Src_cls_loss	: 0.3514
-------------------------------------
[Epoch : 6/40]
Src_cls_loss	: 0.3176
-------------------------------------
[Epoch : 7/40]
Src_cls_loss	: 0.2904
-------------------------------------
[Epoch : 8/40]
Src_cls_loss	: 0.2719
-------------------------------------
[Epoch : 9/40]
Src_cls_loss	: 0.2540
-------------------------------------
[Epoch : 10/40]
Src_cls_loss	: 0.2386
-------------------------------------
[Epoch : 11/40]
Src_cls_loss	: 0.2245
-------------------------------------
[Epoch : 12/40]
Src_cls_loss	: 0.2130
-------------------------------------
[Epoch : 13/40]
Src_cls_loss	: 0.2034
-------------------------------------
[Epoch : 14/40]
Src_cls_loss	: 0.1929
-------------------------------------
[Epoch : 15/40]
Src_cls_loss	: 0.1851
-------------------------------------
[Epoch : 16/40]
Src_cls_loss	: 0.1768
-------------------------------------
[Epoch : 17/40]
Src_cls_loss	: 0.1702
-------------------------------------
[Epoch : 18/40]
Src_cls_loss	: 0.1645
-------------------------------------
[Epoch : 19/40]
Src_cls_loss	: 0.1585
-------------------------------------
[Epoch : 20/40]
Src_cls_loss	: 0.1526
-------------------------------------
[Epoch : 21/40]
Src_cls_loss	: 0.1473
-------------------------------------
[Epoch : 22/40]
Src_cls_loss	: 0.1429
-------------------------------------
[Epoch : 23/40]
Src_cls_loss	: 0.1381
-------------------------------------
[Epoch : 24/40]
Src_cls_loss	: 0.1333
-------------------------------------
[Epoch : 25/40]
Src_cls_loss	: 0.1294
-------------------------------------
[Epoch : 26/40]
Src_cls_loss	: 0.1259
-------------------------------------
[Epoch : 27/40]
Src_cls_loss	: 0.1224
-------------------------------------
[Epoch : 28/40]
Src_cls_loss	: 0.1191
-------------------------------------
[Epoch : 29/40]
Src_cls_loss	: 0.1171
-------------------------------------
[Epoch : 30/40]
Src_cls_loss	: 0.1142
-------------------------------------
[Epoch : 31/40]
Src_cls_loss	: 0.1111
-------------------------------------
[Epoch : 32/40]
Src_cls_loss	: 0.1085
-------------------------------------
[Epoch : 33/40]
Src_cls_loss	: 0.1060
-------------------------------------
[Epoch : 34/40]
Src_cls_loss	: 0.1037
-------------------------------------
[Epoch : 35/40]
Src_cls_loss	: 0.1014
-------------------------------------
[Epoch : 36/40]
Src_cls_loss	: 0.0993
-------------------------------------
[Epoch : 37/40]
Src_cls_loss	: 0.0986
-------------------------------------
[Epoch : 38/40]
Src_cls_loss	: 0.0966
-------------------------------------
[Epoch : 39/40]
Src_cls_loss	: 0.0945
-------------------------------------
[Epoch : 40/40]
Src_cls_loss	: 0.0925
-------------------------------------
