=============================================
Dataset: realworld_mobiact
Method:  NO_ADAPT
=============================================
Source: syn_70 ---> Target: dp_70
Run ID: 9
=============================================
[Epoch : 1/40]
Src_cls_loss	: 0.8203
-------------------------------------
[Epoch : 2/40]
Src_cls_loss	: 0.6535
-------------------------------------
[Epoch : 3/40]
Src_cls_loss	: 0.5370
-------------------------------------
[Epoch : 4/40]
Src_cls_loss	: 0.4484
-------------------------------------
[Epoch : 5/40]
Src_cls_loss	: 0.3868
-------------------------------------
[Epoch : 6/40]
Src_cls_loss	: 0.3421
-------------------------------------
[Epoch : 7/40]
Src_cls_loss	: 0.3047
-------------------------------------
[Epoch : 8/40]
Src_cls_loss	: 0.2757
-------------------------------------
[Epoch : 9/40]
Src_cls_loss	: 0.2522
-------------------------------------
[Epoch : 10/40]
Src_cls_loss	: 0.2330
-------------------------------------
[Epoch : 11/40]
Src_cls_loss	: 0.2156
-------------------------------------
[Epoch : 12/40]
Src_cls_loss	: 0.2005
-------------------------------------
[Epoch : 13/40]
Src_cls_loss	: 0.1883
-------------------------------------
[Epoch : 14/40]
Src_cls_loss	: 0.1771
-------------------------------------
[Epoch : 15/40]
Src_cls_loss	: 0.1672
-------------------------------------
[Epoch : 16/40]
Src_cls_loss	: 0.1583
-------------------------------------
[Epoch : 17/40]
Src_cls_loss	: 0.1505
-------------------------------------
[Epoch : 18/40]
Src_cls_loss	: 0.1443
-------------------------------------
[Epoch : 19/40]
Src_cls_loss	: 0.1382
-------------------------------------
[Epoch : 20/40]
Src_cls_loss	: 0.1334
-------------------------------------
[Epoch : 21/40]
Src_cls_loss	: 0.1294
-------------------------------------
[Epoch : 22/40]
Src_cls_loss	: 0.1246
-------------------------------------
[Epoch : 23/40]
Src_cls_loss	: 0.1199
-------------------------------------
[Epoch : 24/40]
Src_cls_loss	: 0.1156
-------------------------------------
[Epoch : 25/40]
Src_cls_loss	: 0.1114
-------------------------------------
[Epoch : 26/40]
Src_cls_loss	: 0.1077
-------------------------------------
[Epoch : 27/40]
Src_cls_loss	: 0.1041
-------------------------------------
[Epoch : 28/40]
Src_cls_loss	: 0.1008
-------------------------------------
[Epoch : 29/40]
Src_cls_loss	: 0.0978
-------------------------------------
[Epoch : 30/40]
Src_cls_loss	: 0.0950
-------------------------------------
[Epoch : 31/40]
Src_cls_loss	: 0.0923
-------------------------------------
[Epoch : 32/40]
Src_cls_loss	: 0.0898
-------------------------------------
[Epoch : 33/40]
Src_cls_loss	: 0.0874
-------------------------------------
[Epoch : 34/40]
Src_cls_loss	: 0.0851
-------------------------------------
[Epoch : 35/40]
Src_cls_loss	: 0.0829
-------------------------------------
[Epoch : 36/40]
Src_cls_loss	: 0.0810
-------------------------------------
[Epoch : 37/40]
Src_cls_loss	: 0.0792
-------------------------------------
[Epoch : 38/40]
Src_cls_loss	: 0.0785
-------------------------------------
[Epoch : 39/40]
Src_cls_loss	: 0.0771
-------------------------------------
[Epoch : 40/40]
Src_cls_loss	: 0.0756
-------------------------------------
