=============================================
Dataset: pamap_mobiact
Method:  NO_ADAPT
=============================================
Source: syn_29 ---> Target: dp_29
Run ID: 1
=============================================
[Epoch : 1/40]
Src_cls_loss	: 0.8261
-------------------------------------
[Epoch : 2/40]
Src_cls_loss	: 0.6859
-------------------------------------
[Epoch : 3/40]
Src_cls_loss	: 0.6071
-------------------------------------
[Epoch : 4/40]
Src_cls_loss	: 0.5466
-------------------------------------
[Epoch : 5/40]
Src_cls_loss	: 0.4958
-------------------------------------
[Epoch : 6/40]
Src_cls_loss	: 0.4541
-------------------------------------
[Epoch : 7/40]
Src_cls_loss	: 0.4243
-------------------------------------
[Epoch : 8/40]
Src_cls_loss	: 0.3964
-------------------------------------
[Epoch : 9/40]
Src_cls_loss	: 0.3724
-------------------------------------
[Epoch : 10/40]
Src_cls_loss	: 0.3517
-------------------------------------
[Epoch : 11/40]
Src_cls_loss	: 0.3351
-------------------------------------
[Epoch : 12/40]
Src_cls_loss	: 0.3166
-------------------------------------
[Epoch : 13/40]
Src_cls_loss	: 0.3027
-------------------------------------
[Epoch : 14/40]
Src_cls_loss	: 0.2915
-------------------------------------
[Epoch : 15/40]
Src_cls_loss	: 0.2814
-------------------------------------
[Epoch : 16/40]
Src_cls_loss	: 0.2706
-------------------------------------
[Epoch : 17/40]
Src_cls_loss	: 0.2599
-------------------------------------
[Epoch : 18/40]
Src_cls_loss	: 0.2507
-------------------------------------
[Epoch : 19/40]
Src_cls_loss	: 0.2417
-------------------------------------
[Epoch : 20/40]
Src_cls_loss	: 0.2335
-------------------------------------
[Epoch : 21/40]
Src_cls_loss	: 0.2260
-------------------------------------
[Epoch : 22/40]
Src_cls_loss	: 0.2184
-------------------------------------
[Epoch : 23/40]
Src_cls_loss	: 0.2119
-------------------------------------
[Epoch : 24/40]
Src_cls_loss	: 0.2058
-------------------------------------
[Epoch : 25/40]
Src_cls_loss	: 0.1999
-------------------------------------
[Epoch : 26/40]
Src_cls_loss	: 0.1947
-------------------------------------
[Epoch : 27/40]
Src_cls_loss	: 0.1898
-------------------------------------
[Epoch : 28/40]
Src_cls_loss	: 0.1854
-------------------------------------
[Epoch : 29/40]
Src_cls_loss	: 0.1809
-------------------------------------
[Epoch : 30/40]
Src_cls_loss	: 0.1766
-------------------------------------
[Epoch : 31/40]
Src_cls_loss	: 0.1722
-------------------------------------
[Epoch : 32/40]
Src_cls_loss	: 0.1683
-------------------------------------
[Epoch : 33/40]
Src_cls_loss	: 0.1643
-------------------------------------
[Epoch : 34/40]
Src_cls_loss	: 0.1608
-------------------------------------
[Epoch : 35/40]
Src_cls_loss	: 0.1575
-------------------------------------
[Epoch : 36/40]
Src_cls_loss	: 0.1541
-------------------------------------
[Epoch : 37/40]
Src_cls_loss	: 0.1510
-------------------------------------
[Epoch : 38/40]
Src_cls_loss	: 0.1487
-------------------------------------
[Epoch : 39/40]
Src_cls_loss	: 0.1462
-------------------------------------
[Epoch : 40/40]
Src_cls_loss	: 0.1433
-------------------------------------
