=============================================
Dataset: realworld_mobiact
Method:  DANN
=============================================
Source: df ---> Target: dp_29
Run ID: 0
=============================================
[Epoch : 1/40]
Total_loss	: 6.2401
Domain_loss	: 1.2653
Src_cls_loss	: 0.5584
-------------------------------------
[Epoch : 2/40]
Total_loss	: 5.9134
Domain_loss	: 1.2531
Src_cls_loss	: 0.5024
-------------------------------------
[Epoch : 3/40]
Total_loss	: 5.7407
Domain_loss	: 1.2557
Src_cls_loss	: 0.4684
-------------------------------------
[Epoch : 4/40]
Total_loss	: 5.6454
Domain_loss	: 1.2594
Src_cls_loss	: 0.4485
-------------------------------------
[Epoch : 5/40]
Total_loss	: 5.5540
Domain_loss	: 1.2616
Src_cls_loss	: 0.4300
-------------------------------------
[Epoch : 6/40]
Total_loss	: 5.4933
Domain_loss	: 1.2697
Src_cls_loss	: 0.4145
-------------------------------------
[Epoch : 7/40]
Total_loss	: 5.4423
Domain_loss	: 1.2794
Src_cls_loss	: 0.4001
-------------------------------------
[Epoch : 8/40]
Total_loss	: 5.3850
Domain_loss	: 1.2867
Src_cls_loss	: 0.3856
-------------------------------------
[Epoch : 9/40]
Total_loss	: 5.3318
Domain_loss	: 1.2892
Src_cls_loss	: 0.3743
-------------------------------------
[Epoch : 10/40]
Total_loss	: 5.2904
Domain_loss	: 1.2971
Src_cls_loss	: 0.3625
-------------------------------------
[Epoch : 11/40]
Total_loss	: 5.2535
Domain_loss	: 1.3007
Src_cls_loss	: 0.3537
-------------------------------------
[Epoch : 12/40]
Total_loss	: 5.2200
Domain_loss	: 1.3032
Src_cls_loss	: 0.3462
-------------------------------------
[Epoch : 13/40]
Total_loss	: 5.1886
Domain_loss	: 1.3068
Src_cls_loss	: 0.3384
-------------------------------------
[Epoch : 14/40]
Total_loss	: 5.1575
Domain_loss	: 1.3091
Src_cls_loss	: 0.3314
-------------------------------------
[Epoch : 15/40]
Total_loss	: 5.1335
Domain_loss	: 1.3118
Src_cls_loss	: 0.3255
-------------------------------------
[Epoch : 16/40]
Total_loss	: 5.1106
Domain_loss	: 1.3149
Src_cls_loss	: 0.3196
-------------------------------------
[Epoch : 17/40]
Total_loss	: 5.0872
Domain_loss	: 1.3173
Src_cls_loss	: 0.3140
-------------------------------------
[Epoch : 18/40]
Total_loss	: 5.0646
Domain_loss	: 1.3183
Src_cls_loss	: 0.3092
-------------------------------------
[Epoch : 19/40]
Total_loss	: 5.0423
Domain_loss	: 1.3197
Src_cls_loss	: 0.3043
-------------------------------------
[Epoch : 20/40]
Total_loss	: 5.0229
Domain_loss	: 1.3208
Src_cls_loss	: 0.3000
-------------------------------------
[Epoch : 21/40]
Total_loss	: 5.0027
Domain_loss	: 1.3222
Src_cls_loss	: 0.2955
-------------------------------------
[Epoch : 22/40]
Total_loss	: 4.9840
Domain_loss	: 1.3227
Src_cls_loss	: 0.2917
-------------------------------------
[Epoch : 23/40]
Total_loss	: 4.9697
Domain_loss	: 1.3235
Src_cls_loss	: 0.2887
-------------------------------------
[Epoch : 24/40]
Total_loss	: 4.9542
Domain_loss	: 1.3246
Src_cls_loss	: 0.2852
-------------------------------------
[Epoch : 25/40]
Total_loss	: 4.9389
Domain_loss	: 1.3250
Src_cls_loss	: 0.2820
-------------------------------------
[Epoch : 26/40]
Total_loss	: 4.9265
Domain_loss	: 1.3261
Src_cls_loss	: 0.2791
-------------------------------------
[Epoch : 27/40]
Total_loss	: 4.9118
Domain_loss	: 1.3272
Src_cls_loss	: 0.2758
-------------------------------------
[Epoch : 28/40]
Total_loss	: 4.8987
Domain_loss	: 1.3281
Src_cls_loss	: 0.2729
-------------------------------------
[Epoch : 29/40]
Total_loss	: 4.8872
Domain_loss	: 1.3292
Src_cls_loss	: 0.2702
-------------------------------------
[Epoch : 30/40]
Total_loss	: 4.8748
Domain_loss	: 1.3298
Src_cls_loss	: 0.2675
-------------------------------------
[Epoch : 31/40]
Total_loss	: 4.8652
Domain_loss	: 1.3310
Src_cls_loss	: 0.2651
-------------------------------------
[Epoch : 32/40]
Total_loss	: 4.8539
Domain_loss	: 1.3319
Src_cls_loss	: 0.2625
-------------------------------------
[Epoch : 33/40]
Total_loss	: 4.8429
Domain_loss	: 1.3327
Src_cls_loss	: 0.2601
-------------------------------------
[Epoch : 34/40]
Total_loss	: 4.8312
Domain_loss	: 1.3331
Src_cls_loss	: 0.2576
-------------------------------------
[Epoch : 35/40]
Total_loss	: 4.8213
Domain_loss	: 1.3343
Src_cls_loss	: 0.2552
-------------------------------------
[Epoch : 36/40]
Total_loss	: 4.8131
Domain_loss	: 1.3350
Src_cls_loss	: 0.2532
-------------------------------------
[Epoch : 37/40]
Total_loss	: 4.8030
Domain_loss	: 1.3353
Src_cls_loss	: 0.2512
-------------------------------------
[Epoch : 38/40]
Total_loss	: 4.7946
Domain_loss	: 1.3359
Src_cls_loss	: 0.2493
-------------------------------------
[Epoch : 39/40]
Total_loss	: 4.7859
Domain_loss	: 1.3362
Src_cls_loss	: 0.2475
-------------------------------------
[Epoch : 40/40]
Total_loss	: 4.7784
Domain_loss	: 1.3371
Src_cls_loss	: 0.2456
-------------------------------------
