=============================================
Dataset: pamap_mobiact
Method:  NO_ADAPT
=============================================
Source: syn_18 ---> Target: dp_18
Run ID: 7
=============================================
[Epoch : 1/40]
Src_cls_loss	: 0.7578
-------------------------------------
[Epoch : 2/40]
Src_cls_loss	: 0.6080
-------------------------------------
[Epoch : 3/40]
Src_cls_loss	: 0.5023
-------------------------------------
[Epoch : 4/40]
Src_cls_loss	: 0.4246
-------------------------------------
[Epoch : 5/40]
Src_cls_loss	: 0.3680
-------------------------------------
[Epoch : 6/40]
Src_cls_loss	: 0.3256
-------------------------------------
[Epoch : 7/40]
Src_cls_loss	: 0.2888
-------------------------------------
[Epoch : 8/40]
Src_cls_loss	: 0.2608
-------------------------------------
[Epoch : 9/40]
Src_cls_loss	: 0.2372
-------------------------------------
[Epoch : 10/40]
Src_cls_loss	: 0.2172
-------------------------------------
[Epoch : 11/40]
Src_cls_loss	: 0.2001
-------------------------------------
[Epoch : 12/40]
Src_cls_loss	: 0.1857
-------------------------------------
[Epoch : 13/40]
Src_cls_loss	: 0.1753
-------------------------------------
[Epoch : 14/40]
Src_cls_loss	: 0.1650
-------------------------------------
[Epoch : 15/40]
Src_cls_loss	: 0.1553
-------------------------------------
[Epoch : 16/40]
Src_cls_loss	: 0.1468
-------------------------------------
[Epoch : 17/40]
Src_cls_loss	: 0.1393
-------------------------------------
[Epoch : 18/40]
Src_cls_loss	: 0.1329
-------------------------------------
[Epoch : 19/40]
Src_cls_loss	: 0.1265
-------------------------------------
[Epoch : 20/40]
Src_cls_loss	: 0.1219
-------------------------------------
[Epoch : 21/40]
Src_cls_loss	: 0.1170
-------------------------------------
[Epoch : 22/40]
Src_cls_loss	: 0.1131
-------------------------------------
[Epoch : 23/40]
Src_cls_loss	: 0.1098
-------------------------------------
[Epoch : 24/40]
Src_cls_loss	: 0.1064
-------------------------------------
[Epoch : 25/40]
Src_cls_loss	: 0.1028
-------------------------------------
[Epoch : 26/40]
Src_cls_loss	: 0.0993
-------------------------------------
[Epoch : 27/40]
Src_cls_loss	: 0.0962
-------------------------------------
[Epoch : 28/40]
Src_cls_loss	: 0.0931
-------------------------------------
[Epoch : 29/40]
Src_cls_loss	: 0.0902
-------------------------------------
[Epoch : 30/40]
Src_cls_loss	: 0.0878
-------------------------------------
[Epoch : 31/40]
Src_cls_loss	: 0.0855
-------------------------------------
[Epoch : 32/40]
Src_cls_loss	: 0.0831
-------------------------------------
[Epoch : 33/40]
Src_cls_loss	: 0.0807
-------------------------------------
[Epoch : 34/40]
Src_cls_loss	: 0.0787
-------------------------------------
[Epoch : 35/40]
Src_cls_loss	: 0.0766
-------------------------------------
[Epoch : 36/40]
Src_cls_loss	: 0.0749
-------------------------------------
[Epoch : 37/40]
Src_cls_loss	: 0.0731
-------------------------------------
[Epoch : 38/40]
Src_cls_loss	: 0.0715
-------------------------------------
[Epoch : 39/40]
Src_cls_loss	: 0.0698
-------------------------------------
[Epoch : 40/40]
Src_cls_loss	: 0.0683
-------------------------------------
