=============================================
Dataset: pamap_realworld
Method:  Deep_Coral
=============================================
Source: df ---> Target: dp_13
Run ID: 0
=============================================
[Epoch : 1/40]
Total_loss	: 4.4056
Src_cls_loss	: 0.6611
coral_loss	: 0.0001
-------------------------------------
[Epoch : 2/40]
Total_loss	: 3.8914
Src_cls_loss	: 0.5839
coral_loss	: 0.0001
-------------------------------------
[Epoch : 3/40]
Total_loss	: 3.4425
Src_cls_loss	: 0.5164
coral_loss	: 0.0002
-------------------------------------
[Epoch : 4/40]
Total_loss	: 3.2037
Src_cls_loss	: 0.4806
coral_loss	: 0.0003
-------------------------------------
[Epoch : 5/40]
Total_loss	: 2.9596
Src_cls_loss	: 0.4439
coral_loss	: 0.0003
-------------------------------------
[Epoch : 6/40]
Total_loss	: 2.7515
Src_cls_loss	: 0.4126
coral_loss	: 0.0003
-------------------------------------
[Epoch : 7/40]
Total_loss	: 2.5570
Src_cls_loss	: 0.3834
coral_loss	: 0.0003
-------------------------------------
[Epoch : 8/40]
Total_loss	: 2.4150
Src_cls_loss	: 0.3621
coral_loss	: 0.0004
-------------------------------------
[Epoch : 9/40]
Total_loss	: 2.2894
Src_cls_loss	: 0.3432
coral_loss	: 0.0004
-------------------------------------
[Epoch : 10/40]
Total_loss	: 2.1732
Src_cls_loss	: 0.3258
coral_loss	: 0.0004
-------------------------------------
[Epoch : 11/40]
Total_loss	: 2.1029
Src_cls_loss	: 0.3152
coral_loss	: 0.0004
-------------------------------------
[Epoch : 12/40]
Total_loss	: 2.0366
Src_cls_loss	: 0.3053
coral_loss	: 0.0004
-------------------------------------
[Epoch : 13/40]
Total_loss	: 1.9683
Src_cls_loss	: 0.2950
coral_loss	: 0.0004
-------------------------------------
[Epoch : 14/40]
Total_loss	: 1.8982
Src_cls_loss	: 0.2845
coral_loss	: 0.0004
-------------------------------------
[Epoch : 15/40]
Total_loss	: 1.8375
Src_cls_loss	: 0.2754
coral_loss	: 0.0004
-------------------------------------
[Epoch : 16/40]
Total_loss	: 1.7858
Src_cls_loss	: 0.2676
coral_loss	: 0.0004
-------------------------------------
[Epoch : 17/40]
Total_loss	: 1.7367
Src_cls_loss	: 0.2602
coral_loss	: 0.0004
-------------------------------------
[Epoch : 18/40]
Total_loss	: 1.6892
Src_cls_loss	: 0.2531
coral_loss	: 0.0004
-------------------------------------
[Epoch : 19/40]
Total_loss	: 1.6490
Src_cls_loss	: 0.2471
coral_loss	: 0.0004
-------------------------------------
[Epoch : 20/40]
Total_loss	: 1.6115
Src_cls_loss	: 0.2415
coral_loss	: 0.0004
-------------------------------------
[Epoch : 21/40]
Total_loss	: 1.5718
Src_cls_loss	: 0.2355
coral_loss	: 0.0004
-------------------------------------
[Epoch : 22/40]
Total_loss	: 1.5373
Src_cls_loss	: 0.2303
coral_loss	: 0.0004
-------------------------------------
[Epoch : 23/40]
Total_loss	: 1.5062
Src_cls_loss	: 0.2256
coral_loss	: 0.0004
-------------------------------------
[Epoch : 24/40]
Total_loss	: 1.4728
Src_cls_loss	: 0.2206
coral_loss	: 0.0004
-------------------------------------
[Epoch : 25/40]
Total_loss	: 1.4459
Src_cls_loss	: 0.2166
coral_loss	: 0.0004
-------------------------------------
[Epoch : 26/40]
Total_loss	: 1.4150
Src_cls_loss	: 0.2119
coral_loss	: 0.0004
-------------------------------------
[Epoch : 27/40]
Total_loss	: 1.3954
Src_cls_loss	: 0.2090
coral_loss	: 0.0004
-------------------------------------
[Epoch : 28/40]
Total_loss	: 1.3705
Src_cls_loss	: 0.2053
coral_loss	: 0.0004
-------------------------------------
[Epoch : 29/40]
Total_loss	: 1.3469
Src_cls_loss	: 0.2017
coral_loss	: 0.0004
-------------------------------------
[Epoch : 30/40]
Total_loss	: 1.3293
Src_cls_loss	: 0.1991
coral_loss	: 0.0004
-------------------------------------
[Epoch : 31/40]
Total_loss	: 1.3143
Src_cls_loss	: 0.1968
coral_loss	: 0.0004
-------------------------------------
[Epoch : 32/40]
Total_loss	: 1.2949
Src_cls_loss	: 0.1939
coral_loss	: 0.0004
-------------------------------------
[Epoch : 33/40]
Total_loss	: 1.2778
Src_cls_loss	: 0.1914
coral_loss	: 0.0004
-------------------------------------
[Epoch : 34/40]
Total_loss	: 1.2550
Src_cls_loss	: 0.1879
coral_loss	: 0.0004
-------------------------------------
[Epoch : 35/40]
Total_loss	: 1.2386
Src_cls_loss	: 0.1855
coral_loss	: 0.0004
-------------------------------------
[Epoch : 36/40]
Total_loss	: 1.2230
Src_cls_loss	: 0.1831
coral_loss	: 0.0004
-------------------------------------
[Epoch : 37/40]
Total_loss	: 1.2097
Src_cls_loss	: 0.1811
coral_loss	: 0.0004
-------------------------------------
[Epoch : 38/40]
Total_loss	: 1.1958
Src_cls_loss	: 0.1791
coral_loss	: 0.0004
-------------------------------------
[Epoch : 39/40]
Total_loss	: 1.1806
Src_cls_loss	: 0.1768
coral_loss	: 0.0004
-------------------------------------
[Epoch : 40/40]
Total_loss	: 1.1669
Src_cls_loss	: 0.1747
coral_loss	: 0.0004
-------------------------------------
