=============================================
Dataset: realworld_mobiact
Method:  NO_ADAPT
=============================================
Source: syn_27 ---> Target: dp_27
Run ID: 2
=============================================
[Epoch : 1/40]
Src_cls_loss	: 0.8767
-------------------------------------
[Epoch : 2/40]
Src_cls_loss	: 0.7710
-------------------------------------
[Epoch : 3/40]
Src_cls_loss	: 0.6561
-------------------------------------
[Epoch : 4/40]
Src_cls_loss	: 0.5572
-------------------------------------
[Epoch : 5/40]
Src_cls_loss	: 0.4809
-------------------------------------
[Epoch : 6/40]
Src_cls_loss	: 0.4222
-------------------------------------
[Epoch : 7/40]
Src_cls_loss	: 0.3761
-------------------------------------
[Epoch : 8/40]
Src_cls_loss	: 0.3461
-------------------------------------
[Epoch : 9/40]
Src_cls_loss	: 0.3201
-------------------------------------
[Epoch : 10/40]
Src_cls_loss	: 0.2952
-------------------------------------
[Epoch : 11/40]
Src_cls_loss	: 0.2734
-------------------------------------
[Epoch : 12/40]
Src_cls_loss	: 0.2540
-------------------------------------
[Epoch : 13/40]
Src_cls_loss	: 0.2367
-------------------------------------
[Epoch : 14/40]
Src_cls_loss	: 0.2217
-------------------------------------
[Epoch : 15/40]
Src_cls_loss	: 0.2092
-------------------------------------
[Epoch : 16/40]
Src_cls_loss	: 0.1983
-------------------------------------
[Epoch : 17/40]
Src_cls_loss	: 0.1881
-------------------------------------
[Epoch : 18/40]
Src_cls_loss	: 0.1799
-------------------------------------
[Epoch : 19/40]
Src_cls_loss	: 0.1722
-------------------------------------
[Epoch : 20/40]
Src_cls_loss	: 0.1649
-------------------------------------
[Epoch : 21/40]
Src_cls_loss	: 0.1579
-------------------------------------
[Epoch : 22/40]
Src_cls_loss	: 0.1516
-------------------------------------
[Epoch : 23/40]
Src_cls_loss	: 0.1456
-------------------------------------
[Epoch : 24/40]
Src_cls_loss	: 0.1401
-------------------------------------
[Epoch : 25/40]
Src_cls_loss	: 0.1351
-------------------------------------
[Epoch : 26/40]
Src_cls_loss	: 0.1303
-------------------------------------
[Epoch : 27/40]
Src_cls_loss	: 0.1260
-------------------------------------
[Epoch : 28/40]
Src_cls_loss	: 0.1221
-------------------------------------
[Epoch : 29/40]
Src_cls_loss	: 0.1191
-------------------------------------
[Epoch : 30/40]
Src_cls_loss	: 0.1158
-------------------------------------
[Epoch : 31/40]
Src_cls_loss	: 0.1125
-------------------------------------
[Epoch : 32/40]
Src_cls_loss	: 0.1092
-------------------------------------
[Epoch : 33/40]
Src_cls_loss	: 0.1062
-------------------------------------
[Epoch : 34/40]
Src_cls_loss	: 0.1035
-------------------------------------
[Epoch : 35/40]
Src_cls_loss	: 0.1007
-------------------------------------
[Epoch : 36/40]
Src_cls_loss	: 0.0982
-------------------------------------
[Epoch : 37/40]
Src_cls_loss	: 0.0956
-------------------------------------
[Epoch : 38/40]
Src_cls_loss	: 0.0933
-------------------------------------
[Epoch : 39/40]
Src_cls_loss	: 0.0913
-------------------------------------
[Epoch : 40/40]
Src_cls_loss	: 0.0893
-------------------------------------
