=============================================
Dataset: realworld_mobiact
Method:  SYN
=============================================
Source: syn_wal_30 ---> Target: dp_wal_30
Run ID: 4
=============================================
[Epoch : 1/40]
Src_cls_loss	: 0.8946
-------------------------------------
[Epoch : 2/40]
Src_cls_loss	: 0.7723
-------------------------------------
[Epoch : 3/40]
Src_cls_loss	: 0.6738
-------------------------------------
[Epoch : 4/40]
Src_cls_loss	: 0.5853
-------------------------------------
[Epoch : 5/40]
Src_cls_loss	: 0.5100
-------------------------------------
[Epoch : 6/40]
Src_cls_loss	: 0.4525
-------------------------------------
[Epoch : 7/40]
Src_cls_loss	: 0.4083
-------------------------------------
[Epoch : 8/40]
Src_cls_loss	: 0.3702
-------------------------------------
[Epoch : 9/40]
Src_cls_loss	: 0.3376
-------------------------------------
[Epoch : 10/40]
Src_cls_loss	: 0.3092
-------------------------------------
[Epoch : 11/40]
Src_cls_loss	: 0.2873
-------------------------------------
[Epoch : 12/40]
Src_cls_loss	: 0.2688
-------------------------------------
[Epoch : 13/40]
Src_cls_loss	: 0.2510
-------------------------------------
[Epoch : 14/40]
Src_cls_loss	: 0.2354
-------------------------------------
[Epoch : 15/40]
Src_cls_loss	: 0.2230
-------------------------------------
[Epoch : 16/40]
Src_cls_loss	: 0.2115
-------------------------------------
[Epoch : 17/40]
Src_cls_loss	: 0.2006
-------------------------------------
[Epoch : 18/40]
Src_cls_loss	: 0.1906
-------------------------------------
[Epoch : 19/40]
Src_cls_loss	: 0.1823
-------------------------------------
[Epoch : 20/40]
Src_cls_loss	: 0.1747
-------------------------------------
[Epoch : 21/40]
Src_cls_loss	: 0.1675
-------------------------------------
[Epoch : 22/40]
Src_cls_loss	: 0.1617
-------------------------------------
[Epoch : 23/40]
Src_cls_loss	: 0.1562
-------------------------------------
[Epoch : 24/40]
Src_cls_loss	: 0.1512
-------------------------------------
[Epoch : 25/40]
Src_cls_loss	: 0.1460
-------------------------------------
[Epoch : 26/40]
Src_cls_loss	: 0.1408
-------------------------------------
[Epoch : 27/40]
Src_cls_loss	: 0.1361
-------------------------------------
[Epoch : 28/40]
Src_cls_loss	: 0.1317
-------------------------------------
[Epoch : 29/40]
Src_cls_loss	: 0.1275
-------------------------------------
[Epoch : 30/40]
Src_cls_loss	: 0.1238
-------------------------------------
[Epoch : 31/40]
Src_cls_loss	: 0.1205
-------------------------------------
[Epoch : 32/40]
Src_cls_loss	: 0.1171
-------------------------------------
[Epoch : 33/40]
Src_cls_loss	: 0.1144
-------------------------------------
[Epoch : 34/40]
Src_cls_loss	: 0.1116
-------------------------------------
[Epoch : 35/40]
Src_cls_loss	: 0.1089
-------------------------------------
[Epoch : 36/40]
Src_cls_loss	: 0.1061
-------------------------------------
[Epoch : 37/40]
Src_cls_loss	: 0.1035
-------------------------------------
[Epoch : 38/40]
Src_cls_loss	: 0.1010
-------------------------------------
[Epoch : 39/40]
Src_cls_loss	: 0.0985
-------------------------------------
[Epoch : 40/40]
Src_cls_loss	: 0.0962
-------------------------------------
