=============================================
Dataset: mobiact_realworld
Method:  NO_ADAPT
=============================================
Source: syn_67 ---> Target: dp_67
Run ID: 5
=============================================
[Epoch : 1/40]
Src_cls_loss	: 0.6326
-------------------------------------
[Epoch : 2/40]
Src_cls_loss	: 0.4555
-------------------------------------
[Epoch : 3/40]
Src_cls_loss	: 0.3589
-------------------------------------
[Epoch : 4/40]
Src_cls_loss	: 0.2962
-------------------------------------
[Epoch : 5/40]
Src_cls_loss	: 0.2525
-------------------------------------
[Epoch : 6/40]
Src_cls_loss	: 0.2226
-------------------------------------
[Epoch : 7/40]
Src_cls_loss	: 0.1995
-------------------------------------
[Epoch : 8/40]
Src_cls_loss	: 0.1809
-------------------------------------
[Epoch : 9/40]
Src_cls_loss	: 0.1668
-------------------------------------
[Epoch : 10/40]
Src_cls_loss	: 0.1538
-------------------------------------
[Epoch : 11/40]
Src_cls_loss	: 0.1428
-------------------------------------
[Epoch : 12/40]
Src_cls_loss	: 0.1336
-------------------------------------
[Epoch : 13/40]
Src_cls_loss	: 0.1268
-------------------------------------
[Epoch : 14/40]
Src_cls_loss	: 0.1201
-------------------------------------
[Epoch : 15/40]
Src_cls_loss	: 0.1132
-------------------------------------
[Epoch : 16/40]
Src_cls_loss	: 0.1073
-------------------------------------
[Epoch : 17/40]
Src_cls_loss	: 0.1023
-------------------------------------
[Epoch : 18/40]
Src_cls_loss	: 0.0976
-------------------------------------
[Epoch : 19/40]
Src_cls_loss	: 0.0932
-------------------------------------
[Epoch : 20/40]
Src_cls_loss	: 0.0896
-------------------------------------
[Epoch : 21/40]
Src_cls_loss	: 0.0861
-------------------------------------
[Epoch : 22/40]
Src_cls_loss	: 0.0832
-------------------------------------
[Epoch : 23/40]
Src_cls_loss	: 0.0803
-------------------------------------
[Epoch : 24/40]
Src_cls_loss	: 0.0776
-------------------------------------
[Epoch : 25/40]
Src_cls_loss	: 0.0751
-------------------------------------
[Epoch : 26/40]
Src_cls_loss	: 0.0727
-------------------------------------
[Epoch : 27/40]
Src_cls_loss	: 0.0704
-------------------------------------
[Epoch : 28/40]
Src_cls_loss	: 0.0682
-------------------------------------
[Epoch : 29/40]
Src_cls_loss	: 0.0667
-------------------------------------
[Epoch : 30/40]
Src_cls_loss	: 0.0652
-------------------------------------
[Epoch : 31/40]
Src_cls_loss	: 0.0636
-------------------------------------
[Epoch : 32/40]
Src_cls_loss	: 0.0619
-------------------------------------
[Epoch : 33/40]
Src_cls_loss	: 0.0604
-------------------------------------
[Epoch : 34/40]
Src_cls_loss	: 0.0591
-------------------------------------
[Epoch : 35/40]
Src_cls_loss	: 0.0577
-------------------------------------
[Epoch : 36/40]
Src_cls_loss	: 0.0563
-------------------------------------
[Epoch : 37/40]
Src_cls_loss	: 0.0550
-------------------------------------
[Epoch : 38/40]
Src_cls_loss	: 0.0538
-------------------------------------
[Epoch : 39/40]
Src_cls_loss	: 0.0525
-------------------------------------
[Epoch : 40/40]
Src_cls_loss	: 0.0515
-------------------------------------
