=============================================
Dataset: pamap_mobiact
Method:  Deep_Coral
=============================================
Source: df ---> Target: dp_56
Run ID: 0
=============================================
[Epoch : 1/40]
Total_loss	: 3.4181
Src_cls_loss	: 0.5127
coral_loss	: 0.0003
-------------------------------------
[Epoch : 2/40]
Total_loss	: 2.4408
Src_cls_loss	: 0.3659
coral_loss	: 0.0004
-------------------------------------
[Epoch : 3/40]
Total_loss	: 1.9761
Src_cls_loss	: 0.2961
coral_loss	: 0.0005
-------------------------------------
[Epoch : 4/40]
Total_loss	: 1.6796
Src_cls_loss	: 0.2516
coral_loss	: 0.0004
-------------------------------------
[Epoch : 5/40]
Total_loss	: 1.4716
Src_cls_loss	: 0.2204
coral_loss	: 0.0004
-------------------------------------
[Epoch : 6/40]
Total_loss	: 1.3297
Src_cls_loss	: 0.1992
coral_loss	: 0.0004
-------------------------------------
[Epoch : 7/40]
Total_loss	: 1.2251
Src_cls_loss	: 0.1835
coral_loss	: 0.0004
-------------------------------------
[Epoch : 8/40]
Total_loss	: 1.1224
Src_cls_loss	: 0.1681
coral_loss	: 0.0004
-------------------------------------
[Epoch : 9/40]
Total_loss	: 1.0466
Src_cls_loss	: 0.1567
coral_loss	: 0.0004
-------------------------------------
[Epoch : 10/40]
Total_loss	: 0.9729
Src_cls_loss	: 0.1457
coral_loss	: 0.0004
-------------------------------------
[Epoch : 11/40]
Total_loss	: 0.9140
Src_cls_loss	: 0.1368
coral_loss	: 0.0004
-------------------------------------
[Epoch : 12/40]
Total_loss	: 0.8643
Src_cls_loss	: 0.1293
coral_loss	: 0.0004
-------------------------------------
[Epoch : 13/40]
Total_loss	: 0.8237
Src_cls_loss	: 0.1233
coral_loss	: 0.0004
-------------------------------------
[Epoch : 14/40]
Total_loss	: 0.7854
Src_cls_loss	: 0.1175
coral_loss	: 0.0004
-------------------------------------
[Epoch : 15/40]
Total_loss	: 0.7549
Src_cls_loss	: 0.1129
coral_loss	: 0.0004
-------------------------------------
[Epoch : 16/40]
Total_loss	: 0.7196
Src_cls_loss	: 0.1077
coral_loss	: 0.0004
-------------------------------------
[Epoch : 17/40]
Total_loss	: 0.6937
Src_cls_loss	: 0.1038
coral_loss	: 0.0004
-------------------------------------
[Epoch : 18/40]
Total_loss	: 0.6674
Src_cls_loss	: 0.0998
coral_loss	: 0.0003
-------------------------------------
[Epoch : 19/40]
Total_loss	: 0.6416
Src_cls_loss	: 0.0960
coral_loss	: 0.0003
-------------------------------------
[Epoch : 20/40]
Total_loss	: 0.6174
Src_cls_loss	: 0.0923
coral_loss	: 0.0003
-------------------------------------
[Epoch : 21/40]
Total_loss	: 0.5946
Src_cls_loss	: 0.0889
coral_loss	: 0.0003
-------------------------------------
[Epoch : 22/40]
Total_loss	: 0.5772
Src_cls_loss	: 0.0863
coral_loss	: 0.0003
-------------------------------------
[Epoch : 23/40]
Total_loss	: 0.5584
Src_cls_loss	: 0.0835
coral_loss	: 0.0003
-------------------------------------
[Epoch : 24/40]
Total_loss	: 0.5437
Src_cls_loss	: 0.0813
coral_loss	: 0.0003
-------------------------------------
[Epoch : 25/40]
Total_loss	: 0.5275
Src_cls_loss	: 0.0789
coral_loss	: 0.0003
-------------------------------------
[Epoch : 26/40]
Total_loss	: 0.5115
Src_cls_loss	: 0.0765
coral_loss	: 0.0003
-------------------------------------
[Epoch : 27/40]
Total_loss	: 0.4969
Src_cls_loss	: 0.0743
coral_loss	: 0.0003
-------------------------------------
[Epoch : 28/40]
Total_loss	: 0.4843
Src_cls_loss	: 0.0724
coral_loss	: 0.0003
-------------------------------------
[Epoch : 29/40]
Total_loss	: 0.4729
Src_cls_loss	: 0.0707
coral_loss	: 0.0003
-------------------------------------
[Epoch : 30/40]
Total_loss	: 0.4605
Src_cls_loss	: 0.0688
coral_loss	: 0.0003
-------------------------------------
[Epoch : 31/40]
Total_loss	: 0.4511
Src_cls_loss	: 0.0674
coral_loss	: 0.0003
-------------------------------------
[Epoch : 32/40]
Total_loss	: 0.4411
Src_cls_loss	: 0.0659
coral_loss	: 0.0003
-------------------------------------
[Epoch : 33/40]
Total_loss	: 0.4326
Src_cls_loss	: 0.0646
coral_loss	: 0.0003
-------------------------------------
[Epoch : 34/40]
Total_loss	: 0.4240
Src_cls_loss	: 0.0633
coral_loss	: 0.0003
-------------------------------------
[Epoch : 35/40]
Total_loss	: 0.4143
Src_cls_loss	: 0.0619
coral_loss	: 0.0003
-------------------------------------
[Epoch : 36/40]
Total_loss	: 0.4068
Src_cls_loss	: 0.0608
coral_loss	: 0.0003
-------------------------------------
[Epoch : 37/40]
Total_loss	: 0.4007
Src_cls_loss	: 0.0598
coral_loss	: 0.0003
-------------------------------------
[Epoch : 38/40]
Total_loss	: 0.3928
Src_cls_loss	: 0.0587
coral_loss	: 0.0003
-------------------------------------
[Epoch : 39/40]
Total_loss	: 0.3851
Src_cls_loss	: 0.0575
coral_loss	: 0.0003
-------------------------------------
[Epoch : 40/40]
Total_loss	: 0.3801
Src_cls_loss	: 0.0568
coral_loss	: 0.0003
-------------------------------------
