=============================================
Dataset: pamap_mobiact
Method:  NO_ADAPT
=============================================
Source: syn_16 ---> Target: dp_16
Run ID: 8
=============================================
[Epoch : 1/40]
Src_cls_loss	: 0.6413
-------------------------------------
[Epoch : 2/40]
Src_cls_loss	: 0.4703
-------------------------------------
[Epoch : 3/40]
Src_cls_loss	: 0.3724
-------------------------------------
[Epoch : 4/40]
Src_cls_loss	: 0.3180
-------------------------------------
[Epoch : 5/40]
Src_cls_loss	: 0.2739
-------------------------------------
[Epoch : 6/40]
Src_cls_loss	: 0.2419
-------------------------------------
[Epoch : 7/40]
Src_cls_loss	: 0.2174
-------------------------------------
[Epoch : 8/40]
Src_cls_loss	: 0.1970
-------------------------------------
[Epoch : 9/40]
Src_cls_loss	: 0.1793
-------------------------------------
[Epoch : 10/40]
Src_cls_loss	: 0.1649
-------------------------------------
[Epoch : 11/40]
Src_cls_loss	: 0.1539
-------------------------------------
[Epoch : 12/40]
Src_cls_loss	: 0.1444
-------------------------------------
[Epoch : 13/40]
Src_cls_loss	: 0.1356
-------------------------------------
[Epoch : 14/40]
Src_cls_loss	: 0.1278
-------------------------------------
[Epoch : 15/40]
Src_cls_loss	: 0.1206
-------------------------------------
[Epoch : 16/40]
Src_cls_loss	: 0.1145
-------------------------------------
[Epoch : 17/40]
Src_cls_loss	: 0.1086
-------------------------------------
[Epoch : 18/40]
Src_cls_loss	: 0.1033
-------------------------------------
[Epoch : 19/40]
Src_cls_loss	: 0.0987
-------------------------------------
[Epoch : 20/40]
Src_cls_loss	: 0.0946
-------------------------------------
[Epoch : 21/40]
Src_cls_loss	: 0.0907
-------------------------------------
[Epoch : 22/40]
Src_cls_loss	: 0.0869
-------------------------------------
[Epoch : 23/40]
Src_cls_loss	: 0.0834
-------------------------------------
[Epoch : 24/40]
Src_cls_loss	: 0.0802
-------------------------------------
[Epoch : 25/40]
Src_cls_loss	: 0.0772
-------------------------------------
[Epoch : 26/40]
Src_cls_loss	: 0.0747
-------------------------------------
[Epoch : 27/40]
Src_cls_loss	: 0.0725
-------------------------------------
[Epoch : 28/40]
Src_cls_loss	: 0.0704
-------------------------------------
[Epoch : 29/40]
Src_cls_loss	: 0.0682
-------------------------------------
[Epoch : 30/40]
Src_cls_loss	: 0.0661
-------------------------------------
[Epoch : 31/40]
Src_cls_loss	: 0.0640
-------------------------------------
[Epoch : 32/40]
Src_cls_loss	: 0.0622
-------------------------------------
[Epoch : 33/40]
Src_cls_loss	: 0.0606
-------------------------------------
[Epoch : 34/40]
Src_cls_loss	: 0.0592
-------------------------------------
[Epoch : 35/40]
Src_cls_loss	: 0.0578
-------------------------------------
[Epoch : 36/40]
Src_cls_loss	: 0.0563
-------------------------------------
[Epoch : 37/40]
Src_cls_loss	: 0.0549
-------------------------------------
[Epoch : 38/40]
Src_cls_loss	: 0.0535
-------------------------------------
[Epoch : 39/40]
Src_cls_loss	: 0.0522
-------------------------------------
[Epoch : 40/40]
Src_cls_loss	: 0.0510
-------------------------------------
