=============================================
Dataset: pamap_mobiact
Method:  SYN
=============================================
Source: syn_wal_46 ---> Target: dp_wal_46
Run ID: 1
=============================================
[Epoch : 1/40]
Src_cls_loss	: 0.6105
-------------------------------------
[Epoch : 2/40]
Src_cls_loss	: 0.4229
-------------------------------------
[Epoch : 3/40]
Src_cls_loss	: 0.3264
-------------------------------------
[Epoch : 4/40]
Src_cls_loss	: 0.2650
-------------------------------------
[Epoch : 5/40]
Src_cls_loss	: 0.2288
-------------------------------------
[Epoch : 6/40]
Src_cls_loss	: 0.2024
-------------------------------------
[Epoch : 7/40]
Src_cls_loss	: 0.1807
-------------------------------------
[Epoch : 8/40]
Src_cls_loss	: 0.1632
-------------------------------------
[Epoch : 9/40]
Src_cls_loss	: 0.1483
-------------------------------------
[Epoch : 10/40]
Src_cls_loss	: 0.1368
-------------------------------------
[Epoch : 11/40]
Src_cls_loss	: 0.1259
-------------------------------------
[Epoch : 12/40]
Src_cls_loss	: 0.1174
-------------------------------------
[Epoch : 13/40]
Src_cls_loss	: 0.1099
-------------------------------------
[Epoch : 14/40]
Src_cls_loss	: 0.1035
-------------------------------------
[Epoch : 15/40]
Src_cls_loss	: 0.0978
-------------------------------------
[Epoch : 16/40]
Src_cls_loss	: 0.0923
-------------------------------------
[Epoch : 17/40]
Src_cls_loss	: 0.0880
-------------------------------------
[Epoch : 18/40]
Src_cls_loss	: 0.0839
-------------------------------------
[Epoch : 19/40]
Src_cls_loss	: 0.0799
-------------------------------------
[Epoch : 20/40]
Src_cls_loss	: 0.0764
-------------------------------------
[Epoch : 21/40]
Src_cls_loss	: 0.0730
-------------------------------------
[Epoch : 22/40]
Src_cls_loss	: 0.0700
-------------------------------------
[Epoch : 23/40]
Src_cls_loss	: 0.0672
-------------------------------------
[Epoch : 24/40]
Src_cls_loss	: 0.0646
-------------------------------------
[Epoch : 25/40]
Src_cls_loss	: 0.0623
-------------------------------------
[Epoch : 26/40]
Src_cls_loss	: 0.0605
-------------------------------------
[Epoch : 27/40]
Src_cls_loss	: 0.0584
-------------------------------------
[Epoch : 28/40]
Src_cls_loss	: 0.0566
-------------------------------------
[Epoch : 29/40]
Src_cls_loss	: 0.0548
-------------------------------------
[Epoch : 30/40]
Src_cls_loss	: 0.0530
-------------------------------------
[Epoch : 31/40]
Src_cls_loss	: 0.0514
-------------------------------------
[Epoch : 32/40]
Src_cls_loss	: 0.0499
-------------------------------------
[Epoch : 33/40]
Src_cls_loss	: 0.0485
-------------------------------------
[Epoch : 34/40]
Src_cls_loss	: 0.0471
-------------------------------------
[Epoch : 35/40]
Src_cls_loss	: 0.0459
-------------------------------------
[Epoch : 36/40]
Src_cls_loss	: 0.0448
-------------------------------------
[Epoch : 37/40]
Src_cls_loss	: 0.0437
-------------------------------------
[Epoch : 38/40]
Src_cls_loss	: 0.0426
-------------------------------------
[Epoch : 39/40]
Src_cls_loss	: 0.0416
-------------------------------------
[Epoch : 40/40]
Src_cls_loss	: 0.0407
-------------------------------------
