=============================================
Dataset: pamap_mobiact
Method:  NO_ADAPT
=============================================
Source: syn_54 ---> Target: dp_54
Run ID: 5
=============================================
[Epoch : 1/40]
Src_cls_loss	: 0.6879
-------------------------------------
[Epoch : 2/40]
Src_cls_loss	: 0.5198
-------------------------------------
[Epoch : 3/40]
Src_cls_loss	: 0.4134
-------------------------------------
[Epoch : 4/40]
Src_cls_loss	: 0.3425
-------------------------------------
[Epoch : 5/40]
Src_cls_loss	: 0.2914
-------------------------------------
[Epoch : 6/40]
Src_cls_loss	: 0.2564
-------------------------------------
[Epoch : 7/40]
Src_cls_loss	: 0.2282
-------------------------------------
[Epoch : 8/40]
Src_cls_loss	: 0.2064
-------------------------------------
[Epoch : 9/40]
Src_cls_loss	: 0.1888
-------------------------------------
[Epoch : 10/40]
Src_cls_loss	: 0.1743
-------------------------------------
[Epoch : 11/40]
Src_cls_loss	: 0.1630
-------------------------------------
[Epoch : 12/40]
Src_cls_loss	: 0.1524
-------------------------------------
[Epoch : 13/40]
Src_cls_loss	: 0.1441
-------------------------------------
[Epoch : 14/40]
Src_cls_loss	: 0.1362
-------------------------------------
[Epoch : 15/40]
Src_cls_loss	: 0.1292
-------------------------------------
[Epoch : 16/40]
Src_cls_loss	: 0.1227
-------------------------------------
[Epoch : 17/40]
Src_cls_loss	: 0.1169
-------------------------------------
[Epoch : 18/40]
Src_cls_loss	: 0.1116
-------------------------------------
[Epoch : 19/40]
Src_cls_loss	: 0.1066
-------------------------------------
[Epoch : 20/40]
Src_cls_loss	: 0.1036
-------------------------------------
[Epoch : 21/40]
Src_cls_loss	: 0.0999
-------------------------------------
[Epoch : 22/40]
Src_cls_loss	: 0.0963
-------------------------------------
[Epoch : 23/40]
Src_cls_loss	: 0.0930
-------------------------------------
[Epoch : 24/40]
Src_cls_loss	: 0.0900
-------------------------------------
[Epoch : 25/40]
Src_cls_loss	: 0.0868
-------------------------------------
[Epoch : 26/40]
Src_cls_loss	: 0.0840
-------------------------------------
[Epoch : 27/40]
Src_cls_loss	: 0.0815
-------------------------------------
[Epoch : 28/40]
Src_cls_loss	: 0.0792
-------------------------------------
[Epoch : 29/40]
Src_cls_loss	: 0.0772
-------------------------------------
[Epoch : 30/40]
Src_cls_loss	: 0.0750
-------------------------------------
[Epoch : 31/40]
Src_cls_loss	: 0.0731
-------------------------------------
[Epoch : 32/40]
Src_cls_loss	: 0.0712
-------------------------------------
[Epoch : 33/40]
Src_cls_loss	: 0.0693
-------------------------------------
[Epoch : 34/40]
Src_cls_loss	: 0.0676
-------------------------------------
[Epoch : 35/40]
Src_cls_loss	: 0.0660
-------------------------------------
[Epoch : 36/40]
Src_cls_loss	: 0.0646
-------------------------------------
[Epoch : 37/40]
Src_cls_loss	: 0.0633
-------------------------------------
[Epoch : 38/40]
Src_cls_loss	: 0.0620
-------------------------------------
[Epoch : 39/40]
Src_cls_loss	: 0.0607
-------------------------------------
[Epoch : 40/40]
Src_cls_loss	: 0.0595
-------------------------------------
