=============================================
Dataset: realworld_mobiact
Method:  NO_ADAPT
=============================================
Source: syn_33 ---> Target: dp_33
Run ID: 5
=============================================
[Epoch : 1/40]
Src_cls_loss	: 0.7829
-------------------------------------
[Epoch : 2/40]
Src_cls_loss	: 0.6077
-------------------------------------
[Epoch : 3/40]
Src_cls_loss	: 0.4792
-------------------------------------
[Epoch : 4/40]
Src_cls_loss	: 0.3917
-------------------------------------
[Epoch : 5/40]
Src_cls_loss	: 0.3308
-------------------------------------
[Epoch : 6/40]
Src_cls_loss	: 0.2860
-------------------------------------
[Epoch : 7/40]
Src_cls_loss	: 0.2519
-------------------------------------
[Epoch : 8/40]
Src_cls_loss	: 0.2259
-------------------------------------
[Epoch : 9/40]
Src_cls_loss	: 0.2054
-------------------------------------
[Epoch : 10/40]
Src_cls_loss	: 0.1876
-------------------------------------
[Epoch : 11/40]
Src_cls_loss	: 0.1724
-------------------------------------
[Epoch : 12/40]
Src_cls_loss	: 0.1596
-------------------------------------
[Epoch : 13/40]
Src_cls_loss	: 0.1490
-------------------------------------
[Epoch : 14/40]
Src_cls_loss	: 0.1400
-------------------------------------
[Epoch : 15/40]
Src_cls_loss	: 0.1327
-------------------------------------
[Epoch : 16/40]
Src_cls_loss	: 0.1256
-------------------------------------
[Epoch : 17/40]
Src_cls_loss	: 0.1189
-------------------------------------
[Epoch : 18/40]
Src_cls_loss	: 0.1128
-------------------------------------
[Epoch : 19/40]
Src_cls_loss	: 0.1073
-------------------------------------
[Epoch : 20/40]
Src_cls_loss	: 0.1022
-------------------------------------
[Epoch : 21/40]
Src_cls_loss	: 0.0977
-------------------------------------
[Epoch : 22/40]
Src_cls_loss	: 0.0935
-------------------------------------
[Epoch : 23/40]
Src_cls_loss	: 0.0900
-------------------------------------
[Epoch : 24/40]
Src_cls_loss	: 0.0866
-------------------------------------
[Epoch : 25/40]
Src_cls_loss	: 0.0834
-------------------------------------
[Epoch : 26/40]
Src_cls_loss	: 0.0804
-------------------------------------
[Epoch : 27/40]
Src_cls_loss	: 0.0776
-------------------------------------
[Epoch : 28/40]
Src_cls_loss	: 0.0750
-------------------------------------
[Epoch : 29/40]
Src_cls_loss	: 0.0727
-------------------------------------
[Epoch : 30/40]
Src_cls_loss	: 0.0708
-------------------------------------
[Epoch : 31/40]
Src_cls_loss	: 0.0687
-------------------------------------
[Epoch : 32/40]
Src_cls_loss	: 0.0669
-------------------------------------
[Epoch : 33/40]
Src_cls_loss	: 0.0651
-------------------------------------
[Epoch : 34/40]
Src_cls_loss	: 0.0636
-------------------------------------
[Epoch : 35/40]
Src_cls_loss	: 0.0620
-------------------------------------
[Epoch : 36/40]
Src_cls_loss	: 0.0604
-------------------------------------
[Epoch : 37/40]
Src_cls_loss	: 0.0590
-------------------------------------
[Epoch : 38/40]
Src_cls_loss	: 0.0577
-------------------------------------
[Epoch : 39/40]
Src_cls_loss	: 0.0564
-------------------------------------
[Epoch : 40/40]
Src_cls_loss	: 0.0551
-------------------------------------
