=============================================
Dataset: pamap_realworld
Method:  SYN
=============================================
Source: syn_wal_19 ---> Target: dp_wal_19
Run ID: 6
=============================================
[Epoch : 1/40]
Src_cls_loss	: 0.5643
-------------------------------------
[Epoch : 2/40]
Src_cls_loss	: 0.4219
-------------------------------------
[Epoch : 3/40]
Src_cls_loss	: 0.3195
-------------------------------------
[Epoch : 4/40]
Src_cls_loss	: 0.2593
-------------------------------------
[Epoch : 5/40]
Src_cls_loss	: 0.2162
-------------------------------------
[Epoch : 6/40]
Src_cls_loss	: 0.1852
-------------------------------------
[Epoch : 7/40]
Src_cls_loss	: 0.1627
-------------------------------------
[Epoch : 8/40]
Src_cls_loss	: 0.1455
-------------------------------------
[Epoch : 9/40]
Src_cls_loss	: 0.1318
-------------------------------------
[Epoch : 10/40]
Src_cls_loss	: 0.1205
-------------------------------------
[Epoch : 11/40]
Src_cls_loss	: 0.1110
-------------------------------------
[Epoch : 12/40]
Src_cls_loss	: 0.1030
-------------------------------------
[Epoch : 13/40]
Src_cls_loss	: 0.0963
-------------------------------------
[Epoch : 14/40]
Src_cls_loss	: 0.0908
-------------------------------------
[Epoch : 15/40]
Src_cls_loss	: 0.0859
-------------------------------------
[Epoch : 16/40]
Src_cls_loss	: 0.0811
-------------------------------------
[Epoch : 17/40]
Src_cls_loss	: 0.0768
-------------------------------------
[Epoch : 18/40]
Src_cls_loss	: 0.0728
-------------------------------------
[Epoch : 19/40]
Src_cls_loss	: 0.0693
-------------------------------------
[Epoch : 20/40]
Src_cls_loss	: 0.0661
-------------------------------------
[Epoch : 21/40]
Src_cls_loss	: 0.0632
-------------------------------------
[Epoch : 22/40]
Src_cls_loss	: 0.0607
-------------------------------------
[Epoch : 23/40]
Src_cls_loss	: 0.0582
-------------------------------------
[Epoch : 24/40]
Src_cls_loss	: 0.0559
-------------------------------------
[Epoch : 25/40]
Src_cls_loss	: 0.0539
-------------------------------------
[Epoch : 26/40]
Src_cls_loss	: 0.0519
-------------------------------------
[Epoch : 27/40]
Src_cls_loss	: 0.0503
-------------------------------------
[Epoch : 28/40]
Src_cls_loss	: 0.0488
-------------------------------------
[Epoch : 29/40]
Src_cls_loss	: 0.0472
-------------------------------------
[Epoch : 30/40]
Src_cls_loss	: 0.0458
-------------------------------------
[Epoch : 31/40]
Src_cls_loss	: 0.0444
-------------------------------------
[Epoch : 32/40]
Src_cls_loss	: 0.0431
-------------------------------------
[Epoch : 33/40]
Src_cls_loss	: 0.0418
-------------------------------------
[Epoch : 34/40]
Src_cls_loss	: 0.0407
-------------------------------------
[Epoch : 35/40]
Src_cls_loss	: 0.0396
-------------------------------------
[Epoch : 36/40]
Src_cls_loss	: 0.0385
-------------------------------------
[Epoch : 37/40]
Src_cls_loss	: 0.0376
-------------------------------------
[Epoch : 38/40]
Src_cls_loss	: 0.0367
-------------------------------------
[Epoch : 39/40]
Src_cls_loss	: 0.0359
-------------------------------------
[Epoch : 40/40]
Src_cls_loss	: 0.0351
-------------------------------------
