=============================================
Dataset: pamap_mobiact
Method:  NO_ADAPT
=============================================
Source: syn_11 ---> Target: dp_11
Run ID: 1
=============================================
[Epoch : 1/40]
Src_cls_loss	: 0.7255
-------------------------------------
[Epoch : 2/40]
Src_cls_loss	: 0.6032
-------------------------------------
[Epoch : 3/40]
Src_cls_loss	: 0.5181
-------------------------------------
[Epoch : 4/40]
Src_cls_loss	: 0.4525
-------------------------------------
[Epoch : 5/40]
Src_cls_loss	: 0.3981
-------------------------------------
[Epoch : 6/40]
Src_cls_loss	: 0.3568
-------------------------------------
[Epoch : 7/40]
Src_cls_loss	: 0.3229
-------------------------------------
[Epoch : 8/40]
Src_cls_loss	: 0.2949
-------------------------------------
[Epoch : 9/40]
Src_cls_loss	: 0.2725
-------------------------------------
[Epoch : 10/40]
Src_cls_loss	: 0.2529
-------------------------------------
[Epoch : 11/40]
Src_cls_loss	: 0.2373
-------------------------------------
[Epoch : 12/40]
Src_cls_loss	: 0.2224
-------------------------------------
[Epoch : 13/40]
Src_cls_loss	: 0.2090
-------------------------------------
[Epoch : 14/40]
Src_cls_loss	: 0.2006
-------------------------------------
[Epoch : 15/40]
Src_cls_loss	: 0.1919
-------------------------------------
[Epoch : 16/40]
Src_cls_loss	: 0.1823
-------------------------------------
[Epoch : 17/40]
Src_cls_loss	: 0.1735
-------------------------------------
[Epoch : 18/40]
Src_cls_loss	: 0.1655
-------------------------------------
[Epoch : 19/40]
Src_cls_loss	: 0.1582
-------------------------------------
[Epoch : 20/40]
Src_cls_loss	: 0.1513
-------------------------------------
[Epoch : 21/40]
Src_cls_loss	: 0.1454
-------------------------------------
[Epoch : 22/40]
Src_cls_loss	: 0.1401
-------------------------------------
[Epoch : 23/40]
Src_cls_loss	: 0.1351
-------------------------------------
[Epoch : 24/40]
Src_cls_loss	: 0.1304
-------------------------------------
[Epoch : 25/40]
Src_cls_loss	: 0.1261
-------------------------------------
[Epoch : 26/40]
Src_cls_loss	: 0.1220
-------------------------------------
[Epoch : 27/40]
Src_cls_loss	: 0.1182
-------------------------------------
[Epoch : 28/40]
Src_cls_loss	: 0.1147
-------------------------------------
[Epoch : 29/40]
Src_cls_loss	: 0.1116
-------------------------------------
[Epoch : 30/40]
Src_cls_loss	: 0.1083
-------------------------------------
[Epoch : 31/40]
Src_cls_loss	: 0.1052
-------------------------------------
[Epoch : 32/40]
Src_cls_loss	: 0.1023
-------------------------------------
[Epoch : 33/40]
Src_cls_loss	: 0.0999
-------------------------------------
[Epoch : 34/40]
Src_cls_loss	: 0.0974
-------------------------------------
[Epoch : 35/40]
Src_cls_loss	: 0.0952
-------------------------------------
[Epoch : 36/40]
Src_cls_loss	: 0.0930
-------------------------------------
[Epoch : 37/40]
Src_cls_loss	: 0.0910
-------------------------------------
[Epoch : 38/40]
Src_cls_loss	: 0.0893
-------------------------------------
[Epoch : 39/40]
Src_cls_loss	: 0.0873
-------------------------------------
[Epoch : 40/40]
Src_cls_loss	: 0.0857
-------------------------------------
