=============================================
Dataset: mobiact_realworld
Method:  SYN
=============================================
Source: syn_wal_61 ---> Target: dp_wal_61
Run ID: 5
=============================================
[Epoch : 1/40]
Src_cls_loss	: 0.7630
-------------------------------------
[Epoch : 2/40]
Src_cls_loss	: 0.5515
-------------------------------------
[Epoch : 3/40]
Src_cls_loss	: 0.4361
-------------------------------------
[Epoch : 4/40]
Src_cls_loss	: 0.3597
-------------------------------------
[Epoch : 5/40]
Src_cls_loss	: 0.3075
-------------------------------------
[Epoch : 6/40]
Src_cls_loss	: 0.2697
-------------------------------------
[Epoch : 7/40]
Src_cls_loss	: 0.2392
-------------------------------------
[Epoch : 8/40]
Src_cls_loss	: 0.2155
-------------------------------------
[Epoch : 9/40]
Src_cls_loss	: 0.1963
-------------------------------------
[Epoch : 10/40]
Src_cls_loss	: 0.1804
-------------------------------------
[Epoch : 11/40]
Src_cls_loss	: 0.1690
-------------------------------------
[Epoch : 12/40]
Src_cls_loss	: 0.1584
-------------------------------------
[Epoch : 13/40]
Src_cls_loss	: 0.1486
-------------------------------------
[Epoch : 14/40]
Src_cls_loss	: 0.1400
-------------------------------------
[Epoch : 15/40]
Src_cls_loss	: 0.1329
-------------------------------------
[Epoch : 16/40]
Src_cls_loss	: 0.1264
-------------------------------------
[Epoch : 17/40]
Src_cls_loss	: 0.1208
-------------------------------------
[Epoch : 18/40]
Src_cls_loss	: 0.1154
-------------------------------------
[Epoch : 19/40]
Src_cls_loss	: 0.1102
-------------------------------------
[Epoch : 20/40]
Src_cls_loss	: 0.1064
-------------------------------------
[Epoch : 21/40]
Src_cls_loss	: 0.1022
-------------------------------------
[Epoch : 22/40]
Src_cls_loss	: 0.0984
-------------------------------------
[Epoch : 23/40]
Src_cls_loss	: 0.0947
-------------------------------------
[Epoch : 24/40]
Src_cls_loss	: 0.0913
-------------------------------------
[Epoch : 25/40]
Src_cls_loss	: 0.0881
-------------------------------------
[Epoch : 26/40]
Src_cls_loss	: 0.0851
-------------------------------------
[Epoch : 27/40]
Src_cls_loss	: 0.0823
-------------------------------------
[Epoch : 28/40]
Src_cls_loss	: 0.0798
-------------------------------------
[Epoch : 29/40]
Src_cls_loss	: 0.0774
-------------------------------------
[Epoch : 30/40]
Src_cls_loss	: 0.0750
-------------------------------------
[Epoch : 31/40]
Src_cls_loss	: 0.0728
-------------------------------------
[Epoch : 32/40]
Src_cls_loss	: 0.0707
-------------------------------------
[Epoch : 33/40]
Src_cls_loss	: 0.0687
-------------------------------------
[Epoch : 34/40]
Src_cls_loss	: 0.0669
-------------------------------------
[Epoch : 35/40]
Src_cls_loss	: 0.0652
-------------------------------------
[Epoch : 36/40]
Src_cls_loss	: 0.0636
-------------------------------------
[Epoch : 37/40]
Src_cls_loss	: 0.0621
-------------------------------------
[Epoch : 38/40]
Src_cls_loss	: 0.0607
-------------------------------------
[Epoch : 39/40]
Src_cls_loss	: 0.0593
-------------------------------------
[Epoch : 40/40]
Src_cls_loss	: 0.0580
-------------------------------------
