=============================================
Dataset: pamap_realworld
Method:  NO_ADAPT
=============================================
Source: syn_6 ---> Target: dp_6
Run ID: 7
=============================================
[Epoch : 1/40]
Src_cls_loss	: 0.3862
-------------------------------------
[Epoch : 2/40]
Src_cls_loss	: 0.2414
-------------------------------------
[Epoch : 3/40]
Src_cls_loss	: 0.1804
-------------------------------------
[Epoch : 4/40]
Src_cls_loss	: 0.1450
-------------------------------------
[Epoch : 5/40]
Src_cls_loss	: 0.1228
-------------------------------------
[Epoch : 6/40]
Src_cls_loss	: 0.1073
-------------------------------------
[Epoch : 7/40]
Src_cls_loss	: 0.0952
-------------------------------------
[Epoch : 8/40]
Src_cls_loss	: 0.0862
-------------------------------------
[Epoch : 9/40]
Src_cls_loss	: 0.0783
-------------------------------------
[Epoch : 10/40]
Src_cls_loss	: 0.0718
-------------------------------------
[Epoch : 11/40]
Src_cls_loss	: 0.0679
-------------------------------------
[Epoch : 12/40]
Src_cls_loss	: 0.0638
-------------------------------------
[Epoch : 13/40]
Src_cls_loss	: 0.0601
-------------------------------------
[Epoch : 14/40]
Src_cls_loss	: 0.0565
-------------------------------------
[Epoch : 15/40]
Src_cls_loss	: 0.0534
-------------------------------------
[Epoch : 16/40]
Src_cls_loss	: 0.0508
-------------------------------------
[Epoch : 17/40]
Src_cls_loss	: 0.0482
-------------------------------------
[Epoch : 18/40]
Src_cls_loss	: 0.0461
-------------------------------------
[Epoch : 19/40]
Src_cls_loss	: 0.0441
-------------------------------------
[Epoch : 20/40]
Src_cls_loss	: 0.0423
-------------------------------------
[Epoch : 21/40]
Src_cls_loss	: 0.0408
-------------------------------------
[Epoch : 22/40]
Src_cls_loss	: 0.0392
-------------------------------------
[Epoch : 23/40]
Src_cls_loss	: 0.0380
-------------------------------------
[Epoch : 24/40]
Src_cls_loss	: 0.0368
-------------------------------------
[Epoch : 25/40]
Src_cls_loss	: 0.0357
-------------------------------------
[Epoch : 26/40]
Src_cls_loss	: 0.0345
-------------------------------------
[Epoch : 27/40]
Src_cls_loss	: 0.0335
-------------------------------------
[Epoch : 28/40]
Src_cls_loss	: 0.0325
-------------------------------------
[Epoch : 29/40]
Src_cls_loss	: 0.0316
-------------------------------------
[Epoch : 30/40]
Src_cls_loss	: 0.0311
-------------------------------------
[Epoch : 31/40]
Src_cls_loss	: 0.0304
-------------------------------------
[Epoch : 32/40]
Src_cls_loss	: 0.0295
-------------------------------------
[Epoch : 33/40]
Src_cls_loss	: 0.0288
-------------------------------------
[Epoch : 34/40]
Src_cls_loss	: 0.0281
-------------------------------------
[Epoch : 35/40]
Src_cls_loss	: 0.0275
-------------------------------------
[Epoch : 36/40]
Src_cls_loss	: 0.0270
-------------------------------------
[Epoch : 37/40]
Src_cls_loss	: 0.0265
-------------------------------------
[Epoch : 38/40]
Src_cls_loss	: 0.0259
-------------------------------------
[Epoch : 39/40]
Src_cls_loss	: 0.0253
-------------------------------------
[Epoch : 40/40]
Src_cls_loss	: 0.0248
-------------------------------------
