=============================================
Dataset: pamap_realworld
Method:  SYN
=============================================
Source: syn_wal_17 ---> Target: dp_wal_17
Run ID: 8
=============================================
[Epoch : 1/40]
Src_cls_loss	: 0.5216
-------------------------------------
[Epoch : 2/40]
Src_cls_loss	: 0.3547
-------------------------------------
[Epoch : 3/40]
Src_cls_loss	: 0.2655
-------------------------------------
[Epoch : 4/40]
Src_cls_loss	: 0.2116
-------------------------------------
[Epoch : 5/40]
Src_cls_loss	: 0.1769
-------------------------------------
[Epoch : 6/40]
Src_cls_loss	: 0.1533
-------------------------------------
[Epoch : 7/40]
Src_cls_loss	: 0.1341
-------------------------------------
[Epoch : 8/40]
Src_cls_loss	: 0.1202
-------------------------------------
[Epoch : 9/40]
Src_cls_loss	: 0.1082
-------------------------------------
[Epoch : 10/40]
Src_cls_loss	: 0.0989
-------------------------------------
[Epoch : 11/40]
Src_cls_loss	: 0.0916
-------------------------------------
[Epoch : 12/40]
Src_cls_loss	: 0.0850
-------------------------------------
[Epoch : 13/40]
Src_cls_loss	: 0.0789
-------------------------------------
[Epoch : 14/40]
Src_cls_loss	: 0.0741
-------------------------------------
[Epoch : 15/40]
Src_cls_loss	: 0.0696
-------------------------------------
[Epoch : 16/40]
Src_cls_loss	: 0.0656
-------------------------------------
[Epoch : 17/40]
Src_cls_loss	: 0.0621
-------------------------------------
[Epoch : 18/40]
Src_cls_loss	: 0.0589
-------------------------------------
[Epoch : 19/40]
Src_cls_loss	: 0.0561
-------------------------------------
[Epoch : 20/40]
Src_cls_loss	: 0.0537
-------------------------------------
[Epoch : 21/40]
Src_cls_loss	: 0.0514
-------------------------------------
[Epoch : 22/40]
Src_cls_loss	: 0.0493
-------------------------------------
[Epoch : 23/40]
Src_cls_loss	: 0.0473
-------------------------------------
[Epoch : 24/40]
Src_cls_loss	: 0.0455
-------------------------------------
[Epoch : 25/40]
Src_cls_loss	: 0.0438
-------------------------------------
[Epoch : 26/40]
Src_cls_loss	: 0.0421
-------------------------------------
[Epoch : 27/40]
Src_cls_loss	: 0.0407
-------------------------------------
[Epoch : 28/40]
Src_cls_loss	: 0.0393
-------------------------------------
[Epoch : 29/40]
Src_cls_loss	: 0.0380
-------------------------------------
[Epoch : 30/40]
Src_cls_loss	: 0.0368
-------------------------------------
[Epoch : 31/40]
Src_cls_loss	: 0.0357
-------------------------------------
[Epoch : 32/40]
Src_cls_loss	: 0.0346
-------------------------------------
[Epoch : 33/40]
Src_cls_loss	: 0.0336
-------------------------------------
[Epoch : 34/40]
Src_cls_loss	: 0.0326
-------------------------------------
[Epoch : 35/40]
Src_cls_loss	: 0.0317
-------------------------------------
[Epoch : 36/40]
Src_cls_loss	: 0.0309
-------------------------------------
[Epoch : 37/40]
Src_cls_loss	: 0.0301
-------------------------------------
[Epoch : 38/40]
Src_cls_loss	: 0.0293
-------------------------------------
[Epoch : 39/40]
Src_cls_loss	: 0.0287
-------------------------------------
[Epoch : 40/40]
Src_cls_loss	: 0.0281
-------------------------------------
