=============================================
Dataset: realworld_mobiact
Method:  Deep_Coral
=============================================
Source: df ---> Target: dp_wal_73
Run ID: 0
=============================================
[Epoch : 1/40]
Total_loss	: 3.3775
Src_cls_loss	: 0.5060
coral_loss	: 0.0009
-------------------------------------
[Epoch : 2/40]
Total_loss	: 2.9280
Src_cls_loss	: 0.4386
coral_loss	: 0.0009
-------------------------------------
[Epoch : 3/40]
Total_loss	: 2.6590
Src_cls_loss	: 0.3983
coral_loss	: 0.0008
-------------------------------------
[Epoch : 4/40]
Total_loss	: 2.4884
Src_cls_loss	: 0.3728
coral_loss	: 0.0007
-------------------------------------
[Epoch : 5/40]
Total_loss	: 2.3551
Src_cls_loss	: 0.3528
coral_loss	: 0.0007
-------------------------------------
[Epoch : 6/40]
Total_loss	: 2.2505
Src_cls_loss	: 0.3371
coral_loss	: 0.0006
-------------------------------------
[Epoch : 7/40]
Total_loss	: 2.1578
Src_cls_loss	: 0.3233
coral_loss	: 0.0006
-------------------------------------
[Epoch : 8/40]
Total_loss	: 2.0790
Src_cls_loss	: 0.3115
coral_loss	: 0.0006
-------------------------------------
[Epoch : 9/40]
Total_loss	: 2.0063
Src_cls_loss	: 0.3006
coral_loss	: 0.0005
-------------------------------------
[Epoch : 10/40]
Total_loss	: 1.9424
Src_cls_loss	: 0.2910
coral_loss	: 0.0005
-------------------------------------
[Epoch : 11/40]
Total_loss	: 1.8818
Src_cls_loss	: 0.2819
coral_loss	: 0.0005
-------------------------------------
[Epoch : 12/40]
Total_loss	: 1.8313
Src_cls_loss	: 0.2744
coral_loss	: 0.0005
-------------------------------------
[Epoch : 13/40]
Total_loss	: 1.7913
Src_cls_loss	: 0.2684
coral_loss	: 0.0005
-------------------------------------
[Epoch : 14/40]
Total_loss	: 1.7524
Src_cls_loss	: 0.2625
coral_loss	: 0.0005
-------------------------------------
[Epoch : 15/40]
Total_loss	: 1.7136
Src_cls_loss	: 0.2567
coral_loss	: 0.0005
-------------------------------------
[Epoch : 16/40]
Total_loss	: 1.6801
Src_cls_loss	: 0.2517
coral_loss	: 0.0005
-------------------------------------
[Epoch : 17/40]
Total_loss	: 1.6519
Src_cls_loss	: 0.2475
coral_loss	: 0.0005
-------------------------------------
[Epoch : 18/40]
Total_loss	: 1.6242
Src_cls_loss	: 0.2433
coral_loss	: 0.0005
-------------------------------------
[Epoch : 19/40]
Total_loss	: 1.5963
Src_cls_loss	: 0.2391
coral_loss	: 0.0005
-------------------------------------
[Epoch : 20/40]
Total_loss	: 1.5728
Src_cls_loss	: 0.2356
coral_loss	: 0.0005
-------------------------------------
[Epoch : 21/40]
Total_loss	: 1.5504
Src_cls_loss	: 0.2322
coral_loss	: 0.0004
-------------------------------------
[Epoch : 22/40]
Total_loss	: 1.5285
Src_cls_loss	: 0.2290
coral_loss	: 0.0004
-------------------------------------
[Epoch : 23/40]
Total_loss	: 1.5077
Src_cls_loss	: 0.2258
coral_loss	: 0.0004
-------------------------------------
[Epoch : 24/40]
Total_loss	: 1.4875
Src_cls_loss	: 0.2228
coral_loss	: 0.0004
-------------------------------------
[Epoch : 25/40]
Total_loss	: 1.4671
Src_cls_loss	: 0.2198
coral_loss	: 0.0004
-------------------------------------
[Epoch : 26/40]
Total_loss	: 1.4473
Src_cls_loss	: 0.2168
coral_loss	: 0.0004
-------------------------------------
[Epoch : 27/40]
Total_loss	: 1.4305
Src_cls_loss	: 0.2143
coral_loss	: 0.0004
-------------------------------------
[Epoch : 28/40]
Total_loss	: 1.4117
Src_cls_loss	: 0.2115
coral_loss	: 0.0004
-------------------------------------
[Epoch : 29/40]
Total_loss	: 1.3947
Src_cls_loss	: 0.2089
coral_loss	: 0.0004
-------------------------------------
[Epoch : 30/40]
Total_loss	: 1.3793
Src_cls_loss	: 0.2066
coral_loss	: 0.0004
-------------------------------------
[Epoch : 31/40]
Total_loss	: 1.3647
Src_cls_loss	: 0.2044
coral_loss	: 0.0004
-------------------------------------
[Epoch : 32/40]
Total_loss	: 1.3509
Src_cls_loss	: 0.2023
coral_loss	: 0.0004
-------------------------------------
[Epoch : 33/40]
Total_loss	: 1.3351
Src_cls_loss	: 0.2000
coral_loss	: 0.0004
-------------------------------------
[Epoch : 34/40]
Total_loss	: 1.3215
Src_cls_loss	: 0.1979
coral_loss	: 0.0004
-------------------------------------
[Epoch : 35/40]
Total_loss	: 1.3081
Src_cls_loss	: 0.1959
coral_loss	: 0.0004
-------------------------------------
[Epoch : 36/40]
Total_loss	: 1.2966
Src_cls_loss	: 0.1942
coral_loss	: 0.0004
-------------------------------------
[Epoch : 37/40]
Total_loss	: 1.2839
Src_cls_loss	: 0.1923
coral_loss	: 0.0004
-------------------------------------
[Epoch : 38/40]
Total_loss	: 1.2725
Src_cls_loss	: 0.1906
coral_loss	: 0.0004
-------------------------------------
[Epoch : 39/40]
Total_loss	: 1.2615
Src_cls_loss	: 0.1889
coral_loss	: 0.0004
-------------------------------------
[Epoch : 40/40]
Total_loss	: 1.2511
Src_cls_loss	: 0.1874
coral_loss	: 0.0004
-------------------------------------
