=============================================
Dataset: realworld_mobiact
Method:  NO_ADAPT
=============================================
Source: syn_37 ---> Target: dp_37
Run ID: 6
=============================================
[Epoch : 1/40]
Src_cls_loss	: 0.9375
-------------------------------------
[Epoch : 2/40]
Src_cls_loss	: 0.7683
-------------------------------------
[Epoch : 3/40]
Src_cls_loss	: 0.6219
-------------------------------------
[Epoch : 4/40]
Src_cls_loss	: 0.5190
-------------------------------------
[Epoch : 5/40]
Src_cls_loss	: 0.4420
-------------------------------------
[Epoch : 6/40]
Src_cls_loss	: 0.3825
-------------------------------------
[Epoch : 7/40]
Src_cls_loss	: 0.3378
-------------------------------------
[Epoch : 8/40]
Src_cls_loss	: 0.3016
-------------------------------------
[Epoch : 9/40]
Src_cls_loss	: 0.2725
-------------------------------------
[Epoch : 10/40]
Src_cls_loss	: 0.2484
-------------------------------------
[Epoch : 11/40]
Src_cls_loss	: 0.2287
-------------------------------------
[Epoch : 12/40]
Src_cls_loss	: 0.2129
-------------------------------------
[Epoch : 13/40]
Src_cls_loss	: 0.1995
-------------------------------------
[Epoch : 14/40]
Src_cls_loss	: 0.1872
-------------------------------------
[Epoch : 15/40]
Src_cls_loss	: 0.1760
-------------------------------------
[Epoch : 16/40]
Src_cls_loss	: 0.1662
-------------------------------------
[Epoch : 17/40]
Src_cls_loss	: 0.1574
-------------------------------------
[Epoch : 18/40]
Src_cls_loss	: 0.1492
-------------------------------------
[Epoch : 19/40]
Src_cls_loss	: 0.1425
-------------------------------------
[Epoch : 20/40]
Src_cls_loss	: 0.1362
-------------------------------------
[Epoch : 21/40]
Src_cls_loss	: 0.1303
-------------------------------------
[Epoch : 22/40]
Src_cls_loss	: 0.1248
-------------------------------------
[Epoch : 23/40]
Src_cls_loss	: 0.1196
-------------------------------------
[Epoch : 24/40]
Src_cls_loss	: 0.1152
-------------------------------------
[Epoch : 25/40]
Src_cls_loss	: 0.1109
-------------------------------------
[Epoch : 26/40]
Src_cls_loss	: 0.1070
-------------------------------------
[Epoch : 27/40]
Src_cls_loss	: 0.1033
-------------------------------------
[Epoch : 28/40]
Src_cls_loss	: 0.0999
-------------------------------------
[Epoch : 29/40]
Src_cls_loss	: 0.0967
-------------------------------------
[Epoch : 30/40]
Src_cls_loss	: 0.0937
-------------------------------------
[Epoch : 31/40]
Src_cls_loss	: 0.0908
-------------------------------------
[Epoch : 32/40]
Src_cls_loss	: 0.0883
-------------------------------------
[Epoch : 33/40]
Src_cls_loss	: 0.0859
-------------------------------------
[Epoch : 34/40]
Src_cls_loss	: 0.0838
-------------------------------------
[Epoch : 35/40]
Src_cls_loss	: 0.0818
-------------------------------------
[Epoch : 36/40]
Src_cls_loss	: 0.0797
-------------------------------------
[Epoch : 37/40]
Src_cls_loss	: 0.0779
-------------------------------------
[Epoch : 38/40]
Src_cls_loss	: 0.0763
-------------------------------------
[Epoch : 39/40]
Src_cls_loss	: 0.0747
-------------------------------------
[Epoch : 40/40]
Src_cls_loss	: 0.0732
-------------------------------------
