=============================================
Dataset: pamap_mobiact
Method:  NO_ADAPT
=============================================
Source: syn_9 ---> Target: dp_9
Run ID: 2
=============================================
[Epoch : 1/40]
Src_cls_loss	: 0.5685
-------------------------------------
[Epoch : 2/40]
Src_cls_loss	: 0.4404
-------------------------------------
[Epoch : 3/40]
Src_cls_loss	: 0.3656
-------------------------------------
[Epoch : 4/40]
Src_cls_loss	: 0.3129
-------------------------------------
[Epoch : 5/40]
Src_cls_loss	: 0.2755
-------------------------------------
[Epoch : 6/40]
Src_cls_loss	: 0.2442
-------------------------------------
[Epoch : 7/40]
Src_cls_loss	: 0.2189
-------------------------------------
[Epoch : 8/40]
Src_cls_loss	: 0.1985
-------------------------------------
[Epoch : 9/40]
Src_cls_loss	: 0.1898
-------------------------------------
[Epoch : 10/40]
Src_cls_loss	: 0.1784
-------------------------------------
[Epoch : 11/40]
Src_cls_loss	: 0.1677
-------------------------------------
[Epoch : 12/40]
Src_cls_loss	: 0.1575
-------------------------------------
[Epoch : 13/40]
Src_cls_loss	: 0.1478
-------------------------------------
[Epoch : 14/40]
Src_cls_loss	: 0.1387
-------------------------------------
[Epoch : 15/40]
Src_cls_loss	: 0.1314
-------------------------------------
[Epoch : 16/40]
Src_cls_loss	: 0.1243
-------------------------------------
[Epoch : 17/40]
Src_cls_loss	: 0.1184
-------------------------------------
[Epoch : 18/40]
Src_cls_loss	: 0.1132
-------------------------------------
[Epoch : 19/40]
Src_cls_loss	: 0.1092
-------------------------------------
[Epoch : 20/40]
Src_cls_loss	: 0.1048
-------------------------------------
[Epoch : 21/40]
Src_cls_loss	: 0.1008
-------------------------------------
[Epoch : 22/40]
Src_cls_loss	: 0.0967
-------------------------------------
[Epoch : 23/40]
Src_cls_loss	: 0.0930
-------------------------------------
[Epoch : 24/40]
Src_cls_loss	: 0.0898
-------------------------------------
[Epoch : 25/40]
Src_cls_loss	: 0.0866
-------------------------------------
[Epoch : 26/40]
Src_cls_loss	: 0.0838
-------------------------------------
[Epoch : 27/40]
Src_cls_loss	: 0.0813
-------------------------------------
[Epoch : 28/40]
Src_cls_loss	: 0.0789
-------------------------------------
[Epoch : 29/40]
Src_cls_loss	: 0.0765
-------------------------------------
[Epoch : 30/40]
Src_cls_loss	: 0.0746
-------------------------------------
[Epoch : 31/40]
Src_cls_loss	: 0.0726
-------------------------------------
[Epoch : 32/40]
Src_cls_loss	: 0.0707
-------------------------------------
[Epoch : 33/40]
Src_cls_loss	: 0.0691
-------------------------------------
[Epoch : 34/40]
Src_cls_loss	: 0.0672
-------------------------------------
[Epoch : 35/40]
Src_cls_loss	: 0.0654
-------------------------------------
[Epoch : 36/40]
Src_cls_loss	: 0.0637
-------------------------------------
[Epoch : 37/40]
Src_cls_loss	: 0.0624
-------------------------------------
[Epoch : 38/40]
Src_cls_loss	: 0.0609
-------------------------------------
[Epoch : 39/40]
Src_cls_loss	: 0.0594
-------------------------------------
[Epoch : 40/40]
Src_cls_loss	: 0.0581
-------------------------------------
