=============================================
Dataset: mobiact_pamap
Method:  NO_ADAPT
=============================================
Source: df ---> Target: dp_66
Run ID: 2
=============================================
[Epoch : 1/40]
Src_cls_loss	: 0.5311
-------------------------------------
[Epoch : 2/40]
Src_cls_loss	: 0.4453
-------------------------------------
[Epoch : 3/40]
Src_cls_loss	: 0.3908
-------------------------------------
[Epoch : 4/40]
Src_cls_loss	: 0.3478
-------------------------------------
[Epoch : 5/40]
Src_cls_loss	: 0.3162
-------------------------------------
[Epoch : 6/40]
Src_cls_loss	: 0.2921
-------------------------------------
[Epoch : 7/40]
Src_cls_loss	: 0.2711
-------------------------------------
[Epoch : 8/40]
Src_cls_loss	: 0.2527
-------------------------------------
[Epoch : 9/40]
Src_cls_loss	: 0.2368
-------------------------------------
[Epoch : 10/40]
Src_cls_loss	: 0.2229
-------------------------------------
[Epoch : 11/40]
Src_cls_loss	: 0.2112
-------------------------------------
[Epoch : 12/40]
Src_cls_loss	: 0.2010
-------------------------------------
[Epoch : 13/40]
Src_cls_loss	: 0.1916
-------------------------------------
[Epoch : 14/40]
Src_cls_loss	: 0.1833
-------------------------------------
[Epoch : 15/40]
Src_cls_loss	: 0.1761
-------------------------------------
[Epoch : 16/40]
Src_cls_loss	: 0.1695
-------------------------------------
[Epoch : 17/40]
Src_cls_loss	: 0.1638
-------------------------------------
[Epoch : 18/40]
Src_cls_loss	: 0.1581
-------------------------------------
[Epoch : 19/40]
Src_cls_loss	: 0.1531
-------------------------------------
[Epoch : 20/40]
Src_cls_loss	: 0.1488
-------------------------------------
[Epoch : 21/40]
Src_cls_loss	: 0.1443
-------------------------------------
[Epoch : 22/40]
Src_cls_loss	: 0.1407
-------------------------------------
[Epoch : 23/40]
Src_cls_loss	: 0.1371
-------------------------------------
[Epoch : 24/40]
Src_cls_loss	: 0.1333
-------------------------------------
[Epoch : 25/40]
Src_cls_loss	: 0.1299
-------------------------------------
[Epoch : 26/40]
Src_cls_loss	: 0.1268
-------------------------------------
[Epoch : 27/40]
Src_cls_loss	: 0.1241
-------------------------------------
[Epoch : 28/40]
Src_cls_loss	: 0.1214
-------------------------------------
[Epoch : 29/40]
Src_cls_loss	: 0.1186
-------------------------------------
[Epoch : 30/40]
Src_cls_loss	: 0.1163
-------------------------------------
[Epoch : 31/40]
Src_cls_loss	: 0.1139
-------------------------------------
[Epoch : 32/40]
Src_cls_loss	: 0.1117
-------------------------------------
[Epoch : 33/40]
Src_cls_loss	: 0.1099
-------------------------------------
[Epoch : 34/40]
Src_cls_loss	: 0.1077
-------------------------------------
[Epoch : 35/40]
Src_cls_loss	: 0.1059
-------------------------------------
[Epoch : 36/40]
Src_cls_loss	: 0.1040
-------------------------------------
[Epoch : 37/40]
Src_cls_loss	: 0.1024
-------------------------------------
[Epoch : 38/40]
Src_cls_loss	: 0.1007
-------------------------------------
[Epoch : 39/40]
Src_cls_loss	: 0.0991
-------------------------------------
[Epoch : 40/40]
Src_cls_loss	: 0.0978
-------------------------------------
