=============================================
Dataset: realworld_mobiact
Method:  SYN
=============================================
Source: syn_wal_75 ---> Target: dp_wal_75
Run ID: 7
=============================================
[Epoch : 1/40]
Src_cls_loss	: 0.8516
-------------------------------------
[Epoch : 2/40]
Src_cls_loss	: 0.6782
-------------------------------------
[Epoch : 3/40]
Src_cls_loss	: 0.5304
-------------------------------------
[Epoch : 4/40]
Src_cls_loss	: 0.4310
-------------------------------------
[Epoch : 5/40]
Src_cls_loss	: 0.3607
-------------------------------------
[Epoch : 6/40]
Src_cls_loss	: 0.3094
-------------------------------------
[Epoch : 7/40]
Src_cls_loss	: 0.2708
-------------------------------------
[Epoch : 8/40]
Src_cls_loss	: 0.2399
-------------------------------------
[Epoch : 9/40]
Src_cls_loss	: 0.2156
-------------------------------------
[Epoch : 10/40]
Src_cls_loss	: 0.1961
-------------------------------------
[Epoch : 11/40]
Src_cls_loss	: 0.1796
-------------------------------------
[Epoch : 12/40]
Src_cls_loss	: 0.1655
-------------------------------------
[Epoch : 13/40]
Src_cls_loss	: 0.1537
-------------------------------------
[Epoch : 14/40]
Src_cls_loss	: 0.1436
-------------------------------------
[Epoch : 15/40]
Src_cls_loss	: 0.1345
-------------------------------------
[Epoch : 16/40]
Src_cls_loss	: 0.1265
-------------------------------------
[Epoch : 17/40]
Src_cls_loss	: 0.1195
-------------------------------------
[Epoch : 18/40]
Src_cls_loss	: 0.1133
-------------------------------------
[Epoch : 19/40]
Src_cls_loss	: 0.1076
-------------------------------------
[Epoch : 20/40]
Src_cls_loss	: 0.1025
-------------------------------------
[Epoch : 21/40]
Src_cls_loss	: 0.0978
-------------------------------------
[Epoch : 22/40]
Src_cls_loss	: 0.0936
-------------------------------------
[Epoch : 23/40]
Src_cls_loss	: 0.0897
-------------------------------------
[Epoch : 24/40]
Src_cls_loss	: 0.0861
-------------------------------------
[Epoch : 25/40]
Src_cls_loss	: 0.0828
-------------------------------------
[Epoch : 26/40]
Src_cls_loss	: 0.0797
-------------------------------------
[Epoch : 27/40]
Src_cls_loss	: 0.0770
-------------------------------------
[Epoch : 28/40]
Src_cls_loss	: 0.0744
-------------------------------------
[Epoch : 29/40]
Src_cls_loss	: 0.0719
-------------------------------------
[Epoch : 30/40]
Src_cls_loss	: 0.0696
-------------------------------------
[Epoch : 31/40]
Src_cls_loss	: 0.0674
-------------------------------------
[Epoch : 32/40]
Src_cls_loss	: 0.0654
-------------------------------------
[Epoch : 33/40]
Src_cls_loss	: 0.0635
-------------------------------------
[Epoch : 34/40]
Src_cls_loss	: 0.0617
-------------------------------------
[Epoch : 35/40]
Src_cls_loss	: 0.0600
-------------------------------------
[Epoch : 36/40]
Src_cls_loss	: 0.0584
-------------------------------------
[Epoch : 37/40]
Src_cls_loss	: 0.0569
-------------------------------------
[Epoch : 38/40]
Src_cls_loss	: 0.0554
-------------------------------------
[Epoch : 39/40]
Src_cls_loss	: 0.0540
-------------------------------------
[Epoch : 40/40]
Src_cls_loss	: 0.0527
-------------------------------------
