=============================================
Dataset: realworld_mobiact
Method:  SYN
=============================================
Source: syn_wal_26 ---> Target: dp_wal_26
Run ID: 3
=============================================
[Epoch : 1/40]
Src_cls_loss	: 0.8349
-------------------------------------
[Epoch : 2/40]
Src_cls_loss	: 0.6667
-------------------------------------
[Epoch : 3/40]
Src_cls_loss	: 0.5387
-------------------------------------
[Epoch : 4/40]
Src_cls_loss	: 0.4388
-------------------------------------
[Epoch : 5/40]
Src_cls_loss	: 0.3718
-------------------------------------
[Epoch : 6/40]
Src_cls_loss	: 0.3226
-------------------------------------
[Epoch : 7/40]
Src_cls_loss	: 0.2842
-------------------------------------
[Epoch : 8/40]
Src_cls_loss	: 0.2557
-------------------------------------
[Epoch : 9/40]
Src_cls_loss	: 0.2321
-------------------------------------
[Epoch : 10/40]
Src_cls_loss	: 0.2135
-------------------------------------
[Epoch : 11/40]
Src_cls_loss	: 0.1976
-------------------------------------
[Epoch : 12/40]
Src_cls_loss	: 0.1847
-------------------------------------
[Epoch : 13/40]
Src_cls_loss	: 0.1730
-------------------------------------
[Epoch : 14/40]
Src_cls_loss	: 0.1631
-------------------------------------
[Epoch : 15/40]
Src_cls_loss	: 0.1545
-------------------------------------
[Epoch : 16/40]
Src_cls_loss	: 0.1469
-------------------------------------
[Epoch : 17/40]
Src_cls_loss	: 0.1402
-------------------------------------
[Epoch : 18/40]
Src_cls_loss	: 0.1342
-------------------------------------
[Epoch : 19/40]
Src_cls_loss	: 0.1284
-------------------------------------
[Epoch : 20/40]
Src_cls_loss	: 0.1232
-------------------------------------
[Epoch : 21/40]
Src_cls_loss	: 0.1187
-------------------------------------
[Epoch : 22/40]
Src_cls_loss	: 0.1149
-------------------------------------
[Epoch : 23/40]
Src_cls_loss	: 0.1110
-------------------------------------
[Epoch : 24/40]
Src_cls_loss	: 0.1074
-------------------------------------
[Epoch : 25/40]
Src_cls_loss	: 0.1039
-------------------------------------
[Epoch : 26/40]
Src_cls_loss	: 0.1007
-------------------------------------
[Epoch : 27/40]
Src_cls_loss	: 0.0978
-------------------------------------
[Epoch : 28/40]
Src_cls_loss	: 0.0951
-------------------------------------
[Epoch : 29/40]
Src_cls_loss	: 0.0926
-------------------------------------
[Epoch : 30/40]
Src_cls_loss	: 0.0901
-------------------------------------
[Epoch : 31/40]
Src_cls_loss	: 0.0880
-------------------------------------
[Epoch : 32/40]
Src_cls_loss	: 0.0861
-------------------------------------
[Epoch : 33/40]
Src_cls_loss	: 0.0841
-------------------------------------
[Epoch : 34/40]
Src_cls_loss	: 0.0821
-------------------------------------
[Epoch : 35/40]
Src_cls_loss	: 0.0802
-------------------------------------
[Epoch : 36/40]
Src_cls_loss	: 0.0785
-------------------------------------
[Epoch : 37/40]
Src_cls_loss	: 0.0768
-------------------------------------
[Epoch : 38/40]
Src_cls_loss	: 0.0753
-------------------------------------
[Epoch : 39/40]
Src_cls_loss	: 0.0737
-------------------------------------
[Epoch : 40/40]
Src_cls_loss	: 0.0723
-------------------------------------
