=============================================
Dataset: realworld_mobiact
Method:  NO_ADAPT
=============================================
Source: syn_47 ---> Target: dp_47
Run ID: 8
=============================================
[Epoch : 1/40]
Src_cls_loss	: 0.8733
-------------------------------------
[Epoch : 2/40]
Src_cls_loss	: 0.6975
-------------------------------------
[Epoch : 3/40]
Src_cls_loss	: 0.5617
-------------------------------------
[Epoch : 4/40]
Src_cls_loss	: 0.4639
-------------------------------------
[Epoch : 5/40]
Src_cls_loss	: 0.3946
-------------------------------------
[Epoch : 6/40]
Src_cls_loss	: 0.3412
-------------------------------------
[Epoch : 7/40]
Src_cls_loss	: 0.2989
-------------------------------------
[Epoch : 8/40]
Src_cls_loss	: 0.2677
-------------------------------------
[Epoch : 9/40]
Src_cls_loss	: 0.2424
-------------------------------------
[Epoch : 10/40]
Src_cls_loss	: 0.2235
-------------------------------------
[Epoch : 11/40]
Src_cls_loss	: 0.2051
-------------------------------------
[Epoch : 12/40]
Src_cls_loss	: 0.1903
-------------------------------------
[Epoch : 13/40]
Src_cls_loss	: 0.1775
-------------------------------------
[Epoch : 14/40]
Src_cls_loss	: 0.1659
-------------------------------------
[Epoch : 15/40]
Src_cls_loss	: 0.1557
-------------------------------------
[Epoch : 16/40]
Src_cls_loss	: 0.1469
-------------------------------------
[Epoch : 17/40]
Src_cls_loss	: 0.1389
-------------------------------------
[Epoch : 18/40]
Src_cls_loss	: 0.1318
-------------------------------------
[Epoch : 19/40]
Src_cls_loss	: 0.1255
-------------------------------------
[Epoch : 20/40]
Src_cls_loss	: 0.1198
-------------------------------------
[Epoch : 21/40]
Src_cls_loss	: 0.1147
-------------------------------------
[Epoch : 22/40]
Src_cls_loss	: 0.1105
-------------------------------------
[Epoch : 23/40]
Src_cls_loss	: 0.1063
-------------------------------------
[Epoch : 24/40]
Src_cls_loss	: 0.1027
-------------------------------------
[Epoch : 25/40]
Src_cls_loss	: 0.0990
-------------------------------------
[Epoch : 26/40]
Src_cls_loss	: 0.0957
-------------------------------------
[Epoch : 27/40]
Src_cls_loss	: 0.0924
-------------------------------------
[Epoch : 28/40]
Src_cls_loss	: 0.0893
-------------------------------------
[Epoch : 29/40]
Src_cls_loss	: 0.0865
-------------------------------------
[Epoch : 30/40]
Src_cls_loss	: 0.0838
-------------------------------------
[Epoch : 31/40]
Src_cls_loss	: 0.0815
-------------------------------------
[Epoch : 32/40]
Src_cls_loss	: 0.0791
-------------------------------------
[Epoch : 33/40]
Src_cls_loss	: 0.0770
-------------------------------------
[Epoch : 34/40]
Src_cls_loss	: 0.0749
-------------------------------------
[Epoch : 35/40]
Src_cls_loss	: 0.0729
-------------------------------------
[Epoch : 36/40]
Src_cls_loss	: 0.0710
-------------------------------------
[Epoch : 37/40]
Src_cls_loss	: 0.0692
-------------------------------------
[Epoch : 38/40]
Src_cls_loss	: 0.0677
-------------------------------------
[Epoch : 39/40]
Src_cls_loss	: 0.0664
-------------------------------------
[Epoch : 40/40]
Src_cls_loss	: 0.0650
-------------------------------------
