=============================================
Dataset: pamap_mobiact
Method:  SYN
=============================================
Source: syn_wal_20 ---> Target: dp_wal_20
Run ID: 6
=============================================
[Epoch : 1/40]
Src_cls_loss	: 0.5939
-------------------------------------
[Epoch : 2/40]
Src_cls_loss	: 0.3951
-------------------------------------
[Epoch : 3/40]
Src_cls_loss	: 0.3017
-------------------------------------
[Epoch : 4/40]
Src_cls_loss	: 0.2474
-------------------------------------
[Epoch : 5/40]
Src_cls_loss	: 0.2116
-------------------------------------
[Epoch : 6/40]
Src_cls_loss	: 0.1870
-------------------------------------
[Epoch : 7/40]
Src_cls_loss	: 0.1667
-------------------------------------
[Epoch : 8/40]
Src_cls_loss	: 0.1513
-------------------------------------
[Epoch : 9/40]
Src_cls_loss	: 0.1383
-------------------------------------
[Epoch : 10/40]
Src_cls_loss	: 0.1268
-------------------------------------
[Epoch : 11/40]
Src_cls_loss	: 0.1174
-------------------------------------
[Epoch : 12/40]
Src_cls_loss	: 0.1099
-------------------------------------
[Epoch : 13/40]
Src_cls_loss	: 0.1035
-------------------------------------
[Epoch : 14/40]
Src_cls_loss	: 0.0969
-------------------------------------
[Epoch : 15/40]
Src_cls_loss	: 0.0914
-------------------------------------
[Epoch : 16/40]
Src_cls_loss	: 0.0863
-------------------------------------
[Epoch : 17/40]
Src_cls_loss	: 0.0820
-------------------------------------
[Epoch : 18/40]
Src_cls_loss	: 0.0786
-------------------------------------
[Epoch : 19/40]
Src_cls_loss	: 0.0751
-------------------------------------
[Epoch : 20/40]
Src_cls_loss	: 0.0718
-------------------------------------
[Epoch : 21/40]
Src_cls_loss	: 0.0690
-------------------------------------
[Epoch : 22/40]
Src_cls_loss	: 0.0662
-------------------------------------
[Epoch : 23/40]
Src_cls_loss	: 0.0637
-------------------------------------
[Epoch : 24/40]
Src_cls_loss	: 0.0613
-------------------------------------
[Epoch : 25/40]
Src_cls_loss	: 0.0595
-------------------------------------
[Epoch : 26/40]
Src_cls_loss	: 0.0575
-------------------------------------
[Epoch : 27/40]
Src_cls_loss	: 0.0555
-------------------------------------
[Epoch : 28/40]
Src_cls_loss	: 0.0537
-------------------------------------
[Epoch : 29/40]
Src_cls_loss	: 0.0520
-------------------------------------
[Epoch : 30/40]
Src_cls_loss	: 0.0504
-------------------------------------
[Epoch : 31/40]
Src_cls_loss	: 0.0489
-------------------------------------
[Epoch : 32/40]
Src_cls_loss	: 0.0474
-------------------------------------
[Epoch : 33/40]
Src_cls_loss	: 0.0461
-------------------------------------
[Epoch : 34/40]
Src_cls_loss	: 0.0449
-------------------------------------
[Epoch : 35/40]
Src_cls_loss	: 0.0438
-------------------------------------
[Epoch : 36/40]
Src_cls_loss	: 0.0428
-------------------------------------
[Epoch : 37/40]
Src_cls_loss	: 0.0418
-------------------------------------
[Epoch : 38/40]
Src_cls_loss	: 0.0409
-------------------------------------
[Epoch : 39/40]
Src_cls_loss	: 0.0399
-------------------------------------
[Epoch : 40/40]
Src_cls_loss	: 0.0390
-------------------------------------
