=============================================
Dataset: mobiact_realworld
Method:  SYN
=============================================
Source: syn_wal_66 ---> Target: dp_wal_66
Run ID: 6
=============================================
[Epoch : 1/40]
Src_cls_loss	: 0.7775
-------------------------------------
[Epoch : 2/40]
Src_cls_loss	: 0.5758
-------------------------------------
[Epoch : 3/40]
Src_cls_loss	: 0.4529
-------------------------------------
[Epoch : 4/40]
Src_cls_loss	: 0.3718
-------------------------------------
[Epoch : 5/40]
Src_cls_loss	: 0.3161
-------------------------------------
[Epoch : 6/40]
Src_cls_loss	: 0.2744
-------------------------------------
[Epoch : 7/40]
Src_cls_loss	: 0.2437
-------------------------------------
[Epoch : 8/40]
Src_cls_loss	: 0.2191
-------------------------------------
[Epoch : 9/40]
Src_cls_loss	: 0.2018
-------------------------------------
[Epoch : 10/40]
Src_cls_loss	: 0.1874
-------------------------------------
[Epoch : 11/40]
Src_cls_loss	: 0.1733
-------------------------------------
[Epoch : 12/40]
Src_cls_loss	: 0.1615
-------------------------------------
[Epoch : 13/40]
Src_cls_loss	: 0.1515
-------------------------------------
[Epoch : 14/40]
Src_cls_loss	: 0.1425
-------------------------------------
[Epoch : 15/40]
Src_cls_loss	: 0.1343
-------------------------------------
[Epoch : 16/40]
Src_cls_loss	: 0.1269
-------------------------------------
[Epoch : 17/40]
Src_cls_loss	: 0.1202
-------------------------------------
[Epoch : 18/40]
Src_cls_loss	: 0.1143
-------------------------------------
[Epoch : 19/40]
Src_cls_loss	: 0.1092
-------------------------------------
[Epoch : 20/40]
Src_cls_loss	: 0.1045
-------------------------------------
[Epoch : 21/40]
Src_cls_loss	: 0.1001
-------------------------------------
[Epoch : 22/40]
Src_cls_loss	: 0.0965
-------------------------------------
[Epoch : 23/40]
Src_cls_loss	: 0.0936
-------------------------------------
[Epoch : 24/40]
Src_cls_loss	: 0.0904
-------------------------------------
[Epoch : 25/40]
Src_cls_loss	: 0.0873
-------------------------------------
[Epoch : 26/40]
Src_cls_loss	: 0.0843
-------------------------------------
[Epoch : 27/40]
Src_cls_loss	: 0.0815
-------------------------------------
[Epoch : 28/40]
Src_cls_loss	: 0.0788
-------------------------------------
[Epoch : 29/40]
Src_cls_loss	: 0.0763
-------------------------------------
[Epoch : 30/40]
Src_cls_loss	: 0.0740
-------------------------------------
[Epoch : 31/40]
Src_cls_loss	: 0.0718
-------------------------------------
[Epoch : 32/40]
Src_cls_loss	: 0.0699
-------------------------------------
[Epoch : 33/40]
Src_cls_loss	: 0.0679
-------------------------------------
[Epoch : 34/40]
Src_cls_loss	: 0.0661
-------------------------------------
[Epoch : 35/40]
Src_cls_loss	: 0.0643
-------------------------------------
[Epoch : 36/40]
Src_cls_loss	: 0.0627
-------------------------------------
[Epoch : 37/40]
Src_cls_loss	: 0.0612
-------------------------------------
[Epoch : 38/40]
Src_cls_loss	: 0.0597
-------------------------------------
[Epoch : 39/40]
Src_cls_loss	: 0.0584
-------------------------------------
[Epoch : 40/40]
Src_cls_loss	: 0.0571
-------------------------------------
