=============================================
Dataset: pamap_mobiact
Method:  Deep_Coral
=============================================
Source: df ---> Target: dp_57
Run ID: 0
=============================================
[Epoch : 1/40]
Total_loss	: 3.4179
Src_cls_loss	: 0.5128
coral_loss	: 0.0002
-------------------------------------
[Epoch : 2/40]
Total_loss	: 2.4393
Src_cls_loss	: 0.3659
coral_loss	: 0.0002
-------------------------------------
[Epoch : 3/40]
Total_loss	: 1.9728
Src_cls_loss	: 0.2959
coral_loss	: 0.0002
-------------------------------------
[Epoch : 4/40]
Total_loss	: 1.6762
Src_cls_loss	: 0.2513
coral_loss	: 0.0002
-------------------------------------
[Epoch : 5/40]
Total_loss	: 1.4688
Src_cls_loss	: 0.2202
coral_loss	: 0.0002
-------------------------------------
[Epoch : 6/40]
Total_loss	: 1.3261
Src_cls_loss	: 0.1988
coral_loss	: 0.0003
-------------------------------------
[Epoch : 7/40]
Total_loss	: 1.2218
Src_cls_loss	: 0.1831
coral_loss	: 0.0003
-------------------------------------
[Epoch : 8/40]
Total_loss	: 1.1195
Src_cls_loss	: 0.1678
coral_loss	: 0.0003
-------------------------------------
[Epoch : 9/40]
Total_loss	: 1.0439
Src_cls_loss	: 0.1564
coral_loss	: 0.0003
-------------------------------------
[Epoch : 10/40]
Total_loss	: 0.9703
Src_cls_loss	: 0.1454
coral_loss	: 0.0003
-------------------------------------
[Epoch : 11/40]
Total_loss	: 0.9113
Src_cls_loss	: 0.1365
coral_loss	: 0.0003
-------------------------------------
[Epoch : 12/40]
Total_loss	: 0.8616
Src_cls_loss	: 0.1290
coral_loss	: 0.0003
-------------------------------------
[Epoch : 13/40]
Total_loss	: 0.8204
Src_cls_loss	: 0.1229
coral_loss	: 0.0003
-------------------------------------
[Epoch : 14/40]
Total_loss	: 0.7820
Src_cls_loss	: 0.1171
coral_loss	: 0.0003
-------------------------------------
[Epoch : 15/40]
Total_loss	: 0.7521
Src_cls_loss	: 0.1126
coral_loss	: 0.0003
-------------------------------------
[Epoch : 16/40]
Total_loss	: 0.7172
Src_cls_loss	: 0.1074
coral_loss	: 0.0003
-------------------------------------
[Epoch : 17/40]
Total_loss	: 0.6912
Src_cls_loss	: 0.1035
coral_loss	: 0.0003
-------------------------------------
[Epoch : 18/40]
Total_loss	: 0.6650
Src_cls_loss	: 0.0995
coral_loss	: 0.0003
-------------------------------------
[Epoch : 19/40]
Total_loss	: 0.6392
Src_cls_loss	: 0.0957
coral_loss	: 0.0003
-------------------------------------
[Epoch : 20/40]
Total_loss	: 0.6153
Src_cls_loss	: 0.0921
coral_loss	: 0.0003
-------------------------------------
[Epoch : 21/40]
Total_loss	: 0.5926
Src_cls_loss	: 0.0887
coral_loss	: 0.0003
-------------------------------------
[Epoch : 22/40]
Total_loss	: 0.5754
Src_cls_loss	: 0.0861
coral_loss	: 0.0003
-------------------------------------
[Epoch : 23/40]
Total_loss	: 0.5564
Src_cls_loss	: 0.0833
coral_loss	: 0.0003
-------------------------------------
[Epoch : 24/40]
Total_loss	: 0.5418
Src_cls_loss	: 0.0811
coral_loss	: 0.0003
-------------------------------------
[Epoch : 25/40]
Total_loss	: 0.5255
Src_cls_loss	: 0.0786
coral_loss	: 0.0003
-------------------------------------
[Epoch : 26/40]
Total_loss	: 0.5096
Src_cls_loss	: 0.0762
coral_loss	: 0.0003
-------------------------------------
[Epoch : 27/40]
Total_loss	: 0.4949
Src_cls_loss	: 0.0740
coral_loss	: 0.0003
-------------------------------------
[Epoch : 28/40]
Total_loss	: 0.4826
Src_cls_loss	: 0.0722
coral_loss	: 0.0003
-------------------------------------
[Epoch : 29/40]
Total_loss	: 0.4713
Src_cls_loss	: 0.0705
coral_loss	: 0.0003
-------------------------------------
[Epoch : 30/40]
Total_loss	: 0.4593
Src_cls_loss	: 0.0687
coral_loss	: 0.0003
-------------------------------------
[Epoch : 31/40]
Total_loss	: 0.4496
Src_cls_loss	: 0.0672
coral_loss	: 0.0003
-------------------------------------
[Epoch : 32/40]
Total_loss	: 0.4396
Src_cls_loss	: 0.0657
coral_loss	: 0.0003
-------------------------------------
[Epoch : 33/40]
Total_loss	: 0.4310
Src_cls_loss	: 0.0644
coral_loss	: 0.0003
-------------------------------------
[Epoch : 34/40]
Total_loss	: 0.4224
Src_cls_loss	: 0.0631
coral_loss	: 0.0003
-------------------------------------
[Epoch : 35/40]
Total_loss	: 0.4126
Src_cls_loss	: 0.0617
coral_loss	: 0.0003
-------------------------------------
[Epoch : 36/40]
Total_loss	: 0.4053
Src_cls_loss	: 0.0606
coral_loss	: 0.0003
-------------------------------------
[Epoch : 37/40]
Total_loss	: 0.3990
Src_cls_loss	: 0.0596
coral_loss	: 0.0003
-------------------------------------
[Epoch : 38/40]
Total_loss	: 0.3911
Src_cls_loss	: 0.0584
coral_loss	: 0.0003
-------------------------------------
[Epoch : 39/40]
Total_loss	: 0.3836
Src_cls_loss	: 0.0573
coral_loss	: 0.0003
-------------------------------------
[Epoch : 40/40]
Total_loss	: 0.3782
Src_cls_loss	: 0.0565
coral_loss	: 0.0003
-------------------------------------
