=============================================
Dataset: pamap_realworld
Method:  NO_ADAPT
=============================================
Source: syn_15 ---> Target: dp_15
Run ID: 9
=============================================
[Epoch : 1/40]
Src_cls_loss	: 0.4606
-------------------------------------
[Epoch : 2/40]
Src_cls_loss	: 0.3023
-------------------------------------
[Epoch : 3/40]
Src_cls_loss	: 0.2321
-------------------------------------
[Epoch : 4/40]
Src_cls_loss	: 0.1929
-------------------------------------
[Epoch : 5/40]
Src_cls_loss	: 0.1640
-------------------------------------
[Epoch : 6/40]
Src_cls_loss	: 0.1452
-------------------------------------
[Epoch : 7/40]
Src_cls_loss	: 0.1310
-------------------------------------
[Epoch : 8/40]
Src_cls_loss	: 0.1193
-------------------------------------
[Epoch : 9/40]
Src_cls_loss	: 0.1103
-------------------------------------
[Epoch : 10/40]
Src_cls_loss	: 0.1031
-------------------------------------
[Epoch : 11/40]
Src_cls_loss	: 0.0971
-------------------------------------
[Epoch : 12/40]
Src_cls_loss	: 0.0909
-------------------------------------
[Epoch : 13/40]
Src_cls_loss	: 0.0863
-------------------------------------
[Epoch : 14/40]
Src_cls_loss	: 0.0822
-------------------------------------
[Epoch : 15/40]
Src_cls_loss	: 0.0787
-------------------------------------
[Epoch : 16/40]
Src_cls_loss	: 0.0755
-------------------------------------
[Epoch : 17/40]
Src_cls_loss	: 0.0724
-------------------------------------
[Epoch : 18/40]
Src_cls_loss	: 0.0697
-------------------------------------
[Epoch : 19/40]
Src_cls_loss	: 0.0670
-------------------------------------
[Epoch : 20/40]
Src_cls_loss	: 0.0649
-------------------------------------
[Epoch : 21/40]
Src_cls_loss	: 0.0631
-------------------------------------
[Epoch : 22/40]
Src_cls_loss	: 0.0613
-------------------------------------
[Epoch : 23/40]
Src_cls_loss	: 0.0592
-------------------------------------
[Epoch : 24/40]
Src_cls_loss	: 0.0574
-------------------------------------
[Epoch : 25/40]
Src_cls_loss	: 0.0555
-------------------------------------
[Epoch : 26/40]
Src_cls_loss	: 0.0540
-------------------------------------
[Epoch : 27/40]
Src_cls_loss	: 0.0526
-------------------------------------
[Epoch : 28/40]
Src_cls_loss	: 0.0510
-------------------------------------
[Epoch : 29/40]
Src_cls_loss	: 0.0499
-------------------------------------
[Epoch : 30/40]
Src_cls_loss	: 0.0487
-------------------------------------
[Epoch : 31/40]
Src_cls_loss	: 0.0474
-------------------------------------
[Epoch : 32/40]
Src_cls_loss	: 0.0462
-------------------------------------
[Epoch : 33/40]
Src_cls_loss	: 0.0452
-------------------------------------
[Epoch : 34/40]
Src_cls_loss	: 0.0444
-------------------------------------
[Epoch : 35/40]
Src_cls_loss	: 0.0433
-------------------------------------
[Epoch : 36/40]
Src_cls_loss	: 0.0425
-------------------------------------
[Epoch : 37/40]
Src_cls_loss	: 0.0416
-------------------------------------
[Epoch : 38/40]
Src_cls_loss	: 0.0411
-------------------------------------
[Epoch : 39/40]
Src_cls_loss	: 0.0402
-------------------------------------
[Epoch : 40/40]
Src_cls_loss	: 0.0395
-------------------------------------
