=============================================
Dataset: pamap_mobiact
Method:  SYN
=============================================
Source: syn_wal_43 ---> Target: dp_wal_43
Run ID: 5
=============================================
[Epoch : 1/40]
Src_cls_loss	: 0.5704
-------------------------------------
[Epoch : 2/40]
Src_cls_loss	: 0.3914
-------------------------------------
[Epoch : 3/40]
Src_cls_loss	: 0.3055
-------------------------------------
[Epoch : 4/40]
Src_cls_loss	: 0.2537
-------------------------------------
[Epoch : 5/40]
Src_cls_loss	: 0.2165
-------------------------------------
[Epoch : 6/40]
Src_cls_loss	: 0.1888
-------------------------------------
[Epoch : 7/40]
Src_cls_loss	: 0.1673
-------------------------------------
[Epoch : 8/40]
Src_cls_loss	: 0.1517
-------------------------------------
[Epoch : 9/40]
Src_cls_loss	: 0.1374
-------------------------------------
[Epoch : 10/40]
Src_cls_loss	: 0.1260
-------------------------------------
[Epoch : 11/40]
Src_cls_loss	: 0.1165
-------------------------------------
[Epoch : 12/40]
Src_cls_loss	: 0.1083
-------------------------------------
[Epoch : 13/40]
Src_cls_loss	: 0.1025
-------------------------------------
[Epoch : 14/40]
Src_cls_loss	: 0.0961
-------------------------------------
[Epoch : 15/40]
Src_cls_loss	: 0.0906
-------------------------------------
[Epoch : 16/40]
Src_cls_loss	: 0.0861
-------------------------------------
[Epoch : 17/40]
Src_cls_loss	: 0.0818
-------------------------------------
[Epoch : 18/40]
Src_cls_loss	: 0.0780
-------------------------------------
[Epoch : 19/40]
Src_cls_loss	: 0.0748
-------------------------------------
[Epoch : 20/40]
Src_cls_loss	: 0.0715
-------------------------------------
[Epoch : 21/40]
Src_cls_loss	: 0.0686
-------------------------------------
[Epoch : 22/40]
Src_cls_loss	: 0.0657
-------------------------------------
[Epoch : 23/40]
Src_cls_loss	: 0.0630
-------------------------------------
[Epoch : 24/40]
Src_cls_loss	: 0.0607
-------------------------------------
[Epoch : 25/40]
Src_cls_loss	: 0.0585
-------------------------------------
[Epoch : 26/40]
Src_cls_loss	: 0.0564
-------------------------------------
[Epoch : 27/40]
Src_cls_loss	: 0.0544
-------------------------------------
[Epoch : 28/40]
Src_cls_loss	: 0.0527
-------------------------------------
[Epoch : 29/40]
Src_cls_loss	: 0.0510
-------------------------------------
[Epoch : 30/40]
Src_cls_loss	: 0.0494
-------------------------------------
[Epoch : 31/40]
Src_cls_loss	: 0.0478
-------------------------------------
[Epoch : 32/40]
Src_cls_loss	: 0.0465
-------------------------------------
[Epoch : 33/40]
Src_cls_loss	: 0.0451
-------------------------------------
[Epoch : 34/40]
Src_cls_loss	: 0.0440
-------------------------------------
[Epoch : 35/40]
Src_cls_loss	: 0.0429
-------------------------------------
[Epoch : 36/40]
Src_cls_loss	: 0.0418
-------------------------------------
[Epoch : 37/40]
Src_cls_loss	: 0.0407
-------------------------------------
[Epoch : 38/40]
Src_cls_loss	: 0.0398
-------------------------------------
[Epoch : 39/40]
Src_cls_loss	: 0.0388
-------------------------------------
[Epoch : 40/40]
Src_cls_loss	: 0.0379
-------------------------------------
