=============================================
Dataset: realworld_mobiact
Method:  SYN
=============================================
Source: syn_wal_41 ---> Target: dp_wal_41
Run ID: 9
=============================================
[Epoch : 1/40]
Src_cls_loss	: 0.8066
-------------------------------------
[Epoch : 2/40]
Src_cls_loss	: 0.6124
-------------------------------------
[Epoch : 3/40]
Src_cls_loss	: 0.4815
-------------------------------------
[Epoch : 4/40]
Src_cls_loss	: 0.3947
-------------------------------------
[Epoch : 5/40]
Src_cls_loss	: 0.3334
-------------------------------------
[Epoch : 6/40]
Src_cls_loss	: 0.2897
-------------------------------------
[Epoch : 7/40]
Src_cls_loss	: 0.2579
-------------------------------------
[Epoch : 8/40]
Src_cls_loss	: 0.2318
-------------------------------------
[Epoch : 9/40]
Src_cls_loss	: 0.2115
-------------------------------------
[Epoch : 10/40]
Src_cls_loss	: 0.1936
-------------------------------------
[Epoch : 11/40]
Src_cls_loss	: 0.1787
-------------------------------------
[Epoch : 12/40]
Src_cls_loss	: 0.1670
-------------------------------------
[Epoch : 13/40]
Src_cls_loss	: 0.1575
-------------------------------------
[Epoch : 14/40]
Src_cls_loss	: 0.1487
-------------------------------------
[Epoch : 15/40]
Src_cls_loss	: 0.1406
-------------------------------------
[Epoch : 16/40]
Src_cls_loss	: 0.1333
-------------------------------------
[Epoch : 17/40]
Src_cls_loss	: 0.1271
-------------------------------------
[Epoch : 18/40]
Src_cls_loss	: 0.1217
-------------------------------------
[Epoch : 19/40]
Src_cls_loss	: 0.1168
-------------------------------------
[Epoch : 20/40]
Src_cls_loss	: 0.1118
-------------------------------------
[Epoch : 21/40]
Src_cls_loss	: 0.1073
-------------------------------------
[Epoch : 22/40]
Src_cls_loss	: 0.1034
-------------------------------------
[Epoch : 23/40]
Src_cls_loss	: 0.0996
-------------------------------------
[Epoch : 24/40]
Src_cls_loss	: 0.0963
-------------------------------------
[Epoch : 25/40]
Src_cls_loss	: 0.0934
-------------------------------------
[Epoch : 26/40]
Src_cls_loss	: 0.0907
-------------------------------------
[Epoch : 27/40]
Src_cls_loss	: 0.0881
-------------------------------------
[Epoch : 28/40]
Src_cls_loss	: 0.0856
-------------------------------------
[Epoch : 29/40]
Src_cls_loss	: 0.0832
-------------------------------------
[Epoch : 30/40]
Src_cls_loss	: 0.0809
-------------------------------------
[Epoch : 31/40]
Src_cls_loss	: 0.0791
-------------------------------------
[Epoch : 32/40]
Src_cls_loss	: 0.0771
-------------------------------------
[Epoch : 33/40]
Src_cls_loss	: 0.0754
-------------------------------------
[Epoch : 34/40]
Src_cls_loss	: 0.0736
-------------------------------------
[Epoch : 35/40]
Src_cls_loss	: 0.0719
-------------------------------------
[Epoch : 36/40]
Src_cls_loss	: 0.0703
-------------------------------------
[Epoch : 37/40]
Src_cls_loss	: 0.0691
-------------------------------------
[Epoch : 38/40]
Src_cls_loss	: 0.0678
-------------------------------------
[Epoch : 39/40]
Src_cls_loss	: 0.0666
-------------------------------------
[Epoch : 40/40]
Src_cls_loss	: 0.0655
-------------------------------------
