=============================================
Dataset: realworld_mobiact
Method:  Deep_Coral
=============================================
Source: df ---> Target: dp_34
Run ID: 0
=============================================
[Epoch : 1/40]
Total_loss	: 3.3720
Src_cls_loss	: 0.5057
coral_loss	: 0.0004
-------------------------------------
[Epoch : 2/40]
Total_loss	: 2.9225
Src_cls_loss	: 0.4382
coral_loss	: 0.0004
-------------------------------------
[Epoch : 3/40]
Total_loss	: 2.6536
Src_cls_loss	: 0.3979
coral_loss	: 0.0004
-------------------------------------
[Epoch : 4/40]
Total_loss	: 2.4830
Src_cls_loss	: 0.3723
coral_loss	: 0.0004
-------------------------------------
[Epoch : 5/40]
Total_loss	: 2.3511
Src_cls_loss	: 0.3525
coral_loss	: 0.0004
-------------------------------------
[Epoch : 6/40]
Total_loss	: 2.2469
Src_cls_loss	: 0.3369
coral_loss	: 0.0003
-------------------------------------
[Epoch : 7/40]
Total_loss	: 2.1540
Src_cls_loss	: 0.3229
coral_loss	: 0.0003
-------------------------------------
[Epoch : 8/40]
Total_loss	: 2.0760
Src_cls_loss	: 0.3112
coral_loss	: 0.0003
-------------------------------------
[Epoch : 9/40]
Total_loss	: 2.0038
Src_cls_loss	: 0.3004
coral_loss	: 0.0003
-------------------------------------
[Epoch : 10/40]
Total_loss	: 1.9403
Src_cls_loss	: 0.2909
coral_loss	: 0.0003
-------------------------------------
[Epoch : 11/40]
Total_loss	: 1.8805
Src_cls_loss	: 0.2819
coral_loss	: 0.0003
-------------------------------------
[Epoch : 12/40]
Total_loss	: 1.8301
Src_cls_loss	: 0.2744
coral_loss	: 0.0003
-------------------------------------
[Epoch : 13/40]
Total_loss	: 1.7901
Src_cls_loss	: 0.2684
coral_loss	: 0.0003
-------------------------------------
[Epoch : 14/40]
Total_loss	: 1.7510
Src_cls_loss	: 0.2625
coral_loss	: 0.0003
-------------------------------------
[Epoch : 15/40]
Total_loss	: 1.7125
Src_cls_loss	: 0.2567
coral_loss	: 0.0003
-------------------------------------
[Epoch : 16/40]
Total_loss	: 1.6792
Src_cls_loss	: 0.2518
coral_loss	: 0.0003
-------------------------------------
[Epoch : 17/40]
Total_loss	: 1.6508
Src_cls_loss	: 0.2475
coral_loss	: 0.0003
-------------------------------------
[Epoch : 18/40]
Total_loss	: 1.6236
Src_cls_loss	: 0.2434
coral_loss	: 0.0003
-------------------------------------
[Epoch : 19/40]
Total_loss	: 1.5954
Src_cls_loss	: 0.2392
coral_loss	: 0.0003
-------------------------------------
[Epoch : 20/40]
Total_loss	: 1.5719
Src_cls_loss	: 0.2357
coral_loss	: 0.0003
-------------------------------------
[Epoch : 21/40]
Total_loss	: 1.5496
Src_cls_loss	: 0.2323
coral_loss	: 0.0003
-------------------------------------
[Epoch : 22/40]
Total_loss	: 1.5278
Src_cls_loss	: 0.2291
coral_loss	: 0.0002
-------------------------------------
[Epoch : 23/40]
Total_loss	: 1.5069
Src_cls_loss	: 0.2259
coral_loss	: 0.0002
-------------------------------------
[Epoch : 24/40]
Total_loss	: 1.4867
Src_cls_loss	: 0.2229
coral_loss	: 0.0002
-------------------------------------
[Epoch : 25/40]
Total_loss	: 1.4662
Src_cls_loss	: 0.2198
coral_loss	: 0.0002
-------------------------------------
[Epoch : 26/40]
Total_loss	: 1.4467
Src_cls_loss	: 0.2169
coral_loss	: 0.0002
-------------------------------------
[Epoch : 27/40]
Total_loss	: 1.4297
Src_cls_loss	: 0.2143
coral_loss	: 0.0002
-------------------------------------
[Epoch : 28/40]
Total_loss	: 1.4112
Src_cls_loss	: 0.2116
coral_loss	: 0.0002
-------------------------------------
[Epoch : 29/40]
Total_loss	: 1.3944
Src_cls_loss	: 0.2090
coral_loss	: 0.0002
-------------------------------------
[Epoch : 30/40]
Total_loss	: 1.3791
Src_cls_loss	: 0.2068
coral_loss	: 0.0002
-------------------------------------
[Epoch : 31/40]
Total_loss	: 1.3648
Src_cls_loss	: 0.2046
coral_loss	: 0.0002
-------------------------------------
[Epoch : 32/40]
Total_loss	: 1.3512
Src_cls_loss	: 0.2026
coral_loss	: 0.0002
-------------------------------------
[Epoch : 33/40]
Total_loss	: 1.3356
Src_cls_loss	: 0.2002
coral_loss	: 0.0002
-------------------------------------
[Epoch : 34/40]
Total_loss	: 1.3220
Src_cls_loss	: 0.1982
coral_loss	: 0.0002
-------------------------------------
[Epoch : 35/40]
Total_loss	: 1.3086
Src_cls_loss	: 0.1962
coral_loss	: 0.0002
-------------------------------------
[Epoch : 36/40]
Total_loss	: 1.2966
Src_cls_loss	: 0.1944
coral_loss	: 0.0002
-------------------------------------
[Epoch : 37/40]
Total_loss	: 1.2842
Src_cls_loss	: 0.1925
coral_loss	: 0.0002
-------------------------------------
[Epoch : 38/40]
Total_loss	: 1.2729
Src_cls_loss	: 0.1908
coral_loss	: 0.0002
-------------------------------------
[Epoch : 39/40]
Total_loss	: 1.2619
Src_cls_loss	: 0.1892
coral_loss	: 0.0002
-------------------------------------
[Epoch : 40/40]
Total_loss	: 1.2514
Src_cls_loss	: 0.1876
coral_loss	: 0.0002
-------------------------------------
