=============================================
Dataset: mobiact_pamap
Method:  NO_ADAPT
=============================================
Source: syn_66 ---> Target: dp_66
Run ID: 4
=============================================
[Epoch : 1/40]
Src_cls_loss	: 0.6685
-------------------------------------
[Epoch : 2/40]
Src_cls_loss	: 0.4975
-------------------------------------
[Epoch : 3/40]
Src_cls_loss	: 0.4050
-------------------------------------
[Epoch : 4/40]
Src_cls_loss	: 0.3454
-------------------------------------
[Epoch : 5/40]
Src_cls_loss	: 0.2992
-------------------------------------
[Epoch : 6/40]
Src_cls_loss	: 0.2652
-------------------------------------
[Epoch : 7/40]
Src_cls_loss	: 0.2364
-------------------------------------
[Epoch : 8/40]
Src_cls_loss	: 0.2147
-------------------------------------
[Epoch : 9/40]
Src_cls_loss	: 0.1987
-------------------------------------
[Epoch : 10/40]
Src_cls_loss	: 0.1830
-------------------------------------
[Epoch : 11/40]
Src_cls_loss	: 0.1703
-------------------------------------
[Epoch : 12/40]
Src_cls_loss	: 0.1592
-------------------------------------
[Epoch : 13/40]
Src_cls_loss	: 0.1515
-------------------------------------
[Epoch : 14/40]
Src_cls_loss	: 0.1423
-------------------------------------
[Epoch : 15/40]
Src_cls_loss	: 0.1350
-------------------------------------
[Epoch : 16/40]
Src_cls_loss	: 0.1277
-------------------------------------
[Epoch : 17/40]
Src_cls_loss	: 0.1210
-------------------------------------
[Epoch : 18/40]
Src_cls_loss	: 0.1154
-------------------------------------
[Epoch : 19/40]
Src_cls_loss	: 0.1100
-------------------------------------
[Epoch : 20/40]
Src_cls_loss	: 0.1053
-------------------------------------
[Epoch : 21/40]
Src_cls_loss	: 0.1013
-------------------------------------
[Epoch : 22/40]
Src_cls_loss	: 0.0977
-------------------------------------
[Epoch : 23/40]
Src_cls_loss	: 0.0941
-------------------------------------
[Epoch : 24/40]
Src_cls_loss	: 0.0908
-------------------------------------
[Epoch : 25/40]
Src_cls_loss	: 0.0876
-------------------------------------
[Epoch : 26/40]
Src_cls_loss	: 0.0849
-------------------------------------
[Epoch : 27/40]
Src_cls_loss	: 0.0821
-------------------------------------
[Epoch : 28/40]
Src_cls_loss	: 0.0795
-------------------------------------
[Epoch : 29/40]
Src_cls_loss	: 0.0774
-------------------------------------
[Epoch : 30/40]
Src_cls_loss	: 0.0753
-------------------------------------
[Epoch : 31/40]
Src_cls_loss	: 0.0735
-------------------------------------
[Epoch : 32/40]
Src_cls_loss	: 0.0716
-------------------------------------
[Epoch : 33/40]
Src_cls_loss	: 0.0698
-------------------------------------
[Epoch : 34/40]
Src_cls_loss	: 0.0681
-------------------------------------
[Epoch : 35/40]
Src_cls_loss	: 0.0664
-------------------------------------
[Epoch : 36/40]
Src_cls_loss	: 0.0649
-------------------------------------
[Epoch : 37/40]
Src_cls_loss	: 0.0636
-------------------------------------
[Epoch : 38/40]
Src_cls_loss	: 0.0623
-------------------------------------
[Epoch : 39/40]
Src_cls_loss	: 0.0611
-------------------------------------
[Epoch : 40/40]
Src_cls_loss	: 0.0598
-------------------------------------
