=============================================
Dataset: realworld_mobiact
Method:  NO_ADAPT
=============================================
Source: syn_69 ---> Target: dp_69
Run ID: 3
=============================================
[Epoch : 1/40]
Src_cls_loss	: 0.8472
-------------------------------------
[Epoch : 2/40]
Src_cls_loss	: 0.6985
-------------------------------------
[Epoch : 3/40]
Src_cls_loss	: 0.5868
-------------------------------------
[Epoch : 4/40]
Src_cls_loss	: 0.5001
-------------------------------------
[Epoch : 5/40]
Src_cls_loss	: 0.4297
-------------------------------------
[Epoch : 6/40]
Src_cls_loss	: 0.3790
-------------------------------------
[Epoch : 7/40]
Src_cls_loss	: 0.3407
-------------------------------------
[Epoch : 8/40]
Src_cls_loss	: 0.3108
-------------------------------------
[Epoch : 9/40]
Src_cls_loss	: 0.2843
-------------------------------------
[Epoch : 10/40]
Src_cls_loss	: 0.2613
-------------------------------------
[Epoch : 11/40]
Src_cls_loss	: 0.2426
-------------------------------------
[Epoch : 12/40]
Src_cls_loss	: 0.2274
-------------------------------------
[Epoch : 13/40]
Src_cls_loss	: 0.2131
-------------------------------------
[Epoch : 14/40]
Src_cls_loss	: 0.2018
-------------------------------------
[Epoch : 15/40]
Src_cls_loss	: 0.1911
-------------------------------------
[Epoch : 16/40]
Src_cls_loss	: 0.1813
-------------------------------------
[Epoch : 17/40]
Src_cls_loss	: 0.1722
-------------------------------------
[Epoch : 18/40]
Src_cls_loss	: 0.1641
-------------------------------------
[Epoch : 19/40]
Src_cls_loss	: 0.1565
-------------------------------------
[Epoch : 20/40]
Src_cls_loss	: 0.1507
-------------------------------------
[Epoch : 21/40]
Src_cls_loss	: 0.1450
-------------------------------------
[Epoch : 22/40]
Src_cls_loss	: 0.1398
-------------------------------------
[Epoch : 23/40]
Src_cls_loss	: 0.1351
-------------------------------------
[Epoch : 24/40]
Src_cls_loss	: 0.1305
-------------------------------------
[Epoch : 25/40]
Src_cls_loss	: 0.1259
-------------------------------------
[Epoch : 26/40]
Src_cls_loss	: 0.1217
-------------------------------------
[Epoch : 27/40]
Src_cls_loss	: 0.1186
-------------------------------------
[Epoch : 28/40]
Src_cls_loss	: 0.1174
-------------------------------------
[Epoch : 29/40]
Src_cls_loss	: 0.1148
-------------------------------------
[Epoch : 30/40]
Src_cls_loss	: 0.1118
-------------------------------------
[Epoch : 31/40]
Src_cls_loss	: 0.1088
-------------------------------------
[Epoch : 32/40]
Src_cls_loss	: 0.1059
-------------------------------------
[Epoch : 33/40]
Src_cls_loss	: 0.1032
-------------------------------------
[Epoch : 34/40]
Src_cls_loss	: 0.1007
-------------------------------------
[Epoch : 35/40]
Src_cls_loss	: 0.0982
-------------------------------------
[Epoch : 36/40]
Src_cls_loss	: 0.0959
-------------------------------------
[Epoch : 37/40]
Src_cls_loss	: 0.0936
-------------------------------------
[Epoch : 38/40]
Src_cls_loss	: 0.0915
-------------------------------------
[Epoch : 39/40]
Src_cls_loss	: 0.0897
-------------------------------------
[Epoch : 40/40]
Src_cls_loss	: 0.0879
-------------------------------------
