=============================================
Dataset: mobiact_realworld
Method:  DANN
=============================================
Source: df ---> Target: dp_wal_73
Run ID: 0
=============================================
[Epoch : 1/40]
Total_loss	: 6.3458
Domain_loss	: 1.3296
Src_cls_loss	: 0.5466
-------------------------------------
[Epoch : 2/40]
Total_loss	: 5.8877
Domain_loss	: 1.3361
Src_cls_loss	: 0.4565
-------------------------------------
[Epoch : 3/40]
Total_loss	: 5.6144
Domain_loss	: 1.3418
Src_cls_loss	: 0.4019
-------------------------------------
[Epoch : 4/40]
Total_loss	: 5.3999
Domain_loss	: 1.3426
Src_cls_loss	: 0.3608
-------------------------------------
[Epoch : 5/40]
Total_loss	: 5.2210
Domain_loss	: 1.3446
Src_cls_loss	: 0.3259
-------------------------------------
[Epoch : 6/40]
Total_loss	: 5.0846
Domain_loss	: 1.3456
Src_cls_loss	: 0.2995
-------------------------------------
[Epoch : 7/40]
Total_loss	: 4.9875
Domain_loss	: 1.3478
Src_cls_loss	: 0.2800
-------------------------------------
[Epoch : 8/40]
Total_loss	: 4.8950
Domain_loss	: 1.3493
Src_cls_loss	: 0.2617
-------------------------------------
[Epoch : 9/40]
Total_loss	: 4.8230
Domain_loss	: 1.3492
Src_cls_loss	: 0.2481
-------------------------------------
[Epoch : 10/40]
Total_loss	: 4.7544
Domain_loss	: 1.3499
Src_cls_loss	: 0.2348
-------------------------------------
[Epoch : 11/40]
Total_loss	: 4.6974
Domain_loss	: 1.3512
Src_cls_loss	: 0.2233
-------------------------------------
[Epoch : 12/40]
Total_loss	: 4.6413
Domain_loss	: 1.3494
Src_cls_loss	: 0.2136
-------------------------------------
[Epoch : 13/40]
Total_loss	: 4.6075
Domain_loss	: 1.3505
Src_cls_loss	: 0.2066
-------------------------------------
[Epoch : 14/40]
Total_loss	: 4.5731
Domain_loss	: 1.3516
Src_cls_loss	: 0.1995
-------------------------------------
[Epoch : 15/40]
Total_loss	: 4.5344
Domain_loss	: 1.3518
Src_cls_loss	: 0.1921
-------------------------------------
[Epoch : 16/40]
Total_loss	: 4.5023
Domain_loss	: 1.3525
Src_cls_loss	: 0.1857
-------------------------------------
[Epoch : 17/40]
Total_loss	: 4.4748
Domain_loss	: 1.3532
Src_cls_loss	: 0.1801
-------------------------------------
[Epoch : 18/40]
Total_loss	: 4.4506
Domain_loss	: 1.3544
Src_cls_loss	: 0.1749
-------------------------------------
[Epoch : 19/40]
Total_loss	: 4.4288
Domain_loss	: 1.3548
Src_cls_loss	: 0.1706
-------------------------------------
[Epoch : 20/40]
Total_loss	: 4.4066
Domain_loss	: 1.3552
Src_cls_loss	: 0.1662
-------------------------------------
[Epoch : 21/40]
Total_loss	: 4.3851
Domain_loss	: 1.3556
Src_cls_loss	: 0.1619
-------------------------------------
[Epoch : 22/40]
Total_loss	: 4.3683
Domain_loss	: 1.3558
Src_cls_loss	: 0.1586
-------------------------------------
[Epoch : 23/40]
Total_loss	: 4.3486
Domain_loss	: 1.3559
Src_cls_loss	: 0.1548
-------------------------------------
[Epoch : 24/40]
Total_loss	: 4.3312
Domain_loss	: 1.3560
Src_cls_loss	: 0.1515
-------------------------------------
[Epoch : 25/40]
Total_loss	: 4.3165
Domain_loss	: 1.3564
Src_cls_loss	: 0.1485
-------------------------------------
[Epoch : 26/40]
Total_loss	: 4.3010
Domain_loss	: 1.3572
Src_cls_loss	: 0.1451
-------------------------------------
[Epoch : 27/40]
Total_loss	: 4.2879
Domain_loss	: 1.3582
Src_cls_loss	: 0.1422
-------------------------------------
[Epoch : 28/40]
Total_loss	: 4.2744
Domain_loss	: 1.3591
Src_cls_loss	: 0.1392
-------------------------------------
[Epoch : 29/40]
Total_loss	: 4.2635
Domain_loss	: 1.3599
Src_cls_loss	: 0.1367
-------------------------------------
[Epoch : 30/40]
Total_loss	: 4.2514
Domain_loss	: 1.3608
Src_cls_loss	: 0.1340
-------------------------------------
[Epoch : 31/40]
Total_loss	: 4.2398
Domain_loss	: 1.3615
Src_cls_loss	: 0.1314
-------------------------------------
[Epoch : 32/40]
Total_loss	: 4.2300
Domain_loss	: 1.3620
Src_cls_loss	: 0.1293
-------------------------------------
[Epoch : 33/40]
Total_loss	: 4.2186
Domain_loss	: 1.3618
Src_cls_loss	: 0.1272
-------------------------------------
[Epoch : 34/40]
Total_loss	: 4.2096
Domain_loss	: 1.3615
Src_cls_loss	: 0.1257
-------------------------------------
[Epoch : 35/40]
Total_loss	: 4.2013
Domain_loss	: 1.3611
Src_cls_loss	: 0.1243
-------------------------------------
[Epoch : 36/40]
Total_loss	: 4.1911
Domain_loss	: 1.3609
Src_cls_loss	: 0.1225
-------------------------------------
[Epoch : 37/40]
Total_loss	: 4.1835
Domain_loss	: 1.3612
Src_cls_loss	: 0.1209
-------------------------------------
[Epoch : 38/40]
Total_loss	: 4.1753
Domain_loss	: 1.3612
Src_cls_loss	: 0.1193
-------------------------------------
[Epoch : 39/40]
Total_loss	: 4.1676
Domain_loss	: 1.3616
Src_cls_loss	: 0.1177
-------------------------------------
[Epoch : 40/40]
Total_loss	: 4.1609
Domain_loss	: 1.3619
Src_cls_loss	: 0.1163
-------------------------------------
