=============================================
Dataset: realworld_mobiact
Method:  SYN
=============================================
Source: syn_wal_34 ---> Target: dp_wal_34
Run ID: 6
=============================================
[Epoch : 1/40]
Src_cls_loss	: 0.5475
-------------------------------------
[Epoch : 2/40]
Src_cls_loss	: 0.3947
-------------------------------------
[Epoch : 3/40]
Src_cls_loss	: 0.3130
-------------------------------------
[Epoch : 4/40]
Src_cls_loss	: 0.2649
-------------------------------------
[Epoch : 5/40]
Src_cls_loss	: 0.2294
-------------------------------------
[Epoch : 6/40]
Src_cls_loss	: 0.2005
-------------------------------------
[Epoch : 7/40]
Src_cls_loss	: 0.1785
-------------------------------------
[Epoch : 8/40]
Src_cls_loss	: 0.1607
-------------------------------------
[Epoch : 9/40]
Src_cls_loss	: 0.1461
-------------------------------------
[Epoch : 10/40]
Src_cls_loss	: 0.1348
-------------------------------------
[Epoch : 11/40]
Src_cls_loss	: 0.1244
-------------------------------------
[Epoch : 12/40]
Src_cls_loss	: 0.1166
-------------------------------------
[Epoch : 13/40]
Src_cls_loss	: 0.1102
-------------------------------------
[Epoch : 14/40]
Src_cls_loss	: 0.1034
-------------------------------------
[Epoch : 15/40]
Src_cls_loss	: 0.0978
-------------------------------------
[Epoch : 16/40]
Src_cls_loss	: 0.0928
-------------------------------------
[Epoch : 17/40]
Src_cls_loss	: 0.0884
-------------------------------------
[Epoch : 18/40]
Src_cls_loss	: 0.0842
-------------------------------------
[Epoch : 19/40]
Src_cls_loss	: 0.0804
-------------------------------------
[Epoch : 20/40]
Src_cls_loss	: 0.0769
-------------------------------------
[Epoch : 21/40]
Src_cls_loss	: 0.0736
-------------------------------------
[Epoch : 22/40]
Src_cls_loss	: 0.0706
-------------------------------------
[Epoch : 23/40]
Src_cls_loss	: 0.0677
-------------------------------------
[Epoch : 24/40]
Src_cls_loss	: 0.0652
-------------------------------------
[Epoch : 25/40]
Src_cls_loss	: 0.0628
-------------------------------------
[Epoch : 26/40]
Src_cls_loss	: 0.0606
-------------------------------------
[Epoch : 27/40]
Src_cls_loss	: 0.0585
-------------------------------------
[Epoch : 28/40]
Src_cls_loss	: 0.0569
-------------------------------------
[Epoch : 29/40]
Src_cls_loss	: 0.0554
-------------------------------------
[Epoch : 30/40]
Src_cls_loss	: 0.0538
-------------------------------------
[Epoch : 31/40]
Src_cls_loss	: 0.0522
-------------------------------------
[Epoch : 32/40]
Src_cls_loss	: 0.0507
-------------------------------------
[Epoch : 33/40]
Src_cls_loss	: 0.0493
-------------------------------------
[Epoch : 34/40]
Src_cls_loss	: 0.0480
-------------------------------------
[Epoch : 35/40]
Src_cls_loss	: 0.0467
-------------------------------------
[Epoch : 36/40]
Src_cls_loss	: 0.0456
-------------------------------------
[Epoch : 37/40]
Src_cls_loss	: 0.0445
-------------------------------------
[Epoch : 38/40]
Src_cls_loss	: 0.0434
-------------------------------------
[Epoch : 39/40]
Src_cls_loss	: 0.0424
-------------------------------------
[Epoch : 40/40]
Src_cls_loss	: 0.0414
-------------------------------------
