=============================================
Dataset: pamap_mobiact
Method:  SYN
=============================================
Source: syn_wal_6 ---> Target: dp_wal_6
Run ID: 0
=============================================
[Epoch : 1/40]
Src_cls_loss	: 0.6511
-------------------------------------
[Epoch : 2/40]
Src_cls_loss	: 0.5060
-------------------------------------
[Epoch : 3/40]
Src_cls_loss	: 0.4205
-------------------------------------
[Epoch : 4/40]
Src_cls_loss	: 0.3529
-------------------------------------
[Epoch : 5/40]
Src_cls_loss	: 0.3095
-------------------------------------
[Epoch : 6/40]
Src_cls_loss	: 0.2746
-------------------------------------
[Epoch : 7/40]
Src_cls_loss	: 0.2477
-------------------------------------
[Epoch : 8/40]
Src_cls_loss	: 0.2253
-------------------------------------
[Epoch : 9/40]
Src_cls_loss	: 0.2055
-------------------------------------
[Epoch : 10/40]
Src_cls_loss	: 0.1891
-------------------------------------
[Epoch : 11/40]
Src_cls_loss	: 0.1751
-------------------------------------
[Epoch : 12/40]
Src_cls_loss	: 0.1628
-------------------------------------
[Epoch : 13/40]
Src_cls_loss	: 0.1520
-------------------------------------
[Epoch : 14/40]
Src_cls_loss	: 0.1443
-------------------------------------
[Epoch : 15/40]
Src_cls_loss	: 0.1375
-------------------------------------
[Epoch : 16/40]
Src_cls_loss	: 0.1307
-------------------------------------
[Epoch : 17/40]
Src_cls_loss	: 0.1244
-------------------------------------
[Epoch : 18/40]
Src_cls_loss	: 0.1191
-------------------------------------
[Epoch : 19/40]
Src_cls_loss	: 0.1139
-------------------------------------
[Epoch : 20/40]
Src_cls_loss	: 0.1090
-------------------------------------
[Epoch : 21/40]
Src_cls_loss	: 0.1050
-------------------------------------
[Epoch : 22/40]
Src_cls_loss	: 0.1016
-------------------------------------
[Epoch : 23/40]
Src_cls_loss	: 0.0983
-------------------------------------
[Epoch : 24/40]
Src_cls_loss	: 0.0950
-------------------------------------
[Epoch : 25/40]
Src_cls_loss	: 0.0917
-------------------------------------
[Epoch : 26/40]
Src_cls_loss	: 0.0885
-------------------------------------
[Epoch : 27/40]
Src_cls_loss	: 0.0855
-------------------------------------
[Epoch : 28/40]
Src_cls_loss	: 0.0828
-------------------------------------
[Epoch : 29/40]
Src_cls_loss	: 0.0803
-------------------------------------
[Epoch : 30/40]
Src_cls_loss	: 0.0781
-------------------------------------
[Epoch : 31/40]
Src_cls_loss	: 0.0758
-------------------------------------
[Epoch : 32/40]
Src_cls_loss	: 0.0735
-------------------------------------
[Epoch : 33/40]
Src_cls_loss	: 0.0714
-------------------------------------
[Epoch : 34/40]
Src_cls_loss	: 0.0694
-------------------------------------
[Epoch : 35/40]
Src_cls_loss	: 0.0676
-------------------------------------
[Epoch : 36/40]
Src_cls_loss	: 0.0658
-------------------------------------
[Epoch : 37/40]
Src_cls_loss	: 0.0642
-------------------------------------
[Epoch : 38/40]
Src_cls_loss	: 0.0627
-------------------------------------
[Epoch : 39/40]
Src_cls_loss	: 0.0612
-------------------------------------
[Epoch : 40/40]
Src_cls_loss	: 0.0601
-------------------------------------
