=============================================
Dataset: realworld_mobiact
Method:  SYN
=============================================
Source: syn_wal_34 ---> Target: dp_wal_34
Run ID: 3
=============================================
[Epoch : 1/40]
Src_cls_loss	: 0.5159
-------------------------------------
[Epoch : 2/40]
Src_cls_loss	: 0.3627
-------------------------------------
[Epoch : 3/40]
Src_cls_loss	: 0.2860
-------------------------------------
[Epoch : 4/40]
Src_cls_loss	: 0.2417
-------------------------------------
[Epoch : 5/40]
Src_cls_loss	: 0.2089
-------------------------------------
[Epoch : 6/40]
Src_cls_loss	: 0.1846
-------------------------------------
[Epoch : 7/40]
Src_cls_loss	: 0.1638
-------------------------------------
[Epoch : 8/40]
Src_cls_loss	: 0.1480
-------------------------------------
[Epoch : 9/40]
Src_cls_loss	: 0.1349
-------------------------------------
[Epoch : 10/40]
Src_cls_loss	: 0.1241
-------------------------------------
[Epoch : 11/40]
Src_cls_loss	: 0.1156
-------------------------------------
[Epoch : 12/40]
Src_cls_loss	: 0.1080
-------------------------------------
[Epoch : 13/40]
Src_cls_loss	: 0.1013
-------------------------------------
[Epoch : 14/40]
Src_cls_loss	: 0.0948
-------------------------------------
[Epoch : 15/40]
Src_cls_loss	: 0.0899
-------------------------------------
[Epoch : 16/40]
Src_cls_loss	: 0.0851
-------------------------------------
[Epoch : 17/40]
Src_cls_loss	: 0.0808
-------------------------------------
[Epoch : 18/40]
Src_cls_loss	: 0.0771
-------------------------------------
[Epoch : 19/40]
Src_cls_loss	: 0.0736
-------------------------------------
[Epoch : 20/40]
Src_cls_loss	: 0.0702
-------------------------------------
[Epoch : 21/40]
Src_cls_loss	: 0.0673
-------------------------------------
[Epoch : 22/40]
Src_cls_loss	: 0.0646
-------------------------------------
[Epoch : 23/40]
Src_cls_loss	: 0.0625
-------------------------------------
[Epoch : 24/40]
Src_cls_loss	: 0.0604
-------------------------------------
[Epoch : 25/40]
Src_cls_loss	: 0.0589
-------------------------------------
[Epoch : 26/40]
Src_cls_loss	: 0.0569
-------------------------------------
[Epoch : 27/40]
Src_cls_loss	: 0.0551
-------------------------------------
[Epoch : 28/40]
Src_cls_loss	: 0.0534
-------------------------------------
[Epoch : 29/40]
Src_cls_loss	: 0.0519
-------------------------------------
[Epoch : 30/40]
Src_cls_loss	: 0.0503
-------------------------------------
[Epoch : 31/40]
Src_cls_loss	: 0.0488
-------------------------------------
[Epoch : 32/40]
Src_cls_loss	: 0.0474
-------------------------------------
[Epoch : 33/40]
Src_cls_loss	: 0.0461
-------------------------------------
[Epoch : 34/40]
Src_cls_loss	: 0.0448
-------------------------------------
[Epoch : 35/40]
Src_cls_loss	: 0.0436
-------------------------------------
[Epoch : 36/40]
Src_cls_loss	: 0.0424
-------------------------------------
[Epoch : 37/40]
Src_cls_loss	: 0.0413
-------------------------------------
[Epoch : 38/40]
Src_cls_loss	: 0.0403
-------------------------------------
[Epoch : 39/40]
Src_cls_loss	: 0.0394
-------------------------------------
[Epoch : 40/40]
Src_cls_loss	: 0.0385
-------------------------------------
