=============================================
Dataset: realworld_mobiact
Method:  NO_ADAPT
=============================================
Source: syn_16 ---> Target: dp_16
Run ID: 6
=============================================
[Epoch : 1/40]
Src_cls_loss	: 0.9112
-------------------------------------
[Epoch : 2/40]
Src_cls_loss	: 0.7710
-------------------------------------
[Epoch : 3/40]
Src_cls_loss	: 0.6516
-------------------------------------
[Epoch : 4/40]
Src_cls_loss	: 0.5433
-------------------------------------
[Epoch : 5/40]
Src_cls_loss	: 0.4613
-------------------------------------
[Epoch : 6/40]
Src_cls_loss	: 0.4011
-------------------------------------
[Epoch : 7/40]
Src_cls_loss	: 0.3577
-------------------------------------
[Epoch : 8/40]
Src_cls_loss	: 0.3212
-------------------------------------
[Epoch : 9/40]
Src_cls_loss	: 0.2910
-------------------------------------
[Epoch : 10/40]
Src_cls_loss	: 0.2668
-------------------------------------
[Epoch : 11/40]
Src_cls_loss	: 0.2462
-------------------------------------
[Epoch : 12/40]
Src_cls_loss	: 0.2293
-------------------------------------
[Epoch : 13/40]
Src_cls_loss	: 0.2149
-------------------------------------
[Epoch : 14/40]
Src_cls_loss	: 0.2022
-------------------------------------
[Epoch : 15/40]
Src_cls_loss	: 0.1911
-------------------------------------
[Epoch : 16/40]
Src_cls_loss	: 0.1808
-------------------------------------
[Epoch : 17/40]
Src_cls_loss	: 0.1716
-------------------------------------
[Epoch : 18/40]
Src_cls_loss	: 0.1631
-------------------------------------
[Epoch : 19/40]
Src_cls_loss	: 0.1559
-------------------------------------
[Epoch : 20/40]
Src_cls_loss	: 0.1490
-------------------------------------
[Epoch : 21/40]
Src_cls_loss	: 0.1428
-------------------------------------
[Epoch : 22/40]
Src_cls_loss	: 0.1372
-------------------------------------
[Epoch : 23/40]
Src_cls_loss	: 0.1321
-------------------------------------
[Epoch : 24/40]
Src_cls_loss	: 0.1274
-------------------------------------
[Epoch : 25/40]
Src_cls_loss	: 0.1230
-------------------------------------
[Epoch : 26/40]
Src_cls_loss	: 0.1197
-------------------------------------
[Epoch : 27/40]
Src_cls_loss	: 0.1164
-------------------------------------
[Epoch : 28/40]
Src_cls_loss	: 0.1129
-------------------------------------
[Epoch : 29/40]
Src_cls_loss	: 0.1095
-------------------------------------
[Epoch : 30/40]
Src_cls_loss	: 0.1063
-------------------------------------
[Epoch : 31/40]
Src_cls_loss	: 0.1033
-------------------------------------
[Epoch : 32/40]
Src_cls_loss	: 0.1004
-------------------------------------
[Epoch : 33/40]
Src_cls_loss	: 0.0978
-------------------------------------
[Epoch : 34/40]
Src_cls_loss	: 0.0954
-------------------------------------
[Epoch : 35/40]
Src_cls_loss	: 0.0930
-------------------------------------
[Epoch : 36/40]
Src_cls_loss	: 0.0907
-------------------------------------
[Epoch : 37/40]
Src_cls_loss	: 0.0885
-------------------------------------
[Epoch : 38/40]
Src_cls_loss	: 0.0865
-------------------------------------
[Epoch : 39/40]
Src_cls_loss	: 0.0846
-------------------------------------
[Epoch : 40/40]
Src_cls_loss	: 0.0828
-------------------------------------
