=============================================
Dataset: realworld_pamap
Method:  NO_ADAPT
=============================================
Source: syn_20 ---> Target: dp_20
Run ID: 9
=============================================
[Epoch : 1/40]
Src_cls_loss	: 0.7367
-------------------------------------
[Epoch : 2/40]
Src_cls_loss	: 0.5376
-------------------------------------
[Epoch : 3/40]
Src_cls_loss	: 0.4156
-------------------------------------
[Epoch : 4/40]
Src_cls_loss	: 0.3389
-------------------------------------
[Epoch : 5/40]
Src_cls_loss	: 0.2869
-------------------------------------
[Epoch : 6/40]
Src_cls_loss	: 0.2498
-------------------------------------
[Epoch : 7/40]
Src_cls_loss	: 0.2226
-------------------------------------
[Epoch : 8/40]
Src_cls_loss	: 0.2011
-------------------------------------
[Epoch : 9/40]
Src_cls_loss	: 0.1839
-------------------------------------
[Epoch : 10/40]
Src_cls_loss	: 0.1694
-------------------------------------
[Epoch : 11/40]
Src_cls_loss	: 0.1571
-------------------------------------
[Epoch : 12/40]
Src_cls_loss	: 0.1472
-------------------------------------
[Epoch : 13/40]
Src_cls_loss	: 0.1378
-------------------------------------
[Epoch : 14/40]
Src_cls_loss	: 0.1296
-------------------------------------
[Epoch : 15/40]
Src_cls_loss	: 0.1223
-------------------------------------
[Epoch : 16/40]
Src_cls_loss	: 0.1161
-------------------------------------
[Epoch : 17/40]
Src_cls_loss	: 0.1103
-------------------------------------
[Epoch : 18/40]
Src_cls_loss	: 0.1054
-------------------------------------
[Epoch : 19/40]
Src_cls_loss	: 0.1007
-------------------------------------
[Epoch : 20/40]
Src_cls_loss	: 0.0971
-------------------------------------
[Epoch : 21/40]
Src_cls_loss	: 0.0936
-------------------------------------
[Epoch : 22/40]
Src_cls_loss	: 0.0909
-------------------------------------
[Epoch : 23/40]
Src_cls_loss	: 0.0883
-------------------------------------
[Epoch : 24/40]
Src_cls_loss	: 0.0854
-------------------------------------
[Epoch : 25/40]
Src_cls_loss	: 0.0826
-------------------------------------
[Epoch : 26/40]
Src_cls_loss	: 0.0809
-------------------------------------
[Epoch : 27/40]
Src_cls_loss	: 0.0788
-------------------------------------
[Epoch : 28/40]
Src_cls_loss	: 0.0766
-------------------------------------
[Epoch : 29/40]
Src_cls_loss	: 0.0746
-------------------------------------
[Epoch : 30/40]
Src_cls_loss	: 0.0728
-------------------------------------
[Epoch : 31/40]
Src_cls_loss	: 0.0710
-------------------------------------
[Epoch : 32/40]
Src_cls_loss	: 0.0692
-------------------------------------
[Epoch : 33/40]
Src_cls_loss	: 0.0675
-------------------------------------
[Epoch : 34/40]
Src_cls_loss	: 0.0659
-------------------------------------
[Epoch : 35/40]
Src_cls_loss	: 0.0646
-------------------------------------
[Epoch : 36/40]
Src_cls_loss	: 0.0632
-------------------------------------
[Epoch : 37/40]
Src_cls_loss	: 0.0618
-------------------------------------
[Epoch : 38/40]
Src_cls_loss	: 0.0606
-------------------------------------
[Epoch : 39/40]
Src_cls_loss	: 0.0594
-------------------------------------
[Epoch : 40/40]
Src_cls_loss	: 0.0583
-------------------------------------
