=============================================
Dataset: pamap_mobiact
Method:  NO_ADAPT
=============================================
Source: syn_52 ---> Target: dp_52
Run ID: 8
=============================================
[Epoch : 1/40]
Src_cls_loss	: 0.6064
-------------------------------------
[Epoch : 2/40]
Src_cls_loss	: 0.4824
-------------------------------------
[Epoch : 3/40]
Src_cls_loss	: 0.4006
-------------------------------------
[Epoch : 4/40]
Src_cls_loss	: 0.3415
-------------------------------------
[Epoch : 5/40]
Src_cls_loss	: 0.2980
-------------------------------------
[Epoch : 6/40]
Src_cls_loss	: 0.2639
-------------------------------------
[Epoch : 7/40]
Src_cls_loss	: 0.2398
-------------------------------------
[Epoch : 8/40]
Src_cls_loss	: 0.2188
-------------------------------------
[Epoch : 9/40]
Src_cls_loss	: 0.2004
-------------------------------------
[Epoch : 10/40]
Src_cls_loss	: 0.1848
-------------------------------------
[Epoch : 11/40]
Src_cls_loss	: 0.1731
-------------------------------------
[Epoch : 12/40]
Src_cls_loss	: 0.1614
-------------------------------------
[Epoch : 13/40]
Src_cls_loss	: 0.1510
-------------------------------------
[Epoch : 14/40]
Src_cls_loss	: 0.1428
-------------------------------------
[Epoch : 15/40]
Src_cls_loss	: 0.1354
-------------------------------------
[Epoch : 16/40]
Src_cls_loss	: 0.1288
-------------------------------------
[Epoch : 17/40]
Src_cls_loss	: 0.1232
-------------------------------------
[Epoch : 18/40]
Src_cls_loss	: 0.1176
-------------------------------------
[Epoch : 19/40]
Src_cls_loss	: 0.1130
-------------------------------------
[Epoch : 20/40]
Src_cls_loss	: 0.1087
-------------------------------------
[Epoch : 21/40]
Src_cls_loss	: 0.1050
-------------------------------------
[Epoch : 22/40]
Src_cls_loss	: 0.1014
-------------------------------------
[Epoch : 23/40]
Src_cls_loss	: 0.0977
-------------------------------------
[Epoch : 24/40]
Src_cls_loss	: 0.0942
-------------------------------------
[Epoch : 25/40]
Src_cls_loss	: 0.0921
-------------------------------------
[Epoch : 26/40]
Src_cls_loss	: 0.0901
-------------------------------------
[Epoch : 27/40]
Src_cls_loss	: 0.0874
-------------------------------------
[Epoch : 28/40]
Src_cls_loss	: 0.0853
-------------------------------------
[Epoch : 29/40]
Src_cls_loss	: 0.0832
-------------------------------------
[Epoch : 30/40]
Src_cls_loss	: 0.0812
-------------------------------------
[Epoch : 31/40]
Src_cls_loss	: 0.0790
-------------------------------------
[Epoch : 32/40]
Src_cls_loss	: 0.0769
-------------------------------------
[Epoch : 33/40]
Src_cls_loss	: 0.0749
-------------------------------------
[Epoch : 34/40]
Src_cls_loss	: 0.0732
-------------------------------------
[Epoch : 35/40]
Src_cls_loss	: 0.0716
-------------------------------------
[Epoch : 36/40]
Src_cls_loss	: 0.0700
-------------------------------------
[Epoch : 37/40]
Src_cls_loss	: 0.0686
-------------------------------------
[Epoch : 38/40]
Src_cls_loss	: 0.0672
-------------------------------------
[Epoch : 39/40]
Src_cls_loss	: 0.0663
-------------------------------------
[Epoch : 40/40]
Src_cls_loss	: 0.0650
-------------------------------------
