=============================================
Dataset: mobiact_realworld
Method:  SYN
=============================================
Source: syn_wal_75 ---> Target: dp_wal_75
Run ID: 7
=============================================
[Epoch : 1/40]
Src_cls_loss	: 0.6435
-------------------------------------
[Epoch : 2/40]
Src_cls_loss	: 0.4423
-------------------------------------
[Epoch : 3/40]
Src_cls_loss	: 0.3307
-------------------------------------
[Epoch : 4/40]
Src_cls_loss	: 0.2636
-------------------------------------
[Epoch : 5/40]
Src_cls_loss	: 0.2186
-------------------------------------
[Epoch : 6/40]
Src_cls_loss	: 0.1884
-------------------------------------
[Epoch : 7/40]
Src_cls_loss	: 0.1656
-------------------------------------
[Epoch : 8/40]
Src_cls_loss	: 0.1477
-------------------------------------
[Epoch : 9/40]
Src_cls_loss	: 0.1333
-------------------------------------
[Epoch : 10/40]
Src_cls_loss	: 0.1215
-------------------------------------
[Epoch : 11/40]
Src_cls_loss	: 0.1123
-------------------------------------
[Epoch : 12/40]
Src_cls_loss	: 0.1046
-------------------------------------
[Epoch : 13/40]
Src_cls_loss	: 0.0974
-------------------------------------
[Epoch : 14/40]
Src_cls_loss	: 0.0914
-------------------------------------
[Epoch : 15/40]
Src_cls_loss	: 0.0862
-------------------------------------
[Epoch : 16/40]
Src_cls_loss	: 0.0812
-------------------------------------
[Epoch : 17/40]
Src_cls_loss	: 0.0769
-------------------------------------
[Epoch : 18/40]
Src_cls_loss	: 0.0730
-------------------------------------
[Epoch : 19/40]
Src_cls_loss	: 0.0695
-------------------------------------
[Epoch : 20/40]
Src_cls_loss	: 0.0666
-------------------------------------
[Epoch : 21/40]
Src_cls_loss	: 0.0637
-------------------------------------
[Epoch : 22/40]
Src_cls_loss	: 0.0615
-------------------------------------
[Epoch : 23/40]
Src_cls_loss	: 0.0591
-------------------------------------
[Epoch : 24/40]
Src_cls_loss	: 0.0569
-------------------------------------
[Epoch : 25/40]
Src_cls_loss	: 0.0548
-------------------------------------
[Epoch : 26/40]
Src_cls_loss	: 0.0529
-------------------------------------
[Epoch : 27/40]
Src_cls_loss	: 0.0513
-------------------------------------
[Epoch : 28/40]
Src_cls_loss	: 0.0499
-------------------------------------
[Epoch : 29/40]
Src_cls_loss	: 0.0484
-------------------------------------
[Epoch : 30/40]
Src_cls_loss	: 0.0470
-------------------------------------
[Epoch : 31/40]
Src_cls_loss	: 0.0456
-------------------------------------
[Epoch : 32/40]
Src_cls_loss	: 0.0443
-------------------------------------
[Epoch : 33/40]
Src_cls_loss	: 0.0431
-------------------------------------
[Epoch : 34/40]
Src_cls_loss	: 0.0419
-------------------------------------
[Epoch : 35/40]
Src_cls_loss	: 0.0408
-------------------------------------
[Epoch : 36/40]
Src_cls_loss	: 0.0398
-------------------------------------
[Epoch : 37/40]
Src_cls_loss	: 0.0388
-------------------------------------
[Epoch : 38/40]
Src_cls_loss	: 0.0378
-------------------------------------
[Epoch : 39/40]
Src_cls_loss	: 0.0369
-------------------------------------
[Epoch : 40/40]
Src_cls_loss	: 0.0361
-------------------------------------
