=============================================
Dataset: realworld_pamap
Method:  SYN
=============================================
Source: syn_wal_20 ---> Target: dp_wal_20
Run ID: 7
=============================================
[Epoch : 1/40]
Src_cls_loss	: 0.8138
-------------------------------------
[Epoch : 2/40]
Src_cls_loss	: 0.6185
-------------------------------------
[Epoch : 3/40]
Src_cls_loss	: 0.4886
-------------------------------------
[Epoch : 4/40]
Src_cls_loss	: 0.4016
-------------------------------------
[Epoch : 5/40]
Src_cls_loss	: 0.3372
-------------------------------------
[Epoch : 6/40]
Src_cls_loss	: 0.2903
-------------------------------------
[Epoch : 7/40]
Src_cls_loss	: 0.2545
-------------------------------------
[Epoch : 8/40]
Src_cls_loss	: 0.2266
-------------------------------------
[Epoch : 9/40]
Src_cls_loss	: 0.2039
-------------------------------------
[Epoch : 10/40]
Src_cls_loss	: 0.1862
-------------------------------------
[Epoch : 11/40]
Src_cls_loss	: 0.1712
-------------------------------------
[Epoch : 12/40]
Src_cls_loss	: 0.1586
-------------------------------------
[Epoch : 13/40]
Src_cls_loss	: 0.1486
-------------------------------------
[Epoch : 14/40]
Src_cls_loss	: 0.1397
-------------------------------------
[Epoch : 15/40]
Src_cls_loss	: 0.1316
-------------------------------------
[Epoch : 16/40]
Src_cls_loss	: 0.1242
-------------------------------------
[Epoch : 17/40]
Src_cls_loss	: 0.1174
-------------------------------------
[Epoch : 18/40]
Src_cls_loss	: 0.1115
-------------------------------------
[Epoch : 19/40]
Src_cls_loss	: 0.1061
-------------------------------------
[Epoch : 20/40]
Src_cls_loss	: 0.1012
-------------------------------------
[Epoch : 21/40]
Src_cls_loss	: 0.0969
-------------------------------------
[Epoch : 22/40]
Src_cls_loss	: 0.0930
-------------------------------------
[Epoch : 23/40]
Src_cls_loss	: 0.0894
-------------------------------------
[Epoch : 24/40]
Src_cls_loss	: 0.0860
-------------------------------------
[Epoch : 25/40]
Src_cls_loss	: 0.0828
-------------------------------------
[Epoch : 26/40]
Src_cls_loss	: 0.0798
-------------------------------------
[Epoch : 27/40]
Src_cls_loss	: 0.0770
-------------------------------------
[Epoch : 28/40]
Src_cls_loss	: 0.0744
-------------------------------------
[Epoch : 29/40]
Src_cls_loss	: 0.0719
-------------------------------------
[Epoch : 30/40]
Src_cls_loss	: 0.0696
-------------------------------------
[Epoch : 31/40]
Src_cls_loss	: 0.0674
-------------------------------------
[Epoch : 32/40]
Src_cls_loss	: 0.0654
-------------------------------------
[Epoch : 33/40]
Src_cls_loss	: 0.0635
-------------------------------------
[Epoch : 34/40]
Src_cls_loss	: 0.0617
-------------------------------------
[Epoch : 35/40]
Src_cls_loss	: 0.0600
-------------------------------------
[Epoch : 36/40]
Src_cls_loss	: 0.0585
-------------------------------------
[Epoch : 37/40]
Src_cls_loss	: 0.0570
-------------------------------------
[Epoch : 38/40]
Src_cls_loss	: 0.0555
-------------------------------------
[Epoch : 39/40]
Src_cls_loss	: 0.0542
-------------------------------------
[Epoch : 40/40]
Src_cls_loss	: 0.0529
-------------------------------------
