=============================================
Dataset: mobiact_realworld
Method:  NO_ADAPT
=============================================
Source: syn_63 ---> Target: dp_63
Run ID: 6
=============================================
[Epoch : 1/40]
Src_cls_loss	: 0.5813
-------------------------------------
[Epoch : 2/40]
Src_cls_loss	: 0.4083
-------------------------------------
[Epoch : 3/40]
Src_cls_loss	: 0.3200
-------------------------------------
[Epoch : 4/40]
Src_cls_loss	: 0.2682
-------------------------------------
[Epoch : 5/40]
Src_cls_loss	: 0.2329
-------------------------------------
[Epoch : 6/40]
Src_cls_loss	: 0.2070
-------------------------------------
[Epoch : 7/40]
Src_cls_loss	: 0.1881
-------------------------------------
[Epoch : 8/40]
Src_cls_loss	: 0.1712
-------------------------------------
[Epoch : 9/40]
Src_cls_loss	: 0.1595
-------------------------------------
[Epoch : 10/40]
Src_cls_loss	: 0.1489
-------------------------------------
[Epoch : 11/40]
Src_cls_loss	: 0.1396
-------------------------------------
[Epoch : 12/40]
Src_cls_loss	: 0.1322
-------------------------------------
[Epoch : 13/40]
Src_cls_loss	: 0.1246
-------------------------------------
[Epoch : 14/40]
Src_cls_loss	: 0.1183
-------------------------------------
[Epoch : 15/40]
Src_cls_loss	: 0.1125
-------------------------------------
[Epoch : 16/40]
Src_cls_loss	: 0.1081
-------------------------------------
[Epoch : 17/40]
Src_cls_loss	: 0.1040
-------------------------------------
[Epoch : 18/40]
Src_cls_loss	: 0.0995
-------------------------------------
[Epoch : 19/40]
Src_cls_loss	: 0.0954
-------------------------------------
[Epoch : 20/40]
Src_cls_loss	: 0.0923
-------------------------------------
[Epoch : 21/40]
Src_cls_loss	: 0.0895
-------------------------------------
[Epoch : 22/40]
Src_cls_loss	: 0.0863
-------------------------------------
[Epoch : 23/40]
Src_cls_loss	: 0.0835
-------------------------------------
[Epoch : 24/40]
Src_cls_loss	: 0.0811
-------------------------------------
[Epoch : 25/40]
Src_cls_loss	: 0.0785
-------------------------------------
[Epoch : 26/40]
Src_cls_loss	: 0.0763
-------------------------------------
[Epoch : 27/40]
Src_cls_loss	: 0.0747
-------------------------------------
[Epoch : 28/40]
Src_cls_loss	: 0.0726
-------------------------------------
[Epoch : 29/40]
Src_cls_loss	: 0.0708
-------------------------------------
[Epoch : 30/40]
Src_cls_loss	: 0.0691
-------------------------------------
[Epoch : 31/40]
Src_cls_loss	: 0.0676
-------------------------------------
[Epoch : 32/40]
Src_cls_loss	: 0.0660
-------------------------------------
[Epoch : 33/40]
Src_cls_loss	: 0.0643
-------------------------------------
[Epoch : 34/40]
Src_cls_loss	: 0.0630
-------------------------------------
[Epoch : 35/40]
Src_cls_loss	: 0.0617
-------------------------------------
[Epoch : 36/40]
Src_cls_loss	: 0.0606
-------------------------------------
[Epoch : 37/40]
Src_cls_loss	: 0.0592
-------------------------------------
[Epoch : 38/40]
Src_cls_loss	: 0.0579
-------------------------------------
[Epoch : 39/40]
Src_cls_loss	: 0.0568
-------------------------------------
[Epoch : 40/40]
Src_cls_loss	: 0.0557
-------------------------------------
