=============================================
Dataset: realworld_mobiact
Method:  SYN
=============================================
Source: syn_wal_53 ---> Target: dp_wal_53
Run ID: 3
=============================================
[Epoch : 1/40]
Src_cls_loss	: 0.5675
-------------------------------------
[Epoch : 2/40]
Src_cls_loss	: 0.4138
-------------------------------------
[Epoch : 3/40]
Src_cls_loss	: 0.3287
-------------------------------------
[Epoch : 4/40]
Src_cls_loss	: 0.2720
-------------------------------------
[Epoch : 5/40]
Src_cls_loss	: 0.2383
-------------------------------------
[Epoch : 6/40]
Src_cls_loss	: 0.2089
-------------------------------------
[Epoch : 7/40]
Src_cls_loss	: 0.1868
-------------------------------------
[Epoch : 8/40]
Src_cls_loss	: 0.1696
-------------------------------------
[Epoch : 9/40]
Src_cls_loss	: 0.1547
-------------------------------------
[Epoch : 10/40]
Src_cls_loss	: 0.1427
-------------------------------------
[Epoch : 11/40]
Src_cls_loss	: 0.1329
-------------------------------------
[Epoch : 12/40]
Src_cls_loss	: 0.1244
-------------------------------------
[Epoch : 13/40]
Src_cls_loss	: 0.1163
-------------------------------------
[Epoch : 14/40]
Src_cls_loss	: 0.1093
-------------------------------------
[Epoch : 15/40]
Src_cls_loss	: 0.1032
-------------------------------------
[Epoch : 16/40]
Src_cls_loss	: 0.0982
-------------------------------------
[Epoch : 17/40]
Src_cls_loss	: 0.0937
-------------------------------------
[Epoch : 18/40]
Src_cls_loss	: 0.0892
-------------------------------------
[Epoch : 19/40]
Src_cls_loss	: 0.0854
-------------------------------------
[Epoch : 20/40]
Src_cls_loss	: 0.0816
-------------------------------------
[Epoch : 21/40]
Src_cls_loss	: 0.0793
-------------------------------------
[Epoch : 22/40]
Src_cls_loss	: 0.0772
-------------------------------------
[Epoch : 23/40]
Src_cls_loss	: 0.0743
-------------------------------------
[Epoch : 24/40]
Src_cls_loss	: 0.0716
-------------------------------------
[Epoch : 25/40]
Src_cls_loss	: 0.0690
-------------------------------------
[Epoch : 26/40]
Src_cls_loss	: 0.0667
-------------------------------------
[Epoch : 27/40]
Src_cls_loss	: 0.0645
-------------------------------------
[Epoch : 28/40]
Src_cls_loss	: 0.0625
-------------------------------------
[Epoch : 29/40]
Src_cls_loss	: 0.0607
-------------------------------------
[Epoch : 30/40]
Src_cls_loss	: 0.0590
-------------------------------------
[Epoch : 31/40]
Src_cls_loss	: 0.0573
-------------------------------------
[Epoch : 32/40]
Src_cls_loss	: 0.0559
-------------------------------------
[Epoch : 33/40]
Src_cls_loss	: 0.0546
-------------------------------------
[Epoch : 34/40]
Src_cls_loss	: 0.0532
-------------------------------------
[Epoch : 35/40]
Src_cls_loss	: 0.0520
-------------------------------------
[Epoch : 36/40]
Src_cls_loss	: 0.0506
-------------------------------------
[Epoch : 37/40]
Src_cls_loss	: 0.0495
-------------------------------------
[Epoch : 38/40]
Src_cls_loss	: 0.0485
-------------------------------------
[Epoch : 39/40]
Src_cls_loss	: 0.0473
-------------------------------------
[Epoch : 40/40]
Src_cls_loss	: 0.0463
-------------------------------------
