=============================================
Dataset: pamap_realworld
Method:  NO_ADAPT
=============================================
Source: syn_18 ---> Target: dp_18
Run ID: 6
=============================================
[Epoch : 1/40]
Src_cls_loss	: 0.4073
-------------------------------------
[Epoch : 2/40]
Src_cls_loss	: 0.2481
-------------------------------------
[Epoch : 3/40]
Src_cls_loss	: 0.1848
-------------------------------------
[Epoch : 4/40]
Src_cls_loss	: 0.1500
-------------------------------------
[Epoch : 5/40]
Src_cls_loss	: 0.1255
-------------------------------------
[Epoch : 6/40]
Src_cls_loss	: 0.1094
-------------------------------------
[Epoch : 7/40]
Src_cls_loss	: 0.0955
-------------------------------------
[Epoch : 8/40]
Src_cls_loss	: 0.0854
-------------------------------------
[Epoch : 9/40]
Src_cls_loss	: 0.0782
-------------------------------------
[Epoch : 10/40]
Src_cls_loss	: 0.0717
-------------------------------------
[Epoch : 11/40]
Src_cls_loss	: 0.0664
-------------------------------------
[Epoch : 12/40]
Src_cls_loss	: 0.0620
-------------------------------------
[Epoch : 13/40]
Src_cls_loss	: 0.0582
-------------------------------------
[Epoch : 14/40]
Src_cls_loss	: 0.0551
-------------------------------------
[Epoch : 15/40]
Src_cls_loss	: 0.0519
-------------------------------------
[Epoch : 16/40]
Src_cls_loss	: 0.0489
-------------------------------------
[Epoch : 17/40]
Src_cls_loss	: 0.0463
-------------------------------------
[Epoch : 18/40]
Src_cls_loss	: 0.0441
-------------------------------------
[Epoch : 19/40]
Src_cls_loss	: 0.0430
-------------------------------------
[Epoch : 20/40]
Src_cls_loss	: 0.0415
-------------------------------------
[Epoch : 21/40]
Src_cls_loss	: 0.0400
-------------------------------------
[Epoch : 22/40]
Src_cls_loss	: 0.0386
-------------------------------------
[Epoch : 23/40]
Src_cls_loss	: 0.0370
-------------------------------------
[Epoch : 24/40]
Src_cls_loss	: 0.0356
-------------------------------------
[Epoch : 25/40]
Src_cls_loss	: 0.0343
-------------------------------------
[Epoch : 26/40]
Src_cls_loss	: 0.0332
-------------------------------------
[Epoch : 27/40]
Src_cls_loss	: 0.0321
-------------------------------------
[Epoch : 28/40]
Src_cls_loss	: 0.0311
-------------------------------------
[Epoch : 29/40]
Src_cls_loss	: 0.0301
-------------------------------------
[Epoch : 30/40]
Src_cls_loss	: 0.0295
-------------------------------------
[Epoch : 31/40]
Src_cls_loss	: 0.0288
-------------------------------------
[Epoch : 32/40]
Src_cls_loss	: 0.0281
-------------------------------------
[Epoch : 33/40]
Src_cls_loss	: 0.0275
-------------------------------------
[Epoch : 34/40]
Src_cls_loss	: 0.0269
-------------------------------------
[Epoch : 35/40]
Src_cls_loss	: 0.0262
-------------------------------------
[Epoch : 36/40]
Src_cls_loss	: 0.0256
-------------------------------------
[Epoch : 37/40]
Src_cls_loss	: 0.0251
-------------------------------------
[Epoch : 38/40]
Src_cls_loss	: 0.0245
-------------------------------------
[Epoch : 39/40]
Src_cls_loss	: 0.0241
-------------------------------------
[Epoch : 40/40]
Src_cls_loss	: 0.0235
-------------------------------------
