=============================================
Dataset: realworld_pamap
Method:  NO_ADAPT
=============================================
Source: syn_20 ---> Target: dp_20
Run ID: 8
=============================================
[Epoch : 1/40]
Src_cls_loss	: 0.7145
-------------------------------------
[Epoch : 2/40]
Src_cls_loss	: 0.5129
-------------------------------------
[Epoch : 3/40]
Src_cls_loss	: 0.3968
-------------------------------------
[Epoch : 4/40]
Src_cls_loss	: 0.3236
-------------------------------------
[Epoch : 5/40]
Src_cls_loss	: 0.2752
-------------------------------------
[Epoch : 6/40]
Src_cls_loss	: 0.2381
-------------------------------------
[Epoch : 7/40]
Src_cls_loss	: 0.2106
-------------------------------------
[Epoch : 8/40]
Src_cls_loss	: 0.1910
-------------------------------------
[Epoch : 9/40]
Src_cls_loss	: 0.1747
-------------------------------------
[Epoch : 10/40]
Src_cls_loss	: 0.1603
-------------------------------------
[Epoch : 11/40]
Src_cls_loss	: 0.1486
-------------------------------------
[Epoch : 12/40]
Src_cls_loss	: 0.1387
-------------------------------------
[Epoch : 13/40]
Src_cls_loss	: 0.1295
-------------------------------------
[Epoch : 14/40]
Src_cls_loss	: 0.1215
-------------------------------------
[Epoch : 15/40]
Src_cls_loss	: 0.1149
-------------------------------------
[Epoch : 16/40]
Src_cls_loss	: 0.1091
-------------------------------------
[Epoch : 17/40]
Src_cls_loss	: 0.1039
-------------------------------------
[Epoch : 18/40]
Src_cls_loss	: 0.0992
-------------------------------------
[Epoch : 19/40]
Src_cls_loss	: 0.0954
-------------------------------------
[Epoch : 20/40]
Src_cls_loss	: 0.0916
-------------------------------------
[Epoch : 21/40]
Src_cls_loss	: 0.0883
-------------------------------------
[Epoch : 22/40]
Src_cls_loss	: 0.0853
-------------------------------------
[Epoch : 23/40]
Src_cls_loss	: 0.0828
-------------------------------------
[Epoch : 24/40]
Src_cls_loss	: 0.0801
-------------------------------------
[Epoch : 25/40]
Src_cls_loss	: 0.0775
-------------------------------------
[Epoch : 26/40]
Src_cls_loss	: 0.0752
-------------------------------------
[Epoch : 27/40]
Src_cls_loss	: 0.0740
-------------------------------------
[Epoch : 28/40]
Src_cls_loss	: 0.0721
-------------------------------------
[Epoch : 29/40]
Src_cls_loss	: 0.0702
-------------------------------------
[Epoch : 30/40]
Src_cls_loss	: 0.0684
-------------------------------------
[Epoch : 31/40]
Src_cls_loss	: 0.0666
-------------------------------------
[Epoch : 32/40]
Src_cls_loss	: 0.0649
-------------------------------------
[Epoch : 33/40]
Src_cls_loss	: 0.0633
-------------------------------------
[Epoch : 34/40]
Src_cls_loss	: 0.0619
-------------------------------------
[Epoch : 35/40]
Src_cls_loss	: 0.0604
-------------------------------------
[Epoch : 36/40]
Src_cls_loss	: 0.0590
-------------------------------------
[Epoch : 37/40]
Src_cls_loss	: 0.0577
-------------------------------------
[Epoch : 38/40]
Src_cls_loss	: 0.0565
-------------------------------------
[Epoch : 39/40]
Src_cls_loss	: 0.0554
-------------------------------------
[Epoch : 40/40]
Src_cls_loss	: 0.0543
-------------------------------------
