=============================================
Dataset: pamap_mobiact
Method:  DANN
=============================================
Source: df ---> Target: dp_65
Run ID: 0
=============================================
[Epoch : 1/40]
Total_loss	: 7.0610
Domain_loss	: 1.3016
Src_cls_loss	: 0.6961
-------------------------------------
[Epoch : 2/40]
Total_loss	: 6.7845
Domain_loss	: 1.3167
Src_cls_loss	: 0.6362
-------------------------------------
[Epoch : 3/40]
Total_loss	: 6.4020
Domain_loss	: 1.2987
Src_cls_loss	: 0.5725
-------------------------------------
[Epoch : 4/40]
Total_loss	: 6.1999
Domain_loss	: 1.2866
Src_cls_loss	: 0.5402
-------------------------------------
[Epoch : 5/40]
Total_loss	: 6.0028
Domain_loss	: 1.2804
Src_cls_loss	: 0.5059
-------------------------------------
[Epoch : 6/40]
Total_loss	: 5.8389
Domain_loss	: 1.2745
Src_cls_loss	: 0.4777
-------------------------------------
[Epoch : 7/40]
Total_loss	: 5.6877
Domain_loss	: 1.2643
Src_cls_loss	: 0.4540
-------------------------------------
[Epoch : 8/40]
Total_loss	: 5.5820
Domain_loss	: 1.2588
Src_cls_loss	: 0.4368
-------------------------------------
[Epoch : 9/40]
Total_loss	: 5.5231
Domain_loss	: 1.2683
Src_cls_loss	: 0.4208
-------------------------------------
[Epoch : 10/40]
Total_loss	: 5.3830
Domain_loss	: 1.2479
Src_cls_loss	: 0.4044
-------------------------------------
[Epoch : 11/40]
Total_loss	: 5.3336
Domain_loss	: 1.2544
Src_cls_loss	: 0.3918
-------------------------------------
[Epoch : 12/40]
Total_loss	: 5.2595
Domain_loss	: 1.2542
Src_cls_loss	: 0.3779
-------------------------------------
[Epoch : 13/40]
Total_loss	: 5.1707
Domain_loss	: 1.2438
Src_cls_loss	: 0.3661
-------------------------------------
[Epoch : 14/40]
Total_loss	: 5.1273
Domain_loss	: 1.2468
Src_cls_loss	: 0.3564
-------------------------------------
[Epoch : 15/40]
Total_loss	: 5.0804
Domain_loss	: 1.2431
Src_cls_loss	: 0.3494
-------------------------------------
[Epoch : 16/40]
Total_loss	: 5.0388
Domain_loss	: 1.2441
Src_cls_loss	: 0.3410
-------------------------------------
[Epoch : 17/40]
Total_loss	: 4.9937
Domain_loss	: 1.2446
Src_cls_loss	: 0.3322
-------------------------------------
[Epoch : 18/40]
Total_loss	: 4.9590
Domain_loss	: 1.2486
Src_cls_loss	: 0.3236
-------------------------------------
[Epoch : 19/40]
Total_loss	: 4.9356
Domain_loss	: 1.2510
Src_cls_loss	: 0.3180
-------------------------------------
[Epoch : 20/40]
Total_loss	: 4.8959
Domain_loss	: 1.2495
Src_cls_loss	: 0.3112
-------------------------------------
[Epoch : 21/40]
Total_loss	: 4.8670
Domain_loss	: 1.2526
Src_cls_loss	: 0.3042
-------------------------------------
[Epoch : 22/40]
Total_loss	: 4.8486
Domain_loss	: 1.2568
Src_cls_loss	: 0.2986
-------------------------------------
[Epoch : 23/40]
Total_loss	: 4.8217
Domain_loss	: 1.2586
Src_cls_loss	: 0.2927
-------------------------------------
[Epoch : 24/40]
Total_loss	: 4.7978
Domain_loss	: 1.2616
Src_cls_loss	: 0.2866
-------------------------------------
[Epoch : 25/40]
Total_loss	: 4.7916
Domain_loss	: 1.2640
Src_cls_loss	: 0.2843
-------------------------------------
[Epoch : 26/40]
Total_loss	: 4.7708
Domain_loss	: 1.2658
Src_cls_loss	: 0.2794
-------------------------------------
[Epoch : 27/40]
Total_loss	: 4.7545
Domain_loss	: 1.2690
Src_cls_loss	: 0.2747
-------------------------------------
[Epoch : 28/40]
Total_loss	: 4.7349
Domain_loss	: 1.2710
Src_cls_loss	: 0.2700
-------------------------------------
[Epoch : 29/40]
Total_loss	: 4.7233
Domain_loss	: 1.2736
Src_cls_loss	: 0.2666
-------------------------------------
[Epoch : 30/40]
Total_loss	: 4.7139
Domain_loss	: 1.2765
Src_cls_loss	: 0.2633
-------------------------------------
[Epoch : 31/40]
Total_loss	: 4.7011
Domain_loss	: 1.2794
Src_cls_loss	: 0.2595
-------------------------------------
[Epoch : 32/40]
Total_loss	: 4.6825
Domain_loss	: 1.2812
Src_cls_loss	: 0.2551
-------------------------------------
[Epoch : 33/40]
Total_loss	: 4.6693
Domain_loss	: 1.2837
Src_cls_loss	: 0.2513
-------------------------------------
[Epoch : 34/40]
Total_loss	: 4.6523
Domain_loss	: 1.2858
Src_cls_loss	: 0.2471
-------------------------------------
[Epoch : 35/40]
Total_loss	: 4.6453
Domain_loss	: 1.2884
Src_cls_loss	: 0.2445
-------------------------------------
[Epoch : 36/40]
Total_loss	: 4.6300
Domain_loss	: 1.2892
Src_cls_loss	: 0.2411
-------------------------------------
[Epoch : 37/40]
Total_loss	: 4.6169
Domain_loss	: 1.2910
Src_cls_loss	: 0.2378
-------------------------------------
[Epoch : 38/40]
Total_loss	: 4.6065
Domain_loss	: 1.2917
Src_cls_loss	: 0.2355
-------------------------------------
[Epoch : 39/40]
Total_loss	: 4.5956
Domain_loss	: 1.2929
Src_cls_loss	: 0.2328
-------------------------------------
[Epoch : 40/40]
Total_loss	: 4.5877
Domain_loss	: 1.2947
Src_cls_loss	: 0.2304
-------------------------------------
