=============================================
Dataset: pamap_mobiact
Method:  DANN
=============================================
Source: df ---> Target: dp_48
Run ID: 0
=============================================
[Epoch : 1/40]
Total_loss	: 6.8000
Domain_loss	: 1.2895
Src_cls_loss	: 0.6526
-------------------------------------
[Epoch : 2/40]
Total_loss	: 6.5610
Domain_loss	: 1.3053
Src_cls_loss	: 0.5994
-------------------------------------
[Epoch : 3/40]
Total_loss	: 6.3226
Domain_loss	: 1.3007
Src_cls_loss	: 0.5565
-------------------------------------
[Epoch : 4/40]
Total_loss	: 6.0972
Domain_loss	: 1.2848
Src_cls_loss	: 0.5216
-------------------------------------
[Epoch : 5/40]
Total_loss	: 5.8759
Domain_loss	: 1.2586
Src_cls_loss	: 0.4926
-------------------------------------
[Epoch : 6/40]
Total_loss	: 5.7671
Domain_loss	: 1.2565
Src_cls_loss	: 0.4730
-------------------------------------
[Epoch : 7/40]
Total_loss	: 5.6787
Domain_loss	: 1.2623
Src_cls_loss	: 0.4533
-------------------------------------
[Epoch : 8/40]
Total_loss	: 5.5548
Domain_loss	: 1.2658
Src_cls_loss	: 0.4281
-------------------------------------
[Epoch : 9/40]
Total_loss	: 5.4661
Domain_loss	: 1.2684
Src_cls_loss	: 0.4100
-------------------------------------
[Epoch : 10/40]
Total_loss	: 5.3878
Domain_loss	: 1.2743
Src_cls_loss	: 0.3923
-------------------------------------
[Epoch : 11/40]
Total_loss	: 5.3293
Domain_loss	: 1.2770
Src_cls_loss	: 0.3798
-------------------------------------
[Epoch : 12/40]
Total_loss	: 5.2551
Domain_loss	: 1.2788
Src_cls_loss	: 0.3648
-------------------------------------
[Epoch : 13/40]
Total_loss	: 5.2147
Domain_loss	: 1.2818
Src_cls_loss	: 0.3557
-------------------------------------
[Epoch : 14/40]
Total_loss	: 5.1522
Domain_loss	: 1.2808
Src_cls_loss	: 0.3444
-------------------------------------
[Epoch : 15/40]
Total_loss	: 5.1169
Domain_loss	: 1.2825
Src_cls_loss	: 0.3368
-------------------------------------
[Epoch : 16/40]
Total_loss	: 5.0811
Domain_loss	: 1.2796
Src_cls_loss	: 0.3315
-------------------------------------
[Epoch : 17/40]
Total_loss	: 5.0532
Domain_loss	: 1.2825
Src_cls_loss	: 0.3248
-------------------------------------
[Epoch : 18/40]
Total_loss	: 5.0134
Domain_loss	: 1.2813
Src_cls_loss	: 0.3178
-------------------------------------
[Epoch : 19/40]
Total_loss	: 4.9814
Domain_loss	: 1.2817
Src_cls_loss	: 0.3115
-------------------------------------
[Epoch : 20/40]
Total_loss	: 4.9444
Domain_loss	: 1.2834
Src_cls_loss	: 0.3037
-------------------------------------
[Epoch : 21/40]
Total_loss	: 4.9153
Domain_loss	: 1.2845
Src_cls_loss	: 0.2976
-------------------------------------
[Epoch : 22/40]
Total_loss	: 4.8862
Domain_loss	: 1.2859
Src_cls_loss	: 0.2913
-------------------------------------
[Epoch : 23/40]
Total_loss	: 4.8664
Domain_loss	: 1.2887
Src_cls_loss	: 0.2863
-------------------------------------
[Epoch : 24/40]
Total_loss	: 4.8548
Domain_loss	: 1.2894
Src_cls_loss	: 0.2837
-------------------------------------
[Epoch : 25/40]
Total_loss	: 4.8356
Domain_loss	: 1.2906
Src_cls_loss	: 0.2795
-------------------------------------
[Epoch : 26/40]
Total_loss	: 4.8048
Domain_loss	: 1.2899
Src_cls_loss	: 0.2740
-------------------------------------
[Epoch : 27/40]
Total_loss	: 4.7807
Domain_loss	: 1.2881
Src_cls_loss	: 0.2703
-------------------------------------
[Epoch : 28/40]
Total_loss	: 4.7613
Domain_loss	: 1.2875
Src_cls_loss	: 0.2669
-------------------------------------
[Epoch : 29/40]
Total_loss	: 4.7449
Domain_loss	: 1.2864
Src_cls_loss	: 0.2643
-------------------------------------
[Epoch : 30/40]
Total_loss	: 4.7303
Domain_loss	: 1.2859
Src_cls_loss	: 0.2618
-------------------------------------
[Epoch : 31/40]
Total_loss	: 4.7170
Domain_loss	: 1.2868
Src_cls_loss	: 0.2588
-------------------------------------
[Epoch : 32/40]
Total_loss	: 4.7003
Domain_loss	: 1.2871
Src_cls_loss	: 0.2555
-------------------------------------
[Epoch : 33/40]
Total_loss	: 4.6818
Domain_loss	: 1.2866
Src_cls_loss	: 0.2522
-------------------------------------
[Epoch : 34/40]
Total_loss	: 4.6617
Domain_loss	: 1.2858
Src_cls_loss	: 0.2488
-------------------------------------
[Epoch : 35/40]
Total_loss	: 4.6555
Domain_loss	: 1.2863
Src_cls_loss	: 0.2474
-------------------------------------
[Epoch : 36/40]
Total_loss	: 4.6457
Domain_loss	: 1.2887
Src_cls_loss	: 0.2444
-------------------------------------
[Epoch : 37/40]
Total_loss	: 4.6356
Domain_loss	: 1.2913
Src_cls_loss	: 0.2412
-------------------------------------
[Epoch : 38/40]
Total_loss	: 4.6244
Domain_loss	: 1.2924
Src_cls_loss	: 0.2385
-------------------------------------
[Epoch : 39/40]
Total_loss	: 4.6142
Domain_loss	: 1.2934
Src_cls_loss	: 0.2361
-------------------------------------
[Epoch : 40/40]
Total_loss	: 4.6025
Domain_loss	: 1.2947
Src_cls_loss	: 0.2332
-------------------------------------
