=============================================
Dataset: pamap_mobiact
Method:  SYN
=============================================
Source: syn_wal_12 ---> Target: dp_wal_12
Run ID: 0
=============================================
[Epoch : 1/40]
Src_cls_loss	: 0.5469
-------------------------------------
[Epoch : 2/40]
Src_cls_loss	: 0.4010
-------------------------------------
[Epoch : 3/40]
Src_cls_loss	: 0.3327
-------------------------------------
[Epoch : 4/40]
Src_cls_loss	: 0.2857
-------------------------------------
[Epoch : 5/40]
Src_cls_loss	: 0.2461
-------------------------------------
[Epoch : 6/40]
Src_cls_loss	: 0.2149
-------------------------------------
[Epoch : 7/40]
Src_cls_loss	: 0.1903
-------------------------------------
[Epoch : 8/40]
Src_cls_loss	: 0.1714
-------------------------------------
[Epoch : 9/40]
Src_cls_loss	: 0.1555
-------------------------------------
[Epoch : 10/40]
Src_cls_loss	: 0.1428
-------------------------------------
[Epoch : 11/40]
Src_cls_loss	: 0.1314
-------------------------------------
[Epoch : 12/40]
Src_cls_loss	: 0.1217
-------------------------------------
[Epoch : 13/40]
Src_cls_loss	: 0.1134
-------------------------------------
[Epoch : 14/40]
Src_cls_loss	: 0.1062
-------------------------------------
[Epoch : 15/40]
Src_cls_loss	: 0.0999
-------------------------------------
[Epoch : 16/40]
Src_cls_loss	: 0.0942
-------------------------------------
[Epoch : 17/40]
Src_cls_loss	: 0.0892
-------------------------------------
[Epoch : 18/40]
Src_cls_loss	: 0.0846
-------------------------------------
[Epoch : 19/40]
Src_cls_loss	: 0.0804
-------------------------------------
[Epoch : 20/40]
Src_cls_loss	: 0.0768
-------------------------------------
[Epoch : 21/40]
Src_cls_loss	: 0.0735
-------------------------------------
[Epoch : 22/40]
Src_cls_loss	: 0.0705
-------------------------------------
[Epoch : 23/40]
Src_cls_loss	: 0.0676
-------------------------------------
[Epoch : 24/40]
Src_cls_loss	: 0.0651
-------------------------------------
[Epoch : 25/40]
Src_cls_loss	: 0.0627
-------------------------------------
[Epoch : 26/40]
Src_cls_loss	: 0.0604
-------------------------------------
[Epoch : 27/40]
Src_cls_loss	: 0.0583
-------------------------------------
[Epoch : 28/40]
Src_cls_loss	: 0.0564
-------------------------------------
[Epoch : 29/40]
Src_cls_loss	: 0.0546
-------------------------------------
[Epoch : 30/40]
Src_cls_loss	: 0.0529
-------------------------------------
[Epoch : 31/40]
Src_cls_loss	: 0.0515
-------------------------------------
[Epoch : 32/40]
Src_cls_loss	: 0.0501
-------------------------------------
[Epoch : 33/40]
Src_cls_loss	: 0.0489
-------------------------------------
[Epoch : 34/40]
Src_cls_loss	: 0.0478
-------------------------------------
[Epoch : 35/40]
Src_cls_loss	: 0.0466
-------------------------------------
[Epoch : 36/40]
Src_cls_loss	: 0.0456
-------------------------------------
[Epoch : 37/40]
Src_cls_loss	: 0.0446
-------------------------------------
[Epoch : 38/40]
Src_cls_loss	: 0.0436
-------------------------------------
[Epoch : 39/40]
Src_cls_loss	: 0.0427
-------------------------------------
[Epoch : 40/40]
Src_cls_loss	: 0.0418
-------------------------------------
