=============================================
Dataset: mobiact_realworld
Method:  MMDA
=============================================
Source: df ---> Target: dp_61
Run ID: 0
=============================================
[Epoch : 1/40]
Total_loss	: 26.1854
Coral_loss	: 0.0015
MMD_loss	: 0.4859
cond_ent_wt	: 3.0425
Src_cls_loss	: 0.3118
-------------------------------------
[Epoch : 2/40]
Total_loss	: 15.3752
Coral_loss	: 0.0020
MMD_loss	: 0.4888
cond_ent_wt	: 1.6947
Src_cls_loss	: 0.2161
-------------------------------------
[Epoch : 3/40]
Total_loss	: 11.2116
Coral_loss	: 0.0022
MMD_loss	: 0.4920
cond_ent_wt	: 1.1830
Src_cls_loss	: 0.1702
-------------------------------------
[Epoch : 4/40]
Total_loss	: 8.9954
Coral_loss	: 0.0022
MMD_loss	: 0.4885
cond_ent_wt	: 0.9155
Src_cls_loss	: 0.1420
-------------------------------------
[Epoch : 5/40]
Total_loss	: 7.6130
Coral_loss	: 0.0023
MMD_loss	: 0.4887
cond_ent_wt	: 0.7495
Src_cls_loss	: 0.1227
-------------------------------------
[Epoch : 6/40]
Total_loss	: 6.6473
Coral_loss	: 0.0023
MMD_loss	: 0.4882
cond_ent_wt	: 0.6341
Src_cls_loss	: 0.1087
-------------------------------------
[Epoch : 7/40]
Total_loss	: 5.9277
Coral_loss	: 0.0023
MMD_loss	: 0.4864
cond_ent_wt	: 0.5497
Src_cls_loss	: 0.0971
-------------------------------------
[Epoch : 8/40]
Total_loss	: 5.3782
Coral_loss	: 0.0023
MMD_loss	: 0.4830
cond_ent_wt	: 0.4851
Src_cls_loss	: 0.0890
-------------------------------------
[Epoch : 9/40]
Total_loss	: 4.9431
Coral_loss	: 0.0023
MMD_loss	: 0.4804
cond_ent_wt	: 0.4345
Src_cls_loss	: 0.0820
-------------------------------------
[Epoch : 10/40]
Total_loss	: 4.5889
Coral_loss	: 0.0023
MMD_loss	: 0.4761
cond_ent_wt	: 0.3944
Src_cls_loss	: 0.0758
-------------------------------------
[Epoch : 11/40]
Total_loss	: 4.3053
Coral_loss	: 0.0023
MMD_loss	: 0.4741
cond_ent_wt	: 0.3612
Src_cls_loss	: 0.0715
-------------------------------------
[Epoch : 12/40]
Total_loss	: 4.0586
Coral_loss	: 0.0024
MMD_loss	: 0.4687
cond_ent_wt	: 0.3336
Src_cls_loss	: 0.0676
-------------------------------------
[Epoch : 13/40]
Total_loss	: 3.8468
Coral_loss	: 0.0024
MMD_loss	: 0.4654
cond_ent_wt	: 0.3100
Src_cls_loss	: 0.0637
-------------------------------------
[Epoch : 14/40]
Total_loss	: 3.6614
Coral_loss	: 0.0024
MMD_loss	: 0.4626
cond_ent_wt	: 0.2892
Src_cls_loss	: 0.0604
-------------------------------------
[Epoch : 15/40]
Total_loss	: 3.5011
Coral_loss	: 0.0024
MMD_loss	: 0.4595
cond_ent_wt	: 0.2712
Src_cls_loss	: 0.0578
-------------------------------------
[Epoch : 16/40]
Total_loss	: 3.3579
Coral_loss	: 0.0024
MMD_loss	: 0.4554
cond_ent_wt	: 0.2554
Src_cls_loss	: 0.0556
-------------------------------------
[Epoch : 17/40]
Total_loss	: 3.2291
Coral_loss	: 0.0025
MMD_loss	: 0.4520
cond_ent_wt	: 0.2411
Src_cls_loss	: 0.0536
-------------------------------------
[Epoch : 18/40]
Total_loss	: 3.1155
Coral_loss	: 0.0025
MMD_loss	: 0.4493
cond_ent_wt	: 0.2286
Src_cls_loss	: 0.0517
-------------------------------------
[Epoch : 19/40]
Total_loss	: 3.0119
Coral_loss	: 0.0025
MMD_loss	: 0.4464
cond_ent_wt	: 0.2175
Src_cls_loss	: 0.0497
-------------------------------------
[Epoch : 20/40]
Total_loss	: 2.9223
Coral_loss	: 0.0026
MMD_loss	: 0.4436
cond_ent_wt	: 0.2074
Src_cls_loss	: 0.0486
-------------------------------------
[Epoch : 21/40]
Total_loss	: 2.8355
Coral_loss	: 0.0026
MMD_loss	: 0.4407
cond_ent_wt	: 0.1982
Src_cls_loss	: 0.0470
-------------------------------------
[Epoch : 22/40]
Total_loss	: 2.7598
Coral_loss	: 0.0026
MMD_loss	: 0.4386
cond_ent_wt	: 0.1900
Src_cls_loss	: 0.0456
-------------------------------------
[Epoch : 23/40]
Total_loss	: 2.6875
Coral_loss	: 0.0027
MMD_loss	: 0.4359
cond_ent_wt	: 0.1822
Src_cls_loss	: 0.0445
-------------------------------------
[Epoch : 24/40]
Total_loss	: 2.6169
Coral_loss	: 0.0027
MMD_loss	: 0.4324
cond_ent_wt	: 0.1752
Src_cls_loss	: 0.0431
-------------------------------------
[Epoch : 25/40]
Total_loss	: 2.5560
Coral_loss	: 0.0028
MMD_loss	: 0.4296
cond_ent_wt	: 0.1687
Src_cls_loss	: 0.0421
-------------------------------------
[Epoch : 26/40]
Total_loss	: 2.4943
Coral_loss	: 0.0028
MMD_loss	: 0.4264
cond_ent_wt	: 0.1627
Src_cls_loss	: 0.0408
-------------------------------------
[Epoch : 27/40]
Total_loss	: 2.4419
Coral_loss	: 0.0028
MMD_loss	: 0.4240
cond_ent_wt	: 0.1572
Src_cls_loss	: 0.0400
-------------------------------------
[Epoch : 28/40]
Total_loss	: 2.3912
Coral_loss	: 0.0029
MMD_loss	: 0.4212
cond_ent_wt	: 0.1522
Src_cls_loss	: 0.0390
-------------------------------------
[Epoch : 29/40]
Total_loss	: 2.3445
Coral_loss	: 0.0029
MMD_loss	: 0.4184
cond_ent_wt	: 0.1474
Src_cls_loss	: 0.0383
-------------------------------------
[Epoch : 30/40]
Total_loss	: 2.3022
Coral_loss	: 0.0029
MMD_loss	: 0.4165
cond_ent_wt	: 0.1429
Src_cls_loss	: 0.0377
-------------------------------------
[Epoch : 31/40]
Total_loss	: 2.2593
Coral_loss	: 0.0030
MMD_loss	: 0.4142
cond_ent_wt	: 0.1388
Src_cls_loss	: 0.0367
-------------------------------------
[Epoch : 32/40]
Total_loss	: 2.2178
Coral_loss	: 0.0030
MMD_loss	: 0.4114
cond_ent_wt	: 0.1347
Src_cls_loss	: 0.0360
-------------------------------------
[Epoch : 33/40]
Total_loss	: 2.1823
Coral_loss	: 0.0031
MMD_loss	: 0.4091
cond_ent_wt	: 0.1311
Src_cls_loss	: 0.0355
-------------------------------------
[Epoch : 34/40]
Total_loss	: 2.1474
Coral_loss	: 0.0031
MMD_loss	: 0.4072
cond_ent_wt	: 0.1277
Src_cls_loss	: 0.0348
-------------------------------------
[Epoch : 35/40]
Total_loss	: 2.1128
Coral_loss	: 0.0031
MMD_loss	: 0.4051
cond_ent_wt	: 0.1243
Src_cls_loss	: 0.0341
-------------------------------------
[Epoch : 36/40]
Total_loss	: 2.0796
Coral_loss	: 0.0032
MMD_loss	: 0.4029
cond_ent_wt	: 0.1211
Src_cls_loss	: 0.0335
-------------------------------------
[Epoch : 37/40]
Total_loss	: 2.0473
Coral_loss	: 0.0032
MMD_loss	: 0.4006
cond_ent_wt	: 0.1180
Src_cls_loss	: 0.0330
-------------------------------------
[Epoch : 38/40]
Total_loss	: 2.0203
Coral_loss	: 0.0032
MMD_loss	: 0.3992
cond_ent_wt	: 0.1152
Src_cls_loss	: 0.0325
-------------------------------------
[Epoch : 39/40]
Total_loss	: 1.9951
Coral_loss	: 0.0032
MMD_loss	: 0.3983
cond_ent_wt	: 0.1125
Src_cls_loss	: 0.0321
-------------------------------------
[Epoch : 40/40]
Total_loss	: 1.9678
Coral_loss	: 0.0032
MMD_loss	: 0.3968
cond_ent_wt	: 0.1099
Src_cls_loss	: 0.0315
-------------------------------------
