=============================================
Dataset: mobiact_realworld
Method:  SYN
=============================================
Source: syn_wal_74 ---> Target: dp_wal_74
Run ID: 6
=============================================
[Epoch : 1/40]
Src_cls_loss	: 0.6913
-------------------------------------
[Epoch : 2/40]
Src_cls_loss	: 0.5248
-------------------------------------
[Epoch : 3/40]
Src_cls_loss	: 0.4064
-------------------------------------
[Epoch : 4/40]
Src_cls_loss	: 0.3329
-------------------------------------
[Epoch : 5/40]
Src_cls_loss	: 0.2811
-------------------------------------
[Epoch : 6/40]
Src_cls_loss	: 0.2421
-------------------------------------
[Epoch : 7/40]
Src_cls_loss	: 0.2126
-------------------------------------
[Epoch : 8/40]
Src_cls_loss	: 0.1899
-------------------------------------
[Epoch : 9/40]
Src_cls_loss	: 0.1718
-------------------------------------
[Epoch : 10/40]
Src_cls_loss	: 0.1573
-------------------------------------
[Epoch : 11/40]
Src_cls_loss	: 0.1450
-------------------------------------
[Epoch : 12/40]
Src_cls_loss	: 0.1341
-------------------------------------
[Epoch : 13/40]
Src_cls_loss	: 0.1246
-------------------------------------
[Epoch : 14/40]
Src_cls_loss	: 0.1165
-------------------------------------
[Epoch : 15/40]
Src_cls_loss	: 0.1094
-------------------------------------
[Epoch : 16/40]
Src_cls_loss	: 0.1031
-------------------------------------
[Epoch : 17/40]
Src_cls_loss	: 0.0975
-------------------------------------
[Epoch : 18/40]
Src_cls_loss	: 0.0925
-------------------------------------
[Epoch : 19/40]
Src_cls_loss	: 0.0881
-------------------------------------
[Epoch : 20/40]
Src_cls_loss	: 0.0845
-------------------------------------
[Epoch : 21/40]
Src_cls_loss	: 0.0808
-------------------------------------
[Epoch : 22/40]
Src_cls_loss	: 0.0775
-------------------------------------
[Epoch : 23/40]
Src_cls_loss	: 0.0744
-------------------------------------
[Epoch : 24/40]
Src_cls_loss	: 0.0716
-------------------------------------
[Epoch : 25/40]
Src_cls_loss	: 0.0689
-------------------------------------
[Epoch : 26/40]
Src_cls_loss	: 0.0664
-------------------------------------
[Epoch : 27/40]
Src_cls_loss	: 0.0641
-------------------------------------
[Epoch : 28/40]
Src_cls_loss	: 0.0619
-------------------------------------
[Epoch : 29/40]
Src_cls_loss	: 0.0599
-------------------------------------
[Epoch : 30/40]
Src_cls_loss	: 0.0580
-------------------------------------
[Epoch : 31/40]
Src_cls_loss	: 0.0562
-------------------------------------
[Epoch : 32/40]
Src_cls_loss	: 0.0546
-------------------------------------
[Epoch : 33/40]
Src_cls_loss	: 0.0530
-------------------------------------
[Epoch : 34/40]
Src_cls_loss	: 0.0515
-------------------------------------
[Epoch : 35/40]
Src_cls_loss	: 0.0503
-------------------------------------
[Epoch : 36/40]
Src_cls_loss	: 0.0491
-------------------------------------
[Epoch : 37/40]
Src_cls_loss	: 0.0480
-------------------------------------
[Epoch : 38/40]
Src_cls_loss	: 0.0469
-------------------------------------
[Epoch : 39/40]
Src_cls_loss	: 0.0458
-------------------------------------
[Epoch : 40/40]
Src_cls_loss	: 0.0447
-------------------------------------
