=============================================
Dataset: realworld_pamap
Method:  NO_ADAPT
=============================================
Source: syn_19 ---> Target: dp_19
Run ID: 5
=============================================
[Epoch : 1/40]
Src_cls_loss	: 0.7945
-------------------------------------
[Epoch : 2/40]
Src_cls_loss	: 0.5750
-------------------------------------
[Epoch : 3/40]
Src_cls_loss	: 0.4449
-------------------------------------
[Epoch : 4/40]
Src_cls_loss	: 0.3649
-------------------------------------
[Epoch : 5/40]
Src_cls_loss	: 0.3102
-------------------------------------
[Epoch : 6/40]
Src_cls_loss	: 0.2722
-------------------------------------
[Epoch : 7/40]
Src_cls_loss	: 0.2429
-------------------------------------
[Epoch : 8/40]
Src_cls_loss	: 0.2185
-------------------------------------
[Epoch : 9/40]
Src_cls_loss	: 0.1995
-------------------------------------
[Epoch : 10/40]
Src_cls_loss	: 0.1837
-------------------------------------
[Epoch : 11/40]
Src_cls_loss	: 0.1712
-------------------------------------
[Epoch : 12/40]
Src_cls_loss	: 0.1606
-------------------------------------
[Epoch : 13/40]
Src_cls_loss	: 0.1506
-------------------------------------
[Epoch : 14/40]
Src_cls_loss	: 0.1421
-------------------------------------
[Epoch : 15/40]
Src_cls_loss	: 0.1345
-------------------------------------
[Epoch : 16/40]
Src_cls_loss	: 0.1279
-------------------------------------
[Epoch : 17/40]
Src_cls_loss	: 0.1218
-------------------------------------
[Epoch : 18/40]
Src_cls_loss	: 0.1174
-------------------------------------
[Epoch : 19/40]
Src_cls_loss	: 0.1131
-------------------------------------
[Epoch : 20/40]
Src_cls_loss	: 0.1084
-------------------------------------
[Epoch : 21/40]
Src_cls_loss	: 0.1040
-------------------------------------
[Epoch : 22/40]
Src_cls_loss	: 0.1006
-------------------------------------
[Epoch : 23/40]
Src_cls_loss	: 0.0974
-------------------------------------
[Epoch : 24/40]
Src_cls_loss	: 0.0942
-------------------------------------
[Epoch : 25/40]
Src_cls_loss	: 0.0912
-------------------------------------
[Epoch : 26/40]
Src_cls_loss	: 0.0886
-------------------------------------
[Epoch : 27/40]
Src_cls_loss	: 0.0865
-------------------------------------
[Epoch : 28/40]
Src_cls_loss	: 0.0843
-------------------------------------
[Epoch : 29/40]
Src_cls_loss	: 0.0820
-------------------------------------
[Epoch : 30/40]
Src_cls_loss	: 0.0797
-------------------------------------
[Epoch : 31/40]
Src_cls_loss	: 0.0774
-------------------------------------
[Epoch : 32/40]
Src_cls_loss	: 0.0754
-------------------------------------
[Epoch : 33/40]
Src_cls_loss	: 0.0736
-------------------------------------
[Epoch : 34/40]
Src_cls_loss	: 0.0718
-------------------------------------
[Epoch : 35/40]
Src_cls_loss	: 0.0700
-------------------------------------
[Epoch : 36/40]
Src_cls_loss	: 0.0684
-------------------------------------
[Epoch : 37/40]
Src_cls_loss	: 0.0672
-------------------------------------
[Epoch : 38/40]
Src_cls_loss	: 0.0657
-------------------------------------
[Epoch : 39/40]
Src_cls_loss	: 0.0643
-------------------------------------
[Epoch : 40/40]
Src_cls_loss	: 0.0629
-------------------------------------
