=============================================
Dataset: pamap_mobiact
Method:  NO_ADAPT
=============================================
Source: syn_6 ---> Target: dp_6
Run ID: 6
=============================================
[Epoch : 1/40]
Src_cls_loss	: 0.8049
-------------------------------------
[Epoch : 2/40]
Src_cls_loss	: 0.6422
-------------------------------------
[Epoch : 3/40]
Src_cls_loss	: 0.5624
-------------------------------------
[Epoch : 4/40]
Src_cls_loss	: 0.5008
-------------------------------------
[Epoch : 5/40]
Src_cls_loss	: 0.4532
-------------------------------------
[Epoch : 6/40]
Src_cls_loss	: 0.4137
-------------------------------------
[Epoch : 7/40]
Src_cls_loss	: 0.3855
-------------------------------------
[Epoch : 8/40]
Src_cls_loss	: 0.3591
-------------------------------------
[Epoch : 9/40]
Src_cls_loss	: 0.3391
-------------------------------------
[Epoch : 10/40]
Src_cls_loss	: 0.3183
-------------------------------------
[Epoch : 11/40]
Src_cls_loss	: 0.2998
-------------------------------------
[Epoch : 12/40]
Src_cls_loss	: 0.2832
-------------------------------------
[Epoch : 13/40]
Src_cls_loss	: 0.2683
-------------------------------------
[Epoch : 14/40]
Src_cls_loss	: 0.2558
-------------------------------------
[Epoch : 15/40]
Src_cls_loss	: 0.2433
-------------------------------------
[Epoch : 16/40]
Src_cls_loss	: 0.2326
-------------------------------------
[Epoch : 17/40]
Src_cls_loss	: 0.2238
-------------------------------------
[Epoch : 18/40]
Src_cls_loss	: 0.2152
-------------------------------------
[Epoch : 19/40]
Src_cls_loss	: 0.2073
-------------------------------------
[Epoch : 20/40]
Src_cls_loss	: 0.1998
-------------------------------------
[Epoch : 21/40]
Src_cls_loss	: 0.1936
-------------------------------------
[Epoch : 22/40]
Src_cls_loss	: 0.1873
-------------------------------------
[Epoch : 23/40]
Src_cls_loss	: 0.1810
-------------------------------------
[Epoch : 24/40]
Src_cls_loss	: 0.1750
-------------------------------------
[Epoch : 25/40]
Src_cls_loss	: 0.1694
-------------------------------------
[Epoch : 26/40]
Src_cls_loss	: 0.1645
-------------------------------------
[Epoch : 27/40]
Src_cls_loss	: 0.1600
-------------------------------------
[Epoch : 28/40]
Src_cls_loss	: 0.1553
-------------------------------------
[Epoch : 29/40]
Src_cls_loss	: 0.1516
-------------------------------------
[Epoch : 30/40]
Src_cls_loss	: 0.1479
-------------------------------------
[Epoch : 31/40]
Src_cls_loss	: 0.1446
-------------------------------------
[Epoch : 32/40]
Src_cls_loss	: 0.1415
-------------------------------------
[Epoch : 33/40]
Src_cls_loss	: 0.1381
-------------------------------------
[Epoch : 34/40]
Src_cls_loss	: 0.1347
-------------------------------------
[Epoch : 35/40]
Src_cls_loss	: 0.1315
-------------------------------------
[Epoch : 36/40]
Src_cls_loss	: 0.1288
-------------------------------------
[Epoch : 37/40]
Src_cls_loss	: 0.1263
-------------------------------------
[Epoch : 38/40]
Src_cls_loss	: 0.1244
-------------------------------------
[Epoch : 39/40]
Src_cls_loss	: 0.1219
-------------------------------------
[Epoch : 40/40]
Src_cls_loss	: 0.1197
-------------------------------------
