=============================================
Dataset: CWRU_OR_orthogonal
Method:  Deep_Coral
=============================================
Source: 0 ---> Target: 6
Run ID: 2
=============================================
[Epoch : 1/40]
Total_loss	: 0.0178
Src_cls_loss	: 0.1667
coral_loss	: 0.0002
-------------------------------------
[Epoch : 2/40]
Total_loss	: 0.0105
Src_cls_loss	: 0.0944
coral_loss	: 0.0002
-------------------------------------
[Epoch : 3/40]
Total_loss	: 0.0078
Src_cls_loss	: 0.0683
coral_loss	: 0.0002
-------------------------------------
[Epoch : 4/40]
Total_loss	: 0.0062
Src_cls_loss	: 0.0541
coral_loss	: 0.0002
-------------------------------------
[Epoch : 5/40]
Total_loss	: 0.0053
Src_cls_loss	: 0.0456
coral_loss	: 0.0002
-------------------------------------
[Epoch : 6/40]
Total_loss	: 0.0046
Src_cls_loss	: 0.0393
coral_loss	: 0.0002
-------------------------------------
[Epoch : 7/40]
Total_loss	: 0.0041
Src_cls_loss	: 0.0346
coral_loss	: 0.0001
-------------------------------------
[Epoch : 8/40]
Total_loss	: 0.0037
Src_cls_loss	: 0.0309
coral_loss	: 0.0001
-------------------------------------
[Epoch : 9/40]
Total_loss	: 0.0034
Src_cls_loss	: 0.0283
coral_loss	: 0.0001
-------------------------------------
[Epoch : 10/40]
Total_loss	: 0.0031
Src_cls_loss	: 0.0260
coral_loss	: 0.0001
-------------------------------------
[Epoch : 11/40]
Total_loss	: 0.0029
Src_cls_loss	: 0.0243
coral_loss	: 0.0001
-------------------------------------
[Epoch : 12/40]
Total_loss	: 0.0028
Src_cls_loss	: 0.0229
coral_loss	: 0.0001
-------------------------------------
[Epoch : 13/40]
Total_loss	: 0.0026
Src_cls_loss	: 0.0216
coral_loss	: 0.0001
-------------------------------------
[Epoch : 14/40]
Total_loss	: 0.0025
Src_cls_loss	: 0.0204
coral_loss	: 0.0001
-------------------------------------
[Epoch : 15/40]
Total_loss	: 0.0024
Src_cls_loss	: 0.0194
coral_loss	: 0.0001
-------------------------------------
[Epoch : 16/40]
Total_loss	: 0.0023
Src_cls_loss	: 0.0186
coral_loss	: 0.0001
-------------------------------------
[Epoch : 17/40]
Total_loss	: 0.0022
Src_cls_loss	: 0.0178
coral_loss	: 0.0001
-------------------------------------
[Epoch : 18/40]
Total_loss	: 0.0021
Src_cls_loss	: 0.0170
coral_loss	: 0.0001
-------------------------------------
[Epoch : 19/40]
Total_loss	: 0.0020
Src_cls_loss	: 0.0164
coral_loss	: 0.0001
-------------------------------------
[Epoch : 20/40]
Total_loss	: 0.0019
Src_cls_loss	: 0.0158
coral_loss	: 0.0001
-------------------------------------
[Epoch : 21/40]
Total_loss	: 0.0019
Src_cls_loss	: 0.0154
coral_loss	: 0.0001
-------------------------------------
[Epoch : 22/40]
Total_loss	: 0.0018
Src_cls_loss	: 0.0149
coral_loss	: 0.0001
-------------------------------------
[Epoch : 23/40]
Total_loss	: 0.0018
Src_cls_loss	: 0.0144
coral_loss	: 0.0001
-------------------------------------
[Epoch : 24/40]
Total_loss	: 0.0017
Src_cls_loss	: 0.0140
coral_loss	: 0.0001
-------------------------------------
[Epoch : 25/40]
Total_loss	: 0.0017
Src_cls_loss	: 0.0137
coral_loss	: 0.0001
-------------------------------------
[Epoch : 26/40]
Total_loss	: 0.0016
Src_cls_loss	: 0.0133
coral_loss	: 0.0001
-------------------------------------
[Epoch : 27/40]
Total_loss	: 0.0016
Src_cls_loss	: 0.0131
coral_loss	: 0.0001
-------------------------------------
[Epoch : 28/40]
Total_loss	: 0.0016
Src_cls_loss	: 0.0127
coral_loss	: 0.0001
-------------------------------------
[Epoch : 29/40]
Total_loss	: 0.0015
Src_cls_loss	: 0.0124
coral_loss	: 0.0001
-------------------------------------
[Epoch : 30/40]
Total_loss	: 0.0015
Src_cls_loss	: 0.0121
coral_loss	: 0.0001
-------------------------------------
[Epoch : 31/40]
Total_loss	: 0.0014
Src_cls_loss	: 0.0119
coral_loss	: 0.0001
-------------------------------------
[Epoch : 32/40]
Total_loss	: 0.0014
Src_cls_loss	: 0.0116
coral_loss	: 0.0001
-------------------------------------
[Epoch : 33/40]
Total_loss	: 0.0014
Src_cls_loss	: 0.0114
coral_loss	: 0.0001
-------------------------------------
[Epoch : 34/40]
Total_loss	: 0.0014
Src_cls_loss	: 0.0112
coral_loss	: 0.0001
-------------------------------------
[Epoch : 35/40]
Total_loss	: 0.0013
Src_cls_loss	: 0.0110
coral_loss	: 0.0001
-------------------------------------
[Epoch : 36/40]
Total_loss	: 0.0013
Src_cls_loss	: 0.0108
coral_loss	: 0.0001
-------------------------------------
[Epoch : 37/40]
Total_loss	: 0.0013
Src_cls_loss	: 0.0106
coral_loss	: 0.0001
-------------------------------------
[Epoch : 38/40]
Total_loss	: 0.0013
Src_cls_loss	: 0.0105
coral_loss	: 0.0001
-------------------------------------
[Epoch : 39/40]
Total_loss	: 0.0013
Src_cls_loss	: 0.0103
coral_loss	: 0.0000
-------------------------------------
[Epoch : 40/40]
Total_loss	: 0.0012
Src_cls_loss	: 0.0101
coral_loss	: 0.0000
-------------------------------------
