=============================================
Dataset: pamap_realworld
Method:  NO_ADAPT
=============================================
Source: syn_13 ---> Target: dp_13
Run ID: 9
=============================================
[Epoch : 1/40]
Src_cls_loss	: 0.4035
-------------------------------------
[Epoch : 2/40]
Src_cls_loss	: 0.2567
-------------------------------------
[Epoch : 3/40]
Src_cls_loss	: 0.1952
-------------------------------------
[Epoch : 4/40]
Src_cls_loss	: 0.1593
-------------------------------------
[Epoch : 5/40]
Src_cls_loss	: 0.1349
-------------------------------------
[Epoch : 6/40]
Src_cls_loss	: 0.1202
-------------------------------------
[Epoch : 7/40]
Src_cls_loss	: 0.1070
-------------------------------------
[Epoch : 8/40]
Src_cls_loss	: 0.0970
-------------------------------------
[Epoch : 9/40]
Src_cls_loss	: 0.0894
-------------------------------------
[Epoch : 10/40]
Src_cls_loss	: 0.0825
-------------------------------------
[Epoch : 11/40]
Src_cls_loss	: 0.0776
-------------------------------------
[Epoch : 12/40]
Src_cls_loss	: 0.0723
-------------------------------------
[Epoch : 13/40]
Src_cls_loss	: 0.0684
-------------------------------------
[Epoch : 14/40]
Src_cls_loss	: 0.0647
-------------------------------------
[Epoch : 15/40]
Src_cls_loss	: 0.0616
-------------------------------------
[Epoch : 16/40]
Src_cls_loss	: 0.0587
-------------------------------------
[Epoch : 17/40]
Src_cls_loss	: 0.0561
-------------------------------------
[Epoch : 18/40]
Src_cls_loss	: 0.0535
-------------------------------------
[Epoch : 19/40]
Src_cls_loss	: 0.0515
-------------------------------------
[Epoch : 20/40]
Src_cls_loss	: 0.0495
-------------------------------------
[Epoch : 21/40]
Src_cls_loss	: 0.0476
-------------------------------------
[Epoch : 22/40]
Src_cls_loss	: 0.0460
-------------------------------------
[Epoch : 23/40]
Src_cls_loss	: 0.0444
-------------------------------------
[Epoch : 24/40]
Src_cls_loss	: 0.0428
-------------------------------------
[Epoch : 25/40]
Src_cls_loss	: 0.0414
-------------------------------------
[Epoch : 26/40]
Src_cls_loss	: 0.0402
-------------------------------------
[Epoch : 27/40]
Src_cls_loss	: 0.0393
-------------------------------------
[Epoch : 28/40]
Src_cls_loss	: 0.0384
-------------------------------------
[Epoch : 29/40]
Src_cls_loss	: 0.0374
-------------------------------------
[Epoch : 30/40]
Src_cls_loss	: 0.0366
-------------------------------------
[Epoch : 31/40]
Src_cls_loss	: 0.0358
-------------------------------------
[Epoch : 32/40]
Src_cls_loss	: 0.0349
-------------------------------------
[Epoch : 33/40]
Src_cls_loss	: 0.0339
-------------------------------------
[Epoch : 34/40]
Src_cls_loss	: 0.0331
-------------------------------------
[Epoch : 35/40]
Src_cls_loss	: 0.0323
-------------------------------------
[Epoch : 36/40]
Src_cls_loss	: 0.0315
-------------------------------------
[Epoch : 37/40]
Src_cls_loss	: 0.0309
-------------------------------------
[Epoch : 38/40]
Src_cls_loss	: 0.0304
-------------------------------------
[Epoch : 39/40]
Src_cls_loss	: 0.0297
-------------------------------------
[Epoch : 40/40]
Src_cls_loss	: 0.0291
-------------------------------------
