=============================================
Dataset: pamap_mobiact
Method:  NO_ADAPT
=============================================
Source: syn_30 ---> Target: dp_30
Run ID: 5
=============================================
[Epoch : 1/40]
Src_cls_loss	: 0.7741
-------------------------------------
[Epoch : 2/40]
Src_cls_loss	: 0.6391
-------------------------------------
[Epoch : 3/40]
Src_cls_loss	: 0.5626
-------------------------------------
[Epoch : 4/40]
Src_cls_loss	: 0.5050
-------------------------------------
[Epoch : 5/40]
Src_cls_loss	: 0.4735
-------------------------------------
[Epoch : 6/40]
Src_cls_loss	: 0.4351
-------------------------------------
[Epoch : 7/40]
Src_cls_loss	: 0.4027
-------------------------------------
[Epoch : 8/40]
Src_cls_loss	: 0.3738
-------------------------------------
[Epoch : 9/40]
Src_cls_loss	: 0.3484
-------------------------------------
[Epoch : 10/40]
Src_cls_loss	: 0.3283
-------------------------------------
[Epoch : 11/40]
Src_cls_loss	: 0.3128
-------------------------------------
[Epoch : 12/40]
Src_cls_loss	: 0.2950
-------------------------------------
[Epoch : 13/40]
Src_cls_loss	: 0.2800
-------------------------------------
[Epoch : 14/40]
Src_cls_loss	: 0.2648
-------------------------------------
[Epoch : 15/40]
Src_cls_loss	: 0.2509
-------------------------------------
[Epoch : 16/40]
Src_cls_loss	: 0.2402
-------------------------------------
[Epoch : 17/40]
Src_cls_loss	: 0.2306
-------------------------------------
[Epoch : 18/40]
Src_cls_loss	: 0.2213
-------------------------------------
[Epoch : 19/40]
Src_cls_loss	: 0.2120
-------------------------------------
[Epoch : 20/40]
Src_cls_loss	: 0.2034
-------------------------------------
[Epoch : 21/40]
Src_cls_loss	: 0.1962
-------------------------------------
[Epoch : 22/40]
Src_cls_loss	: 0.1890
-------------------------------------
[Epoch : 23/40]
Src_cls_loss	: 0.1829
-------------------------------------
[Epoch : 24/40]
Src_cls_loss	: 0.1766
-------------------------------------
[Epoch : 25/40]
Src_cls_loss	: 0.1712
-------------------------------------
[Epoch : 26/40]
Src_cls_loss	: 0.1661
-------------------------------------
[Epoch : 27/40]
Src_cls_loss	: 0.1627
-------------------------------------
[Epoch : 28/40]
Src_cls_loss	: 0.1593
-------------------------------------
[Epoch : 29/40]
Src_cls_loss	: 0.1553
-------------------------------------
[Epoch : 30/40]
Src_cls_loss	: 0.1512
-------------------------------------
[Epoch : 31/40]
Src_cls_loss	: 0.1471
-------------------------------------
[Epoch : 32/40]
Src_cls_loss	: 0.1434
-------------------------------------
[Epoch : 33/40]
Src_cls_loss	: 0.1397
-------------------------------------
[Epoch : 34/40]
Src_cls_loss	: 0.1363
-------------------------------------
[Epoch : 35/40]
Src_cls_loss	: 0.1332
-------------------------------------
[Epoch : 36/40]
Src_cls_loss	: 0.1302
-------------------------------------
[Epoch : 37/40]
Src_cls_loss	: 0.1271
-------------------------------------
[Epoch : 38/40]
Src_cls_loss	: 0.1240
-------------------------------------
[Epoch : 39/40]
Src_cls_loss	: 0.1215
-------------------------------------
[Epoch : 40/40]
Src_cls_loss	: 0.1190
-------------------------------------
