=============================================
Dataset: pamap_realworld
Method:  NO_ADAPT
=============================================
Source: syn_14 ---> Target: dp_14
Run ID: 5
=============================================
[Epoch : 1/40]
Src_cls_loss	: 0.4912
-------------------------------------
[Epoch : 2/40]
Src_cls_loss	: 0.3322
-------------------------------------
[Epoch : 3/40]
Src_cls_loss	: 0.2521
-------------------------------------
[Epoch : 4/40]
Src_cls_loss	: 0.2053
-------------------------------------
[Epoch : 5/40]
Src_cls_loss	: 0.1775
-------------------------------------
[Epoch : 6/40]
Src_cls_loss	: 0.1562
-------------------------------------
[Epoch : 7/40]
Src_cls_loss	: 0.1389
-------------------------------------
[Epoch : 8/40]
Src_cls_loss	: 0.1259
-------------------------------------
[Epoch : 9/40]
Src_cls_loss	: 0.1150
-------------------------------------
[Epoch : 10/40]
Src_cls_loss	: 0.1078
-------------------------------------
[Epoch : 11/40]
Src_cls_loss	: 0.1007
-------------------------------------
[Epoch : 12/40]
Src_cls_loss	: 0.0943
-------------------------------------
[Epoch : 13/40]
Src_cls_loss	: 0.0888
-------------------------------------
[Epoch : 14/40]
Src_cls_loss	: 0.0837
-------------------------------------
[Epoch : 15/40]
Src_cls_loss	: 0.0796
-------------------------------------
[Epoch : 16/40]
Src_cls_loss	: 0.0756
-------------------------------------
[Epoch : 17/40]
Src_cls_loss	: 0.0719
-------------------------------------
[Epoch : 18/40]
Src_cls_loss	: 0.0686
-------------------------------------
[Epoch : 19/40]
Src_cls_loss	: 0.0656
-------------------------------------
[Epoch : 20/40]
Src_cls_loss	: 0.0629
-------------------------------------
[Epoch : 21/40]
Src_cls_loss	: 0.0607
-------------------------------------
[Epoch : 22/40]
Src_cls_loss	: 0.0586
-------------------------------------
[Epoch : 23/40]
Src_cls_loss	: 0.0570
-------------------------------------
[Epoch : 24/40]
Src_cls_loss	: 0.0551
-------------------------------------
[Epoch : 25/40]
Src_cls_loss	: 0.0534
-------------------------------------
[Epoch : 26/40]
Src_cls_loss	: 0.0516
-------------------------------------
[Epoch : 27/40]
Src_cls_loss	: 0.0501
-------------------------------------
[Epoch : 28/40]
Src_cls_loss	: 0.0486
-------------------------------------
[Epoch : 29/40]
Src_cls_loss	: 0.0478
-------------------------------------
[Epoch : 30/40]
Src_cls_loss	: 0.0468
-------------------------------------
[Epoch : 31/40]
Src_cls_loss	: 0.0457
-------------------------------------
[Epoch : 32/40]
Src_cls_loss	: 0.0444
-------------------------------------
[Epoch : 33/40]
Src_cls_loss	: 0.0432
-------------------------------------
[Epoch : 34/40]
Src_cls_loss	: 0.0422
-------------------------------------
[Epoch : 35/40]
Src_cls_loss	: 0.0416
-------------------------------------
[Epoch : 36/40]
Src_cls_loss	: 0.0408
-------------------------------------
[Epoch : 37/40]
Src_cls_loss	: 0.0399
-------------------------------------
[Epoch : 38/40]
Src_cls_loss	: 0.0389
-------------------------------------
[Epoch : 39/40]
Src_cls_loss	: 0.0382
-------------------------------------
[Epoch : 40/40]
Src_cls_loss	: 0.0374
-------------------------------------
