=============================================
Dataset: pamap_mobiact
Method:  NO_ADAPT
=============================================
Source: syn_56 ---> Target: dp_56
Run ID: 9
=============================================
[Epoch : 1/40]
Src_cls_loss	: 0.7647
-------------------------------------
[Epoch : 2/40]
Src_cls_loss	: 0.6403
-------------------------------------
[Epoch : 3/40]
Src_cls_loss	: 0.5641
-------------------------------------
[Epoch : 4/40]
Src_cls_loss	: 0.5014
-------------------------------------
[Epoch : 5/40]
Src_cls_loss	: 0.4501
-------------------------------------
[Epoch : 6/40]
Src_cls_loss	: 0.4050
-------------------------------------
[Epoch : 7/40]
Src_cls_loss	: 0.3675
-------------------------------------
[Epoch : 8/40]
Src_cls_loss	: 0.3381
-------------------------------------
[Epoch : 9/40]
Src_cls_loss	: 0.3121
-------------------------------------
[Epoch : 10/40]
Src_cls_loss	: 0.2891
-------------------------------------
[Epoch : 11/40]
Src_cls_loss	: 0.2702
-------------------------------------
[Epoch : 12/40]
Src_cls_loss	: 0.2531
-------------------------------------
[Epoch : 13/40]
Src_cls_loss	: 0.2375
-------------------------------------
[Epoch : 14/40]
Src_cls_loss	: 0.2237
-------------------------------------
[Epoch : 15/40]
Src_cls_loss	: 0.2122
-------------------------------------
[Epoch : 16/40]
Src_cls_loss	: 0.2011
-------------------------------------
[Epoch : 17/40]
Src_cls_loss	: 0.1921
-------------------------------------
[Epoch : 18/40]
Src_cls_loss	: 0.1832
-------------------------------------
[Epoch : 19/40]
Src_cls_loss	: 0.1768
-------------------------------------
[Epoch : 20/40]
Src_cls_loss	: 0.1699
-------------------------------------
[Epoch : 21/40]
Src_cls_loss	: 0.1633
-------------------------------------
[Epoch : 22/40]
Src_cls_loss	: 0.1573
-------------------------------------
[Epoch : 23/40]
Src_cls_loss	: 0.1518
-------------------------------------
[Epoch : 24/40]
Src_cls_loss	: 0.1469
-------------------------------------
[Epoch : 25/40]
Src_cls_loss	: 0.1421
-------------------------------------
[Epoch : 26/40]
Src_cls_loss	: 0.1374
-------------------------------------
[Epoch : 27/40]
Src_cls_loss	: 0.1335
-------------------------------------
[Epoch : 28/40]
Src_cls_loss	: 0.1299
-------------------------------------
[Epoch : 29/40]
Src_cls_loss	: 0.1260
-------------------------------------
[Epoch : 30/40]
Src_cls_loss	: 0.1224
-------------------------------------
[Epoch : 31/40]
Src_cls_loss	: 0.1189
-------------------------------------
[Epoch : 32/40]
Src_cls_loss	: 0.1157
-------------------------------------
[Epoch : 33/40]
Src_cls_loss	: 0.1126
-------------------------------------
[Epoch : 34/40]
Src_cls_loss	: 0.1096
-------------------------------------
[Epoch : 35/40]
Src_cls_loss	: 0.1068
-------------------------------------
[Epoch : 36/40]
Src_cls_loss	: 0.1041
-------------------------------------
[Epoch : 37/40]
Src_cls_loss	: 0.1015
-------------------------------------
[Epoch : 38/40]
Src_cls_loss	: 0.0989
-------------------------------------
[Epoch : 39/40]
Src_cls_loss	: 0.0967
-------------------------------------
[Epoch : 40/40]
Src_cls_loss	: 0.0946
-------------------------------------
