=============================================
Dataset: realworld_pamap
Method:  SYN
=============================================
Source: syn_wal_19 ---> Target: dp_wal_19
Run ID: 7
=============================================
[Epoch : 1/40]
Src_cls_loss	: 0.8207
-------------------------------------
[Epoch : 2/40]
Src_cls_loss	: 0.6438
-------------------------------------
[Epoch : 3/40]
Src_cls_loss	: 0.5155
-------------------------------------
[Epoch : 4/40]
Src_cls_loss	: 0.4251
-------------------------------------
[Epoch : 5/40]
Src_cls_loss	: 0.3646
-------------------------------------
[Epoch : 6/40]
Src_cls_loss	: 0.3228
-------------------------------------
[Epoch : 7/40]
Src_cls_loss	: 0.2885
-------------------------------------
[Epoch : 8/40]
Src_cls_loss	: 0.2602
-------------------------------------
[Epoch : 9/40]
Src_cls_loss	: 0.2390
-------------------------------------
[Epoch : 10/40]
Src_cls_loss	: 0.2202
-------------------------------------
[Epoch : 11/40]
Src_cls_loss	: 0.2037
-------------------------------------
[Epoch : 12/40]
Src_cls_loss	: 0.1894
-------------------------------------
[Epoch : 13/40]
Src_cls_loss	: 0.1780
-------------------------------------
[Epoch : 14/40]
Src_cls_loss	: 0.1683
-------------------------------------
[Epoch : 15/40]
Src_cls_loss	: 0.1601
-------------------------------------
[Epoch : 16/40]
Src_cls_loss	: 0.1521
-------------------------------------
[Epoch : 17/40]
Src_cls_loss	: 0.1449
-------------------------------------
[Epoch : 18/40]
Src_cls_loss	: 0.1383
-------------------------------------
[Epoch : 19/40]
Src_cls_loss	: 0.1320
-------------------------------------
[Epoch : 20/40]
Src_cls_loss	: 0.1266
-------------------------------------
[Epoch : 21/40]
Src_cls_loss	: 0.1217
-------------------------------------
[Epoch : 22/40]
Src_cls_loss	: 0.1169
-------------------------------------
[Epoch : 23/40]
Src_cls_loss	: 0.1125
-------------------------------------
[Epoch : 24/40]
Src_cls_loss	: 0.1081
-------------------------------------
[Epoch : 25/40]
Src_cls_loss	: 0.1045
-------------------------------------
[Epoch : 26/40]
Src_cls_loss	: 0.1015
-------------------------------------
[Epoch : 27/40]
Src_cls_loss	: 0.0985
-------------------------------------
[Epoch : 28/40]
Src_cls_loss	: 0.0954
-------------------------------------
[Epoch : 29/40]
Src_cls_loss	: 0.0925
-------------------------------------
[Epoch : 30/40]
Src_cls_loss	: 0.0900
-------------------------------------
[Epoch : 31/40]
Src_cls_loss	: 0.0874
-------------------------------------
[Epoch : 32/40]
Src_cls_loss	: 0.0849
-------------------------------------
[Epoch : 33/40]
Src_cls_loss	: 0.0826
-------------------------------------
[Epoch : 34/40]
Src_cls_loss	: 0.0806
-------------------------------------
[Epoch : 35/40]
Src_cls_loss	: 0.0785
-------------------------------------
[Epoch : 36/40]
Src_cls_loss	: 0.0765
-------------------------------------
[Epoch : 37/40]
Src_cls_loss	: 0.0746
-------------------------------------
[Epoch : 38/40]
Src_cls_loss	: 0.0727
-------------------------------------
[Epoch : 39/40]
Src_cls_loss	: 0.0709
-------------------------------------
[Epoch : 40/40]
Src_cls_loss	: 0.0693
-------------------------------------
