=============================================
Dataset: mobiact_realworld
Method:  SYN
=============================================
Source: syn_wal_75 ---> Target: dp_wal_75
Run ID: 2
=============================================
[Epoch : 1/40]
Src_cls_loss	: 0.7236
-------------------------------------
[Epoch : 2/40]
Src_cls_loss	: 0.5065
-------------------------------------
[Epoch : 3/40]
Src_cls_loss	: 0.3875
-------------------------------------
[Epoch : 4/40]
Src_cls_loss	: 0.3098
-------------------------------------
[Epoch : 5/40]
Src_cls_loss	: 0.2571
-------------------------------------
[Epoch : 6/40]
Src_cls_loss	: 0.2212
-------------------------------------
[Epoch : 7/40]
Src_cls_loss	: 0.1956
-------------------------------------
[Epoch : 8/40]
Src_cls_loss	: 0.1746
-------------------------------------
[Epoch : 9/40]
Src_cls_loss	: 0.1583
-------------------------------------
[Epoch : 10/40]
Src_cls_loss	: 0.1444
-------------------------------------
[Epoch : 11/40]
Src_cls_loss	: 0.1326
-------------------------------------
[Epoch : 12/40]
Src_cls_loss	: 0.1228
-------------------------------------
[Epoch : 13/40]
Src_cls_loss	: 0.1143
-------------------------------------
[Epoch : 14/40]
Src_cls_loss	: 0.1076
-------------------------------------
[Epoch : 15/40]
Src_cls_loss	: 0.1012
-------------------------------------
[Epoch : 16/40]
Src_cls_loss	: 0.0956
-------------------------------------
[Epoch : 17/40]
Src_cls_loss	: 0.0906
-------------------------------------
[Epoch : 18/40]
Src_cls_loss	: 0.0859
-------------------------------------
[Epoch : 19/40]
Src_cls_loss	: 0.0817
-------------------------------------
[Epoch : 20/40]
Src_cls_loss	: 0.0780
-------------------------------------
[Epoch : 21/40]
Src_cls_loss	: 0.0746
-------------------------------------
[Epoch : 22/40]
Src_cls_loss	: 0.0716
-------------------------------------
[Epoch : 23/40]
Src_cls_loss	: 0.0688
-------------------------------------
[Epoch : 24/40]
Src_cls_loss	: 0.0663
-------------------------------------
[Epoch : 25/40]
Src_cls_loss	: 0.0639
-------------------------------------
[Epoch : 26/40]
Src_cls_loss	: 0.0616
-------------------------------------
[Epoch : 27/40]
Src_cls_loss	: 0.0594
-------------------------------------
[Epoch : 28/40]
Src_cls_loss	: 0.0575
-------------------------------------
[Epoch : 29/40]
Src_cls_loss	: 0.0556
-------------------------------------
[Epoch : 30/40]
Src_cls_loss	: 0.0539
-------------------------------------
[Epoch : 31/40]
Src_cls_loss	: 0.0523
-------------------------------------
[Epoch : 32/40]
Src_cls_loss	: 0.0511
-------------------------------------
[Epoch : 33/40]
Src_cls_loss	: 0.0497
-------------------------------------
[Epoch : 34/40]
Src_cls_loss	: 0.0483
-------------------------------------
[Epoch : 35/40]
Src_cls_loss	: 0.0471
-------------------------------------
[Epoch : 36/40]
Src_cls_loss	: 0.0459
-------------------------------------
[Epoch : 37/40]
Src_cls_loss	: 0.0450
-------------------------------------
[Epoch : 38/40]
Src_cls_loss	: 0.0439
-------------------------------------
[Epoch : 39/40]
Src_cls_loss	: 0.0429
-------------------------------------
[Epoch : 40/40]
Src_cls_loss	: 0.0419
-------------------------------------
