=============================================
Dataset: realworld_mobiact
Method:  SYN
=============================================
Source: syn_wal_40 ---> Target: dp_wal_40
Run ID: 6
=============================================
[Epoch : 1/40]
Src_cls_loss	: 0.8873
-------------------------------------
[Epoch : 2/40]
Src_cls_loss	: 0.7102
-------------------------------------
[Epoch : 3/40]
Src_cls_loss	: 0.5714
-------------------------------------
[Epoch : 4/40]
Src_cls_loss	: 0.4658
-------------------------------------
[Epoch : 5/40]
Src_cls_loss	: 0.3920
-------------------------------------
[Epoch : 6/40]
Src_cls_loss	: 0.3378
-------------------------------------
[Epoch : 7/40]
Src_cls_loss	: 0.2984
-------------------------------------
[Epoch : 8/40]
Src_cls_loss	: 0.2683
-------------------------------------
[Epoch : 9/40]
Src_cls_loss	: 0.2434
-------------------------------------
[Epoch : 10/40]
Src_cls_loss	: 0.2211
-------------------------------------
[Epoch : 11/40]
Src_cls_loss	: 0.2033
-------------------------------------
[Epoch : 12/40]
Src_cls_loss	: 0.1880
-------------------------------------
[Epoch : 13/40]
Src_cls_loss	: 0.1750
-------------------------------------
[Epoch : 14/40]
Src_cls_loss	: 0.1633
-------------------------------------
[Epoch : 15/40]
Src_cls_loss	: 0.1531
-------------------------------------
[Epoch : 16/40]
Src_cls_loss	: 0.1442
-------------------------------------
[Epoch : 17/40]
Src_cls_loss	: 0.1363
-------------------------------------
[Epoch : 18/40]
Src_cls_loss	: 0.1293
-------------------------------------
[Epoch : 19/40]
Src_cls_loss	: 0.1230
-------------------------------------
[Epoch : 20/40]
Src_cls_loss	: 0.1173
-------------------------------------
[Epoch : 21/40]
Src_cls_loss	: 0.1120
-------------------------------------
[Epoch : 22/40]
Src_cls_loss	: 0.1073
-------------------------------------
[Epoch : 23/40]
Src_cls_loss	: 0.1029
-------------------------------------
[Epoch : 24/40]
Src_cls_loss	: 0.0988
-------------------------------------
[Epoch : 25/40]
Src_cls_loss	: 0.0952
-------------------------------------
[Epoch : 26/40]
Src_cls_loss	: 0.0918
-------------------------------------
[Epoch : 27/40]
Src_cls_loss	: 0.0886
-------------------------------------
[Epoch : 28/40]
Src_cls_loss	: 0.0856
-------------------------------------
[Epoch : 29/40]
Src_cls_loss	: 0.0828
-------------------------------------
[Epoch : 30/40]
Src_cls_loss	: 0.0801
-------------------------------------
[Epoch : 31/40]
Src_cls_loss	: 0.0776
-------------------------------------
[Epoch : 32/40]
Src_cls_loss	: 0.0753
-------------------------------------
[Epoch : 33/40]
Src_cls_loss	: 0.0731
-------------------------------------
[Epoch : 34/40]
Src_cls_loss	: 0.0711
-------------------------------------
[Epoch : 35/40]
Src_cls_loss	: 0.0699
-------------------------------------
[Epoch : 36/40]
Src_cls_loss	: 0.0684
-------------------------------------
[Epoch : 37/40]
Src_cls_loss	: 0.0668
-------------------------------------
[Epoch : 38/40]
Src_cls_loss	: 0.0653
-------------------------------------
[Epoch : 39/40]
Src_cls_loss	: 0.0638
-------------------------------------
[Epoch : 40/40]
Src_cls_loss	: 0.0623
-------------------------------------
