=============================================
Dataset: mobiact_realworld
Method:  MMDA
=============================================
Source: df ---> Target: dp_75
Run ID: 0
=============================================
[Epoch : 1/40]
Total_loss	: 26.7061
Coral_loss	: 0.0013
MMD_loss	: 0.5689
cond_ent_wt	: 3.0837
Src_cls_loss	: 0.3148
-------------------------------------
[Epoch : 2/40]
Total_loss	: 16.0130
Coral_loss	: 0.0015
MMD_loss	: 0.5522
cond_ent_wt	: 1.7561
Src_cls_loss	: 0.2208
-------------------------------------
[Epoch : 3/40]
Total_loss	: 11.6098
Coral_loss	: 0.0018
MMD_loss	: 0.5568
cond_ent_wt	: 1.2140
Src_cls_loss	: 0.1728
-------------------------------------
[Epoch : 4/40]
Total_loss	: 9.2527
Coral_loss	: 0.0019
MMD_loss	: 0.5534
cond_ent_wt	: 0.9292
Src_cls_loss	: 0.1431
-------------------------------------
[Epoch : 5/40]
Total_loss	: 7.8029
Coral_loss	: 0.0019
MMD_loss	: 0.5495
cond_ent_wt	: 0.7557
Src_cls_loss	: 0.1235
-------------------------------------
[Epoch : 6/40]
Total_loss	: 6.8018
Coral_loss	: 0.0020
MMD_loss	: 0.5455
cond_ent_wt	: 0.6372
Src_cls_loss	: 0.1090
-------------------------------------
[Epoch : 7/40]
Total_loss	: 6.0915
Coral_loss	: 0.0021
MMD_loss	: 0.5454
cond_ent_wt	: 0.5523
Src_cls_loss	: 0.0985
-------------------------------------
[Epoch : 8/40]
Total_loss	: 5.5380
Coral_loss	: 0.0021
MMD_loss	: 0.5452
cond_ent_wt	: 0.4871
Src_cls_loss	: 0.0895
-------------------------------------
[Epoch : 9/40]
Total_loss	: 5.1056
Coral_loss	: 0.0022
MMD_loss	: 0.5428
cond_ent_wt	: 0.4364
Src_cls_loss	: 0.0828
-------------------------------------
[Epoch : 10/40]
Total_loss	: 4.7593
Coral_loss	: 0.0023
MMD_loss	: 0.5394
cond_ent_wt	: 0.3958
Src_cls_loss	: 0.0779
-------------------------------------
[Epoch : 11/40]
Total_loss	: 4.4563
Coral_loss	: 0.0023
MMD_loss	: 0.5377
cond_ent_wt	: 0.3612
Src_cls_loss	: 0.0722
-------------------------------------
[Epoch : 12/40]
Total_loss	: 4.1983
Coral_loss	: 0.0023
MMD_loss	: 0.5327
cond_ent_wt	: 0.3322
Src_cls_loss	: 0.0681
-------------------------------------
[Epoch : 13/40]
Total_loss	: 3.9757
Coral_loss	: 0.0023
MMD_loss	: 0.5271
cond_ent_wt	: 0.3077
Src_cls_loss	: 0.0644
-------------------------------------
[Epoch : 14/40]
Total_loss	: 3.7914
Coral_loss	: 0.0024
MMD_loss	: 0.5238
cond_ent_wt	: 0.2866
Src_cls_loss	: 0.0618
-------------------------------------
[Epoch : 15/40]
Total_loss	: 3.6202
Coral_loss	: 0.0024
MMD_loss	: 0.5186
cond_ent_wt	: 0.2682
Src_cls_loss	: 0.0587
-------------------------------------
[Epoch : 16/40]
Total_loss	: 3.4694
Coral_loss	: 0.0024
MMD_loss	: 0.5136
cond_ent_wt	: 0.2520
Src_cls_loss	: 0.0561
-------------------------------------
[Epoch : 17/40]
Total_loss	: 3.3428
Coral_loss	: 0.0024
MMD_loss	: 0.5105
cond_ent_wt	: 0.2380
Src_cls_loss	: 0.0541
-------------------------------------
[Epoch : 18/40]
Total_loss	: 3.2212
Coral_loss	: 0.0024
MMD_loss	: 0.5055
cond_ent_wt	: 0.2252
Src_cls_loss	: 0.0521
-------------------------------------
[Epoch : 19/40]
Total_loss	: 3.1131
Coral_loss	: 0.0024
MMD_loss	: 0.5007
cond_ent_wt	: 0.2138
Src_cls_loss	: 0.0505
-------------------------------------
[Epoch : 20/40]
Total_loss	: 3.0137
Coral_loss	: 0.0025
MMD_loss	: 0.4966
cond_ent_wt	: 0.2035
Src_cls_loss	: 0.0486
-------------------------------------
[Epoch : 21/40]
Total_loss	: 2.9243
Coral_loss	: 0.0025
MMD_loss	: 0.4923
cond_ent_wt	: 0.1942
Src_cls_loss	: 0.0472
-------------------------------------
[Epoch : 22/40]
Total_loss	: 2.8398
Coral_loss	: 0.0025
MMD_loss	: 0.4873
cond_ent_wt	: 0.1857
Src_cls_loss	: 0.0459
-------------------------------------
[Epoch : 23/40]
Total_loss	: 2.7584
Coral_loss	: 0.0025
MMD_loss	: 0.4825
cond_ent_wt	: 0.1778
Src_cls_loss	: 0.0442
-------------------------------------
[Epoch : 24/40]
Total_loss	: 2.6898
Coral_loss	: 0.0025
MMD_loss	: 0.4780
cond_ent_wt	: 0.1706
Src_cls_loss	: 0.0437
-------------------------------------
[Epoch : 25/40]
Total_loss	: 2.6236
Coral_loss	: 0.0025
MMD_loss	: 0.4744
cond_ent_wt	: 0.1641
Src_cls_loss	: 0.0424
-------------------------------------
[Epoch : 26/40]
Total_loss	: 2.5616
Coral_loss	: 0.0025
MMD_loss	: 0.4704
cond_ent_wt	: 0.1580
Src_cls_loss	: 0.0413
-------------------------------------
[Epoch : 27/40]
Total_loss	: 2.5057
Coral_loss	: 0.0025
MMD_loss	: 0.4673
cond_ent_wt	: 0.1524
Src_cls_loss	: 0.0403
-------------------------------------
[Epoch : 28/40]
Total_loss	: 2.4542
Coral_loss	: 0.0025
MMD_loss	: 0.4644
cond_ent_wt	: 0.1472
Src_cls_loss	: 0.0395
-------------------------------------
[Epoch : 29/40]
Total_loss	: 2.4008
Coral_loss	: 0.0025
MMD_loss	: 0.4605
cond_ent_wt	: 0.1423
Src_cls_loss	: 0.0384
-------------------------------------
[Epoch : 30/40]
Total_loss	: 2.3552
Coral_loss	: 0.0025
MMD_loss	: 0.4576
cond_ent_wt	: 0.1378
Src_cls_loss	: 0.0376
-------------------------------------
[Epoch : 31/40]
Total_loss	: 2.3100
Coral_loss	: 0.0025
MMD_loss	: 0.4545
cond_ent_wt	: 0.1335
Src_cls_loss	: 0.0368
-------------------------------------
[Epoch : 32/40]
Total_loss	: 2.2671
Coral_loss	: 0.0025
MMD_loss	: 0.4511
cond_ent_wt	: 0.1295
Src_cls_loss	: 0.0360
-------------------------------------
[Epoch : 33/40]
Total_loss	: 2.2280
Coral_loss	: 0.0025
MMD_loss	: 0.4478
cond_ent_wt	: 0.1258
Src_cls_loss	: 0.0355
-------------------------------------
[Epoch : 34/40]
Total_loss	: 2.1911
Coral_loss	: 0.0026
MMD_loss	: 0.4451
cond_ent_wt	: 0.1223
Src_cls_loss	: 0.0348
-------------------------------------
[Epoch : 35/40]
Total_loss	: 2.1541
Coral_loss	: 0.0026
MMD_loss	: 0.4420
cond_ent_wt	: 0.1190
Src_cls_loss	: 0.0341
-------------------------------------
[Epoch : 36/40]
Total_loss	: 2.1194
Coral_loss	: 0.0026
MMD_loss	: 0.4387
cond_ent_wt	: 0.1158
Src_cls_loss	: 0.0336
-------------------------------------
[Epoch : 37/40]
Total_loss	: 2.0859
Coral_loss	: 0.0026
MMD_loss	: 0.4357
cond_ent_wt	: 0.1128
Src_cls_loss	: 0.0330
-------------------------------------
[Epoch : 38/40]
Total_loss	: 2.0523
Coral_loss	: 0.0026
MMD_loss	: 0.4324
cond_ent_wt	: 0.1100
Src_cls_loss	: 0.0324
-------------------------------------
[Epoch : 39/40]
Total_loss	: 2.0227
Coral_loss	: 0.0026
MMD_loss	: 0.4298
cond_ent_wt	: 0.1073
Src_cls_loss	: 0.0319
-------------------------------------
[Epoch : 40/40]
Total_loss	: 1.9972
Coral_loss	: 0.0026
MMD_loss	: 0.4280
cond_ent_wt	: 0.1047
Src_cls_loss	: 0.0315
-------------------------------------
