=============================================
Dataset: realworld_mobiact
Method:  SYN
=============================================
Source: syn_wal_66 ---> Target: dp_wal_66
Run ID: 9
=============================================
[Epoch : 1/40]
Src_cls_loss	: 0.8195
-------------------------------------
[Epoch : 2/40]
Src_cls_loss	: 0.6273
-------------------------------------
[Epoch : 3/40]
Src_cls_loss	: 0.4964
-------------------------------------
[Epoch : 4/40]
Src_cls_loss	: 0.4034
-------------------------------------
[Epoch : 5/40]
Src_cls_loss	: 0.3381
-------------------------------------
[Epoch : 6/40]
Src_cls_loss	: 0.2904
-------------------------------------
[Epoch : 7/40]
Src_cls_loss	: 0.2543
-------------------------------------
[Epoch : 8/40]
Src_cls_loss	: 0.2262
-------------------------------------
[Epoch : 9/40]
Src_cls_loss	: 0.2036
-------------------------------------
[Epoch : 10/40]
Src_cls_loss	: 0.1848
-------------------------------------
[Epoch : 11/40]
Src_cls_loss	: 0.1695
-------------------------------------
[Epoch : 12/40]
Src_cls_loss	: 0.1563
-------------------------------------
[Epoch : 13/40]
Src_cls_loss	: 0.1453
-------------------------------------
[Epoch : 14/40]
Src_cls_loss	: 0.1358
-------------------------------------
[Epoch : 15/40]
Src_cls_loss	: 0.1273
-------------------------------------
[Epoch : 16/40]
Src_cls_loss	: 0.1199
-------------------------------------
[Epoch : 17/40]
Src_cls_loss	: 0.1136
-------------------------------------
[Epoch : 18/40]
Src_cls_loss	: 0.1077
-------------------------------------
[Epoch : 19/40]
Src_cls_loss	: 0.1025
-------------------------------------
[Epoch : 20/40]
Src_cls_loss	: 0.0977
-------------------------------------
[Epoch : 21/40]
Src_cls_loss	: 0.0933
-------------------------------------
[Epoch : 22/40]
Src_cls_loss	: 0.0895
-------------------------------------
[Epoch : 23/40]
Src_cls_loss	: 0.0858
-------------------------------------
[Epoch : 24/40]
Src_cls_loss	: 0.0826
-------------------------------------
[Epoch : 25/40]
Src_cls_loss	: 0.0795
-------------------------------------
[Epoch : 26/40]
Src_cls_loss	: 0.0767
-------------------------------------
[Epoch : 27/40]
Src_cls_loss	: 0.0740
-------------------------------------
[Epoch : 28/40]
Src_cls_loss	: 0.0715
-------------------------------------
[Epoch : 29/40]
Src_cls_loss	: 0.0692
-------------------------------------
[Epoch : 30/40]
Src_cls_loss	: 0.0671
-------------------------------------
[Epoch : 31/40]
Src_cls_loss	: 0.0650
-------------------------------------
[Epoch : 32/40]
Src_cls_loss	: 0.0630
-------------------------------------
[Epoch : 33/40]
Src_cls_loss	: 0.0612
-------------------------------------
[Epoch : 34/40]
Src_cls_loss	: 0.0595
-------------------------------------
[Epoch : 35/40]
Src_cls_loss	: 0.0578
-------------------------------------
[Epoch : 36/40]
Src_cls_loss	: 0.0563
-------------------------------------
[Epoch : 37/40]
Src_cls_loss	: 0.0548
-------------------------------------
[Epoch : 38/40]
Src_cls_loss	: 0.0534
-------------------------------------
[Epoch : 39/40]
Src_cls_loss	: 0.0521
-------------------------------------
[Epoch : 40/40]
Src_cls_loss	: 0.0508
-------------------------------------
