=============================================
Dataset: pamap_realworld
Method:  NO_ADAPT
=============================================
Source: syn_19 ---> Target: dp_19
Run ID: 1
=============================================
[Epoch : 1/40]
Src_cls_loss	: 0.5248
-------------------------------------
[Epoch : 2/40]
Src_cls_loss	: 0.3675
-------------------------------------
[Epoch : 3/40]
Src_cls_loss	: 0.2908
-------------------------------------
[Epoch : 4/40]
Src_cls_loss	: 0.2427
-------------------------------------
[Epoch : 5/40]
Src_cls_loss	: 0.2108
-------------------------------------
[Epoch : 6/40]
Src_cls_loss	: 0.1862
-------------------------------------
[Epoch : 7/40]
Src_cls_loss	: 0.1692
-------------------------------------
[Epoch : 8/40]
Src_cls_loss	: 0.1546
-------------------------------------
[Epoch : 9/40]
Src_cls_loss	: 0.1424
-------------------------------------
[Epoch : 10/40]
Src_cls_loss	: 0.1336
-------------------------------------
[Epoch : 11/40]
Src_cls_loss	: 0.1253
-------------------------------------
[Epoch : 12/40]
Src_cls_loss	: 0.1187
-------------------------------------
[Epoch : 13/40]
Src_cls_loss	: 0.1126
-------------------------------------
[Epoch : 14/40]
Src_cls_loss	: 0.1077
-------------------------------------
[Epoch : 15/40]
Src_cls_loss	: 0.1041
-------------------------------------
[Epoch : 16/40]
Src_cls_loss	: 0.1001
-------------------------------------
[Epoch : 17/40]
Src_cls_loss	: 0.0961
-------------------------------------
[Epoch : 18/40]
Src_cls_loss	: 0.0924
-------------------------------------
[Epoch : 19/40]
Src_cls_loss	: 0.0890
-------------------------------------
[Epoch : 20/40]
Src_cls_loss	: 0.0856
-------------------------------------
[Epoch : 21/40]
Src_cls_loss	: 0.0828
-------------------------------------
[Epoch : 22/40]
Src_cls_loss	: 0.0799
-------------------------------------
[Epoch : 23/40]
Src_cls_loss	: 0.0774
-------------------------------------
[Epoch : 24/40]
Src_cls_loss	: 0.0750
-------------------------------------
[Epoch : 25/40]
Src_cls_loss	: 0.0729
-------------------------------------
[Epoch : 26/40]
Src_cls_loss	: 0.0711
-------------------------------------
[Epoch : 27/40]
Src_cls_loss	: 0.0701
-------------------------------------
[Epoch : 28/40]
Src_cls_loss	: 0.0686
-------------------------------------
[Epoch : 29/40]
Src_cls_loss	: 0.0670
-------------------------------------
[Epoch : 30/40]
Src_cls_loss	: 0.0655
-------------------------------------
[Epoch : 31/40]
Src_cls_loss	: 0.0642
-------------------------------------
[Epoch : 32/40]
Src_cls_loss	: 0.0626
-------------------------------------
[Epoch : 33/40]
Src_cls_loss	: 0.0610
-------------------------------------
[Epoch : 34/40]
Src_cls_loss	: 0.0597
-------------------------------------
[Epoch : 35/40]
Src_cls_loss	: 0.0584
-------------------------------------
[Epoch : 36/40]
Src_cls_loss	: 0.0572
-------------------------------------
[Epoch : 37/40]
Src_cls_loss	: 0.0559
-------------------------------------
[Epoch : 38/40]
Src_cls_loss	: 0.0549
-------------------------------------
[Epoch : 39/40]
Src_cls_loss	: 0.0537
-------------------------------------
[Epoch : 40/40]
Src_cls_loss	: 0.0527
-------------------------------------
