=============================================
Dataset: pamap_mobiact
Method:  SYN
=============================================
Source: syn_wal_34 ---> Target: dp_wal_34
Run ID: 0
=============================================
[Epoch : 1/40]
Src_cls_loss	: 0.6803
-------------------------------------
[Epoch : 2/40]
Src_cls_loss	: 0.5109
-------------------------------------
[Epoch : 3/40]
Src_cls_loss	: 0.4128
-------------------------------------
[Epoch : 4/40]
Src_cls_loss	: 0.3412
-------------------------------------
[Epoch : 5/40]
Src_cls_loss	: 0.2931
-------------------------------------
[Epoch : 6/40]
Src_cls_loss	: 0.2569
-------------------------------------
[Epoch : 7/40]
Src_cls_loss	: 0.2276
-------------------------------------
[Epoch : 8/40]
Src_cls_loss	: 0.2053
-------------------------------------
[Epoch : 9/40]
Src_cls_loss	: 0.1860
-------------------------------------
[Epoch : 10/40]
Src_cls_loss	: 0.1706
-------------------------------------
[Epoch : 11/40]
Src_cls_loss	: 0.1577
-------------------------------------
[Epoch : 12/40]
Src_cls_loss	: 0.1465
-------------------------------------
[Epoch : 13/40]
Src_cls_loss	: 0.1374
-------------------------------------
[Epoch : 14/40]
Src_cls_loss	: 0.1295
-------------------------------------
[Epoch : 15/40]
Src_cls_loss	: 0.1219
-------------------------------------
[Epoch : 16/40]
Src_cls_loss	: 0.1153
-------------------------------------
[Epoch : 17/40]
Src_cls_loss	: 0.1092
-------------------------------------
[Epoch : 18/40]
Src_cls_loss	: 0.1040
-------------------------------------
[Epoch : 19/40]
Src_cls_loss	: 0.0993
-------------------------------------
[Epoch : 20/40]
Src_cls_loss	: 0.0947
-------------------------------------
[Epoch : 21/40]
Src_cls_loss	: 0.0910
-------------------------------------
[Epoch : 22/40]
Src_cls_loss	: 0.0883
-------------------------------------
[Epoch : 23/40]
Src_cls_loss	: 0.0858
-------------------------------------
[Epoch : 24/40]
Src_cls_loss	: 0.0829
-------------------------------------
[Epoch : 25/40]
Src_cls_loss	: 0.0803
-------------------------------------
[Epoch : 26/40]
Src_cls_loss	: 0.0777
-------------------------------------
[Epoch : 27/40]
Src_cls_loss	: 0.0752
-------------------------------------
[Epoch : 28/40]
Src_cls_loss	: 0.0732
-------------------------------------
[Epoch : 29/40]
Src_cls_loss	: 0.0710
-------------------------------------
[Epoch : 30/40]
Src_cls_loss	: 0.0690
-------------------------------------
[Epoch : 31/40]
Src_cls_loss	: 0.0669
-------------------------------------
[Epoch : 32/40]
Src_cls_loss	: 0.0649
-------------------------------------
[Epoch : 33/40]
Src_cls_loss	: 0.0631
-------------------------------------
[Epoch : 34/40]
Src_cls_loss	: 0.0614
-------------------------------------
[Epoch : 35/40]
Src_cls_loss	: 0.0597
-------------------------------------
[Epoch : 36/40]
Src_cls_loss	: 0.0581
-------------------------------------
[Epoch : 37/40]
Src_cls_loss	: 0.0566
-------------------------------------
[Epoch : 38/40]
Src_cls_loss	: 0.0552
-------------------------------------
[Epoch : 39/40]
Src_cls_loss	: 0.0541
-------------------------------------
[Epoch : 40/40]
Src_cls_loss	: 0.0528
-------------------------------------
