=============================================
Dataset: CWRU_IR
Method:  TARGET_ONLY
=============================================
Source: 0 ---> Target: 6
Run ID: 2
=============================================
[Epoch : 1/40]
Trg_cls_loss	: 0.5519
-------------------------------------
[Epoch : 2/40]
Trg_cls_loss	: 0.3322
-------------------------------------
[Epoch : 3/40]
Trg_cls_loss	: 0.2381
-------------------------------------
[Epoch : 4/40]
Trg_cls_loss	: 0.1862
-------------------------------------
[Epoch : 5/40]
Trg_cls_loss	: 0.1539
-------------------------------------
[Epoch : 6/40]
Trg_cls_loss	: 0.1318
-------------------------------------
[Epoch : 7/40]
Trg_cls_loss	: 0.1151
-------------------------------------
[Epoch : 8/40]
Trg_cls_loss	: 0.1022
-------------------------------------
[Epoch : 9/40]
Trg_cls_loss	: 0.0921
Src_cls_loss	: 0.0000
-------------------------------------
