=============================================
Dataset: CWRU_OR_orthogonal
Method:  Deep_Coral
=============================================
Source: 0 ---> Target: 7
Run ID: 1
=============================================
[Epoch : 1/40]
Total_loss	: 0.0199
Src_cls_loss	: 0.1873
coral_loss	: 0.0002
-------------------------------------
[Epoch : 2/40]
Total_loss	: 0.0117
Src_cls_loss	: 0.1063
coral_loss	: 0.0002
-------------------------------------
[Epoch : 3/40]
Total_loss	: 0.0085
Src_cls_loss	: 0.0757
coral_loss	: 0.0002
-------------------------------------
[Epoch : 4/40]
Total_loss	: 0.0068
Src_cls_loss	: 0.0597
coral_loss	: 0.0002
-------------------------------------
[Epoch : 5/40]
Total_loss	: 0.0057
Src_cls_loss	: 0.0497
coral_loss	: 0.0002
-------------------------------------
[Epoch : 6/40]
Total_loss	: 0.0050
Src_cls_loss	: 0.0426
coral_loss	: 0.0002
-------------------------------------
[Epoch : 7/40]
Total_loss	: 0.0045
Src_cls_loss	: 0.0379
coral_loss	: 0.0001
-------------------------------------
[Epoch : 8/40]
Total_loss	: 0.0041
Src_cls_loss	: 0.0343
coral_loss	: 0.0001
-------------------------------------
[Epoch : 9/40]
Total_loss	: 0.0037
Src_cls_loss	: 0.0314
coral_loss	: 0.0001
-------------------------------------
[Epoch : 10/40]
Total_loss	: 0.0035
Src_cls_loss	: 0.0289
coral_loss	: 0.0001
-------------------------------------
[Epoch : 11/40]
Total_loss	: 0.0032
Src_cls_loss	: 0.0267
coral_loss	: 0.0001
-------------------------------------
[Epoch : 12/40]
Total_loss	: 0.0030
Src_cls_loss	: 0.0250
coral_loss	: 0.0001
-------------------------------------
[Epoch : 13/40]
Total_loss	: 0.0028
Src_cls_loss	: 0.0235
coral_loss	: 0.0001
-------------------------------------
[Epoch : 14/40]
Total_loss	: 0.0027
Src_cls_loss	: 0.0223
coral_loss	: 0.0001
-------------------------------------
[Epoch : 15/40]
Total_loss	: 0.0026
Src_cls_loss	: 0.0212
coral_loss	: 0.0001
-------------------------------------
[Epoch : 16/40]
Total_loss	: 0.0024
Src_cls_loss	: 0.0203
coral_loss	: 0.0001
-------------------------------------
[Epoch : 17/40]
Total_loss	: 0.0023
Src_cls_loss	: 0.0193
coral_loss	: 0.0001
-------------------------------------
[Epoch : 18/40]
Total_loss	: 0.0023
Src_cls_loss	: 0.0187
coral_loss	: 0.0001
-------------------------------------
[Epoch : 19/40]
Total_loss	: 0.0022
Src_cls_loss	: 0.0180
coral_loss	: 0.0001
-------------------------------------
[Epoch : 20/40]
Total_loss	: 0.0021
Src_cls_loss	: 0.0173
coral_loss	: 0.0001
-------------------------------------
[Epoch : 21/40]
Total_loss	: 0.0020
Src_cls_loss	: 0.0168
coral_loss	: 0.0001
-------------------------------------
[Epoch : 22/40]
Total_loss	: 0.0020
Src_cls_loss	: 0.0163
coral_loss	: 0.0001
-------------------------------------
[Epoch : 23/40]
Total_loss	: 0.0019
Src_cls_loss	: 0.0158
coral_loss	: 0.0001
-------------------------------------
[Epoch : 24/40]
Total_loss	: 0.0018
Src_cls_loss	: 0.0153
coral_loss	: 0.0001
-------------------------------------
[Epoch : 25/40]
Total_loss	: 0.0018
Src_cls_loss	: 0.0148
coral_loss	: 0.0001
-------------------------------------
[Epoch : 26/40]
Total_loss	: 0.0017
Src_cls_loss	: 0.0145
coral_loss	: 0.0001
-------------------------------------
[Epoch : 27/40]
Total_loss	: 0.0017
Src_cls_loss	: 0.0142
coral_loss	: 0.0001
-------------------------------------
[Epoch : 28/40]
Total_loss	: 0.0017
Src_cls_loss	: 0.0138
coral_loss	: 0.0001
-------------------------------------
[Epoch : 29/40]
Total_loss	: 0.0016
Src_cls_loss	: 0.0134
coral_loss	: 0.0001
-------------------------------------
[Epoch : 30/40]
Total_loss	: 0.0016
Src_cls_loss	: 0.0131
coral_loss	: 0.0001
-------------------------------------
[Epoch : 31/40]
Total_loss	: 0.0016
Src_cls_loss	: 0.0129
coral_loss	: 0.0001
-------------------------------------
[Epoch : 32/40]
Total_loss	: 0.0015
Src_cls_loss	: 0.0126
coral_loss	: 0.0001
-------------------------------------
[Epoch : 33/40]
Total_loss	: 0.0015
Src_cls_loss	: 0.0123
coral_loss	: 0.0001
-------------------------------------
[Epoch : 34/40]
Total_loss	: 0.0015
Src_cls_loss	: 0.0121
coral_loss	: 0.0001
-------------------------------------
[Epoch : 35/40]
Total_loss	: 0.0014
Src_cls_loss	: 0.0118
coral_loss	: 0.0001
-------------------------------------
[Epoch : 36/40]
Total_loss	: 0.0014
Src_cls_loss	: 0.0116
coral_loss	: 0.0001
-------------------------------------
[Epoch : 37/40]
Total_loss	: 0.0014
Src_cls_loss	: 0.0114
coral_loss	: 0.0001
-------------------------------------
[Epoch : 38/40]
Total_loss	: 0.0014
Src_cls_loss	: 0.0113
coral_loss	: 0.0001
-------------------------------------
[Epoch : 39/40]
Total_loss	: 0.0013
Src_cls_loss	: 0.0111
coral_loss	: 0.0000
-------------------------------------
[Epoch : 40/40]
Total_loss	: 0.0013
Src_cls_loss	: 0.0109
coral_loss	: 0.0000
-------------------------------------
