=============================================
Dataset: pamap_mobiact
Method:  NO_ADAPT
=============================================
Source: syn_62 ---> Target: dp_62
Run ID: 9
=============================================
[Epoch : 1/40]
Src_cls_loss	: 0.6597
-------------------------------------
[Epoch : 2/40]
Src_cls_loss	: 0.5195
-------------------------------------
[Epoch : 3/40]
Src_cls_loss	: 0.4290
-------------------------------------
[Epoch : 4/40]
Src_cls_loss	: 0.3660
-------------------------------------
[Epoch : 5/40]
Src_cls_loss	: 0.3161
-------------------------------------
[Epoch : 6/40]
Src_cls_loss	: 0.2773
-------------------------------------
[Epoch : 7/40]
Src_cls_loss	: 0.2478
-------------------------------------
[Epoch : 8/40]
Src_cls_loss	: 0.2259
-------------------------------------
[Epoch : 9/40]
Src_cls_loss	: 0.2074
-------------------------------------
[Epoch : 10/40]
Src_cls_loss	: 0.1918
-------------------------------------
[Epoch : 11/40]
Src_cls_loss	: 0.1779
-------------------------------------
[Epoch : 12/40]
Src_cls_loss	: 0.1653
-------------------------------------
[Epoch : 13/40]
Src_cls_loss	: 0.1544
-------------------------------------
[Epoch : 14/40]
Src_cls_loss	: 0.1444
-------------------------------------
[Epoch : 15/40]
Src_cls_loss	: 0.1361
-------------------------------------
[Epoch : 16/40]
Src_cls_loss	: 0.1285
-------------------------------------
[Epoch : 17/40]
Src_cls_loss	: 0.1222
-------------------------------------
[Epoch : 18/40]
Src_cls_loss	: 0.1162
-------------------------------------
[Epoch : 19/40]
Src_cls_loss	: 0.1106
-------------------------------------
[Epoch : 20/40]
Src_cls_loss	: 0.1059
-------------------------------------
[Epoch : 21/40]
Src_cls_loss	: 0.1016
-------------------------------------
[Epoch : 22/40]
Src_cls_loss	: 0.0978
-------------------------------------
[Epoch : 23/40]
Src_cls_loss	: 0.0943
-------------------------------------
[Epoch : 24/40]
Src_cls_loss	: 0.0908
-------------------------------------
[Epoch : 25/40]
Src_cls_loss	: 0.0876
-------------------------------------
[Epoch : 26/40]
Src_cls_loss	: 0.0845
-------------------------------------
[Epoch : 27/40]
Src_cls_loss	: 0.0815
-------------------------------------
[Epoch : 28/40]
Src_cls_loss	: 0.0787
-------------------------------------
[Epoch : 29/40]
Src_cls_loss	: 0.0762
-------------------------------------
[Epoch : 30/40]
Src_cls_loss	: 0.0739
-------------------------------------
[Epoch : 31/40]
Src_cls_loss	: 0.0719
-------------------------------------
[Epoch : 32/40]
Src_cls_loss	: 0.0706
-------------------------------------
[Epoch : 33/40]
Src_cls_loss	: 0.0691
-------------------------------------
[Epoch : 34/40]
Src_cls_loss	: 0.0684
-------------------------------------
[Epoch : 35/40]
Src_cls_loss	: 0.0669
-------------------------------------
[Epoch : 36/40]
Src_cls_loss	: 0.0654
-------------------------------------
[Epoch : 37/40]
Src_cls_loss	: 0.0639
-------------------------------------
[Epoch : 38/40]
Src_cls_loss	: 0.0624
-------------------------------------
[Epoch : 39/40]
Src_cls_loss	: 0.0609
-------------------------------------
[Epoch : 40/40]
Src_cls_loss	: 0.0595
-------------------------------------
