=============================================
Dataset: realworld_mobiact
Method:  SYN
=============================================
Source: syn_wal_61 ---> Target: dp_wal_61
Run ID: 6
=============================================
[Epoch : 1/40]
Src_cls_loss	: 0.8682
-------------------------------------
[Epoch : 2/40]
Src_cls_loss	: 0.6911
-------------------------------------
[Epoch : 3/40]
Src_cls_loss	: 0.5490
-------------------------------------
[Epoch : 4/40]
Src_cls_loss	: 0.4459
-------------------------------------
[Epoch : 5/40]
Src_cls_loss	: 0.3742
-------------------------------------
[Epoch : 6/40]
Src_cls_loss	: 0.3205
-------------------------------------
[Epoch : 7/40]
Src_cls_loss	: 0.2803
-------------------------------------
[Epoch : 8/40]
Src_cls_loss	: 0.2500
-------------------------------------
[Epoch : 9/40]
Src_cls_loss	: 0.2259
-------------------------------------
[Epoch : 10/40]
Src_cls_loss	: 0.2053
-------------------------------------
[Epoch : 11/40]
Src_cls_loss	: 0.1885
-------------------------------------
[Epoch : 12/40]
Src_cls_loss	: 0.1741
-------------------------------------
[Epoch : 13/40]
Src_cls_loss	: 0.1618
-------------------------------------
[Epoch : 14/40]
Src_cls_loss	: 0.1509
-------------------------------------
[Epoch : 15/40]
Src_cls_loss	: 0.1416
-------------------------------------
[Epoch : 16/40]
Src_cls_loss	: 0.1332
-------------------------------------
[Epoch : 17/40]
Src_cls_loss	: 0.1258
-------------------------------------
[Epoch : 18/40]
Src_cls_loss	: 0.1194
-------------------------------------
[Epoch : 19/40]
Src_cls_loss	: 0.1136
-------------------------------------
[Epoch : 20/40]
Src_cls_loss	: 0.1084
-------------------------------------
[Epoch : 21/40]
Src_cls_loss	: 0.1036
-------------------------------------
[Epoch : 22/40]
Src_cls_loss	: 0.0992
-------------------------------------
[Epoch : 23/40]
Src_cls_loss	: 0.0952
-------------------------------------
[Epoch : 24/40]
Src_cls_loss	: 0.0914
-------------------------------------
[Epoch : 25/40]
Src_cls_loss	: 0.0881
-------------------------------------
[Epoch : 26/40]
Src_cls_loss	: 0.0850
-------------------------------------
[Epoch : 27/40]
Src_cls_loss	: 0.0820
-------------------------------------
[Epoch : 28/40]
Src_cls_loss	: 0.0793
-------------------------------------
[Epoch : 29/40]
Src_cls_loss	: 0.0767
-------------------------------------
[Epoch : 30/40]
Src_cls_loss	: 0.0743
-------------------------------------
[Epoch : 31/40]
Src_cls_loss	: 0.0720
-------------------------------------
[Epoch : 32/40]
Src_cls_loss	: 0.0698
-------------------------------------
[Epoch : 33/40]
Src_cls_loss	: 0.0678
-------------------------------------
[Epoch : 34/40]
Src_cls_loss	: 0.0659
-------------------------------------
[Epoch : 35/40]
Src_cls_loss	: 0.0641
-------------------------------------
[Epoch : 36/40]
Src_cls_loss	: 0.0624
-------------------------------------
[Epoch : 37/40]
Src_cls_loss	: 0.0608
-------------------------------------
[Epoch : 38/40]
Src_cls_loss	: 0.0592
-------------------------------------
[Epoch : 39/40]
Src_cls_loss	: 0.0578
-------------------------------------
[Epoch : 40/40]
Src_cls_loss	: 0.0564
-------------------------------------
