=============================================
Dataset: realworld_mobiact
Method:  NO_ADAPT
=============================================
Source: syn_75 ---> Target: dp_75
Run ID: 5
=============================================
[Epoch : 1/40]
Src_cls_loss	: 0.8749
-------------------------------------
[Epoch : 2/40]
Src_cls_loss	: 0.6916
-------------------------------------
[Epoch : 3/40]
Src_cls_loss	: 0.5516
-------------------------------------
[Epoch : 4/40]
Src_cls_loss	: 0.4535
-------------------------------------
[Epoch : 5/40]
Src_cls_loss	: 0.3820
-------------------------------------
[Epoch : 6/40]
Src_cls_loss	: 0.3291
-------------------------------------
[Epoch : 7/40]
Src_cls_loss	: 0.2896
-------------------------------------
[Epoch : 8/40]
Src_cls_loss	: 0.2592
-------------------------------------
[Epoch : 9/40]
Src_cls_loss	: 0.2331
-------------------------------------
[Epoch : 10/40]
Src_cls_loss	: 0.2123
-------------------------------------
[Epoch : 11/40]
Src_cls_loss	: 0.1973
-------------------------------------
[Epoch : 12/40]
Src_cls_loss	: 0.1838
-------------------------------------
[Epoch : 13/40]
Src_cls_loss	: 0.1725
-------------------------------------
[Epoch : 14/40]
Src_cls_loss	: 0.1615
-------------------------------------
[Epoch : 15/40]
Src_cls_loss	: 0.1517
-------------------------------------
[Epoch : 16/40]
Src_cls_loss	: 0.1428
-------------------------------------
[Epoch : 17/40]
Src_cls_loss	: 0.1349
-------------------------------------
[Epoch : 18/40]
Src_cls_loss	: 0.1279
-------------------------------------
[Epoch : 19/40]
Src_cls_loss	: 0.1216
-------------------------------------
[Epoch : 20/40]
Src_cls_loss	: 0.1162
-------------------------------------
[Epoch : 21/40]
Src_cls_loss	: 0.1110
-------------------------------------
[Epoch : 22/40]
Src_cls_loss	: 0.1062
-------------------------------------
[Epoch : 23/40]
Src_cls_loss	: 0.1019
-------------------------------------
[Epoch : 24/40]
Src_cls_loss	: 0.0980
-------------------------------------
[Epoch : 25/40]
Src_cls_loss	: 0.0944
-------------------------------------
[Epoch : 26/40]
Src_cls_loss	: 0.0910
-------------------------------------
[Epoch : 27/40]
Src_cls_loss	: 0.0879
-------------------------------------
[Epoch : 28/40]
Src_cls_loss	: 0.0850
-------------------------------------
[Epoch : 29/40]
Src_cls_loss	: 0.0822
-------------------------------------
[Epoch : 30/40]
Src_cls_loss	: 0.0796
-------------------------------------
[Epoch : 31/40]
Src_cls_loss	: 0.0773
-------------------------------------
[Epoch : 32/40]
Src_cls_loss	: 0.0749
-------------------------------------
[Epoch : 33/40]
Src_cls_loss	: 0.0727
-------------------------------------
[Epoch : 34/40]
Src_cls_loss	: 0.0707
-------------------------------------
[Epoch : 35/40]
Src_cls_loss	: 0.0687
-------------------------------------
[Epoch : 36/40]
Src_cls_loss	: 0.0674
-------------------------------------
[Epoch : 37/40]
Src_cls_loss	: 0.0660
-------------------------------------
[Epoch : 38/40]
Src_cls_loss	: 0.0645
-------------------------------------
[Epoch : 39/40]
Src_cls_loss	: 0.0631
-------------------------------------
[Epoch : 40/40]
Src_cls_loss	: 0.0618
-------------------------------------
