=============================================
Dataset: realworld_mobiact
Method:  SYN
=============================================
Source: syn_wal_71 ---> Target: dp_wal_71
Run ID: 3
=============================================
[Epoch : 1/40]
Src_cls_loss	: 0.8580
-------------------------------------
[Epoch : 2/40]
Src_cls_loss	: 0.6801
-------------------------------------
[Epoch : 3/40]
Src_cls_loss	: 0.5466
-------------------------------------
[Epoch : 4/40]
Src_cls_loss	: 0.4446
-------------------------------------
[Epoch : 5/40]
Src_cls_loss	: 0.3775
-------------------------------------
[Epoch : 6/40]
Src_cls_loss	: 0.3263
-------------------------------------
[Epoch : 7/40]
Src_cls_loss	: 0.2882
-------------------------------------
[Epoch : 8/40]
Src_cls_loss	: 0.2582
-------------------------------------
[Epoch : 9/40]
Src_cls_loss	: 0.2348
-------------------------------------
[Epoch : 10/40]
Src_cls_loss	: 0.2158
-------------------------------------
[Epoch : 11/40]
Src_cls_loss	: 0.1988
-------------------------------------
[Epoch : 12/40]
Src_cls_loss	: 0.1845
-------------------------------------
[Epoch : 13/40]
Src_cls_loss	: 0.1714
-------------------------------------
[Epoch : 14/40]
Src_cls_loss	: 0.1602
-------------------------------------
[Epoch : 15/40]
Src_cls_loss	: 0.1506
-------------------------------------
[Epoch : 16/40]
Src_cls_loss	: 0.1420
-------------------------------------
[Epoch : 17/40]
Src_cls_loss	: 0.1347
-------------------------------------
[Epoch : 18/40]
Src_cls_loss	: 0.1277
-------------------------------------
[Epoch : 19/40]
Src_cls_loss	: 0.1218
-------------------------------------
[Epoch : 20/40]
Src_cls_loss	: 0.1162
-------------------------------------
[Epoch : 21/40]
Src_cls_loss	: 0.1113
-------------------------------------
[Epoch : 22/40]
Src_cls_loss	: 0.1066
-------------------------------------
[Epoch : 23/40]
Src_cls_loss	: 0.1022
-------------------------------------
[Epoch : 24/40]
Src_cls_loss	: 0.0982
-------------------------------------
[Epoch : 25/40]
Src_cls_loss	: 0.0946
-------------------------------------
[Epoch : 26/40]
Src_cls_loss	: 0.0911
-------------------------------------
[Epoch : 27/40]
Src_cls_loss	: 0.0879
-------------------------------------
[Epoch : 28/40]
Src_cls_loss	: 0.0850
-------------------------------------
[Epoch : 29/40]
Src_cls_loss	: 0.0822
-------------------------------------
[Epoch : 30/40]
Src_cls_loss	: 0.0795
-------------------------------------
[Epoch : 31/40]
Src_cls_loss	: 0.0771
-------------------------------------
[Epoch : 32/40]
Src_cls_loss	: 0.0748
-------------------------------------
[Epoch : 33/40]
Src_cls_loss	: 0.0726
-------------------------------------
[Epoch : 34/40]
Src_cls_loss	: 0.0705
-------------------------------------
[Epoch : 35/40]
Src_cls_loss	: 0.0685
-------------------------------------
[Epoch : 36/40]
Src_cls_loss	: 0.0667
-------------------------------------
[Epoch : 37/40]
Src_cls_loss	: 0.0650
-------------------------------------
[Epoch : 38/40]
Src_cls_loss	: 0.0635
-------------------------------------
[Epoch : 39/40]
Src_cls_loss	: 0.0619
-------------------------------------
[Epoch : 40/40]
Src_cls_loss	: 0.0605
-------------------------------------
