=============================================
Dataset: pamap_mobiact
Method:  SYN
=============================================
Source: syn_wal_51 ---> Target: dp_wal_51
Run ID: 9
=============================================
[Epoch : 1/40]
Src_cls_loss	: 0.6429
-------------------------------------
[Epoch : 2/40]
Src_cls_loss	: 0.4663
-------------------------------------
[Epoch : 3/40]
Src_cls_loss	: 0.3717
-------------------------------------
[Epoch : 4/40]
Src_cls_loss	: 0.3063
-------------------------------------
[Epoch : 5/40]
Src_cls_loss	: 0.2597
-------------------------------------
[Epoch : 6/40]
Src_cls_loss	: 0.2262
-------------------------------------
[Epoch : 7/40]
Src_cls_loss	: 0.2003
-------------------------------------
[Epoch : 8/40]
Src_cls_loss	: 0.1801
-------------------------------------
[Epoch : 9/40]
Src_cls_loss	: 0.1634
-------------------------------------
[Epoch : 10/40]
Src_cls_loss	: 0.1503
-------------------------------------
[Epoch : 11/40]
Src_cls_loss	: 0.1394
-------------------------------------
[Epoch : 12/40]
Src_cls_loss	: 0.1296
-------------------------------------
[Epoch : 13/40]
Src_cls_loss	: 0.1207
-------------------------------------
[Epoch : 14/40]
Src_cls_loss	: 0.1132
-------------------------------------
[Epoch : 15/40]
Src_cls_loss	: 0.1069
-------------------------------------
[Epoch : 16/40]
Src_cls_loss	: 0.1008
-------------------------------------
[Epoch : 17/40]
Src_cls_loss	: 0.0955
-------------------------------------
[Epoch : 18/40]
Src_cls_loss	: 0.0906
-------------------------------------
[Epoch : 19/40]
Src_cls_loss	: 0.0864
-------------------------------------
[Epoch : 20/40]
Src_cls_loss	: 0.0824
-------------------------------------
[Epoch : 21/40]
Src_cls_loss	: 0.0787
-------------------------------------
[Epoch : 22/40]
Src_cls_loss	: 0.0754
-------------------------------------
[Epoch : 23/40]
Src_cls_loss	: 0.0724
-------------------------------------
[Epoch : 24/40]
Src_cls_loss	: 0.0697
-------------------------------------
[Epoch : 25/40]
Src_cls_loss	: 0.0673
-------------------------------------
[Epoch : 26/40]
Src_cls_loss	: 0.0652
-------------------------------------
[Epoch : 27/40]
Src_cls_loss	: 0.0632
-------------------------------------
[Epoch : 28/40]
Src_cls_loss	: 0.0612
-------------------------------------
[Epoch : 29/40]
Src_cls_loss	: 0.0592
-------------------------------------
[Epoch : 30/40]
Src_cls_loss	: 0.0574
-------------------------------------
[Epoch : 31/40]
Src_cls_loss	: 0.0556
-------------------------------------
[Epoch : 32/40]
Src_cls_loss	: 0.0540
-------------------------------------
[Epoch : 33/40]
Src_cls_loss	: 0.0526
-------------------------------------
[Epoch : 34/40]
Src_cls_loss	: 0.0513
-------------------------------------
[Epoch : 35/40]
Src_cls_loss	: 0.0500
-------------------------------------
[Epoch : 36/40]
Src_cls_loss	: 0.0487
-------------------------------------
[Epoch : 37/40]
Src_cls_loss	: 0.0475
-------------------------------------
[Epoch : 38/40]
Src_cls_loss	: 0.0463
-------------------------------------
[Epoch : 39/40]
Src_cls_loss	: 0.0452
-------------------------------------
[Epoch : 40/40]
Src_cls_loss	: 0.0441
-------------------------------------
