=============================================
Dataset: realworld_mobiact
Method:  Deep_Coral
=============================================
Source: df ---> Target: dp_wal_47
Run ID: 0
=============================================
[Epoch : 1/40]
Total_loss	: 2.4524
Src_cls_loss	: 0.3674
coral_loss	: 0.0007
-------------------------------------
[Epoch : 2/40]
Total_loss	: 2.0034
Src_cls_loss	: 0.3000
coral_loss	: 0.0006
-------------------------------------
[Epoch : 3/40]
Total_loss	: 1.7608
Src_cls_loss	: 0.2637
coral_loss	: 0.0006
-------------------------------------
[Epoch : 4/40]
Total_loss	: 1.6042
Src_cls_loss	: 0.2402
coral_loss	: 0.0006
-------------------------------------
[Epoch : 5/40]
Total_loss	: 1.4920
Src_cls_loss	: 0.2234
coral_loss	: 0.0006
-------------------------------------
[Epoch : 6/40]
Total_loss	: 1.4090
Src_cls_loss	: 0.2109
coral_loss	: 0.0006
-------------------------------------
[Epoch : 7/40]
Total_loss	: 1.3441
Src_cls_loss	: 0.2012
coral_loss	: 0.0005
-------------------------------------
[Epoch : 8/40]
Total_loss	: 1.2844
Src_cls_loss	: 0.1922
coral_loss	: 0.0005
-------------------------------------
[Epoch : 9/40]
Total_loss	: 1.2269
Src_cls_loss	: 0.1836
coral_loss	: 0.0005
-------------------------------------
[Epoch : 10/40]
Total_loss	: 1.1790
Src_cls_loss	: 0.1765
coral_loss	: 0.0005
-------------------------------------
[Epoch : 11/40]
Total_loss	: 1.1358
Src_cls_loss	: 0.1700
coral_loss	: 0.0005
-------------------------------------
[Epoch : 12/40]
Total_loss	: 1.0966
Src_cls_loss	: 0.1641
coral_loss	: 0.0005
-------------------------------------
[Epoch : 13/40]
Total_loss	: 1.0611
Src_cls_loss	: 0.1588
coral_loss	: 0.0005
-------------------------------------
[Epoch : 14/40]
Total_loss	: 1.0285
Src_cls_loss	: 0.1539
coral_loss	: 0.0004
-------------------------------------
[Epoch : 15/40]
Total_loss	: 0.9988
Src_cls_loss	: 0.1495
coral_loss	: 0.0004
-------------------------------------
[Epoch : 16/40]
Total_loss	: 0.9702
Src_cls_loss	: 0.1452
coral_loss	: 0.0004
-------------------------------------
[Epoch : 17/40]
Total_loss	: 0.9433
Src_cls_loss	: 0.1412
coral_loss	: 0.0004
-------------------------------------
[Epoch : 18/40]
Total_loss	: 0.9194
Src_cls_loss	: 0.1376
coral_loss	: 0.0004
-------------------------------------
[Epoch : 19/40]
Total_loss	: 0.8950
Src_cls_loss	: 0.1339
coral_loss	: 0.0004
-------------------------------------
[Epoch : 20/40]
Total_loss	: 0.8728
Src_cls_loss	: 0.1306
coral_loss	: 0.0004
-------------------------------------
[Epoch : 21/40]
Total_loss	: 0.8508
Src_cls_loss	: 0.1273
coral_loss	: 0.0004
-------------------------------------
[Epoch : 22/40]
Total_loss	: 0.8306
Src_cls_loss	: 0.1243
coral_loss	: 0.0004
-------------------------------------
[Epoch : 23/40]
Total_loss	: 0.8115
Src_cls_loss	: 0.1214
coral_loss	: 0.0004
-------------------------------------
[Epoch : 24/40]
Total_loss	: 0.7927
Src_cls_loss	: 0.1186
coral_loss	: 0.0004
-------------------------------------
[Epoch : 25/40]
Total_loss	: 0.7744
Src_cls_loss	: 0.1159
coral_loss	: 0.0004
-------------------------------------
[Epoch : 26/40]
Total_loss	: 0.7565
Src_cls_loss	: 0.1132
coral_loss	: 0.0003
-------------------------------------
[Epoch : 27/40]
Total_loss	: 0.7399
Src_cls_loss	: 0.1107
coral_loss	: 0.0003
-------------------------------------
[Epoch : 28/40]
Total_loss	: 0.7242
Src_cls_loss	: 0.1084
coral_loss	: 0.0003
-------------------------------------
[Epoch : 29/40]
Total_loss	: 0.7091
Src_cls_loss	: 0.1061
coral_loss	: 0.0003
-------------------------------------
[Epoch : 30/40]
Total_loss	: 0.6949
Src_cls_loss	: 0.1040
coral_loss	: 0.0003
-------------------------------------
[Epoch : 31/40]
Total_loss	: 0.6801
Src_cls_loss	: 0.1018
coral_loss	: 0.0003
-------------------------------------
[Epoch : 32/40]
Total_loss	: 0.6662
Src_cls_loss	: 0.0997
coral_loss	: 0.0003
-------------------------------------
[Epoch : 33/40]
Total_loss	: 0.6536
Src_cls_loss	: 0.0978
coral_loss	: 0.0003
-------------------------------------
[Epoch : 34/40]
Total_loss	: 0.6420
Src_cls_loss	: 0.0960
coral_loss	: 0.0003
-------------------------------------
[Epoch : 35/40]
Total_loss	: 0.6294
Src_cls_loss	: 0.0942
coral_loss	: 0.0003
-------------------------------------
[Epoch : 36/40]
Total_loss	: 0.6182
Src_cls_loss	: 0.0925
coral_loss	: 0.0003
-------------------------------------
[Epoch : 37/40]
Total_loss	: 0.6065
Src_cls_loss	: 0.0907
coral_loss	: 0.0003
-------------------------------------
[Epoch : 38/40]
Total_loss	: 0.5958
Src_cls_loss	: 0.0891
coral_loss	: 0.0003
-------------------------------------
[Epoch : 39/40]
Total_loss	: 0.5854
Src_cls_loss	: 0.0876
coral_loss	: 0.0003
-------------------------------------
[Epoch : 40/40]
Total_loss	: 0.5753
Src_cls_loss	: 0.0861
coral_loss	: 0.0003
-------------------------------------
