=============================================
Dataset: realworld_mobiact
Method:  NO_ADAPT
=============================================
Source: syn_43 ---> Target: dp_43
Run ID: 0
=============================================
[Epoch : 1/40]
Src_cls_loss	: 0.6143
-------------------------------------
[Epoch : 2/40]
Src_cls_loss	: 0.4676
-------------------------------------
[Epoch : 3/40]
Src_cls_loss	: 0.3919
-------------------------------------
[Epoch : 4/40]
Src_cls_loss	: 0.3411
-------------------------------------
[Epoch : 5/40]
Src_cls_loss	: 0.3041
-------------------------------------
[Epoch : 6/40]
Src_cls_loss	: 0.2762
-------------------------------------
[Epoch : 7/40]
Src_cls_loss	: 0.2613
-------------------------------------
[Epoch : 8/40]
Src_cls_loss	: 0.2457
-------------------------------------
[Epoch : 9/40]
Src_cls_loss	: 0.2338
-------------------------------------
[Epoch : 10/40]
Src_cls_loss	: 0.2198
-------------------------------------
[Epoch : 11/40]
Src_cls_loss	: 0.2082
-------------------------------------
[Epoch : 12/40]
Src_cls_loss	: 0.1970
-------------------------------------
[Epoch : 13/40]
Src_cls_loss	: 0.1863
-------------------------------------
[Epoch : 14/40]
Src_cls_loss	: 0.1770
-------------------------------------
[Epoch : 15/40]
Src_cls_loss	: 0.1680
-------------------------------------
[Epoch : 16/40]
Src_cls_loss	: 0.1599
-------------------------------------
[Epoch : 17/40]
Src_cls_loss	: 0.1536
-------------------------------------
[Epoch : 18/40]
Src_cls_loss	: 0.1489
-------------------------------------
[Epoch : 19/40]
Src_cls_loss	: 0.1438
-------------------------------------
[Epoch : 20/40]
Src_cls_loss	: 0.1383
-------------------------------------
[Epoch : 21/40]
Src_cls_loss	: 0.1340
-------------------------------------
[Epoch : 22/40]
Src_cls_loss	: 0.1293
-------------------------------------
[Epoch : 23/40]
Src_cls_loss	: 0.1251
-------------------------------------
[Epoch : 24/40]
Src_cls_loss	: 0.1216
-------------------------------------
[Epoch : 25/40]
Src_cls_loss	: 0.1193
-------------------------------------
[Epoch : 26/40]
Src_cls_loss	: 0.1160
-------------------------------------
[Epoch : 27/40]
Src_cls_loss	: 0.1129
-------------------------------------
[Epoch : 28/40]
Src_cls_loss	: 0.1099
-------------------------------------
[Epoch : 29/40]
Src_cls_loss	: 0.1069
-------------------------------------
[Epoch : 30/40]
Src_cls_loss	: 0.1038
-------------------------------------
[Epoch : 31/40]
Src_cls_loss	: 0.1013
-------------------------------------
[Epoch : 32/40]
Src_cls_loss	: 0.0995
-------------------------------------
[Epoch : 33/40]
Src_cls_loss	: 0.0977
-------------------------------------
[Epoch : 34/40]
Src_cls_loss	: 0.0965
-------------------------------------
[Epoch : 35/40]
Src_cls_loss	: 0.0946
-------------------------------------
[Epoch : 36/40]
Src_cls_loss	: 0.0928
-------------------------------------
[Epoch : 37/40]
Src_cls_loss	: 0.0908
-------------------------------------
[Epoch : 38/40]
Src_cls_loss	: 0.0889
-------------------------------------
[Epoch : 39/40]
Src_cls_loss	: 0.0870
-------------------------------------
[Epoch : 40/40]
Src_cls_loss	: 0.0852
-------------------------------------
