=============================================
Dataset: pamap_mobiact
Method:  NO_ADAPT
=============================================
Source: syn_37 ---> Target: dp_37
Run ID: 7
=============================================
[Epoch : 1/40]
Src_cls_loss	: 0.7044
-------------------------------------
[Epoch : 2/40]
Src_cls_loss	: 0.5251
-------------------------------------
[Epoch : 3/40]
Src_cls_loss	: 0.4321
-------------------------------------
[Epoch : 4/40]
Src_cls_loss	: 0.3610
-------------------------------------
[Epoch : 5/40]
Src_cls_loss	: 0.3086
-------------------------------------
[Epoch : 6/40]
Src_cls_loss	: 0.2687
-------------------------------------
[Epoch : 7/40]
Src_cls_loss	: 0.2389
-------------------------------------
[Epoch : 8/40]
Src_cls_loss	: 0.2142
-------------------------------------
[Epoch : 9/40]
Src_cls_loss	: 0.1949
-------------------------------------
[Epoch : 10/40]
Src_cls_loss	: 0.1798
-------------------------------------
[Epoch : 11/40]
Src_cls_loss	: 0.1657
-------------------------------------
[Epoch : 12/40]
Src_cls_loss	: 0.1540
-------------------------------------
[Epoch : 13/40]
Src_cls_loss	: 0.1436
-------------------------------------
[Epoch : 14/40]
Src_cls_loss	: 0.1354
-------------------------------------
[Epoch : 15/40]
Src_cls_loss	: 0.1281
-------------------------------------
[Epoch : 16/40]
Src_cls_loss	: 0.1211
-------------------------------------
[Epoch : 17/40]
Src_cls_loss	: 0.1150
-------------------------------------
[Epoch : 18/40]
Src_cls_loss	: 0.1093
-------------------------------------
[Epoch : 19/40]
Src_cls_loss	: 0.1043
-------------------------------------
[Epoch : 20/40]
Src_cls_loss	: 0.0996
-------------------------------------
[Epoch : 21/40]
Src_cls_loss	: 0.0957
-------------------------------------
[Epoch : 22/40]
Src_cls_loss	: 0.0927
-------------------------------------
[Epoch : 23/40]
Src_cls_loss	: 0.0894
-------------------------------------
[Epoch : 24/40]
Src_cls_loss	: 0.0866
-------------------------------------
[Epoch : 25/40]
Src_cls_loss	: 0.0835
-------------------------------------
[Epoch : 26/40]
Src_cls_loss	: 0.0806
-------------------------------------
[Epoch : 27/40]
Src_cls_loss	: 0.0782
-------------------------------------
[Epoch : 28/40]
Src_cls_loss	: 0.0763
-------------------------------------
[Epoch : 29/40]
Src_cls_loss	: 0.0742
-------------------------------------
[Epoch : 30/40]
Src_cls_loss	: 0.0719
-------------------------------------
[Epoch : 31/40]
Src_cls_loss	: 0.0699
-------------------------------------
[Epoch : 32/40]
Src_cls_loss	: 0.0679
-------------------------------------
[Epoch : 33/40]
Src_cls_loss	: 0.0661
-------------------------------------
[Epoch : 34/40]
Src_cls_loss	: 0.0645
-------------------------------------
[Epoch : 35/40]
Src_cls_loss	: 0.0628
-------------------------------------
[Epoch : 36/40]
Src_cls_loss	: 0.0611
-------------------------------------
[Epoch : 37/40]
Src_cls_loss	: 0.0595
-------------------------------------
[Epoch : 38/40]
Src_cls_loss	: 0.0582
-------------------------------------
[Epoch : 39/40]
Src_cls_loss	: 0.0568
-------------------------------------
[Epoch : 40/40]
Src_cls_loss	: 0.0555
-------------------------------------
