=============================================
Dataset: realworld_mobiact
Method:  NO_ADAPT
=============================================
Source: syn_69 ---> Target: dp_69
Run ID: 5
=============================================
[Epoch : 1/40]
Src_cls_loss	: 0.8659
-------------------------------------
[Epoch : 2/40]
Src_cls_loss	: 0.7163
-------------------------------------
[Epoch : 3/40]
Src_cls_loss	: 0.5997
-------------------------------------
[Epoch : 4/40]
Src_cls_loss	: 0.5109
-------------------------------------
[Epoch : 5/40]
Src_cls_loss	: 0.4413
-------------------------------------
[Epoch : 6/40]
Src_cls_loss	: 0.3907
-------------------------------------
[Epoch : 7/40]
Src_cls_loss	: 0.3501
-------------------------------------
[Epoch : 8/40]
Src_cls_loss	: 0.3177
-------------------------------------
[Epoch : 9/40]
Src_cls_loss	: 0.2892
-------------------------------------
[Epoch : 10/40]
Src_cls_loss	: 0.2673
-------------------------------------
[Epoch : 11/40]
Src_cls_loss	: 0.2497
-------------------------------------
[Epoch : 12/40]
Src_cls_loss	: 0.2330
-------------------------------------
[Epoch : 13/40]
Src_cls_loss	: 0.2221
-------------------------------------
[Epoch : 14/40]
Src_cls_loss	: 0.2103
-------------------------------------
[Epoch : 15/40]
Src_cls_loss	: 0.1993
-------------------------------------
[Epoch : 16/40]
Src_cls_loss	: 0.1893
-------------------------------------
[Epoch : 17/40]
Src_cls_loss	: 0.1797
-------------------------------------
[Epoch : 18/40]
Src_cls_loss	: 0.1713
-------------------------------------
[Epoch : 19/40]
Src_cls_loss	: 0.1636
-------------------------------------
[Epoch : 20/40]
Src_cls_loss	: 0.1571
-------------------------------------
[Epoch : 21/40]
Src_cls_loss	: 0.1507
-------------------------------------
[Epoch : 22/40]
Src_cls_loss	: 0.1447
-------------------------------------
[Epoch : 23/40]
Src_cls_loss	: 0.1391
-------------------------------------
[Epoch : 24/40]
Src_cls_loss	: 0.1341
-------------------------------------
[Epoch : 25/40]
Src_cls_loss	: 0.1300
-------------------------------------
[Epoch : 26/40]
Src_cls_loss	: 0.1267
-------------------------------------
[Epoch : 27/40]
Src_cls_loss	: 0.1230
-------------------------------------
[Epoch : 28/40]
Src_cls_loss	: 0.1199
-------------------------------------
[Epoch : 29/40]
Src_cls_loss	: 0.1167
-------------------------------------
[Epoch : 30/40]
Src_cls_loss	: 0.1135
-------------------------------------
[Epoch : 31/40]
Src_cls_loss	: 0.1105
-------------------------------------
[Epoch : 32/40]
Src_cls_loss	: 0.1076
-------------------------------------
[Epoch : 33/40]
Src_cls_loss	: 0.1047
-------------------------------------
[Epoch : 34/40]
Src_cls_loss	: 0.1019
-------------------------------------
[Epoch : 35/40]
Src_cls_loss	: 0.0995
-------------------------------------
[Epoch : 36/40]
Src_cls_loss	: 0.0973
-------------------------------------
[Epoch : 37/40]
Src_cls_loss	: 0.0951
-------------------------------------
[Epoch : 38/40]
Src_cls_loss	: 0.0930
-------------------------------------
[Epoch : 39/40]
Src_cls_loss	: 0.0909
-------------------------------------
[Epoch : 40/40]
Src_cls_loss	: 0.0888
-------------------------------------
