=============================================
Dataset: realworld_pamap
Method:  SYN
=============================================
Source: syn_wal_18 ---> Target: dp_wal_18
Run ID: 9
=============================================
[Epoch : 1/40]
Src_cls_loss	: 0.8764
-------------------------------------
[Epoch : 2/40]
Src_cls_loss	: 0.7545
-------------------------------------
[Epoch : 3/40]
Src_cls_loss	: 0.6644
-------------------------------------
[Epoch : 4/40]
Src_cls_loss	: 0.5713
-------------------------------------
[Epoch : 5/40]
Src_cls_loss	: 0.5030
-------------------------------------
[Epoch : 6/40]
Src_cls_loss	: 0.4468
-------------------------------------
[Epoch : 7/40]
Src_cls_loss	: 0.3998
-------------------------------------
[Epoch : 8/40]
Src_cls_loss	: 0.3594
-------------------------------------
[Epoch : 9/40]
Src_cls_loss	: 0.3263
-------------------------------------
[Epoch : 10/40]
Src_cls_loss	: 0.2983
-------------------------------------
[Epoch : 11/40]
Src_cls_loss	: 0.2744
-------------------------------------
[Epoch : 12/40]
Src_cls_loss	: 0.2538
-------------------------------------
[Epoch : 13/40]
Src_cls_loss	: 0.2372
-------------------------------------
[Epoch : 14/40]
Src_cls_loss	: 0.2228
-------------------------------------
[Epoch : 15/40]
Src_cls_loss	: 0.2098
-------------------------------------
[Epoch : 16/40]
Src_cls_loss	: 0.1978
-------------------------------------
[Epoch : 17/40]
Src_cls_loss	: 0.1869
-------------------------------------
[Epoch : 18/40]
Src_cls_loss	: 0.1771
-------------------------------------
[Epoch : 19/40]
Src_cls_loss	: 0.1685
-------------------------------------
[Epoch : 20/40]
Src_cls_loss	: 0.1605
-------------------------------------
[Epoch : 21/40]
Src_cls_loss	: 0.1533
-------------------------------------
[Epoch : 22/40]
Src_cls_loss	: 0.1471
-------------------------------------
[Epoch : 23/40]
Src_cls_loss	: 0.1415
-------------------------------------
[Epoch : 24/40]
Src_cls_loss	: 0.1363
-------------------------------------
[Epoch : 25/40]
Src_cls_loss	: 0.1314
-------------------------------------
[Epoch : 26/40]
Src_cls_loss	: 0.1267
-------------------------------------
[Epoch : 27/40]
Src_cls_loss	: 0.1225
-------------------------------------
[Epoch : 28/40]
Src_cls_loss	: 0.1184
-------------------------------------
[Epoch : 29/40]
Src_cls_loss	: 0.1146
-------------------------------------
[Epoch : 30/40]
Src_cls_loss	: 0.1110
-------------------------------------
[Epoch : 31/40]
Src_cls_loss	: 0.1076
-------------------------------------
[Epoch : 32/40]
Src_cls_loss	: 0.1044
-------------------------------------
[Epoch : 33/40]
Src_cls_loss	: 0.1014
-------------------------------------
[Epoch : 34/40]
Src_cls_loss	: 0.0985
-------------------------------------
[Epoch : 35/40]
Src_cls_loss	: 0.0958
-------------------------------------
[Epoch : 36/40]
Src_cls_loss	: 0.0933
-------------------------------------
[Epoch : 37/40]
Src_cls_loss	: 0.0911
-------------------------------------
[Epoch : 38/40]
Src_cls_loss	: 0.0889
-------------------------------------
[Epoch : 39/40]
Src_cls_loss	: 0.0867
-------------------------------------
[Epoch : 40/40]
Src_cls_loss	: 0.0847
-------------------------------------
