=============================================
Dataset: realworld_mobiact
Method:  NO_ADAPT
=============================================
Source: syn_39 ---> Target: dp_39
Run ID: 0
=============================================
[Epoch : 1/40]
Src_cls_loss	: 0.8989
-------------------------------------
[Epoch : 2/40]
Src_cls_loss	: 0.8095
-------------------------------------
[Epoch : 3/40]
Src_cls_loss	: 0.7172
-------------------------------------
[Epoch : 4/40]
Src_cls_loss	: 0.6331
-------------------------------------
[Epoch : 5/40]
Src_cls_loss	: 0.5577
-------------------------------------
[Epoch : 6/40]
Src_cls_loss	: 0.4918
-------------------------------------
[Epoch : 7/40]
Src_cls_loss	: 0.4403
-------------------------------------
[Epoch : 8/40]
Src_cls_loss	: 0.4016
-------------------------------------
[Epoch : 9/40]
Src_cls_loss	: 0.3705
-------------------------------------
[Epoch : 10/40]
Src_cls_loss	: 0.3449
-------------------------------------
[Epoch : 11/40]
Src_cls_loss	: 0.3214
-------------------------------------
[Epoch : 12/40]
Src_cls_loss	: 0.2992
-------------------------------------
[Epoch : 13/40]
Src_cls_loss	: 0.2809
-------------------------------------
[Epoch : 14/40]
Src_cls_loss	: 0.2647
-------------------------------------
[Epoch : 15/40]
Src_cls_loss	: 0.2498
-------------------------------------
[Epoch : 16/40]
Src_cls_loss	: 0.2368
-------------------------------------
[Epoch : 17/40]
Src_cls_loss	: 0.2252
-------------------------------------
[Epoch : 18/40]
Src_cls_loss	: 0.2143
-------------------------------------
[Epoch : 19/40]
Src_cls_loss	: 0.2052
-------------------------------------
[Epoch : 20/40]
Src_cls_loss	: 0.1972
-------------------------------------
[Epoch : 21/40]
Src_cls_loss	: 0.1893
-------------------------------------
[Epoch : 22/40]
Src_cls_loss	: 0.1821
-------------------------------------
[Epoch : 23/40]
Src_cls_loss	: 0.1754
-------------------------------------
[Epoch : 24/40]
Src_cls_loss	: 0.1693
-------------------------------------
[Epoch : 25/40]
Src_cls_loss	: 0.1637
-------------------------------------
[Epoch : 26/40]
Src_cls_loss	: 0.1586
-------------------------------------
[Epoch : 27/40]
Src_cls_loss	: 0.1540
-------------------------------------
[Epoch : 28/40]
Src_cls_loss	: 0.1495
-------------------------------------
[Epoch : 29/40]
Src_cls_loss	: 0.1451
-------------------------------------
[Epoch : 30/40]
Src_cls_loss	: 0.1409
-------------------------------------
[Epoch : 31/40]
Src_cls_loss	: 0.1369
-------------------------------------
[Epoch : 32/40]
Src_cls_loss	: 0.1335
-------------------------------------
[Epoch : 33/40]
Src_cls_loss	: 0.1301
-------------------------------------
[Epoch : 34/40]
Src_cls_loss	: 0.1269
-------------------------------------
[Epoch : 35/40]
Src_cls_loss	: 0.1237
-------------------------------------
[Epoch : 36/40]
Src_cls_loss	: 0.1208
-------------------------------------
[Epoch : 37/40]
Src_cls_loss	: 0.1182
-------------------------------------
[Epoch : 38/40]
Src_cls_loss	: 0.1161
-------------------------------------
[Epoch : 39/40]
Src_cls_loss	: 0.1135
-------------------------------------
[Epoch : 40/40]
Src_cls_loss	: 0.1112
-------------------------------------
