=============================================
Dataset: realworld_mobiact
Method:  SYN
=============================================
Source: syn_wal_15 ---> Target: dp_wal_15
Run ID: 5
=============================================
[Epoch : 1/40]
Src_cls_loss	: 0.8861
-------------------------------------
[Epoch : 2/40]
Src_cls_loss	: 0.7439
-------------------------------------
[Epoch : 3/40]
Src_cls_loss	: 0.6170
-------------------------------------
[Epoch : 4/40]
Src_cls_loss	: 0.5124
-------------------------------------
[Epoch : 5/40]
Src_cls_loss	: 0.4332
-------------------------------------
[Epoch : 6/40]
Src_cls_loss	: 0.3747
-------------------------------------
[Epoch : 7/40]
Src_cls_loss	: 0.3318
-------------------------------------
[Epoch : 8/40]
Src_cls_loss	: 0.2978
-------------------------------------
[Epoch : 9/40]
Src_cls_loss	: 0.2690
-------------------------------------
[Epoch : 10/40]
Src_cls_loss	: 0.2454
-------------------------------------
[Epoch : 11/40]
Src_cls_loss	: 0.2259
-------------------------------------
[Epoch : 12/40]
Src_cls_loss	: 0.2089
-------------------------------------
[Epoch : 13/40]
Src_cls_loss	: 0.1948
-------------------------------------
[Epoch : 14/40]
Src_cls_loss	: 0.1822
-------------------------------------
[Epoch : 15/40]
Src_cls_loss	: 0.1711
-------------------------------------
[Epoch : 16/40]
Src_cls_loss	: 0.1615
-------------------------------------
[Epoch : 17/40]
Src_cls_loss	: 0.1528
-------------------------------------
[Epoch : 18/40]
Src_cls_loss	: 0.1452
-------------------------------------
[Epoch : 19/40]
Src_cls_loss	: 0.1398
-------------------------------------
[Epoch : 20/40]
Src_cls_loss	: 0.1339
-------------------------------------
[Epoch : 21/40]
Src_cls_loss	: 0.1284
-------------------------------------
[Epoch : 22/40]
Src_cls_loss	: 0.1231
-------------------------------------
[Epoch : 23/40]
Src_cls_loss	: 0.1181
-------------------------------------
[Epoch : 24/40]
Src_cls_loss	: 0.1135
-------------------------------------
[Epoch : 25/40]
Src_cls_loss	: 0.1095
-------------------------------------
[Epoch : 26/40]
Src_cls_loss	: 0.1056
-------------------------------------
[Epoch : 27/40]
Src_cls_loss	: 0.1018
-------------------------------------
[Epoch : 28/40]
Src_cls_loss	: 0.0984
-------------------------------------
[Epoch : 29/40]
Src_cls_loss	: 0.0954
-------------------------------------
[Epoch : 30/40]
Src_cls_loss	: 0.0923
-------------------------------------
[Epoch : 31/40]
Src_cls_loss	: 0.0895
-------------------------------------
[Epoch : 32/40]
Src_cls_loss	: 0.0868
-------------------------------------
[Epoch : 33/40]
Src_cls_loss	: 0.0844
-------------------------------------
[Epoch : 34/40]
Src_cls_loss	: 0.0820
-------------------------------------
[Epoch : 35/40]
Src_cls_loss	: 0.0798
-------------------------------------
[Epoch : 36/40]
Src_cls_loss	: 0.0777
-------------------------------------
[Epoch : 37/40]
Src_cls_loss	: 0.0758
-------------------------------------
[Epoch : 38/40]
Src_cls_loss	: 0.0739
-------------------------------------
[Epoch : 39/40]
Src_cls_loss	: 0.0721
-------------------------------------
[Epoch : 40/40]
Src_cls_loss	: 0.0704
-------------------------------------
