=============================================
Dataset: mobiact_realworld
Method:  SYN
=============================================
Source: syn_wal_62 ---> Target: dp_wal_62
Run ID: 6
=============================================
[Epoch : 1/40]
Src_cls_loss	: 0.7290
-------------------------------------
[Epoch : 2/40]
Src_cls_loss	: 0.5679
-------------------------------------
[Epoch : 3/40]
Src_cls_loss	: 0.4587
-------------------------------------
[Epoch : 4/40]
Src_cls_loss	: 0.3838
-------------------------------------
[Epoch : 5/40]
Src_cls_loss	: 0.3281
-------------------------------------
[Epoch : 6/40]
Src_cls_loss	: 0.2871
-------------------------------------
[Epoch : 7/40]
Src_cls_loss	: 0.2548
-------------------------------------
[Epoch : 8/40]
Src_cls_loss	: 0.2288
-------------------------------------
[Epoch : 9/40]
Src_cls_loss	: 0.2075
-------------------------------------
[Epoch : 10/40]
Src_cls_loss	: 0.1906
-------------------------------------
[Epoch : 11/40]
Src_cls_loss	: 0.1766
-------------------------------------
[Epoch : 12/40]
Src_cls_loss	: 0.1649
-------------------------------------
[Epoch : 13/40]
Src_cls_loss	: 0.1542
-------------------------------------
[Epoch : 14/40]
Src_cls_loss	: 0.1446
-------------------------------------
[Epoch : 15/40]
Src_cls_loss	: 0.1362
-------------------------------------
[Epoch : 16/40]
Src_cls_loss	: 0.1286
-------------------------------------
[Epoch : 17/40]
Src_cls_loss	: 0.1219
-------------------------------------
[Epoch : 18/40]
Src_cls_loss	: 0.1158
-------------------------------------
[Epoch : 19/40]
Src_cls_loss	: 0.1104
-------------------------------------
[Epoch : 20/40]
Src_cls_loss	: 0.1054
-------------------------------------
[Epoch : 21/40]
Src_cls_loss	: 0.1007
-------------------------------------
[Epoch : 22/40]
Src_cls_loss	: 0.0964
-------------------------------------
[Epoch : 23/40]
Src_cls_loss	: 0.0926
-------------------------------------
[Epoch : 24/40]
Src_cls_loss	: 0.0893
-------------------------------------
[Epoch : 25/40]
Src_cls_loss	: 0.0862
-------------------------------------
[Epoch : 26/40]
Src_cls_loss	: 0.0832
-------------------------------------
[Epoch : 27/40]
Src_cls_loss	: 0.0804
-------------------------------------
[Epoch : 28/40]
Src_cls_loss	: 0.0778
-------------------------------------
[Epoch : 29/40]
Src_cls_loss	: 0.0754
-------------------------------------
[Epoch : 30/40]
Src_cls_loss	: 0.0731
-------------------------------------
[Epoch : 31/40]
Src_cls_loss	: 0.0710
-------------------------------------
[Epoch : 32/40]
Src_cls_loss	: 0.0689
-------------------------------------
[Epoch : 33/40]
Src_cls_loss	: 0.0669
-------------------------------------
[Epoch : 34/40]
Src_cls_loss	: 0.0650
-------------------------------------
[Epoch : 35/40]
Src_cls_loss	: 0.0633
-------------------------------------
[Epoch : 36/40]
Src_cls_loss	: 0.0617
-------------------------------------
[Epoch : 37/40]
Src_cls_loss	: 0.0601
-------------------------------------
[Epoch : 38/40]
Src_cls_loss	: 0.0586
-------------------------------------
[Epoch : 39/40]
Src_cls_loss	: 0.0572
-------------------------------------
[Epoch : 40/40]
Src_cls_loss	: 0.0559
-------------------------------------
