=============================================
Dataset: realworld_mobiact
Method:  SYN
=============================================
Source: syn_wal_56 ---> Target: dp_wal_56
Run ID: 9
=============================================
[Epoch : 1/40]
Src_cls_loss	: 0.8676
-------------------------------------
[Epoch : 2/40]
Src_cls_loss	: 0.7154
-------------------------------------
[Epoch : 3/40]
Src_cls_loss	: 0.5749
-------------------------------------
[Epoch : 4/40]
Src_cls_loss	: 0.4702
-------------------------------------
[Epoch : 5/40]
Src_cls_loss	: 0.3940
-------------------------------------
[Epoch : 6/40]
Src_cls_loss	: 0.3394
-------------------------------------
[Epoch : 7/40]
Src_cls_loss	: 0.2974
-------------------------------------
[Epoch : 8/40]
Src_cls_loss	: 0.2644
-------------------------------------
[Epoch : 9/40]
Src_cls_loss	: 0.2380
-------------------------------------
[Epoch : 10/40]
Src_cls_loss	: 0.2163
-------------------------------------
[Epoch : 11/40]
Src_cls_loss	: 0.1982
-------------------------------------
[Epoch : 12/40]
Src_cls_loss	: 0.1830
-------------------------------------
[Epoch : 13/40]
Src_cls_loss	: 0.1701
-------------------------------------
[Epoch : 14/40]
Src_cls_loss	: 0.1587
-------------------------------------
[Epoch : 15/40]
Src_cls_loss	: 0.1490
-------------------------------------
[Epoch : 16/40]
Src_cls_loss	: 0.1402
-------------------------------------
[Epoch : 17/40]
Src_cls_loss	: 0.1327
-------------------------------------
[Epoch : 18/40]
Src_cls_loss	: 0.1259
-------------------------------------
[Epoch : 19/40]
Src_cls_loss	: 0.1204
-------------------------------------
[Epoch : 20/40]
Src_cls_loss	: 0.1148
-------------------------------------
[Epoch : 21/40]
Src_cls_loss	: 0.1096
-------------------------------------
[Epoch : 22/40]
Src_cls_loss	: 0.1048
-------------------------------------
[Epoch : 23/40]
Src_cls_loss	: 0.1005
-------------------------------------
[Epoch : 24/40]
Src_cls_loss	: 0.0965
-------------------------------------
[Epoch : 25/40]
Src_cls_loss	: 0.0928
-------------------------------------
[Epoch : 26/40]
Src_cls_loss	: 0.0895
-------------------------------------
[Epoch : 27/40]
Src_cls_loss	: 0.0863
-------------------------------------
[Epoch : 28/40]
Src_cls_loss	: 0.0834
-------------------------------------
[Epoch : 29/40]
Src_cls_loss	: 0.0806
-------------------------------------
[Epoch : 30/40]
Src_cls_loss	: 0.0781
-------------------------------------
[Epoch : 31/40]
Src_cls_loss	: 0.0757
-------------------------------------
[Epoch : 32/40]
Src_cls_loss	: 0.0734
-------------------------------------
[Epoch : 33/40]
Src_cls_loss	: 0.0713
-------------------------------------
[Epoch : 34/40]
Src_cls_loss	: 0.0693
-------------------------------------
[Epoch : 35/40]
Src_cls_loss	: 0.0674
-------------------------------------
[Epoch : 36/40]
Src_cls_loss	: 0.0656
-------------------------------------
[Epoch : 37/40]
Src_cls_loss	: 0.0639
-------------------------------------
[Epoch : 38/40]
Src_cls_loss	: 0.0623
-------------------------------------
[Epoch : 39/40]
Src_cls_loss	: 0.0608
-------------------------------------
[Epoch : 40/40]
Src_cls_loss	: 0.0594
-------------------------------------
