=============================================
Dataset: CWRU_OR_orthogonal
Method:  Deep_Coral
=============================================
Source: 0 ---> Target: 6
Run ID: 1
=============================================
[Epoch : 1/40]
Total_loss	: 0.0201
Src_cls_loss	: 0.1893
coral_loss	: 0.0002
-------------------------------------
[Epoch : 2/40]
Total_loss	: 0.0118
Src_cls_loss	: 0.1071
coral_loss	: 0.0002
-------------------------------------
[Epoch : 3/40]
Total_loss	: 0.0087
Src_cls_loss	: 0.0772
coral_loss	: 0.0002
-------------------------------------
[Epoch : 4/40]
Total_loss	: 0.0070
Src_cls_loss	: 0.0608
coral_loss	: 0.0002
-------------------------------------
[Epoch : 5/40]
Total_loss	: 0.0059
Src_cls_loss	: 0.0505
coral_loss	: 0.0002
-------------------------------------
[Epoch : 6/40]
Total_loss	: 0.0051
Src_cls_loss	: 0.0437
coral_loss	: 0.0002
-------------------------------------
[Epoch : 7/40]
Total_loss	: 0.0045
Src_cls_loss	: 0.0385
coral_loss	: 0.0002
-------------------------------------
[Epoch : 8/40]
Total_loss	: 0.0041
Src_cls_loss	: 0.0344
coral_loss	: 0.0001
-------------------------------------
[Epoch : 9/40]
Total_loss	: 0.0037
Src_cls_loss	: 0.0312
coral_loss	: 0.0001
-------------------------------------
[Epoch : 10/40]
Total_loss	: 0.0035
Src_cls_loss	: 0.0288
coral_loss	: 0.0001
-------------------------------------
[Epoch : 11/40]
Total_loss	: 0.0032
Src_cls_loss	: 0.0268
coral_loss	: 0.0001
-------------------------------------
[Epoch : 12/40]
Total_loss	: 0.0030
Src_cls_loss	: 0.0250
coral_loss	: 0.0001
-------------------------------------
[Epoch : 13/40]
Total_loss	: 0.0028
Src_cls_loss	: 0.0234
coral_loss	: 0.0001
-------------------------------------
[Epoch : 14/40]
Total_loss	: 0.0027
Src_cls_loss	: 0.0222
coral_loss	: 0.0001
-------------------------------------
[Epoch : 15/40]
Total_loss	: 0.0026
Src_cls_loss	: 0.0212
coral_loss	: 0.0001
-------------------------------------
[Epoch : 16/40]
Total_loss	: 0.0025
Src_cls_loss	: 0.0203
coral_loss	: 0.0001
-------------------------------------
[Epoch : 17/40]
Total_loss	: 0.0024
Src_cls_loss	: 0.0193
coral_loss	: 0.0001
-------------------------------------
[Epoch : 18/40]
Total_loss	: 0.0023
Src_cls_loss	: 0.0185
coral_loss	: 0.0001
-------------------------------------
[Epoch : 19/40]
Total_loss	: 0.0022
Src_cls_loss	: 0.0178
coral_loss	: 0.0001
-------------------------------------
[Epoch : 20/40]
Total_loss	: 0.0021
Src_cls_loss	: 0.0172
coral_loss	: 0.0001
-------------------------------------
[Epoch : 21/40]
Total_loss	: 0.0020
Src_cls_loss	: 0.0168
coral_loss	: 0.0001
-------------------------------------
[Epoch : 22/40]
Total_loss	: 0.0020
Src_cls_loss	: 0.0163
coral_loss	: 0.0001
-------------------------------------
[Epoch : 23/40]
Total_loss	: 0.0019
Src_cls_loss	: 0.0157
coral_loss	: 0.0001
-------------------------------------
[Epoch : 24/40]
Total_loss	: 0.0019
Src_cls_loss	: 0.0152
coral_loss	: 0.0001
-------------------------------------
[Epoch : 25/40]
Total_loss	: 0.0018
Src_cls_loss	: 0.0149
coral_loss	: 0.0001
-------------------------------------
[Epoch : 26/40]
Total_loss	: 0.0018
Src_cls_loss	: 0.0144
coral_loss	: 0.0001
-------------------------------------
[Epoch : 27/40]
Total_loss	: 0.0017
Src_cls_loss	: 0.0140
coral_loss	: 0.0001
-------------------------------------
[Epoch : 28/40]
Total_loss	: 0.0017
Src_cls_loss	: 0.0137
coral_loss	: 0.0001
-------------------------------------
[Epoch : 29/40]
Total_loss	: 0.0016
Src_cls_loss	: 0.0133
coral_loss	: 0.0001
-------------------------------------
[Epoch : 30/40]
Total_loss	: 0.0016
Src_cls_loss	: 0.0130
coral_loss	: 0.0001
-------------------------------------
[Epoch : 31/40]
Total_loss	: 0.0015
Src_cls_loss	: 0.0127
coral_loss	: 0.0001
-------------------------------------
[Epoch : 32/40]
Total_loss	: 0.0015
Src_cls_loss	: 0.0124
coral_loss	: 0.0001
-------------------------------------
[Epoch : 33/40]
Total_loss	: 0.0015
Src_cls_loss	: 0.0122
coral_loss	: 0.0001
-------------------------------------
[Epoch : 34/40]
Total_loss	: 0.0015
Src_cls_loss	: 0.0120
coral_loss	: 0.0001
-------------------------------------
[Epoch : 35/40]
Total_loss	: 0.0014
Src_cls_loss	: 0.0117
coral_loss	: 0.0001
-------------------------------------
[Epoch : 36/40]
Total_loss	: 0.0014
Src_cls_loss	: 0.0115
coral_loss	: 0.0001
-------------------------------------
[Epoch : 37/40]
Total_loss	: 0.0014
Src_cls_loss	: 0.0113
coral_loss	: 0.0001
-------------------------------------
[Epoch : 38/40]
Total_loss	: 0.0014
Src_cls_loss	: 0.0111
coral_loss	: 0.0001
-------------------------------------
[Epoch : 39/40]
Total_loss	: 0.0013
Src_cls_loss	: 0.0110
coral_loss	: 0.0001
-------------------------------------
[Epoch : 40/40]
Total_loss	: 0.0013
Src_cls_loss	: 0.0108
coral_loss	: 0.0001
-------------------------------------
