=============================================
Dataset: CWRU_IR
Method:  Deep_Coral
=============================================
Source: 0 ---> Target: 6
Run ID: 4
=============================================
[Epoch : 1/40]
Total_loss	: 0.0175
Src_cls_loss	: 0.1670
coral_loss	: 0.0001
-------------------------------------
[Epoch : 2/40]
Total_loss	: 0.0104
Src_cls_loss	: 0.0966
coral_loss	: 0.0002
-------------------------------------
[Epoch : 3/40]
Total_loss	: 0.0076
Src_cls_loss	: 0.0686
coral_loss	: 0.0001
-------------------------------------
[Epoch : 4/40]
Total_loss	: 0.0061
Src_cls_loss	: 0.0545
coral_loss	: 0.0001
-------------------------------------
[Epoch : 5/40]
Total_loss	: 0.0052
Src_cls_loss	: 0.0458
coral_loss	: 0.0001
-------------------------------------
[Epoch : 6/40]
Total_loss	: 0.0045
Src_cls_loss	: 0.0393
coral_loss	: 0.0001
-------------------------------------
[Epoch : 7/40]
Total_loss	: 0.0041
Src_cls_loss	: 0.0353
coral_loss	: 0.0001
-------------------------------------
[Epoch : 8/40]
Total_loss	: 0.0037
Src_cls_loss	: 0.0318
coral_loss	: 0.0001
-------------------------------------
[Epoch : 9/40]
Total_loss	: 0.0034
Src_cls_loss	: 0.0289
coral_loss	: 0.0001
-------------------------------------
[Epoch : 10/40]
Total_loss	: 0.0031
Src_cls_loss	: 0.0265
coral_loss	: 0.0001
-------------------------------------
[Epoch : 11/40]
Total_loss	: 0.0029
Src_cls_loss	: 0.0248
coral_loss	: 0.0001
-------------------------------------
[Epoch : 12/40]
Total_loss	: 0.0027
Src_cls_loss	: 0.0233
coral_loss	: 0.0001
-------------------------------------
[Epoch : 13/40]
Total_loss	: 0.0026
Src_cls_loss	: 0.0219
coral_loss	: 0.0001
-------------------------------------
[Epoch : 14/40]
Total_loss	: 0.0025
Src_cls_loss	: 0.0207
coral_loss	: 0.0001
-------------------------------------
[Epoch : 15/40]
Total_loss	: 0.0023
Src_cls_loss	: 0.0198
coral_loss	: 0.0001
-------------------------------------
[Epoch : 16/40]
Total_loss	: 0.0023
Src_cls_loss	: 0.0190
coral_loss	: 0.0001
-------------------------------------
[Epoch : 17/40]
Total_loss	: 0.0022
Src_cls_loss	: 0.0182
coral_loss	: 0.0001
-------------------------------------
[Epoch : 18/40]
Total_loss	: 0.0021
Src_cls_loss	: 0.0175
coral_loss	: 0.0001
-------------------------------------
[Epoch : 19/40]
Total_loss	: 0.0020
Src_cls_loss	: 0.0173
coral_loss	: 0.0001
-------------------------------------
[Epoch : 20/40]
Total_loss	: 0.0020
Src_cls_loss	: 0.0167
coral_loss	: 0.0001
-------------------------------------
[Epoch : 21/40]
Total_loss	: 0.0019
Src_cls_loss	: 0.0161
coral_loss	: 0.0001
-------------------------------------
[Epoch : 22/40]
Total_loss	: 0.0018
Src_cls_loss	: 0.0155
coral_loss	: 0.0001
-------------------------------------
[Epoch : 23/40]
Total_loss	: 0.0018
Src_cls_loss	: 0.0150
coral_loss	: 0.0001
-------------------------------------
[Epoch : 24/40]
Total_loss	: 0.0017
Src_cls_loss	: 0.0146
coral_loss	: 0.0001
-------------------------------------
[Epoch : 25/40]
Total_loss	: 0.0017
Src_cls_loss	: 0.0142
coral_loss	: 0.0001
-------------------------------------
[Epoch : 26/40]
Total_loss	: 0.0016
Src_cls_loss	: 0.0138
coral_loss	: 0.0001
-------------------------------------
[Epoch : 27/40]
Total_loss	: 0.0016
Src_cls_loss	: 0.0135
coral_loss	: 0.0001
-------------------------------------
[Epoch : 28/40]
Total_loss	: 0.0016
Src_cls_loss	: 0.0132
coral_loss	: 0.0001
-------------------------------------
[Epoch : 29/40]
Total_loss	: 0.0015
Src_cls_loss	: 0.0129
coral_loss	: 0.0001
-------------------------------------
[Epoch : 30/40]
Total_loss	: 0.0015
Src_cls_loss	: 0.0127
coral_loss	: 0.0001
-------------------------------------
[Epoch : 31/40]
Total_loss	: 0.0015
Src_cls_loss	: 0.0124
coral_loss	: 0.0001
-------------------------------------
[Epoch : 32/40]
Total_loss	: 0.0014
Src_cls_loss	: 0.0122
coral_loss	: 0.0000
-------------------------------------
[Epoch : 33/40]
Total_loss	: 0.0014
Src_cls_loss	: 0.0120
coral_loss	: 0.0000
-------------------------------------
[Epoch : 34/40]
Total_loss	: 0.0014
Src_cls_loss	: 0.0118
coral_loss	: 0.0000
-------------------------------------
[Epoch : 35/40]
Total_loss	: 0.0014
Src_cls_loss	: 0.0115
coral_loss	: 0.0000
-------------------------------------
[Epoch : 36/40]
Total_loss	: 0.0013
Src_cls_loss	: 0.0113
coral_loss	: 0.0000
-------------------------------------
[Epoch : 37/40]
Total_loss	: 0.0013
Src_cls_loss	: 0.0111
coral_loss	: 0.0000
-------------------------------------
[Epoch : 38/40]
Total_loss	: 0.0013
Src_cls_loss	: 0.0109
coral_loss	: 0.0000
-------------------------------------
[Epoch : 39/40]
Total_loss	: 0.0013
Src_cls_loss	: 0.0108
coral_loss	: 0.0000
-------------------------------------
[Epoch : 40/40]
Total_loss	: 0.0013
Src_cls_loss	: 0.0106
coral_loss	: 0.0000
-------------------------------------
