=============================================
Dataset: mobiact_realworld
Method:  NO_ADAPT
=============================================
Source: df ---> Target: dp_75
Run ID: 9
=============================================
[Epoch : 1/40]
Src_cls_loss	: 0.3568
-------------------------------------
[Epoch : 2/40]
Src_cls_loss	: 0.2505
-------------------------------------
[Epoch : 3/40]
Src_cls_loss	: 0.2001
-------------------------------------
[Epoch : 4/40]
Src_cls_loss	: 0.1680
-------------------------------------
[Epoch : 5/40]
Src_cls_loss	: 0.1466
-------------------------------------
[Epoch : 6/40]
Src_cls_loss	: 0.1296
-------------------------------------
[Epoch : 7/40]
Src_cls_loss	: 0.1176
-------------------------------------
[Epoch : 8/40]
Src_cls_loss	: 0.1073
-------------------------------------
[Epoch : 9/40]
Src_cls_loss	: 0.0992
-------------------------------------
[Epoch : 10/40]
Src_cls_loss	: 0.0922
-------------------------------------
[Epoch : 11/40]
Src_cls_loss	: 0.0860
-------------------------------------
[Epoch : 12/40]
Src_cls_loss	: 0.0808
-------------------------------------
[Epoch : 13/40]
Src_cls_loss	: 0.0762
-------------------------------------
[Epoch : 14/40]
Src_cls_loss	: 0.0721
-------------------------------------
[Epoch : 15/40]
Src_cls_loss	: 0.0683
-------------------------------------
[Epoch : 16/40]
Src_cls_loss	: 0.0653
-------------------------------------
[Epoch : 17/40]
Src_cls_loss	: 0.0626
-------------------------------------
[Epoch : 18/40]
Src_cls_loss	: 0.0602
-------------------------------------
[Epoch : 19/40]
Src_cls_loss	: 0.0576
-------------------------------------
[Epoch : 20/40]
Src_cls_loss	: 0.0554
-------------------------------------
[Epoch : 21/40]
Src_cls_loss	: 0.0535
-------------------------------------
[Epoch : 22/40]
Src_cls_loss	: 0.0518
-------------------------------------
[Epoch : 23/40]
Src_cls_loss	: 0.0503
-------------------------------------
[Epoch : 24/40]
Src_cls_loss	: 0.0487
-------------------------------------
[Epoch : 25/40]
Src_cls_loss	: 0.0473
-------------------------------------
[Epoch : 26/40]
Src_cls_loss	: 0.0458
-------------------------------------
[Epoch : 27/40]
Src_cls_loss	: 0.0446
-------------------------------------
[Epoch : 28/40]
Src_cls_loss	: 0.0435
-------------------------------------
[Epoch : 29/40]
Src_cls_loss	: 0.0423
-------------------------------------
[Epoch : 30/40]
Src_cls_loss	: 0.0413
-------------------------------------
[Epoch : 31/40]
Src_cls_loss	: 0.0402
-------------------------------------
[Epoch : 32/40]
Src_cls_loss	: 0.0395
-------------------------------------
[Epoch : 33/40]
Src_cls_loss	: 0.0386
-------------------------------------
[Epoch : 34/40]
Src_cls_loss	: 0.0378
-------------------------------------
[Epoch : 35/40]
Src_cls_loss	: 0.0369
-------------------------------------
[Epoch : 36/40]
Src_cls_loss	: 0.0363
-------------------------------------
[Epoch : 37/40]
Src_cls_loss	: 0.0356
-------------------------------------
[Epoch : 38/40]
Src_cls_loss	: 0.0348
-------------------------------------
[Epoch : 39/40]
Src_cls_loss	: 0.0341
-------------------------------------
[Epoch : 40/40]
Src_cls_loss	: 0.0335
-------------------------------------
