=============================================
Dataset: realworld_mobiact
Method:  NO_ADAPT
=============================================
Source: syn_59 ---> Target: dp_59
Run ID: 4
=============================================
[Epoch : 1/40]
Src_cls_loss	: 0.8079
-------------------------------------
[Epoch : 2/40]
Src_cls_loss	: 0.6200
-------------------------------------
[Epoch : 3/40]
Src_cls_loss	: 0.4868
-------------------------------------
[Epoch : 4/40]
Src_cls_loss	: 0.3971
-------------------------------------
[Epoch : 5/40]
Src_cls_loss	: 0.3356
-------------------------------------
[Epoch : 6/40]
Src_cls_loss	: 0.2891
-------------------------------------
[Epoch : 7/40]
Src_cls_loss	: 0.2551
-------------------------------------
[Epoch : 8/40]
Src_cls_loss	: 0.2286
-------------------------------------
[Epoch : 9/40]
Src_cls_loss	: 0.2067
-------------------------------------
[Epoch : 10/40]
Src_cls_loss	: 0.1900
-------------------------------------
[Epoch : 11/40]
Src_cls_loss	: 0.1749
-------------------------------------
[Epoch : 12/40]
Src_cls_loss	: 0.1621
-------------------------------------
[Epoch : 13/40]
Src_cls_loss	: 0.1509
-------------------------------------
[Epoch : 14/40]
Src_cls_loss	: 0.1410
-------------------------------------
[Epoch : 15/40]
Src_cls_loss	: 0.1323
-------------------------------------
[Epoch : 16/40]
Src_cls_loss	: 0.1246
-------------------------------------
[Epoch : 17/40]
Src_cls_loss	: 0.1177
-------------------------------------
[Epoch : 18/40]
Src_cls_loss	: 0.1116
-------------------------------------
[Epoch : 19/40]
Src_cls_loss	: 0.1063
-------------------------------------
[Epoch : 20/40]
Src_cls_loss	: 0.1013
-------------------------------------
[Epoch : 21/40]
Src_cls_loss	: 0.0968
-------------------------------------
[Epoch : 22/40]
Src_cls_loss	: 0.0928
-------------------------------------
[Epoch : 23/40]
Src_cls_loss	: 0.0893
-------------------------------------
[Epoch : 24/40]
Src_cls_loss	: 0.0860
-------------------------------------
[Epoch : 25/40]
Src_cls_loss	: 0.0829
-------------------------------------
[Epoch : 26/40]
Src_cls_loss	: 0.0799
-------------------------------------
[Epoch : 27/40]
Src_cls_loss	: 0.0771
-------------------------------------
[Epoch : 28/40]
Src_cls_loss	: 0.0745
-------------------------------------
[Epoch : 29/40]
Src_cls_loss	: 0.0720
-------------------------------------
[Epoch : 30/40]
Src_cls_loss	: 0.0698
-------------------------------------
[Epoch : 31/40]
Src_cls_loss	: 0.0676
-------------------------------------
[Epoch : 32/40]
Src_cls_loss	: 0.0657
-------------------------------------
[Epoch : 33/40]
Src_cls_loss	: 0.0639
-------------------------------------
[Epoch : 34/40]
Src_cls_loss	: 0.0621
-------------------------------------
[Epoch : 35/40]
Src_cls_loss	: 0.0604
-------------------------------------
[Epoch : 36/40]
Src_cls_loss	: 0.0588
-------------------------------------
[Epoch : 37/40]
Src_cls_loss	: 0.0573
-------------------------------------
[Epoch : 38/40]
Src_cls_loss	: 0.0559
-------------------------------------
[Epoch : 39/40]
Src_cls_loss	: 0.0545
-------------------------------------
[Epoch : 40/40]
Src_cls_loss	: 0.0532
-------------------------------------
