=============================================
Dataset: realworld_mobiact
Method:  SYN
=============================================
Source: syn_wal_70 ---> Target: dp_wal_70
Run ID: 1
=============================================
[Epoch : 1/40]
Src_cls_loss	: 0.8768
-------------------------------------
[Epoch : 2/40]
Src_cls_loss	: 0.7107
-------------------------------------
[Epoch : 3/40]
Src_cls_loss	: 0.5832
-------------------------------------
[Epoch : 4/40]
Src_cls_loss	: 0.4906
-------------------------------------
[Epoch : 5/40]
Src_cls_loss	: 0.4207
-------------------------------------
[Epoch : 6/40]
Src_cls_loss	: 0.3663
-------------------------------------
[Epoch : 7/40]
Src_cls_loss	: 0.3243
-------------------------------------
[Epoch : 8/40]
Src_cls_loss	: 0.2912
-------------------------------------
[Epoch : 9/40]
Src_cls_loss	: 0.2639
-------------------------------------
[Epoch : 10/40]
Src_cls_loss	: 0.2430
-------------------------------------
[Epoch : 11/40]
Src_cls_loss	: 0.2244
-------------------------------------
[Epoch : 12/40]
Src_cls_loss	: 0.2087
-------------------------------------
[Epoch : 13/40]
Src_cls_loss	: 0.1945
-------------------------------------
[Epoch : 14/40]
Src_cls_loss	: 0.1824
-------------------------------------
[Epoch : 15/40]
Src_cls_loss	: 0.1714
-------------------------------------
[Epoch : 16/40]
Src_cls_loss	: 0.1618
-------------------------------------
[Epoch : 17/40]
Src_cls_loss	: 0.1537
-------------------------------------
[Epoch : 18/40]
Src_cls_loss	: 0.1478
-------------------------------------
[Epoch : 19/40]
Src_cls_loss	: 0.1418
-------------------------------------
[Epoch : 20/40]
Src_cls_loss	: 0.1360
-------------------------------------
[Epoch : 21/40]
Src_cls_loss	: 0.1306
-------------------------------------
[Epoch : 22/40]
Src_cls_loss	: 0.1255
-------------------------------------
[Epoch : 23/40]
Src_cls_loss	: 0.1207
-------------------------------------
[Epoch : 24/40]
Src_cls_loss	: 0.1161
-------------------------------------
[Epoch : 25/40]
Src_cls_loss	: 0.1121
-------------------------------------
[Epoch : 26/40]
Src_cls_loss	: 0.1082
-------------------------------------
[Epoch : 27/40]
Src_cls_loss	: 0.1045
-------------------------------------
[Epoch : 28/40]
Src_cls_loss	: 0.1011
-------------------------------------
[Epoch : 29/40]
Src_cls_loss	: 0.0979
-------------------------------------
[Epoch : 30/40]
Src_cls_loss	: 0.0949
-------------------------------------
[Epoch : 31/40]
Src_cls_loss	: 0.0922
-------------------------------------
[Epoch : 32/40]
Src_cls_loss	: 0.0896
-------------------------------------
[Epoch : 33/40]
Src_cls_loss	: 0.0871
-------------------------------------
[Epoch : 34/40]
Src_cls_loss	: 0.0848
-------------------------------------
[Epoch : 35/40]
Src_cls_loss	: 0.0825
-------------------------------------
[Epoch : 36/40]
Src_cls_loss	: 0.0806
-------------------------------------
[Epoch : 37/40]
Src_cls_loss	: 0.0791
-------------------------------------
[Epoch : 38/40]
Src_cls_loss	: 0.0774
-------------------------------------
[Epoch : 39/40]
Src_cls_loss	: 0.0759
-------------------------------------
[Epoch : 40/40]
Src_cls_loss	: 0.0742
-------------------------------------
