=============================================
Dataset: realworld_mobiact
Method:  Deep_Coral
=============================================
Source: df ---> Target: dp_wal_46
Run ID: 0
=============================================
[Epoch : 1/40]
Total_loss	: 2.4524
Src_cls_loss	: 0.3674
coral_loss	: 0.0007
-------------------------------------
[Epoch : 2/40]
Total_loss	: 2.0039
Src_cls_loss	: 0.3001
coral_loss	: 0.0007
-------------------------------------
[Epoch : 3/40]
Total_loss	: 1.7614
Src_cls_loss	: 0.2637
coral_loss	: 0.0006
-------------------------------------
[Epoch : 4/40]
Total_loss	: 1.6055
Src_cls_loss	: 0.2404
coral_loss	: 0.0006
-------------------------------------
[Epoch : 5/40]
Total_loss	: 1.4935
Src_cls_loss	: 0.2236
coral_loss	: 0.0006
-------------------------------------
[Epoch : 6/40]
Total_loss	: 1.4113
Src_cls_loss	: 0.2113
coral_loss	: 0.0006
-------------------------------------
[Epoch : 7/40]
Total_loss	: 1.3459
Src_cls_loss	: 0.2015
coral_loss	: 0.0006
-------------------------------------
[Epoch : 8/40]
Total_loss	: 1.2857
Src_cls_loss	: 0.1924
coral_loss	: 0.0005
-------------------------------------
[Epoch : 9/40]
Total_loss	: 1.2276
Src_cls_loss	: 0.1837
coral_loss	: 0.0005
-------------------------------------
[Epoch : 10/40]
Total_loss	: 1.1803
Src_cls_loss	: 0.1767
coral_loss	: 0.0005
-------------------------------------
[Epoch : 11/40]
Total_loss	: 1.1377
Src_cls_loss	: 0.1703
coral_loss	: 0.0005
-------------------------------------
[Epoch : 12/40]
Total_loss	: 1.0981
Src_cls_loss	: 0.1643
coral_loss	: 0.0005
-------------------------------------
[Epoch : 13/40]
Total_loss	: 1.0626
Src_cls_loss	: 0.1590
coral_loss	: 0.0005
-------------------------------------
[Epoch : 14/40]
Total_loss	: 1.0302
Src_cls_loss	: 0.1542
coral_loss	: 0.0004
-------------------------------------
[Epoch : 15/40]
Total_loss	: 1.0002
Src_cls_loss	: 0.1497
coral_loss	: 0.0004
-------------------------------------
[Epoch : 16/40]
Total_loss	: 0.9716
Src_cls_loss	: 0.1454
coral_loss	: 0.0004
-------------------------------------
[Epoch : 17/40]
Total_loss	: 0.9446
Src_cls_loss	: 0.1414
coral_loss	: 0.0004
-------------------------------------
[Epoch : 18/40]
Total_loss	: 0.9208
Src_cls_loss	: 0.1378
coral_loss	: 0.0004
-------------------------------------
[Epoch : 19/40]
Total_loss	: 0.8967
Src_cls_loss	: 0.1342
coral_loss	: 0.0004
-------------------------------------
[Epoch : 20/40]
Total_loss	: 0.8743
Src_cls_loss	: 0.1308
coral_loss	: 0.0004
-------------------------------------
[Epoch : 21/40]
Total_loss	: 0.8524
Src_cls_loss	: 0.1276
coral_loss	: 0.0004
-------------------------------------
[Epoch : 22/40]
Total_loss	: 0.8321
Src_cls_loss	: 0.1245
coral_loss	: 0.0004
-------------------------------------
[Epoch : 23/40]
Total_loss	: 0.8127
Src_cls_loss	: 0.1216
coral_loss	: 0.0004
-------------------------------------
[Epoch : 24/40]
Total_loss	: 0.7938
Src_cls_loss	: 0.1188
coral_loss	: 0.0004
-------------------------------------
[Epoch : 25/40]
Total_loss	: 0.7759
Src_cls_loss	: 0.1161
coral_loss	: 0.0004
-------------------------------------
[Epoch : 26/40]
Total_loss	: 0.7580
Src_cls_loss	: 0.1134
coral_loss	: 0.0003
-------------------------------------
[Epoch : 27/40]
Total_loss	: 0.7415
Src_cls_loss	: 0.1110
coral_loss	: 0.0003
-------------------------------------
[Epoch : 28/40]
Total_loss	: 0.7256
Src_cls_loss	: 0.1086
coral_loss	: 0.0003
-------------------------------------
[Epoch : 29/40]
Total_loss	: 0.7107
Src_cls_loss	: 0.1063
coral_loss	: 0.0003
-------------------------------------
[Epoch : 30/40]
Total_loss	: 0.6963
Src_cls_loss	: 0.1042
coral_loss	: 0.0003
-------------------------------------
[Epoch : 31/40]
Total_loss	: 0.6818
Src_cls_loss	: 0.1020
coral_loss	: 0.0003
-------------------------------------
[Epoch : 32/40]
Total_loss	: 0.6678
Src_cls_loss	: 0.0999
coral_loss	: 0.0003
-------------------------------------
[Epoch : 33/40]
Total_loss	: 0.6550
Src_cls_loss	: 0.0980
coral_loss	: 0.0003
-------------------------------------
[Epoch : 34/40]
Total_loss	: 0.6428
Src_cls_loss	: 0.0962
coral_loss	: 0.0003
-------------------------------------
[Epoch : 35/40]
Total_loss	: 0.6306
Src_cls_loss	: 0.0943
coral_loss	: 0.0003
-------------------------------------
[Epoch : 36/40]
Total_loss	: 0.6195
Src_cls_loss	: 0.0927
coral_loss	: 0.0003
-------------------------------------
[Epoch : 37/40]
Total_loss	: 0.6080
Src_cls_loss	: 0.0910
coral_loss	: 0.0003
-------------------------------------
[Epoch : 38/40]
Total_loss	: 0.5974
Src_cls_loss	: 0.0894
coral_loss	: 0.0003
-------------------------------------
[Epoch : 39/40]
Total_loss	: 0.5871
Src_cls_loss	: 0.0878
coral_loss	: 0.0003
-------------------------------------
[Epoch : 40/40]
Total_loss	: 0.5772
Src_cls_loss	: 0.0863
coral_loss	: 0.0003
-------------------------------------
