=============================================
Dataset: realworld_mobiact
Method:  DANN
=============================================
Source: df ---> Target: dp_wal_35
Run ID: 0
=============================================
[Epoch : 1/40]
Total_loss	: 5.4288
Domain_loss	: 1.2281
Src_cls_loss	: 0.4228
-------------------------------------
[Epoch : 2/40]
Total_loss	: 5.1087
Domain_loss	: 1.2286
Src_cls_loss	: 0.3619
-------------------------------------
[Epoch : 3/40]
Total_loss	: 4.9372
Domain_loss	: 1.2425
Src_cls_loss	: 0.3225
-------------------------------------
[Epoch : 4/40]
Total_loss	: 4.8478
Domain_loss	: 1.2545
Src_cls_loss	: 0.2996
-------------------------------------
[Epoch : 5/40]
Total_loss	: 4.7815
Domain_loss	: 1.2649
Src_cls_loss	: 0.2819
-------------------------------------
[Epoch : 6/40]
Total_loss	: 4.7232
Domain_loss	: 1.2712
Src_cls_loss	: 0.2677
-------------------------------------
[Epoch : 7/40]
Total_loss	: 4.6842
Domain_loss	: 1.2789
Src_cls_loss	: 0.2565
-------------------------------------
[Epoch : 8/40]
Total_loss	: 4.6460
Domain_loss	: 1.2878
Src_cls_loss	: 0.2449
-------------------------------------
[Epoch : 9/40]
Total_loss	: 4.6214
Domain_loss	: 1.2977
Src_cls_loss	: 0.2353
-------------------------------------
[Epoch : 10/40]
Total_loss	: 4.5958
Domain_loss	: 1.3043
Src_cls_loss	: 0.2272
-------------------------------------
[Epoch : 11/40]
Total_loss	: 4.5699
Domain_loss	: 1.3104
Src_cls_loss	: 0.2193
-------------------------------------
[Epoch : 12/40]
Total_loss	: 4.5487
Domain_loss	: 1.3164
Src_cls_loss	: 0.2123
-------------------------------------
[Epoch : 13/40]
Total_loss	: 4.5247
Domain_loss	: 1.3214
Src_cls_loss	: 0.2053
-------------------------------------
[Epoch : 14/40]
Total_loss	: 4.5025
Domain_loss	: 1.3257
Src_cls_loss	: 0.1989
-------------------------------------
[Epoch : 15/40]
Total_loss	: 4.4818
Domain_loss	: 1.3288
Src_cls_loss	: 0.1935
-------------------------------------
[Epoch : 16/40]
Total_loss	: 4.4596
Domain_loss	: 1.3305
Src_cls_loss	: 0.1884
-------------------------------------
[Epoch : 17/40]
Total_loss	: 4.4402
Domain_loss	: 1.3297
Src_cls_loss	: 0.1851
-------------------------------------
[Epoch : 18/40]
Total_loss	: 4.4205
Domain_loss	: 1.3275
Src_cls_loss	: 0.1825
-------------------------------------
[Epoch : 19/40]
Total_loss	: 4.4007
Domain_loss	: 1.3263
Src_cls_loss	: 0.1793
-------------------------------------
[Epoch : 20/40]
Total_loss	: 4.3871
Domain_loss	: 1.3284
Src_cls_loss	: 0.1757
-------------------------------------
[Epoch : 21/40]
Total_loss	: 4.3712
Domain_loss	: 1.3298
Src_cls_loss	: 0.1720
-------------------------------------
[Epoch : 22/40]
Total_loss	: 4.3593
Domain_loss	: 1.3318
Src_cls_loss	: 0.1687
-------------------------------------
[Epoch : 23/40]
Total_loss	: 4.3470
Domain_loss	: 1.3337
Src_cls_loss	: 0.1655
-------------------------------------
[Epoch : 24/40]
Total_loss	: 4.3346
Domain_loss	: 1.3357
Src_cls_loss	: 0.1622
-------------------------------------
[Epoch : 25/40]
Total_loss	: 4.3236
Domain_loss	: 1.3374
Src_cls_loss	: 0.1592
-------------------------------------
[Epoch : 26/40]
Total_loss	: 4.3092
Domain_loss	: 1.3367
Src_cls_loss	: 0.1568
-------------------------------------
[Epoch : 27/40]
Total_loss	: 4.2959
Domain_loss	: 1.3370
Src_cls_loss	: 0.1542
-------------------------------------
[Epoch : 28/40]
Total_loss	: 4.2858
Domain_loss	: 1.3379
Src_cls_loss	: 0.1518
-------------------------------------
[Epoch : 29/40]
Total_loss	: 4.2752
Domain_loss	: 1.3384
Src_cls_loss	: 0.1495
-------------------------------------
[Epoch : 30/40]
Total_loss	: 4.2655
Domain_loss	: 1.3394
Src_cls_loss	: 0.1472
-------------------------------------
[Epoch : 31/40]
Total_loss	: 4.2555
Domain_loss	: 1.3406
Src_cls_loss	: 0.1447
-------------------------------------
[Epoch : 32/40]
Total_loss	: 4.2454
Domain_loss	: 1.3415
Src_cls_loss	: 0.1424
-------------------------------------
[Epoch : 33/40]
Total_loss	: 4.2381
Domain_loss	: 1.3428
Src_cls_loss	: 0.1403
-------------------------------------
[Epoch : 34/40]
Total_loss	: 4.2300
Domain_loss	: 1.3440
Src_cls_loss	: 0.1382
-------------------------------------
[Epoch : 35/40]
Total_loss	: 4.2213
Domain_loss	: 1.3446
Src_cls_loss	: 0.1362
-------------------------------------
[Epoch : 36/40]
Total_loss	: 4.2146
Domain_loss	: 1.3457
Src_cls_loss	: 0.1344
-------------------------------------
[Epoch : 37/40]
Total_loss	: 4.2056
Domain_loss	: 1.3461
Src_cls_loss	: 0.1326
-------------------------------------
[Epoch : 38/40]
Total_loss	: 4.1977
Domain_loss	: 1.3466
Src_cls_loss	: 0.1308
-------------------------------------
[Epoch : 39/40]
Total_loss	: 4.1897
Domain_loss	: 1.3462
Src_cls_loss	: 0.1295
-------------------------------------
[Epoch : 40/40]
Total_loss	: 4.1831
Domain_loss	: 1.3464
Src_cls_loss	: 0.1281
-------------------------------------
