=============================================
Dataset: realworld_mobiact
Method:  DANN
=============================================
Source: df ---> Target: dp_26
Run ID: 0
=============================================
[Epoch : 1/40]
Total_loss	: 5.4240
Domain_loss	: 1.2138
Src_cls_loss	: 0.4290
-------------------------------------
[Epoch : 2/40]
Total_loss	: 5.0977
Domain_loss	: 1.2076
Src_cls_loss	: 0.3702
-------------------------------------
[Epoch : 3/40]
Total_loss	: 4.9274
Domain_loss	: 1.2138
Src_cls_loss	: 0.3348
-------------------------------------
[Epoch : 4/40]
Total_loss	: 4.8373
Domain_loss	: 1.2209
Src_cls_loss	: 0.3142
-------------------------------------
[Epoch : 5/40]
Total_loss	: 4.7761
Domain_loss	: 1.2340
Src_cls_loss	: 0.2962
-------------------------------------
[Epoch : 6/40]
Total_loss	: 4.7324
Domain_loss	: 1.2512
Src_cls_loss	: 0.2794
-------------------------------------
[Epoch : 7/40]
Total_loss	: 4.6953
Domain_loss	: 1.2614
Src_cls_loss	: 0.2672
-------------------------------------
[Epoch : 8/40]
Total_loss	: 4.6412
Domain_loss	: 1.2638
Src_cls_loss	: 0.2558
-------------------------------------
[Epoch : 9/40]
Total_loss	: 4.6107
Domain_loss	: 1.2699
Src_cls_loss	: 0.2471
-------------------------------------
[Epoch : 10/40]
Total_loss	: 4.5843
Domain_loss	: 1.2762
Src_cls_loss	: 0.2389
-------------------------------------
[Epoch : 11/40]
Total_loss	: 4.5576
Domain_loss	: 1.2806
Src_cls_loss	: 0.2317
-------------------------------------
[Epoch : 12/40]
Total_loss	: 4.5376
Domain_loss	: 1.2844
Src_cls_loss	: 0.2260
-------------------------------------
[Epoch : 13/40]
Total_loss	: 4.5200
Domain_loss	: 1.2885
Src_cls_loss	: 0.2206
-------------------------------------
[Epoch : 14/40]
Total_loss	: 4.5025
Domain_loss	: 1.2934
Src_cls_loss	: 0.2149
-------------------------------------
[Epoch : 15/40]
Total_loss	: 4.4841
Domain_loss	: 1.2958
Src_cls_loss	: 0.2102
-------------------------------------
[Epoch : 16/40]
Total_loss	: 4.4684
Domain_loss	: 1.2983
Src_cls_loss	: 0.2060
-------------------------------------
[Epoch : 17/40]
Total_loss	: 4.4534
Domain_loss	: 1.3003
Src_cls_loss	: 0.2021
-------------------------------------
[Epoch : 18/40]
Total_loss	: 4.4374
Domain_loss	: 1.3025
Src_cls_loss	: 0.1980
-------------------------------------
[Epoch : 19/40]
Total_loss	: 4.4200
Domain_loss	: 1.3034
Src_cls_loss	: 0.1943
-------------------------------------
[Epoch : 20/40]
Total_loss	: 4.4045
Domain_loss	: 1.3045
Src_cls_loss	: 0.1908
-------------------------------------
[Epoch : 21/40]
Total_loss	: 4.3884
Domain_loss	: 1.3052
Src_cls_loss	: 0.1874
-------------------------------------
[Epoch : 22/40]
Total_loss	: 4.3761
Domain_loss	: 1.3063
Src_cls_loss	: 0.1846
-------------------------------------
[Epoch : 23/40]
Total_loss	: 4.3658
Domain_loss	: 1.3076
Src_cls_loss	: 0.1820
-------------------------------------
[Epoch : 24/40]
Total_loss	: 4.3559
Domain_loss	: 1.3088
Src_cls_loss	: 0.1795
-------------------------------------
[Epoch : 25/40]
Total_loss	: 4.3420
Domain_loss	: 1.3084
Src_cls_loss	: 0.1771
-------------------------------------
[Epoch : 26/40]
Total_loss	: 4.3295
Domain_loss	: 1.3086
Src_cls_loss	: 0.1746
-------------------------------------
[Epoch : 27/40]
Total_loss	: 4.3173
Domain_loss	: 1.3093
Src_cls_loss	: 0.1719
-------------------------------------
[Epoch : 28/40]
Total_loss	: 4.3094
Domain_loss	: 1.3103
Src_cls_loss	: 0.1699
-------------------------------------
[Epoch : 29/40]
Total_loss	: 4.3013
Domain_loss	: 1.3110
Src_cls_loss	: 0.1680
-------------------------------------
[Epoch : 30/40]
Total_loss	: 4.2904
Domain_loss	: 1.3113
Src_cls_loss	: 0.1658
-------------------------------------
[Epoch : 31/40]
Total_loss	: 4.2818
Domain_loss	: 1.3123
Src_cls_loss	: 0.1637
-------------------------------------
[Epoch : 32/40]
Total_loss	: 4.2730
Domain_loss	: 1.3130
Src_cls_loss	: 0.1617
-------------------------------------
[Epoch : 33/40]
Total_loss	: 4.2639
Domain_loss	: 1.3132
Src_cls_loss	: 0.1598
-------------------------------------
[Epoch : 34/40]
Total_loss	: 4.2546
Domain_loss	: 1.3132
Src_cls_loss	: 0.1581
-------------------------------------
[Epoch : 35/40]
Total_loss	: 4.2460
Domain_loss	: 1.3139
Src_cls_loss	: 0.1561
-------------------------------------
[Epoch : 36/40]
Total_loss	: 4.2400
Domain_loss	: 1.3147
Src_cls_loss	: 0.1546
-------------------------------------
[Epoch : 37/40]
Total_loss	: 4.2319
Domain_loss	: 1.3149
Src_cls_loss	: 0.1530
-------------------------------------
[Epoch : 38/40]
Total_loss	: 4.2255
Domain_loss	: 1.3153
Src_cls_loss	: 0.1515
-------------------------------------
[Epoch : 39/40]
Total_loss	: 4.2190
Domain_loss	: 1.3158
Src_cls_loss	: 0.1500
-------------------------------------
[Epoch : 40/40]
Total_loss	: 4.2134
Domain_loss	: 1.3161
Src_cls_loss	: 0.1489
-------------------------------------
