=============================================
Dataset: pamap_mobiact
Method:  SYN
=============================================
Source: syn_wal_10 ---> Target: dp_wal_10
Run ID: 5
=============================================
[Epoch : 1/40]
Src_cls_loss	: 0.6336
-------------------------------------
[Epoch : 2/40]
Src_cls_loss	: 0.4570
-------------------------------------
[Epoch : 3/40]
Src_cls_loss	: 0.3552
-------------------------------------
[Epoch : 4/40]
Src_cls_loss	: 0.2919
-------------------------------------
[Epoch : 5/40]
Src_cls_loss	: 0.2468
-------------------------------------
[Epoch : 6/40]
Src_cls_loss	: 0.2135
-------------------------------------
[Epoch : 7/40]
Src_cls_loss	: 0.1888
-------------------------------------
[Epoch : 8/40]
Src_cls_loss	: 0.1693
-------------------------------------
[Epoch : 9/40]
Src_cls_loss	: 0.1527
-------------------------------------
[Epoch : 10/40]
Src_cls_loss	: 0.1405
-------------------------------------
[Epoch : 11/40]
Src_cls_loss	: 0.1296
-------------------------------------
[Epoch : 12/40]
Src_cls_loss	: 0.1199
-------------------------------------
[Epoch : 13/40]
Src_cls_loss	: 0.1131
-------------------------------------
[Epoch : 14/40]
Src_cls_loss	: 0.1060
-------------------------------------
[Epoch : 15/40]
Src_cls_loss	: 0.0994
-------------------------------------
[Epoch : 16/40]
Src_cls_loss	: 0.0944
-------------------------------------
[Epoch : 17/40]
Src_cls_loss	: 0.0894
-------------------------------------
[Epoch : 18/40]
Src_cls_loss	: 0.0850
-------------------------------------
[Epoch : 19/40]
Src_cls_loss	: 0.0813
-------------------------------------
[Epoch : 20/40]
Src_cls_loss	: 0.0775
-------------------------------------
[Epoch : 21/40]
Src_cls_loss	: 0.0743
-------------------------------------
[Epoch : 22/40]
Src_cls_loss	: 0.0711
-------------------------------------
[Epoch : 23/40]
Src_cls_loss	: 0.0682
-------------------------------------
[Epoch : 24/40]
Src_cls_loss	: 0.0655
-------------------------------------
[Epoch : 25/40]
Src_cls_loss	: 0.0630
-------------------------------------
[Epoch : 26/40]
Src_cls_loss	: 0.0607
-------------------------------------
[Epoch : 27/40]
Src_cls_loss	: 0.0585
-------------------------------------
[Epoch : 28/40]
Src_cls_loss	: 0.0566
-------------------------------------
[Epoch : 29/40]
Src_cls_loss	: 0.0547
-------------------------------------
[Epoch : 30/40]
Src_cls_loss	: 0.0530
-------------------------------------
[Epoch : 31/40]
Src_cls_loss	: 0.0513
-------------------------------------
[Epoch : 32/40]
Src_cls_loss	: 0.0498
-------------------------------------
[Epoch : 33/40]
Src_cls_loss	: 0.0483
-------------------------------------
[Epoch : 34/40]
Src_cls_loss	: 0.0470
-------------------------------------
[Epoch : 35/40]
Src_cls_loss	: 0.0457
-------------------------------------
[Epoch : 36/40]
Src_cls_loss	: 0.0445
-------------------------------------
[Epoch : 37/40]
Src_cls_loss	: 0.0434
-------------------------------------
[Epoch : 38/40]
Src_cls_loss	: 0.0423
-------------------------------------
[Epoch : 39/40]
Src_cls_loss	: 0.0412
-------------------------------------
[Epoch : 40/40]
Src_cls_loss	: 0.0403
-------------------------------------
