=============================================
Dataset: pamap_mobiact
Method:  NO_ADAPT
=============================================
Source: syn_14 ---> Target: dp_14
Run ID: 9
=============================================
[Epoch : 1/40]
Src_cls_loss	: 0.7329
-------------------------------------
[Epoch : 2/40]
Src_cls_loss	: 0.6195
-------------------------------------
[Epoch : 3/40]
Src_cls_loss	: 0.5335
-------------------------------------
[Epoch : 4/40]
Src_cls_loss	: 0.4688
-------------------------------------
[Epoch : 5/40]
Src_cls_loss	: 0.4170
-------------------------------------
[Epoch : 6/40]
Src_cls_loss	: 0.3726
-------------------------------------
[Epoch : 7/40]
Src_cls_loss	: 0.3389
-------------------------------------
[Epoch : 8/40]
Src_cls_loss	: 0.3072
-------------------------------------
[Epoch : 9/40]
Src_cls_loss	: 0.2817
-------------------------------------
[Epoch : 10/40]
Src_cls_loss	: 0.2620
-------------------------------------
[Epoch : 11/40]
Src_cls_loss	: 0.2458
-------------------------------------
[Epoch : 12/40]
Src_cls_loss	: 0.2300
-------------------------------------
[Epoch : 13/40]
Src_cls_loss	: 0.2160
-------------------------------------
[Epoch : 14/40]
Src_cls_loss	: 0.2042
-------------------------------------
[Epoch : 15/40]
Src_cls_loss	: 0.1934
-------------------------------------
[Epoch : 16/40]
Src_cls_loss	: 0.1835
-------------------------------------
[Epoch : 17/40]
Src_cls_loss	: 0.1748
-------------------------------------
[Epoch : 18/40]
Src_cls_loss	: 0.1665
-------------------------------------
[Epoch : 19/40]
Src_cls_loss	: 0.1596
-------------------------------------
[Epoch : 20/40]
Src_cls_loss	: 0.1527
-------------------------------------
[Epoch : 21/40]
Src_cls_loss	: 0.1467
-------------------------------------
[Epoch : 22/40]
Src_cls_loss	: 0.1418
-------------------------------------
[Epoch : 23/40]
Src_cls_loss	: 0.1376
-------------------------------------
[Epoch : 24/40]
Src_cls_loss	: 0.1333
-------------------------------------
[Epoch : 25/40]
Src_cls_loss	: 0.1287
-------------------------------------
[Epoch : 26/40]
Src_cls_loss	: 0.1245
-------------------------------------
[Epoch : 27/40]
Src_cls_loss	: 0.1203
-------------------------------------
[Epoch : 28/40]
Src_cls_loss	: 0.1170
-------------------------------------
[Epoch : 29/40]
Src_cls_loss	: 0.1139
-------------------------------------
[Epoch : 30/40]
Src_cls_loss	: 0.1108
-------------------------------------
[Epoch : 31/40]
Src_cls_loss	: 0.1081
-------------------------------------
[Epoch : 32/40]
Src_cls_loss	: 0.1052
-------------------------------------
[Epoch : 33/40]
Src_cls_loss	: 0.1023
-------------------------------------
[Epoch : 34/40]
Src_cls_loss	: 0.0996
-------------------------------------
[Epoch : 35/40]
Src_cls_loss	: 0.0969
-------------------------------------
[Epoch : 36/40]
Src_cls_loss	: 0.0945
-------------------------------------
[Epoch : 37/40]
Src_cls_loss	: 0.0921
-------------------------------------
[Epoch : 38/40]
Src_cls_loss	: 0.0899
-------------------------------------
[Epoch : 39/40]
Src_cls_loss	: 0.0879
-------------------------------------
[Epoch : 40/40]
Src_cls_loss	: 0.0860
-------------------------------------
