=============================================
Dataset: pamap_realworld
Method:  DANN
=============================================
Source: df ---> Target: dp_15
Run ID: 0
=============================================
[Epoch : 1/40]
Total_loss	: 7.2442
Domain_loss	: 1.3547
Src_cls_loss	: 0.7046
-------------------------------------
[Epoch : 2/40]
Total_loss	: 6.6473
Domain_loss	: 1.3506
Src_cls_loss	: 0.5934
-------------------------------------
[Epoch : 3/40]
Total_loss	: 6.3360
Domain_loss	: 1.3432
Src_cls_loss	: 0.5380
-------------------------------------
[Epoch : 4/40]
Total_loss	: 6.1101
Domain_loss	: 1.3369
Src_cls_loss	: 0.4983
-------------------------------------
[Epoch : 5/40]
Total_loss	: 5.9643
Domain_loss	: 1.3343
Src_cls_loss	: 0.4719
-------------------------------------
[Epoch : 6/40]
Total_loss	: 5.7901
Domain_loss	: 1.3330
Src_cls_loss	: 0.4396
-------------------------------------
[Epoch : 7/40]
Total_loss	: 5.6568
Domain_loss	: 1.3283
Src_cls_loss	: 0.4166
-------------------------------------
[Epoch : 8/40]
Total_loss	: 5.5406
Domain_loss	: 1.3237
Src_cls_loss	: 0.3968
-------------------------------------
[Epoch : 9/40]
Total_loss	: 5.4859
Domain_loss	: 1.3224
Src_cls_loss	: 0.3871
-------------------------------------
[Epoch : 10/40]
Total_loss	: 5.4288
Domain_loss	: 1.3204
Src_cls_loss	: 0.3772
-------------------------------------
[Epoch : 11/40]
Total_loss	: 5.3528
Domain_loss	: 1.3189
Src_cls_loss	: 0.3636
-------------------------------------
[Epoch : 12/40]
Total_loss	: 5.2773
Domain_loss	: 1.3181
Src_cls_loss	: 0.3496
-------------------------------------
[Epoch : 13/40]
Total_loss	: 5.2308
Domain_loss	: 1.3183
Src_cls_loss	: 0.3407
-------------------------------------
[Epoch : 14/40]
Total_loss	: 5.1617
Domain_loss	: 1.3143
Src_cls_loss	: 0.3296
-------------------------------------
[Epoch : 15/40]
Total_loss	: 5.1286
Domain_loss	: 1.3158
Src_cls_loss	: 0.3226
-------------------------------------
[Epoch : 16/40]
Total_loss	: 5.0853
Domain_loss	: 1.3158
Src_cls_loss	: 0.3144
-------------------------------------
[Epoch : 17/40]
Total_loss	: 5.0458
Domain_loss	: 1.3170
Src_cls_loss	: 0.3063
-------------------------------------
[Epoch : 18/40]
Total_loss	: 5.0076
Domain_loss	: 1.3170
Src_cls_loss	: 0.2990
-------------------------------------
[Epoch : 19/40]
Total_loss	: 4.9775
Domain_loss	: 1.3156
Src_cls_loss	: 0.2940
-------------------------------------
[Epoch : 20/40]
Total_loss	: 4.9403
Domain_loss	: 1.3143
Src_cls_loss	: 0.2876
-------------------------------------
[Epoch : 21/40]
Total_loss	: 4.9063
Domain_loss	: 1.3115
Src_cls_loss	: 0.2826
-------------------------------------
[Epoch : 22/40]
Total_loss	: 4.8700
Domain_loss	: 1.3099
Src_cls_loss	: 0.2765
-------------------------------------
[Epoch : 23/40]
Total_loss	: 4.8530
Domain_loss	: 1.3098
Src_cls_loss	: 0.2733
-------------------------------------
[Epoch : 24/40]
Total_loss	: 4.8276
Domain_loss	: 1.3099
Src_cls_loss	: 0.2684
-------------------------------------
[Epoch : 25/40]
Total_loss	: 4.8041
Domain_loss	: 1.3095
Src_cls_loss	: 0.2641
-------------------------------------
[Epoch : 26/40]
Total_loss	: 4.7892
Domain_loss	: 1.3084
Src_cls_loss	: 0.2618
-------------------------------------
[Epoch : 27/40]
Total_loss	: 4.7708
Domain_loss	: 1.3098
Src_cls_loss	: 0.2577
-------------------------------------
[Epoch : 28/40]
Total_loss	: 4.7442
Domain_loss	: 1.3084
Src_cls_loss	: 0.2533
-------------------------------------
[Epoch : 29/40]
Total_loss	: 4.7209
Domain_loss	: 1.3065
Src_cls_loss	: 0.2498
-------------------------------------
[Epoch : 30/40]
Total_loss	: 4.7136
Domain_loss	: 1.3080
Src_cls_loss	: 0.2477
-------------------------------------
[Epoch : 31/40]
Total_loss	: 4.6986
Domain_loss	: 1.3074
Src_cls_loss	: 0.2452
-------------------------------------
[Epoch : 32/40]
Total_loss	: 4.6807
Domain_loss	: 1.3074
Src_cls_loss	: 0.2418
-------------------------------------
[Epoch : 33/40]
Total_loss	: 4.6621
Domain_loss	: 1.3066
Src_cls_loss	: 0.2386
-------------------------------------
[Epoch : 34/40]
Total_loss	: 4.6462
Domain_loss	: 1.3073
Src_cls_loss	: 0.2353
-------------------------------------
[Epoch : 35/40]
Total_loss	: 4.6377
Domain_loss	: 1.3082
Src_cls_loss	: 0.2332
-------------------------------------
[Epoch : 36/40]
Total_loss	: 4.6296
Domain_loss	: 1.3094
Src_cls_loss	: 0.2311
-------------------------------------
[Epoch : 37/40]
Total_loss	: 4.6193
Domain_loss	: 1.3113
Src_cls_loss	: 0.2282
-------------------------------------
[Epoch : 38/40]
Total_loss	: 4.6062
Domain_loss	: 1.3115
Src_cls_loss	: 0.2256
-------------------------------------
[Epoch : 39/40]
Total_loss	: 4.5883
Domain_loss	: 1.3110
Src_cls_loss	: 0.2225
-------------------------------------
[Epoch : 40/40]
Total_loss	: 4.5783
Domain_loss	: 1.3118
Src_cls_loss	: 0.2202
-------------------------------------
