=============================================
Dataset: pamap_mobiact
Method:  SYN
=============================================
Source: syn_wal_48 ---> Target: dp_wal_48
Run ID: 3
=============================================
[Epoch : 1/40]
Src_cls_loss	: 0.5678
-------------------------------------
[Epoch : 2/40]
Src_cls_loss	: 0.4244
-------------------------------------
[Epoch : 3/40]
Src_cls_loss	: 0.3398
-------------------------------------
[Epoch : 4/40]
Src_cls_loss	: 0.2819
-------------------------------------
[Epoch : 5/40]
Src_cls_loss	: 0.2440
-------------------------------------
[Epoch : 6/40]
Src_cls_loss	: 0.2159
-------------------------------------
[Epoch : 7/40]
Src_cls_loss	: 0.1914
-------------------------------------
[Epoch : 8/40]
Src_cls_loss	: 0.1726
-------------------------------------
[Epoch : 9/40]
Src_cls_loss	: 0.1576
-------------------------------------
[Epoch : 10/40]
Src_cls_loss	: 0.1453
-------------------------------------
[Epoch : 11/40]
Src_cls_loss	: 0.1351
-------------------------------------
[Epoch : 12/40]
Src_cls_loss	: 0.1264
-------------------------------------
[Epoch : 13/40]
Src_cls_loss	: 0.1184
-------------------------------------
[Epoch : 14/40]
Src_cls_loss	: 0.1111
-------------------------------------
[Epoch : 15/40]
Src_cls_loss	: 0.1052
-------------------------------------
[Epoch : 16/40]
Src_cls_loss	: 0.0994
-------------------------------------
[Epoch : 17/40]
Src_cls_loss	: 0.0942
-------------------------------------
[Epoch : 18/40]
Src_cls_loss	: 0.0895
-------------------------------------
[Epoch : 19/40]
Src_cls_loss	: 0.0857
-------------------------------------
[Epoch : 20/40]
Src_cls_loss	: 0.0820
-------------------------------------
[Epoch : 21/40]
Src_cls_loss	: 0.0788
-------------------------------------
[Epoch : 22/40]
Src_cls_loss	: 0.0765
-------------------------------------
[Epoch : 23/40]
Src_cls_loss	: 0.0737
-------------------------------------
[Epoch : 24/40]
Src_cls_loss	: 0.0709
-------------------------------------
[Epoch : 25/40]
Src_cls_loss	: 0.0684
-------------------------------------
[Epoch : 26/40]
Src_cls_loss	: 0.0659
-------------------------------------
[Epoch : 27/40]
Src_cls_loss	: 0.0636
-------------------------------------
[Epoch : 28/40]
Src_cls_loss	: 0.0616
-------------------------------------
[Epoch : 29/40]
Src_cls_loss	: 0.0597
-------------------------------------
[Epoch : 30/40]
Src_cls_loss	: 0.0579
-------------------------------------
[Epoch : 31/40]
Src_cls_loss	: 0.0561
-------------------------------------
[Epoch : 32/40]
Src_cls_loss	: 0.0545
-------------------------------------
[Epoch : 33/40]
Src_cls_loss	: 0.0530
-------------------------------------
[Epoch : 34/40]
Src_cls_loss	: 0.0515
-------------------------------------
[Epoch : 35/40]
Src_cls_loss	: 0.0501
-------------------------------------
[Epoch : 36/40]
Src_cls_loss	: 0.0488
-------------------------------------
[Epoch : 37/40]
Src_cls_loss	: 0.0476
-------------------------------------
[Epoch : 38/40]
Src_cls_loss	: 0.0464
-------------------------------------
[Epoch : 39/40]
Src_cls_loss	: 0.0453
-------------------------------------
[Epoch : 40/40]
Src_cls_loss	: 0.0442
-------------------------------------
