=============================================
Dataset: pamap_realworld
Method:  NO_ADAPT
=============================================
Source: syn_19 ---> Target: dp_19
Run ID: 4
=============================================
[Epoch : 1/40]
Src_cls_loss	: 0.4923
-------------------------------------
[Epoch : 2/40]
Src_cls_loss	: 0.3548
-------------------------------------
[Epoch : 3/40]
Src_cls_loss	: 0.2831
-------------------------------------
[Epoch : 4/40]
Src_cls_loss	: 0.2445
-------------------------------------
[Epoch : 5/40]
Src_cls_loss	: 0.2124
-------------------------------------
[Epoch : 6/40]
Src_cls_loss	: 0.1867
-------------------------------------
[Epoch : 7/40]
Src_cls_loss	: 0.1687
-------------------------------------
[Epoch : 8/40]
Src_cls_loss	: 0.1547
-------------------------------------
[Epoch : 9/40]
Src_cls_loss	: 0.1438
-------------------------------------
[Epoch : 10/40]
Src_cls_loss	: 0.1368
-------------------------------------
[Epoch : 11/40]
Src_cls_loss	: 0.1292
-------------------------------------
[Epoch : 12/40]
Src_cls_loss	: 0.1219
-------------------------------------
[Epoch : 13/40]
Src_cls_loss	: 0.1150
-------------------------------------
[Epoch : 14/40]
Src_cls_loss	: 0.1090
-------------------------------------
[Epoch : 15/40]
Src_cls_loss	: 0.1033
-------------------------------------
[Epoch : 16/40]
Src_cls_loss	: 0.0987
-------------------------------------
[Epoch : 17/40]
Src_cls_loss	: 0.0952
-------------------------------------
[Epoch : 18/40]
Src_cls_loss	: 0.0913
-------------------------------------
[Epoch : 19/40]
Src_cls_loss	: 0.0877
-------------------------------------
[Epoch : 20/40]
Src_cls_loss	: 0.0845
-------------------------------------
[Epoch : 21/40]
Src_cls_loss	: 0.0817
-------------------------------------
[Epoch : 22/40]
Src_cls_loss	: 0.0791
-------------------------------------
[Epoch : 23/40]
Src_cls_loss	: 0.0769
-------------------------------------
[Epoch : 24/40]
Src_cls_loss	: 0.0748
-------------------------------------
[Epoch : 25/40]
Src_cls_loss	: 0.0735
-------------------------------------
[Epoch : 26/40]
Src_cls_loss	: 0.0715
-------------------------------------
[Epoch : 27/40]
Src_cls_loss	: 0.0698
-------------------------------------
[Epoch : 28/40]
Src_cls_loss	: 0.0680
-------------------------------------
[Epoch : 29/40]
Src_cls_loss	: 0.0666
-------------------------------------
[Epoch : 30/40]
Src_cls_loss	: 0.0651
-------------------------------------
[Epoch : 31/40]
Src_cls_loss	: 0.0637
-------------------------------------
[Epoch : 32/40]
Src_cls_loss	: 0.0625
-------------------------------------
[Epoch : 33/40]
Src_cls_loss	: 0.0611
-------------------------------------
[Epoch : 34/40]
Src_cls_loss	: 0.0602
-------------------------------------
[Epoch : 35/40]
Src_cls_loss	: 0.0590
-------------------------------------
[Epoch : 36/40]
Src_cls_loss	: 0.0578
-------------------------------------
[Epoch : 37/40]
Src_cls_loss	: 0.0568
-------------------------------------
[Epoch : 38/40]
Src_cls_loss	: 0.0558
-------------------------------------
[Epoch : 39/40]
Src_cls_loss	: 0.0549
-------------------------------------
[Epoch : 40/40]
Src_cls_loss	: 0.0539
-------------------------------------
