=============================================
Dataset: pamap_mobiact
Method:  NO_ADAPT
=============================================
Source: syn_8 ---> Target: dp_8
Run ID: 8
=============================================
[Epoch : 1/40]
Src_cls_loss	: 0.5993
-------------------------------------
[Epoch : 2/40]
Src_cls_loss	: 0.4482
-------------------------------------
[Epoch : 3/40]
Src_cls_loss	: 0.3577
-------------------------------------
[Epoch : 4/40]
Src_cls_loss	: 0.3027
-------------------------------------
[Epoch : 5/40]
Src_cls_loss	: 0.2601
-------------------------------------
[Epoch : 6/40]
Src_cls_loss	: 0.2274
-------------------------------------
[Epoch : 7/40]
Src_cls_loss	: 0.2026
-------------------------------------
[Epoch : 8/40]
Src_cls_loss	: 0.1850
-------------------------------------
[Epoch : 9/40]
Src_cls_loss	: 0.1694
-------------------------------------
[Epoch : 10/40]
Src_cls_loss	: 0.1562
-------------------------------------
[Epoch : 11/40]
Src_cls_loss	: 0.1451
-------------------------------------
[Epoch : 12/40]
Src_cls_loss	: 0.1352
-------------------------------------
[Epoch : 13/40]
Src_cls_loss	: 0.1270
-------------------------------------
[Epoch : 14/40]
Src_cls_loss	: 0.1198
-------------------------------------
[Epoch : 15/40]
Src_cls_loss	: 0.1131
-------------------------------------
[Epoch : 16/40]
Src_cls_loss	: 0.1070
-------------------------------------
[Epoch : 17/40]
Src_cls_loss	: 0.1017
-------------------------------------
[Epoch : 18/40]
Src_cls_loss	: 0.0978
-------------------------------------
[Epoch : 19/40]
Src_cls_loss	: 0.0935
-------------------------------------
[Epoch : 20/40]
Src_cls_loss	: 0.0898
-------------------------------------
[Epoch : 21/40]
Src_cls_loss	: 0.0860
-------------------------------------
[Epoch : 22/40]
Src_cls_loss	: 0.0829
-------------------------------------
[Epoch : 23/40]
Src_cls_loss	: 0.0800
-------------------------------------
[Epoch : 24/40]
Src_cls_loss	: 0.0771
-------------------------------------
[Epoch : 25/40]
Src_cls_loss	: 0.0747
-------------------------------------
[Epoch : 26/40]
Src_cls_loss	: 0.0722
-------------------------------------
[Epoch : 27/40]
Src_cls_loss	: 0.0697
-------------------------------------
[Epoch : 28/40]
Src_cls_loss	: 0.0675
-------------------------------------
[Epoch : 29/40]
Src_cls_loss	: 0.0653
-------------------------------------
[Epoch : 30/40]
Src_cls_loss	: 0.0634
-------------------------------------
[Epoch : 31/40]
Src_cls_loss	: 0.0615
-------------------------------------
[Epoch : 32/40]
Src_cls_loss	: 0.0597
-------------------------------------
[Epoch : 33/40]
Src_cls_loss	: 0.0580
-------------------------------------
[Epoch : 34/40]
Src_cls_loss	: 0.0565
-------------------------------------
[Epoch : 35/40]
Src_cls_loss	: 0.0551
-------------------------------------
[Epoch : 36/40]
Src_cls_loss	: 0.0536
-------------------------------------
[Epoch : 37/40]
Src_cls_loss	: 0.0523
-------------------------------------
[Epoch : 38/40]
Src_cls_loss	: 0.0510
-------------------------------------
[Epoch : 39/40]
Src_cls_loss	: 0.0498
-------------------------------------
[Epoch : 40/40]
Src_cls_loss	: 0.0488
-------------------------------------
