=============================================
Dataset: realworld_mobiact
Method:  NO_ADAPT
=============================================
Source: syn_61 ---> Target: real_61
Run ID: 0
=============================================
[Epoch : 1/100]
Src_cls_loss	: 1.4477
-------------------------------------
[Epoch : 2/100]
Src_cls_loss	: 1.3259
-------------------------------------
[Epoch : 3/100]
Src_cls_loss	: 1.2296
-------------------------------------
[Epoch : 4/100]
Src_cls_loss	: 1.1448
-------------------------------------
[Epoch : 5/100]
Src_cls_loss	: 1.0798
-------------------------------------
[Epoch : 6/100]
Src_cls_loss	: 1.0259
-------------------------------------
[Epoch : 7/100]
Src_cls_loss	: 0.9815
-------------------------------------
[Epoch : 8/100]
Src_cls_loss	: 0.9391
-------------------------------------
[Epoch : 9/100]
Src_cls_loss	: 0.9008
-------------------------------------
[Epoch : 10/100]
Src_cls_loss	: 0.8646
-------------------------------------
[Epoch : 11/100]
Src_cls_loss	: 0.8329
-------------------------------------
[Epoch : 12/100]
Src_cls_loss	: 0.8026
-------------------------------------
[Epoch : 13/100]
Src_cls_loss	: 0.7746
-------------------------------------
[Epoch : 14/100]
Src_cls_loss	: 0.7472
-------------------------------------
[Epoch : 15/100]
Src_cls_loss	: 0.7209
-------------------------------------
[Epoch : 16/100]
Src_cls_loss	: 0.6962
-------------------------------------
[Epoch : 17/100]
Src_cls_loss	: 0.6734
-------------------------------------
[Epoch : 18/100]
Src_cls_loss	: 0.6513
-------------------------------------
[Epoch : 19/100]
Src_cls_loss	: 0.6299
-------------------------------------
[Epoch : 20/100]
Src_cls_loss	: 0.6097
-------------------------------------
[Epoch : 21/100]
Src_cls_loss	: 0.5903
-------------------------------------
[Epoch : 22/100]
Src_cls_loss	: 0.5712
-------------------------------------
[Epoch : 23/100]
Src_cls_loss	: 0.5534
-------------------------------------
[Epoch : 24/100]
Src_cls_loss	: 0.5362
-------------------------------------
[Epoch : 25/100]
Src_cls_loss	: 0.5199
-------------------------------------
[Epoch : 26/100]
Src_cls_loss	: 0.5046
-------------------------------------
[Epoch : 27/100]
Src_cls_loss	: 0.4899
-------------------------------------
[Epoch : 28/100]
Src_cls_loss	: 0.4757
-------------------------------------
[Epoch : 29/100]
Src_cls_loss	: 0.4623
-------------------------------------
[Epoch : 30/100]
Src_cls_loss	: 0.4496
-------------------------------------
[Epoch : 31/100]
Src_cls_loss	: 0.4377
-------------------------------------
[Epoch : 32/100]
Src_cls_loss	: 0.4263
-------------------------------------
[Epoch : 33/100]
Src_cls_loss	: 0.4152
-------------------------------------
[Epoch : 34/100]
Src_cls_loss	: 0.4048
-------------------------------------
[Epoch : 35/100]
Src_cls_loss	: 0.3948
-------------------------------------
[Epoch : 36/100]
Src_cls_loss	: 0.3851
-------------------------------------
[Epoch : 37/100]
Src_cls_loss	: 0.3759
-------------------------------------
[Epoch : 38/100]
Src_cls_loss	: 0.3671
-------------------------------------
[Epoch : 39/100]
Src_cls_loss	: 0.3588
-------------------------------------
[Epoch : 40/100]
Src_cls_loss	: 0.3508
-------------------------------------
[Epoch : 41/100]
Src_cls_loss	: 0.3432
-------------------------------------
[Epoch : 42/100]
Src_cls_loss	: 0.3358
-------------------------------------
[Epoch : 43/100]
Src_cls_loss	: 0.3287
-------------------------------------
[Epoch : 44/100]
Src_cls_loss	: 0.3219
-------------------------------------
[Epoch : 45/100]
Src_cls_loss	: 0.3154
-------------------------------------
[Epoch : 46/100]
Src_cls_loss	: 0.3091
-------------------------------------
[Epoch : 47/100]
Src_cls_loss	: 0.3031
-------------------------------------
[Epoch : 48/100]
Src_cls_loss	: 0.2972
-------------------------------------
[Epoch : 49/100]
Src_cls_loss	: 0.2916
-------------------------------------
[Epoch : 50/100]
Src_cls_loss	: 0.2862
-------------------------------------
[Epoch : 51/100]
Src_cls_loss	: 0.2810
-------------------------------------
[Epoch : 52/100]
Src_cls_loss	: 0.2760
-------------------------------------
[Epoch : 53/100]
Src_cls_loss	: 0.2711
-------------------------------------
[Epoch : 54/100]
Src_cls_loss	: 0.2664
-------------------------------------
[Epoch : 55/100]
Src_cls_loss	: 0.2619
-------------------------------------
[Epoch : 56/100]
Src_cls_loss	: 0.2575
-------------------------------------
[Epoch : 57/100]
Src_cls_loss	: 0.2532
-------------------------------------
[Epoch : 58/100]
Src_cls_loss	: 0.2491
-------------------------------------
[Epoch : 59/100]
Src_cls_loss	: 0.2452
-------------------------------------
[Epoch : 60/100]
Src_cls_loss	: 0.2414
-------------------------------------
[Epoch : 61/100]
Src_cls_loss	: 0.2376
-------------------------------------
[Epoch : 62/100]
Src_cls_loss	: 0.2340
-------------------------------------
[Epoch : 63/100]
Src_cls_loss	: 0.2305
-------------------------------------
[Epoch : 64/100]
Src_cls_loss	: 0.2271
-------------------------------------
[Epoch : 65/100]
Src_cls_loss	: 0.2238
-------------------------------------
[Epoch : 66/100]
Src_cls_loss	: 0.2206
-------------------------------------
[Epoch : 67/100]
Src_cls_loss	: 0.2175
-------------------------------------
[Epoch : 68/100]
Src_cls_loss	: 0.2144
-------------------------------------
[Epoch : 69/100]
Src_cls_loss	: 0.2115
-------------------------------------
[Epoch : 70/100]
Src_cls_loss	: 0.2086
-------------------------------------
[Epoch : 71/100]
Src_cls_loss	: 0.2058
-------------------------------------
[Epoch : 72/100]
Src_cls_loss	: 0.2031
-------------------------------------
[Epoch : 73/100]
Src_cls_loss	: 0.2004
-------------------------------------
[Epoch : 74/100]
Src_cls_loss	: 0.1979
-------------------------------------
[Epoch : 75/100]
Src_cls_loss	: 0.1953
-------------------------------------
[Epoch : 76/100]
Src_cls_loss	: 0.1929
-------------------------------------
[Epoch : 77/100]
Src_cls_loss	: 0.1905
-------------------------------------
[Epoch : 78/100]
Src_cls_loss	: 0.1881
-------------------------------------
[Epoch : 79/100]
Src_cls_loss	: 0.1859
-------------------------------------
[Epoch : 80/100]
Src_cls_loss	: 0.1836
-------------------------------------
[Epoch : 81/100]
Src_cls_loss	: 0.1815
-------------------------------------
[Epoch : 82/100]
Src_cls_loss	: 0.1794
-------------------------------------
[Epoch : 83/100]
Src_cls_loss	: 0.1773
-------------------------------------
[Epoch : 84/100]
Src_cls_loss	: 0.1753
-------------------------------------
[Epoch : 85/100]
Src_cls_loss	: 0.1733
-------------------------------------
[Epoch : 86/100]
Src_cls_loss	: 0.1714
-------------------------------------
[Epoch : 87/100]
Src_cls_loss	: 0.1695
-------------------------------------
[Epoch : 88/100]
Src_cls_loss	: 0.1676
-------------------------------------
[Epoch : 89/100]
Src_cls_loss	: 0.1658
-------------------------------------
[Epoch : 90/100]
Src_cls_loss	: 0.1640
-------------------------------------
[Epoch : 91/100]
Src_cls_loss	: 0.1623
-------------------------------------
[Epoch : 92/100]
Src_cls_loss	: 0.1606
-------------------------------------
[Epoch : 93/100]
Src_cls_loss	: 0.1589
-------------------------------------
[Epoch : 94/100]
Src_cls_loss	: 0.1573
-------------------------------------
[Epoch : 95/100]
Src_cls_loss	: 0.1557
-------------------------------------
[Epoch : 96/100]
Src_cls_loss	: 0.1541
-------------------------------------
[Epoch : 97/100]
Src_cls_loss	: 0.1526
-------------------------------------
[Epoch : 98/100]
Src_cls_loss	: 0.1511
-------------------------------------
[Epoch : 99/100]
Src_cls_loss	: 0.1496
-------------------------------------
[Epoch : 100/100]
Src_cls_loss	: 0.1482
-------------------------------------
