=============================================
Dataset: pamap_mobiact
Method:  SYN
=============================================
Source: syn_wal_33 ---> Target: dp_wal_33
Run ID: 9
=============================================
[Epoch : 1/40]
Src_cls_loss	: 0.6659
-------------------------------------
[Epoch : 2/40]
Src_cls_loss	: 0.5335
-------------------------------------
[Epoch : 3/40]
Src_cls_loss	: 0.4411
-------------------------------------
[Epoch : 4/40]
Src_cls_loss	: 0.3698
-------------------------------------
[Epoch : 5/40]
Src_cls_loss	: 0.3189
-------------------------------------
[Epoch : 6/40]
Src_cls_loss	: 0.2794
-------------------------------------
[Epoch : 7/40]
Src_cls_loss	: 0.2484
-------------------------------------
[Epoch : 8/40]
Src_cls_loss	: 0.2235
-------------------------------------
[Epoch : 9/40]
Src_cls_loss	: 0.2036
-------------------------------------
[Epoch : 10/40]
Src_cls_loss	: 0.1868
-------------------------------------
[Epoch : 11/40]
Src_cls_loss	: 0.1725
-------------------------------------
[Epoch : 12/40]
Src_cls_loss	: 0.1604
-------------------------------------
[Epoch : 13/40]
Src_cls_loss	: 0.1511
-------------------------------------
[Epoch : 14/40]
Src_cls_loss	: 0.1420
-------------------------------------
[Epoch : 15/40]
Src_cls_loss	: 0.1338
-------------------------------------
[Epoch : 16/40]
Src_cls_loss	: 0.1270
-------------------------------------
[Epoch : 17/40]
Src_cls_loss	: 0.1209
-------------------------------------
[Epoch : 18/40]
Src_cls_loss	: 0.1157
-------------------------------------
[Epoch : 19/40]
Src_cls_loss	: 0.1108
-------------------------------------
[Epoch : 20/40]
Src_cls_loss	: 0.1060
-------------------------------------
[Epoch : 21/40]
Src_cls_loss	: 0.1015
-------------------------------------
[Epoch : 22/40]
Src_cls_loss	: 0.0975
-------------------------------------
[Epoch : 23/40]
Src_cls_loss	: 0.0939
-------------------------------------
[Epoch : 24/40]
Src_cls_loss	: 0.0906
-------------------------------------
[Epoch : 25/40]
Src_cls_loss	: 0.0878
-------------------------------------
[Epoch : 26/40]
Src_cls_loss	: 0.0848
-------------------------------------
[Epoch : 27/40]
Src_cls_loss	: 0.0825
-------------------------------------
[Epoch : 28/40]
Src_cls_loss	: 0.0799
-------------------------------------
[Epoch : 29/40]
Src_cls_loss	: 0.0773
-------------------------------------
[Epoch : 30/40]
Src_cls_loss	: 0.0749
-------------------------------------
[Epoch : 31/40]
Src_cls_loss	: 0.0728
-------------------------------------
[Epoch : 32/40]
Src_cls_loss	: 0.0707
-------------------------------------
[Epoch : 33/40]
Src_cls_loss	: 0.0688
-------------------------------------
[Epoch : 34/40]
Src_cls_loss	: 0.0671
-------------------------------------
[Epoch : 35/40]
Src_cls_loss	: 0.0653
-------------------------------------
[Epoch : 36/40]
Src_cls_loss	: 0.0637
-------------------------------------
[Epoch : 37/40]
Src_cls_loss	: 0.0622
-------------------------------------
[Epoch : 38/40]
Src_cls_loss	: 0.0610
-------------------------------------
[Epoch : 39/40]
Src_cls_loss	: 0.0597
-------------------------------------
[Epoch : 40/40]
Src_cls_loss	: 0.0583
-------------------------------------
