=============================================
Dataset: pamap_realworld
Method:  NO_ADAPT
=============================================
Source: syn_13 ---> Target: dp_13
Run ID: 0
=============================================
[Epoch : 1/40]
Src_cls_loss	: 0.4057
-------------------------------------
[Epoch : 2/40]
Src_cls_loss	: 0.2633
-------------------------------------
[Epoch : 3/40]
Src_cls_loss	: 0.1999
-------------------------------------
[Epoch : 4/40]
Src_cls_loss	: 0.1634
-------------------------------------
[Epoch : 5/40]
Src_cls_loss	: 0.1398
-------------------------------------
[Epoch : 6/40]
Src_cls_loss	: 0.1215
-------------------------------------
[Epoch : 7/40]
Src_cls_loss	: 0.1092
-------------------------------------
[Epoch : 8/40]
Src_cls_loss	: 0.0995
-------------------------------------
[Epoch : 9/40]
Src_cls_loss	: 0.0918
-------------------------------------
[Epoch : 10/40]
Src_cls_loss	: 0.0855
-------------------------------------
[Epoch : 11/40]
Src_cls_loss	: 0.0798
-------------------------------------
[Epoch : 12/40]
Src_cls_loss	: 0.0744
-------------------------------------
[Epoch : 13/40]
Src_cls_loss	: 0.0702
-------------------------------------
[Epoch : 14/40]
Src_cls_loss	: 0.0664
-------------------------------------
[Epoch : 15/40]
Src_cls_loss	: 0.0627
-------------------------------------
[Epoch : 16/40]
Src_cls_loss	: 0.0601
-------------------------------------
[Epoch : 17/40]
Src_cls_loss	: 0.0579
-------------------------------------
[Epoch : 18/40]
Src_cls_loss	: 0.0553
-------------------------------------
[Epoch : 19/40]
Src_cls_loss	: 0.0529
-------------------------------------
[Epoch : 20/40]
Src_cls_loss	: 0.0511
-------------------------------------
[Epoch : 21/40]
Src_cls_loss	: 0.0491
-------------------------------------
[Epoch : 22/40]
Src_cls_loss	: 0.0474
-------------------------------------
[Epoch : 23/40]
Src_cls_loss	: 0.0460
-------------------------------------
[Epoch : 24/40]
Src_cls_loss	: 0.0444
-------------------------------------
[Epoch : 25/40]
Src_cls_loss	: 0.0430
-------------------------------------
[Epoch : 26/40]
Src_cls_loss	: 0.0416
-------------------------------------
[Epoch : 27/40]
Src_cls_loss	: 0.0402
-------------------------------------
[Epoch : 28/40]
Src_cls_loss	: 0.0390
-------------------------------------
[Epoch : 29/40]
Src_cls_loss	: 0.0381
-------------------------------------
[Epoch : 30/40]
Src_cls_loss	: 0.0374
-------------------------------------
[Epoch : 31/40]
Src_cls_loss	: 0.0364
-------------------------------------
[Epoch : 32/40]
Src_cls_loss	: 0.0357
-------------------------------------
[Epoch : 33/40]
Src_cls_loss	: 0.0349
-------------------------------------
[Epoch : 34/40]
Src_cls_loss	: 0.0341
-------------------------------------
[Epoch : 35/40]
Src_cls_loss	: 0.0334
-------------------------------------
[Epoch : 36/40]
Src_cls_loss	: 0.0329
-------------------------------------
[Epoch : 37/40]
Src_cls_loss	: 0.0322
-------------------------------------
[Epoch : 38/40]
Src_cls_loss	: 0.0317
-------------------------------------
[Epoch : 39/40]
Src_cls_loss	: 0.0312
-------------------------------------
[Epoch : 40/40]
Src_cls_loss	: 0.0306
-------------------------------------
