=============================================
Dataset: pamap_mobiact
Method:  Deep_Coral
=============================================
Source: df ---> Target: dp_56
Run ID: 0
=============================================
[Epoch : 1/40]
Total_loss	: 4.4237
Src_cls_loss	: 0.6634
coral_loss	: 0.0006
-------------------------------------
[Epoch : 2/40]
Total_loss	: 3.8505
Src_cls_loss	: 0.5775
coral_loss	: 0.0004
-------------------------------------
[Epoch : 3/40]
Total_loss	: 3.4142
Src_cls_loss	: 0.5120
coral_loss	: 0.0004
-------------------------------------
[Epoch : 4/40]
Total_loss	: 3.1629
Src_cls_loss	: 0.4744
coral_loss	: 0.0003
-------------------------------------
[Epoch : 5/40]
Total_loss	: 2.8945
Src_cls_loss	: 0.4341
coral_loss	: 0.0003
-------------------------------------
[Epoch : 6/40]
Total_loss	: 2.7312
Src_cls_loss	: 0.4096
coral_loss	: 0.0003
-------------------------------------
[Epoch : 7/40]
Total_loss	: 2.5757
Src_cls_loss	: 0.3863
coral_loss	: 0.0003
-------------------------------------
[Epoch : 8/40]
Total_loss	: 2.4164
Src_cls_loss	: 0.3624
coral_loss	: 0.0003
-------------------------------------
[Epoch : 9/40]
Total_loss	: 2.2911
Src_cls_loss	: 0.3436
coral_loss	: 0.0003
-------------------------------------
[Epoch : 10/40]
Total_loss	: 2.1915
Src_cls_loss	: 0.3286
coral_loss	: 0.0003
-------------------------------------
[Epoch : 11/40]
Total_loss	: 2.1038
Src_cls_loss	: 0.3155
coral_loss	: 0.0003
-------------------------------------
[Epoch : 12/40]
Total_loss	: 2.0193
Src_cls_loss	: 0.3028
coral_loss	: 0.0003
-------------------------------------
[Epoch : 13/40]
Total_loss	: 1.9439
Src_cls_loss	: 0.2915
coral_loss	: 0.0003
-------------------------------------
[Epoch : 14/40]
Total_loss	: 1.8707
Src_cls_loss	: 0.2805
coral_loss	: 0.0003
-------------------------------------
[Epoch : 15/40]
Total_loss	: 1.8114
Src_cls_loss	: 0.2716
coral_loss	: 0.0003
-------------------------------------
[Epoch : 16/40]
Total_loss	: 1.7534
Src_cls_loss	: 0.2629
coral_loss	: 0.0003
-------------------------------------
[Epoch : 17/40]
Total_loss	: 1.7040
Src_cls_loss	: 0.2555
coral_loss	: 0.0003
-------------------------------------
[Epoch : 18/40]
Total_loss	: 1.6600
Src_cls_loss	: 0.2489
coral_loss	: 0.0003
-------------------------------------
[Epoch : 19/40]
Total_loss	: 1.6145
Src_cls_loss	: 0.2421
coral_loss	: 0.0003
-------------------------------------
[Epoch : 20/40]
Total_loss	: 1.5719
Src_cls_loss	: 0.2357
coral_loss	: 0.0003
-------------------------------------
[Epoch : 21/40]
Total_loss	: 1.5315
Src_cls_loss	: 0.2296
coral_loss	: 0.0003
-------------------------------------
[Epoch : 22/40]
Total_loss	: 1.4944
Src_cls_loss	: 0.2240
coral_loss	: 0.0003
-------------------------------------
[Epoch : 23/40]
Total_loss	: 1.4597
Src_cls_loss	: 0.2188
coral_loss	: 0.0003
-------------------------------------
[Epoch : 24/40]
Total_loss	: 1.4333
Src_cls_loss	: 0.2149
coral_loss	: 0.0003
-------------------------------------
[Epoch : 25/40]
Total_loss	: 1.4052
Src_cls_loss	: 0.2106
coral_loss	: 0.0003
-------------------------------------
[Epoch : 26/40]
Total_loss	: 1.3758
Src_cls_loss	: 0.2062
coral_loss	: 0.0003
-------------------------------------
[Epoch : 27/40]
Total_loss	: 1.3520
Src_cls_loss	: 0.2027
coral_loss	: 0.0003
-------------------------------------
[Epoch : 28/40]
Total_loss	: 1.3316
Src_cls_loss	: 0.1996
coral_loss	: 0.0003
-------------------------------------
[Epoch : 29/40]
Total_loss	: 1.3073
Src_cls_loss	: 0.1960
coral_loss	: 0.0002
-------------------------------------
[Epoch : 30/40]
Total_loss	: 1.2914
Src_cls_loss	: 0.1936
coral_loss	: 0.0002
-------------------------------------
[Epoch : 31/40]
Total_loss	: 1.2786
Src_cls_loss	: 0.1917
coral_loss	: 0.0002
-------------------------------------
[Epoch : 32/40]
Total_loss	: 1.2586
Src_cls_loss	: 0.1887
coral_loss	: 0.0002
-------------------------------------
[Epoch : 33/40]
Total_loss	: 1.2387
Src_cls_loss	: 0.1857
coral_loss	: 0.0002
-------------------------------------
[Epoch : 34/40]
Total_loss	: 1.2185
Src_cls_loss	: 0.1826
coral_loss	: 0.0002
-------------------------------------
[Epoch : 35/40]
Total_loss	: 1.2036
Src_cls_loss	: 0.1804
coral_loss	: 0.0002
-------------------------------------
[Epoch : 36/40]
Total_loss	: 1.1862
Src_cls_loss	: 0.1778
coral_loss	: 0.0002
-------------------------------------
[Epoch : 37/40]
Total_loss	: 1.1688
Src_cls_loss	: 0.1752
coral_loss	: 0.0002
-------------------------------------
[Epoch : 38/40]
Total_loss	: 1.1526
Src_cls_loss	: 0.1727
coral_loss	: 0.0002
-------------------------------------
[Epoch : 39/40]
Total_loss	: 1.1378
Src_cls_loss	: 0.1705
coral_loss	: 0.0002
-------------------------------------
[Epoch : 40/40]
Total_loss	: 1.1239
Src_cls_loss	: 0.1684
coral_loss	: 0.0002
-------------------------------------
