=============================================
Dataset: realworld_mobiact
Method:  Deep_Coral
=============================================
Source: df ---> Target: dp_wal_53
Run ID: 0
=============================================
[Epoch : 1/40]
Total_loss	: 3.3769
Src_cls_loss	: 0.5060
coral_loss	: 0.0009
-------------------------------------
[Epoch : 2/40]
Total_loss	: 2.9274
Src_cls_loss	: 0.4386
coral_loss	: 0.0008
-------------------------------------
[Epoch : 3/40]
Total_loss	: 2.6583
Src_cls_loss	: 0.3982
coral_loss	: 0.0007
-------------------------------------
[Epoch : 4/40]
Total_loss	: 2.4876
Src_cls_loss	: 0.3727
coral_loss	: 0.0007
-------------------------------------
[Epoch : 5/40]
Total_loss	: 2.3553
Src_cls_loss	: 0.3529
coral_loss	: 0.0006
-------------------------------------
[Epoch : 6/40]
Total_loss	: 2.2512
Src_cls_loss	: 0.3373
coral_loss	: 0.0006
-------------------------------------
[Epoch : 7/40]
Total_loss	: 2.1585
Src_cls_loss	: 0.3234
coral_loss	: 0.0006
-------------------------------------
[Epoch : 8/40]
Total_loss	: 2.0797
Src_cls_loss	: 0.3116
coral_loss	: 0.0006
-------------------------------------
[Epoch : 9/40]
Total_loss	: 2.0066
Src_cls_loss	: 0.3006
coral_loss	: 0.0005
-------------------------------------
[Epoch : 10/40]
Total_loss	: 1.9426
Src_cls_loss	: 0.2910
coral_loss	: 0.0005
-------------------------------------
[Epoch : 11/40]
Total_loss	: 1.8824
Src_cls_loss	: 0.2820
coral_loss	: 0.0005
-------------------------------------
[Epoch : 12/40]
Total_loss	: 1.8325
Src_cls_loss	: 0.2745
coral_loss	: 0.0005
-------------------------------------
[Epoch : 13/40]
Total_loss	: 1.7920
Src_cls_loss	: 0.2685
coral_loss	: 0.0005
-------------------------------------
[Epoch : 14/40]
Total_loss	: 1.7526
Src_cls_loss	: 0.2626
coral_loss	: 0.0005
-------------------------------------
[Epoch : 15/40]
Total_loss	: 1.7141
Src_cls_loss	: 0.2568
coral_loss	: 0.0005
-------------------------------------
[Epoch : 16/40]
Total_loss	: 1.6804
Src_cls_loss	: 0.2518
coral_loss	: 0.0005
-------------------------------------
[Epoch : 17/40]
Total_loss	: 1.6516
Src_cls_loss	: 0.2474
coral_loss	: 0.0004
-------------------------------------
[Epoch : 18/40]
Total_loss	: 1.6247
Src_cls_loss	: 0.2434
coral_loss	: 0.0004
-------------------------------------
[Epoch : 19/40]
Total_loss	: 1.5963
Src_cls_loss	: 0.2392
coral_loss	: 0.0004
-------------------------------------
[Epoch : 20/40]
Total_loss	: 1.5730
Src_cls_loss	: 0.2357
coral_loss	: 0.0004
-------------------------------------
[Epoch : 21/40]
Total_loss	: 1.5506
Src_cls_loss	: 0.2323
coral_loss	: 0.0004
-------------------------------------
[Epoch : 22/40]
Total_loss	: 1.5290
Src_cls_loss	: 0.2291
coral_loss	: 0.0004
-------------------------------------
[Epoch : 23/40]
Total_loss	: 1.5078
Src_cls_loss	: 0.2259
coral_loss	: 0.0004
-------------------------------------
[Epoch : 24/40]
Total_loss	: 1.4876
Src_cls_loss	: 0.2229
coral_loss	: 0.0004
-------------------------------------
[Epoch : 25/40]
Total_loss	: 1.4669
Src_cls_loss	: 0.2198
coral_loss	: 0.0004
-------------------------------------
[Epoch : 26/40]
Total_loss	: 1.4473
Src_cls_loss	: 0.2168
coral_loss	: 0.0004
-------------------------------------
[Epoch : 27/40]
Total_loss	: 1.4302
Src_cls_loss	: 0.2142
coral_loss	: 0.0004
-------------------------------------
[Epoch : 28/40]
Total_loss	: 1.4117
Src_cls_loss	: 0.2115
coral_loss	: 0.0004
-------------------------------------
[Epoch : 29/40]
Total_loss	: 1.3949
Src_cls_loss	: 0.2090
coral_loss	: 0.0004
-------------------------------------
[Epoch : 30/40]
Total_loss	: 1.3795
Src_cls_loss	: 0.2066
coral_loss	: 0.0004
-------------------------------------
[Epoch : 31/40]
Total_loss	: 1.3649
Src_cls_loss	: 0.2044
coral_loss	: 0.0004
-------------------------------------
[Epoch : 32/40]
Total_loss	: 1.3511
Src_cls_loss	: 0.2024
coral_loss	: 0.0004
-------------------------------------
[Epoch : 33/40]
Total_loss	: 1.3354
Src_cls_loss	: 0.2000
coral_loss	: 0.0004
-------------------------------------
[Epoch : 34/40]
Total_loss	: 1.3217
Src_cls_loss	: 0.1980
coral_loss	: 0.0004
-------------------------------------
[Epoch : 35/40]
Total_loss	: 1.3083
Src_cls_loss	: 0.1960
coral_loss	: 0.0004
-------------------------------------
[Epoch : 36/40]
Total_loss	: 1.2962
Src_cls_loss	: 0.1942
coral_loss	: 0.0004
-------------------------------------
[Epoch : 37/40]
Total_loss	: 1.2837
Src_cls_loss	: 0.1923
coral_loss	: 0.0004
-------------------------------------
[Epoch : 38/40]
Total_loss	: 1.2722
Src_cls_loss	: 0.1905
coral_loss	: 0.0004
-------------------------------------
[Epoch : 39/40]
Total_loss	: 1.2612
Src_cls_loss	: 0.1889
coral_loss	: 0.0004
-------------------------------------
[Epoch : 40/40]
Total_loss	: 1.2508
Src_cls_loss	: 0.1873
coral_loss	: 0.0004
-------------------------------------
