=============================================
Dataset: pamap_mobiact
Method:  SYN
=============================================
Source: syn_wal_13 ---> Target: dp_wal_13
Run ID: 2
=============================================
[Epoch : 1/40]
Src_cls_loss	: 0.6525
-------------------------------------
[Epoch : 2/40]
Src_cls_loss	: 0.4804
-------------------------------------
[Epoch : 3/40]
Src_cls_loss	: 0.3855
-------------------------------------
[Epoch : 4/40]
Src_cls_loss	: 0.3279
-------------------------------------
[Epoch : 5/40]
Src_cls_loss	: 0.2846
-------------------------------------
[Epoch : 6/40]
Src_cls_loss	: 0.2493
-------------------------------------
[Epoch : 7/40]
Src_cls_loss	: 0.2256
-------------------------------------
[Epoch : 8/40]
Src_cls_loss	: 0.2047
-------------------------------------
[Epoch : 9/40]
Src_cls_loss	: 0.1871
-------------------------------------
[Epoch : 10/40]
Src_cls_loss	: 0.1723
-------------------------------------
[Epoch : 11/40]
Src_cls_loss	: 0.1600
-------------------------------------
[Epoch : 12/40]
Src_cls_loss	: 0.1494
-------------------------------------
[Epoch : 13/40]
Src_cls_loss	: 0.1413
-------------------------------------
[Epoch : 14/40]
Src_cls_loss	: 0.1330
-------------------------------------
[Epoch : 15/40]
Src_cls_loss	: 0.1256
-------------------------------------
[Epoch : 16/40]
Src_cls_loss	: 0.1194
-------------------------------------
[Epoch : 17/40]
Src_cls_loss	: 0.1135
-------------------------------------
[Epoch : 18/40]
Src_cls_loss	: 0.1080
-------------------------------------
[Epoch : 19/40]
Src_cls_loss	: 0.1028
-------------------------------------
[Epoch : 20/40]
Src_cls_loss	: 0.0982
-------------------------------------
[Epoch : 21/40]
Src_cls_loss	: 0.0940
-------------------------------------
[Epoch : 22/40]
Src_cls_loss	: 0.0903
-------------------------------------
[Epoch : 23/40]
Src_cls_loss	: 0.0869
-------------------------------------
[Epoch : 24/40]
Src_cls_loss	: 0.0849
-------------------------------------
[Epoch : 25/40]
Src_cls_loss	: 0.0823
-------------------------------------
[Epoch : 26/40]
Src_cls_loss	: 0.0798
-------------------------------------
[Epoch : 27/40]
Src_cls_loss	: 0.0772
-------------------------------------
[Epoch : 28/40]
Src_cls_loss	: 0.0749
-------------------------------------
[Epoch : 29/40]
Src_cls_loss	: 0.0728
-------------------------------------
[Epoch : 30/40]
Src_cls_loss	: 0.0706
-------------------------------------
[Epoch : 31/40]
Src_cls_loss	: 0.0685
-------------------------------------
[Epoch : 32/40]
Src_cls_loss	: 0.0666
-------------------------------------
[Epoch : 33/40]
Src_cls_loss	: 0.0647
-------------------------------------
[Epoch : 34/40]
Src_cls_loss	: 0.0629
-------------------------------------
[Epoch : 35/40]
Src_cls_loss	: 0.0612
-------------------------------------
[Epoch : 36/40]
Src_cls_loss	: 0.0597
-------------------------------------
[Epoch : 37/40]
Src_cls_loss	: 0.0581
-------------------------------------
[Epoch : 38/40]
Src_cls_loss	: 0.0567
-------------------------------------
[Epoch : 39/40]
Src_cls_loss	: 0.0553
-------------------------------------
[Epoch : 40/40]
Src_cls_loss	: 0.0541
-------------------------------------
