=============================================
Dataset: pamap_mobiact
Method:  SYN
=============================================
Source: syn_wal_40 ---> Target: dp_wal_40
Run ID: 6
=============================================
[Epoch : 1/40]
Src_cls_loss	: 0.6344
-------------------------------------
[Epoch : 2/40]
Src_cls_loss	: 0.4129
-------------------------------------
[Epoch : 3/40]
Src_cls_loss	: 0.3092
-------------------------------------
[Epoch : 4/40]
Src_cls_loss	: 0.2496
-------------------------------------
[Epoch : 5/40]
Src_cls_loss	: 0.2114
-------------------------------------
[Epoch : 6/40]
Src_cls_loss	: 0.1829
-------------------------------------
[Epoch : 7/40]
Src_cls_loss	: 0.1620
-------------------------------------
[Epoch : 8/40]
Src_cls_loss	: 0.1461
-------------------------------------
[Epoch : 9/40]
Src_cls_loss	: 0.1332
-------------------------------------
[Epoch : 10/40]
Src_cls_loss	: 0.1216
-------------------------------------
[Epoch : 11/40]
Src_cls_loss	: 0.1124
-------------------------------------
[Epoch : 12/40]
Src_cls_loss	: 0.1047
-------------------------------------
[Epoch : 13/40]
Src_cls_loss	: 0.0977
-------------------------------------
[Epoch : 14/40]
Src_cls_loss	: 0.0915
-------------------------------------
[Epoch : 15/40]
Src_cls_loss	: 0.0863
-------------------------------------
[Epoch : 16/40]
Src_cls_loss	: 0.0815
-------------------------------------
[Epoch : 17/40]
Src_cls_loss	: 0.0772
-------------------------------------
[Epoch : 18/40]
Src_cls_loss	: 0.0734
-------------------------------------
[Epoch : 19/40]
Src_cls_loss	: 0.0698
-------------------------------------
[Epoch : 20/40]
Src_cls_loss	: 0.0666
-------------------------------------
[Epoch : 21/40]
Src_cls_loss	: 0.0637
-------------------------------------
[Epoch : 22/40]
Src_cls_loss	: 0.0610
-------------------------------------
[Epoch : 23/40]
Src_cls_loss	: 0.0586
-------------------------------------
[Epoch : 24/40]
Src_cls_loss	: 0.0563
-------------------------------------
[Epoch : 25/40]
Src_cls_loss	: 0.0543
-------------------------------------
[Epoch : 26/40]
Src_cls_loss	: 0.0524
-------------------------------------
[Epoch : 27/40]
Src_cls_loss	: 0.0507
-------------------------------------
[Epoch : 28/40]
Src_cls_loss	: 0.0490
-------------------------------------
[Epoch : 29/40]
Src_cls_loss	: 0.0474
-------------------------------------
[Epoch : 30/40]
Src_cls_loss	: 0.0459
-------------------------------------
[Epoch : 31/40]
Src_cls_loss	: 0.0445
-------------------------------------
[Epoch : 32/40]
Src_cls_loss	: 0.0432
-------------------------------------
[Epoch : 33/40]
Src_cls_loss	: 0.0420
-------------------------------------
[Epoch : 34/40]
Src_cls_loss	: 0.0410
-------------------------------------
[Epoch : 35/40]
Src_cls_loss	: 0.0399
-------------------------------------
[Epoch : 36/40]
Src_cls_loss	: 0.0390
-------------------------------------
[Epoch : 37/40]
Src_cls_loss	: 0.0381
-------------------------------------
[Epoch : 38/40]
Src_cls_loss	: 0.0372
-------------------------------------
[Epoch : 39/40]
Src_cls_loss	: 0.0363
-------------------------------------
[Epoch : 40/40]
Src_cls_loss	: 0.0356
-------------------------------------
