=============================================
Dataset: realworld_mobiact
Method:  NO_ADAPT
=============================================
Source: syn_38 ---> Target: dp_38
Run ID: 2
=============================================
[Epoch : 1/40]
Src_cls_loss	: 0.8694
-------------------------------------
[Epoch : 2/40]
Src_cls_loss	: 0.7137
-------------------------------------
[Epoch : 3/40]
Src_cls_loss	: 0.6111
-------------------------------------
[Epoch : 4/40]
Src_cls_loss	: 0.5401
-------------------------------------
[Epoch : 5/40]
Src_cls_loss	: 0.4840
-------------------------------------
[Epoch : 6/40]
Src_cls_loss	: 0.4382
-------------------------------------
[Epoch : 7/40]
Src_cls_loss	: 0.4030
-------------------------------------
[Epoch : 8/40]
Src_cls_loss	: 0.3763
-------------------------------------
[Epoch : 9/40]
Src_cls_loss	: 0.3535
-------------------------------------
[Epoch : 10/40]
Src_cls_loss	: 0.3310
-------------------------------------
[Epoch : 11/40]
Src_cls_loss	: 0.3136
-------------------------------------
[Epoch : 12/40]
Src_cls_loss	: 0.2980
-------------------------------------
[Epoch : 13/40]
Src_cls_loss	: 0.2852
-------------------------------------
[Epoch : 14/40]
Src_cls_loss	: 0.2722
-------------------------------------
[Epoch : 15/40]
Src_cls_loss	: 0.2627
-------------------------------------
[Epoch : 16/40]
Src_cls_loss	: 0.2548
-------------------------------------
[Epoch : 17/40]
Src_cls_loss	: 0.2464
-------------------------------------
[Epoch : 18/40]
Src_cls_loss	: 0.2373
-------------------------------------
[Epoch : 19/40]
Src_cls_loss	: 0.2296
-------------------------------------
[Epoch : 20/40]
Src_cls_loss	: 0.2237
-------------------------------------
[Epoch : 21/40]
Src_cls_loss	: 0.2186
-------------------------------------
[Epoch : 22/40]
Src_cls_loss	: 0.2125
-------------------------------------
[Epoch : 23/40]
Src_cls_loss	: 0.2062
-------------------------------------
[Epoch : 24/40]
Src_cls_loss	: 0.2012
-------------------------------------
[Epoch : 25/40]
Src_cls_loss	: 0.1966
-------------------------------------
[Epoch : 26/40]
Src_cls_loss	: 0.1918
-------------------------------------
[Epoch : 27/40]
Src_cls_loss	: 0.1872
-------------------------------------
[Epoch : 28/40]
Src_cls_loss	: 0.1825
-------------------------------------
[Epoch : 29/40]
Src_cls_loss	: 0.1779
-------------------------------------
[Epoch : 30/40]
Src_cls_loss	: 0.1738
-------------------------------------
[Epoch : 31/40]
Src_cls_loss	: 0.1703
-------------------------------------
[Epoch : 32/40]
Src_cls_loss	: 0.1663
-------------------------------------
[Epoch : 33/40]
Src_cls_loss	: 0.1626
-------------------------------------
[Epoch : 34/40]
Src_cls_loss	: 0.1592
-------------------------------------
[Epoch : 35/40]
Src_cls_loss	: 0.1560
-------------------------------------
[Epoch : 36/40]
Src_cls_loss	: 0.1528
-------------------------------------
[Epoch : 37/40]
Src_cls_loss	: 0.1498
-------------------------------------
[Epoch : 38/40]
Src_cls_loss	: 0.1469
-------------------------------------
[Epoch : 39/40]
Src_cls_loss	: 0.1450
-------------------------------------
[Epoch : 40/40]
Src_cls_loss	: 0.1429
-------------------------------------
