=============================================
Dataset: realworld_mobiact
Method:  SYN
=============================================
Source: syn_wal_22 ---> Target: dp_wal_22
Run ID: 2
=============================================
[Epoch : 1/40]
Src_cls_loss	: 0.8478
-------------------------------------
[Epoch : 2/40]
Src_cls_loss	: 0.6770
-------------------------------------
[Epoch : 3/40]
Src_cls_loss	: 0.5511
-------------------------------------
[Epoch : 4/40]
Src_cls_loss	: 0.4627
-------------------------------------
[Epoch : 5/40]
Src_cls_loss	: 0.3931
-------------------------------------
[Epoch : 6/40]
Src_cls_loss	: 0.3437
-------------------------------------
[Epoch : 7/40]
Src_cls_loss	: 0.3040
-------------------------------------
[Epoch : 8/40]
Src_cls_loss	: 0.2724
-------------------------------------
[Epoch : 9/40]
Src_cls_loss	: 0.2458
-------------------------------------
[Epoch : 10/40]
Src_cls_loss	: 0.2243
-------------------------------------
[Epoch : 11/40]
Src_cls_loss	: 0.2068
-------------------------------------
[Epoch : 12/40]
Src_cls_loss	: 0.1910
-------------------------------------
[Epoch : 13/40]
Src_cls_loss	: 0.1787
-------------------------------------
[Epoch : 14/40]
Src_cls_loss	: 0.1680
-------------------------------------
[Epoch : 15/40]
Src_cls_loss	: 0.1580
-------------------------------------
[Epoch : 16/40]
Src_cls_loss	: 0.1492
-------------------------------------
[Epoch : 17/40]
Src_cls_loss	: 0.1417
-------------------------------------
[Epoch : 18/40]
Src_cls_loss	: 0.1343
-------------------------------------
[Epoch : 19/40]
Src_cls_loss	: 0.1278
-------------------------------------
[Epoch : 20/40]
Src_cls_loss	: 0.1218
-------------------------------------
[Epoch : 21/40]
Src_cls_loss	: 0.1164
-------------------------------------
[Epoch : 22/40]
Src_cls_loss	: 0.1114
-------------------------------------
[Epoch : 23/40]
Src_cls_loss	: 0.1069
-------------------------------------
[Epoch : 24/40]
Src_cls_loss	: 0.1031
-------------------------------------
[Epoch : 25/40]
Src_cls_loss	: 0.0994
-------------------------------------
[Epoch : 26/40]
Src_cls_loss	: 0.0959
-------------------------------------
[Epoch : 27/40]
Src_cls_loss	: 0.0926
-------------------------------------
[Epoch : 28/40]
Src_cls_loss	: 0.0894
-------------------------------------
[Epoch : 29/40]
Src_cls_loss	: 0.0867
-------------------------------------
[Epoch : 30/40]
Src_cls_loss	: 0.0840
-------------------------------------
[Epoch : 31/40]
Src_cls_loss	: 0.0817
-------------------------------------
[Epoch : 32/40]
Src_cls_loss	: 0.0793
-------------------------------------
[Epoch : 33/40]
Src_cls_loss	: 0.0770
-------------------------------------
[Epoch : 34/40]
Src_cls_loss	: 0.0750
-------------------------------------
[Epoch : 35/40]
Src_cls_loss	: 0.0730
-------------------------------------
[Epoch : 36/40]
Src_cls_loss	: 0.0711
-------------------------------------
[Epoch : 37/40]
Src_cls_loss	: 0.0693
-------------------------------------
[Epoch : 38/40]
Src_cls_loss	: 0.0676
-------------------------------------
[Epoch : 39/40]
Src_cls_loss	: 0.0659
-------------------------------------
[Epoch : 40/40]
Src_cls_loss	: 0.0643
-------------------------------------
