=============================================
Dataset: realworld_mobiact
Method:  Deep_Coral
=============================================
Source: df ---> Target: dp_wal_60
Run ID: 0
=============================================
[Epoch : 1/40]
Total_loss	: 3.3771
Src_cls_loss	: 0.5060
coral_loss	: 0.0009
-------------------------------------
[Epoch : 2/40]
Total_loss	: 2.9284
Src_cls_loss	: 0.4387
coral_loss	: 0.0008
-------------------------------------
[Epoch : 3/40]
Total_loss	: 2.6606
Src_cls_loss	: 0.3986
coral_loss	: 0.0008
-------------------------------------
[Epoch : 4/40]
Total_loss	: 2.4898
Src_cls_loss	: 0.3730
coral_loss	: 0.0007
-------------------------------------
[Epoch : 5/40]
Total_loss	: 2.3565
Src_cls_loss	: 0.3530
coral_loss	: 0.0006
-------------------------------------
[Epoch : 6/40]
Total_loss	: 2.2525
Src_cls_loss	: 0.3375
coral_loss	: 0.0006
-------------------------------------
[Epoch : 7/40]
Total_loss	: 2.1599
Src_cls_loss	: 0.3236
coral_loss	: 0.0006
-------------------------------------
[Epoch : 8/40]
Total_loss	: 2.0808
Src_cls_loss	: 0.3118
coral_loss	: 0.0006
-------------------------------------
[Epoch : 9/40]
Total_loss	: 2.0083
Src_cls_loss	: 0.3009
coral_loss	: 0.0005
-------------------------------------
[Epoch : 10/40]
Total_loss	: 1.9444
Src_cls_loss	: 0.2913
coral_loss	: 0.0005
-------------------------------------
[Epoch : 11/40]
Total_loss	: 1.8843
Src_cls_loss	: 0.2823
coral_loss	: 0.0005
-------------------------------------
[Epoch : 12/40]
Total_loss	: 1.8341
Src_cls_loss	: 0.2748
coral_loss	: 0.0005
-------------------------------------
[Epoch : 13/40]
Total_loss	: 1.7945
Src_cls_loss	: 0.2689
coral_loss	: 0.0005
-------------------------------------
[Epoch : 14/40]
Total_loss	: 1.7549
Src_cls_loss	: 0.2629
coral_loss	: 0.0005
-------------------------------------
[Epoch : 15/40]
Total_loss	: 1.7163
Src_cls_loss	: 0.2571
coral_loss	: 0.0005
-------------------------------------
[Epoch : 16/40]
Total_loss	: 1.6822
Src_cls_loss	: 0.2520
coral_loss	: 0.0004
-------------------------------------
[Epoch : 17/40]
Total_loss	: 1.6536
Src_cls_loss	: 0.2477
coral_loss	: 0.0004
-------------------------------------
[Epoch : 18/40]
Total_loss	: 1.6265
Src_cls_loss	: 0.2437
coral_loss	: 0.0004
-------------------------------------
[Epoch : 19/40]
Total_loss	: 1.5980
Src_cls_loss	: 0.2394
coral_loss	: 0.0004
-------------------------------------
[Epoch : 20/40]
Total_loss	: 1.5745
Src_cls_loss	: 0.2359
coral_loss	: 0.0004
-------------------------------------
[Epoch : 21/40]
Total_loss	: 1.5519
Src_cls_loss	: 0.2325
coral_loss	: 0.0004
-------------------------------------
[Epoch : 22/40]
Total_loss	: 1.5299
Src_cls_loss	: 0.2292
coral_loss	: 0.0004
-------------------------------------
[Epoch : 23/40]
Total_loss	: 1.5088
Src_cls_loss	: 0.2260
coral_loss	: 0.0004
-------------------------------------
[Epoch : 24/40]
Total_loss	: 1.4887
Src_cls_loss	: 0.2230
coral_loss	: 0.0004
-------------------------------------
[Epoch : 25/40]
Total_loss	: 1.4683
Src_cls_loss	: 0.2200
coral_loss	: 0.0004
-------------------------------------
[Epoch : 26/40]
Total_loss	: 1.4485
Src_cls_loss	: 0.2170
coral_loss	: 0.0004
-------------------------------------
[Epoch : 27/40]
Total_loss	: 1.4314
Src_cls_loss	: 0.2144
coral_loss	: 0.0004
-------------------------------------
[Epoch : 28/40]
Total_loss	: 1.4128
Src_cls_loss	: 0.2116
coral_loss	: 0.0004
-------------------------------------
[Epoch : 29/40]
Total_loss	: 1.3960
Src_cls_loss	: 0.2091
coral_loss	: 0.0004
-------------------------------------
[Epoch : 30/40]
Total_loss	: 1.3806
Src_cls_loss	: 0.2068
coral_loss	: 0.0004
-------------------------------------
[Epoch : 31/40]
Total_loss	: 1.3660
Src_cls_loss	: 0.2046
coral_loss	: 0.0004
-------------------------------------
[Epoch : 32/40]
Total_loss	: 1.3523
Src_cls_loss	: 0.2026
coral_loss	: 0.0004
-------------------------------------
[Epoch : 33/40]
Total_loss	: 1.3365
Src_cls_loss	: 0.2002
coral_loss	: 0.0004
-------------------------------------
[Epoch : 34/40]
Total_loss	: 1.3230
Src_cls_loss	: 0.1982
coral_loss	: 0.0004
-------------------------------------
[Epoch : 35/40]
Total_loss	: 1.3098
Src_cls_loss	: 0.1962
coral_loss	: 0.0004
-------------------------------------
[Epoch : 36/40]
Total_loss	: 1.2981
Src_cls_loss	: 0.1944
coral_loss	: 0.0004
-------------------------------------
[Epoch : 37/40]
Total_loss	: 1.2856
Src_cls_loss	: 0.1926
coral_loss	: 0.0004
-------------------------------------
[Epoch : 38/40]
Total_loss	: 1.2742
Src_cls_loss	: 0.1909
coral_loss	: 0.0004
-------------------------------------
[Epoch : 39/40]
Total_loss	: 1.2632
Src_cls_loss	: 0.1892
coral_loss	: 0.0004
-------------------------------------
[Epoch : 40/40]
Total_loss	: 1.2528
Src_cls_loss	: 0.1877
coral_loss	: 0.0004
-------------------------------------
