=============================================
Dataset: pamap_mobiact
Method:  SYN
=============================================
Source: syn_wal_47 ---> Target: dp_wal_47
Run ID: 5
=============================================
[Epoch : 1/40]
Src_cls_loss	: 0.6065
-------------------------------------
[Epoch : 2/40]
Src_cls_loss	: 0.4692
-------------------------------------
[Epoch : 3/40]
Src_cls_loss	: 0.3821
-------------------------------------
[Epoch : 4/40]
Src_cls_loss	: 0.3258
-------------------------------------
[Epoch : 5/40]
Src_cls_loss	: 0.2792
-------------------------------------
[Epoch : 6/40]
Src_cls_loss	: 0.2463
-------------------------------------
[Epoch : 7/40]
Src_cls_loss	: 0.2231
-------------------------------------
[Epoch : 8/40]
Src_cls_loss	: 0.2030
-------------------------------------
[Epoch : 9/40]
Src_cls_loss	: 0.1847
-------------------------------------
[Epoch : 10/40]
Src_cls_loss	: 0.1698
-------------------------------------
[Epoch : 11/40]
Src_cls_loss	: 0.1564
-------------------------------------
[Epoch : 12/40]
Src_cls_loss	: 0.1447
-------------------------------------
[Epoch : 13/40]
Src_cls_loss	: 0.1364
-------------------------------------
[Epoch : 14/40]
Src_cls_loss	: 0.1280
-------------------------------------
[Epoch : 15/40]
Src_cls_loss	: 0.1203
-------------------------------------
[Epoch : 16/40]
Src_cls_loss	: 0.1138
-------------------------------------
[Epoch : 17/40]
Src_cls_loss	: 0.1080
-------------------------------------
[Epoch : 18/40]
Src_cls_loss	: 0.1028
-------------------------------------
[Epoch : 19/40]
Src_cls_loss	: 0.0985
-------------------------------------
[Epoch : 20/40]
Src_cls_loss	: 0.0949
-------------------------------------
[Epoch : 21/40]
Src_cls_loss	: 0.0911
-------------------------------------
[Epoch : 22/40]
Src_cls_loss	: 0.0873
-------------------------------------
[Epoch : 23/40]
Src_cls_loss	: 0.0838
-------------------------------------
[Epoch : 24/40]
Src_cls_loss	: 0.0807
-------------------------------------
[Epoch : 25/40]
Src_cls_loss	: 0.0778
-------------------------------------
[Epoch : 26/40]
Src_cls_loss	: 0.0752
-------------------------------------
[Epoch : 27/40]
Src_cls_loss	: 0.0727
-------------------------------------
[Epoch : 28/40]
Src_cls_loss	: 0.0704
-------------------------------------
[Epoch : 29/40]
Src_cls_loss	: 0.0681
-------------------------------------
[Epoch : 30/40]
Src_cls_loss	: 0.0661
-------------------------------------
[Epoch : 31/40]
Src_cls_loss	: 0.0641
-------------------------------------
[Epoch : 32/40]
Src_cls_loss	: 0.0623
-------------------------------------
[Epoch : 33/40]
Src_cls_loss	: 0.0606
-------------------------------------
[Epoch : 34/40]
Src_cls_loss	: 0.0589
-------------------------------------
[Epoch : 35/40]
Src_cls_loss	: 0.0573
-------------------------------------
[Epoch : 36/40]
Src_cls_loss	: 0.0559
-------------------------------------
[Epoch : 37/40]
Src_cls_loss	: 0.0546
-------------------------------------
[Epoch : 38/40]
Src_cls_loss	: 0.0538
-------------------------------------
[Epoch : 39/40]
Src_cls_loss	: 0.0526
-------------------------------------
[Epoch : 40/40]
Src_cls_loss	: 0.0516
-------------------------------------
