=============================================
Dataset: pamap_mobiact
Method:  SYN
=============================================
Source: syn_wal_52 ---> Target: dp_wal_52
Run ID: 7
=============================================
[Epoch : 1/40]
Src_cls_loss	: 0.5685
-------------------------------------
[Epoch : 2/40]
Src_cls_loss	: 0.3913
-------------------------------------
[Epoch : 3/40]
Src_cls_loss	: 0.3084
-------------------------------------
[Epoch : 4/40]
Src_cls_loss	: 0.2554
-------------------------------------
[Epoch : 5/40]
Src_cls_loss	: 0.2189
-------------------------------------
[Epoch : 6/40]
Src_cls_loss	: 0.1916
-------------------------------------
[Epoch : 7/40]
Src_cls_loss	: 0.1715
-------------------------------------
[Epoch : 8/40]
Src_cls_loss	: 0.1540
-------------------------------------
[Epoch : 9/40]
Src_cls_loss	: 0.1399
-------------------------------------
[Epoch : 10/40]
Src_cls_loss	: 0.1291
-------------------------------------
[Epoch : 11/40]
Src_cls_loss	: 0.1194
-------------------------------------
[Epoch : 12/40]
Src_cls_loss	: 0.1110
-------------------------------------
[Epoch : 13/40]
Src_cls_loss	: 0.1040
-------------------------------------
[Epoch : 14/40]
Src_cls_loss	: 0.0980
-------------------------------------
[Epoch : 15/40]
Src_cls_loss	: 0.0923
-------------------------------------
[Epoch : 16/40]
Src_cls_loss	: 0.0872
-------------------------------------
[Epoch : 17/40]
Src_cls_loss	: 0.0826
-------------------------------------
[Epoch : 18/40]
Src_cls_loss	: 0.0784
-------------------------------------
[Epoch : 19/40]
Src_cls_loss	: 0.0746
-------------------------------------
[Epoch : 20/40]
Src_cls_loss	: 0.0711
-------------------------------------
[Epoch : 21/40]
Src_cls_loss	: 0.0680
-------------------------------------
[Epoch : 22/40]
Src_cls_loss	: 0.0651
-------------------------------------
[Epoch : 23/40]
Src_cls_loss	: 0.0625
-------------------------------------
[Epoch : 24/40]
Src_cls_loss	: 0.0600
-------------------------------------
[Epoch : 25/40]
Src_cls_loss	: 0.0578
-------------------------------------
[Epoch : 26/40]
Src_cls_loss	: 0.0557
-------------------------------------
[Epoch : 27/40]
Src_cls_loss	: 0.0543
-------------------------------------
[Epoch : 28/40]
Src_cls_loss	: 0.0541
-------------------------------------
[Epoch : 29/40]
Src_cls_loss	: 0.0527
-------------------------------------
[Epoch : 30/40]
Src_cls_loss	: 0.0513
-------------------------------------
[Epoch : 31/40]
Src_cls_loss	: 0.0498
-------------------------------------
[Epoch : 32/40]
Src_cls_loss	: 0.0484
-------------------------------------
[Epoch : 33/40]
Src_cls_loss	: 0.0471
-------------------------------------
[Epoch : 34/40]
Src_cls_loss	: 0.0459
-------------------------------------
[Epoch : 35/40]
Src_cls_loss	: 0.0448
-------------------------------------
[Epoch : 36/40]
Src_cls_loss	: 0.0436
-------------------------------------
[Epoch : 37/40]
Src_cls_loss	: 0.0425
-------------------------------------
[Epoch : 38/40]
Src_cls_loss	: 0.0415
-------------------------------------
[Epoch : 39/40]
Src_cls_loss	: 0.0405
-------------------------------------
[Epoch : 40/40]
Src_cls_loss	: 0.0396
-------------------------------------
