=============================================
Dataset: pamap_mobiact
Method:  SYN
=============================================
Source: syn_wal_38 ---> Target: dp_wal_38
Run ID: 0
=============================================
[Epoch : 1/40]
Src_cls_loss	: 0.6105
-------------------------------------
[Epoch : 2/40]
Src_cls_loss	: 0.4671
-------------------------------------
[Epoch : 3/40]
Src_cls_loss	: 0.3810
-------------------------------------
[Epoch : 4/40]
Src_cls_loss	: 0.3153
-------------------------------------
[Epoch : 5/40]
Src_cls_loss	: 0.2704
-------------------------------------
[Epoch : 6/40]
Src_cls_loss	: 0.2371
-------------------------------------
[Epoch : 7/40]
Src_cls_loss	: 0.2102
-------------------------------------
[Epoch : 8/40]
Src_cls_loss	: 0.1907
-------------------------------------
[Epoch : 9/40]
Src_cls_loss	: 0.1744
-------------------------------------
[Epoch : 10/40]
Src_cls_loss	: 0.1608
-------------------------------------
[Epoch : 11/40]
Src_cls_loss	: 0.1484
-------------------------------------
[Epoch : 12/40]
Src_cls_loss	: 0.1382
-------------------------------------
[Epoch : 13/40]
Src_cls_loss	: 0.1299
-------------------------------------
[Epoch : 14/40]
Src_cls_loss	: 0.1240
-------------------------------------
[Epoch : 15/40]
Src_cls_loss	: 0.1178
-------------------------------------
[Epoch : 16/40]
Src_cls_loss	: 0.1121
-------------------------------------
[Epoch : 17/40]
Src_cls_loss	: 0.1065
-------------------------------------
[Epoch : 18/40]
Src_cls_loss	: 0.1018
-------------------------------------
[Epoch : 19/40]
Src_cls_loss	: 0.0973
-------------------------------------
[Epoch : 20/40]
Src_cls_loss	: 0.0930
-------------------------------------
[Epoch : 21/40]
Src_cls_loss	: 0.0891
-------------------------------------
[Epoch : 22/40]
Src_cls_loss	: 0.0870
-------------------------------------
[Epoch : 23/40]
Src_cls_loss	: 0.0846
-------------------------------------
[Epoch : 24/40]
Src_cls_loss	: 0.0822
-------------------------------------
[Epoch : 25/40]
Src_cls_loss	: 0.0797
-------------------------------------
[Epoch : 26/40]
Src_cls_loss	: 0.0771
-------------------------------------
[Epoch : 27/40]
Src_cls_loss	: 0.0745
-------------------------------------
[Epoch : 28/40]
Src_cls_loss	: 0.0722
-------------------------------------
[Epoch : 29/40]
Src_cls_loss	: 0.0700
-------------------------------------
[Epoch : 30/40]
Src_cls_loss	: 0.0679
-------------------------------------
[Epoch : 31/40]
Src_cls_loss	: 0.0659
-------------------------------------
[Epoch : 32/40]
Src_cls_loss	: 0.0640
-------------------------------------
[Epoch : 33/40]
Src_cls_loss	: 0.0622
-------------------------------------
[Epoch : 34/40]
Src_cls_loss	: 0.0605
-------------------------------------
[Epoch : 35/40]
Src_cls_loss	: 0.0589
-------------------------------------
[Epoch : 36/40]
Src_cls_loss	: 0.0577
-------------------------------------
[Epoch : 37/40]
Src_cls_loss	: 0.0564
-------------------------------------
[Epoch : 38/40]
Src_cls_loss	: 0.0551
-------------------------------------
[Epoch : 39/40]
Src_cls_loss	: 0.0539
-------------------------------------
[Epoch : 40/40]
Src_cls_loss	: 0.0526
-------------------------------------
