=============================================
Dataset: realworld_mobiact
Method:  NO_ADAPT
=============================================
Source: df ---> Target: dp_75
Run ID: 0
=============================================
[Epoch : 1/40]
Src_cls_loss	: 0.3580
-------------------------------------
[Epoch : 2/40]
Src_cls_loss	: 0.2925
-------------------------------------
[Epoch : 3/40]
Src_cls_loss	: 0.2578
-------------------------------------
[Epoch : 4/40]
Src_cls_loss	: 0.2376
-------------------------------------
[Epoch : 5/40]
Src_cls_loss	: 0.2228
-------------------------------------
[Epoch : 6/40]
Src_cls_loss	: 0.2104
-------------------------------------
[Epoch : 7/40]
Src_cls_loss	: 0.2007
-------------------------------------
[Epoch : 8/40]
Src_cls_loss	: 0.1922
-------------------------------------
[Epoch : 9/40]
Src_cls_loss	: 0.1849
-------------------------------------
[Epoch : 10/40]
Src_cls_loss	: 0.1783
-------------------------------------
[Epoch : 11/40]
Src_cls_loss	: 0.1728
-------------------------------------
[Epoch : 12/40]
Src_cls_loss	: 0.1670
-------------------------------------
[Epoch : 13/40]
Src_cls_loss	: 0.1621
-------------------------------------
[Epoch : 14/40]
Src_cls_loss	: 0.1574
-------------------------------------
[Epoch : 15/40]
Src_cls_loss	: 0.1531
-------------------------------------
[Epoch : 16/40]
Src_cls_loss	: 0.1490
-------------------------------------
[Epoch : 17/40]
Src_cls_loss	: 0.1450
-------------------------------------
[Epoch : 18/40]
Src_cls_loss	: 0.1415
-------------------------------------
[Epoch : 19/40]
Src_cls_loss	: 0.1383
-------------------------------------
[Epoch : 20/40]
Src_cls_loss	: 0.1354
-------------------------------------
[Epoch : 21/40]
Src_cls_loss	: 0.1323
-------------------------------------
[Epoch : 22/40]
Src_cls_loss	: 0.1295
-------------------------------------
[Epoch : 23/40]
Src_cls_loss	: 0.1266
-------------------------------------
[Epoch : 24/40]
Src_cls_loss	: 0.1238
-------------------------------------
[Epoch : 25/40]
Src_cls_loss	: 0.1215
-------------------------------------
[Epoch : 26/40]
Src_cls_loss	: 0.1192
-------------------------------------
[Epoch : 27/40]
Src_cls_loss	: 0.1169
-------------------------------------
[Epoch : 28/40]
Src_cls_loss	: 0.1144
-------------------------------------
[Epoch : 29/40]
Src_cls_loss	: 0.1124
-------------------------------------
[Epoch : 30/40]
Src_cls_loss	: 0.1103
-------------------------------------
[Epoch : 31/40]
Src_cls_loss	: 0.1083
-------------------------------------
[Epoch : 32/40]
Src_cls_loss	: 0.1065
-------------------------------------
[Epoch : 33/40]
Src_cls_loss	: 0.1047
-------------------------------------
[Epoch : 34/40]
Src_cls_loss	: 0.1031
-------------------------------------
[Epoch : 35/40]
Src_cls_loss	: 0.1014
-------------------------------------
[Epoch : 36/40]
Src_cls_loss	: 0.0998
-------------------------------------
[Epoch : 37/40]
Src_cls_loss	: 0.0984
-------------------------------------
[Epoch : 38/40]
Src_cls_loss	: 0.0970
-------------------------------------
[Epoch : 39/40]
Src_cls_loss	: 0.0955
-------------------------------------
[Epoch : 40/40]
Src_cls_loss	: 0.0941
-------------------------------------
