=============================================
Dataset: pamap_mobiact
Method:  DANN
=============================================
Source: df ---> Target: dp_wal_25
Run ID: 0
=============================================
[Epoch : 1/40]
Total_loss	: 5.8206
Domain_loss	: 1.1939
Src_cls_loss	: 0.5141
-------------------------------------
[Epoch : 2/40]
Total_loss	: 5.2102
Domain_loss	: 1.2031
Src_cls_loss	: 0.3938
-------------------------------------
[Epoch : 3/40]
Total_loss	: 4.8368
Domain_loss	: 1.1971
Src_cls_loss	: 0.3259
-------------------------------------
[Epoch : 4/40]
Total_loss	: 4.6789
Domain_loss	: 1.2075
Src_cls_loss	: 0.2908
-------------------------------------
[Epoch : 5/40]
Total_loss	: 4.5597
Domain_loss	: 1.2167
Src_cls_loss	: 0.2636
-------------------------------------
[Epoch : 6/40]
Total_loss	: 4.4219
Domain_loss	: 1.2068
Src_cls_loss	: 0.2424
-------------------------------------
[Epoch : 7/40]
Total_loss	: 4.3431
Domain_loss	: 1.2094
Src_cls_loss	: 0.2262
-------------------------------------
[Epoch : 8/40]
Total_loss	: 4.2695
Domain_loss	: 1.2121
Src_cls_loss	: 0.2109
-------------------------------------
[Epoch : 9/40]
Total_loss	: 4.2200
Domain_loss	: 1.2147
Src_cls_loss	: 0.2002
-------------------------------------
[Epoch : 10/40]
Total_loss	: 4.1718
Domain_loss	: 1.2144
Src_cls_loss	: 0.1912
-------------------------------------
[Epoch : 11/40]
Total_loss	: 4.1623
Domain_loss	: 1.2188
Src_cls_loss	: 0.1872
-------------------------------------
[Epoch : 12/40]
Total_loss	: 4.1176
Domain_loss	: 1.2171
Src_cls_loss	: 0.1796
-------------------------------------
[Epoch : 13/40]
Total_loss	: 4.0926
Domain_loss	: 1.2206
Src_cls_loss	: 0.1731
-------------------------------------
[Epoch : 14/40]
Total_loss	: 4.0855
Domain_loss	: 1.2255
Src_cls_loss	: 0.1694
-------------------------------------
[Epoch : 15/40]
Total_loss	: 4.0655
Domain_loss	: 1.2310
Src_cls_loss	: 0.1628
-------------------------------------
[Epoch : 16/40]
Total_loss	: 4.0423
Domain_loss	: 1.2334
Src_cls_loss	: 0.1573
-------------------------------------
[Epoch : 17/40]
Total_loss	: 4.0215
Domain_loss	: 1.2342
Src_cls_loss	: 0.1529
-------------------------------------
[Epoch : 18/40]
Total_loss	: 4.0116
Domain_loss	: 1.2362
Src_cls_loss	: 0.1501
-------------------------------------
[Epoch : 19/40]
Total_loss	: 3.9972
Domain_loss	: 1.2375
Src_cls_loss	: 0.1467
-------------------------------------
[Epoch : 20/40]
Total_loss	: 3.9844
Domain_loss	: 1.2403
Src_cls_loss	: 0.1429
-------------------------------------
[Epoch : 21/40]
Total_loss	: 3.9698
Domain_loss	: 1.2432
Src_cls_loss	: 0.1386
-------------------------------------
[Epoch : 22/40]
Total_loss	: 3.9642
Domain_loss	: 1.2481
Src_cls_loss	: 0.1352
-------------------------------------
[Epoch : 23/40]
Total_loss	: 3.9512
Domain_loss	: 1.2505
Src_cls_loss	: 0.1315
-------------------------------------
[Epoch : 24/40]
Total_loss	: 3.9402
Domain_loss	: 1.2530
Src_cls_loss	: 0.1282
-------------------------------------
[Epoch : 25/40]
Total_loss	: 3.9313
Domain_loss	: 1.2560
Src_cls_loss	: 0.1250
-------------------------------------
[Epoch : 26/40]
Total_loss	: 3.9165
Domain_loss	: 1.2565
Src_cls_loss	: 0.1220
-------------------------------------
[Epoch : 27/40]
Total_loss	: 3.9112
Domain_loss	: 1.2593
Src_cls_loss	: 0.1196
-------------------------------------
[Epoch : 28/40]
Total_loss	: 3.9044
Domain_loss	: 1.2612
Src_cls_loss	: 0.1174
-------------------------------------
[Epoch : 29/40]
Total_loss	: 3.9013
Domain_loss	: 1.2644
Src_cls_loss	: 0.1152
-------------------------------------
[Epoch : 30/40]
Total_loss	: 3.8923
Domain_loss	: 1.2657
Src_cls_loss	: 0.1129
-------------------------------------
[Epoch : 31/40]
Total_loss	: 3.8869
Domain_loss	: 1.2679
Src_cls_loss	: 0.1107
-------------------------------------
[Epoch : 32/40]
Total_loss	: 3.8848
Domain_loss	: 1.2709
Src_cls_loss	: 0.1088
-------------------------------------
[Epoch : 33/40]
Total_loss	: 3.8794
Domain_loss	: 1.2725
Src_cls_loss	: 0.1070
-------------------------------------
[Epoch : 34/40]
Total_loss	: 3.8797
Domain_loss	: 1.2749
Src_cls_loss	: 0.1059
-------------------------------------
[Epoch : 35/40]
Total_loss	: 3.8748
Domain_loss	: 1.2759
Src_cls_loss	: 0.1045
-------------------------------------
[Epoch : 36/40]
Total_loss	: 3.8695
Domain_loss	: 1.2771
Src_cls_loss	: 0.1029
-------------------------------------
[Epoch : 37/40]
Total_loss	: 3.8686
Domain_loss	: 1.2795
Src_cls_loss	: 0.1015
-------------------------------------
[Epoch : 38/40]
Total_loss	: 3.8659
Domain_loss	: 1.2811
Src_cls_loss	: 0.1003
-------------------------------------
[Epoch : 39/40]
Total_loss	: 3.8651
Domain_loss	: 1.2836
Src_cls_loss	: 0.0988
-------------------------------------
[Epoch : 40/40]
Total_loss	: 3.8629
Domain_loss	: 1.2862
Src_cls_loss	: 0.0972
-------------------------------------
