=============================================
Dataset: pamap_mobiact
Method:  SYN
=============================================
Source: syn_wal_60 ---> Target: dp_wal_60
Run ID: 2
=============================================
[Epoch : 1/40]
Src_cls_loss	: 0.6180
-------------------------------------
[Epoch : 2/40]
Src_cls_loss	: 0.4527
-------------------------------------
[Epoch : 3/40]
Src_cls_loss	: 0.3547
-------------------------------------
[Epoch : 4/40]
Src_cls_loss	: 0.2944
-------------------------------------
[Epoch : 5/40]
Src_cls_loss	: 0.2550
-------------------------------------
[Epoch : 6/40]
Src_cls_loss	: 0.2239
-------------------------------------
[Epoch : 7/40]
Src_cls_loss	: 0.2008
-------------------------------------
[Epoch : 8/40]
Src_cls_loss	: 0.1824
-------------------------------------
[Epoch : 9/40]
Src_cls_loss	: 0.1668
-------------------------------------
[Epoch : 10/40]
Src_cls_loss	: 0.1532
-------------------------------------
[Epoch : 11/40]
Src_cls_loss	: 0.1427
-------------------------------------
[Epoch : 12/40]
Src_cls_loss	: 0.1326
-------------------------------------
[Epoch : 13/40]
Src_cls_loss	: 0.1240
-------------------------------------
[Epoch : 14/40]
Src_cls_loss	: 0.1166
-------------------------------------
[Epoch : 15/40]
Src_cls_loss	: 0.1097
-------------------------------------
[Epoch : 16/40]
Src_cls_loss	: 0.1042
-------------------------------------
[Epoch : 17/40]
Src_cls_loss	: 0.0988
-------------------------------------
[Epoch : 18/40]
Src_cls_loss	: 0.0940
-------------------------------------
[Epoch : 19/40]
Src_cls_loss	: 0.0895
-------------------------------------
[Epoch : 20/40]
Src_cls_loss	: 0.0854
-------------------------------------
[Epoch : 21/40]
Src_cls_loss	: 0.0818
-------------------------------------
[Epoch : 22/40]
Src_cls_loss	: 0.0787
-------------------------------------
[Epoch : 23/40]
Src_cls_loss	: 0.0757
-------------------------------------
[Epoch : 24/40]
Src_cls_loss	: 0.0735
-------------------------------------
[Epoch : 25/40]
Src_cls_loss	: 0.0710
-------------------------------------
[Epoch : 26/40]
Src_cls_loss	: 0.0685
-------------------------------------
[Epoch : 27/40]
Src_cls_loss	: 0.0662
-------------------------------------
[Epoch : 28/40]
Src_cls_loss	: 0.0641
-------------------------------------
[Epoch : 29/40]
Src_cls_loss	: 0.0621
-------------------------------------
[Epoch : 30/40]
Src_cls_loss	: 0.0603
-------------------------------------
[Epoch : 31/40]
Src_cls_loss	: 0.0586
-------------------------------------
[Epoch : 32/40]
Src_cls_loss	: 0.0569
-------------------------------------
[Epoch : 33/40]
Src_cls_loss	: 0.0553
-------------------------------------
[Epoch : 34/40]
Src_cls_loss	: 0.0538
-------------------------------------
[Epoch : 35/40]
Src_cls_loss	: 0.0524
-------------------------------------
[Epoch : 36/40]
Src_cls_loss	: 0.0510
-------------------------------------
[Epoch : 37/40]
Src_cls_loss	: 0.0497
-------------------------------------
[Epoch : 38/40]
Src_cls_loss	: 0.0484
-------------------------------------
[Epoch : 39/40]
Src_cls_loss	: 0.0472
-------------------------------------
[Epoch : 40/40]
Src_cls_loss	: 0.0462
-------------------------------------
