=============================================
Dataset: pamap_mobiact
Method:  NO_ADAPT
=============================================
Source: syn_47 ---> Target: dp_47
Run ID: 7
=============================================
[Epoch : 1/40]
Src_cls_loss	: 0.6970
-------------------------------------
[Epoch : 2/40]
Src_cls_loss	: 0.5636
-------------------------------------
[Epoch : 3/40]
Src_cls_loss	: 0.4791
-------------------------------------
[Epoch : 4/40]
Src_cls_loss	: 0.4115
-------------------------------------
[Epoch : 5/40]
Src_cls_loss	: 0.3604
-------------------------------------
[Epoch : 6/40]
Src_cls_loss	: 0.3221
-------------------------------------
[Epoch : 7/40]
Src_cls_loss	: 0.2944
-------------------------------------
[Epoch : 8/40]
Src_cls_loss	: 0.2697
-------------------------------------
[Epoch : 9/40]
Src_cls_loss	: 0.2485
-------------------------------------
[Epoch : 10/40]
Src_cls_loss	: 0.2306
-------------------------------------
[Epoch : 11/40]
Src_cls_loss	: 0.2148
-------------------------------------
[Epoch : 12/40]
Src_cls_loss	: 0.2004
-------------------------------------
[Epoch : 13/40]
Src_cls_loss	: 0.1892
-------------------------------------
[Epoch : 14/40]
Src_cls_loss	: 0.1785
-------------------------------------
[Epoch : 15/40]
Src_cls_loss	: 0.1687
-------------------------------------
[Epoch : 16/40]
Src_cls_loss	: 0.1606
-------------------------------------
[Epoch : 17/40]
Src_cls_loss	: 0.1531
-------------------------------------
[Epoch : 18/40]
Src_cls_loss	: 0.1472
-------------------------------------
[Epoch : 19/40]
Src_cls_loss	: 0.1420
-------------------------------------
[Epoch : 20/40]
Src_cls_loss	: 0.1365
-------------------------------------
[Epoch : 21/40]
Src_cls_loss	: 0.1315
-------------------------------------
[Epoch : 22/40]
Src_cls_loss	: 0.1277
-------------------------------------
[Epoch : 23/40]
Src_cls_loss	: 0.1234
-------------------------------------
[Epoch : 24/40]
Src_cls_loss	: 0.1192
-------------------------------------
[Epoch : 25/40]
Src_cls_loss	: 0.1151
-------------------------------------
[Epoch : 26/40]
Src_cls_loss	: 0.1122
-------------------------------------
[Epoch : 27/40]
Src_cls_loss	: 0.1092
-------------------------------------
[Epoch : 28/40]
Src_cls_loss	: 0.1060
-------------------------------------
[Epoch : 29/40]
Src_cls_loss	: 0.1028
-------------------------------------
[Epoch : 30/40]
Src_cls_loss	: 0.1000
-------------------------------------
[Epoch : 31/40]
Src_cls_loss	: 0.0972
-------------------------------------
[Epoch : 32/40]
Src_cls_loss	: 0.0947
-------------------------------------
[Epoch : 33/40]
Src_cls_loss	: 0.0921
-------------------------------------
[Epoch : 34/40]
Src_cls_loss	: 0.0897
-------------------------------------
[Epoch : 35/40]
Src_cls_loss	: 0.0875
-------------------------------------
[Epoch : 36/40]
Src_cls_loss	: 0.0855
-------------------------------------
[Epoch : 37/40]
Src_cls_loss	: 0.0835
-------------------------------------
[Epoch : 38/40]
Src_cls_loss	: 0.0818
-------------------------------------
[Epoch : 39/40]
Src_cls_loss	: 0.0799
-------------------------------------
[Epoch : 40/40]
Src_cls_loss	: 0.0781
-------------------------------------
