=============================================
Dataset: CWRU_IR
Method:  NO_ADAPT
=============================================
Source: 0 ---> Target: 6
Run ID: 1
=============================================
[Epoch : 1/40]
Src_cls_loss	: 0.1262
-------------------------------------
[Epoch : 2/40]
Src_cls_loss	: 0.0695
-------------------------------------
[Epoch : 3/40]
Src_cls_loss	: 0.0485
-------------------------------------
[Epoch : 4/40]
Src_cls_loss	: 0.0372
-------------------------------------
[Epoch : 5/40]
Src_cls_loss	: 0.0303
-------------------------------------
[Epoch : 6/40]
Src_cls_loss	: 0.0262
-------------------------------------
[Epoch : 7/40]
Src_cls_loss	: 0.0229
-------------------------------------
[Epoch : 8/40]
Src_cls_loss	: 0.0203
-------------------------------------
[Epoch : 9/40]
Src_cls_loss	: 0.0182
-------------------------------------
[Epoch : 10/40]
Src_cls_loss	: 0.0166
-------------------------------------
[Epoch : 11/40]
Src_cls_loss	: 0.0152
-------------------------------------
[Epoch : 12/40]
Src_cls_loss	: 0.0140
-------------------------------------
[Epoch : 13/40]
Src_cls_loss	: 0.0130
-------------------------------------
[Epoch : 14/40]
Src_cls_loss	: 0.0121
-------------------------------------
[Epoch : 15/40]
Src_cls_loss	: 0.0116
-------------------------------------
[Epoch : 16/40]
Src_cls_loss	: 0.0110
-------------------------------------
[Epoch : 17/40]
Src_cls_loss	: 0.0104
-------------------------------------
[Epoch : 18/40]
Src_cls_loss	: 0.0099
-------------------------------------
[Epoch : 19/40]
Src_cls_loss	: 0.0095
-------------------------------------
[Epoch : 20/40]
Src_cls_loss	: 0.0091
-------------------------------------
[Epoch : 21/40]
Src_cls_loss	: 0.0087
-------------------------------------
[Epoch : 22/40]
Src_cls_loss	: 0.0084
-------------------------------------
[Epoch : 23/40]
Src_cls_loss	: 0.0082
-------------------------------------
[Epoch : 24/40]
Src_cls_loss	: 0.0079
-------------------------------------
[Epoch : 25/40]
Src_cls_loss	: 0.0076
-------------------------------------
[Epoch : 26/40]
Src_cls_loss	: 0.0076
-------------------------------------
[Epoch : 27/40]
Src_cls_loss	: 0.0074
-------------------------------------
[Epoch : 28/40]
Src_cls_loss	: 0.0072
-------------------------------------
[Epoch : 29/40]
Src_cls_loss	: 0.0069
-------------------------------------
[Epoch : 30/40]
Src_cls_loss	: 0.0067
-------------------------------------
[Epoch : 31/40]
Src_cls_loss	: 0.0068
-------------------------------------
[Epoch : 32/40]
Src_cls_loss	: 0.0068
-------------------------------------
[Epoch : 33/40]
Src_cls_loss	: 0.0066
-------------------------------------
[Epoch : 34/40]
Src_cls_loss	: 0.0065
-------------------------------------
[Epoch : 35/40]
Src_cls_loss	: 0.0063
-------------------------------------
[Epoch : 36/40]
Src_cls_loss	: 0.0062
-------------------------------------
[Epoch : 37/40]
Src_cls_loss	: 0.0060
-------------------------------------
[Epoch : 38/40]
Src_cls_loss	: 0.0059
-------------------------------------
[Epoch : 39/40]
Src_cls_loss	: 0.0058
-------------------------------------
[Epoch : 40/40]
Src_cls_loss	: 0.0057
-------------------------------------
