=============================================
Dataset: realworld_pamap
Method:  SYN
=============================================
Source: syn_wal_16 ---> Target: dp_wal_16
Run ID: 6
=============================================
[Epoch : 1/40]
Src_cls_loss	: 0.7906
-------------------------------------
[Epoch : 2/40]
Src_cls_loss	: 0.5788
-------------------------------------
[Epoch : 3/40]
Src_cls_loss	: 0.4535
-------------------------------------
[Epoch : 4/40]
Src_cls_loss	: 0.3688
-------------------------------------
[Epoch : 5/40]
Src_cls_loss	: 0.3089
-------------------------------------
[Epoch : 6/40]
Src_cls_loss	: 0.2692
-------------------------------------
[Epoch : 7/40]
Src_cls_loss	: 0.2362
-------------------------------------
[Epoch : 8/40]
Src_cls_loss	: 0.2105
-------------------------------------
[Epoch : 9/40]
Src_cls_loss	: 0.1911
-------------------------------------
[Epoch : 10/40]
Src_cls_loss	: 0.1745
-------------------------------------
[Epoch : 11/40]
Src_cls_loss	: 0.1604
-------------------------------------
[Epoch : 12/40]
Src_cls_loss	: 0.1487
-------------------------------------
[Epoch : 13/40]
Src_cls_loss	: 0.1384
-------------------------------------
[Epoch : 14/40]
Src_cls_loss	: 0.1295
-------------------------------------
[Epoch : 15/40]
Src_cls_loss	: 0.1216
-------------------------------------
[Epoch : 16/40]
Src_cls_loss	: 0.1145
-------------------------------------
[Epoch : 17/40]
Src_cls_loss	: 0.1082
-------------------------------------
[Epoch : 18/40]
Src_cls_loss	: 0.1026
-------------------------------------
[Epoch : 19/40]
Src_cls_loss	: 0.0977
-------------------------------------
[Epoch : 20/40]
Src_cls_loss	: 0.0931
-------------------------------------
[Epoch : 21/40]
Src_cls_loss	: 0.0893
-------------------------------------
[Epoch : 22/40]
Src_cls_loss	: 0.0856
-------------------------------------
[Epoch : 23/40]
Src_cls_loss	: 0.0825
-------------------------------------
[Epoch : 24/40]
Src_cls_loss	: 0.0793
-------------------------------------
[Epoch : 25/40]
Src_cls_loss	: 0.0764
-------------------------------------
[Epoch : 26/40]
Src_cls_loss	: 0.0737
-------------------------------------
[Epoch : 27/40]
Src_cls_loss	: 0.0711
-------------------------------------
[Epoch : 28/40]
Src_cls_loss	: 0.0687
-------------------------------------
[Epoch : 29/40]
Src_cls_loss	: 0.0666
-------------------------------------
[Epoch : 30/40]
Src_cls_loss	: 0.0646
-------------------------------------
[Epoch : 31/40]
Src_cls_loss	: 0.0627
-------------------------------------
[Epoch : 32/40]
Src_cls_loss	: 0.0608
-------------------------------------
[Epoch : 33/40]
Src_cls_loss	: 0.0591
-------------------------------------
[Epoch : 34/40]
Src_cls_loss	: 0.0575
-------------------------------------
[Epoch : 35/40]
Src_cls_loss	: 0.0559
-------------------------------------
[Epoch : 36/40]
Src_cls_loss	: 0.0544
-------------------------------------
[Epoch : 37/40]
Src_cls_loss	: 0.0530
-------------------------------------
[Epoch : 38/40]
Src_cls_loss	: 0.0517
-------------------------------------
[Epoch : 39/40]
Src_cls_loss	: 0.0505
-------------------------------------
[Epoch : 40/40]
Src_cls_loss	: 0.0492
-------------------------------------
