=============================================
Dataset: realworld_mobiact
Method:  NO_ADAPT
=============================================
Source: syn_28 ---> Target: dp_28
Run ID: 2
=============================================
[Epoch : 1/40]
Src_cls_loss	: 0.8327
-------------------------------------
[Epoch : 2/40]
Src_cls_loss	: 0.6812
-------------------------------------
[Epoch : 3/40]
Src_cls_loss	: 0.5578
-------------------------------------
[Epoch : 4/40]
Src_cls_loss	: 0.4615
-------------------------------------
[Epoch : 5/40]
Src_cls_loss	: 0.3933
-------------------------------------
[Epoch : 6/40]
Src_cls_loss	: 0.3468
-------------------------------------
[Epoch : 7/40]
Src_cls_loss	: 0.3086
-------------------------------------
[Epoch : 8/40]
Src_cls_loss	: 0.2788
-------------------------------------
[Epoch : 9/40]
Src_cls_loss	: 0.2549
-------------------------------------
[Epoch : 10/40]
Src_cls_loss	: 0.2363
-------------------------------------
[Epoch : 11/40]
Src_cls_loss	: 0.2199
-------------------------------------
[Epoch : 12/40]
Src_cls_loss	: 0.2058
-------------------------------------
[Epoch : 13/40]
Src_cls_loss	: 0.1930
-------------------------------------
[Epoch : 14/40]
Src_cls_loss	: 0.1814
-------------------------------------
[Epoch : 15/40]
Src_cls_loss	: 0.1708
-------------------------------------
[Epoch : 16/40]
Src_cls_loss	: 0.1611
-------------------------------------
[Epoch : 17/40]
Src_cls_loss	: 0.1525
-------------------------------------
[Epoch : 18/40]
Src_cls_loss	: 0.1445
-------------------------------------
[Epoch : 19/40]
Src_cls_loss	: 0.1375
-------------------------------------
[Epoch : 20/40]
Src_cls_loss	: 0.1311
-------------------------------------
[Epoch : 21/40]
Src_cls_loss	: 0.1257
-------------------------------------
[Epoch : 22/40]
Src_cls_loss	: 0.1210
-------------------------------------
[Epoch : 23/40]
Src_cls_loss	: 0.1163
-------------------------------------
[Epoch : 24/40]
Src_cls_loss	: 0.1118
-------------------------------------
[Epoch : 25/40]
Src_cls_loss	: 0.1077
-------------------------------------
[Epoch : 26/40]
Src_cls_loss	: 0.1038
-------------------------------------
[Epoch : 27/40]
Src_cls_loss	: 0.1002
-------------------------------------
[Epoch : 28/40]
Src_cls_loss	: 0.0969
-------------------------------------
[Epoch : 29/40]
Src_cls_loss	: 0.0938
-------------------------------------
[Epoch : 30/40]
Src_cls_loss	: 0.0909
-------------------------------------
[Epoch : 31/40]
Src_cls_loss	: 0.0882
-------------------------------------
[Epoch : 32/40]
Src_cls_loss	: 0.0856
-------------------------------------
[Epoch : 33/40]
Src_cls_loss	: 0.0832
-------------------------------------
[Epoch : 34/40]
Src_cls_loss	: 0.0809
-------------------------------------
[Epoch : 35/40]
Src_cls_loss	: 0.0787
-------------------------------------
[Epoch : 36/40]
Src_cls_loss	: 0.0766
-------------------------------------
[Epoch : 37/40]
Src_cls_loss	: 0.0747
-------------------------------------
[Epoch : 38/40]
Src_cls_loss	: 0.0729
-------------------------------------
[Epoch : 39/40]
Src_cls_loss	: 0.0716
-------------------------------------
[Epoch : 40/40]
Src_cls_loss	: 0.0701
-------------------------------------
