=============================================
Dataset: CWRU_IR
Method:  Deep_Coral
=============================================
Source: 0 ---> Target: 7
Run ID: 0
=============================================
[Epoch : 1/40]
Total_loss	: 0.0194
Src_cls_loss	: 0.1841
coral_loss	: 0.0002
-------------------------------------
[Epoch : 2/40]
Total_loss	: 0.0113
Src_cls_loss	: 0.1047
coral_loss	: 0.0002
-------------------------------------
[Epoch : 3/40]
Total_loss	: 0.0083
Src_cls_loss	: 0.0749
coral_loss	: 0.0002
-------------------------------------
[Epoch : 4/40]
Total_loss	: 0.0066
Src_cls_loss	: 0.0588
coral_loss	: 0.0001
-------------------------------------
[Epoch : 5/40]
Total_loss	: 0.0055
Src_cls_loss	: 0.0488
coral_loss	: 0.0001
-------------------------------------
[Epoch : 6/40]
Total_loss	: 0.0048
Src_cls_loss	: 0.0422
coral_loss	: 0.0001
-------------------------------------
[Epoch : 7/40]
Total_loss	: 0.0043
Src_cls_loss	: 0.0371
coral_loss	: 0.0001
-------------------------------------
[Epoch : 8/40]
Total_loss	: 0.0038
Src_cls_loss	: 0.0332
coral_loss	: 0.0001
-------------------------------------
[Epoch : 9/40]
Total_loss	: 0.0035
Src_cls_loss	: 0.0306
coral_loss	: 0.0001
-------------------------------------
[Epoch : 10/40]
Total_loss	: 0.0033
Src_cls_loss	: 0.0286
coral_loss	: 0.0001
-------------------------------------
[Epoch : 11/40]
Total_loss	: 0.0031
Src_cls_loss	: 0.0264
coral_loss	: 0.0001
-------------------------------------
[Epoch : 12/40]
Total_loss	: 0.0029
Src_cls_loss	: 0.0247
coral_loss	: 0.0001
-------------------------------------
[Epoch : 13/40]
Total_loss	: 0.0027
Src_cls_loss	: 0.0231
coral_loss	: 0.0001
-------------------------------------
[Epoch : 14/40]
Total_loss	: 0.0026
Src_cls_loss	: 0.0219
coral_loss	: 0.0001
-------------------------------------
[Epoch : 15/40]
Total_loss	: 0.0024
Src_cls_loss	: 0.0208
coral_loss	: 0.0001
-------------------------------------
[Epoch : 16/40]
Total_loss	: 0.0023
Src_cls_loss	: 0.0198
coral_loss	: 0.0001
-------------------------------------
[Epoch : 17/40]
Total_loss	: 0.0022
Src_cls_loss	: 0.0192
coral_loss	: 0.0001
-------------------------------------
[Epoch : 18/40]
Total_loss	: 0.0022
Src_cls_loss	: 0.0183
coral_loss	: 0.0001
-------------------------------------
[Epoch : 19/40]
Total_loss	: 0.0021
Src_cls_loss	: 0.0177
coral_loss	: 0.0001
-------------------------------------
[Epoch : 20/40]
Total_loss	: 0.0020
Src_cls_loss	: 0.0172
coral_loss	: 0.0001
-------------------------------------
[Epoch : 21/40]
Total_loss	: 0.0020
Src_cls_loss	: 0.0166
coral_loss	: 0.0001
-------------------------------------
[Epoch : 22/40]
Total_loss	: 0.0019
Src_cls_loss	: 0.0161
coral_loss	: 0.0001
-------------------------------------
[Epoch : 23/40]
Total_loss	: 0.0018
Src_cls_loss	: 0.0155
coral_loss	: 0.0001
-------------------------------------
[Epoch : 24/40]
Total_loss	: 0.0018
Src_cls_loss	: 0.0152
coral_loss	: 0.0001
-------------------------------------
[Epoch : 25/40]
Total_loss	: 0.0017
Src_cls_loss	: 0.0147
coral_loss	: 0.0001
-------------------------------------
[Epoch : 26/40]
Total_loss	: 0.0017
Src_cls_loss	: 0.0143
coral_loss	: 0.0001
-------------------------------------
[Epoch : 27/40]
Total_loss	: 0.0016
Src_cls_loss	: 0.0140
coral_loss	: 0.0001
-------------------------------------
[Epoch : 28/40]
Total_loss	: 0.0016
Src_cls_loss	: 0.0136
coral_loss	: 0.0001
-------------------------------------
[Epoch : 29/40]
Total_loss	: 0.0016
Src_cls_loss	: 0.0132
coral_loss	: 0.0001
-------------------------------------
[Epoch : 30/40]
Total_loss	: 0.0015
Src_cls_loss	: 0.0129
coral_loss	: 0.0000
-------------------------------------
[Epoch : 31/40]
Total_loss	: 0.0015
Src_cls_loss	: 0.0127
coral_loss	: 0.0000
-------------------------------------
[Epoch : 32/40]
Total_loss	: 0.0015
Src_cls_loss	: 0.0125
coral_loss	: 0.0000
-------------------------------------
[Epoch : 33/40]
Total_loss	: 0.0014
Src_cls_loss	: 0.0122
coral_loss	: 0.0000
-------------------------------------
[Epoch : 34/40]
Total_loss	: 0.0014
Src_cls_loss	: 0.0119
coral_loss	: 0.0000
-------------------------------------
[Epoch : 35/40]
Total_loss	: 0.0014
Src_cls_loss	: 0.0118
coral_loss	: 0.0000
-------------------------------------
[Epoch : 36/40]
Total_loss	: 0.0014
Src_cls_loss	: 0.0115
coral_loss	: 0.0000
-------------------------------------
[Epoch : 37/40]
Total_loss	: 0.0013
Src_cls_loss	: 0.0113
coral_loss	: 0.0000
-------------------------------------
[Epoch : 38/40]
Total_loss	: 0.0013
Src_cls_loss	: 0.0111
coral_loss	: 0.0000
-------------------------------------
[Epoch : 39/40]
Total_loss	: 0.0013
Src_cls_loss	: 0.0109
coral_loss	: 0.0000
-------------------------------------
[Epoch : 40/40]
Total_loss	: 0.0013
Src_cls_loss	: 0.0108
coral_loss	: 0.0000
-------------------------------------
