=============================================
Dataset: pamap_mobiact
Method:  SYN
=============================================
Source: syn_wal_34 ---> Target: dp_wal_34
Run ID: 4
=============================================
[Epoch : 1/40]
Src_cls_loss	: 0.6939
-------------------------------------
[Epoch : 2/40]
Src_cls_loss	: 0.5332
-------------------------------------
[Epoch : 3/40]
Src_cls_loss	: 0.4346
-------------------------------------
[Epoch : 4/40]
Src_cls_loss	: 0.3621
-------------------------------------
[Epoch : 5/40]
Src_cls_loss	: 0.3088
-------------------------------------
[Epoch : 6/40]
Src_cls_loss	: 0.2689
-------------------------------------
[Epoch : 7/40]
Src_cls_loss	: 0.2381
-------------------------------------
[Epoch : 8/40]
Src_cls_loss	: 0.2150
-------------------------------------
[Epoch : 9/40]
Src_cls_loss	: 0.1953
-------------------------------------
[Epoch : 10/40]
Src_cls_loss	: 0.1785
-------------------------------------
[Epoch : 11/40]
Src_cls_loss	: 0.1656
-------------------------------------
[Epoch : 12/40]
Src_cls_loss	: 0.1538
-------------------------------------
[Epoch : 13/40]
Src_cls_loss	: 0.1434
-------------------------------------
[Epoch : 14/40]
Src_cls_loss	: 0.1345
-------------------------------------
[Epoch : 15/40]
Src_cls_loss	: 0.1267
-------------------------------------
[Epoch : 16/40]
Src_cls_loss	: 0.1206
-------------------------------------
[Epoch : 17/40]
Src_cls_loss	: 0.1149
-------------------------------------
[Epoch : 18/40]
Src_cls_loss	: 0.1095
-------------------------------------
[Epoch : 19/40]
Src_cls_loss	: 0.1043
-------------------------------------
[Epoch : 20/40]
Src_cls_loss	: 0.0996
-------------------------------------
[Epoch : 21/40]
Src_cls_loss	: 0.0951
-------------------------------------
[Epoch : 22/40]
Src_cls_loss	: 0.0912
-------------------------------------
[Epoch : 23/40]
Src_cls_loss	: 0.0875
-------------------------------------
[Epoch : 24/40]
Src_cls_loss	: 0.0841
-------------------------------------
[Epoch : 25/40]
Src_cls_loss	: 0.0810
-------------------------------------
[Epoch : 26/40]
Src_cls_loss	: 0.0780
-------------------------------------
[Epoch : 27/40]
Src_cls_loss	: 0.0753
-------------------------------------
[Epoch : 28/40]
Src_cls_loss	: 0.0728
-------------------------------------
[Epoch : 29/40]
Src_cls_loss	: 0.0706
-------------------------------------
[Epoch : 30/40]
Src_cls_loss	: 0.0686
-------------------------------------
[Epoch : 31/40]
Src_cls_loss	: 0.0666
-------------------------------------
[Epoch : 32/40]
Src_cls_loss	: 0.0646
-------------------------------------
[Epoch : 33/40]
Src_cls_loss	: 0.0632
-------------------------------------
[Epoch : 34/40]
Src_cls_loss	: 0.0615
-------------------------------------
[Epoch : 35/40]
Src_cls_loss	: 0.0600
-------------------------------------
[Epoch : 36/40]
Src_cls_loss	: 0.0585
-------------------------------------
[Epoch : 37/40]
Src_cls_loss	: 0.0571
-------------------------------------
[Epoch : 38/40]
Src_cls_loss	: 0.0557
-------------------------------------
[Epoch : 39/40]
Src_cls_loss	: 0.0543
-------------------------------------
[Epoch : 40/40]
Src_cls_loss	: 0.0530
-------------------------------------
