=============================================
Dataset: pamap_mobiact
Method:  NO_ADAPT
=============================================
Source: syn_43 ---> Target: dp_43
Run ID: 5
=============================================
[Epoch : 1/40]
Src_cls_loss	: 0.5765
-------------------------------------
[Epoch : 2/40]
Src_cls_loss	: 0.4127
-------------------------------------
[Epoch : 3/40]
Src_cls_loss	: 0.3276
-------------------------------------
[Epoch : 4/40]
Src_cls_loss	: 0.2721
-------------------------------------
[Epoch : 5/40]
Src_cls_loss	: 0.2318
-------------------------------------
[Epoch : 6/40]
Src_cls_loss	: 0.2019
-------------------------------------
[Epoch : 7/40]
Src_cls_loss	: 0.1789
-------------------------------------
[Epoch : 8/40]
Src_cls_loss	: 0.1624
-------------------------------------
[Epoch : 9/40]
Src_cls_loss	: 0.1480
-------------------------------------
[Epoch : 10/40]
Src_cls_loss	: 0.1357
-------------------------------------
[Epoch : 11/40]
Src_cls_loss	: 0.1260
-------------------------------------
[Epoch : 12/40]
Src_cls_loss	: 0.1174
-------------------------------------
[Epoch : 13/40]
Src_cls_loss	: 0.1115
-------------------------------------
[Epoch : 14/40]
Src_cls_loss	: 0.1052
-------------------------------------
[Epoch : 15/40]
Src_cls_loss	: 0.0993
-------------------------------------
[Epoch : 16/40]
Src_cls_loss	: 0.0938
-------------------------------------
[Epoch : 17/40]
Src_cls_loss	: 0.0889
-------------------------------------
[Epoch : 18/40]
Src_cls_loss	: 0.0845
-------------------------------------
[Epoch : 19/40]
Src_cls_loss	: 0.0806
-------------------------------------
[Epoch : 20/40]
Src_cls_loss	: 0.0771
-------------------------------------
[Epoch : 21/40]
Src_cls_loss	: 0.0739
-------------------------------------
[Epoch : 22/40]
Src_cls_loss	: 0.0709
-------------------------------------
[Epoch : 23/40]
Src_cls_loss	: 0.0681
-------------------------------------
[Epoch : 24/40]
Src_cls_loss	: 0.0657
-------------------------------------
[Epoch : 25/40]
Src_cls_loss	: 0.0634
-------------------------------------
[Epoch : 26/40]
Src_cls_loss	: 0.0612
-------------------------------------
[Epoch : 27/40]
Src_cls_loss	: 0.0592
-------------------------------------
[Epoch : 28/40]
Src_cls_loss	: 0.0573
-------------------------------------
[Epoch : 29/40]
Src_cls_loss	: 0.0558
-------------------------------------
[Epoch : 30/40]
Src_cls_loss	: 0.0546
-------------------------------------
[Epoch : 31/40]
Src_cls_loss	: 0.0532
-------------------------------------
[Epoch : 32/40]
Src_cls_loss	: 0.0517
-------------------------------------
[Epoch : 33/40]
Src_cls_loss	: 0.0503
-------------------------------------
[Epoch : 34/40]
Src_cls_loss	: 0.0490
-------------------------------------
[Epoch : 35/40]
Src_cls_loss	: 0.0477
-------------------------------------
[Epoch : 36/40]
Src_cls_loss	: 0.0468
-------------------------------------
[Epoch : 37/40]
Src_cls_loss	: 0.0458
-------------------------------------
[Epoch : 38/40]
Src_cls_loss	: 0.0447
-------------------------------------
[Epoch : 39/40]
Src_cls_loss	: 0.0436
-------------------------------------
[Epoch : 40/40]
Src_cls_loss	: 0.0427
-------------------------------------
