=============================================
Dataset: realworld_mobiact
Method:  NO_ADAPT
=============================================
Source: syn_54 ---> Target: dp_54
Run ID: 8
=============================================
[Epoch : 1/40]
Src_cls_loss	: 0.8970
-------------------------------------
[Epoch : 2/40]
Src_cls_loss	: 0.7746
-------------------------------------
[Epoch : 3/40]
Src_cls_loss	: 0.6575
-------------------------------------
[Epoch : 4/40]
Src_cls_loss	: 0.5547
-------------------------------------
[Epoch : 5/40]
Src_cls_loss	: 0.4722
-------------------------------------
[Epoch : 6/40]
Src_cls_loss	: 0.4111
-------------------------------------
[Epoch : 7/40]
Src_cls_loss	: 0.3652
-------------------------------------
[Epoch : 8/40]
Src_cls_loss	: 0.3281
-------------------------------------
[Epoch : 9/40]
Src_cls_loss	: 0.2960
-------------------------------------
[Epoch : 10/40]
Src_cls_loss	: 0.2714
-------------------------------------
[Epoch : 11/40]
Src_cls_loss	: 0.2508
-------------------------------------
[Epoch : 12/40]
Src_cls_loss	: 0.2339
-------------------------------------
[Epoch : 13/40]
Src_cls_loss	: 0.2199
-------------------------------------
[Epoch : 14/40]
Src_cls_loss	: 0.2070
-------------------------------------
[Epoch : 15/40]
Src_cls_loss	: 0.1963
-------------------------------------
[Epoch : 16/40]
Src_cls_loss	: 0.1858
-------------------------------------
[Epoch : 17/40]
Src_cls_loss	: 0.1769
-------------------------------------
[Epoch : 18/40]
Src_cls_loss	: 0.1686
-------------------------------------
[Epoch : 19/40]
Src_cls_loss	: 0.1618
-------------------------------------
[Epoch : 20/40]
Src_cls_loss	: 0.1552
-------------------------------------
[Epoch : 21/40]
Src_cls_loss	: 0.1487
-------------------------------------
[Epoch : 22/40]
Src_cls_loss	: 0.1431
-------------------------------------
[Epoch : 23/40]
Src_cls_loss	: 0.1375
-------------------------------------
[Epoch : 24/40]
Src_cls_loss	: 0.1322
-------------------------------------
[Epoch : 25/40]
Src_cls_loss	: 0.1276
-------------------------------------
[Epoch : 26/40]
Src_cls_loss	: 0.1233
-------------------------------------
[Epoch : 27/40]
Src_cls_loss	: 0.1190
-------------------------------------
[Epoch : 28/40]
Src_cls_loss	: 0.1150
-------------------------------------
[Epoch : 29/40]
Src_cls_loss	: 0.1117
-------------------------------------
[Epoch : 30/40]
Src_cls_loss	: 0.1085
-------------------------------------
[Epoch : 31/40]
Src_cls_loss	: 0.1059
-------------------------------------
[Epoch : 32/40]
Src_cls_loss	: 0.1033
-------------------------------------
[Epoch : 33/40]
Src_cls_loss	: 0.1006
-------------------------------------
[Epoch : 34/40]
Src_cls_loss	: 0.0979
-------------------------------------
[Epoch : 35/40]
Src_cls_loss	: 0.0954
-------------------------------------
[Epoch : 36/40]
Src_cls_loss	: 0.0934
-------------------------------------
[Epoch : 37/40]
Src_cls_loss	: 0.0931
-------------------------------------
[Epoch : 38/40]
Src_cls_loss	: 0.0917
-------------------------------------
[Epoch : 39/40]
Src_cls_loss	: 0.0898
-------------------------------------
[Epoch : 40/40]
Src_cls_loss	: 0.0880
-------------------------------------
