=============================================
Dataset: pamap_mobiact
Method:  NO_ADAPT
=============================================
Source: syn_14 ---> Target: dp_14
Run ID: 0
=============================================
[Epoch : 1/40]
Src_cls_loss	: 0.7155
-------------------------------------
[Epoch : 2/40]
Src_cls_loss	: 0.5982
-------------------------------------
[Epoch : 3/40]
Src_cls_loss	: 0.5258
-------------------------------------
[Epoch : 4/40]
Src_cls_loss	: 0.4595
-------------------------------------
[Epoch : 5/40]
Src_cls_loss	: 0.4076
-------------------------------------
[Epoch : 6/40]
Src_cls_loss	: 0.3676
-------------------------------------
[Epoch : 7/40]
Src_cls_loss	: 0.3353
-------------------------------------
[Epoch : 8/40]
Src_cls_loss	: 0.3117
-------------------------------------
[Epoch : 9/40]
Src_cls_loss	: 0.2850
-------------------------------------
[Epoch : 10/40]
Src_cls_loss	: 0.2641
-------------------------------------
[Epoch : 11/40]
Src_cls_loss	: 0.2454
-------------------------------------
[Epoch : 12/40]
Src_cls_loss	: 0.2282
-------------------------------------
[Epoch : 13/40]
Src_cls_loss	: 0.2147
-------------------------------------
[Epoch : 14/40]
Src_cls_loss	: 0.2047
-------------------------------------
[Epoch : 15/40]
Src_cls_loss	: 0.1979
-------------------------------------
[Epoch : 16/40]
Src_cls_loss	: 0.1889
-------------------------------------
[Epoch : 17/40]
Src_cls_loss	: 0.1801
-------------------------------------
[Epoch : 18/40]
Src_cls_loss	: 0.1718
-------------------------------------
[Epoch : 19/40]
Src_cls_loss	: 0.1643
-------------------------------------
[Epoch : 20/40]
Src_cls_loss	: 0.1573
-------------------------------------
[Epoch : 21/40]
Src_cls_loss	: 0.1509
-------------------------------------
[Epoch : 22/40]
Src_cls_loss	: 0.1453
-------------------------------------
[Epoch : 23/40]
Src_cls_loss	: 0.1401
-------------------------------------
[Epoch : 24/40]
Src_cls_loss	: 0.1351
-------------------------------------
[Epoch : 25/40]
Src_cls_loss	: 0.1302
-------------------------------------
[Epoch : 26/40]
Src_cls_loss	: 0.1258
-------------------------------------
[Epoch : 27/40]
Src_cls_loss	: 0.1226
-------------------------------------
[Epoch : 28/40]
Src_cls_loss	: 0.1193
-------------------------------------
[Epoch : 29/40]
Src_cls_loss	: 0.1163
-------------------------------------
[Epoch : 30/40]
Src_cls_loss	: 0.1132
-------------------------------------
[Epoch : 31/40]
Src_cls_loss	: 0.1100
-------------------------------------
[Epoch : 32/40]
Src_cls_loss	: 0.1069
-------------------------------------
[Epoch : 33/40]
Src_cls_loss	: 0.1041
-------------------------------------
[Epoch : 34/40]
Src_cls_loss	: 0.1012
-------------------------------------
[Epoch : 35/40]
Src_cls_loss	: 0.0985
-------------------------------------
[Epoch : 36/40]
Src_cls_loss	: 0.0961
-------------------------------------
[Epoch : 37/40]
Src_cls_loss	: 0.0942
-------------------------------------
[Epoch : 38/40]
Src_cls_loss	: 0.0920
-------------------------------------
[Epoch : 39/40]
Src_cls_loss	: 0.0899
-------------------------------------
[Epoch : 40/40]
Src_cls_loss	: 0.0879
-------------------------------------
