=============================================
Dataset: pamap_realworld
Method:  NO_ADAPT
=============================================
Source: syn_16 ---> Target: dp_16
Run ID: 9
=============================================
[Epoch : 1/40]
Src_cls_loss	: 0.3321
-------------------------------------
[Epoch : 2/40]
Src_cls_loss	: 0.2040
-------------------------------------
[Epoch : 3/40]
Src_cls_loss	: 0.1519
-------------------------------------
[Epoch : 4/40]
Src_cls_loss	: 0.1202
-------------------------------------
[Epoch : 5/40]
Src_cls_loss	: 0.1024
-------------------------------------
[Epoch : 6/40]
Src_cls_loss	: 0.0879
-------------------------------------
[Epoch : 7/40]
Src_cls_loss	: 0.0767
-------------------------------------
[Epoch : 8/40]
Src_cls_loss	: 0.0681
-------------------------------------
[Epoch : 9/40]
Src_cls_loss	: 0.0615
-------------------------------------
[Epoch : 10/40]
Src_cls_loss	: 0.0564
-------------------------------------
[Epoch : 11/40]
Src_cls_loss	: 0.0518
-------------------------------------
[Epoch : 12/40]
Src_cls_loss	: 0.0479
-------------------------------------
[Epoch : 13/40]
Src_cls_loss	: 0.0445
-------------------------------------
[Epoch : 14/40]
Src_cls_loss	: 0.0417
-------------------------------------
[Epoch : 15/40]
Src_cls_loss	: 0.0393
-------------------------------------
[Epoch : 16/40]
Src_cls_loss	: 0.0371
-------------------------------------
[Epoch : 17/40]
Src_cls_loss	: 0.0354
-------------------------------------
[Epoch : 18/40]
Src_cls_loss	: 0.0336
-------------------------------------
[Epoch : 19/40]
Src_cls_loss	: 0.0321
-------------------------------------
[Epoch : 20/40]
Src_cls_loss	: 0.0307
-------------------------------------
[Epoch : 21/40]
Src_cls_loss	: 0.0296
-------------------------------------
[Epoch : 22/40]
Src_cls_loss	: 0.0286
-------------------------------------
[Epoch : 23/40]
Src_cls_loss	: 0.0275
-------------------------------------
[Epoch : 24/40]
Src_cls_loss	: 0.0264
-------------------------------------
[Epoch : 25/40]
Src_cls_loss	: 0.0254
-------------------------------------
[Epoch : 26/40]
Src_cls_loss	: 0.0245
-------------------------------------
[Epoch : 27/40]
Src_cls_loss	: 0.0238
-------------------------------------
[Epoch : 28/40]
Src_cls_loss	: 0.0232
-------------------------------------
[Epoch : 29/40]
Src_cls_loss	: 0.0228
-------------------------------------
[Epoch : 30/40]
Src_cls_loss	: 0.0222
-------------------------------------
[Epoch : 31/40]
Src_cls_loss	: 0.0215
-------------------------------------
[Epoch : 32/40]
Src_cls_loss	: 0.0210
-------------------------------------
[Epoch : 33/40]
Src_cls_loss	: 0.0204
-------------------------------------
[Epoch : 34/40]
Src_cls_loss	: 0.0199
-------------------------------------
[Epoch : 35/40]
Src_cls_loss	: 0.0193
-------------------------------------
[Epoch : 36/40]
Src_cls_loss	: 0.0189
-------------------------------------
[Epoch : 37/40]
Src_cls_loss	: 0.0185
-------------------------------------
[Epoch : 38/40]
Src_cls_loss	: 0.0181
-------------------------------------
[Epoch : 39/40]
Src_cls_loss	: 0.0177
-------------------------------------
[Epoch : 40/40]
Src_cls_loss	: 0.0175
-------------------------------------
