=============================================
Dataset: mobiact_realworld
Method:  SYN
=============================================
Source: syn_wal_74 ---> Target: dp_wal_74
Run ID: 4
=============================================
[Epoch : 1/40]
Src_cls_loss	: 0.6776
-------------------------------------
[Epoch : 2/40]
Src_cls_loss	: 0.5041
-------------------------------------
[Epoch : 3/40]
Src_cls_loss	: 0.3912
-------------------------------------
[Epoch : 4/40]
Src_cls_loss	: 0.3161
-------------------------------------
[Epoch : 5/40]
Src_cls_loss	: 0.2641
-------------------------------------
[Epoch : 6/40]
Src_cls_loss	: 0.2266
-------------------------------------
[Epoch : 7/40]
Src_cls_loss	: 0.1995
-------------------------------------
[Epoch : 8/40]
Src_cls_loss	: 0.1781
-------------------------------------
[Epoch : 9/40]
Src_cls_loss	: 0.1605
-------------------------------------
[Epoch : 10/40]
Src_cls_loss	: 0.1462
-------------------------------------
[Epoch : 11/40]
Src_cls_loss	: 0.1343
-------------------------------------
[Epoch : 12/40]
Src_cls_loss	: 0.1243
-------------------------------------
[Epoch : 13/40]
Src_cls_loss	: 0.1156
-------------------------------------
[Epoch : 14/40]
Src_cls_loss	: 0.1081
-------------------------------------
[Epoch : 15/40]
Src_cls_loss	: 0.1019
-------------------------------------
[Epoch : 16/40]
Src_cls_loss	: 0.0966
-------------------------------------
[Epoch : 17/40]
Src_cls_loss	: 0.0915
-------------------------------------
[Epoch : 18/40]
Src_cls_loss	: 0.0869
-------------------------------------
[Epoch : 19/40]
Src_cls_loss	: 0.0828
-------------------------------------
[Epoch : 20/40]
Src_cls_loss	: 0.0793
-------------------------------------
[Epoch : 21/40]
Src_cls_loss	: 0.0760
-------------------------------------
[Epoch : 22/40]
Src_cls_loss	: 0.0728
-------------------------------------
[Epoch : 23/40]
Src_cls_loss	: 0.0698
-------------------------------------
[Epoch : 24/40]
Src_cls_loss	: 0.0671
-------------------------------------
[Epoch : 25/40]
Src_cls_loss	: 0.0645
-------------------------------------
[Epoch : 26/40]
Src_cls_loss	: 0.0621
-------------------------------------
[Epoch : 27/40]
Src_cls_loss	: 0.0600
-------------------------------------
[Epoch : 28/40]
Src_cls_loss	: 0.0579
-------------------------------------
[Epoch : 29/40]
Src_cls_loss	: 0.0562
-------------------------------------
[Epoch : 30/40]
Src_cls_loss	: 0.0547
-------------------------------------
[Epoch : 31/40]
Src_cls_loss	: 0.0531
-------------------------------------
[Epoch : 32/40]
Src_cls_loss	: 0.0515
-------------------------------------
[Epoch : 33/40]
Src_cls_loss	: 0.0500
-------------------------------------
[Epoch : 34/40]
Src_cls_loss	: 0.0486
-------------------------------------
[Epoch : 35/40]
Src_cls_loss	: 0.0472
-------------------------------------
[Epoch : 36/40]
Src_cls_loss	: 0.0460
-------------------------------------
[Epoch : 37/40]
Src_cls_loss	: 0.0448
-------------------------------------
[Epoch : 38/40]
Src_cls_loss	: 0.0437
-------------------------------------
[Epoch : 39/40]
Src_cls_loss	: 0.0427
-------------------------------------
[Epoch : 40/40]
Src_cls_loss	: 0.0418
-------------------------------------
