=============================================
Dataset: realworld_mobiact
Method:  NO_ADAPT
=============================================
Source: syn_65 ---> Target: dp_65
Run ID: 7
=============================================
[Epoch : 1/40]
Src_cls_loss	: 0.8868
-------------------------------------
[Epoch : 2/40]
Src_cls_loss	: 0.7840
-------------------------------------
[Epoch : 3/40]
Src_cls_loss	: 0.6940
-------------------------------------
[Epoch : 4/40]
Src_cls_loss	: 0.6124
-------------------------------------
[Epoch : 5/40]
Src_cls_loss	: 0.5375
-------------------------------------
[Epoch : 6/40]
Src_cls_loss	: 0.4750
-------------------------------------
[Epoch : 7/40]
Src_cls_loss	: 0.4225
-------------------------------------
[Epoch : 8/40]
Src_cls_loss	: 0.3790
-------------------------------------
[Epoch : 9/40]
Src_cls_loss	: 0.3444
-------------------------------------
[Epoch : 10/40]
Src_cls_loss	: 0.3167
-------------------------------------
[Epoch : 11/40]
Src_cls_loss	: 0.2936
-------------------------------------
[Epoch : 12/40]
Src_cls_loss	: 0.2741
-------------------------------------
[Epoch : 13/40]
Src_cls_loss	: 0.2589
-------------------------------------
[Epoch : 14/40]
Src_cls_loss	: 0.2453
-------------------------------------
[Epoch : 15/40]
Src_cls_loss	: 0.2323
-------------------------------------
[Epoch : 16/40]
Src_cls_loss	: 0.2207
-------------------------------------
[Epoch : 17/40]
Src_cls_loss	: 0.2104
-------------------------------------
[Epoch : 18/40]
Src_cls_loss	: 0.2016
-------------------------------------
[Epoch : 19/40]
Src_cls_loss	: 0.1933
-------------------------------------
[Epoch : 20/40]
Src_cls_loss	: 0.1859
-------------------------------------
[Epoch : 21/40]
Src_cls_loss	: 0.1782
-------------------------------------
[Epoch : 22/40]
Src_cls_loss	: 0.1713
-------------------------------------
[Epoch : 23/40]
Src_cls_loss	: 0.1647
-------------------------------------
[Epoch : 24/40]
Src_cls_loss	: 0.1587
-------------------------------------
[Epoch : 25/40]
Src_cls_loss	: 0.1533
-------------------------------------
[Epoch : 26/40]
Src_cls_loss	: 0.1481
-------------------------------------
[Epoch : 27/40]
Src_cls_loss	: 0.1433
-------------------------------------
[Epoch : 28/40]
Src_cls_loss	: 0.1388
-------------------------------------
[Epoch : 29/40]
Src_cls_loss	: 0.1346
-------------------------------------
[Epoch : 30/40]
Src_cls_loss	: 0.1307
-------------------------------------
[Epoch : 31/40]
Src_cls_loss	: 0.1274
-------------------------------------
[Epoch : 32/40]
Src_cls_loss	: 0.1242
-------------------------------------
[Epoch : 33/40]
Src_cls_loss	: 0.1211
-------------------------------------
[Epoch : 34/40]
Src_cls_loss	: 0.1181
-------------------------------------
[Epoch : 35/40]
Src_cls_loss	: 0.1153
-------------------------------------
[Epoch : 36/40]
Src_cls_loss	: 0.1131
-------------------------------------
[Epoch : 37/40]
Src_cls_loss	: 0.1107
-------------------------------------
[Epoch : 38/40]
Src_cls_loss	: 0.1086
-------------------------------------
[Epoch : 39/40]
Src_cls_loss	: 0.1068
-------------------------------------
[Epoch : 40/40]
Src_cls_loss	: 0.1047
-------------------------------------
