=============================================
Dataset: realworld_pamap
Method:  NO_ADAPT
=============================================
Source: df ---> Target: dp_20
Run ID: 4
=============================================
[Epoch : 1/40]
Src_cls_loss	: 0.3708
-------------------------------------
[Epoch : 2/40]
Src_cls_loss	: 0.2987
-------------------------------------
[Epoch : 3/40]
Src_cls_loss	: 0.2643
-------------------------------------
[Epoch : 4/40]
Src_cls_loss	: 0.2411
-------------------------------------
[Epoch : 5/40]
Src_cls_loss	: 0.2255
-------------------------------------
[Epoch : 6/40]
Src_cls_loss	: 0.2118
-------------------------------------
[Epoch : 7/40]
Src_cls_loss	: 0.2015
-------------------------------------
[Epoch : 8/40]
Src_cls_loss	: 0.1920
-------------------------------------
[Epoch : 9/40]
Src_cls_loss	: 0.1842
-------------------------------------
[Epoch : 10/40]
Src_cls_loss	: 0.1776
-------------------------------------
[Epoch : 11/40]
Src_cls_loss	: 0.1712
-------------------------------------
[Epoch : 12/40]
Src_cls_loss	: 0.1663
-------------------------------------
[Epoch : 13/40]
Src_cls_loss	: 0.1611
-------------------------------------
[Epoch : 14/40]
Src_cls_loss	: 0.1563
-------------------------------------
[Epoch : 15/40]
Src_cls_loss	: 0.1520
-------------------------------------
[Epoch : 16/40]
Src_cls_loss	: 0.1482
-------------------------------------
[Epoch : 17/40]
Src_cls_loss	: 0.1442
-------------------------------------
[Epoch : 18/40]
Src_cls_loss	: 0.1404
-------------------------------------
[Epoch : 19/40]
Src_cls_loss	: 0.1369
-------------------------------------
[Epoch : 20/40]
Src_cls_loss	: 0.1337
-------------------------------------
[Epoch : 21/40]
Src_cls_loss	: 0.1306
-------------------------------------
[Epoch : 22/40]
Src_cls_loss	: 0.1277
-------------------------------------
[Epoch : 23/40]
Src_cls_loss	: 0.1248
-------------------------------------
[Epoch : 24/40]
Src_cls_loss	: 0.1223
-------------------------------------
[Epoch : 25/40]
Src_cls_loss	: 0.1200
-------------------------------------
[Epoch : 26/40]
Src_cls_loss	: 0.1176
-------------------------------------
[Epoch : 27/40]
Src_cls_loss	: 0.1151
-------------------------------------
[Epoch : 28/40]
Src_cls_loss	: 0.1128
-------------------------------------
[Epoch : 29/40]
Src_cls_loss	: 0.1109
-------------------------------------
[Epoch : 30/40]
Src_cls_loss	: 0.1088
-------------------------------------
[Epoch : 31/40]
Src_cls_loss	: 0.1070
-------------------------------------
[Epoch : 32/40]
Src_cls_loss	: 0.1051
-------------------------------------
[Epoch : 33/40]
Src_cls_loss	: 0.1033
-------------------------------------
[Epoch : 34/40]
Src_cls_loss	: 0.1015
-------------------------------------
[Epoch : 35/40]
Src_cls_loss	: 0.0997
-------------------------------------
[Epoch : 36/40]
Src_cls_loss	: 0.0982
-------------------------------------
[Epoch : 37/40]
Src_cls_loss	: 0.0967
-------------------------------------
[Epoch : 38/40]
Src_cls_loss	: 0.0951
-------------------------------------
[Epoch : 39/40]
Src_cls_loss	: 0.0937
-------------------------------------
[Epoch : 40/40]
Src_cls_loss	: 0.0924
-------------------------------------
