=============================================
Dataset: realworld_mobiact
Method:  NO_ADAPT
=============================================
Source: syn_71 ---> Target: dp_71
Run ID: 2
=============================================
[Epoch : 1/40]
Src_cls_loss	: 0.8064
-------------------------------------
[Epoch : 2/40]
Src_cls_loss	: 0.6479
-------------------------------------
[Epoch : 3/40]
Src_cls_loss	: 0.5152
-------------------------------------
[Epoch : 4/40]
Src_cls_loss	: 0.4250
-------------------------------------
[Epoch : 5/40]
Src_cls_loss	: 0.3628
-------------------------------------
[Epoch : 6/40]
Src_cls_loss	: 0.3165
-------------------------------------
[Epoch : 7/40]
Src_cls_loss	: 0.2818
-------------------------------------
[Epoch : 8/40]
Src_cls_loss	: 0.2573
-------------------------------------
[Epoch : 9/40]
Src_cls_loss	: 0.2337
-------------------------------------
[Epoch : 10/40]
Src_cls_loss	: 0.2133
-------------------------------------
[Epoch : 11/40]
Src_cls_loss	: 0.1966
-------------------------------------
[Epoch : 12/40]
Src_cls_loss	: 0.1823
-------------------------------------
[Epoch : 13/40]
Src_cls_loss	: 0.1698
-------------------------------------
[Epoch : 14/40]
Src_cls_loss	: 0.1593
-------------------------------------
[Epoch : 15/40]
Src_cls_loss	: 0.1512
-------------------------------------
[Epoch : 16/40]
Src_cls_loss	: 0.1446
-------------------------------------
[Epoch : 17/40]
Src_cls_loss	: 0.1380
-------------------------------------
[Epoch : 18/40]
Src_cls_loss	: 0.1312
-------------------------------------
[Epoch : 19/40]
Src_cls_loss	: 0.1249
-------------------------------------
[Epoch : 20/40]
Src_cls_loss	: 0.1193
-------------------------------------
[Epoch : 21/40]
Src_cls_loss	: 0.1144
-------------------------------------
[Epoch : 22/40]
Src_cls_loss	: 0.1096
-------------------------------------
[Epoch : 23/40]
Src_cls_loss	: 0.1057
-------------------------------------
[Epoch : 24/40]
Src_cls_loss	: 0.1022
-------------------------------------
[Epoch : 25/40]
Src_cls_loss	: 0.0985
-------------------------------------
[Epoch : 26/40]
Src_cls_loss	: 0.0950
-------------------------------------
[Epoch : 27/40]
Src_cls_loss	: 0.0919
-------------------------------------
[Epoch : 28/40]
Src_cls_loss	: 0.0889
-------------------------------------
[Epoch : 29/40]
Src_cls_loss	: 0.0861
-------------------------------------
[Epoch : 30/40]
Src_cls_loss	: 0.0834
-------------------------------------
[Epoch : 31/40]
Src_cls_loss	: 0.0811
-------------------------------------
[Epoch : 32/40]
Src_cls_loss	: 0.0788
-------------------------------------
[Epoch : 33/40]
Src_cls_loss	: 0.0766
-------------------------------------
[Epoch : 34/40]
Src_cls_loss	: 0.0744
-------------------------------------
[Epoch : 35/40]
Src_cls_loss	: 0.0726
-------------------------------------
[Epoch : 36/40]
Src_cls_loss	: 0.0707
-------------------------------------
[Epoch : 37/40]
Src_cls_loss	: 0.0690
-------------------------------------
[Epoch : 38/40]
Src_cls_loss	: 0.0674
-------------------------------------
[Epoch : 39/40]
Src_cls_loss	: 0.0658
-------------------------------------
[Epoch : 40/40]
Src_cls_loss	: 0.0644
-------------------------------------
