=============================================
Dataset: pamap_mobiact
Method:  SYN
=============================================
Source: syn_wal_36 ---> Target: dp_wal_36
Run ID: 7
=============================================
[Epoch : 1/40]
Src_cls_loss	: 0.6553
-------------------------------------
[Epoch : 2/40]
Src_cls_loss	: 0.4491
-------------------------------------
[Epoch : 3/40]
Src_cls_loss	: 0.3432
-------------------------------------
[Epoch : 4/40]
Src_cls_loss	: 0.2761
-------------------------------------
[Epoch : 5/40]
Src_cls_loss	: 0.2332
-------------------------------------
[Epoch : 6/40]
Src_cls_loss	: 0.2007
-------------------------------------
[Epoch : 7/40]
Src_cls_loss	: 0.1762
-------------------------------------
[Epoch : 8/40]
Src_cls_loss	: 0.1573
-------------------------------------
[Epoch : 9/40]
Src_cls_loss	: 0.1422
-------------------------------------
[Epoch : 10/40]
Src_cls_loss	: 0.1309
-------------------------------------
[Epoch : 11/40]
Src_cls_loss	: 0.1206
-------------------------------------
[Epoch : 12/40]
Src_cls_loss	: 0.1114
-------------------------------------
[Epoch : 13/40]
Src_cls_loss	: 0.1039
-------------------------------------
[Epoch : 14/40]
Src_cls_loss	: 0.0973
-------------------------------------
[Epoch : 15/40]
Src_cls_loss	: 0.0917
-------------------------------------
[Epoch : 16/40]
Src_cls_loss	: 0.0864
-------------------------------------
[Epoch : 17/40]
Src_cls_loss	: 0.0818
-------------------------------------
[Epoch : 18/40]
Src_cls_loss	: 0.0778
-------------------------------------
[Epoch : 19/40]
Src_cls_loss	: 0.0740
-------------------------------------
[Epoch : 20/40]
Src_cls_loss	: 0.0706
-------------------------------------
[Epoch : 21/40]
Src_cls_loss	: 0.0675
-------------------------------------
[Epoch : 22/40]
Src_cls_loss	: 0.0647
-------------------------------------
[Epoch : 23/40]
Src_cls_loss	: 0.0621
-------------------------------------
[Epoch : 24/40]
Src_cls_loss	: 0.0596
-------------------------------------
[Epoch : 25/40]
Src_cls_loss	: 0.0574
-------------------------------------
[Epoch : 26/40]
Src_cls_loss	: 0.0552
-------------------------------------
[Epoch : 27/40]
Src_cls_loss	: 0.0534
-------------------------------------
[Epoch : 28/40]
Src_cls_loss	: 0.0516
-------------------------------------
[Epoch : 29/40]
Src_cls_loss	: 0.0499
-------------------------------------
[Epoch : 30/40]
Src_cls_loss	: 0.0483
-------------------------------------
[Epoch : 31/40]
Src_cls_loss	: 0.0468
-------------------------------------
[Epoch : 32/40]
Src_cls_loss	: 0.0454
-------------------------------------
[Epoch : 33/40]
Src_cls_loss	: 0.0441
-------------------------------------
[Epoch : 34/40]
Src_cls_loss	: 0.0429
-------------------------------------
[Epoch : 35/40]
Src_cls_loss	: 0.0418
-------------------------------------
[Epoch : 36/40]
Src_cls_loss	: 0.0407
-------------------------------------
[Epoch : 37/40]
Src_cls_loss	: 0.0396
-------------------------------------
[Epoch : 38/40]
Src_cls_loss	: 0.0386
-------------------------------------
[Epoch : 39/40]
Src_cls_loss	: 0.0377
-------------------------------------
[Epoch : 40/40]
Src_cls_loss	: 0.0368
-------------------------------------
