=============================================
Dataset: pamap_mobiact
Method:  NO_ADAPT
=============================================
Source: syn_44 ---> Target: dp_44
Run ID: 2
=============================================
[Epoch : 1/40]
Src_cls_loss	: 0.6513
-------------------------------------
[Epoch : 2/40]
Src_cls_loss	: 0.5578
-------------------------------------
[Epoch : 3/40]
Src_cls_loss	: 0.5018
-------------------------------------
[Epoch : 4/40]
Src_cls_loss	: 0.4436
-------------------------------------
[Epoch : 5/40]
Src_cls_loss	: 0.4021
-------------------------------------
[Epoch : 6/40]
Src_cls_loss	: 0.3743
-------------------------------------
[Epoch : 7/40]
Src_cls_loss	: 0.3536
-------------------------------------
[Epoch : 8/40]
Src_cls_loss	: 0.3310
-------------------------------------
[Epoch : 9/40]
Src_cls_loss	: 0.3093
-------------------------------------
[Epoch : 10/40]
Src_cls_loss	: 0.2927
-------------------------------------
[Epoch : 11/40]
Src_cls_loss	: 0.2763
-------------------------------------
[Epoch : 12/40]
Src_cls_loss	: 0.2627
-------------------------------------
[Epoch : 13/40]
Src_cls_loss	: 0.2524
-------------------------------------
[Epoch : 14/40]
Src_cls_loss	: 0.2406
-------------------------------------
[Epoch : 15/40]
Src_cls_loss	: 0.2305
-------------------------------------
[Epoch : 16/40]
Src_cls_loss	: 0.2220
-------------------------------------
[Epoch : 17/40]
Src_cls_loss	: 0.2137
-------------------------------------
[Epoch : 18/40]
Src_cls_loss	: 0.2052
-------------------------------------
[Epoch : 19/40]
Src_cls_loss	: 0.1974
-------------------------------------
[Epoch : 20/40]
Src_cls_loss	: 0.1905
-------------------------------------
[Epoch : 21/40]
Src_cls_loss	: 0.1855
-------------------------------------
[Epoch : 22/40]
Src_cls_loss	: 0.1797
-------------------------------------
[Epoch : 23/40]
Src_cls_loss	: 0.1740
-------------------------------------
[Epoch : 24/40]
Src_cls_loss	: 0.1697
-------------------------------------
[Epoch : 25/40]
Src_cls_loss	: 0.1653
-------------------------------------
[Epoch : 26/40]
Src_cls_loss	: 0.1609
-------------------------------------
[Epoch : 27/40]
Src_cls_loss	: 0.1570
-------------------------------------
[Epoch : 28/40]
Src_cls_loss	: 0.1527
-------------------------------------
[Epoch : 29/40]
Src_cls_loss	: 0.1484
-------------------------------------
[Epoch : 30/40]
Src_cls_loss	: 0.1442
-------------------------------------
[Epoch : 31/40]
Src_cls_loss	: 0.1403
-------------------------------------
[Epoch : 32/40]
Src_cls_loss	: 0.1373
-------------------------------------
[Epoch : 33/40]
Src_cls_loss	: 0.1341
-------------------------------------
[Epoch : 34/40]
Src_cls_loss	: 0.1320
-------------------------------------
[Epoch : 35/40]
Src_cls_loss	: 0.1296
-------------------------------------
[Epoch : 36/40]
Src_cls_loss	: 0.1268
-------------------------------------
[Epoch : 37/40]
Src_cls_loss	: 0.1245
-------------------------------------
[Epoch : 38/40]
Src_cls_loss	: 0.1220
-------------------------------------
[Epoch : 39/40]
Src_cls_loss	: 0.1195
-------------------------------------
[Epoch : 40/40]
Src_cls_loss	: 0.1173
-------------------------------------
