=============================================
Dataset: pamap_mobiact
Method:  SYN
=============================================
Source: syn_wal_49 ---> Target: dp_wal_49
Run ID: 9
=============================================
[Epoch : 1/40]
Src_cls_loss	: 0.7731
-------------------------------------
[Epoch : 2/40]
Src_cls_loss	: 0.6284
-------------------------------------
[Epoch : 3/40]
Src_cls_loss	: 0.5388
-------------------------------------
[Epoch : 4/40]
Src_cls_loss	: 0.4650
-------------------------------------
[Epoch : 5/40]
Src_cls_loss	: 0.4067
-------------------------------------
[Epoch : 6/40]
Src_cls_loss	: 0.3581
-------------------------------------
[Epoch : 7/40]
Src_cls_loss	: 0.3265
-------------------------------------
[Epoch : 8/40]
Src_cls_loss	: 0.2985
-------------------------------------
[Epoch : 9/40]
Src_cls_loss	: 0.2737
-------------------------------------
[Epoch : 10/40]
Src_cls_loss	: 0.2511
-------------------------------------
[Epoch : 11/40]
Src_cls_loss	: 0.2329
-------------------------------------
[Epoch : 12/40]
Src_cls_loss	: 0.2181
-------------------------------------
[Epoch : 13/40]
Src_cls_loss	: 0.2048
-------------------------------------
[Epoch : 14/40]
Src_cls_loss	: 0.1931
-------------------------------------
[Epoch : 15/40]
Src_cls_loss	: 0.1821
-------------------------------------
[Epoch : 16/40]
Src_cls_loss	: 0.1718
-------------------------------------
[Epoch : 17/40]
Src_cls_loss	: 0.1630
-------------------------------------
[Epoch : 18/40]
Src_cls_loss	: 0.1552
-------------------------------------
[Epoch : 19/40]
Src_cls_loss	: 0.1487
-------------------------------------
[Epoch : 20/40]
Src_cls_loss	: 0.1416
-------------------------------------
[Epoch : 21/40]
Src_cls_loss	: 0.1353
-------------------------------------
[Epoch : 22/40]
Src_cls_loss	: 0.1295
-------------------------------------
[Epoch : 23/40]
Src_cls_loss	: 0.1243
-------------------------------------
[Epoch : 24/40]
Src_cls_loss	: 0.1197
-------------------------------------
[Epoch : 25/40]
Src_cls_loss	: 0.1153
-------------------------------------
[Epoch : 26/40]
Src_cls_loss	: 0.1114
-------------------------------------
[Epoch : 27/40]
Src_cls_loss	: 0.1079
-------------------------------------
[Epoch : 28/40]
Src_cls_loss	: 0.1047
-------------------------------------
[Epoch : 29/40]
Src_cls_loss	: 0.1019
-------------------------------------
[Epoch : 30/40]
Src_cls_loss	: 0.0989
-------------------------------------
[Epoch : 31/40]
Src_cls_loss	: 0.0959
-------------------------------------
[Epoch : 32/40]
Src_cls_loss	: 0.0931
-------------------------------------
[Epoch : 33/40]
Src_cls_loss	: 0.0904
-------------------------------------
[Epoch : 34/40]
Src_cls_loss	: 0.0880
-------------------------------------
[Epoch : 35/40]
Src_cls_loss	: 0.0856
-------------------------------------
[Epoch : 36/40]
Src_cls_loss	: 0.0833
-------------------------------------
[Epoch : 37/40]
Src_cls_loss	: 0.0813
-------------------------------------
[Epoch : 38/40]
Src_cls_loss	: 0.0793
-------------------------------------
[Epoch : 39/40]
Src_cls_loss	: 0.0774
-------------------------------------
[Epoch : 40/40]
Src_cls_loss	: 0.0756
-------------------------------------
