=============================================
Dataset: pamap_mobiact
Method:  NO_ADAPT
=============================================
Source: syn_41 ---> Target: dp_41
Run ID: 8
=============================================
[Epoch : 1/40]
Src_cls_loss	: 0.5153
-------------------------------------
[Epoch : 2/40]
Src_cls_loss	: 0.3811
-------------------------------------
[Epoch : 3/40]
Src_cls_loss	: 0.3064
-------------------------------------
[Epoch : 4/40]
Src_cls_loss	: 0.2585
-------------------------------------
[Epoch : 5/40]
Src_cls_loss	: 0.2221
-------------------------------------
[Epoch : 6/40]
Src_cls_loss	: 0.1954
-------------------------------------
[Epoch : 7/40]
Src_cls_loss	: 0.1756
-------------------------------------
[Epoch : 8/40]
Src_cls_loss	: 0.1604
-------------------------------------
[Epoch : 9/40]
Src_cls_loss	: 0.1461
-------------------------------------
[Epoch : 10/40]
Src_cls_loss	: 0.1356
-------------------------------------
[Epoch : 11/40]
Src_cls_loss	: 0.1253
-------------------------------------
[Epoch : 12/40]
Src_cls_loss	: 0.1180
-------------------------------------
[Epoch : 13/40]
Src_cls_loss	: 0.1117
-------------------------------------
[Epoch : 14/40]
Src_cls_loss	: 0.1060
-------------------------------------
[Epoch : 15/40]
Src_cls_loss	: 0.1014
-------------------------------------
[Epoch : 16/40]
Src_cls_loss	: 0.0962
-------------------------------------
[Epoch : 17/40]
Src_cls_loss	: 0.0918
-------------------------------------
[Epoch : 18/40]
Src_cls_loss	: 0.0880
-------------------------------------
[Epoch : 19/40]
Src_cls_loss	: 0.0842
-------------------------------------
[Epoch : 20/40]
Src_cls_loss	: 0.0812
-------------------------------------
[Epoch : 21/40]
Src_cls_loss	: 0.0781
-------------------------------------
[Epoch : 22/40]
Src_cls_loss	: 0.0753
-------------------------------------
[Epoch : 23/40]
Src_cls_loss	: 0.0731
-------------------------------------
[Epoch : 24/40]
Src_cls_loss	: 0.0713
-------------------------------------
[Epoch : 25/40]
Src_cls_loss	: 0.0690
-------------------------------------
[Epoch : 26/40]
Src_cls_loss	: 0.0676
-------------------------------------
[Epoch : 27/40]
Src_cls_loss	: 0.0656
-------------------------------------
[Epoch : 28/40]
Src_cls_loss	: 0.0637
-------------------------------------
[Epoch : 29/40]
Src_cls_loss	: 0.0620
-------------------------------------
[Epoch : 30/40]
Src_cls_loss	: 0.0602
-------------------------------------
[Epoch : 31/40]
Src_cls_loss	: 0.0588
-------------------------------------
[Epoch : 32/40]
Src_cls_loss	: 0.0572
-------------------------------------
[Epoch : 33/40]
Src_cls_loss	: 0.0560
-------------------------------------
[Epoch : 34/40]
Src_cls_loss	: 0.0545
-------------------------------------
[Epoch : 35/40]
Src_cls_loss	: 0.0532
-------------------------------------
[Epoch : 36/40]
Src_cls_loss	: 0.0519
-------------------------------------
[Epoch : 37/40]
Src_cls_loss	: 0.0513
-------------------------------------
[Epoch : 38/40]
Src_cls_loss	: 0.0502
-------------------------------------
[Epoch : 39/40]
Src_cls_loss	: 0.0491
-------------------------------------
[Epoch : 40/40]
Src_cls_loss	: 0.0480
-------------------------------------
