=============================================
Dataset: realworld_mobiact
Method:  SYN
=============================================
Source: syn_wal_50 ---> Target: dp_wal_50
Run ID: 4
=============================================
[Epoch : 1/40]
Src_cls_loss	: 0.7742
-------------------------------------
[Epoch : 2/40]
Src_cls_loss	: 0.5564
-------------------------------------
[Epoch : 3/40]
Src_cls_loss	: 0.4250
-------------------------------------
[Epoch : 4/40]
Src_cls_loss	: 0.3396
-------------------------------------
[Epoch : 5/40]
Src_cls_loss	: 0.2821
-------------------------------------
[Epoch : 6/40]
Src_cls_loss	: 0.2410
-------------------------------------
[Epoch : 7/40]
Src_cls_loss	: 0.2102
-------------------------------------
[Epoch : 8/40]
Src_cls_loss	: 0.1879
-------------------------------------
[Epoch : 9/40]
Src_cls_loss	: 0.1693
-------------------------------------
[Epoch : 10/40]
Src_cls_loss	: 0.1537
-------------------------------------
[Epoch : 11/40]
Src_cls_loss	: 0.1414
-------------------------------------
[Epoch : 12/40]
Src_cls_loss	: 0.1306
-------------------------------------
[Epoch : 13/40]
Src_cls_loss	: 0.1212
-------------------------------------
[Epoch : 14/40]
Src_cls_loss	: 0.1132
-------------------------------------
[Epoch : 15/40]
Src_cls_loss	: 0.1063
-------------------------------------
[Epoch : 16/40]
Src_cls_loss	: 0.1003
-------------------------------------
[Epoch : 17/40]
Src_cls_loss	: 0.0947
-------------------------------------
[Epoch : 18/40]
Src_cls_loss	: 0.0898
-------------------------------------
[Epoch : 19/40]
Src_cls_loss	: 0.0853
-------------------------------------
[Epoch : 20/40]
Src_cls_loss	: 0.0813
-------------------------------------
[Epoch : 21/40]
Src_cls_loss	: 0.0776
-------------------------------------
[Epoch : 22/40]
Src_cls_loss	: 0.0743
-------------------------------------
[Epoch : 23/40]
Src_cls_loss	: 0.0712
-------------------------------------
[Epoch : 24/40]
Src_cls_loss	: 0.0684
-------------------------------------
[Epoch : 25/40]
Src_cls_loss	: 0.0658
-------------------------------------
[Epoch : 26/40]
Src_cls_loss	: 0.0634
-------------------------------------
[Epoch : 27/40]
Src_cls_loss	: 0.0612
-------------------------------------
[Epoch : 28/40]
Src_cls_loss	: 0.0591
-------------------------------------
[Epoch : 29/40]
Src_cls_loss	: 0.0571
-------------------------------------
[Epoch : 30/40]
Src_cls_loss	: 0.0553
-------------------------------------
[Epoch : 31/40]
Src_cls_loss	: 0.0537
-------------------------------------
[Epoch : 32/40]
Src_cls_loss	: 0.0520
-------------------------------------
[Epoch : 33/40]
Src_cls_loss	: 0.0506
-------------------------------------
[Epoch : 34/40]
Src_cls_loss	: 0.0492
-------------------------------------
[Epoch : 35/40]
Src_cls_loss	: 0.0479
-------------------------------------
[Epoch : 36/40]
Src_cls_loss	: 0.0466
-------------------------------------
[Epoch : 37/40]
Src_cls_loss	: 0.0454
-------------------------------------
[Epoch : 38/40]
Src_cls_loss	: 0.0443
-------------------------------------
[Epoch : 39/40]
Src_cls_loss	: 0.0432
-------------------------------------
[Epoch : 40/40]
Src_cls_loss	: 0.0422
-------------------------------------
