=============================================
Dataset: realworld_mobiact
Method:  SYN
=============================================
Source: syn_wal_23 ---> Target: dp_wal_23
Run ID: 2
=============================================
[Epoch : 1/40]
Src_cls_loss	: 0.8010
-------------------------------------
[Epoch : 2/40]
Src_cls_loss	: 0.6479
-------------------------------------
[Epoch : 3/40]
Src_cls_loss	: 0.5258
-------------------------------------
[Epoch : 4/40]
Src_cls_loss	: 0.4377
-------------------------------------
[Epoch : 5/40]
Src_cls_loss	: 0.3713
-------------------------------------
[Epoch : 6/40]
Src_cls_loss	: 0.3226
-------------------------------------
[Epoch : 7/40]
Src_cls_loss	: 0.2852
-------------------------------------
[Epoch : 8/40]
Src_cls_loss	: 0.2543
-------------------------------------
[Epoch : 9/40]
Src_cls_loss	: 0.2317
-------------------------------------
[Epoch : 10/40]
Src_cls_loss	: 0.2110
-------------------------------------
[Epoch : 11/40]
Src_cls_loss	: 0.1949
-------------------------------------
[Epoch : 12/40]
Src_cls_loss	: 0.1811
-------------------------------------
[Epoch : 13/40]
Src_cls_loss	: 0.1694
-------------------------------------
[Epoch : 14/40]
Src_cls_loss	: 0.1590
-------------------------------------
[Epoch : 15/40]
Src_cls_loss	: 0.1497
-------------------------------------
[Epoch : 16/40]
Src_cls_loss	: 0.1420
-------------------------------------
[Epoch : 17/40]
Src_cls_loss	: 0.1345
-------------------------------------
[Epoch : 18/40]
Src_cls_loss	: 0.1279
-------------------------------------
[Epoch : 19/40]
Src_cls_loss	: 0.1217
-------------------------------------
[Epoch : 20/40]
Src_cls_loss	: 0.1164
-------------------------------------
[Epoch : 21/40]
Src_cls_loss	: 0.1114
-------------------------------------
[Epoch : 22/40]
Src_cls_loss	: 0.1067
-------------------------------------
[Epoch : 23/40]
Src_cls_loss	: 0.1024
-------------------------------------
[Epoch : 24/40]
Src_cls_loss	: 0.0985
-------------------------------------
[Epoch : 25/40]
Src_cls_loss	: 0.0948
-------------------------------------
[Epoch : 26/40]
Src_cls_loss	: 0.0914
-------------------------------------
[Epoch : 27/40]
Src_cls_loss	: 0.0882
-------------------------------------
[Epoch : 28/40]
Src_cls_loss	: 0.0852
-------------------------------------
[Epoch : 29/40]
Src_cls_loss	: 0.0825
-------------------------------------
[Epoch : 30/40]
Src_cls_loss	: 0.0802
-------------------------------------
[Epoch : 31/40]
Src_cls_loss	: 0.0777
-------------------------------------
[Epoch : 32/40]
Src_cls_loss	: 0.0755
-------------------------------------
[Epoch : 33/40]
Src_cls_loss	: 0.0734
-------------------------------------
[Epoch : 34/40]
Src_cls_loss	: 0.0714
-------------------------------------
[Epoch : 35/40]
Src_cls_loss	: 0.0695
-------------------------------------
[Epoch : 36/40]
Src_cls_loss	: 0.0677
-------------------------------------
[Epoch : 37/40]
Src_cls_loss	: 0.0660
-------------------------------------
[Epoch : 38/40]
Src_cls_loss	: 0.0650
-------------------------------------
[Epoch : 39/40]
Src_cls_loss	: 0.0636
-------------------------------------
[Epoch : 40/40]
Src_cls_loss	: 0.0624
-------------------------------------
