=============================================
Dataset: realworld_pamap
Method:  SYN
=============================================
Source: syn_wal_18 ---> Target: dp_wal_18
Run ID: 4
=============================================
[Epoch : 1/40]
Src_cls_loss	: 0.8865
-------------------------------------
[Epoch : 2/40]
Src_cls_loss	: 0.7635
-------------------------------------
[Epoch : 3/40]
Src_cls_loss	: 0.6343
-------------------------------------
[Epoch : 4/40]
Src_cls_loss	: 0.5350
-------------------------------------
[Epoch : 5/40]
Src_cls_loss	: 0.4583
-------------------------------------
[Epoch : 6/40]
Src_cls_loss	: 0.3997
-------------------------------------
[Epoch : 7/40]
Src_cls_loss	: 0.3515
-------------------------------------
[Epoch : 8/40]
Src_cls_loss	: 0.3173
-------------------------------------
[Epoch : 9/40]
Src_cls_loss	: 0.2871
-------------------------------------
[Epoch : 10/40]
Src_cls_loss	: 0.2626
-------------------------------------
[Epoch : 11/40]
Src_cls_loss	: 0.2414
-------------------------------------
[Epoch : 12/40]
Src_cls_loss	: 0.2233
-------------------------------------
[Epoch : 13/40]
Src_cls_loss	: 0.2086
-------------------------------------
[Epoch : 14/40]
Src_cls_loss	: 0.1952
-------------------------------------
[Epoch : 15/40]
Src_cls_loss	: 0.1834
-------------------------------------
[Epoch : 16/40]
Src_cls_loss	: 0.1728
-------------------------------------
[Epoch : 17/40]
Src_cls_loss	: 0.1633
-------------------------------------
[Epoch : 18/40]
Src_cls_loss	: 0.1548
-------------------------------------
[Epoch : 19/40]
Src_cls_loss	: 0.1472
-------------------------------------
[Epoch : 20/40]
Src_cls_loss	: 0.1403
-------------------------------------
[Epoch : 21/40]
Src_cls_loss	: 0.1341
-------------------------------------
[Epoch : 22/40]
Src_cls_loss	: 0.1284
-------------------------------------
[Epoch : 23/40]
Src_cls_loss	: 0.1231
-------------------------------------
[Epoch : 24/40]
Src_cls_loss	: 0.1182
-------------------------------------
[Epoch : 25/40]
Src_cls_loss	: 0.1137
-------------------------------------
[Epoch : 26/40]
Src_cls_loss	: 0.1095
-------------------------------------
[Epoch : 27/40]
Src_cls_loss	: 0.1056
-------------------------------------
[Epoch : 28/40]
Src_cls_loss	: 0.1021
-------------------------------------
[Epoch : 29/40]
Src_cls_loss	: 0.0988
-------------------------------------
[Epoch : 30/40]
Src_cls_loss	: 0.0956
-------------------------------------
[Epoch : 31/40]
Src_cls_loss	: 0.0927
-------------------------------------
[Epoch : 32/40]
Src_cls_loss	: 0.0900
-------------------------------------
[Epoch : 33/40]
Src_cls_loss	: 0.0874
-------------------------------------
[Epoch : 34/40]
Src_cls_loss	: 0.0850
-------------------------------------
[Epoch : 35/40]
Src_cls_loss	: 0.0827
-------------------------------------
[Epoch : 36/40]
Src_cls_loss	: 0.0805
-------------------------------------
[Epoch : 37/40]
Src_cls_loss	: 0.0785
-------------------------------------
[Epoch : 38/40]
Src_cls_loss	: 0.0766
-------------------------------------
[Epoch : 39/40]
Src_cls_loss	: 0.0747
-------------------------------------
[Epoch : 40/40]
Src_cls_loss	: 0.0730
-------------------------------------
