=============================================
Dataset: realworld_mobiact
Method:  Deep_Coral
=============================================
Source: df ---> Target: dp_45
Run ID: 0
=============================================
[Epoch : 1/40]
Total_loss	: 2.4490
Src_cls_loss	: 0.3672
coral_loss	: 0.0004
-------------------------------------
[Epoch : 2/40]
Total_loss	: 2.0007
Src_cls_loss	: 0.2999
coral_loss	: 0.0004
-------------------------------------
[Epoch : 3/40]
Total_loss	: 1.7587
Src_cls_loss	: 0.2636
coral_loss	: 0.0004
-------------------------------------
[Epoch : 4/40]
Total_loss	: 1.6034
Src_cls_loss	: 0.2403
coral_loss	: 0.0004
-------------------------------------
[Epoch : 5/40]
Total_loss	: 1.4914
Src_cls_loss	: 0.2235
coral_loss	: 0.0004
-------------------------------------
[Epoch : 6/40]
Total_loss	: 1.4092
Src_cls_loss	: 0.2111
coral_loss	: 0.0004
-------------------------------------
[Epoch : 7/40]
Total_loss	: 1.3441
Src_cls_loss	: 0.2014
coral_loss	: 0.0003
-------------------------------------
[Epoch : 8/40]
Total_loss	: 1.2846
Src_cls_loss	: 0.1925
coral_loss	: 0.0003
-------------------------------------
[Epoch : 9/40]
Total_loss	: 1.2269
Src_cls_loss	: 0.1838
coral_loss	: 0.0003
-------------------------------------
[Epoch : 10/40]
Total_loss	: 1.1793
Src_cls_loss	: 0.1767
coral_loss	: 0.0003
-------------------------------------
[Epoch : 11/40]
Total_loss	: 1.1362
Src_cls_loss	: 0.1702
coral_loss	: 0.0003
-------------------------------------
[Epoch : 12/40]
Total_loss	: 1.0971
Src_cls_loss	: 0.1644
coral_loss	: 0.0003
-------------------------------------
[Epoch : 13/40]
Total_loss	: 1.0617
Src_cls_loss	: 0.1591
coral_loss	: 0.0003
-------------------------------------
[Epoch : 14/40]
Total_loss	: 1.0296
Src_cls_loss	: 0.1542
coral_loss	: 0.0003
-------------------------------------
[Epoch : 15/40]
Total_loss	: 0.9999
Src_cls_loss	: 0.1498
coral_loss	: 0.0003
-------------------------------------
[Epoch : 16/40]
Total_loss	: 0.9717
Src_cls_loss	: 0.1456
coral_loss	: 0.0003
-------------------------------------
[Epoch : 17/40]
Total_loss	: 0.9452
Src_cls_loss	: 0.1416
coral_loss	: 0.0003
-------------------------------------
[Epoch : 18/40]
Total_loss	: 0.9213
Src_cls_loss	: 0.1380
coral_loss	: 0.0003
-------------------------------------
[Epoch : 19/40]
Total_loss	: 0.8970
Src_cls_loss	: 0.1344
coral_loss	: 0.0003
-------------------------------------
[Epoch : 20/40]
Total_loss	: 0.8745
Src_cls_loss	: 0.1310
coral_loss	: 0.0003
-------------------------------------
[Epoch : 21/40]
Total_loss	: 0.8528
Src_cls_loss	: 0.1278
coral_loss	: 0.0002
-------------------------------------
[Epoch : 22/40]
Total_loss	: 0.8321
Src_cls_loss	: 0.1246
coral_loss	: 0.0002
-------------------------------------
[Epoch : 23/40]
Total_loss	: 0.8129
Src_cls_loss	: 0.1218
coral_loss	: 0.0002
-------------------------------------
[Epoch : 24/40]
Total_loss	: 0.7943
Src_cls_loss	: 0.1190
coral_loss	: 0.0002
-------------------------------------
[Epoch : 25/40]
Total_loss	: 0.7764
Src_cls_loss	: 0.1163
coral_loss	: 0.0002
-------------------------------------
[Epoch : 26/40]
Total_loss	: 0.7587
Src_cls_loss	: 0.1136
coral_loss	: 0.0002
-------------------------------------
[Epoch : 27/40]
Total_loss	: 0.7424
Src_cls_loss	: 0.1112
coral_loss	: 0.0002
-------------------------------------
[Epoch : 28/40]
Total_loss	: 0.7267
Src_cls_loss	: 0.1088
coral_loss	: 0.0002
-------------------------------------
[Epoch : 29/40]
Total_loss	: 0.7114
Src_cls_loss	: 0.1065
coral_loss	: 0.0002
-------------------------------------
[Epoch : 30/40]
Total_loss	: 0.6973
Src_cls_loss	: 0.1044
coral_loss	: 0.0002
-------------------------------------
[Epoch : 31/40]
Total_loss	: 0.6827
Src_cls_loss	: 0.1022
coral_loss	: 0.0002
-------------------------------------
[Epoch : 32/40]
Total_loss	: 0.6686
Src_cls_loss	: 0.1001
coral_loss	: 0.0002
-------------------------------------
[Epoch : 33/40]
Total_loss	: 0.6557
Src_cls_loss	: 0.0982
coral_loss	: 0.0002
-------------------------------------
[Epoch : 34/40]
Total_loss	: 0.6438
Src_cls_loss	: 0.0964
coral_loss	: 0.0002
-------------------------------------
[Epoch : 35/40]
Total_loss	: 0.6313
Src_cls_loss	: 0.0945
coral_loss	: 0.0002
-------------------------------------
[Epoch : 36/40]
Total_loss	: 0.6200
Src_cls_loss	: 0.0928
coral_loss	: 0.0002
-------------------------------------
[Epoch : 37/40]
Total_loss	: 0.6084
Src_cls_loss	: 0.0911
coral_loss	: 0.0002
-------------------------------------
[Epoch : 38/40]
Total_loss	: 0.5977
Src_cls_loss	: 0.0895
coral_loss	: 0.0002
-------------------------------------
[Epoch : 39/40]
Total_loss	: 0.5873
Src_cls_loss	: 0.0879
coral_loss	: 0.0002
-------------------------------------
[Epoch : 40/40]
Total_loss	: 0.5774
Src_cls_loss	: 0.0865
coral_loss	: 0.0002
-------------------------------------
