=============================================
Dataset: mobiact_pamap
Method:  NO_ADAPT
=============================================
Source: syn_66 ---> Target: dp_66
Run ID: 9
=============================================
[Epoch : 1/40]
Src_cls_loss	: 0.6345
-------------------------------------
[Epoch : 2/40]
Src_cls_loss	: 0.4640
-------------------------------------
[Epoch : 3/40]
Src_cls_loss	: 0.3713
-------------------------------------
[Epoch : 4/40]
Src_cls_loss	: 0.3101
-------------------------------------
[Epoch : 5/40]
Src_cls_loss	: 0.2659
-------------------------------------
[Epoch : 6/40]
Src_cls_loss	: 0.2328
-------------------------------------
[Epoch : 7/40]
Src_cls_loss	: 0.2124
-------------------------------------
[Epoch : 8/40]
Src_cls_loss	: 0.1951
-------------------------------------
[Epoch : 9/40]
Src_cls_loss	: 0.1788
-------------------------------------
[Epoch : 10/40]
Src_cls_loss	: 0.1642
-------------------------------------
[Epoch : 11/40]
Src_cls_loss	: 0.1526
-------------------------------------
[Epoch : 12/40]
Src_cls_loss	: 0.1423
-------------------------------------
[Epoch : 13/40]
Src_cls_loss	: 0.1336
-------------------------------------
[Epoch : 14/40]
Src_cls_loss	: 0.1266
-------------------------------------
[Epoch : 15/40]
Src_cls_loss	: 0.1200
-------------------------------------
[Epoch : 16/40]
Src_cls_loss	: 0.1139
-------------------------------------
[Epoch : 17/40]
Src_cls_loss	: 0.1081
-------------------------------------
[Epoch : 18/40]
Src_cls_loss	: 0.1029
-------------------------------------
[Epoch : 19/40]
Src_cls_loss	: 0.0985
-------------------------------------
[Epoch : 20/40]
Src_cls_loss	: 0.0948
-------------------------------------
[Epoch : 21/40]
Src_cls_loss	: 0.0911
-------------------------------------
[Epoch : 22/40]
Src_cls_loss	: 0.0880
-------------------------------------
[Epoch : 23/40]
Src_cls_loss	: 0.0849
-------------------------------------
[Epoch : 24/40]
Src_cls_loss	: 0.0820
-------------------------------------
[Epoch : 25/40]
Src_cls_loss	: 0.0791
-------------------------------------
[Epoch : 26/40]
Src_cls_loss	: 0.0766
-------------------------------------
[Epoch : 27/40]
Src_cls_loss	: 0.0743
-------------------------------------
[Epoch : 28/40]
Src_cls_loss	: 0.0722
-------------------------------------
[Epoch : 29/40]
Src_cls_loss	: 0.0702
-------------------------------------
[Epoch : 30/40]
Src_cls_loss	: 0.0681
-------------------------------------
[Epoch : 31/40]
Src_cls_loss	: 0.0662
-------------------------------------
[Epoch : 32/40]
Src_cls_loss	: 0.0644
-------------------------------------
[Epoch : 33/40]
Src_cls_loss	: 0.0628
-------------------------------------
[Epoch : 34/40]
Src_cls_loss	: 0.0617
-------------------------------------
[Epoch : 35/40]
Src_cls_loss	: 0.0605
-------------------------------------
[Epoch : 36/40]
Src_cls_loss	: 0.0591
-------------------------------------
[Epoch : 37/40]
Src_cls_loss	: 0.0577
-------------------------------------
[Epoch : 38/40]
Src_cls_loss	: 0.0564
-------------------------------------
[Epoch : 39/40]
Src_cls_loss	: 0.0552
-------------------------------------
[Epoch : 40/40]
Src_cls_loss	: 0.0539
-------------------------------------
