=============================================
Dataset: pamap_mobiact
Method:  SYN
=============================================
Source: syn_wal_29 ---> Target: dp_wal_29
Run ID: 7
=============================================
[Epoch : 1/40]
Src_cls_loss	: 0.6647
-------------------------------------
[Epoch : 2/40]
Src_cls_loss	: 0.5009
-------------------------------------
[Epoch : 3/40]
Src_cls_loss	: 0.4239
-------------------------------------
[Epoch : 4/40]
Src_cls_loss	: 0.3645
-------------------------------------
[Epoch : 5/40]
Src_cls_loss	: 0.3257
-------------------------------------
[Epoch : 6/40]
Src_cls_loss	: 0.2928
-------------------------------------
[Epoch : 7/40]
Src_cls_loss	: 0.2667
-------------------------------------
[Epoch : 8/40]
Src_cls_loss	: 0.2433
-------------------------------------
[Epoch : 9/40]
Src_cls_loss	: 0.2252
-------------------------------------
[Epoch : 10/40]
Src_cls_loss	: 0.2105
-------------------------------------
[Epoch : 11/40]
Src_cls_loss	: 0.1964
-------------------------------------
[Epoch : 12/40]
Src_cls_loss	: 0.1851
-------------------------------------
[Epoch : 13/40]
Src_cls_loss	: 0.1759
-------------------------------------
[Epoch : 14/40]
Src_cls_loss	: 0.1672
-------------------------------------
[Epoch : 15/40]
Src_cls_loss	: 0.1586
-------------------------------------
[Epoch : 16/40]
Src_cls_loss	: 0.1509
-------------------------------------
[Epoch : 17/40]
Src_cls_loss	: 0.1443
-------------------------------------
[Epoch : 18/40]
Src_cls_loss	: 0.1381
-------------------------------------
[Epoch : 19/40]
Src_cls_loss	: 0.1322
-------------------------------------
[Epoch : 20/40]
Src_cls_loss	: 0.1267
-------------------------------------
[Epoch : 21/40]
Src_cls_loss	: 0.1221
-------------------------------------
[Epoch : 22/40]
Src_cls_loss	: 0.1178
-------------------------------------
[Epoch : 23/40]
Src_cls_loss	: 0.1137
-------------------------------------
[Epoch : 24/40]
Src_cls_loss	: 0.1098
-------------------------------------
[Epoch : 25/40]
Src_cls_loss	: 0.1060
-------------------------------------
[Epoch : 26/40]
Src_cls_loss	: 0.1026
-------------------------------------
[Epoch : 27/40]
Src_cls_loss	: 0.0999
-------------------------------------
[Epoch : 28/40]
Src_cls_loss	: 0.0970
-------------------------------------
[Epoch : 29/40]
Src_cls_loss	: 0.0943
-------------------------------------
[Epoch : 30/40]
Src_cls_loss	: 0.0917
-------------------------------------
[Epoch : 31/40]
Src_cls_loss	: 0.0891
-------------------------------------
[Epoch : 32/40]
Src_cls_loss	: 0.0869
-------------------------------------
[Epoch : 33/40]
Src_cls_loss	: 0.0852
-------------------------------------
[Epoch : 34/40]
Src_cls_loss	: 0.0835
-------------------------------------
[Epoch : 35/40]
Src_cls_loss	: 0.0817
-------------------------------------
[Epoch : 36/40]
Src_cls_loss	: 0.0798
-------------------------------------
[Epoch : 37/40]
Src_cls_loss	: 0.0780
-------------------------------------
[Epoch : 38/40]
Src_cls_loss	: 0.0762
-------------------------------------
[Epoch : 39/40]
Src_cls_loss	: 0.0747
-------------------------------------
[Epoch : 40/40]
Src_cls_loss	: 0.0733
-------------------------------------
