=============================================
Dataset: realworld_mobiact
Method:  DANN
=============================================
Source: df ---> Target: dp_wal_32
Run ID: 0
=============================================
[Epoch : 1/40]
Total_loss	: 6.1836
Domain_loss	: 1.2084
Src_cls_loss	: 0.5757
-------------------------------------
[Epoch : 2/40]
Total_loss	: 5.8719
Domain_loss	: 1.2435
Src_cls_loss	: 0.4993
-------------------------------------
[Epoch : 3/40]
Total_loss	: 5.7013
Domain_loss	: 1.2618
Src_cls_loss	: 0.4579
-------------------------------------
[Epoch : 4/40]
Total_loss	: 5.5896
Domain_loss	: 1.2816
Src_cls_loss	: 0.4269
-------------------------------------
[Epoch : 5/40]
Total_loss	: 5.4998
Domain_loss	: 1.2910
Src_cls_loss	: 0.4052
-------------------------------------
[Epoch : 6/40]
Total_loss	: 5.4265
Domain_loss	: 1.3002
Src_cls_loss	: 0.3868
-------------------------------------
[Epoch : 7/40]
Total_loss	: 5.3664
Domain_loss	: 1.3075
Src_cls_loss	: 0.3718
-------------------------------------
[Epoch : 8/40]
Total_loss	: 5.3097
Domain_loss	: 1.3120
Src_cls_loss	: 0.3588
-------------------------------------
[Epoch : 9/40]
Total_loss	: 5.2502
Domain_loss	: 1.3132
Src_cls_loss	: 0.3469
-------------------------------------
[Epoch : 10/40]
Total_loss	: 5.2114
Domain_loss	: 1.3160
Src_cls_loss	: 0.3382
-------------------------------------
[Epoch : 11/40]
Total_loss	: 5.1732
Domain_loss	: 1.3194
Src_cls_loss	: 0.3293
-------------------------------------
[Epoch : 12/40]
Total_loss	: 5.1410
Domain_loss	: 1.3221
Src_cls_loss	: 0.3218
-------------------------------------
[Epoch : 13/40]
Total_loss	: 5.1119
Domain_loss	: 1.3237
Src_cls_loss	: 0.3155
-------------------------------------
[Epoch : 14/40]
Total_loss	: 5.0812
Domain_loss	: 1.3257
Src_cls_loss	: 0.3087
-------------------------------------
[Epoch : 15/40]
Total_loss	: 5.0574
Domain_loss	: 1.3269
Src_cls_loss	: 0.3036
-------------------------------------
[Epoch : 16/40]
Total_loss	: 5.0355
Domain_loss	: 1.3285
Src_cls_loss	: 0.2986
-------------------------------------
[Epoch : 17/40]
Total_loss	: 5.0148
Domain_loss	: 1.3303
Src_cls_loss	: 0.2938
-------------------------------------
[Epoch : 18/40]
Total_loss	: 4.9950
Domain_loss	: 1.3312
Src_cls_loss	: 0.2897
-------------------------------------
[Epoch : 19/40]
Total_loss	: 4.9721
Domain_loss	: 1.3313
Src_cls_loss	: 0.2852
-------------------------------------
[Epoch : 20/40]
Total_loss	: 4.9557
Domain_loss	: 1.3323
Src_cls_loss	: 0.2816
-------------------------------------
[Epoch : 21/40]
Total_loss	: 4.9396
Domain_loss	: 1.3335
Src_cls_loss	: 0.2780
-------------------------------------
[Epoch : 22/40]
Total_loss	: 4.9199
Domain_loss	: 1.3333
Src_cls_loss	: 0.2743
-------------------------------------
[Epoch : 23/40]
Total_loss	: 4.9053
Domain_loss	: 1.3337
Src_cls_loss	: 0.2714
-------------------------------------
[Epoch : 24/40]
Total_loss	: 4.8893
Domain_loss	: 1.3334
Src_cls_loss	: 0.2685
-------------------------------------
[Epoch : 25/40]
Total_loss	: 4.8785
Domain_loss	: 1.3347
Src_cls_loss	: 0.2658
-------------------------------------
[Epoch : 26/40]
Total_loss	: 4.8663
Domain_loss	: 1.3353
Src_cls_loss	: 0.2632
-------------------------------------
[Epoch : 27/40]
Total_loss	: 4.8536
Domain_loss	: 1.3366
Src_cls_loss	: 0.2602
-------------------------------------
[Epoch : 28/40]
Total_loss	: 4.8412
Domain_loss	: 1.3374
Src_cls_loss	: 0.2574
-------------------------------------
[Epoch : 29/40]
Total_loss	: 4.8303
Domain_loss	: 1.3381
Src_cls_loss	: 0.2550
-------------------------------------
[Epoch : 30/40]
Total_loss	: 4.8177
Domain_loss	: 1.3382
Src_cls_loss	: 0.2525
-------------------------------------
[Epoch : 31/40]
Total_loss	: 4.8084
Domain_loss	: 1.3388
Src_cls_loss	: 0.2505
-------------------------------------
[Epoch : 32/40]
Total_loss	: 4.7975
Domain_loss	: 1.3394
Src_cls_loss	: 0.2481
-------------------------------------
[Epoch : 33/40]
Total_loss	: 4.7868
Domain_loss	: 1.3396
Src_cls_loss	: 0.2460
-------------------------------------
[Epoch : 34/40]
Total_loss	: 4.7770
Domain_loss	: 1.3401
Src_cls_loss	: 0.2439
-------------------------------------
[Epoch : 35/40]
Total_loss	: 4.7669
Domain_loss	: 1.3408
Src_cls_loss	: 0.2416
-------------------------------------
[Epoch : 36/40]
Total_loss	: 4.7608
Domain_loss	: 1.3416
Src_cls_loss	: 0.2401
-------------------------------------
[Epoch : 37/40]
Total_loss	: 4.7522
Domain_loss	: 1.3418
Src_cls_loss	: 0.2383
-------------------------------------
[Epoch : 38/40]
Total_loss	: 4.7429
Domain_loss	: 1.3419
Src_cls_loss	: 0.2365
-------------------------------------
[Epoch : 39/40]
Total_loss	: 4.7345
Domain_loss	: 1.3420
Src_cls_loss	: 0.2349
-------------------------------------
[Epoch : 40/40]
Total_loss	: 4.7285
Domain_loss	: 1.3422
Src_cls_loss	: 0.2337
-------------------------------------
