=============================================
Dataset: mobiact_pamap
Method:  NO_ADAPT
=============================================
Source: syn_62 ---> Target: dp_62
Run ID: 7
=============================================
[Epoch : 1/40]
Src_cls_loss	: 0.6176
-------------------------------------
[Epoch : 2/40]
Src_cls_loss	: 0.4227
-------------------------------------
[Epoch : 3/40]
Src_cls_loss	: 0.3235
-------------------------------------
[Epoch : 4/40]
Src_cls_loss	: 0.2590
-------------------------------------
[Epoch : 5/40]
Src_cls_loss	: 0.2149
-------------------------------------
[Epoch : 6/40]
Src_cls_loss	: 0.1839
-------------------------------------
[Epoch : 7/40]
Src_cls_loss	: 0.1612
-------------------------------------
[Epoch : 8/40]
Src_cls_loss	: 0.1432
-------------------------------------
[Epoch : 9/40]
Src_cls_loss	: 0.1287
-------------------------------------
[Epoch : 10/40]
Src_cls_loss	: 0.1175
-------------------------------------
[Epoch : 11/40]
Src_cls_loss	: 0.1077
-------------------------------------
[Epoch : 12/40]
Src_cls_loss	: 0.0995
-------------------------------------
[Epoch : 13/40]
Src_cls_loss	: 0.0928
-------------------------------------
[Epoch : 14/40]
Src_cls_loss	: 0.0871
-------------------------------------
[Epoch : 15/40]
Src_cls_loss	: 0.0817
-------------------------------------
[Epoch : 16/40]
Src_cls_loss	: 0.0770
-------------------------------------
[Epoch : 17/40]
Src_cls_loss	: 0.0729
-------------------------------------
[Epoch : 18/40]
Src_cls_loss	: 0.0691
-------------------------------------
[Epoch : 19/40]
Src_cls_loss	: 0.0658
-------------------------------------
[Epoch : 20/40]
Src_cls_loss	: 0.0627
-------------------------------------
[Epoch : 21/40]
Src_cls_loss	: 0.0599
-------------------------------------
[Epoch : 22/40]
Src_cls_loss	: 0.0574
-------------------------------------
[Epoch : 23/40]
Src_cls_loss	: 0.0551
-------------------------------------
[Epoch : 24/40]
Src_cls_loss	: 0.0529
-------------------------------------
[Epoch : 25/40]
Src_cls_loss	: 0.0509
-------------------------------------
[Epoch : 26/40]
Src_cls_loss	: 0.0490
-------------------------------------
[Epoch : 27/40]
Src_cls_loss	: 0.0472
-------------------------------------
[Epoch : 28/40]
Src_cls_loss	: 0.0456
-------------------------------------
[Epoch : 29/40]
Src_cls_loss	: 0.0441
-------------------------------------
[Epoch : 30/40]
Src_cls_loss	: 0.0427
-------------------------------------
[Epoch : 31/40]
Src_cls_loss	: 0.0414
-------------------------------------
[Epoch : 32/40]
Src_cls_loss	: 0.0402
-------------------------------------
[Epoch : 33/40]
Src_cls_loss	: 0.0390
-------------------------------------
[Epoch : 34/40]
Src_cls_loss	: 0.0380
-------------------------------------
[Epoch : 35/40]
Src_cls_loss	: 0.0370
-------------------------------------
[Epoch : 36/40]
Src_cls_loss	: 0.0360
-------------------------------------
[Epoch : 37/40]
Src_cls_loss	: 0.0350
-------------------------------------
[Epoch : 38/40]
Src_cls_loss	: 0.0342
-------------------------------------
[Epoch : 39/40]
Src_cls_loss	: 0.0333
-------------------------------------
[Epoch : 40/40]
Src_cls_loss	: 0.0325
-------------------------------------
