=============================================
Dataset: realworld_mobiact
Method:  NO_ADAPT
=============================================
Source: syn_58 ---> Target: dp_58
Run ID: 2
=============================================
[Epoch : 1/40]
Src_cls_loss	: 0.8514
-------------------------------------
[Epoch : 2/40]
Src_cls_loss	: 0.7314
-------------------------------------
[Epoch : 3/40]
Src_cls_loss	: 0.6256
-------------------------------------
[Epoch : 4/40]
Src_cls_loss	: 0.5404
-------------------------------------
[Epoch : 5/40]
Src_cls_loss	: 0.4671
-------------------------------------
[Epoch : 6/40]
Src_cls_loss	: 0.4158
-------------------------------------
[Epoch : 7/40]
Src_cls_loss	: 0.3716
-------------------------------------
[Epoch : 8/40]
Src_cls_loss	: 0.3354
-------------------------------------
[Epoch : 9/40]
Src_cls_loss	: 0.3067
-------------------------------------
[Epoch : 10/40]
Src_cls_loss	: 0.2818
-------------------------------------
[Epoch : 11/40]
Src_cls_loss	: 0.2597
-------------------------------------
[Epoch : 12/40]
Src_cls_loss	: 0.2423
-------------------------------------
[Epoch : 13/40]
Src_cls_loss	: 0.2256
-------------------------------------
[Epoch : 14/40]
Src_cls_loss	: 0.2117
-------------------------------------
[Epoch : 15/40]
Src_cls_loss	: 0.2000
-------------------------------------
[Epoch : 16/40]
Src_cls_loss	: 0.1899
-------------------------------------
[Epoch : 17/40]
Src_cls_loss	: 0.1815
-------------------------------------
[Epoch : 18/40]
Src_cls_loss	: 0.1733
-------------------------------------
[Epoch : 19/40]
Src_cls_loss	: 0.1653
-------------------------------------
[Epoch : 20/40]
Src_cls_loss	: 0.1582
-------------------------------------
[Epoch : 21/40]
Src_cls_loss	: 0.1523
-------------------------------------
[Epoch : 22/40]
Src_cls_loss	: 0.1464
-------------------------------------
[Epoch : 23/40]
Src_cls_loss	: 0.1406
-------------------------------------
[Epoch : 24/40]
Src_cls_loss	: 0.1354
-------------------------------------
[Epoch : 25/40]
Src_cls_loss	: 0.1314
-------------------------------------
[Epoch : 26/40]
Src_cls_loss	: 0.1269
-------------------------------------
[Epoch : 27/40]
Src_cls_loss	: 0.1229
-------------------------------------
[Epoch : 28/40]
Src_cls_loss	: 0.1196
-------------------------------------
[Epoch : 29/40]
Src_cls_loss	: 0.1158
-------------------------------------
[Epoch : 30/40]
Src_cls_loss	: 0.1130
-------------------------------------
[Epoch : 31/40]
Src_cls_loss	: 0.1097
-------------------------------------
[Epoch : 32/40]
Src_cls_loss	: 0.1065
-------------------------------------
[Epoch : 33/40]
Src_cls_loss	: 0.1036
-------------------------------------
[Epoch : 34/40]
Src_cls_loss	: 0.1009
-------------------------------------
[Epoch : 35/40]
Src_cls_loss	: 0.0982
-------------------------------------
[Epoch : 36/40]
Src_cls_loss	: 0.0959
-------------------------------------
[Epoch : 37/40]
Src_cls_loss	: 0.0939
-------------------------------------
[Epoch : 38/40]
Src_cls_loss	: 0.0917
-------------------------------------
[Epoch : 39/40]
Src_cls_loss	: 0.0897
-------------------------------------
[Epoch : 40/40]
Src_cls_loss	: 0.0877
-------------------------------------
