=============================================
Dataset: pamap_mobiact
Method:  Deep_Coral
=============================================
Source: df ---> Target: dp_wal_17
Run ID: 0
=============================================
[Epoch : 1/40]
Total_loss	: 3.4219
Src_cls_loss	: 0.5128
coral_loss	: 0.0008
-------------------------------------
[Epoch : 2/40]
Total_loss	: 2.4427
Src_cls_loss	: 0.3659
coral_loss	: 0.0008
-------------------------------------
[Epoch : 3/40]
Total_loss	: 1.9770
Src_cls_loss	: 0.2960
coral_loss	: 0.0008
-------------------------------------
[Epoch : 4/40]
Total_loss	: 1.6805
Src_cls_loss	: 0.2515
coral_loss	: 0.0007
-------------------------------------
[Epoch : 5/40]
Total_loss	: 1.4727
Src_cls_loss	: 0.2203
coral_loss	: 0.0007
-------------------------------------
[Epoch : 6/40]
Total_loss	: 1.3302
Src_cls_loss	: 0.1989
coral_loss	: 0.0007
-------------------------------------
[Epoch : 7/40]
Total_loss	: 1.2266
Src_cls_loss	: 0.1834
coral_loss	: 0.0007
-------------------------------------
[Epoch : 8/40]
Total_loss	: 1.1239
Src_cls_loss	: 0.1679
coral_loss	: 0.0008
-------------------------------------
[Epoch : 9/40]
Total_loss	: 1.0479
Src_cls_loss	: 0.1565
coral_loss	: 0.0008
-------------------------------------
[Epoch : 10/40]
Total_loss	: 0.9743
Src_cls_loss	: 0.1455
coral_loss	: 0.0008
-------------------------------------
[Epoch : 11/40]
Total_loss	: 0.9153
Src_cls_loss	: 0.1366
coral_loss	: 0.0008
-------------------------------------
[Epoch : 12/40]
Total_loss	: 0.8653
Src_cls_loss	: 0.1291
coral_loss	: 0.0008
-------------------------------------
[Epoch : 13/40]
Total_loss	: 0.8241
Src_cls_loss	: 0.1229
coral_loss	: 0.0008
-------------------------------------
[Epoch : 14/40]
Total_loss	: 0.7859
Src_cls_loss	: 0.1172
coral_loss	: 0.0008
-------------------------------------
[Epoch : 15/40]
Total_loss	: 0.7560
Src_cls_loss	: 0.1127
coral_loss	: 0.0008
-------------------------------------
[Epoch : 16/40]
Total_loss	: 0.7212
Src_cls_loss	: 0.1075
coral_loss	: 0.0008
-------------------------------------
[Epoch : 17/40]
Total_loss	: 0.6957
Src_cls_loss	: 0.1037
coral_loss	: 0.0008
-------------------------------------
[Epoch : 18/40]
Total_loss	: 0.6695
Src_cls_loss	: 0.0997
coral_loss	: 0.0008
-------------------------------------
[Epoch : 19/40]
Total_loss	: 0.6437
Src_cls_loss	: 0.0959
coral_loss	: 0.0008
-------------------------------------
[Epoch : 20/40]
Total_loss	: 0.6196
Src_cls_loss	: 0.0922
coral_loss	: 0.0008
-------------------------------------
[Epoch : 21/40]
Total_loss	: 0.5969
Src_cls_loss	: 0.0888
coral_loss	: 0.0008
-------------------------------------
[Epoch : 22/40]
Total_loss	: 0.5795
Src_cls_loss	: 0.0862
coral_loss	: 0.0008
-------------------------------------
[Epoch : 23/40]
Total_loss	: 0.5606
Src_cls_loss	: 0.0834
coral_loss	: 0.0008
-------------------------------------
[Epoch : 24/40]
Total_loss	: 0.5459
Src_cls_loss	: 0.0812
coral_loss	: 0.0008
-------------------------------------
[Epoch : 25/40]
Total_loss	: 0.5296
Src_cls_loss	: 0.0787
coral_loss	: 0.0008
-------------------------------------
[Epoch : 26/40]
Total_loss	: 0.5135
Src_cls_loss	: 0.0763
coral_loss	: 0.0008
-------------------------------------
[Epoch : 27/40]
Total_loss	: 0.4987
Src_cls_loss	: 0.0741
coral_loss	: 0.0007
-------------------------------------
[Epoch : 28/40]
Total_loss	: 0.4862
Src_cls_loss	: 0.0722
coral_loss	: 0.0007
-------------------------------------
[Epoch : 29/40]
Total_loss	: 0.4750
Src_cls_loss	: 0.0706
coral_loss	: 0.0007
-------------------------------------
[Epoch : 30/40]
Total_loss	: 0.4629
Src_cls_loss	: 0.0688
coral_loss	: 0.0007
-------------------------------------
[Epoch : 31/40]
Total_loss	: 0.4536
Src_cls_loss	: 0.0673
coral_loss	: 0.0007
-------------------------------------
[Epoch : 32/40]
Total_loss	: 0.4439
Src_cls_loss	: 0.0659
coral_loss	: 0.0007
-------------------------------------
[Epoch : 33/40]
Total_loss	: 0.4350
Src_cls_loss	: 0.0646
coral_loss	: 0.0007
-------------------------------------
[Epoch : 34/40]
Total_loss	: 0.4263
Src_cls_loss	: 0.0633
coral_loss	: 0.0007
-------------------------------------
[Epoch : 35/40]
Total_loss	: 0.4166
Src_cls_loss	: 0.0618
coral_loss	: 0.0007
-------------------------------------
[Epoch : 36/40]
Total_loss	: 0.4092
Src_cls_loss	: 0.0607
coral_loss	: 0.0007
-------------------------------------
[Epoch : 37/40]
Total_loss	: 0.4031
Src_cls_loss	: 0.0598
coral_loss	: 0.0007
-------------------------------------
[Epoch : 38/40]
Total_loss	: 0.3952
Src_cls_loss	: 0.0586
coral_loss	: 0.0007
-------------------------------------
[Epoch : 39/40]
Total_loss	: 0.3876
Src_cls_loss	: 0.0575
coral_loss	: 0.0007
-------------------------------------
[Epoch : 40/40]
Total_loss	: 0.3823
Src_cls_loss	: 0.0567
coral_loss	: 0.0007
-------------------------------------
