=============================================
Dataset: CWRU_IR
Method:  NO_ADAPT
=============================================
Source: 0 ---> Target: 6
Run ID: 3
=============================================
[Epoch : 1/40]
Src_cls_loss	: 0.0994
-------------------------------------
[Epoch : 2/40]
Src_cls_loss	: 0.0540
-------------------------------------
[Epoch : 3/40]
Src_cls_loss	: 0.0378
-------------------------------------
[Epoch : 4/40]
Src_cls_loss	: 0.0290
-------------------------------------
[Epoch : 5/40]
Src_cls_loss	: 0.0238
-------------------------------------
[Epoch : 6/40]
Src_cls_loss	: 0.0209
-------------------------------------
[Epoch : 7/40]
Src_cls_loss	: 0.0185
-------------------------------------
[Epoch : 8/40]
Src_cls_loss	: 0.0164
-------------------------------------
[Epoch : 9/40]
Src_cls_loss	: 0.0148
-------------------------------------
[Epoch : 10/40]
Src_cls_loss	: 0.0135
-------------------------------------
[Epoch : 11/40]
Src_cls_loss	: 0.0126
-------------------------------------
[Epoch : 12/40]
Src_cls_loss	: 0.0117
-------------------------------------
[Epoch : 13/40]
Src_cls_loss	: 0.0110
-------------------------------------
[Epoch : 14/40]
Src_cls_loss	: 0.0103
-------------------------------------
[Epoch : 15/40]
Src_cls_loss	: 0.0097
-------------------------------------
[Epoch : 16/40]
Src_cls_loss	: 0.0091
-------------------------------------
[Epoch : 17/40]
Src_cls_loss	: 0.0088
-------------------------------------
[Epoch : 18/40]
Src_cls_loss	: 0.0087
-------------------------------------
[Epoch : 19/40]
Src_cls_loss	: 0.0083
-------------------------------------
[Epoch : 20/40]
Src_cls_loss	: 0.0080
-------------------------------------
[Epoch : 21/40]
Src_cls_loss	: 0.0076
-------------------------------------
[Epoch : 22/40]
Src_cls_loss	: 0.0074
-------------------------------------
[Epoch : 23/40]
Src_cls_loss	: 0.0071
-------------------------------------
[Epoch : 24/40]
Src_cls_loss	: 0.0069
-------------------------------------
[Epoch : 25/40]
Src_cls_loss	: 0.0066
-------------------------------------
[Epoch : 26/40]
Src_cls_loss	: 0.0064
-------------------------------------
[Epoch : 27/40]
Src_cls_loss	: 0.0062
-------------------------------------
[Epoch : 28/40]
Src_cls_loss	: 0.0060
-------------------------------------
[Epoch : 29/40]
Src_cls_loss	: 0.0058
-------------------------------------
[Epoch : 30/40]
Src_cls_loss	: 0.0056
-------------------------------------
[Epoch : 31/40]
Src_cls_loss	: 0.0058
-------------------------------------
[Epoch : 32/40]
Src_cls_loss	: 0.0056
-------------------------------------
[Epoch : 33/40]
Src_cls_loss	: 0.0056
-------------------------------------
[Epoch : 34/40]
Src_cls_loss	: 0.0054
-------------------------------------
[Epoch : 35/40]
Src_cls_loss	: 0.0054
-------------------------------------
[Epoch : 36/40]
Src_cls_loss	: 0.0052
-------------------------------------
[Epoch : 37/40]
Src_cls_loss	: 0.0051
-------------------------------------
[Epoch : 38/40]
Src_cls_loss	: 0.0050
-------------------------------------
[Epoch : 39/40]
Src_cls_loss	: 0.0050
-------------------------------------
[Epoch : 40/40]
Src_cls_loss	: 0.0049
-------------------------------------
