=============================================
Dataset: realworld_mobiact
Method:  SYN
=============================================
Source: syn_wal_33 ---> Target: dp_wal_33
Run ID: 7
=============================================
[Epoch : 1/40]
Src_cls_loss	: 0.8322
-------------------------------------
[Epoch : 2/40]
Src_cls_loss	: 0.6398
-------------------------------------
[Epoch : 3/40]
Src_cls_loss	: 0.5001
-------------------------------------
[Epoch : 4/40]
Src_cls_loss	: 0.4064
-------------------------------------
[Epoch : 5/40]
Src_cls_loss	: 0.3402
-------------------------------------
[Epoch : 6/40]
Src_cls_loss	: 0.2925
-------------------------------------
[Epoch : 7/40]
Src_cls_loss	: 0.2567
-------------------------------------
[Epoch : 8/40]
Src_cls_loss	: 0.2285
-------------------------------------
[Epoch : 9/40]
Src_cls_loss	: 0.2067
-------------------------------------
[Epoch : 10/40]
Src_cls_loss	: 0.1888
-------------------------------------
[Epoch : 11/40]
Src_cls_loss	: 0.1736
-------------------------------------
[Epoch : 12/40]
Src_cls_loss	: 0.1610
-------------------------------------
[Epoch : 13/40]
Src_cls_loss	: 0.1500
-------------------------------------
[Epoch : 14/40]
Src_cls_loss	: 0.1404
-------------------------------------
[Epoch : 15/40]
Src_cls_loss	: 0.1318
-------------------------------------
[Epoch : 16/40]
Src_cls_loss	: 0.1243
-------------------------------------
[Epoch : 17/40]
Src_cls_loss	: 0.1174
-------------------------------------
[Epoch : 18/40]
Src_cls_loss	: 0.1113
-------------------------------------
[Epoch : 19/40]
Src_cls_loss	: 0.1059
-------------------------------------
[Epoch : 20/40]
Src_cls_loss	: 0.1010
-------------------------------------
[Epoch : 21/40]
Src_cls_loss	: 0.0965
-------------------------------------
[Epoch : 22/40]
Src_cls_loss	: 0.0923
-------------------------------------
[Epoch : 23/40]
Src_cls_loss	: 0.0885
-------------------------------------
[Epoch : 24/40]
Src_cls_loss	: 0.0850
-------------------------------------
[Epoch : 25/40]
Src_cls_loss	: 0.0818
-------------------------------------
[Epoch : 26/40]
Src_cls_loss	: 0.0790
-------------------------------------
[Epoch : 27/40]
Src_cls_loss	: 0.0762
-------------------------------------
[Epoch : 28/40]
Src_cls_loss	: 0.0736
-------------------------------------
[Epoch : 29/40]
Src_cls_loss	: 0.0712
-------------------------------------
[Epoch : 30/40]
Src_cls_loss	: 0.0689
-------------------------------------
[Epoch : 31/40]
Src_cls_loss	: 0.0669
-------------------------------------
[Epoch : 32/40]
Src_cls_loss	: 0.0649
-------------------------------------
[Epoch : 33/40]
Src_cls_loss	: 0.0632
-------------------------------------
[Epoch : 34/40]
Src_cls_loss	: 0.0615
-------------------------------------
[Epoch : 35/40]
Src_cls_loss	: 0.0599
-------------------------------------
[Epoch : 36/40]
Src_cls_loss	: 0.0586
-------------------------------------
[Epoch : 37/40]
Src_cls_loss	: 0.0572
-------------------------------------
[Epoch : 38/40]
Src_cls_loss	: 0.0558
-------------------------------------
[Epoch : 39/40]
Src_cls_loss	: 0.0544
-------------------------------------
[Epoch : 40/40]
Src_cls_loss	: 0.0531
-------------------------------------
