=============================================
Dataset: pamap_mobiact
Method:  SYN
=============================================
Source: syn_wal_53 ---> Target: dp_wal_53
Run ID: 0
=============================================
[Epoch : 1/40]
Src_cls_loss	: 0.6891
-------------------------------------
[Epoch : 2/40]
Src_cls_loss	: 0.4807
-------------------------------------
[Epoch : 3/40]
Src_cls_loss	: 0.3663
-------------------------------------
[Epoch : 4/40]
Src_cls_loss	: 0.2950
-------------------------------------
[Epoch : 5/40]
Src_cls_loss	: 0.2478
-------------------------------------
[Epoch : 6/40]
Src_cls_loss	: 0.2129
-------------------------------------
[Epoch : 7/40]
Src_cls_loss	: 0.1872
-------------------------------------
[Epoch : 8/40]
Src_cls_loss	: 0.1675
-------------------------------------
[Epoch : 9/40]
Src_cls_loss	: 0.1514
-------------------------------------
[Epoch : 10/40]
Src_cls_loss	: 0.1377
-------------------------------------
[Epoch : 11/40]
Src_cls_loss	: 0.1264
-------------------------------------
[Epoch : 12/40]
Src_cls_loss	: 0.1170
-------------------------------------
[Epoch : 13/40]
Src_cls_loss	: 0.1096
-------------------------------------
[Epoch : 14/40]
Src_cls_loss	: 0.1039
-------------------------------------
[Epoch : 15/40]
Src_cls_loss	: 0.0977
-------------------------------------
[Epoch : 16/40]
Src_cls_loss	: 0.0924
-------------------------------------
[Epoch : 17/40]
Src_cls_loss	: 0.0877
-------------------------------------
[Epoch : 18/40]
Src_cls_loss	: 0.0835
-------------------------------------
[Epoch : 19/40]
Src_cls_loss	: 0.0798
-------------------------------------
[Epoch : 20/40]
Src_cls_loss	: 0.0762
-------------------------------------
[Epoch : 21/40]
Src_cls_loss	: 0.0729
-------------------------------------
[Epoch : 22/40]
Src_cls_loss	: 0.0698
-------------------------------------
[Epoch : 23/40]
Src_cls_loss	: 0.0670
-------------------------------------
[Epoch : 24/40]
Src_cls_loss	: 0.0644
-------------------------------------
[Epoch : 25/40]
Src_cls_loss	: 0.0620
-------------------------------------
[Epoch : 26/40]
Src_cls_loss	: 0.0597
-------------------------------------
[Epoch : 27/40]
Src_cls_loss	: 0.0577
-------------------------------------
[Epoch : 28/40]
Src_cls_loss	: 0.0558
-------------------------------------
[Epoch : 29/40]
Src_cls_loss	: 0.0540
-------------------------------------
[Epoch : 30/40]
Src_cls_loss	: 0.0523
-------------------------------------
[Epoch : 31/40]
Src_cls_loss	: 0.0507
-------------------------------------
[Epoch : 32/40]
Src_cls_loss	: 0.0491
-------------------------------------
[Epoch : 33/40]
Src_cls_loss	: 0.0477
-------------------------------------
[Epoch : 34/40]
Src_cls_loss	: 0.0464
-------------------------------------
[Epoch : 35/40]
Src_cls_loss	: 0.0451
-------------------------------------
[Epoch : 36/40]
Src_cls_loss	: 0.0439
-------------------------------------
[Epoch : 37/40]
Src_cls_loss	: 0.0428
-------------------------------------
[Epoch : 38/40]
Src_cls_loss	: 0.0417
-------------------------------------
[Epoch : 39/40]
Src_cls_loss	: 0.0407
-------------------------------------
[Epoch : 40/40]
Src_cls_loss	: 0.0398
-------------------------------------
