=============================================
Dataset: pamap_realworld
Method:  NO_ADAPT
=============================================
Source: syn_8 ---> Target: dp_8
Run ID: 8
=============================================
[Epoch : 1/40]
Src_cls_loss	: 0.3638
-------------------------------------
[Epoch : 2/40]
Src_cls_loss	: 0.2208
-------------------------------------
[Epoch : 3/40]
Src_cls_loss	: 0.1582
-------------------------------------
[Epoch : 4/40]
Src_cls_loss	: 0.1260
-------------------------------------
[Epoch : 5/40]
Src_cls_loss	: 0.1060
-------------------------------------
[Epoch : 6/40]
Src_cls_loss	: 0.0919
-------------------------------------
[Epoch : 7/40]
Src_cls_loss	: 0.0806
-------------------------------------
[Epoch : 8/40]
Src_cls_loss	: 0.0722
-------------------------------------
[Epoch : 9/40]
Src_cls_loss	: 0.0654
-------------------------------------
[Epoch : 10/40]
Src_cls_loss	: 0.0600
-------------------------------------
[Epoch : 11/40]
Src_cls_loss	: 0.0554
-------------------------------------
[Epoch : 12/40]
Src_cls_loss	: 0.0518
-------------------------------------
[Epoch : 13/40]
Src_cls_loss	: 0.0487
-------------------------------------
[Epoch : 14/40]
Src_cls_loss	: 0.0469
-------------------------------------
[Epoch : 15/40]
Src_cls_loss	: 0.0443
-------------------------------------
[Epoch : 16/40]
Src_cls_loss	: 0.0419
-------------------------------------
[Epoch : 17/40]
Src_cls_loss	: 0.0402
-------------------------------------
[Epoch : 18/40]
Src_cls_loss	: 0.0385
-------------------------------------
[Epoch : 19/40]
Src_cls_loss	: 0.0368
-------------------------------------
[Epoch : 20/40]
Src_cls_loss	: 0.0352
-------------------------------------
[Epoch : 21/40]
Src_cls_loss	: 0.0339
-------------------------------------
[Epoch : 22/40]
Src_cls_loss	: 0.0326
-------------------------------------
[Epoch : 23/40]
Src_cls_loss	: 0.0314
-------------------------------------
[Epoch : 24/40]
Src_cls_loss	: 0.0305
-------------------------------------
[Epoch : 25/40]
Src_cls_loss	: 0.0295
-------------------------------------
[Epoch : 26/40]
Src_cls_loss	: 0.0289
-------------------------------------
[Epoch : 27/40]
Src_cls_loss	: 0.0282
-------------------------------------
[Epoch : 28/40]
Src_cls_loss	: 0.0275
-------------------------------------
[Epoch : 29/40]
Src_cls_loss	: 0.0268
-------------------------------------
[Epoch : 30/40]
Src_cls_loss	: 0.0260
-------------------------------------
[Epoch : 31/40]
Src_cls_loss	: 0.0253
-------------------------------------
[Epoch : 32/40]
Src_cls_loss	: 0.0246
-------------------------------------
[Epoch : 33/40]
Src_cls_loss	: 0.0241
-------------------------------------
[Epoch : 34/40]
Src_cls_loss	: 0.0235
-------------------------------------
[Epoch : 35/40]
Src_cls_loss	: 0.0230
-------------------------------------
[Epoch : 36/40]
Src_cls_loss	: 0.0227
-------------------------------------
[Epoch : 37/40]
Src_cls_loss	: 0.0222
-------------------------------------
[Epoch : 38/40]
Src_cls_loss	: 0.0218
-------------------------------------
[Epoch : 39/40]
Src_cls_loss	: 0.0213
-------------------------------------
[Epoch : 40/40]
Src_cls_loss	: 0.0208
-------------------------------------
