=============================================
Dataset: mobiact_realworld
Method:  NO_ADAPT
=============================================
Source: syn_67 ---> Target: dp_67
Run ID: 3
=============================================
[Epoch : 1/40]
Src_cls_loss	: 0.6095
-------------------------------------
[Epoch : 2/40]
Src_cls_loss	: 0.4217
-------------------------------------
[Epoch : 3/40]
Src_cls_loss	: 0.3251
-------------------------------------
[Epoch : 4/40]
Src_cls_loss	: 0.2725
-------------------------------------
[Epoch : 5/40]
Src_cls_loss	: 0.2306
-------------------------------------
[Epoch : 6/40]
Src_cls_loss	: 0.2021
-------------------------------------
[Epoch : 7/40]
Src_cls_loss	: 0.1792
-------------------------------------
[Epoch : 8/40]
Src_cls_loss	: 0.1628
-------------------------------------
[Epoch : 9/40]
Src_cls_loss	: 0.1510
-------------------------------------
[Epoch : 10/40]
Src_cls_loss	: 0.1390
-------------------------------------
[Epoch : 11/40]
Src_cls_loss	: 0.1291
-------------------------------------
[Epoch : 12/40]
Src_cls_loss	: 0.1216
-------------------------------------
[Epoch : 13/40]
Src_cls_loss	: 0.1141
-------------------------------------
[Epoch : 14/40]
Src_cls_loss	: 0.1084
-------------------------------------
[Epoch : 15/40]
Src_cls_loss	: 0.1029
-------------------------------------
[Epoch : 16/40]
Src_cls_loss	: 0.0979
-------------------------------------
[Epoch : 17/40]
Src_cls_loss	: 0.0939
-------------------------------------
[Epoch : 18/40]
Src_cls_loss	: 0.0900
-------------------------------------
[Epoch : 19/40]
Src_cls_loss	: 0.0859
-------------------------------------
[Epoch : 20/40]
Src_cls_loss	: 0.0824
-------------------------------------
[Epoch : 21/40]
Src_cls_loss	: 0.0790
-------------------------------------
[Epoch : 22/40]
Src_cls_loss	: 0.0762
-------------------------------------
[Epoch : 23/40]
Src_cls_loss	: 0.0736
-------------------------------------
[Epoch : 24/40]
Src_cls_loss	: 0.0711
-------------------------------------
[Epoch : 25/40]
Src_cls_loss	: 0.0691
-------------------------------------
[Epoch : 26/40]
Src_cls_loss	: 0.0669
-------------------------------------
[Epoch : 27/40]
Src_cls_loss	: 0.0648
-------------------------------------
[Epoch : 28/40]
Src_cls_loss	: 0.0630
-------------------------------------
[Epoch : 29/40]
Src_cls_loss	: 0.0612
-------------------------------------
[Epoch : 30/40]
Src_cls_loss	: 0.0596
-------------------------------------
[Epoch : 31/40]
Src_cls_loss	: 0.0582
-------------------------------------
[Epoch : 32/40]
Src_cls_loss	: 0.0568
-------------------------------------
[Epoch : 33/40]
Src_cls_loss	: 0.0554
-------------------------------------
[Epoch : 34/40]
Src_cls_loss	: 0.0539
-------------------------------------
[Epoch : 35/40]
Src_cls_loss	: 0.0527
-------------------------------------
[Epoch : 36/40]
Src_cls_loss	: 0.0515
-------------------------------------
[Epoch : 37/40]
Src_cls_loss	: 0.0504
-------------------------------------
[Epoch : 38/40]
Src_cls_loss	: 0.0492
-------------------------------------
[Epoch : 39/40]
Src_cls_loss	: 0.0481
-------------------------------------
[Epoch : 40/40]
Src_cls_loss	: 0.0473
-------------------------------------
