=============================================
Dataset: pamap_realworld
Method:  SYN
=============================================
Source: syn_wal_12 ---> Target: dp_wal_12
Run ID: 3
=============================================
[Epoch : 1/40]
Src_cls_loss	: 0.5269
-------------------------------------
[Epoch : 2/40]
Src_cls_loss	: 0.3906
-------------------------------------
[Epoch : 3/40]
Src_cls_loss	: 0.3023
-------------------------------------
[Epoch : 4/40]
Src_cls_loss	: 0.2500
-------------------------------------
[Epoch : 5/40]
Src_cls_loss	: 0.2101
-------------------------------------
[Epoch : 6/40]
Src_cls_loss	: 0.1836
-------------------------------------
[Epoch : 7/40]
Src_cls_loss	: 0.1648
-------------------------------------
[Epoch : 8/40]
Src_cls_loss	: 0.1488
-------------------------------------
[Epoch : 9/40]
Src_cls_loss	: 0.1350
-------------------------------------
[Epoch : 10/40]
Src_cls_loss	: 0.1240
-------------------------------------
[Epoch : 11/40]
Src_cls_loss	: 0.1156
-------------------------------------
[Epoch : 12/40]
Src_cls_loss	: 0.1091
-------------------------------------
[Epoch : 13/40]
Src_cls_loss	: 0.1028
-------------------------------------
[Epoch : 14/40]
Src_cls_loss	: 0.0971
-------------------------------------
[Epoch : 15/40]
Src_cls_loss	: 0.0920
-------------------------------------
[Epoch : 16/40]
Src_cls_loss	: 0.0872
-------------------------------------
[Epoch : 17/40]
Src_cls_loss	: 0.0829
-------------------------------------
[Epoch : 18/40]
Src_cls_loss	: 0.0791
-------------------------------------
[Epoch : 19/40]
Src_cls_loss	: 0.0755
-------------------------------------
[Epoch : 20/40]
Src_cls_loss	: 0.0722
-------------------------------------
[Epoch : 21/40]
Src_cls_loss	: 0.0693
-------------------------------------
[Epoch : 22/40]
Src_cls_loss	: 0.0673
-------------------------------------
[Epoch : 23/40]
Src_cls_loss	: 0.0650
-------------------------------------
[Epoch : 24/40]
Src_cls_loss	: 0.0626
-------------------------------------
[Epoch : 25/40]
Src_cls_loss	: 0.0604
-------------------------------------
[Epoch : 26/40]
Src_cls_loss	: 0.0583
-------------------------------------
[Epoch : 27/40]
Src_cls_loss	: 0.0564
-------------------------------------
[Epoch : 28/40]
Src_cls_loss	: 0.0547
-------------------------------------
[Epoch : 29/40]
Src_cls_loss	: 0.0531
-------------------------------------
[Epoch : 30/40]
Src_cls_loss	: 0.0516
-------------------------------------
[Epoch : 31/40]
Src_cls_loss	: 0.0502
-------------------------------------
[Epoch : 32/40]
Src_cls_loss	: 0.0488
-------------------------------------
[Epoch : 33/40]
Src_cls_loss	: 0.0475
-------------------------------------
[Epoch : 34/40]
Src_cls_loss	: 0.0462
-------------------------------------
[Epoch : 35/40]
Src_cls_loss	: 0.0451
-------------------------------------
[Epoch : 36/40]
Src_cls_loss	: 0.0440
-------------------------------------
[Epoch : 37/40]
Src_cls_loss	: 0.0434
-------------------------------------
[Epoch : 38/40]
Src_cls_loss	: 0.0424
-------------------------------------
[Epoch : 39/40]
Src_cls_loss	: 0.0415
-------------------------------------
[Epoch : 40/40]
Src_cls_loss	: 0.0406
-------------------------------------
