=============================================
Dataset: realworld_mobiact
Method:  SYN
=============================================
Source: syn_wal_31 ---> Target: dp_wal_31
Run ID: 4
=============================================
[Epoch : 1/40]
Src_cls_loss	: 0.5362
-------------------------------------
[Epoch : 2/40]
Src_cls_loss	: 0.3639
-------------------------------------
[Epoch : 3/40]
Src_cls_loss	: 0.2889
-------------------------------------
[Epoch : 4/40]
Src_cls_loss	: 0.2402
-------------------------------------
[Epoch : 5/40]
Src_cls_loss	: 0.2048
-------------------------------------
[Epoch : 6/40]
Src_cls_loss	: 0.1789
-------------------------------------
[Epoch : 7/40]
Src_cls_loss	: 0.1583
-------------------------------------
[Epoch : 8/40]
Src_cls_loss	: 0.1459
-------------------------------------
[Epoch : 9/40]
Src_cls_loss	: 0.1328
-------------------------------------
[Epoch : 10/40]
Src_cls_loss	: 0.1218
-------------------------------------
[Epoch : 11/40]
Src_cls_loss	: 0.1130
-------------------------------------
[Epoch : 12/40]
Src_cls_loss	: 0.1061
-------------------------------------
[Epoch : 13/40]
Src_cls_loss	: 0.0995
-------------------------------------
[Epoch : 14/40]
Src_cls_loss	: 0.0936
-------------------------------------
[Epoch : 15/40]
Src_cls_loss	: 0.0891
-------------------------------------
[Epoch : 16/40]
Src_cls_loss	: 0.0849
-------------------------------------
[Epoch : 17/40]
Src_cls_loss	: 0.0807
-------------------------------------
[Epoch : 18/40]
Src_cls_loss	: 0.0767
-------------------------------------
[Epoch : 19/40]
Src_cls_loss	: 0.0731
-------------------------------------
[Epoch : 20/40]
Src_cls_loss	: 0.0704
-------------------------------------
[Epoch : 21/40]
Src_cls_loss	: 0.0677
-------------------------------------
[Epoch : 22/40]
Src_cls_loss	: 0.0650
-------------------------------------
[Epoch : 23/40]
Src_cls_loss	: 0.0625
-------------------------------------
[Epoch : 24/40]
Src_cls_loss	: 0.0602
-------------------------------------
[Epoch : 25/40]
Src_cls_loss	: 0.0583
-------------------------------------
[Epoch : 26/40]
Src_cls_loss	: 0.0563
-------------------------------------
[Epoch : 27/40]
Src_cls_loss	: 0.0545
-------------------------------------
[Epoch : 28/40]
Src_cls_loss	: 0.0528
-------------------------------------
[Epoch : 29/40]
Src_cls_loss	: 0.0514
-------------------------------------
[Epoch : 30/40]
Src_cls_loss	: 0.0500
-------------------------------------
[Epoch : 31/40]
Src_cls_loss	: 0.0488
-------------------------------------
[Epoch : 32/40]
Src_cls_loss	: 0.0476
-------------------------------------
[Epoch : 33/40]
Src_cls_loss	: 0.0469
-------------------------------------
[Epoch : 34/40]
Src_cls_loss	: 0.0458
-------------------------------------
[Epoch : 35/40]
Src_cls_loss	: 0.0446
-------------------------------------
[Epoch : 36/40]
Src_cls_loss	: 0.0436
-------------------------------------
[Epoch : 37/40]
Src_cls_loss	: 0.0426
-------------------------------------
[Epoch : 38/40]
Src_cls_loss	: 0.0416
-------------------------------------
[Epoch : 39/40]
Src_cls_loss	: 0.0406
-------------------------------------
[Epoch : 40/40]
Src_cls_loss	: 0.0397
-------------------------------------
