=============================================
Dataset: realworld_mobiact
Method:  SYN
=============================================
Source: syn_wal_44 ---> Target: dp_wal_44
Run ID: 0
=============================================
[Epoch : 1/40]
Src_cls_loss	: 0.9008
-------------------------------------
[Epoch : 2/40]
Src_cls_loss	: 0.7836
-------------------------------------
[Epoch : 3/40]
Src_cls_loss	: 0.6673
-------------------------------------
[Epoch : 4/40]
Src_cls_loss	: 0.5664
-------------------------------------
[Epoch : 5/40]
Src_cls_loss	: 0.4894
-------------------------------------
[Epoch : 6/40]
Src_cls_loss	: 0.4278
-------------------------------------
[Epoch : 7/40]
Src_cls_loss	: 0.3783
-------------------------------------
[Epoch : 8/40]
Src_cls_loss	: 0.3410
-------------------------------------
[Epoch : 9/40]
Src_cls_loss	: 0.3097
-------------------------------------
[Epoch : 10/40]
Src_cls_loss	: 0.2823
-------------------------------------
[Epoch : 11/40]
Src_cls_loss	: 0.2608
-------------------------------------
[Epoch : 12/40]
Src_cls_loss	: 0.2414
-------------------------------------
[Epoch : 13/40]
Src_cls_loss	: 0.2246
-------------------------------------
[Epoch : 14/40]
Src_cls_loss	: 0.2105
-------------------------------------
[Epoch : 15/40]
Src_cls_loss	: 0.1987
-------------------------------------
[Epoch : 16/40]
Src_cls_loss	: 0.1903
-------------------------------------
[Epoch : 17/40]
Src_cls_loss	: 0.1815
-------------------------------------
[Epoch : 18/40]
Src_cls_loss	: 0.1736
-------------------------------------
[Epoch : 19/40]
Src_cls_loss	: 0.1651
-------------------------------------
[Epoch : 20/40]
Src_cls_loss	: 0.1578
-------------------------------------
[Epoch : 21/40]
Src_cls_loss	: 0.1508
-------------------------------------
[Epoch : 22/40]
Src_cls_loss	: 0.1445
-------------------------------------
[Epoch : 23/40]
Src_cls_loss	: 0.1391
-------------------------------------
[Epoch : 24/40]
Src_cls_loss	: 0.1339
-------------------------------------
[Epoch : 25/40]
Src_cls_loss	: 0.1291
-------------------------------------
[Epoch : 26/40]
Src_cls_loss	: 0.1245
-------------------------------------
[Epoch : 27/40]
Src_cls_loss	: 0.1202
-------------------------------------
[Epoch : 28/40]
Src_cls_loss	: 0.1161
-------------------------------------
[Epoch : 29/40]
Src_cls_loss	: 0.1123
-------------------------------------
[Epoch : 30/40]
Src_cls_loss	: 0.1089
-------------------------------------
[Epoch : 31/40]
Src_cls_loss	: 0.1055
-------------------------------------
[Epoch : 32/40]
Src_cls_loss	: 0.1024
-------------------------------------
[Epoch : 33/40]
Src_cls_loss	: 0.0994
-------------------------------------
[Epoch : 34/40]
Src_cls_loss	: 0.0966
-------------------------------------
[Epoch : 35/40]
Src_cls_loss	: 0.0939
-------------------------------------
[Epoch : 36/40]
Src_cls_loss	: 0.0914
-------------------------------------
[Epoch : 37/40]
Src_cls_loss	: 0.0891
-------------------------------------
[Epoch : 38/40]
Src_cls_loss	: 0.0868
-------------------------------------
[Epoch : 39/40]
Src_cls_loss	: 0.0847
-------------------------------------
[Epoch : 40/40]
Src_cls_loss	: 0.0827
-------------------------------------
