=============================================
Dataset: realworld_mobiact
Method:  Deep_Coral
=============================================
Source: df ---> Target: dp_19
Run ID: 0
=============================================
[Epoch : 1/40]
Total_loss	: 2.4508
Src_cls_loss	: 0.3674
coral_loss	: 0.0004
-------------------------------------
[Epoch : 2/40]
Total_loss	: 2.0018
Src_cls_loss	: 0.3000
coral_loss	: 0.0004
-------------------------------------
[Epoch : 3/40]
Total_loss	: 1.7603
Src_cls_loss	: 0.2638
coral_loss	: 0.0004
-------------------------------------
[Epoch : 4/40]
Total_loss	: 1.6043
Src_cls_loss	: 0.2404
coral_loss	: 0.0004
-------------------------------------
[Epoch : 5/40]
Total_loss	: 1.4915
Src_cls_loss	: 0.2235
coral_loss	: 0.0004
-------------------------------------
[Epoch : 6/40]
Total_loss	: 1.4086
Src_cls_loss	: 0.2110
coral_loss	: 0.0004
-------------------------------------
[Epoch : 7/40]
Total_loss	: 1.3438
Src_cls_loss	: 0.2013
coral_loss	: 0.0004
-------------------------------------
[Epoch : 8/40]
Total_loss	: 1.2844
Src_cls_loss	: 0.1924
coral_loss	: 0.0004
-------------------------------------
[Epoch : 9/40]
Total_loss	: 1.2267
Src_cls_loss	: 0.1838
coral_loss	: 0.0003
-------------------------------------
[Epoch : 10/40]
Total_loss	: 1.1790
Src_cls_loss	: 0.1766
coral_loss	: 0.0003
-------------------------------------
[Epoch : 11/40]
Total_loss	: 1.1361
Src_cls_loss	: 0.1702
coral_loss	: 0.0003
-------------------------------------
[Epoch : 12/40]
Total_loss	: 1.0967
Src_cls_loss	: 0.1643
coral_loss	: 0.0003
-------------------------------------
[Epoch : 13/40]
Total_loss	: 1.0611
Src_cls_loss	: 0.1590
coral_loss	: 0.0003
-------------------------------------
[Epoch : 14/40]
Total_loss	: 1.0289
Src_cls_loss	: 0.1541
coral_loss	: 0.0003
-------------------------------------
[Epoch : 15/40]
Total_loss	: 0.9995
Src_cls_loss	: 0.1497
coral_loss	: 0.0003
-------------------------------------
[Epoch : 16/40]
Total_loss	: 0.9709
Src_cls_loss	: 0.1454
coral_loss	: 0.0003
-------------------------------------
[Epoch : 17/40]
Total_loss	: 0.9444
Src_cls_loss	: 0.1415
coral_loss	: 0.0003
-------------------------------------
[Epoch : 18/40]
Total_loss	: 0.9207
Src_cls_loss	: 0.1379
coral_loss	: 0.0003
-------------------------------------
[Epoch : 19/40]
Total_loss	: 0.8965
Src_cls_loss	: 0.1343
coral_loss	: 0.0003
-------------------------------------
[Epoch : 20/40]
Total_loss	: 0.8740
Src_cls_loss	: 0.1309
coral_loss	: 0.0003
-------------------------------------
[Epoch : 21/40]
Total_loss	: 0.8523
Src_cls_loss	: 0.1277
coral_loss	: 0.0003
-------------------------------------
[Epoch : 22/40]
Total_loss	: 0.8318
Src_cls_loss	: 0.1246
coral_loss	: 0.0003
-------------------------------------
[Epoch : 23/40]
Total_loss	: 0.8125
Src_cls_loss	: 0.1217
coral_loss	: 0.0003
-------------------------------------
[Epoch : 24/40]
Total_loss	: 0.7937
Src_cls_loss	: 0.1189
coral_loss	: 0.0002
-------------------------------------
[Epoch : 25/40]
Total_loss	: 0.7760
Src_cls_loss	: 0.1162
coral_loss	: 0.0002
-------------------------------------
[Epoch : 26/40]
Total_loss	: 0.7586
Src_cls_loss	: 0.1136
coral_loss	: 0.0002
-------------------------------------
[Epoch : 27/40]
Total_loss	: 0.7419
Src_cls_loss	: 0.1111
coral_loss	: 0.0002
-------------------------------------
[Epoch : 28/40]
Total_loss	: 0.7261
Src_cls_loss	: 0.1087
coral_loss	: 0.0002
-------------------------------------
[Epoch : 29/40]
Total_loss	: 0.7111
Src_cls_loss	: 0.1065
coral_loss	: 0.0002
-------------------------------------
[Epoch : 30/40]
Total_loss	: 0.6970
Src_cls_loss	: 0.1044
coral_loss	: 0.0002
-------------------------------------
[Epoch : 31/40]
Total_loss	: 0.6825
Src_cls_loss	: 0.1022
coral_loss	: 0.0002
-------------------------------------
[Epoch : 32/40]
Total_loss	: 0.6687
Src_cls_loss	: 0.1001
coral_loss	: 0.0002
-------------------------------------
[Epoch : 33/40]
Total_loss	: 0.6560
Src_cls_loss	: 0.0982
coral_loss	: 0.0002
-------------------------------------
[Epoch : 34/40]
Total_loss	: 0.6441
Src_cls_loss	: 0.0965
coral_loss	: 0.0002
-------------------------------------
[Epoch : 35/40]
Total_loss	: 0.6313
Src_cls_loss	: 0.0945
coral_loss	: 0.0002
-------------------------------------
[Epoch : 36/40]
Total_loss	: 0.6202
Src_cls_loss	: 0.0929
coral_loss	: 0.0002
-------------------------------------
[Epoch : 37/40]
Total_loss	: 0.6088
Src_cls_loss	: 0.0912
coral_loss	: 0.0002
-------------------------------------
[Epoch : 38/40]
Total_loss	: 0.5978
Src_cls_loss	: 0.0895
coral_loss	: 0.0002
-------------------------------------
[Epoch : 39/40]
Total_loss	: 0.5874
Src_cls_loss	: 0.0880
coral_loss	: 0.0002
-------------------------------------
[Epoch : 40/40]
Total_loss	: 0.5779
Src_cls_loss	: 0.0865
coral_loss	: 0.0002
-------------------------------------
