=============================================
Dataset: realworld_mobiact
Method:  Deep_Coral
=============================================
Source: df ---> Target: dp_23
Run ID: 0
=============================================
[Epoch : 1/40]
Total_loss	: 3.3747
Src_cls_loss	: 0.5062
coral_loss	: 0.0003
-------------------------------------
[Epoch : 2/40]
Total_loss	: 2.9249
Src_cls_loss	: 0.4386
coral_loss	: 0.0004
-------------------------------------
[Epoch : 3/40]
Total_loss	: 2.6567
Src_cls_loss	: 0.3983
coral_loss	: 0.0004
-------------------------------------
[Epoch : 4/40]
Total_loss	: 2.4857
Src_cls_loss	: 0.3727
coral_loss	: 0.0004
-------------------------------------
[Epoch : 5/40]
Total_loss	: 2.3537
Src_cls_loss	: 0.3529
coral_loss	: 0.0004
-------------------------------------
[Epoch : 6/40]
Total_loss	: 2.2495
Src_cls_loss	: 0.3373
coral_loss	: 0.0004
-------------------------------------
[Epoch : 7/40]
Total_loss	: 2.1566
Src_cls_loss	: 0.3233
coral_loss	: 0.0004
-------------------------------------
[Epoch : 8/40]
Total_loss	: 2.0782
Src_cls_loss	: 0.3116
coral_loss	: 0.0003
-------------------------------------
[Epoch : 9/40]
Total_loss	: 2.0055
Src_cls_loss	: 0.3007
coral_loss	: 0.0003
-------------------------------------
[Epoch : 10/40]
Total_loss	: 1.9420
Src_cls_loss	: 0.2911
coral_loss	: 0.0003
-------------------------------------
[Epoch : 11/40]
Total_loss	: 1.8818
Src_cls_loss	: 0.2821
coral_loss	: 0.0003
-------------------------------------
[Epoch : 12/40]
Total_loss	: 1.8317
Src_cls_loss	: 0.2746
coral_loss	: 0.0003
-------------------------------------
[Epoch : 13/40]
Total_loss	: 1.7913
Src_cls_loss	: 0.2686
coral_loss	: 0.0003
-------------------------------------
[Epoch : 14/40]
Total_loss	: 1.7517
Src_cls_loss	: 0.2626
coral_loss	: 0.0003
-------------------------------------
[Epoch : 15/40]
Total_loss	: 1.7135
Src_cls_loss	: 0.2569
coral_loss	: 0.0003
-------------------------------------
[Epoch : 16/40]
Total_loss	: 1.6806
Src_cls_loss	: 0.2520
coral_loss	: 0.0003
-------------------------------------
[Epoch : 17/40]
Total_loss	: 1.6521
Src_cls_loss	: 0.2477
coral_loss	: 0.0003
-------------------------------------
[Epoch : 18/40]
Total_loss	: 1.6248
Src_cls_loss	: 0.2436
coral_loss	: 0.0003
-------------------------------------
[Epoch : 19/40]
Total_loss	: 1.5966
Src_cls_loss	: 0.2394
coral_loss	: 0.0003
-------------------------------------
[Epoch : 20/40]
Total_loss	: 1.5732
Src_cls_loss	: 0.2358
coral_loss	: 0.0003
-------------------------------------
[Epoch : 21/40]
Total_loss	: 1.5509
Src_cls_loss	: 0.2325
coral_loss	: 0.0003
-------------------------------------
[Epoch : 22/40]
Total_loss	: 1.5289
Src_cls_loss	: 0.2292
coral_loss	: 0.0003
-------------------------------------
[Epoch : 23/40]
Total_loss	: 1.5079
Src_cls_loss	: 0.2261
coral_loss	: 0.0003
-------------------------------------
[Epoch : 24/40]
Total_loss	: 1.4880
Src_cls_loss	: 0.2231
coral_loss	: 0.0003
-------------------------------------
[Epoch : 25/40]
Total_loss	: 1.4674
Src_cls_loss	: 0.2200
coral_loss	: 0.0003
-------------------------------------
[Epoch : 26/40]
Total_loss	: 1.4480
Src_cls_loss	: 0.2171
coral_loss	: 0.0003
-------------------------------------
[Epoch : 27/40]
Total_loss	: 1.4309
Src_cls_loss	: 0.2145
coral_loss	: 0.0003
-------------------------------------
[Epoch : 28/40]
Total_loss	: 1.4119
Src_cls_loss	: 0.2117
coral_loss	: 0.0003
-------------------------------------
[Epoch : 29/40]
Total_loss	: 1.3951
Src_cls_loss	: 0.2091
coral_loss	: 0.0002
-------------------------------------
[Epoch : 30/40]
Total_loss	: 1.3800
Src_cls_loss	: 0.2069
coral_loss	: 0.0002
-------------------------------------
[Epoch : 31/40]
Total_loss	: 1.3653
Src_cls_loss	: 0.2047
coral_loss	: 0.0002
-------------------------------------
[Epoch : 32/40]
Total_loss	: 1.3514
Src_cls_loss	: 0.2026
coral_loss	: 0.0002
-------------------------------------
[Epoch : 33/40]
Total_loss	: 1.3356
Src_cls_loss	: 0.2002
coral_loss	: 0.0002
-------------------------------------
[Epoch : 34/40]
Total_loss	: 1.3219
Src_cls_loss	: 0.1982
coral_loss	: 0.0002
-------------------------------------
[Epoch : 35/40]
Total_loss	: 1.3084
Src_cls_loss	: 0.1961
coral_loss	: 0.0002
-------------------------------------
[Epoch : 36/40]
Total_loss	: 1.2964
Src_cls_loss	: 0.1943
coral_loss	: 0.0002
-------------------------------------
[Epoch : 37/40]
Total_loss	: 1.2838
Src_cls_loss	: 0.1924
coral_loss	: 0.0002
-------------------------------------
[Epoch : 38/40]
Total_loss	: 1.2725
Src_cls_loss	: 0.1907
coral_loss	: 0.0002
-------------------------------------
[Epoch : 39/40]
Total_loss	: 1.2615
Src_cls_loss	: 0.1891
coral_loss	: 0.0002
-------------------------------------
[Epoch : 40/40]
Total_loss	: 1.2510
Src_cls_loss	: 0.1875
coral_loss	: 0.0002
-------------------------------------
