=============================================
Dataset: pamap_mobiact
Method:  NO_ADAPT
=============================================
Source: syn_13 ---> Target: dp_13
Run ID: 1
=============================================
[Epoch : 1/40]
Src_cls_loss	: 0.6710
-------------------------------------
[Epoch : 2/40]
Src_cls_loss	: 0.5379
-------------------------------------
[Epoch : 3/40]
Src_cls_loss	: 0.4441
-------------------------------------
[Epoch : 4/40]
Src_cls_loss	: 0.3731
-------------------------------------
[Epoch : 5/40]
Src_cls_loss	: 0.3214
-------------------------------------
[Epoch : 6/40]
Src_cls_loss	: 0.2863
-------------------------------------
[Epoch : 7/40]
Src_cls_loss	: 0.2597
-------------------------------------
[Epoch : 8/40]
Src_cls_loss	: 0.2367
-------------------------------------
[Epoch : 9/40]
Src_cls_loss	: 0.2200
-------------------------------------
[Epoch : 10/40]
Src_cls_loss	: 0.2051
-------------------------------------
[Epoch : 11/40]
Src_cls_loss	: 0.1900
-------------------------------------
[Epoch : 12/40]
Src_cls_loss	: 0.1777
-------------------------------------
[Epoch : 13/40]
Src_cls_loss	: 0.1664
-------------------------------------
[Epoch : 14/40]
Src_cls_loss	: 0.1563
-------------------------------------
[Epoch : 15/40]
Src_cls_loss	: 0.1488
-------------------------------------
[Epoch : 16/40]
Src_cls_loss	: 0.1426
-------------------------------------
[Epoch : 17/40]
Src_cls_loss	: 0.1358
-------------------------------------
[Epoch : 18/40]
Src_cls_loss	: 0.1298
-------------------------------------
[Epoch : 19/40]
Src_cls_loss	: 0.1243
-------------------------------------
[Epoch : 20/40]
Src_cls_loss	: 0.1197
-------------------------------------
[Epoch : 21/40]
Src_cls_loss	: 0.1147
-------------------------------------
[Epoch : 22/40]
Src_cls_loss	: 0.1103
-------------------------------------
[Epoch : 23/40]
Src_cls_loss	: 0.1060
-------------------------------------
[Epoch : 24/40]
Src_cls_loss	: 0.1023
-------------------------------------
[Epoch : 25/40]
Src_cls_loss	: 0.0986
-------------------------------------
[Epoch : 26/40]
Src_cls_loss	: 0.0953
-------------------------------------
[Epoch : 27/40]
Src_cls_loss	: 0.0920
-------------------------------------
[Epoch : 28/40]
Src_cls_loss	: 0.0894
-------------------------------------
[Epoch : 29/40]
Src_cls_loss	: 0.0870
-------------------------------------
[Epoch : 30/40]
Src_cls_loss	: 0.0849
-------------------------------------
[Epoch : 31/40]
Src_cls_loss	: 0.0831
-------------------------------------
[Epoch : 32/40]
Src_cls_loss	: 0.0808
-------------------------------------
[Epoch : 33/40]
Src_cls_loss	: 0.0787
-------------------------------------
[Epoch : 34/40]
Src_cls_loss	: 0.0768
-------------------------------------
[Epoch : 35/40]
Src_cls_loss	: 0.0751
-------------------------------------
[Epoch : 36/40]
Src_cls_loss	: 0.0734
-------------------------------------
[Epoch : 37/40]
Src_cls_loss	: 0.0717
-------------------------------------
[Epoch : 38/40]
Src_cls_loss	: 0.0700
-------------------------------------
[Epoch : 39/40]
Src_cls_loss	: 0.0684
-------------------------------------
[Epoch : 40/40]
Src_cls_loss	: 0.0668
-------------------------------------
