=============================================
Dataset: mobiact_realworld
Method:  SYN
=============================================
Source: syn_wal_61 ---> Target: dp_wal_61
Run ID: 6
=============================================
[Epoch : 1/40]
Src_cls_loss	: 0.7552
-------------------------------------
[Epoch : 2/40]
Src_cls_loss	: 0.5488
-------------------------------------
[Epoch : 3/40]
Src_cls_loss	: 0.4274
-------------------------------------
[Epoch : 4/40]
Src_cls_loss	: 0.3506
-------------------------------------
[Epoch : 5/40]
Src_cls_loss	: 0.2980
-------------------------------------
[Epoch : 6/40]
Src_cls_loss	: 0.2600
-------------------------------------
[Epoch : 7/40]
Src_cls_loss	: 0.2327
-------------------------------------
[Epoch : 8/40]
Src_cls_loss	: 0.2088
-------------------------------------
[Epoch : 9/40]
Src_cls_loss	: 0.1905
-------------------------------------
[Epoch : 10/40]
Src_cls_loss	: 0.1742
-------------------------------------
[Epoch : 11/40]
Src_cls_loss	: 0.1619
-------------------------------------
[Epoch : 12/40]
Src_cls_loss	: 0.1511
-------------------------------------
[Epoch : 13/40]
Src_cls_loss	: 0.1408
-------------------------------------
[Epoch : 14/40]
Src_cls_loss	: 0.1321
-------------------------------------
[Epoch : 15/40]
Src_cls_loss	: 0.1254
-------------------------------------
[Epoch : 16/40]
Src_cls_loss	: 0.1192
-------------------------------------
[Epoch : 17/40]
Src_cls_loss	: 0.1133
-------------------------------------
[Epoch : 18/40]
Src_cls_loss	: 0.1081
-------------------------------------
[Epoch : 19/40]
Src_cls_loss	: 0.1031
-------------------------------------
[Epoch : 20/40]
Src_cls_loss	: 0.0989
-------------------------------------
[Epoch : 21/40]
Src_cls_loss	: 0.0951
-------------------------------------
[Epoch : 22/40]
Src_cls_loss	: 0.0913
-------------------------------------
[Epoch : 23/40]
Src_cls_loss	: 0.0881
-------------------------------------
[Epoch : 24/40]
Src_cls_loss	: 0.0851
-------------------------------------
[Epoch : 25/40]
Src_cls_loss	: 0.0820
-------------------------------------
[Epoch : 26/40]
Src_cls_loss	: 0.0792
-------------------------------------
[Epoch : 27/40]
Src_cls_loss	: 0.0767
-------------------------------------
[Epoch : 28/40]
Src_cls_loss	: 0.0742
-------------------------------------
[Epoch : 29/40]
Src_cls_loss	: 0.0721
-------------------------------------
[Epoch : 30/40]
Src_cls_loss	: 0.0700
-------------------------------------
[Epoch : 31/40]
Src_cls_loss	: 0.0680
-------------------------------------
[Epoch : 32/40]
Src_cls_loss	: 0.0661
-------------------------------------
[Epoch : 33/40]
Src_cls_loss	: 0.0643
-------------------------------------
[Epoch : 34/40]
Src_cls_loss	: 0.0625
-------------------------------------
[Epoch : 35/40]
Src_cls_loss	: 0.0609
-------------------------------------
[Epoch : 36/40]
Src_cls_loss	: 0.0595
-------------------------------------
[Epoch : 37/40]
Src_cls_loss	: 0.0581
-------------------------------------
[Epoch : 38/40]
Src_cls_loss	: 0.0568
-------------------------------------
[Epoch : 39/40]
Src_cls_loss	: 0.0555
-------------------------------------
[Epoch : 40/40]
Src_cls_loss	: 0.0543
-------------------------------------
