=============================================
Dataset: mobiact_realworld
Method:  SYN
=============================================
Source: syn_wal_72 ---> Target: dp_wal_72
Run ID: 9
=============================================
[Epoch : 1/40]
Src_cls_loss	: 0.6652
-------------------------------------
[Epoch : 2/40]
Src_cls_loss	: 0.4732
-------------------------------------
[Epoch : 3/40]
Src_cls_loss	: 0.3679
-------------------------------------
[Epoch : 4/40]
Src_cls_loss	: 0.3001
-------------------------------------
[Epoch : 5/40]
Src_cls_loss	: 0.2541
-------------------------------------
[Epoch : 6/40]
Src_cls_loss	: 0.2219
-------------------------------------
[Epoch : 7/40]
Src_cls_loss	: 0.1967
-------------------------------------
[Epoch : 8/40]
Src_cls_loss	: 0.1776
-------------------------------------
[Epoch : 9/40]
Src_cls_loss	: 0.1636
-------------------------------------
[Epoch : 10/40]
Src_cls_loss	: 0.1500
-------------------------------------
[Epoch : 11/40]
Src_cls_loss	: 0.1392
-------------------------------------
[Epoch : 12/40]
Src_cls_loss	: 0.1297
-------------------------------------
[Epoch : 13/40]
Src_cls_loss	: 0.1212
-------------------------------------
[Epoch : 14/40]
Src_cls_loss	: 0.1137
-------------------------------------
[Epoch : 15/40]
Src_cls_loss	: 0.1071
-------------------------------------
[Epoch : 16/40]
Src_cls_loss	: 0.1015
-------------------------------------
[Epoch : 17/40]
Src_cls_loss	: 0.0967
-------------------------------------
[Epoch : 18/40]
Src_cls_loss	: 0.0919
-------------------------------------
[Epoch : 19/40]
Src_cls_loss	: 0.0877
-------------------------------------
[Epoch : 20/40]
Src_cls_loss	: 0.0838
-------------------------------------
[Epoch : 21/40]
Src_cls_loss	: 0.0802
-------------------------------------
[Epoch : 22/40]
Src_cls_loss	: 0.0773
-------------------------------------
[Epoch : 23/40]
Src_cls_loss	: 0.0744
-------------------------------------
[Epoch : 24/40]
Src_cls_loss	: 0.0716
-------------------------------------
[Epoch : 25/40]
Src_cls_loss	: 0.0690
-------------------------------------
[Epoch : 26/40]
Src_cls_loss	: 0.0666
-------------------------------------
[Epoch : 27/40]
Src_cls_loss	: 0.0645
-------------------------------------
[Epoch : 28/40]
Src_cls_loss	: 0.0627
-------------------------------------
[Epoch : 29/40]
Src_cls_loss	: 0.0608
-------------------------------------
[Epoch : 30/40]
Src_cls_loss	: 0.0590
-------------------------------------
[Epoch : 31/40]
Src_cls_loss	: 0.0573
-------------------------------------
[Epoch : 32/40]
Src_cls_loss	: 0.0556
-------------------------------------
[Epoch : 33/40]
Src_cls_loss	: 0.0542
-------------------------------------
[Epoch : 34/40]
Src_cls_loss	: 0.0531
-------------------------------------
[Epoch : 35/40]
Src_cls_loss	: 0.0520
-------------------------------------
[Epoch : 36/40]
Src_cls_loss	: 0.0508
-------------------------------------
[Epoch : 37/40]
Src_cls_loss	: 0.0497
-------------------------------------
[Epoch : 38/40]
Src_cls_loss	: 0.0485
-------------------------------------
[Epoch : 39/40]
Src_cls_loss	: 0.0475
-------------------------------------
[Epoch : 40/40]
Src_cls_loss	: 0.0465
-------------------------------------
