=============================================
Dataset: pamap_mobiact
Method:  SYN
=============================================
Source: syn_wal_38 ---> Target: dp_wal_38
Run ID: 7
=============================================
[Epoch : 1/40]
Src_cls_loss	: 0.6370
-------------------------------------
[Epoch : 2/40]
Src_cls_loss	: 0.4691
-------------------------------------
[Epoch : 3/40]
Src_cls_loss	: 0.3744
-------------------------------------
[Epoch : 4/40]
Src_cls_loss	: 0.3105
-------------------------------------
[Epoch : 5/40]
Src_cls_loss	: 0.2699
-------------------------------------
[Epoch : 6/40]
Src_cls_loss	: 0.2360
-------------------------------------
[Epoch : 7/40]
Src_cls_loss	: 0.2115
-------------------------------------
[Epoch : 8/40]
Src_cls_loss	: 0.1907
-------------------------------------
[Epoch : 9/40]
Src_cls_loss	: 0.1734
-------------------------------------
[Epoch : 10/40]
Src_cls_loss	: 0.1598
-------------------------------------
[Epoch : 11/40]
Src_cls_loss	: 0.1474
-------------------------------------
[Epoch : 12/40]
Src_cls_loss	: 0.1365
-------------------------------------
[Epoch : 13/40]
Src_cls_loss	: 0.1281
-------------------------------------
[Epoch : 14/40]
Src_cls_loss	: 0.1207
-------------------------------------
[Epoch : 15/40]
Src_cls_loss	: 0.1141
-------------------------------------
[Epoch : 16/40]
Src_cls_loss	: 0.1082
-------------------------------------
[Epoch : 17/40]
Src_cls_loss	: 0.1037
-------------------------------------
[Epoch : 18/40]
Src_cls_loss	: 0.0989
-------------------------------------
[Epoch : 19/40]
Src_cls_loss	: 0.0944
-------------------------------------
[Epoch : 20/40]
Src_cls_loss	: 0.0902
-------------------------------------
[Epoch : 21/40]
Src_cls_loss	: 0.0864
-------------------------------------
[Epoch : 22/40]
Src_cls_loss	: 0.0830
-------------------------------------
[Epoch : 23/40]
Src_cls_loss	: 0.0799
-------------------------------------
[Epoch : 24/40]
Src_cls_loss	: 0.0768
-------------------------------------
[Epoch : 25/40]
Src_cls_loss	: 0.0742
-------------------------------------
[Epoch : 26/40]
Src_cls_loss	: 0.0716
-------------------------------------
[Epoch : 27/40]
Src_cls_loss	: 0.0693
-------------------------------------
[Epoch : 28/40]
Src_cls_loss	: 0.0671
-------------------------------------
[Epoch : 29/40]
Src_cls_loss	: 0.0654
-------------------------------------
[Epoch : 30/40]
Src_cls_loss	: 0.0634
-------------------------------------
[Epoch : 31/40]
Src_cls_loss	: 0.0615
-------------------------------------
[Epoch : 32/40]
Src_cls_loss	: 0.0598
-------------------------------------
[Epoch : 33/40]
Src_cls_loss	: 0.0581
-------------------------------------
[Epoch : 34/40]
Src_cls_loss	: 0.0566
-------------------------------------
[Epoch : 35/40]
Src_cls_loss	: 0.0551
-------------------------------------
[Epoch : 36/40]
Src_cls_loss	: 0.0536
-------------------------------------
[Epoch : 37/40]
Src_cls_loss	: 0.0523
-------------------------------------
[Epoch : 38/40]
Src_cls_loss	: 0.0510
-------------------------------------
[Epoch : 39/40]
Src_cls_loss	: 0.0497
-------------------------------------
[Epoch : 40/40]
Src_cls_loss	: 0.0486
-------------------------------------
