=============================================
Dataset: realworld_mobiact
Method:  NO_ADAPT
=============================================
Source: syn_18 ---> Target: dp_18
Run ID: 0
=============================================
[Epoch : 1/40]
Src_cls_loss	: 0.7923
-------------------------------------
[Epoch : 2/40]
Src_cls_loss	: 0.6367
-------------------------------------
[Epoch : 3/40]
Src_cls_loss	: 0.5101
-------------------------------------
[Epoch : 4/40]
Src_cls_loss	: 0.4275
-------------------------------------
[Epoch : 5/40]
Src_cls_loss	: 0.3682
-------------------------------------
[Epoch : 6/40]
Src_cls_loss	: 0.3258
-------------------------------------
[Epoch : 7/40]
Src_cls_loss	: 0.2893
-------------------------------------
[Epoch : 8/40]
Src_cls_loss	: 0.2607
-------------------------------------
[Epoch : 9/40]
Src_cls_loss	: 0.2369
-------------------------------------
[Epoch : 10/40]
Src_cls_loss	: 0.2175
-------------------------------------
[Epoch : 11/40]
Src_cls_loss	: 0.2010
-------------------------------------
[Epoch : 12/40]
Src_cls_loss	: 0.1871
-------------------------------------
[Epoch : 13/40]
Src_cls_loss	: 0.1745
-------------------------------------
[Epoch : 14/40]
Src_cls_loss	: 0.1639
-------------------------------------
[Epoch : 15/40]
Src_cls_loss	: 0.1547
-------------------------------------
[Epoch : 16/40]
Src_cls_loss	: 0.1465
-------------------------------------
[Epoch : 17/40]
Src_cls_loss	: 0.1397
-------------------------------------
[Epoch : 18/40]
Src_cls_loss	: 0.1334
-------------------------------------
[Epoch : 19/40]
Src_cls_loss	: 0.1276
-------------------------------------
[Epoch : 20/40]
Src_cls_loss	: 0.1226
-------------------------------------
[Epoch : 21/40]
Src_cls_loss	: 0.1190
-------------------------------------
[Epoch : 22/40]
Src_cls_loss	: 0.1146
-------------------------------------
[Epoch : 23/40]
Src_cls_loss	: 0.1107
-------------------------------------
[Epoch : 24/40]
Src_cls_loss	: 0.1067
-------------------------------------
[Epoch : 25/40]
Src_cls_loss	: 0.1029
-------------------------------------
[Epoch : 26/40]
Src_cls_loss	: 0.0994
-------------------------------------
[Epoch : 27/40]
Src_cls_loss	: 0.0960
-------------------------------------
[Epoch : 28/40]
Src_cls_loss	: 0.0930
-------------------------------------
[Epoch : 29/40]
Src_cls_loss	: 0.0901
-------------------------------------
[Epoch : 30/40]
Src_cls_loss	: 0.0875
-------------------------------------
[Epoch : 31/40]
Src_cls_loss	: 0.0852
-------------------------------------
[Epoch : 32/40]
Src_cls_loss	: 0.0832
-------------------------------------
[Epoch : 33/40]
Src_cls_loss	: 0.0811
-------------------------------------
[Epoch : 34/40]
Src_cls_loss	: 0.0793
-------------------------------------
[Epoch : 35/40]
Src_cls_loss	: 0.0775
-------------------------------------
[Epoch : 36/40]
Src_cls_loss	: 0.0760
-------------------------------------
[Epoch : 37/40]
Src_cls_loss	: 0.0743
-------------------------------------
[Epoch : 38/40]
Src_cls_loss	: 0.0727
-------------------------------------
[Epoch : 39/40]
Src_cls_loss	: 0.0712
-------------------------------------
[Epoch : 40/40]
Src_cls_loss	: 0.0699
-------------------------------------
