=============================================
Dataset: pamap_mobiact
Method:  SYN
=============================================
Source: syn_wal_56 ---> Target: dp_wal_56
Run ID: 2
=============================================
[Epoch : 1/40]
Src_cls_loss	: 0.7365
-------------------------------------
[Epoch : 2/40]
Src_cls_loss	: 0.5711
-------------------------------------
[Epoch : 3/40]
Src_cls_loss	: 0.4740
-------------------------------------
[Epoch : 4/40]
Src_cls_loss	: 0.4013
-------------------------------------
[Epoch : 5/40]
Src_cls_loss	: 0.3483
-------------------------------------
[Epoch : 6/40]
Src_cls_loss	: 0.3050
-------------------------------------
[Epoch : 7/40]
Src_cls_loss	: 0.2740
-------------------------------------
[Epoch : 8/40]
Src_cls_loss	: 0.2482
-------------------------------------
[Epoch : 9/40]
Src_cls_loss	: 0.2253
-------------------------------------
[Epoch : 10/40]
Src_cls_loss	: 0.2067
-------------------------------------
[Epoch : 11/40]
Src_cls_loss	: 0.1913
-------------------------------------
[Epoch : 12/40]
Src_cls_loss	: 0.1776
-------------------------------------
[Epoch : 13/40]
Src_cls_loss	: 0.1669
-------------------------------------
[Epoch : 14/40]
Src_cls_loss	: 0.1564
-------------------------------------
[Epoch : 15/40]
Src_cls_loss	: 0.1472
-------------------------------------
[Epoch : 16/40]
Src_cls_loss	: 0.1391
-------------------------------------
[Epoch : 17/40]
Src_cls_loss	: 0.1321
-------------------------------------
[Epoch : 18/40]
Src_cls_loss	: 0.1257
-------------------------------------
[Epoch : 19/40]
Src_cls_loss	: 0.1196
-------------------------------------
[Epoch : 20/40]
Src_cls_loss	: 0.1141
-------------------------------------
[Epoch : 21/40]
Src_cls_loss	: 0.1092
-------------------------------------
[Epoch : 22/40]
Src_cls_loss	: 0.1047
-------------------------------------
[Epoch : 23/40]
Src_cls_loss	: 0.1013
-------------------------------------
[Epoch : 24/40]
Src_cls_loss	: 0.0987
-------------------------------------
[Epoch : 25/40]
Src_cls_loss	: 0.0955
-------------------------------------
[Epoch : 26/40]
Src_cls_loss	: 0.0927
-------------------------------------
[Epoch : 27/40]
Src_cls_loss	: 0.0896
-------------------------------------
[Epoch : 28/40]
Src_cls_loss	: 0.0867
-------------------------------------
[Epoch : 29/40]
Src_cls_loss	: 0.0842
-------------------------------------
[Epoch : 30/40]
Src_cls_loss	: 0.0816
-------------------------------------
[Epoch : 31/40]
Src_cls_loss	: 0.0791
-------------------------------------
[Epoch : 32/40]
Src_cls_loss	: 0.0768
-------------------------------------
[Epoch : 33/40]
Src_cls_loss	: 0.0747
-------------------------------------
[Epoch : 34/40]
Src_cls_loss	: 0.0729
-------------------------------------
[Epoch : 35/40]
Src_cls_loss	: 0.0710
-------------------------------------
[Epoch : 36/40]
Src_cls_loss	: 0.0691
-------------------------------------
[Epoch : 37/40]
Src_cls_loss	: 0.0674
-------------------------------------
[Epoch : 38/40]
Src_cls_loss	: 0.0657
-------------------------------------
[Epoch : 39/40]
Src_cls_loss	: 0.0641
-------------------------------------
[Epoch : 40/40]
Src_cls_loss	: 0.0626
-------------------------------------
