=============================================
Dataset: realworld_mobiact
Method:  NO_ADAPT
=============================================
Source: syn_56 ---> Target: dp_56
Run ID: 6
=============================================
[Epoch : 1/40]
Src_cls_loss	: 0.8739
-------------------------------------
[Epoch : 2/40]
Src_cls_loss	: 0.7214
-------------------------------------
[Epoch : 3/40]
Src_cls_loss	: 0.5826
-------------------------------------
[Epoch : 4/40]
Src_cls_loss	: 0.4770
-------------------------------------
[Epoch : 5/40]
Src_cls_loss	: 0.4055
-------------------------------------
[Epoch : 6/40]
Src_cls_loss	: 0.3532
-------------------------------------
[Epoch : 7/40]
Src_cls_loss	: 0.3115
-------------------------------------
[Epoch : 8/40]
Src_cls_loss	: 0.2776
-------------------------------------
[Epoch : 9/40]
Src_cls_loss	: 0.2517
-------------------------------------
[Epoch : 10/40]
Src_cls_loss	: 0.2296
-------------------------------------
[Epoch : 11/40]
Src_cls_loss	: 0.2123
-------------------------------------
[Epoch : 12/40]
Src_cls_loss	: 0.1966
-------------------------------------
[Epoch : 13/40]
Src_cls_loss	: 0.1828
-------------------------------------
[Epoch : 14/40]
Src_cls_loss	: 0.1715
-------------------------------------
[Epoch : 15/40]
Src_cls_loss	: 0.1617
-------------------------------------
[Epoch : 16/40]
Src_cls_loss	: 0.1530
-------------------------------------
[Epoch : 17/40]
Src_cls_loss	: 0.1452
-------------------------------------
[Epoch : 18/40]
Src_cls_loss	: 0.1383
-------------------------------------
[Epoch : 19/40]
Src_cls_loss	: 0.1318
-------------------------------------
[Epoch : 20/40]
Src_cls_loss	: 0.1262
-------------------------------------
[Epoch : 21/40]
Src_cls_loss	: 0.1210
-------------------------------------
[Epoch : 22/40]
Src_cls_loss	: 0.1160
-------------------------------------
[Epoch : 23/40]
Src_cls_loss	: 0.1115
-------------------------------------
[Epoch : 24/40]
Src_cls_loss	: 0.1072
-------------------------------------
[Epoch : 25/40]
Src_cls_loss	: 0.1031
-------------------------------------
[Epoch : 26/40]
Src_cls_loss	: 0.0994
-------------------------------------
[Epoch : 27/40]
Src_cls_loss	: 0.0959
-------------------------------------
[Epoch : 28/40]
Src_cls_loss	: 0.0928
-------------------------------------
[Epoch : 29/40]
Src_cls_loss	: 0.0898
-------------------------------------
[Epoch : 30/40]
Src_cls_loss	: 0.0872
-------------------------------------
[Epoch : 31/40]
Src_cls_loss	: 0.0855
-------------------------------------
[Epoch : 32/40]
Src_cls_loss	: 0.0838
-------------------------------------
[Epoch : 33/40]
Src_cls_loss	: 0.0817
-------------------------------------
[Epoch : 34/40]
Src_cls_loss	: 0.0795
-------------------------------------
[Epoch : 35/40]
Src_cls_loss	: 0.0774
-------------------------------------
[Epoch : 36/40]
Src_cls_loss	: 0.0754
-------------------------------------
[Epoch : 37/40]
Src_cls_loss	: 0.0734
-------------------------------------
[Epoch : 38/40]
Src_cls_loss	: 0.0716
-------------------------------------
[Epoch : 39/40]
Src_cls_loss	: 0.0699
-------------------------------------
[Epoch : 40/40]
Src_cls_loss	: 0.0682
-------------------------------------
