=============================================
Dataset: realworld_mobiact
Method:  NO_ADAPT
=============================================
Source: syn_21 ---> Target: dp_21
Run ID: 7
=============================================
[Epoch : 1/40]
Src_cls_loss	: 0.8482
-------------------------------------
[Epoch : 2/40]
Src_cls_loss	: 0.6954
-------------------------------------
[Epoch : 3/40]
Src_cls_loss	: 0.5685
-------------------------------------
[Epoch : 4/40]
Src_cls_loss	: 0.4712
-------------------------------------
[Epoch : 5/40]
Src_cls_loss	: 0.4040
-------------------------------------
[Epoch : 6/40]
Src_cls_loss	: 0.3493
-------------------------------------
[Epoch : 7/40]
Src_cls_loss	: 0.3075
-------------------------------------
[Epoch : 8/40]
Src_cls_loss	: 0.2765
-------------------------------------
[Epoch : 9/40]
Src_cls_loss	: 0.2505
-------------------------------------
[Epoch : 10/40]
Src_cls_loss	: 0.2282
-------------------------------------
[Epoch : 11/40]
Src_cls_loss	: 0.2095
-------------------------------------
[Epoch : 12/40]
Src_cls_loss	: 0.1943
-------------------------------------
[Epoch : 13/40]
Src_cls_loss	: 0.1819
-------------------------------------
[Epoch : 14/40]
Src_cls_loss	: 0.1703
-------------------------------------
[Epoch : 15/40]
Src_cls_loss	: 0.1610
-------------------------------------
[Epoch : 16/40]
Src_cls_loss	: 0.1522
-------------------------------------
[Epoch : 17/40]
Src_cls_loss	: 0.1443
-------------------------------------
[Epoch : 18/40]
Src_cls_loss	: 0.1372
-------------------------------------
[Epoch : 19/40]
Src_cls_loss	: 0.1326
-------------------------------------
[Epoch : 20/40]
Src_cls_loss	: 0.1269
-------------------------------------
[Epoch : 21/40]
Src_cls_loss	: 0.1214
-------------------------------------
[Epoch : 22/40]
Src_cls_loss	: 0.1164
-------------------------------------
[Epoch : 23/40]
Src_cls_loss	: 0.1117
-------------------------------------
[Epoch : 24/40]
Src_cls_loss	: 0.1073
-------------------------------------
[Epoch : 25/40]
Src_cls_loss	: 0.1033
-------------------------------------
[Epoch : 26/40]
Src_cls_loss	: 0.0996
-------------------------------------
[Epoch : 27/40]
Src_cls_loss	: 0.0962
-------------------------------------
[Epoch : 28/40]
Src_cls_loss	: 0.0929
-------------------------------------
[Epoch : 29/40]
Src_cls_loss	: 0.0899
-------------------------------------
[Epoch : 30/40]
Src_cls_loss	: 0.0870
-------------------------------------
[Epoch : 31/40]
Src_cls_loss	: 0.0844
-------------------------------------
[Epoch : 32/40]
Src_cls_loss	: 0.0827
-------------------------------------
[Epoch : 33/40]
Src_cls_loss	: 0.0808
-------------------------------------
[Epoch : 34/40]
Src_cls_loss	: 0.0786
-------------------------------------
[Epoch : 35/40]
Src_cls_loss	: 0.0765
-------------------------------------
[Epoch : 36/40]
Src_cls_loss	: 0.0745
-------------------------------------
[Epoch : 37/40]
Src_cls_loss	: 0.0726
-------------------------------------
[Epoch : 38/40]
Src_cls_loss	: 0.0708
-------------------------------------
[Epoch : 39/40]
Src_cls_loss	: 0.0691
-------------------------------------
[Epoch : 40/40]
Src_cls_loss	: 0.0675
-------------------------------------
