=============================================
Dataset: realworld_mobiact
Method:  SYN
=============================================
Source: syn_wal_32 ---> Target: dp_wal_32
Run ID: 9
=============================================
[Epoch : 1/40]
Src_cls_loss	: 0.8497
-------------------------------------
[Epoch : 2/40]
Src_cls_loss	: 0.6633
-------------------------------------
[Epoch : 3/40]
Src_cls_loss	: 0.5239
-------------------------------------
[Epoch : 4/40]
Src_cls_loss	: 0.4252
-------------------------------------
[Epoch : 5/40]
Src_cls_loss	: 0.3564
-------------------------------------
[Epoch : 6/40]
Src_cls_loss	: 0.3069
-------------------------------------
[Epoch : 7/40]
Src_cls_loss	: 0.2705
-------------------------------------
[Epoch : 8/40]
Src_cls_loss	: 0.2414
-------------------------------------
[Epoch : 9/40]
Src_cls_loss	: 0.2176
-------------------------------------
[Epoch : 10/40]
Src_cls_loss	: 0.1979
-------------------------------------
[Epoch : 11/40]
Src_cls_loss	: 0.1816
-------------------------------------
[Epoch : 12/40]
Src_cls_loss	: 0.1679
-------------------------------------
[Epoch : 13/40]
Src_cls_loss	: 0.1560
-------------------------------------
[Epoch : 14/40]
Src_cls_loss	: 0.1458
-------------------------------------
[Epoch : 15/40]
Src_cls_loss	: 0.1368
-------------------------------------
[Epoch : 16/40]
Src_cls_loss	: 0.1290
-------------------------------------
[Epoch : 17/40]
Src_cls_loss	: 0.1221
-------------------------------------
[Epoch : 18/40]
Src_cls_loss	: 0.1157
-------------------------------------
[Epoch : 19/40]
Src_cls_loss	: 0.1101
-------------------------------------
[Epoch : 20/40]
Src_cls_loss	: 0.1049
-------------------------------------
[Epoch : 21/40]
Src_cls_loss	: 0.1001
-------------------------------------
[Epoch : 22/40]
Src_cls_loss	: 0.0958
-------------------------------------
[Epoch : 23/40]
Src_cls_loss	: 0.0918
-------------------------------------
[Epoch : 24/40]
Src_cls_loss	: 0.0882
-------------------------------------
[Epoch : 25/40]
Src_cls_loss	: 0.0852
-------------------------------------
[Epoch : 26/40]
Src_cls_loss	: 0.0824
-------------------------------------
[Epoch : 27/40]
Src_cls_loss	: 0.0797
-------------------------------------
[Epoch : 28/40]
Src_cls_loss	: 0.0772
-------------------------------------
[Epoch : 29/40]
Src_cls_loss	: 0.0748
-------------------------------------
[Epoch : 30/40]
Src_cls_loss	: 0.0725
-------------------------------------
[Epoch : 31/40]
Src_cls_loss	: 0.0703
-------------------------------------
[Epoch : 32/40]
Src_cls_loss	: 0.0682
-------------------------------------
[Epoch : 33/40]
Src_cls_loss	: 0.0663
-------------------------------------
[Epoch : 34/40]
Src_cls_loss	: 0.0645
-------------------------------------
[Epoch : 35/40]
Src_cls_loss	: 0.0627
-------------------------------------
[Epoch : 36/40]
Src_cls_loss	: 0.0610
-------------------------------------
[Epoch : 37/40]
Src_cls_loss	: 0.0594
-------------------------------------
[Epoch : 38/40]
Src_cls_loss	: 0.0579
-------------------------------------
[Epoch : 39/40]
Src_cls_loss	: 0.0565
-------------------------------------
[Epoch : 40/40]
Src_cls_loss	: 0.0552
-------------------------------------
