=============================================
Dataset: realworld_mobiact
Method:  NO_ADAPT
=============================================
Source: syn_34 ---> Target: dp_34
Run ID: 7
=============================================
[Epoch : 1/40]
Src_cls_loss	: 0.7196
-------------------------------------
[Epoch : 2/40]
Src_cls_loss	: 0.5878
-------------------------------------
[Epoch : 3/40]
Src_cls_loss	: 0.5169
-------------------------------------
[Epoch : 4/40]
Src_cls_loss	: 0.4704
-------------------------------------
[Epoch : 5/40]
Src_cls_loss	: 0.4302
-------------------------------------
[Epoch : 6/40]
Src_cls_loss	: 0.3913
-------------------------------------
[Epoch : 7/40]
Src_cls_loss	: 0.3643
-------------------------------------
[Epoch : 8/40]
Src_cls_loss	: 0.3434
-------------------------------------
[Epoch : 9/40]
Src_cls_loss	: 0.3233
-------------------------------------
[Epoch : 10/40]
Src_cls_loss	: 0.3082
-------------------------------------
[Epoch : 11/40]
Src_cls_loss	: 0.2934
-------------------------------------
[Epoch : 12/40]
Src_cls_loss	: 0.2793
-------------------------------------
[Epoch : 13/40]
Src_cls_loss	: 0.2663
-------------------------------------
[Epoch : 14/40]
Src_cls_loss	: 0.2552
-------------------------------------
[Epoch : 15/40]
Src_cls_loss	: 0.2453
-------------------------------------
[Epoch : 16/40]
Src_cls_loss	: 0.2371
-------------------------------------
[Epoch : 17/40]
Src_cls_loss	: 0.2294
-------------------------------------
[Epoch : 18/40]
Src_cls_loss	: 0.2218
-------------------------------------
[Epoch : 19/40]
Src_cls_loss	: 0.2142
-------------------------------------
[Epoch : 20/40]
Src_cls_loss	: 0.2082
-------------------------------------
[Epoch : 21/40]
Src_cls_loss	: 0.2032
-------------------------------------
[Epoch : 22/40]
Src_cls_loss	: 0.1976
-------------------------------------
[Epoch : 23/40]
Src_cls_loss	: 0.1919
-------------------------------------
[Epoch : 24/40]
Src_cls_loss	: 0.1862
-------------------------------------
[Epoch : 25/40]
Src_cls_loss	: 0.1826
-------------------------------------
[Epoch : 26/40]
Src_cls_loss	: 0.1785
-------------------------------------
[Epoch : 27/40]
Src_cls_loss	: 0.1738
-------------------------------------
[Epoch : 28/40]
Src_cls_loss	: 0.1695
-------------------------------------
[Epoch : 29/40]
Src_cls_loss	: 0.1647
-------------------------------------
[Epoch : 30/40]
Src_cls_loss	: 0.1610
-------------------------------------
[Epoch : 31/40]
Src_cls_loss	: 0.1576
-------------------------------------
[Epoch : 32/40]
Src_cls_loss	: 0.1542
-------------------------------------
[Epoch : 33/40]
Src_cls_loss	: 0.1510
-------------------------------------
[Epoch : 34/40]
Src_cls_loss	: 0.1479
-------------------------------------
[Epoch : 35/40]
Src_cls_loss	: 0.1448
-------------------------------------
[Epoch : 36/40]
Src_cls_loss	: 0.1417
-------------------------------------
[Epoch : 37/40]
Src_cls_loss	: 0.1387
-------------------------------------
[Epoch : 38/40]
Src_cls_loss	: 0.1361
-------------------------------------
[Epoch : 39/40]
Src_cls_loss	: 0.1334
-------------------------------------
[Epoch : 40/40]
Src_cls_loss	: 0.1306
-------------------------------------
