=============================================
Dataset: pamap_mobiact
Method:  SYN
=============================================
Source: syn_wal_9 ---> Target: dp_wal_9
Run ID: 2
=============================================
[Epoch : 1/40]
Src_cls_loss	: 0.5133
-------------------------------------
[Epoch : 2/40]
Src_cls_loss	: 0.3637
-------------------------------------
[Epoch : 3/40]
Src_cls_loss	: 0.2871
-------------------------------------
[Epoch : 4/40]
Src_cls_loss	: 0.2394
-------------------------------------
[Epoch : 5/40]
Src_cls_loss	: 0.2047
-------------------------------------
[Epoch : 6/40]
Src_cls_loss	: 0.1777
-------------------------------------
[Epoch : 7/40]
Src_cls_loss	: 0.1589
-------------------------------------
[Epoch : 8/40]
Src_cls_loss	: 0.1424
-------------------------------------
[Epoch : 9/40]
Src_cls_loss	: 0.1295
-------------------------------------
[Epoch : 10/40]
Src_cls_loss	: 0.1191
-------------------------------------
[Epoch : 11/40]
Src_cls_loss	: 0.1102
-------------------------------------
[Epoch : 12/40]
Src_cls_loss	: 0.1022
-------------------------------------
[Epoch : 13/40]
Src_cls_loss	: 0.0956
-------------------------------------
[Epoch : 14/40]
Src_cls_loss	: 0.0895
-------------------------------------
[Epoch : 15/40]
Src_cls_loss	: 0.0841
-------------------------------------
[Epoch : 16/40]
Src_cls_loss	: 0.0795
-------------------------------------
[Epoch : 17/40]
Src_cls_loss	: 0.0752
-------------------------------------
[Epoch : 18/40]
Src_cls_loss	: 0.0713
-------------------------------------
[Epoch : 19/40]
Src_cls_loss	: 0.0680
-------------------------------------
[Epoch : 20/40]
Src_cls_loss	: 0.0649
-------------------------------------
[Epoch : 21/40]
Src_cls_loss	: 0.0623
-------------------------------------
[Epoch : 22/40]
Src_cls_loss	: 0.0597
-------------------------------------
[Epoch : 23/40]
Src_cls_loss	: 0.0573
-------------------------------------
[Epoch : 24/40]
Src_cls_loss	: 0.0550
-------------------------------------
[Epoch : 25/40]
Src_cls_loss	: 0.0531
-------------------------------------
[Epoch : 26/40]
Src_cls_loss	: 0.0514
-------------------------------------
[Epoch : 27/40]
Src_cls_loss	: 0.0497
-------------------------------------
[Epoch : 28/40]
Src_cls_loss	: 0.0483
-------------------------------------
[Epoch : 29/40]
Src_cls_loss	: 0.0468
-------------------------------------
[Epoch : 30/40]
Src_cls_loss	: 0.0458
-------------------------------------
[Epoch : 31/40]
Src_cls_loss	: 0.0444
-------------------------------------
[Epoch : 32/40]
Src_cls_loss	: 0.0433
-------------------------------------
[Epoch : 33/40]
Src_cls_loss	: 0.0421
-------------------------------------
[Epoch : 34/40]
Src_cls_loss	: 0.0409
-------------------------------------
[Epoch : 35/40]
Src_cls_loss	: 0.0399
-------------------------------------
[Epoch : 36/40]
Src_cls_loss	: 0.0390
-------------------------------------
[Epoch : 37/40]
Src_cls_loss	: 0.0381
-------------------------------------
[Epoch : 38/40]
Src_cls_loss	: 0.0372
-------------------------------------
[Epoch : 39/40]
Src_cls_loss	: 0.0364
-------------------------------------
[Epoch : 40/40]
Src_cls_loss	: 0.0355
-------------------------------------
