=============================================
Dataset: realworld_mobiact
Method:  NO_ADAPT
=============================================
Source: syn_39 ---> Target: dp_39
Run ID: 6
=============================================
[Epoch : 1/40]
Src_cls_loss	: 0.9498
-------------------------------------
[Epoch : 2/40]
Src_cls_loss	: 0.8506
-------------------------------------
[Epoch : 3/40]
Src_cls_loss	: 0.7713
-------------------------------------
[Epoch : 4/40]
Src_cls_loss	: 0.6802
-------------------------------------
[Epoch : 5/40]
Src_cls_loss	: 0.5998
-------------------------------------
[Epoch : 6/40]
Src_cls_loss	: 0.5364
-------------------------------------
[Epoch : 7/40]
Src_cls_loss	: 0.4831
-------------------------------------
[Epoch : 8/40]
Src_cls_loss	: 0.4361
-------------------------------------
[Epoch : 9/40]
Src_cls_loss	: 0.3997
-------------------------------------
[Epoch : 10/40]
Src_cls_loss	: 0.3696
-------------------------------------
[Epoch : 11/40]
Src_cls_loss	: 0.3437
-------------------------------------
[Epoch : 12/40]
Src_cls_loss	: 0.3224
-------------------------------------
[Epoch : 13/40]
Src_cls_loss	: 0.3038
-------------------------------------
[Epoch : 14/40]
Src_cls_loss	: 0.2861
-------------------------------------
[Epoch : 15/40]
Src_cls_loss	: 0.2705
-------------------------------------
[Epoch : 16/40]
Src_cls_loss	: 0.2562
-------------------------------------
[Epoch : 17/40]
Src_cls_loss	: 0.2436
-------------------------------------
[Epoch : 18/40]
Src_cls_loss	: 0.2328
-------------------------------------
[Epoch : 19/40]
Src_cls_loss	: 0.2225
-------------------------------------
[Epoch : 20/40]
Src_cls_loss	: 0.2138
-------------------------------------
[Epoch : 21/40]
Src_cls_loss	: 0.2047
-------------------------------------
[Epoch : 22/40]
Src_cls_loss	: 0.1965
-------------------------------------
[Epoch : 23/40]
Src_cls_loss	: 0.1889
-------------------------------------
[Epoch : 24/40]
Src_cls_loss	: 0.1820
-------------------------------------
[Epoch : 25/40]
Src_cls_loss	: 0.1762
-------------------------------------
[Epoch : 26/40]
Src_cls_loss	: 0.1712
-------------------------------------
[Epoch : 27/40]
Src_cls_loss	: 0.1657
-------------------------------------
[Epoch : 28/40]
Src_cls_loss	: 0.1607
-------------------------------------
[Epoch : 29/40]
Src_cls_loss	: 0.1557
-------------------------------------
[Epoch : 30/40]
Src_cls_loss	: 0.1510
-------------------------------------
[Epoch : 31/40]
Src_cls_loss	: 0.1468
-------------------------------------
[Epoch : 32/40]
Src_cls_loss	: 0.1428
-------------------------------------
[Epoch : 33/40]
Src_cls_loss	: 0.1394
-------------------------------------
[Epoch : 34/40]
Src_cls_loss	: 0.1360
-------------------------------------
[Epoch : 35/40]
Src_cls_loss	: 0.1326
-------------------------------------
[Epoch : 36/40]
Src_cls_loss	: 0.1294
-------------------------------------
[Epoch : 37/40]
Src_cls_loss	: 0.1265
-------------------------------------
[Epoch : 38/40]
Src_cls_loss	: 0.1238
-------------------------------------
[Epoch : 39/40]
Src_cls_loss	: 0.1217
-------------------------------------
[Epoch : 40/40]
Src_cls_loss	: 0.1192
-------------------------------------
