=============================================
Dataset: mobiact_realworld
Method:  SYN
=============================================
Source: syn_wal_72 ---> Target: dp_wal_72
Run ID: 0
=============================================
[Epoch : 1/40]
Src_cls_loss	: 0.6650
-------------------------------------
[Epoch : 2/40]
Src_cls_loss	: 0.4747
-------------------------------------
[Epoch : 3/40]
Src_cls_loss	: 0.3703
-------------------------------------
[Epoch : 4/40]
Src_cls_loss	: 0.3055
-------------------------------------
[Epoch : 5/40]
Src_cls_loss	: 0.2578
-------------------------------------
[Epoch : 6/40]
Src_cls_loss	: 0.2244
-------------------------------------
[Epoch : 7/40]
Src_cls_loss	: 0.1996
-------------------------------------
[Epoch : 8/40]
Src_cls_loss	: 0.1798
-------------------------------------
[Epoch : 9/40]
Src_cls_loss	: 0.1634
-------------------------------------
[Epoch : 10/40]
Src_cls_loss	: 0.1500
-------------------------------------
[Epoch : 11/40]
Src_cls_loss	: 0.1387
-------------------------------------
[Epoch : 12/40]
Src_cls_loss	: 0.1288
-------------------------------------
[Epoch : 13/40]
Src_cls_loss	: 0.1205
-------------------------------------
[Epoch : 14/40]
Src_cls_loss	: 0.1134
-------------------------------------
[Epoch : 15/40]
Src_cls_loss	: 0.1076
-------------------------------------
[Epoch : 16/40]
Src_cls_loss	: 0.1020
-------------------------------------
[Epoch : 17/40]
Src_cls_loss	: 0.0970
-------------------------------------
[Epoch : 18/40]
Src_cls_loss	: 0.0923
-------------------------------------
[Epoch : 19/40]
Src_cls_loss	: 0.0883
-------------------------------------
[Epoch : 20/40]
Src_cls_loss	: 0.0848
-------------------------------------
[Epoch : 21/40]
Src_cls_loss	: 0.0815
-------------------------------------
[Epoch : 22/40]
Src_cls_loss	: 0.0784
-------------------------------------
[Epoch : 23/40]
Src_cls_loss	: 0.0755
-------------------------------------
[Epoch : 24/40]
Src_cls_loss	: 0.0726
-------------------------------------
[Epoch : 25/40]
Src_cls_loss	: 0.0699
-------------------------------------
[Epoch : 26/40]
Src_cls_loss	: 0.0674
-------------------------------------
[Epoch : 27/40]
Src_cls_loss	: 0.0652
-------------------------------------
[Epoch : 28/40]
Src_cls_loss	: 0.0632
-------------------------------------
[Epoch : 29/40]
Src_cls_loss	: 0.0612
-------------------------------------
[Epoch : 30/40]
Src_cls_loss	: 0.0596
-------------------------------------
[Epoch : 31/40]
Src_cls_loss	: 0.0581
-------------------------------------
[Epoch : 32/40]
Src_cls_loss	: 0.0570
-------------------------------------
[Epoch : 33/40]
Src_cls_loss	: 0.0556
-------------------------------------
[Epoch : 34/40]
Src_cls_loss	: 0.0545
-------------------------------------
[Epoch : 35/40]
Src_cls_loss	: 0.0532
-------------------------------------
[Epoch : 36/40]
Src_cls_loss	: 0.0519
-------------------------------------
[Epoch : 37/40]
Src_cls_loss	: 0.0505
-------------------------------------
[Epoch : 38/40]
Src_cls_loss	: 0.0493
-------------------------------------
[Epoch : 39/40]
Src_cls_loss	: 0.0482
-------------------------------------
[Epoch : 40/40]
Src_cls_loss	: 0.0471
-------------------------------------
