=============================================
Dataset: realworld_mobiact
Method:  NO_ADAPT
=============================================
Source: syn_33 ---> Target: dp_33
Run ID: 0
=============================================
[Epoch : 1/40]
Src_cls_loss	: 0.7726
-------------------------------------
[Epoch : 2/40]
Src_cls_loss	: 0.5858
-------------------------------------
[Epoch : 3/40]
Src_cls_loss	: 0.4677
-------------------------------------
[Epoch : 4/40]
Src_cls_loss	: 0.3816
-------------------------------------
[Epoch : 5/40]
Src_cls_loss	: 0.3208
-------------------------------------
[Epoch : 6/40]
Src_cls_loss	: 0.2775
-------------------------------------
[Epoch : 7/40]
Src_cls_loss	: 0.2437
-------------------------------------
[Epoch : 8/40]
Src_cls_loss	: 0.2180
-------------------------------------
[Epoch : 9/40]
Src_cls_loss	: 0.1974
-------------------------------------
[Epoch : 10/40]
Src_cls_loss	: 0.1818
-------------------------------------
[Epoch : 11/40]
Src_cls_loss	: 0.1676
-------------------------------------
[Epoch : 12/40]
Src_cls_loss	: 0.1555
-------------------------------------
[Epoch : 13/40]
Src_cls_loss	: 0.1465
-------------------------------------
[Epoch : 14/40]
Src_cls_loss	: 0.1380
-------------------------------------
[Epoch : 15/40]
Src_cls_loss	: 0.1304
-------------------------------------
[Epoch : 16/40]
Src_cls_loss	: 0.1231
-------------------------------------
[Epoch : 17/40]
Src_cls_loss	: 0.1165
-------------------------------------
[Epoch : 18/40]
Src_cls_loss	: 0.1106
-------------------------------------
[Epoch : 19/40]
Src_cls_loss	: 0.1051
-------------------------------------
[Epoch : 20/40]
Src_cls_loss	: 0.1003
-------------------------------------
[Epoch : 21/40]
Src_cls_loss	: 0.0960
-------------------------------------
[Epoch : 22/40]
Src_cls_loss	: 0.0922
-------------------------------------
[Epoch : 23/40]
Src_cls_loss	: 0.0885
-------------------------------------
[Epoch : 24/40]
Src_cls_loss	: 0.0851
-------------------------------------
[Epoch : 25/40]
Src_cls_loss	: 0.0819
-------------------------------------
[Epoch : 26/40]
Src_cls_loss	: 0.0790
-------------------------------------
[Epoch : 27/40]
Src_cls_loss	: 0.0763
-------------------------------------
[Epoch : 28/40]
Src_cls_loss	: 0.0738
-------------------------------------
[Epoch : 29/40]
Src_cls_loss	: 0.0716
-------------------------------------
[Epoch : 30/40]
Src_cls_loss	: 0.0696
-------------------------------------
[Epoch : 31/40]
Src_cls_loss	: 0.0681
-------------------------------------
[Epoch : 32/40]
Src_cls_loss	: 0.0662
-------------------------------------
[Epoch : 33/40]
Src_cls_loss	: 0.0644
-------------------------------------
[Epoch : 34/40]
Src_cls_loss	: 0.0626
-------------------------------------
[Epoch : 35/40]
Src_cls_loss	: 0.0609
-------------------------------------
[Epoch : 36/40]
Src_cls_loss	: 0.0593
-------------------------------------
[Epoch : 37/40]
Src_cls_loss	: 0.0578
-------------------------------------
[Epoch : 38/40]
Src_cls_loss	: 0.0563
-------------------------------------
[Epoch : 39/40]
Src_cls_loss	: 0.0549
-------------------------------------
[Epoch : 40/40]
Src_cls_loss	: 0.0536
-------------------------------------
