=============================================
Dataset: mobiact_pamap
Method:  NO_ADAPT
=============================================
Source: syn_62 ---> Target: dp_62
Run ID: 3
=============================================
[Epoch : 1/40]
Src_cls_loss	: 0.6101
-------------------------------------
[Epoch : 2/40]
Src_cls_loss	: 0.4145
-------------------------------------
[Epoch : 3/40]
Src_cls_loss	: 0.3099
-------------------------------------
[Epoch : 4/40]
Src_cls_loss	: 0.2481
-------------------------------------
[Epoch : 5/40]
Src_cls_loss	: 0.2065
-------------------------------------
[Epoch : 6/40]
Src_cls_loss	: 0.1773
-------------------------------------
[Epoch : 7/40]
Src_cls_loss	: 0.1560
-------------------------------------
[Epoch : 8/40]
Src_cls_loss	: 0.1397
-------------------------------------
[Epoch : 9/40]
Src_cls_loss	: 0.1266
-------------------------------------
[Epoch : 10/40]
Src_cls_loss	: 0.1158
-------------------------------------
[Epoch : 11/40]
Src_cls_loss	: 0.1062
-------------------------------------
[Epoch : 12/40]
Src_cls_loss	: 0.0980
-------------------------------------
[Epoch : 13/40]
Src_cls_loss	: 0.0913
-------------------------------------
[Epoch : 14/40]
Src_cls_loss	: 0.0852
-------------------------------------
[Epoch : 15/40]
Src_cls_loss	: 0.0800
-------------------------------------
[Epoch : 16/40]
Src_cls_loss	: 0.0753
-------------------------------------
[Epoch : 17/40]
Src_cls_loss	: 0.0712
-------------------------------------
[Epoch : 18/40]
Src_cls_loss	: 0.0677
-------------------------------------
[Epoch : 19/40]
Src_cls_loss	: 0.0647
-------------------------------------
[Epoch : 20/40]
Src_cls_loss	: 0.0617
-------------------------------------
[Epoch : 21/40]
Src_cls_loss	: 0.0590
-------------------------------------
[Epoch : 22/40]
Src_cls_loss	: 0.0567
-------------------------------------
[Epoch : 23/40]
Src_cls_loss	: 0.0545
-------------------------------------
[Epoch : 24/40]
Src_cls_loss	: 0.0524
-------------------------------------
[Epoch : 25/40]
Src_cls_loss	: 0.0505
-------------------------------------
[Epoch : 26/40]
Src_cls_loss	: 0.0487
-------------------------------------
[Epoch : 27/40]
Src_cls_loss	: 0.0470
-------------------------------------
[Epoch : 28/40]
Src_cls_loss	: 0.0454
-------------------------------------
[Epoch : 29/40]
Src_cls_loss	: 0.0440
-------------------------------------
[Epoch : 30/40]
Src_cls_loss	: 0.0426
-------------------------------------
[Epoch : 31/40]
Src_cls_loss	: 0.0412
-------------------------------------
[Epoch : 32/40]
Src_cls_loss	: 0.0400
-------------------------------------
[Epoch : 33/40]
Src_cls_loss	: 0.0389
-------------------------------------
[Epoch : 34/40]
Src_cls_loss	: 0.0378
-------------------------------------
[Epoch : 35/40]
Src_cls_loss	: 0.0368
-------------------------------------
[Epoch : 36/40]
Src_cls_loss	: 0.0358
-------------------------------------
[Epoch : 37/40]
Src_cls_loss	: 0.0351
-------------------------------------
[Epoch : 38/40]
Src_cls_loss	: 0.0343
-------------------------------------
[Epoch : 39/40]
Src_cls_loss	: 0.0334
-------------------------------------
[Epoch : 40/40]
Src_cls_loss	: 0.0326
-------------------------------------
