=============================================
Dataset: pamap_mobiact
Method:  NO_ADAPT
=============================================
Source: syn_47 ---> Target: dp_47
Run ID: 5
=============================================
[Epoch : 1/40]
Src_cls_loss	: 0.6574
-------------------------------------
[Epoch : 2/40]
Src_cls_loss	: 0.5108
-------------------------------------
[Epoch : 3/40]
Src_cls_loss	: 0.4294
-------------------------------------
[Epoch : 4/40]
Src_cls_loss	: 0.3729
-------------------------------------
[Epoch : 5/40]
Src_cls_loss	: 0.3301
-------------------------------------
[Epoch : 6/40]
Src_cls_loss	: 0.2941
-------------------------------------
[Epoch : 7/40]
Src_cls_loss	: 0.2659
-------------------------------------
[Epoch : 8/40]
Src_cls_loss	: 0.2441
-------------------------------------
[Epoch : 9/40]
Src_cls_loss	: 0.2225
-------------------------------------
[Epoch : 10/40]
Src_cls_loss	: 0.2066
-------------------------------------
[Epoch : 11/40]
Src_cls_loss	: 0.1942
-------------------------------------
[Epoch : 12/40]
Src_cls_loss	: 0.1833
-------------------------------------
[Epoch : 13/40]
Src_cls_loss	: 0.1747
-------------------------------------
[Epoch : 14/40]
Src_cls_loss	: 0.1650
-------------------------------------
[Epoch : 15/40]
Src_cls_loss	: 0.1563
-------------------------------------
[Epoch : 16/40]
Src_cls_loss	: 0.1490
-------------------------------------
[Epoch : 17/40]
Src_cls_loss	: 0.1418
-------------------------------------
[Epoch : 18/40]
Src_cls_loss	: 0.1357
-------------------------------------
[Epoch : 19/40]
Src_cls_loss	: 0.1297
-------------------------------------
[Epoch : 20/40]
Src_cls_loss	: 0.1247
-------------------------------------
[Epoch : 21/40]
Src_cls_loss	: 0.1201
-------------------------------------
[Epoch : 22/40]
Src_cls_loss	: 0.1157
-------------------------------------
[Epoch : 23/40]
Src_cls_loss	: 0.1122
-------------------------------------
[Epoch : 24/40]
Src_cls_loss	: 0.1084
-------------------------------------
[Epoch : 25/40]
Src_cls_loss	: 0.1047
-------------------------------------
[Epoch : 26/40]
Src_cls_loss	: 0.1013
-------------------------------------
[Epoch : 27/40]
Src_cls_loss	: 0.0982
-------------------------------------
[Epoch : 28/40]
Src_cls_loss	: 0.0955
-------------------------------------
[Epoch : 29/40]
Src_cls_loss	: 0.0927
-------------------------------------
[Epoch : 30/40]
Src_cls_loss	: 0.0900
-------------------------------------
[Epoch : 31/40]
Src_cls_loss	: 0.0876
-------------------------------------
[Epoch : 32/40]
Src_cls_loss	: 0.0852
-------------------------------------
[Epoch : 33/40]
Src_cls_loss	: 0.0831
-------------------------------------
[Epoch : 34/40]
Src_cls_loss	: 0.0809
-------------------------------------
[Epoch : 35/40]
Src_cls_loss	: 0.0788
-------------------------------------
[Epoch : 36/40]
Src_cls_loss	: 0.0769
-------------------------------------
[Epoch : 37/40]
Src_cls_loss	: 0.0752
-------------------------------------
[Epoch : 38/40]
Src_cls_loss	: 0.0735
-------------------------------------
[Epoch : 39/40]
Src_cls_loss	: 0.0720
-------------------------------------
[Epoch : 40/40]
Src_cls_loss	: 0.0708
-------------------------------------
