=============================================
Dataset: pamap_realworld
Method:  NO_ADAPT
=============================================
Source: syn_15 ---> Target: dp_15
Run ID: 4
=============================================
[Epoch : 1/40]
Src_cls_loss	: 0.4733
-------------------------------------
[Epoch : 2/40]
Src_cls_loss	: 0.3151
-------------------------------------
[Epoch : 3/40]
Src_cls_loss	: 0.2385
-------------------------------------
[Epoch : 4/40]
Src_cls_loss	: 0.1936
-------------------------------------
[Epoch : 5/40]
Src_cls_loss	: 0.1683
-------------------------------------
[Epoch : 6/40]
Src_cls_loss	: 0.1479
-------------------------------------
[Epoch : 7/40]
Src_cls_loss	: 0.1322
-------------------------------------
[Epoch : 8/40]
Src_cls_loss	: 0.1195
-------------------------------------
[Epoch : 9/40]
Src_cls_loss	: 0.1107
-------------------------------------
[Epoch : 10/40]
Src_cls_loss	: 0.1028
-------------------------------------
[Epoch : 11/40]
Src_cls_loss	: 0.0962
-------------------------------------
[Epoch : 12/40]
Src_cls_loss	: 0.0913
-------------------------------------
[Epoch : 13/40]
Src_cls_loss	: 0.0861
-------------------------------------
[Epoch : 14/40]
Src_cls_loss	: 0.0815
-------------------------------------
[Epoch : 15/40]
Src_cls_loss	: 0.0773
-------------------------------------
[Epoch : 16/40]
Src_cls_loss	: 0.0737
-------------------------------------
[Epoch : 17/40]
Src_cls_loss	: 0.0704
-------------------------------------
[Epoch : 18/40]
Src_cls_loss	: 0.0674
-------------------------------------
[Epoch : 19/40]
Src_cls_loss	: 0.0647
-------------------------------------
[Epoch : 20/40]
Src_cls_loss	: 0.0622
-------------------------------------
[Epoch : 21/40]
Src_cls_loss	: 0.0601
-------------------------------------
[Epoch : 22/40]
Src_cls_loss	: 0.0580
-------------------------------------
[Epoch : 23/40]
Src_cls_loss	: 0.0561
-------------------------------------
[Epoch : 24/40]
Src_cls_loss	: 0.0542
-------------------------------------
[Epoch : 25/40]
Src_cls_loss	: 0.0528
-------------------------------------
[Epoch : 26/40]
Src_cls_loss	: 0.0511
-------------------------------------
[Epoch : 27/40]
Src_cls_loss	: 0.0495
-------------------------------------
[Epoch : 28/40]
Src_cls_loss	: 0.0486
-------------------------------------
[Epoch : 29/40]
Src_cls_loss	: 0.0478
-------------------------------------
[Epoch : 30/40]
Src_cls_loss	: 0.0465
-------------------------------------
[Epoch : 31/40]
Src_cls_loss	: 0.0453
-------------------------------------
[Epoch : 32/40]
Src_cls_loss	: 0.0441
-------------------------------------
[Epoch : 33/40]
Src_cls_loss	: 0.0431
-------------------------------------
[Epoch : 34/40]
Src_cls_loss	: 0.0421
-------------------------------------
[Epoch : 35/40]
Src_cls_loss	: 0.0412
-------------------------------------
[Epoch : 36/40]
Src_cls_loss	: 0.0403
-------------------------------------
[Epoch : 37/40]
Src_cls_loss	: 0.0395
-------------------------------------
[Epoch : 38/40]
Src_cls_loss	: 0.0389
-------------------------------------
[Epoch : 39/40]
Src_cls_loss	: 0.0382
-------------------------------------
[Epoch : 40/40]
Src_cls_loss	: 0.0376
-------------------------------------
