=============================================
Dataset: realworld_mobiact
Method:  SYN
=============================================
Source: syn_wal_71 ---> Target: dp_wal_71
Run ID: 5
=============================================
[Epoch : 1/40]
Src_cls_loss	: 0.8691
-------------------------------------
[Epoch : 2/40]
Src_cls_loss	: 0.6939
-------------------------------------
[Epoch : 3/40]
Src_cls_loss	: 0.5520
-------------------------------------
[Epoch : 4/40]
Src_cls_loss	: 0.4523
-------------------------------------
[Epoch : 5/40]
Src_cls_loss	: 0.3820
-------------------------------------
[Epoch : 6/40]
Src_cls_loss	: 0.3286
-------------------------------------
[Epoch : 7/40]
Src_cls_loss	: 0.2889
-------------------------------------
[Epoch : 8/40]
Src_cls_loss	: 0.2590
-------------------------------------
[Epoch : 9/40]
Src_cls_loss	: 0.2342
-------------------------------------
[Epoch : 10/40]
Src_cls_loss	: 0.2143
-------------------------------------
[Epoch : 11/40]
Src_cls_loss	: 0.1980
-------------------------------------
[Epoch : 12/40]
Src_cls_loss	: 0.1838
-------------------------------------
[Epoch : 13/40]
Src_cls_loss	: 0.1716
-------------------------------------
[Epoch : 14/40]
Src_cls_loss	: 0.1606
-------------------------------------
[Epoch : 15/40]
Src_cls_loss	: 0.1506
-------------------------------------
[Epoch : 16/40]
Src_cls_loss	: 0.1419
-------------------------------------
[Epoch : 17/40]
Src_cls_loss	: 0.1340
-------------------------------------
[Epoch : 18/40]
Src_cls_loss	: 0.1274
-------------------------------------
[Epoch : 19/40]
Src_cls_loss	: 0.1216
-------------------------------------
[Epoch : 20/40]
Src_cls_loss	: 0.1159
-------------------------------------
[Epoch : 21/40]
Src_cls_loss	: 0.1110
-------------------------------------
[Epoch : 22/40]
Src_cls_loss	: 0.1063
-------------------------------------
[Epoch : 23/40]
Src_cls_loss	: 0.1020
-------------------------------------
[Epoch : 24/40]
Src_cls_loss	: 0.0982
-------------------------------------
[Epoch : 25/40]
Src_cls_loss	: 0.0946
-------------------------------------
[Epoch : 26/40]
Src_cls_loss	: 0.0913
-------------------------------------
[Epoch : 27/40]
Src_cls_loss	: 0.0881
-------------------------------------
[Epoch : 28/40]
Src_cls_loss	: 0.0851
-------------------------------------
[Epoch : 29/40]
Src_cls_loss	: 0.0824
-------------------------------------
[Epoch : 30/40]
Src_cls_loss	: 0.0799
-------------------------------------
[Epoch : 31/40]
Src_cls_loss	: 0.0776
-------------------------------------
[Epoch : 32/40]
Src_cls_loss	: 0.0753
-------------------------------------
[Epoch : 33/40]
Src_cls_loss	: 0.0731
-------------------------------------
[Epoch : 34/40]
Src_cls_loss	: 0.0711
-------------------------------------
[Epoch : 35/40]
Src_cls_loss	: 0.0693
-------------------------------------
[Epoch : 36/40]
Src_cls_loss	: 0.0675
-------------------------------------
[Epoch : 37/40]
Src_cls_loss	: 0.0658
-------------------------------------
[Epoch : 38/40]
Src_cls_loss	: 0.0642
-------------------------------------
[Epoch : 39/40]
Src_cls_loss	: 0.0626
-------------------------------------
[Epoch : 40/40]
Src_cls_loss	: 0.0611
-------------------------------------
