=============================================
Dataset: realworld_mobiact
Method:  NO_ADAPT
=============================================
Source: syn_28 ---> Target: dp_28
Run ID: 8
=============================================
[Epoch : 1/40]
Src_cls_loss	: 0.8340
-------------------------------------
[Epoch : 2/40]
Src_cls_loss	: 0.6862
-------------------------------------
[Epoch : 3/40]
Src_cls_loss	: 0.5580
-------------------------------------
[Epoch : 4/40]
Src_cls_loss	: 0.4625
-------------------------------------
[Epoch : 5/40]
Src_cls_loss	: 0.3919
-------------------------------------
[Epoch : 6/40]
Src_cls_loss	: 0.3394
-------------------------------------
[Epoch : 7/40]
Src_cls_loss	: 0.2995
-------------------------------------
[Epoch : 8/40]
Src_cls_loss	: 0.2673
-------------------------------------
[Epoch : 9/40]
Src_cls_loss	: 0.2406
-------------------------------------
[Epoch : 10/40]
Src_cls_loss	: 0.2200
-------------------------------------
[Epoch : 11/40]
Src_cls_loss	: 0.2029
-------------------------------------
[Epoch : 12/40]
Src_cls_loss	: 0.1885
-------------------------------------
[Epoch : 13/40]
Src_cls_loss	: 0.1758
-------------------------------------
[Epoch : 14/40]
Src_cls_loss	: 0.1660
-------------------------------------
[Epoch : 15/40]
Src_cls_loss	: 0.1570
-------------------------------------
[Epoch : 16/40]
Src_cls_loss	: 0.1489
-------------------------------------
[Epoch : 17/40]
Src_cls_loss	: 0.1415
-------------------------------------
[Epoch : 18/40]
Src_cls_loss	: 0.1356
-------------------------------------
[Epoch : 19/40]
Src_cls_loss	: 0.1304
-------------------------------------
[Epoch : 20/40]
Src_cls_loss	: 0.1253
-------------------------------------
[Epoch : 21/40]
Src_cls_loss	: 0.1202
-------------------------------------
[Epoch : 22/40]
Src_cls_loss	: 0.1155
-------------------------------------
[Epoch : 23/40]
Src_cls_loss	: 0.1110
-------------------------------------
[Epoch : 24/40]
Src_cls_loss	: 0.1066
-------------------------------------
[Epoch : 25/40]
Src_cls_loss	: 0.1027
-------------------------------------
[Epoch : 26/40]
Src_cls_loss	: 0.0992
-------------------------------------
[Epoch : 27/40]
Src_cls_loss	: 0.0957
-------------------------------------
[Epoch : 28/40]
Src_cls_loss	: 0.0925
-------------------------------------
[Epoch : 29/40]
Src_cls_loss	: 0.0896
-------------------------------------
[Epoch : 30/40]
Src_cls_loss	: 0.0869
-------------------------------------
[Epoch : 31/40]
Src_cls_loss	: 0.0843
-------------------------------------
[Epoch : 32/40]
Src_cls_loss	: 0.0821
-------------------------------------
[Epoch : 33/40]
Src_cls_loss	: 0.0800
-------------------------------------
[Epoch : 34/40]
Src_cls_loss	: 0.0784
-------------------------------------
[Epoch : 35/40]
Src_cls_loss	: 0.0766
-------------------------------------
[Epoch : 36/40]
Src_cls_loss	: 0.0749
-------------------------------------
[Epoch : 37/40]
Src_cls_loss	: 0.0749
-------------------------------------
[Epoch : 38/40]
Src_cls_loss	: 0.0732
-------------------------------------
[Epoch : 39/40]
Src_cls_loss	: 0.0715
-------------------------------------
[Epoch : 40/40]
Src_cls_loss	: 0.0698
-------------------------------------
