=============================================
Dataset: mobiact_realworld
Method:  Deep_Coral
=============================================
Source: df ---> Target: dp_61
Run ID: 0
=============================================
[Epoch : 1/40]
Total_loss	: 3.5309
Src_cls_loss	: 0.5299
coral_loss	: 0.0001
-------------------------------------
[Epoch : 2/40]
Total_loss	: 2.9037
Src_cls_loss	: 0.4357
coral_loss	: 0.0001
-------------------------------------
[Epoch : 3/40]
Total_loss	: 2.5372
Src_cls_loss	: 0.3807
coral_loss	: 0.0001
-------------------------------------
[Epoch : 4/40]
Total_loss	: 2.2435
Src_cls_loss	: 0.3367
coral_loss	: 0.0001
-------------------------------------
[Epoch : 5/40]
Total_loss	: 2.0268
Src_cls_loss	: 0.3041
coral_loss	: 0.0001
-------------------------------------
[Epoch : 6/40]
Total_loss	: 1.8594
Src_cls_loss	: 0.2790
coral_loss	: 0.0001
-------------------------------------
[Epoch : 7/40]
Total_loss	: 1.7202
Src_cls_loss	: 0.2581
coral_loss	: 0.0001
-------------------------------------
[Epoch : 8/40]
Total_loss	: 1.6014
Src_cls_loss	: 0.2403
coral_loss	: 0.0001
-------------------------------------
[Epoch : 9/40]
Total_loss	: 1.5044
Src_cls_loss	: 0.2257
coral_loss	: 0.0001
-------------------------------------
[Epoch : 10/40]
Total_loss	: 1.4180
Src_cls_loss	: 0.2128
coral_loss	: 0.0001
-------------------------------------
[Epoch : 11/40]
Total_loss	: 1.3456
Src_cls_loss	: 0.2019
coral_loss	: 0.0001
-------------------------------------
[Epoch : 12/40]
Total_loss	: 1.2802
Src_cls_loss	: 0.1921
coral_loss	: 0.0001
-------------------------------------
[Epoch : 13/40]
Total_loss	: 1.2207
Src_cls_loss	: 0.1831
coral_loss	: 0.0001
-------------------------------------
[Epoch : 14/40]
Total_loss	: 1.1691
Src_cls_loss	: 0.1754
coral_loss	: 0.0001
-------------------------------------
[Epoch : 15/40]
Total_loss	: 1.1199
Src_cls_loss	: 0.1680
coral_loss	: 0.0001
-------------------------------------
[Epoch : 16/40]
Total_loss	: 1.0804
Src_cls_loss	: 0.1621
coral_loss	: 0.0001
-------------------------------------
[Epoch : 17/40]
Total_loss	: 1.0425
Src_cls_loss	: 0.1564
coral_loss	: 0.0001
-------------------------------------
[Epoch : 18/40]
Total_loss	: 1.0089
Src_cls_loss	: 0.1513
coral_loss	: 0.0001
-------------------------------------
[Epoch : 19/40]
Total_loss	: 0.9763
Src_cls_loss	: 0.1465
coral_loss	: 0.0001
-------------------------------------
[Epoch : 20/40]
Total_loss	: 0.9466
Src_cls_loss	: 0.1420
coral_loss	: 0.0001
-------------------------------------
[Epoch : 21/40]
Total_loss	: 0.9181
Src_cls_loss	: 0.1377
coral_loss	: 0.0001
-------------------------------------
[Epoch : 22/40]
Total_loss	: 0.8926
Src_cls_loss	: 0.1339
coral_loss	: 0.0001
-------------------------------------
[Epoch : 23/40]
Total_loss	: 0.8673
Src_cls_loss	: 0.1301
coral_loss	: 0.0001
-------------------------------------
[Epoch : 24/40]
Total_loss	: 0.8433
Src_cls_loss	: 0.1265
coral_loss	: 0.0001
-------------------------------------
[Epoch : 25/40]
Total_loss	: 0.8218
Src_cls_loss	: 0.1233
coral_loss	: 0.0001
-------------------------------------
[Epoch : 26/40]
Total_loss	: 0.8015
Src_cls_loss	: 0.1202
coral_loss	: 0.0001
-------------------------------------
[Epoch : 27/40]
Total_loss	: 0.7828
Src_cls_loss	: 0.1174
coral_loss	: 0.0001
-------------------------------------
[Epoch : 28/40]
Total_loss	: 0.7644
Src_cls_loss	: 0.1147
coral_loss	: 0.0001
-------------------------------------
[Epoch : 29/40]
Total_loss	: 0.7473
Src_cls_loss	: 0.1121
coral_loss	: 0.0001
-------------------------------------
[Epoch : 30/40]
Total_loss	: 0.7310
Src_cls_loss	: 0.1096
coral_loss	: 0.0001
-------------------------------------
[Epoch : 31/40]
Total_loss	: 0.7152
Src_cls_loss	: 0.1073
coral_loss	: 0.0001
-------------------------------------
[Epoch : 32/40]
Total_loss	: 0.7002
Src_cls_loss	: 0.1050
coral_loss	: 0.0001
-------------------------------------
[Epoch : 33/40]
Total_loss	: 0.6858
Src_cls_loss	: 0.1029
coral_loss	: 0.0001
-------------------------------------
[Epoch : 34/40]
Total_loss	: 0.6726
Src_cls_loss	: 0.1009
coral_loss	: 0.0001
-------------------------------------
[Epoch : 35/40]
Total_loss	: 0.6603
Src_cls_loss	: 0.0990
coral_loss	: 0.0001
-------------------------------------
[Epoch : 36/40]
Total_loss	: 0.6478
Src_cls_loss	: 0.0972
coral_loss	: 0.0001
-------------------------------------
[Epoch : 37/40]
Total_loss	: 0.6361
Src_cls_loss	: 0.0954
coral_loss	: 0.0001
-------------------------------------
[Epoch : 38/40]
Total_loss	: 0.6254
Src_cls_loss	: 0.0938
coral_loss	: 0.0001
-------------------------------------
[Epoch : 39/40]
Total_loss	: 0.6157
Src_cls_loss	: 0.0923
coral_loss	: 0.0001
-------------------------------------
[Epoch : 40/40]
Total_loss	: 0.6066
Src_cls_loss	: 0.0910
coral_loss	: 0.0001
-------------------------------------
