=============================================
Dataset: pamap_realworld
Method:  SYN
=============================================
Source: syn_wal_11 ---> Target: dp_wal_11
Run ID: 7
=============================================
[Epoch : 1/40]
Src_cls_loss	: 0.5682
-------------------------------------
[Epoch : 2/40]
Src_cls_loss	: 0.3958
-------------------------------------
[Epoch : 3/40]
Src_cls_loss	: 0.2965
-------------------------------------
[Epoch : 4/40]
Src_cls_loss	: 0.2387
-------------------------------------
[Epoch : 5/40]
Src_cls_loss	: 0.2017
-------------------------------------
[Epoch : 6/40]
Src_cls_loss	: 0.1737
-------------------------------------
[Epoch : 7/40]
Src_cls_loss	: 0.1526
-------------------------------------
[Epoch : 8/40]
Src_cls_loss	: 0.1360
-------------------------------------
[Epoch : 9/40]
Src_cls_loss	: 0.1225
-------------------------------------
[Epoch : 10/40]
Src_cls_loss	: 0.1122
-------------------------------------
[Epoch : 11/40]
Src_cls_loss	: 0.1033
-------------------------------------
[Epoch : 12/40]
Src_cls_loss	: 0.0952
-------------------------------------
[Epoch : 13/40]
Src_cls_loss	: 0.0889
-------------------------------------
[Epoch : 14/40]
Src_cls_loss	: 0.0833
-------------------------------------
[Epoch : 15/40]
Src_cls_loss	: 0.0784
-------------------------------------
[Epoch : 16/40]
Src_cls_loss	: 0.0749
-------------------------------------
[Epoch : 17/40]
Src_cls_loss	: 0.0710
-------------------------------------
[Epoch : 18/40]
Src_cls_loss	: 0.0673
-------------------------------------
[Epoch : 19/40]
Src_cls_loss	: 0.0640
-------------------------------------
[Epoch : 20/40]
Src_cls_loss	: 0.0612
-------------------------------------
[Epoch : 21/40]
Src_cls_loss	: 0.0587
-------------------------------------
[Epoch : 22/40]
Src_cls_loss	: 0.0564
-------------------------------------
[Epoch : 23/40]
Src_cls_loss	: 0.0541
-------------------------------------
[Epoch : 24/40]
Src_cls_loss	: 0.0519
-------------------------------------
[Epoch : 25/40]
Src_cls_loss	: 0.0500
-------------------------------------
[Epoch : 26/40]
Src_cls_loss	: 0.0482
-------------------------------------
[Epoch : 27/40]
Src_cls_loss	: 0.0466
-------------------------------------
[Epoch : 28/40]
Src_cls_loss	: 0.0450
-------------------------------------
[Epoch : 29/40]
Src_cls_loss	: 0.0437
-------------------------------------
[Epoch : 30/40]
Src_cls_loss	: 0.0424
-------------------------------------
[Epoch : 31/40]
Src_cls_loss	: 0.0412
-------------------------------------
[Epoch : 32/40]
Src_cls_loss	: 0.0401
-------------------------------------
[Epoch : 33/40]
Src_cls_loss	: 0.0389
-------------------------------------
[Epoch : 34/40]
Src_cls_loss	: 0.0378
-------------------------------------
[Epoch : 35/40]
Src_cls_loss	: 0.0368
-------------------------------------
[Epoch : 36/40]
Src_cls_loss	: 0.0358
-------------------------------------
[Epoch : 37/40]
Src_cls_loss	: 0.0349
-------------------------------------
[Epoch : 38/40]
Src_cls_loss	: 0.0340
-------------------------------------
[Epoch : 39/40]
Src_cls_loss	: 0.0333
-------------------------------------
[Epoch : 40/40]
Src_cls_loss	: 0.0325
-------------------------------------
