=============================================
Dataset: realworld_mobiact
Method:  SYN
=============================================
Source: syn_wal_51 ---> Target: dp_wal_51
Run ID: 0
=============================================
[Epoch : 1/40]
Src_cls_loss	: 0.8681
-------------------------------------
[Epoch : 2/40]
Src_cls_loss	: 0.7666
-------------------------------------
[Epoch : 3/40]
Src_cls_loss	: 0.6619
-------------------------------------
[Epoch : 4/40]
Src_cls_loss	: 0.5656
-------------------------------------
[Epoch : 5/40]
Src_cls_loss	: 0.4924
-------------------------------------
[Epoch : 6/40]
Src_cls_loss	: 0.4351
-------------------------------------
[Epoch : 7/40]
Src_cls_loss	: 0.3875
-------------------------------------
[Epoch : 8/40]
Src_cls_loss	: 0.3498
-------------------------------------
[Epoch : 9/40]
Src_cls_loss	: 0.3176
-------------------------------------
[Epoch : 10/40]
Src_cls_loss	: 0.2904
-------------------------------------
[Epoch : 11/40]
Src_cls_loss	: 0.2676
-------------------------------------
[Epoch : 12/40]
Src_cls_loss	: 0.2499
-------------------------------------
[Epoch : 13/40]
Src_cls_loss	: 0.2340
-------------------------------------
[Epoch : 14/40]
Src_cls_loss	: 0.2203
-------------------------------------
[Epoch : 15/40]
Src_cls_loss	: 0.2074
-------------------------------------
[Epoch : 16/40]
Src_cls_loss	: 0.1962
-------------------------------------
[Epoch : 17/40]
Src_cls_loss	: 0.1867
-------------------------------------
[Epoch : 18/40]
Src_cls_loss	: 0.1780
-------------------------------------
[Epoch : 19/40]
Src_cls_loss	: 0.1709
-------------------------------------
[Epoch : 20/40]
Src_cls_loss	: 0.1634
-------------------------------------
[Epoch : 21/40]
Src_cls_loss	: 0.1564
-------------------------------------
[Epoch : 22/40]
Src_cls_loss	: 0.1500
-------------------------------------
[Epoch : 23/40]
Src_cls_loss	: 0.1446
-------------------------------------
[Epoch : 24/40]
Src_cls_loss	: 0.1396
-------------------------------------
[Epoch : 25/40]
Src_cls_loss	: 0.1349
-------------------------------------
[Epoch : 26/40]
Src_cls_loss	: 0.1304
-------------------------------------
[Epoch : 27/40]
Src_cls_loss	: 0.1259
-------------------------------------
[Epoch : 28/40]
Src_cls_loss	: 0.1218
-------------------------------------
[Epoch : 29/40]
Src_cls_loss	: 0.1179
-------------------------------------
[Epoch : 30/40]
Src_cls_loss	: 0.1150
-------------------------------------
[Epoch : 31/40]
Src_cls_loss	: 0.1117
-------------------------------------
[Epoch : 32/40]
Src_cls_loss	: 0.1087
-------------------------------------
[Epoch : 33/40]
Src_cls_loss	: 0.1059
-------------------------------------
[Epoch : 34/40]
Src_cls_loss	: 0.1030
-------------------------------------
[Epoch : 35/40]
Src_cls_loss	: 0.1002
-------------------------------------
[Epoch : 36/40]
Src_cls_loss	: 0.0977
-------------------------------------
[Epoch : 37/40]
Src_cls_loss	: 0.0953
-------------------------------------
[Epoch : 38/40]
Src_cls_loss	: 0.0929
-------------------------------------
[Epoch : 39/40]
Src_cls_loss	: 0.0908
-------------------------------------
[Epoch : 40/40]
Src_cls_loss	: 0.0887
-------------------------------------
