=============================================
Dataset: pamap_mobiact
Method:  SYN
=============================================
Source: syn_wal_31 ---> Target: dp_wal_31
Run ID: 5
=============================================
[Epoch : 1/40]
Src_cls_loss	: 0.6831
-------------------------------------
[Epoch : 2/40]
Src_cls_loss	: 0.5083
-------------------------------------
[Epoch : 3/40]
Src_cls_loss	: 0.4061
-------------------------------------
[Epoch : 4/40]
Src_cls_loss	: 0.3405
-------------------------------------
[Epoch : 5/40]
Src_cls_loss	: 0.2905
-------------------------------------
[Epoch : 6/40]
Src_cls_loss	: 0.2529
-------------------------------------
[Epoch : 7/40]
Src_cls_loss	: 0.2256
-------------------------------------
[Epoch : 8/40]
Src_cls_loss	: 0.2042
-------------------------------------
[Epoch : 9/40]
Src_cls_loss	: 0.1862
-------------------------------------
[Epoch : 10/40]
Src_cls_loss	: 0.1703
-------------------------------------
[Epoch : 11/40]
Src_cls_loss	: 0.1570
-------------------------------------
[Epoch : 12/40]
Src_cls_loss	: 0.1455
-------------------------------------
[Epoch : 13/40]
Src_cls_loss	: 0.1361
-------------------------------------
[Epoch : 14/40]
Src_cls_loss	: 0.1274
-------------------------------------
[Epoch : 15/40]
Src_cls_loss	: 0.1197
-------------------------------------
[Epoch : 16/40]
Src_cls_loss	: 0.1136
-------------------------------------
[Epoch : 17/40]
Src_cls_loss	: 0.1076
-------------------------------------
[Epoch : 18/40]
Src_cls_loss	: 0.1022
-------------------------------------
[Epoch : 19/40]
Src_cls_loss	: 0.0980
-------------------------------------
[Epoch : 20/40]
Src_cls_loss	: 0.0936
-------------------------------------
[Epoch : 21/40]
Src_cls_loss	: 0.0898
-------------------------------------
[Epoch : 22/40]
Src_cls_loss	: 0.0861
-------------------------------------
[Epoch : 23/40]
Src_cls_loss	: 0.0826
-------------------------------------
[Epoch : 24/40]
Src_cls_loss	: 0.0794
-------------------------------------
[Epoch : 25/40]
Src_cls_loss	: 0.0765
-------------------------------------
[Epoch : 26/40]
Src_cls_loss	: 0.0737
-------------------------------------
[Epoch : 27/40]
Src_cls_loss	: 0.0711
-------------------------------------
[Epoch : 28/40]
Src_cls_loss	: 0.0687
-------------------------------------
[Epoch : 29/40]
Src_cls_loss	: 0.0665
-------------------------------------
[Epoch : 30/40]
Src_cls_loss	: 0.0644
-------------------------------------
[Epoch : 31/40]
Src_cls_loss	: 0.0624
-------------------------------------
[Epoch : 32/40]
Src_cls_loss	: 0.0606
-------------------------------------
[Epoch : 33/40]
Src_cls_loss	: 0.0589
-------------------------------------
[Epoch : 34/40]
Src_cls_loss	: 0.0572
-------------------------------------
[Epoch : 35/40]
Src_cls_loss	: 0.0557
-------------------------------------
[Epoch : 36/40]
Src_cls_loss	: 0.0542
-------------------------------------
[Epoch : 37/40]
Src_cls_loss	: 0.0528
-------------------------------------
[Epoch : 38/40]
Src_cls_loss	: 0.0517
-------------------------------------
[Epoch : 39/40]
Src_cls_loss	: 0.0505
-------------------------------------
[Epoch : 40/40]
Src_cls_loss	: 0.0493
-------------------------------------
