=============================================
Dataset: mobiact_realworld
Method:  SYN
=============================================
Source: syn_wal_66 ---> Target: dp_wal_66
Run ID: 0
=============================================
[Epoch : 1/40]
Src_cls_loss	: 0.7138
-------------------------------------
[Epoch : 2/40]
Src_cls_loss	: 0.5249
-------------------------------------
[Epoch : 3/40]
Src_cls_loss	: 0.4106
-------------------------------------
[Epoch : 4/40]
Src_cls_loss	: 0.3374
-------------------------------------
[Epoch : 5/40]
Src_cls_loss	: 0.2869
-------------------------------------
[Epoch : 6/40]
Src_cls_loss	: 0.2505
-------------------------------------
[Epoch : 7/40]
Src_cls_loss	: 0.2225
-------------------------------------
[Epoch : 8/40]
Src_cls_loss	: 0.2013
-------------------------------------
[Epoch : 9/40]
Src_cls_loss	: 0.1830
-------------------------------------
[Epoch : 10/40]
Src_cls_loss	: 0.1670
-------------------------------------
[Epoch : 11/40]
Src_cls_loss	: 0.1540
-------------------------------------
[Epoch : 12/40]
Src_cls_loss	: 0.1434
-------------------------------------
[Epoch : 13/40]
Src_cls_loss	: 0.1338
-------------------------------------
[Epoch : 14/40]
Src_cls_loss	: 0.1257
-------------------------------------
[Epoch : 15/40]
Src_cls_loss	: 0.1189
-------------------------------------
[Epoch : 16/40]
Src_cls_loss	: 0.1124
-------------------------------------
[Epoch : 17/40]
Src_cls_loss	: 0.1068
-------------------------------------
[Epoch : 18/40]
Src_cls_loss	: 0.1018
-------------------------------------
[Epoch : 19/40]
Src_cls_loss	: 0.0971
-------------------------------------
[Epoch : 20/40]
Src_cls_loss	: 0.0930
-------------------------------------
[Epoch : 21/40]
Src_cls_loss	: 0.0896
-------------------------------------
[Epoch : 22/40]
Src_cls_loss	: 0.0863
-------------------------------------
[Epoch : 23/40]
Src_cls_loss	: 0.0831
-------------------------------------
[Epoch : 24/40]
Src_cls_loss	: 0.0800
-------------------------------------
[Epoch : 25/40]
Src_cls_loss	: 0.0779
-------------------------------------
[Epoch : 26/40]
Src_cls_loss	: 0.0763
-------------------------------------
[Epoch : 27/40]
Src_cls_loss	: 0.0741
-------------------------------------
[Epoch : 28/40]
Src_cls_loss	: 0.0721
-------------------------------------
[Epoch : 29/40]
Src_cls_loss	: 0.0700
-------------------------------------
[Epoch : 30/40]
Src_cls_loss	: 0.0682
-------------------------------------
[Epoch : 31/40]
Src_cls_loss	: 0.0664
-------------------------------------
[Epoch : 32/40]
Src_cls_loss	: 0.0647
-------------------------------------
[Epoch : 33/40]
Src_cls_loss	: 0.0631
-------------------------------------
[Epoch : 34/40]
Src_cls_loss	: 0.0614
-------------------------------------
[Epoch : 35/40]
Src_cls_loss	: 0.0599
-------------------------------------
[Epoch : 36/40]
Src_cls_loss	: 0.0585
-------------------------------------
[Epoch : 37/40]
Src_cls_loss	: 0.0576
-------------------------------------
[Epoch : 38/40]
Src_cls_loss	: 0.0565
-------------------------------------
[Epoch : 39/40]
Src_cls_loss	: 0.0552
-------------------------------------
[Epoch : 40/40]
Src_cls_loss	: 0.0539
-------------------------------------
