=============================================
Dataset: pamap_mobiact
Method:  NO_ADAPT
=============================================
Source: df ---> Target: dp_66
Run ID: 9
=============================================
[Epoch : 1/40]
Src_cls_loss	: 0.7000
-------------------------------------
[Epoch : 2/40]
Src_cls_loss	: 0.6042
-------------------------------------
[Epoch : 3/40]
Src_cls_loss	: 0.5401
-------------------------------------
[Epoch : 4/40]
Src_cls_loss	: 0.4887
-------------------------------------
[Epoch : 5/40]
Src_cls_loss	: 0.4526
-------------------------------------
[Epoch : 6/40]
Src_cls_loss	: 0.4252
-------------------------------------
[Epoch : 7/40]
Src_cls_loss	: 0.3978
-------------------------------------
[Epoch : 8/40]
Src_cls_loss	: 0.3794
-------------------------------------
[Epoch : 9/40]
Src_cls_loss	: 0.3609
-------------------------------------
[Epoch : 10/40]
Src_cls_loss	: 0.3438
-------------------------------------
[Epoch : 11/40]
Src_cls_loss	: 0.3269
-------------------------------------
[Epoch : 12/40]
Src_cls_loss	: 0.3128
-------------------------------------
[Epoch : 13/40]
Src_cls_loss	: 0.3027
-------------------------------------
[Epoch : 14/40]
Src_cls_loss	: 0.2924
-------------------------------------
[Epoch : 15/40]
Src_cls_loss	: 0.2832
-------------------------------------
[Epoch : 16/40]
Src_cls_loss	: 0.2763
-------------------------------------
[Epoch : 17/40]
Src_cls_loss	: 0.2671
-------------------------------------
[Epoch : 18/40]
Src_cls_loss	: 0.2610
-------------------------------------
[Epoch : 19/40]
Src_cls_loss	: 0.2548
-------------------------------------
[Epoch : 20/40]
Src_cls_loss	: 0.2485
-------------------------------------
[Epoch : 21/40]
Src_cls_loss	: 0.2423
-------------------------------------
[Epoch : 22/40]
Src_cls_loss	: 0.2364
-------------------------------------
[Epoch : 23/40]
Src_cls_loss	: 0.2315
-------------------------------------
[Epoch : 24/40]
Src_cls_loss	: 0.2261
-------------------------------------
[Epoch : 25/40]
Src_cls_loss	: 0.2223
-------------------------------------
[Epoch : 26/40]
Src_cls_loss	: 0.2193
-------------------------------------
[Epoch : 27/40]
Src_cls_loss	: 0.2159
-------------------------------------
[Epoch : 28/40]
Src_cls_loss	: 0.2118
-------------------------------------
[Epoch : 29/40]
Src_cls_loss	: 0.2091
-------------------------------------
[Epoch : 30/40]
Src_cls_loss	: 0.2052
-------------------------------------
[Epoch : 31/40]
Src_cls_loss	: 0.2020
-------------------------------------
[Epoch : 32/40]
Src_cls_loss	: 0.1991
-------------------------------------
[Epoch : 33/40]
Src_cls_loss	: 0.1960
-------------------------------------
[Epoch : 34/40]
Src_cls_loss	: 0.1933
-------------------------------------
[Epoch : 35/40]
Src_cls_loss	: 0.1906
-------------------------------------
[Epoch : 36/40]
Src_cls_loss	: 0.1882
-------------------------------------
[Epoch : 37/40]
Src_cls_loss	: 0.1858
-------------------------------------
[Epoch : 38/40]
Src_cls_loss	: 0.1833
-------------------------------------
[Epoch : 39/40]
Src_cls_loss	: 0.1809
-------------------------------------
[Epoch : 40/40]
Src_cls_loss	: 0.1792
-------------------------------------
