=============================================
Dataset: realworld_mobiact
Method:  SYN
=============================================
Source: syn_wal_63 ---> Target: dp_wal_63
Run ID: 7
=============================================
[Epoch : 1/40]
Src_cls_loss	: 0.8505
-------------------------------------
[Epoch : 2/40]
Src_cls_loss	: 0.7002
-------------------------------------
[Epoch : 3/40]
Src_cls_loss	: 0.5666
-------------------------------------
[Epoch : 4/40]
Src_cls_loss	: 0.4678
-------------------------------------
[Epoch : 5/40]
Src_cls_loss	: 0.3973
-------------------------------------
[Epoch : 6/40]
Src_cls_loss	: 0.3426
-------------------------------------
[Epoch : 7/40]
Src_cls_loss	: 0.3005
-------------------------------------
[Epoch : 8/40]
Src_cls_loss	: 0.2673
-------------------------------------
[Epoch : 9/40]
Src_cls_loss	: 0.2406
-------------------------------------
[Epoch : 10/40]
Src_cls_loss	: 0.2201
-------------------------------------
[Epoch : 11/40]
Src_cls_loss	: 0.2023
-------------------------------------
[Epoch : 12/40]
Src_cls_loss	: 0.1871
-------------------------------------
[Epoch : 13/40]
Src_cls_loss	: 0.1744
-------------------------------------
[Epoch : 14/40]
Src_cls_loss	: 0.1632
-------------------------------------
[Epoch : 15/40]
Src_cls_loss	: 0.1530
-------------------------------------
[Epoch : 16/40]
Src_cls_loss	: 0.1441
-------------------------------------
[Epoch : 17/40]
Src_cls_loss	: 0.1364
-------------------------------------
[Epoch : 18/40]
Src_cls_loss	: 0.1293
-------------------------------------
[Epoch : 19/40]
Src_cls_loss	: 0.1228
-------------------------------------
[Epoch : 20/40]
Src_cls_loss	: 0.1170
-------------------------------------
[Epoch : 21/40]
Src_cls_loss	: 0.1116
-------------------------------------
[Epoch : 22/40]
Src_cls_loss	: 0.1068
-------------------------------------
[Epoch : 23/40]
Src_cls_loss	: 0.1025
-------------------------------------
[Epoch : 24/40]
Src_cls_loss	: 0.0984
-------------------------------------
[Epoch : 25/40]
Src_cls_loss	: 0.0946
-------------------------------------
[Epoch : 26/40]
Src_cls_loss	: 0.0912
-------------------------------------
[Epoch : 27/40]
Src_cls_loss	: 0.0882
-------------------------------------
[Epoch : 28/40]
Src_cls_loss	: 0.0854
-------------------------------------
[Epoch : 29/40]
Src_cls_loss	: 0.0827
-------------------------------------
[Epoch : 30/40]
Src_cls_loss	: 0.0801
-------------------------------------
[Epoch : 31/40]
Src_cls_loss	: 0.0777
-------------------------------------
[Epoch : 32/40]
Src_cls_loss	: 0.0754
-------------------------------------
[Epoch : 33/40]
Src_cls_loss	: 0.0732
-------------------------------------
[Epoch : 34/40]
Src_cls_loss	: 0.0713
-------------------------------------
[Epoch : 35/40]
Src_cls_loss	: 0.0695
-------------------------------------
[Epoch : 36/40]
Src_cls_loss	: 0.0677
-------------------------------------
[Epoch : 37/40]
Src_cls_loss	: 0.0659
-------------------------------------
[Epoch : 38/40]
Src_cls_loss	: 0.0643
-------------------------------------
[Epoch : 39/40]
Src_cls_loss	: 0.0627
-------------------------------------
[Epoch : 40/40]
Src_cls_loss	: 0.0612
-------------------------------------
