=============================================
Dataset: realworld_mobiact
Method:  DANN
=============================================
Source: df ---> Target: dp_29
Run ID: 0
=============================================
[Epoch : 1/40]
Total_loss	: 5.2651
Domain_loss	: 1.1572
Src_cls_loss	: 0.4268
-------------------------------------
[Epoch : 2/40]
Total_loss	: 4.9759
Domain_loss	: 1.1491
Src_cls_loss	: 0.3760
-------------------------------------
[Epoch : 3/40]
Total_loss	: 4.8243
Domain_loss	: 1.1673
Src_cls_loss	: 0.3383
-------------------------------------
[Epoch : 4/40]
Total_loss	: 4.7288
Domain_loss	: 1.1846
Src_cls_loss	: 0.3115
-------------------------------------
[Epoch : 5/40]
Total_loss	: 4.6785
Domain_loss	: 1.2061
Src_cls_loss	: 0.2914
-------------------------------------
[Epoch : 6/40]
Total_loss	: 4.6266
Domain_loss	: 1.2169
Src_cls_loss	: 0.2762
-------------------------------------
[Epoch : 7/40]
Total_loss	: 4.5983
Domain_loss	: 1.2313
Src_cls_loss	: 0.2637
-------------------------------------
[Epoch : 8/40]
Total_loss	: 4.5678
Domain_loss	: 1.2441
Src_cls_loss	: 0.2516
-------------------------------------
[Epoch : 9/40]
Total_loss	: 4.5431
Domain_loss	: 1.2527
Src_cls_loss	: 0.2427
-------------------------------------
[Epoch : 10/40]
Total_loss	: 4.5270
Domain_loss	: 1.2636
Src_cls_loss	: 0.2343
-------------------------------------
[Epoch : 11/40]
Total_loss	: 4.5051
Domain_loss	: 1.2698
Src_cls_loss	: 0.2271
-------------------------------------
[Epoch : 12/40]
Total_loss	: 4.4867
Domain_loss	: 1.2753
Src_cls_loss	: 0.2209
-------------------------------------
[Epoch : 13/40]
Total_loss	: 4.4670
Domain_loss	: 1.2804
Src_cls_loss	: 0.2146
-------------------------------------
[Epoch : 14/40]
Total_loss	: 4.4500
Domain_loss	: 1.2850
Src_cls_loss	: 0.2091
-------------------------------------
[Epoch : 15/40]
Total_loss	: 4.4337
Domain_loss	: 1.2876
Src_cls_loss	: 0.2047
-------------------------------------
[Epoch : 16/40]
Total_loss	: 4.4184
Domain_loss	: 1.2908
Src_cls_loss	: 0.2002
-------------------------------------
[Epoch : 17/40]
Total_loss	: 4.4059
Domain_loss	: 1.2951
Src_cls_loss	: 0.1957
-------------------------------------
[Epoch : 18/40]
Total_loss	: 4.3928
Domain_loss	: 1.2982
Src_cls_loss	: 0.1917
-------------------------------------
[Epoch : 19/40]
Total_loss	: 4.3770
Domain_loss	: 1.3003
Src_cls_loss	: 0.1877
-------------------------------------
[Epoch : 20/40]
Total_loss	: 4.3651
Domain_loss	: 1.3031
Src_cls_loss	: 0.1840
-------------------------------------
[Epoch : 21/40]
Total_loss	: 4.3547
Domain_loss	: 1.3065
Src_cls_loss	: 0.1804
-------------------------------------
[Epoch : 22/40]
Total_loss	: 4.3446
Domain_loss	: 1.3096
Src_cls_loss	: 0.1770
-------------------------------------
[Epoch : 23/40]
Total_loss	: 4.3349
Domain_loss	: 1.3124
Src_cls_loss	: 0.1737
-------------------------------------
[Epoch : 24/40]
Total_loss	: 4.3239
Domain_loss	: 1.3151
Src_cls_loss	: 0.1703
-------------------------------------
[Epoch : 25/40]
Total_loss	: 4.3131
Domain_loss	: 1.3170
Src_cls_loss	: 0.1673
-------------------------------------
[Epoch : 26/40]
Total_loss	: 4.3028
Domain_loss	: 1.3180
Src_cls_loss	: 0.1649
-------------------------------------
[Epoch : 27/40]
Total_loss	: 4.2906
Domain_loss	: 1.3190
Src_cls_loss	: 0.1621
-------------------------------------
[Epoch : 28/40]
Total_loss	: 4.2812
Domain_loss	: 1.3202
Src_cls_loss	: 0.1597
-------------------------------------
[Epoch : 29/40]
Total_loss	: 4.2729
Domain_loss	: 1.3209
Src_cls_loss	: 0.1577
-------------------------------------
[Epoch : 30/40]
Total_loss	: 4.2640
Domain_loss	: 1.3222
Src_cls_loss	: 0.1554
-------------------------------------
[Epoch : 31/40]
Total_loss	: 4.2548
Domain_loss	: 1.3234
Src_cls_loss	: 0.1531
-------------------------------------
[Epoch : 32/40]
Total_loss	: 4.2466
Domain_loss	: 1.3249
Src_cls_loss	: 0.1508
-------------------------------------
[Epoch : 33/40]
Total_loss	: 4.2396
Domain_loss	: 1.3267
Src_cls_loss	: 0.1486
-------------------------------------
[Epoch : 34/40]
Total_loss	: 4.2321
Domain_loss	: 1.3284
Src_cls_loss	: 0.1463
-------------------------------------
[Epoch : 35/40]
Total_loss	: 4.2242
Domain_loss	: 1.3298
Src_cls_loss	: 0.1441
-------------------------------------
[Epoch : 36/40]
Total_loss	: 4.2169
Domain_loss	: 1.3301
Src_cls_loss	: 0.1426
-------------------------------------
[Epoch : 37/40]
Total_loss	: 4.2063
Domain_loss	: 1.3297
Src_cls_loss	: 0.1408
-------------------------------------
[Epoch : 38/40]
Total_loss	: 4.1988
Domain_loss	: 1.3302
Src_cls_loss	: 0.1391
-------------------------------------
[Epoch : 39/40]
Total_loss	: 4.1916
Domain_loss	: 1.3307
Src_cls_loss	: 0.1375
-------------------------------------
[Epoch : 40/40]
Total_loss	: 4.1838
Domain_loss	: 1.3309
Src_cls_loss	: 0.1359
-------------------------------------
