=============================================
Dataset: mobiact_realworld
Method:  SYN
=============================================
Source: syn_wal_65 ---> Target: dp_wal_65
Run ID: 5
=============================================
[Epoch : 1/40]
Src_cls_loss	: 0.8096
-------------------------------------
[Epoch : 2/40]
Src_cls_loss	: 0.6162
-------------------------------------
[Epoch : 3/40]
Src_cls_loss	: 0.4994
-------------------------------------
[Epoch : 4/40]
Src_cls_loss	: 0.4186
-------------------------------------
[Epoch : 5/40]
Src_cls_loss	: 0.3654
-------------------------------------
[Epoch : 6/40]
Src_cls_loss	: 0.3230
-------------------------------------
[Epoch : 7/40]
Src_cls_loss	: 0.2892
-------------------------------------
[Epoch : 8/40]
Src_cls_loss	: 0.2616
-------------------------------------
[Epoch : 9/40]
Src_cls_loss	: 0.2388
-------------------------------------
[Epoch : 10/40]
Src_cls_loss	: 0.2210
-------------------------------------
[Epoch : 11/40]
Src_cls_loss	: 0.2059
-------------------------------------
[Epoch : 12/40]
Src_cls_loss	: 0.1927
-------------------------------------
[Epoch : 13/40]
Src_cls_loss	: 0.1813
-------------------------------------
[Epoch : 14/40]
Src_cls_loss	: 0.1712
-------------------------------------
[Epoch : 15/40]
Src_cls_loss	: 0.1625
-------------------------------------
[Epoch : 16/40]
Src_cls_loss	: 0.1540
-------------------------------------
[Epoch : 17/40]
Src_cls_loss	: 0.1465
-------------------------------------
[Epoch : 18/40]
Src_cls_loss	: 0.1403
-------------------------------------
[Epoch : 19/40]
Src_cls_loss	: 0.1345
-------------------------------------
[Epoch : 20/40]
Src_cls_loss	: 0.1292
-------------------------------------
[Epoch : 21/40]
Src_cls_loss	: 0.1241
-------------------------------------
[Epoch : 22/40]
Src_cls_loss	: 0.1194
-------------------------------------
[Epoch : 23/40]
Src_cls_loss	: 0.1151
-------------------------------------
[Epoch : 24/40]
Src_cls_loss	: 0.1113
-------------------------------------
[Epoch : 25/40]
Src_cls_loss	: 0.1076
-------------------------------------
[Epoch : 26/40]
Src_cls_loss	: 0.1043
-------------------------------------
[Epoch : 27/40]
Src_cls_loss	: 0.1012
-------------------------------------
[Epoch : 28/40]
Src_cls_loss	: 0.0986
-------------------------------------
[Epoch : 29/40]
Src_cls_loss	: 0.0960
-------------------------------------
[Epoch : 30/40]
Src_cls_loss	: 0.0934
-------------------------------------
[Epoch : 31/40]
Src_cls_loss	: 0.0910
-------------------------------------
[Epoch : 32/40]
Src_cls_loss	: 0.0887
-------------------------------------
[Epoch : 33/40]
Src_cls_loss	: 0.0865
-------------------------------------
[Epoch : 34/40]
Src_cls_loss	: 0.0845
-------------------------------------
[Epoch : 35/40]
Src_cls_loss	: 0.0825
-------------------------------------
[Epoch : 36/40]
Src_cls_loss	: 0.0806
-------------------------------------
[Epoch : 37/40]
Src_cls_loss	: 0.0788
-------------------------------------
[Epoch : 38/40]
Src_cls_loss	: 0.0770
-------------------------------------
[Epoch : 39/40]
Src_cls_loss	: 0.0754
-------------------------------------
[Epoch : 40/40]
Src_cls_loss	: 0.0739
-------------------------------------
