=============================================
Dataset: realworld_mobiact
Method:  SYN
=============================================
Source: syn_wal_31 ---> Target: dp_wal_31
Run ID: 7
=============================================
[Epoch : 1/40]
Src_cls_loss	: 0.5341
-------------------------------------
[Epoch : 2/40]
Src_cls_loss	: 0.3672
-------------------------------------
[Epoch : 3/40]
Src_cls_loss	: 0.2876
-------------------------------------
[Epoch : 4/40]
Src_cls_loss	: 0.2369
-------------------------------------
[Epoch : 5/40]
Src_cls_loss	: 0.2053
-------------------------------------
[Epoch : 6/40]
Src_cls_loss	: 0.1829
-------------------------------------
[Epoch : 7/40]
Src_cls_loss	: 0.1632
-------------------------------------
[Epoch : 8/40]
Src_cls_loss	: 0.1472
-------------------------------------
[Epoch : 9/40]
Src_cls_loss	: 0.1336
-------------------------------------
[Epoch : 10/40]
Src_cls_loss	: 0.1238
-------------------------------------
[Epoch : 11/40]
Src_cls_loss	: 0.1146
-------------------------------------
[Epoch : 12/40]
Src_cls_loss	: 0.1063
-------------------------------------
[Epoch : 13/40]
Src_cls_loss	: 0.0994
-------------------------------------
[Epoch : 14/40]
Src_cls_loss	: 0.0940
-------------------------------------
[Epoch : 15/40]
Src_cls_loss	: 0.0886
-------------------------------------
[Epoch : 16/40]
Src_cls_loss	: 0.0837
-------------------------------------
[Epoch : 17/40]
Src_cls_loss	: 0.0795
-------------------------------------
[Epoch : 18/40]
Src_cls_loss	: 0.0761
-------------------------------------
[Epoch : 19/40]
Src_cls_loss	: 0.0726
-------------------------------------
[Epoch : 20/40]
Src_cls_loss	: 0.0697
-------------------------------------
[Epoch : 21/40]
Src_cls_loss	: 0.0667
-------------------------------------
[Epoch : 22/40]
Src_cls_loss	: 0.0644
-------------------------------------
[Epoch : 23/40]
Src_cls_loss	: 0.0621
-------------------------------------
[Epoch : 24/40]
Src_cls_loss	: 0.0600
-------------------------------------
[Epoch : 25/40]
Src_cls_loss	: 0.0579
-------------------------------------
[Epoch : 26/40]
Src_cls_loss	: 0.0559
-------------------------------------
[Epoch : 27/40]
Src_cls_loss	: 0.0543
-------------------------------------
[Epoch : 28/40]
Src_cls_loss	: 0.0526
-------------------------------------
[Epoch : 29/40]
Src_cls_loss	: 0.0511
-------------------------------------
[Epoch : 30/40]
Src_cls_loss	: 0.0496
-------------------------------------
[Epoch : 31/40]
Src_cls_loss	: 0.0481
-------------------------------------
[Epoch : 32/40]
Src_cls_loss	: 0.0467
-------------------------------------
[Epoch : 33/40]
Src_cls_loss	: 0.0455
-------------------------------------
[Epoch : 34/40]
Src_cls_loss	: 0.0446
-------------------------------------
[Epoch : 35/40]
Src_cls_loss	: 0.0435
-------------------------------------
[Epoch : 36/40]
Src_cls_loss	: 0.0424
-------------------------------------
[Epoch : 37/40]
Src_cls_loss	: 0.0413
-------------------------------------
[Epoch : 38/40]
Src_cls_loss	: 0.0403
-------------------------------------
[Epoch : 39/40]
Src_cls_loss	: 0.0394
-------------------------------------
[Epoch : 40/40]
Src_cls_loss	: 0.0384
-------------------------------------
