=============================================
Dataset: pamap_mobiact
Method:  SYN
=============================================
Source: syn_wal_53 ---> Target: dp_wal_53
Run ID: 1
=============================================
[Epoch : 1/40]
Src_cls_loss	: 0.7339
-------------------------------------
[Epoch : 2/40]
Src_cls_loss	: 0.5156
-------------------------------------
[Epoch : 3/40]
Src_cls_loss	: 0.3935
-------------------------------------
[Epoch : 4/40]
Src_cls_loss	: 0.3168
-------------------------------------
[Epoch : 5/40]
Src_cls_loss	: 0.2680
-------------------------------------
[Epoch : 6/40]
Src_cls_loss	: 0.2317
-------------------------------------
[Epoch : 7/40]
Src_cls_loss	: 0.2045
-------------------------------------
[Epoch : 8/40]
Src_cls_loss	: 0.1831
-------------------------------------
[Epoch : 9/40]
Src_cls_loss	: 0.1654
-------------------------------------
[Epoch : 10/40]
Src_cls_loss	: 0.1521
-------------------------------------
[Epoch : 11/40]
Src_cls_loss	: 0.1398
-------------------------------------
[Epoch : 12/40]
Src_cls_loss	: 0.1293
-------------------------------------
[Epoch : 13/40]
Src_cls_loss	: 0.1202
-------------------------------------
[Epoch : 14/40]
Src_cls_loss	: 0.1125
-------------------------------------
[Epoch : 15/40]
Src_cls_loss	: 0.1056
-------------------------------------
[Epoch : 16/40]
Src_cls_loss	: 0.0996
-------------------------------------
[Epoch : 17/40]
Src_cls_loss	: 0.0943
-------------------------------------
[Epoch : 18/40]
Src_cls_loss	: 0.0898
-------------------------------------
[Epoch : 19/40]
Src_cls_loss	: 0.0854
-------------------------------------
[Epoch : 20/40]
Src_cls_loss	: 0.0814
-------------------------------------
[Epoch : 21/40]
Src_cls_loss	: 0.0778
-------------------------------------
[Epoch : 22/40]
Src_cls_loss	: 0.0745
-------------------------------------
[Epoch : 23/40]
Src_cls_loss	: 0.0715
-------------------------------------
[Epoch : 24/40]
Src_cls_loss	: 0.0686
-------------------------------------
[Epoch : 25/40]
Src_cls_loss	: 0.0663
-------------------------------------
[Epoch : 26/40]
Src_cls_loss	: 0.0642
-------------------------------------
[Epoch : 27/40]
Src_cls_loss	: 0.0621
-------------------------------------
[Epoch : 28/40]
Src_cls_loss	: 0.0601
-------------------------------------
[Epoch : 29/40]
Src_cls_loss	: 0.0582
-------------------------------------
[Epoch : 30/40]
Src_cls_loss	: 0.0564
-------------------------------------
[Epoch : 31/40]
Src_cls_loss	: 0.0546
-------------------------------------
[Epoch : 32/40]
Src_cls_loss	: 0.0531
-------------------------------------
[Epoch : 33/40]
Src_cls_loss	: 0.0516
-------------------------------------
[Epoch : 34/40]
Src_cls_loss	: 0.0501
-------------------------------------
[Epoch : 35/40]
Src_cls_loss	: 0.0488
-------------------------------------
[Epoch : 36/40]
Src_cls_loss	: 0.0477
-------------------------------------
[Epoch : 37/40]
Src_cls_loss	: 0.0465
-------------------------------------
[Epoch : 38/40]
Src_cls_loss	: 0.0454
-------------------------------------
[Epoch : 39/40]
Src_cls_loss	: 0.0444
-------------------------------------
[Epoch : 40/40]
Src_cls_loss	: 0.0434
-------------------------------------
