=============================================
Dataset: realworld_mobiact
Method:  NO_ADAPT
=============================================
Source: syn_41 ---> Target: dp_41
Run ID: 8
=============================================
[Epoch : 1/40]
Src_cls_loss	: 0.8605
-------------------------------------
[Epoch : 2/40]
Src_cls_loss	: 0.7212
-------------------------------------
[Epoch : 3/40]
Src_cls_loss	: 0.6178
-------------------------------------
[Epoch : 4/40]
Src_cls_loss	: 0.5480
-------------------------------------
[Epoch : 5/40]
Src_cls_loss	: 0.4893
-------------------------------------
[Epoch : 6/40]
Src_cls_loss	: 0.4430
-------------------------------------
[Epoch : 7/40]
Src_cls_loss	: 0.4103
-------------------------------------
[Epoch : 8/40]
Src_cls_loss	: 0.3796
-------------------------------------
[Epoch : 9/40]
Src_cls_loss	: 0.3560
-------------------------------------
[Epoch : 10/40]
Src_cls_loss	: 0.3311
-------------------------------------
[Epoch : 11/40]
Src_cls_loss	: 0.3090
-------------------------------------
[Epoch : 12/40]
Src_cls_loss	: 0.2928
-------------------------------------
[Epoch : 13/40]
Src_cls_loss	: 0.2796
-------------------------------------
[Epoch : 14/40]
Src_cls_loss	: 0.2658
-------------------------------------
[Epoch : 15/40]
Src_cls_loss	: 0.2532
-------------------------------------
[Epoch : 16/40]
Src_cls_loss	: 0.2413
-------------------------------------
[Epoch : 17/40]
Src_cls_loss	: 0.2305
-------------------------------------
[Epoch : 18/40]
Src_cls_loss	: 0.2210
-------------------------------------
[Epoch : 19/40]
Src_cls_loss	: 0.2128
-------------------------------------
[Epoch : 20/40]
Src_cls_loss	: 0.2052
-------------------------------------
[Epoch : 21/40]
Src_cls_loss	: 0.1981
-------------------------------------
[Epoch : 22/40]
Src_cls_loss	: 0.1915
-------------------------------------
[Epoch : 23/40]
Src_cls_loss	: 0.1855
-------------------------------------
[Epoch : 24/40]
Src_cls_loss	: 0.1795
-------------------------------------
[Epoch : 25/40]
Src_cls_loss	: 0.1739
-------------------------------------
[Epoch : 26/40]
Src_cls_loss	: 0.1688
-------------------------------------
[Epoch : 27/40]
Src_cls_loss	: 0.1641
-------------------------------------
[Epoch : 28/40]
Src_cls_loss	: 0.1599
-------------------------------------
[Epoch : 29/40]
Src_cls_loss	: 0.1554
-------------------------------------
[Epoch : 30/40]
Src_cls_loss	: 0.1510
-------------------------------------
[Epoch : 31/40]
Src_cls_loss	: 0.1469
-------------------------------------
[Epoch : 32/40]
Src_cls_loss	: 0.1432
-------------------------------------
[Epoch : 33/40]
Src_cls_loss	: 0.1397
-------------------------------------
[Epoch : 34/40]
Src_cls_loss	: 0.1361
-------------------------------------
[Epoch : 35/40]
Src_cls_loss	: 0.1330
-------------------------------------
[Epoch : 36/40]
Src_cls_loss	: 0.1306
-------------------------------------
[Epoch : 37/40]
Src_cls_loss	: 0.1279
-------------------------------------
[Epoch : 38/40]
Src_cls_loss	: 0.1253
-------------------------------------
[Epoch : 39/40]
Src_cls_loss	: 0.1228
-------------------------------------
[Epoch : 40/40]
Src_cls_loss	: 0.1206
-------------------------------------
