=============================================
Dataset: realworld_mobiact
Method:  SYN
=============================================
Source: syn_wal_17 ---> Target: dp_wal_17
Run ID: 0
=============================================
[Epoch : 1/40]
Src_cls_loss	: 0.8770
-------------------------------------
[Epoch : 2/40]
Src_cls_loss	: 0.7670
-------------------------------------
[Epoch : 3/40]
Src_cls_loss	: 0.6458
-------------------------------------
[Epoch : 4/40]
Src_cls_loss	: 0.5438
-------------------------------------
[Epoch : 5/40]
Src_cls_loss	: 0.4671
-------------------------------------
[Epoch : 6/40]
Src_cls_loss	: 0.4063
-------------------------------------
[Epoch : 7/40]
Src_cls_loss	: 0.3609
-------------------------------------
[Epoch : 8/40]
Src_cls_loss	: 0.3225
-------------------------------------
[Epoch : 9/40]
Src_cls_loss	: 0.2910
-------------------------------------
[Epoch : 10/40]
Src_cls_loss	: 0.2646
-------------------------------------
[Epoch : 11/40]
Src_cls_loss	: 0.2427
-------------------------------------
[Epoch : 12/40]
Src_cls_loss	: 0.2244
-------------------------------------
[Epoch : 13/40]
Src_cls_loss	: 0.2096
-------------------------------------
[Epoch : 14/40]
Src_cls_loss	: 0.1970
-------------------------------------
[Epoch : 15/40]
Src_cls_loss	: 0.1847
-------------------------------------
[Epoch : 16/40]
Src_cls_loss	: 0.1741
-------------------------------------
[Epoch : 17/40]
Src_cls_loss	: 0.1648
-------------------------------------
[Epoch : 18/40]
Src_cls_loss	: 0.1568
-------------------------------------
[Epoch : 19/40]
Src_cls_loss	: 0.1500
-------------------------------------
[Epoch : 20/40]
Src_cls_loss	: 0.1434
-------------------------------------
[Epoch : 21/40]
Src_cls_loss	: 0.1373
-------------------------------------
[Epoch : 22/40]
Src_cls_loss	: 0.1318
-------------------------------------
[Epoch : 23/40]
Src_cls_loss	: 0.1269
-------------------------------------
[Epoch : 24/40]
Src_cls_loss	: 0.1220
-------------------------------------
[Epoch : 25/40]
Src_cls_loss	: 0.1174
-------------------------------------
[Epoch : 26/40]
Src_cls_loss	: 0.1131
-------------------------------------
[Epoch : 27/40]
Src_cls_loss	: 0.1091
-------------------------------------
[Epoch : 28/40]
Src_cls_loss	: 0.1054
-------------------------------------
[Epoch : 29/40]
Src_cls_loss	: 0.1019
-------------------------------------
[Epoch : 30/40]
Src_cls_loss	: 0.0987
-------------------------------------
[Epoch : 31/40]
Src_cls_loss	: 0.0956
-------------------------------------
[Epoch : 32/40]
Src_cls_loss	: 0.0927
-------------------------------------
[Epoch : 33/40]
Src_cls_loss	: 0.0902
-------------------------------------
[Epoch : 34/40]
Src_cls_loss	: 0.0877
-------------------------------------
[Epoch : 35/40]
Src_cls_loss	: 0.0853
-------------------------------------
[Epoch : 36/40]
Src_cls_loss	: 0.0830
-------------------------------------
[Epoch : 37/40]
Src_cls_loss	: 0.0809
-------------------------------------
[Epoch : 38/40]
Src_cls_loss	: 0.0788
-------------------------------------
[Epoch : 39/40]
Src_cls_loss	: 0.0769
-------------------------------------
[Epoch : 40/40]
Src_cls_loss	: 0.0751
-------------------------------------
