=============================================
Dataset: realworld_mobiact
Method:  SYN
=============================================
Source: syn_wal_64 ---> Target: dp_wal_64
Run ID: 0
=============================================
[Epoch : 1/40]
Src_cls_loss	: 0.8206
-------------------------------------
[Epoch : 2/40]
Src_cls_loss	: 0.6150
-------------------------------------
[Epoch : 3/40]
Src_cls_loss	: 0.4736
-------------------------------------
[Epoch : 4/40]
Src_cls_loss	: 0.3811
-------------------------------------
[Epoch : 5/40]
Src_cls_loss	: 0.3165
-------------------------------------
[Epoch : 6/40]
Src_cls_loss	: 0.2721
-------------------------------------
[Epoch : 7/40]
Src_cls_loss	: 0.2380
-------------------------------------
[Epoch : 8/40]
Src_cls_loss	: 0.2110
-------------------------------------
[Epoch : 9/40]
Src_cls_loss	: 0.1892
-------------------------------------
[Epoch : 10/40]
Src_cls_loss	: 0.1721
-------------------------------------
[Epoch : 11/40]
Src_cls_loss	: 0.1577
-------------------------------------
[Epoch : 12/40]
Src_cls_loss	: 0.1454
-------------------------------------
[Epoch : 13/40]
Src_cls_loss	: 0.1348
-------------------------------------
[Epoch : 14/40]
Src_cls_loss	: 0.1258
-------------------------------------
[Epoch : 15/40]
Src_cls_loss	: 0.1180
-------------------------------------
[Epoch : 16/40]
Src_cls_loss	: 0.1110
-------------------------------------
[Epoch : 17/40]
Src_cls_loss	: 0.1048
-------------------------------------
[Epoch : 18/40]
Src_cls_loss	: 0.0993
-------------------------------------
[Epoch : 19/40]
Src_cls_loss	: 0.0943
-------------------------------------
[Epoch : 20/40]
Src_cls_loss	: 0.0898
-------------------------------------
[Epoch : 21/40]
Src_cls_loss	: 0.0858
-------------------------------------
[Epoch : 22/40]
Src_cls_loss	: 0.0821
-------------------------------------
[Epoch : 23/40]
Src_cls_loss	: 0.0787
-------------------------------------
[Epoch : 24/40]
Src_cls_loss	: 0.0756
-------------------------------------
[Epoch : 25/40]
Src_cls_loss	: 0.0728
-------------------------------------
[Epoch : 26/40]
Src_cls_loss	: 0.0702
-------------------------------------
[Epoch : 27/40]
Src_cls_loss	: 0.0677
-------------------------------------
[Epoch : 28/40]
Src_cls_loss	: 0.0655
-------------------------------------
[Epoch : 29/40]
Src_cls_loss	: 0.0635
-------------------------------------
[Epoch : 30/40]
Src_cls_loss	: 0.0616
-------------------------------------
[Epoch : 31/40]
Src_cls_loss	: 0.0598
-------------------------------------
[Epoch : 32/40]
Src_cls_loss	: 0.0581
-------------------------------------
[Epoch : 33/40]
Src_cls_loss	: 0.0567
-------------------------------------
[Epoch : 34/40]
Src_cls_loss	: 0.0553
-------------------------------------
[Epoch : 35/40]
Src_cls_loss	: 0.0539
-------------------------------------
[Epoch : 36/40]
Src_cls_loss	: 0.0526
-------------------------------------
[Epoch : 37/40]
Src_cls_loss	: 0.0514
-------------------------------------
[Epoch : 38/40]
Src_cls_loss	: 0.0501
-------------------------------------
[Epoch : 39/40]
Src_cls_loss	: 0.0489
-------------------------------------
[Epoch : 40/40]
Src_cls_loss	: 0.0477
-------------------------------------
