=============================================
Dataset: realworld_mobiact
Method:  NO_ADAPT
=============================================
Source: syn_58 ---> Target: dp_58
Run ID: 6
=============================================
[Epoch : 1/40]
Src_cls_loss	: 0.8848
-------------------------------------
[Epoch : 2/40]
Src_cls_loss	: 0.7771
-------------------------------------
[Epoch : 3/40]
Src_cls_loss	: 0.6657
-------------------------------------
[Epoch : 4/40]
Src_cls_loss	: 0.5683
-------------------------------------
[Epoch : 5/40]
Src_cls_loss	: 0.4854
-------------------------------------
[Epoch : 6/40]
Src_cls_loss	: 0.4228
-------------------------------------
[Epoch : 7/40]
Src_cls_loss	: 0.3736
-------------------------------------
[Epoch : 8/40]
Src_cls_loss	: 0.3337
-------------------------------------
[Epoch : 9/40]
Src_cls_loss	: 0.3037
-------------------------------------
[Epoch : 10/40]
Src_cls_loss	: 0.2799
-------------------------------------
[Epoch : 11/40]
Src_cls_loss	: 0.2593
-------------------------------------
[Epoch : 12/40]
Src_cls_loss	: 0.2419
-------------------------------------
[Epoch : 13/40]
Src_cls_loss	: 0.2257
-------------------------------------
[Epoch : 14/40]
Src_cls_loss	: 0.2122
-------------------------------------
[Epoch : 15/40]
Src_cls_loss	: 0.2001
-------------------------------------
[Epoch : 16/40]
Src_cls_loss	: 0.1901
-------------------------------------
[Epoch : 17/40]
Src_cls_loss	: 0.1818
-------------------------------------
[Epoch : 18/40]
Src_cls_loss	: 0.1740
-------------------------------------
[Epoch : 19/40]
Src_cls_loss	: 0.1668
-------------------------------------
[Epoch : 20/40]
Src_cls_loss	: 0.1592
-------------------------------------
[Epoch : 21/40]
Src_cls_loss	: 0.1525
-------------------------------------
[Epoch : 22/40]
Src_cls_loss	: 0.1462
-------------------------------------
[Epoch : 23/40]
Src_cls_loss	: 0.1403
-------------------------------------
[Epoch : 24/40]
Src_cls_loss	: 0.1350
-------------------------------------
[Epoch : 25/40]
Src_cls_loss	: 0.1301
-------------------------------------
[Epoch : 26/40]
Src_cls_loss	: 0.1255
-------------------------------------
[Epoch : 27/40]
Src_cls_loss	: 0.1210
-------------------------------------
[Epoch : 28/40]
Src_cls_loss	: 0.1170
-------------------------------------
[Epoch : 29/40]
Src_cls_loss	: 0.1136
-------------------------------------
[Epoch : 30/40]
Src_cls_loss	: 0.1103
-------------------------------------
[Epoch : 31/40]
Src_cls_loss	: 0.1073
-------------------------------------
[Epoch : 32/40]
Src_cls_loss	: 0.1042
-------------------------------------
[Epoch : 33/40]
Src_cls_loss	: 0.1013
-------------------------------------
[Epoch : 34/40]
Src_cls_loss	: 0.0988
-------------------------------------
[Epoch : 35/40]
Src_cls_loss	: 0.0964
-------------------------------------
[Epoch : 36/40]
Src_cls_loss	: 0.0943
-------------------------------------
[Epoch : 37/40]
Src_cls_loss	: 0.0921
-------------------------------------
[Epoch : 38/40]
Src_cls_loss	: 0.0900
-------------------------------------
[Epoch : 39/40]
Src_cls_loss	: 0.0883
-------------------------------------
[Epoch : 40/40]
Src_cls_loss	: 0.0865
-------------------------------------
