=============================================
Dataset: pamap_mobiact
Method:  Deep_Coral
=============================================
Source: df ---> Target: dp_wal_12
Run ID: 0
=============================================
[Epoch : 1/40]
Total_loss	: 3.4209
Src_cls_loss	: 0.5126
coral_loss	: 0.0008
-------------------------------------
[Epoch : 2/40]
Total_loss	: 2.4420
Src_cls_loss	: 0.3658
coral_loss	: 0.0007
-------------------------------------
[Epoch : 3/40]
Total_loss	: 1.9768
Src_cls_loss	: 0.2960
coral_loss	: 0.0007
-------------------------------------
[Epoch : 4/40]
Total_loss	: 1.6805
Src_cls_loss	: 0.2515
coral_loss	: 0.0007
-------------------------------------
[Epoch : 5/40]
Total_loss	: 1.4731
Src_cls_loss	: 0.2204
coral_loss	: 0.0007
-------------------------------------
[Epoch : 6/40]
Total_loss	: 1.3316
Src_cls_loss	: 0.1992
coral_loss	: 0.0007
-------------------------------------
[Epoch : 7/40]
Total_loss	: 1.2273
Src_cls_loss	: 0.1835
coral_loss	: 0.0007
-------------------------------------
[Epoch : 8/40]
Total_loss	: 1.1245
Src_cls_loss	: 0.1681
coral_loss	: 0.0007
-------------------------------------
[Epoch : 9/40]
Total_loss	: 1.0485
Src_cls_loss	: 0.1567
coral_loss	: 0.0007
-------------------------------------
[Epoch : 10/40]
Total_loss	: 0.9750
Src_cls_loss	: 0.1456
coral_loss	: 0.0007
-------------------------------------
[Epoch : 11/40]
Total_loss	: 0.9159
Src_cls_loss	: 0.1367
coral_loss	: 0.0007
-------------------------------------
[Epoch : 12/40]
Total_loss	: 0.8659
Src_cls_loss	: 0.1292
coral_loss	: 0.0007
-------------------------------------
[Epoch : 13/40]
Total_loss	: 0.8246
Src_cls_loss	: 0.1230
coral_loss	: 0.0007
-------------------------------------
[Epoch : 14/40]
Total_loss	: 0.7864
Src_cls_loss	: 0.1173
coral_loss	: 0.0007
-------------------------------------
[Epoch : 15/40]
Total_loss	: 0.7568
Src_cls_loss	: 0.1129
coral_loss	: 0.0007
-------------------------------------
[Epoch : 16/40]
Total_loss	: 0.7220
Src_cls_loss	: 0.1076
coral_loss	: 0.0007
-------------------------------------
[Epoch : 17/40]
Total_loss	: 0.6962
Src_cls_loss	: 0.1038
coral_loss	: 0.0007
-------------------------------------
[Epoch : 18/40]
Total_loss	: 0.6700
Src_cls_loss	: 0.0998
coral_loss	: 0.0007
-------------------------------------
[Epoch : 19/40]
Total_loss	: 0.6442
Src_cls_loss	: 0.0960
coral_loss	: 0.0007
-------------------------------------
[Epoch : 20/40]
Total_loss	: 0.6203
Src_cls_loss	: 0.0924
coral_loss	: 0.0007
-------------------------------------
[Epoch : 21/40]
Total_loss	: 0.5976
Src_cls_loss	: 0.0890
coral_loss	: 0.0007
-------------------------------------
[Epoch : 22/40]
Total_loss	: 0.5800
Src_cls_loss	: 0.0863
coral_loss	: 0.0007
-------------------------------------
[Epoch : 23/40]
Total_loss	: 0.5609
Src_cls_loss	: 0.0835
coral_loss	: 0.0007
-------------------------------------
[Epoch : 24/40]
Total_loss	: 0.5463
Src_cls_loss	: 0.0813
coral_loss	: 0.0007
-------------------------------------
[Epoch : 25/40]
Total_loss	: 0.5301
Src_cls_loss	: 0.0789
coral_loss	: 0.0007
-------------------------------------
[Epoch : 26/40]
Total_loss	: 0.5140
Src_cls_loss	: 0.0764
coral_loss	: 0.0007
-------------------------------------
[Epoch : 27/40]
Total_loss	: 0.4991
Src_cls_loss	: 0.0742
coral_loss	: 0.0007
-------------------------------------
[Epoch : 28/40]
Total_loss	: 0.4863
Src_cls_loss	: 0.0723
coral_loss	: 0.0007
-------------------------------------
[Epoch : 29/40]
Total_loss	: 0.4748
Src_cls_loss	: 0.0706
coral_loss	: 0.0007
-------------------------------------
[Epoch : 30/40]
Total_loss	: 0.4625
Src_cls_loss	: 0.0687
coral_loss	: 0.0007
-------------------------------------
[Epoch : 31/40]
Total_loss	: 0.4533
Src_cls_loss	: 0.0673
coral_loss	: 0.0007
-------------------------------------
[Epoch : 32/40]
Total_loss	: 0.4435
Src_cls_loss	: 0.0659
coral_loss	: 0.0007
-------------------------------------
[Epoch : 33/40]
Total_loss	: 0.4349
Src_cls_loss	: 0.0646
coral_loss	: 0.0007
-------------------------------------
[Epoch : 34/40]
Total_loss	: 0.4261
Src_cls_loss	: 0.0633
coral_loss	: 0.0007
-------------------------------------
[Epoch : 35/40]
Total_loss	: 0.4166
Src_cls_loss	: 0.0618
coral_loss	: 0.0007
-------------------------------------
[Epoch : 36/40]
Total_loss	: 0.4092
Src_cls_loss	: 0.0607
coral_loss	: 0.0007
-------------------------------------
[Epoch : 37/40]
Total_loss	: 0.4026
Src_cls_loss	: 0.0598
coral_loss	: 0.0007
-------------------------------------
[Epoch : 38/40]
Total_loss	: 0.3948
Src_cls_loss	: 0.0586
coral_loss	: 0.0007
-------------------------------------
[Epoch : 39/40]
Total_loss	: 0.3873
Src_cls_loss	: 0.0574
coral_loss	: 0.0007
-------------------------------------
[Epoch : 40/40]
Total_loss	: 0.3816
Src_cls_loss	: 0.0566
coral_loss	: 0.0007
-------------------------------------
