=============================================
Dataset: pamap_mobiact
Method:  NO_ADAPT
=============================================
Source: syn_30 ---> Target: dp_30
Run ID: 8
=============================================
[Epoch : 1/40]
Src_cls_loss	: 0.7744
-------------------------------------
[Epoch : 2/40]
Src_cls_loss	: 0.6492
-------------------------------------
[Epoch : 3/40]
Src_cls_loss	: 0.5752
-------------------------------------
[Epoch : 4/40]
Src_cls_loss	: 0.5148
-------------------------------------
[Epoch : 5/40]
Src_cls_loss	: 0.4671
-------------------------------------
[Epoch : 6/40]
Src_cls_loss	: 0.4266
-------------------------------------
[Epoch : 7/40]
Src_cls_loss	: 0.3894
-------------------------------------
[Epoch : 8/40]
Src_cls_loss	: 0.3596
-------------------------------------
[Epoch : 9/40]
Src_cls_loss	: 0.3336
-------------------------------------
[Epoch : 10/40]
Src_cls_loss	: 0.3136
-------------------------------------
[Epoch : 11/40]
Src_cls_loss	: 0.2968
-------------------------------------
[Epoch : 12/40]
Src_cls_loss	: 0.2799
-------------------------------------
[Epoch : 13/40]
Src_cls_loss	: 0.2644
-------------------------------------
[Epoch : 14/40]
Src_cls_loss	: 0.2502
-------------------------------------
[Epoch : 15/40]
Src_cls_loss	: 0.2379
-------------------------------------
[Epoch : 16/40]
Src_cls_loss	: 0.2272
-------------------------------------
[Epoch : 17/40]
Src_cls_loss	: 0.2166
-------------------------------------
[Epoch : 18/40]
Src_cls_loss	: 0.2083
-------------------------------------
[Epoch : 19/40]
Src_cls_loss	: 0.2012
-------------------------------------
[Epoch : 20/40]
Src_cls_loss	: 0.1938
-------------------------------------
[Epoch : 21/40]
Src_cls_loss	: 0.1862
-------------------------------------
[Epoch : 22/40]
Src_cls_loss	: 0.1792
-------------------------------------
[Epoch : 23/40]
Src_cls_loss	: 0.1731
-------------------------------------
[Epoch : 24/40]
Src_cls_loss	: 0.1670
-------------------------------------
[Epoch : 25/40]
Src_cls_loss	: 0.1613
-------------------------------------
[Epoch : 26/40]
Src_cls_loss	: 0.1563
-------------------------------------
[Epoch : 27/40]
Src_cls_loss	: 0.1517
-------------------------------------
[Epoch : 28/40]
Src_cls_loss	: 0.1473
-------------------------------------
[Epoch : 29/40]
Src_cls_loss	: 0.1438
-------------------------------------
[Epoch : 30/40]
Src_cls_loss	: 0.1407
-------------------------------------
[Epoch : 31/40]
Src_cls_loss	: 0.1377
-------------------------------------
[Epoch : 32/40]
Src_cls_loss	: 0.1344
-------------------------------------
[Epoch : 33/40]
Src_cls_loss	: 0.1309
-------------------------------------
[Epoch : 34/40]
Src_cls_loss	: 0.1275
-------------------------------------
[Epoch : 35/40]
Src_cls_loss	: 0.1244
-------------------------------------
[Epoch : 36/40]
Src_cls_loss	: 0.1221
-------------------------------------
[Epoch : 37/40]
Src_cls_loss	: 0.1199
-------------------------------------
[Epoch : 38/40]
Src_cls_loss	: 0.1176
-------------------------------------
[Epoch : 39/40]
Src_cls_loss	: 0.1154
-------------------------------------
[Epoch : 40/40]
Src_cls_loss	: 0.1133
-------------------------------------
