=============================================
Dataset: mobiact_realworld
Method:  NO_ADAPT
=============================================
Source: syn_69 ---> Target: dp_69
Run ID: 5
=============================================
[Epoch : 1/40]
Src_cls_loss	: 0.7115
-------------------------------------
[Epoch : 2/40]
Src_cls_loss	: 0.5573
-------------------------------------
[Epoch : 3/40]
Src_cls_loss	: 0.4633
-------------------------------------
[Epoch : 4/40]
Src_cls_loss	: 0.3970
-------------------------------------
[Epoch : 5/40]
Src_cls_loss	: 0.3486
-------------------------------------
[Epoch : 6/40]
Src_cls_loss	: 0.3113
-------------------------------------
[Epoch : 7/40]
Src_cls_loss	: 0.2828
-------------------------------------
[Epoch : 8/40]
Src_cls_loss	: 0.2590
-------------------------------------
[Epoch : 9/40]
Src_cls_loss	: 0.2389
-------------------------------------
[Epoch : 10/40]
Src_cls_loss	: 0.2238
-------------------------------------
[Epoch : 11/40]
Src_cls_loss	: 0.2101
-------------------------------------
[Epoch : 12/40]
Src_cls_loss	: 0.1974
-------------------------------------
[Epoch : 13/40]
Src_cls_loss	: 0.1865
-------------------------------------
[Epoch : 14/40]
Src_cls_loss	: 0.1782
-------------------------------------
[Epoch : 15/40]
Src_cls_loss	: 0.1694
-------------------------------------
[Epoch : 16/40]
Src_cls_loss	: 0.1615
-------------------------------------
[Epoch : 17/40]
Src_cls_loss	: 0.1547
-------------------------------------
[Epoch : 18/40]
Src_cls_loss	: 0.1485
-------------------------------------
[Epoch : 19/40]
Src_cls_loss	: 0.1426
-------------------------------------
[Epoch : 20/40]
Src_cls_loss	: 0.1372
-------------------------------------
[Epoch : 21/40]
Src_cls_loss	: 0.1320
-------------------------------------
[Epoch : 22/40]
Src_cls_loss	: 0.1275
-------------------------------------
[Epoch : 23/40]
Src_cls_loss	: 0.1235
-------------------------------------
[Epoch : 24/40]
Src_cls_loss	: 0.1197
-------------------------------------
[Epoch : 25/40]
Src_cls_loss	: 0.1158
-------------------------------------
[Epoch : 26/40]
Src_cls_loss	: 0.1124
-------------------------------------
[Epoch : 27/40]
Src_cls_loss	: 0.1090
-------------------------------------
[Epoch : 28/40]
Src_cls_loss	: 0.1064
-------------------------------------
[Epoch : 29/40]
Src_cls_loss	: 0.1037
-------------------------------------
[Epoch : 30/40]
Src_cls_loss	: 0.1011
-------------------------------------
[Epoch : 31/40]
Src_cls_loss	: 0.0989
-------------------------------------
[Epoch : 32/40]
Src_cls_loss	: 0.0966
-------------------------------------
[Epoch : 33/40]
Src_cls_loss	: 0.0943
-------------------------------------
[Epoch : 34/40]
Src_cls_loss	: 0.0925
-------------------------------------
[Epoch : 35/40]
Src_cls_loss	: 0.0904
-------------------------------------
[Epoch : 36/40]
Src_cls_loss	: 0.0884
-------------------------------------
[Epoch : 37/40]
Src_cls_loss	: 0.0865
-------------------------------------
[Epoch : 38/40]
Src_cls_loss	: 0.0846
-------------------------------------
[Epoch : 39/40]
Src_cls_loss	: 0.0831
-------------------------------------
[Epoch : 40/40]
Src_cls_loss	: 0.0816
-------------------------------------
