=============================================
Dataset: pamap_mobiact
Method:  NO_ADAPT
=============================================
Source: syn_38 ---> Target: dp_38
Run ID: 1
=============================================
[Epoch : 1/40]
Src_cls_loss	: 0.6374
-------------------------------------
[Epoch : 2/40]
Src_cls_loss	: 0.4976
-------------------------------------
[Epoch : 3/40]
Src_cls_loss	: 0.4163
-------------------------------------
[Epoch : 4/40]
Src_cls_loss	: 0.3630
-------------------------------------
[Epoch : 5/40]
Src_cls_loss	: 0.3178
-------------------------------------
[Epoch : 6/40]
Src_cls_loss	: 0.2816
-------------------------------------
[Epoch : 7/40]
Src_cls_loss	: 0.2561
-------------------------------------
[Epoch : 8/40]
Src_cls_loss	: 0.2330
-------------------------------------
[Epoch : 9/40]
Src_cls_loss	: 0.2140
-------------------------------------
[Epoch : 10/40]
Src_cls_loss	: 0.1991
-------------------------------------
[Epoch : 11/40]
Src_cls_loss	: 0.1861
-------------------------------------
[Epoch : 12/40]
Src_cls_loss	: 0.1745
-------------------------------------
[Epoch : 13/40]
Src_cls_loss	: 0.1655
-------------------------------------
[Epoch : 14/40]
Src_cls_loss	: 0.1567
-------------------------------------
[Epoch : 15/40]
Src_cls_loss	: 0.1485
-------------------------------------
[Epoch : 16/40]
Src_cls_loss	: 0.1408
-------------------------------------
[Epoch : 17/40]
Src_cls_loss	: 0.1336
-------------------------------------
[Epoch : 18/40]
Src_cls_loss	: 0.1273
-------------------------------------
[Epoch : 19/40]
Src_cls_loss	: 0.1216
-------------------------------------
[Epoch : 20/40]
Src_cls_loss	: 0.1167
-------------------------------------
[Epoch : 21/40]
Src_cls_loss	: 0.1124
-------------------------------------
[Epoch : 22/40]
Src_cls_loss	: 0.1087
-------------------------------------
[Epoch : 23/40]
Src_cls_loss	: 0.1046
-------------------------------------
[Epoch : 24/40]
Src_cls_loss	: 0.1013
-------------------------------------
[Epoch : 25/40]
Src_cls_loss	: 0.0984
-------------------------------------
[Epoch : 26/40]
Src_cls_loss	: 0.0955
-------------------------------------
[Epoch : 27/40]
Src_cls_loss	: 0.0926
-------------------------------------
[Epoch : 28/40]
Src_cls_loss	: 0.0898
-------------------------------------
[Epoch : 29/40]
Src_cls_loss	: 0.0873
-------------------------------------
[Epoch : 30/40]
Src_cls_loss	: 0.0849
-------------------------------------
[Epoch : 31/40]
Src_cls_loss	: 0.0825
-------------------------------------
[Epoch : 32/40]
Src_cls_loss	: 0.0801
-------------------------------------
[Epoch : 33/40]
Src_cls_loss	: 0.0779
-------------------------------------
[Epoch : 34/40]
Src_cls_loss	: 0.0758
-------------------------------------
[Epoch : 35/40]
Src_cls_loss	: 0.0740
-------------------------------------
[Epoch : 36/40]
Src_cls_loss	: 0.0724
-------------------------------------
[Epoch : 37/40]
Src_cls_loss	: 0.0707
-------------------------------------
[Epoch : 38/40]
Src_cls_loss	: 0.0692
-------------------------------------
[Epoch : 39/40]
Src_cls_loss	: 0.0681
-------------------------------------
[Epoch : 40/40]
Src_cls_loss	: 0.0670
-------------------------------------
