=============================================
Dataset: pamap_mobiact
Method:  SYN
=============================================
Source: syn_wal_50 ---> Target: dp_wal_50
Run ID: 4
=============================================
[Epoch : 1/40]
Src_cls_loss	: 0.5467
-------------------------------------
[Epoch : 2/40]
Src_cls_loss	: 0.3851
-------------------------------------
[Epoch : 3/40]
Src_cls_loss	: 0.3021
-------------------------------------
[Epoch : 4/40]
Src_cls_loss	: 0.2492
-------------------------------------
[Epoch : 5/40]
Src_cls_loss	: 0.2120
-------------------------------------
[Epoch : 6/40]
Src_cls_loss	: 0.1849
-------------------------------------
[Epoch : 7/40]
Src_cls_loss	: 0.1633
-------------------------------------
[Epoch : 8/40]
Src_cls_loss	: 0.1484
-------------------------------------
[Epoch : 9/40]
Src_cls_loss	: 0.1359
-------------------------------------
[Epoch : 10/40]
Src_cls_loss	: 0.1244
-------------------------------------
[Epoch : 11/40]
Src_cls_loss	: 0.1153
-------------------------------------
[Epoch : 12/40]
Src_cls_loss	: 0.1070
-------------------------------------
[Epoch : 13/40]
Src_cls_loss	: 0.0997
-------------------------------------
[Epoch : 14/40]
Src_cls_loss	: 0.0937
-------------------------------------
[Epoch : 15/40]
Src_cls_loss	: 0.0892
-------------------------------------
[Epoch : 16/40]
Src_cls_loss	: 0.0848
-------------------------------------
[Epoch : 17/40]
Src_cls_loss	: 0.0803
-------------------------------------
[Epoch : 18/40]
Src_cls_loss	: 0.0764
-------------------------------------
[Epoch : 19/40]
Src_cls_loss	: 0.0728
-------------------------------------
[Epoch : 20/40]
Src_cls_loss	: 0.0695
-------------------------------------
[Epoch : 21/40]
Src_cls_loss	: 0.0664
-------------------------------------
[Epoch : 22/40]
Src_cls_loss	: 0.0639
-------------------------------------
[Epoch : 23/40]
Src_cls_loss	: 0.0614
-------------------------------------
[Epoch : 24/40]
Src_cls_loss	: 0.0591
-------------------------------------
[Epoch : 25/40]
Src_cls_loss	: 0.0570
-------------------------------------
[Epoch : 26/40]
Src_cls_loss	: 0.0550
-------------------------------------
[Epoch : 27/40]
Src_cls_loss	: 0.0539
-------------------------------------
[Epoch : 28/40]
Src_cls_loss	: 0.0522
-------------------------------------
[Epoch : 29/40]
Src_cls_loss	: 0.0505
-------------------------------------
[Epoch : 30/40]
Src_cls_loss	: 0.0491
-------------------------------------
[Epoch : 31/40]
Src_cls_loss	: 0.0478
-------------------------------------
[Epoch : 32/40]
Src_cls_loss	: 0.0464
-------------------------------------
[Epoch : 33/40]
Src_cls_loss	: 0.0453
-------------------------------------
[Epoch : 34/40]
Src_cls_loss	: 0.0443
-------------------------------------
[Epoch : 35/40]
Src_cls_loss	: 0.0438
-------------------------------------
[Epoch : 36/40]
Src_cls_loss	: 0.0428
-------------------------------------
[Epoch : 37/40]
Src_cls_loss	: 0.0420
-------------------------------------
[Epoch : 38/40]
Src_cls_loss	: 0.0410
-------------------------------------
[Epoch : 39/40]
Src_cls_loss	: 0.0400
-------------------------------------
[Epoch : 40/40]
Src_cls_loss	: 0.0391
-------------------------------------
