=============================================
Dataset: pamap_mobiact
Method:  SYN
=============================================
Source: syn_wal_28 ---> Target: dp_wal_28
Run ID: 6
=============================================
[Epoch : 1/40]
Src_cls_loss	: 0.6967
-------------------------------------
[Epoch : 2/40]
Src_cls_loss	: 0.5046
-------------------------------------
[Epoch : 3/40]
Src_cls_loss	: 0.4003
-------------------------------------
[Epoch : 4/40]
Src_cls_loss	: 0.3372
-------------------------------------
[Epoch : 5/40]
Src_cls_loss	: 0.2907
-------------------------------------
[Epoch : 6/40]
Src_cls_loss	: 0.2535
-------------------------------------
[Epoch : 7/40]
Src_cls_loss	: 0.2268
-------------------------------------
[Epoch : 8/40]
Src_cls_loss	: 0.2034
-------------------------------------
[Epoch : 9/40]
Src_cls_loss	: 0.1846
-------------------------------------
[Epoch : 10/40]
Src_cls_loss	: 0.1694
-------------------------------------
[Epoch : 11/40]
Src_cls_loss	: 0.1569
-------------------------------------
[Epoch : 12/40]
Src_cls_loss	: 0.1460
-------------------------------------
[Epoch : 13/40]
Src_cls_loss	: 0.1362
-------------------------------------
[Epoch : 14/40]
Src_cls_loss	: 0.1279
-------------------------------------
[Epoch : 15/40]
Src_cls_loss	: 0.1206
-------------------------------------
[Epoch : 16/40]
Src_cls_loss	: 0.1143
-------------------------------------
[Epoch : 17/40]
Src_cls_loss	: 0.1086
-------------------------------------
[Epoch : 18/40]
Src_cls_loss	: 0.1045
-------------------------------------
[Epoch : 19/40]
Src_cls_loss	: 0.1012
-------------------------------------
[Epoch : 20/40]
Src_cls_loss	: 0.0969
-------------------------------------
[Epoch : 21/40]
Src_cls_loss	: 0.0927
-------------------------------------
[Epoch : 22/40]
Src_cls_loss	: 0.0890
-------------------------------------
[Epoch : 23/40]
Src_cls_loss	: 0.0855
-------------------------------------
[Epoch : 24/40]
Src_cls_loss	: 0.0822
-------------------------------------
[Epoch : 25/40]
Src_cls_loss	: 0.0792
-------------------------------------
[Epoch : 26/40]
Src_cls_loss	: 0.0764
-------------------------------------
[Epoch : 27/40]
Src_cls_loss	: 0.0738
-------------------------------------
[Epoch : 28/40]
Src_cls_loss	: 0.0714
-------------------------------------
[Epoch : 29/40]
Src_cls_loss	: 0.0691
-------------------------------------
[Epoch : 30/40]
Src_cls_loss	: 0.0671
-------------------------------------
[Epoch : 31/40]
Src_cls_loss	: 0.0651
-------------------------------------
[Epoch : 32/40]
Src_cls_loss	: 0.0632
-------------------------------------
[Epoch : 33/40]
Src_cls_loss	: 0.0614
-------------------------------------
[Epoch : 34/40]
Src_cls_loss	: 0.0597
-------------------------------------
[Epoch : 35/40]
Src_cls_loss	: 0.0581
-------------------------------------
[Epoch : 36/40]
Src_cls_loss	: 0.0567
-------------------------------------
[Epoch : 37/40]
Src_cls_loss	: 0.0552
-------------------------------------
[Epoch : 38/40]
Src_cls_loss	: 0.0539
-------------------------------------
[Epoch : 39/40]
Src_cls_loss	: 0.0526
-------------------------------------
[Epoch : 40/40]
Src_cls_loss	: 0.0514
-------------------------------------
