=============================================
Dataset: pamap_mobiact
Method:  NO_ADAPT
=============================================
Source: syn_38 ---> Target: dp_38
Run ID: 4
=============================================
[Epoch : 1/40]
Src_cls_loss	: 0.6471
-------------------------------------
[Epoch : 2/40]
Src_cls_loss	: 0.4977
-------------------------------------
[Epoch : 3/40]
Src_cls_loss	: 0.4037
-------------------------------------
[Epoch : 4/40]
Src_cls_loss	: 0.3419
-------------------------------------
[Epoch : 5/40]
Src_cls_loss	: 0.2939
-------------------------------------
[Epoch : 6/40]
Src_cls_loss	: 0.2586
-------------------------------------
[Epoch : 7/40]
Src_cls_loss	: 0.2340
-------------------------------------
[Epoch : 8/40]
Src_cls_loss	: 0.2124
-------------------------------------
[Epoch : 9/40]
Src_cls_loss	: 0.1947
-------------------------------------
[Epoch : 10/40]
Src_cls_loss	: 0.1822
-------------------------------------
[Epoch : 11/40]
Src_cls_loss	: 0.1708
-------------------------------------
[Epoch : 12/40]
Src_cls_loss	: 0.1600
-------------------------------------
[Epoch : 13/40]
Src_cls_loss	: 0.1505
-------------------------------------
[Epoch : 14/40]
Src_cls_loss	: 0.1423
-------------------------------------
[Epoch : 15/40]
Src_cls_loss	: 0.1349
-------------------------------------
[Epoch : 16/40]
Src_cls_loss	: 0.1278
-------------------------------------
[Epoch : 17/40]
Src_cls_loss	: 0.1213
-------------------------------------
[Epoch : 18/40]
Src_cls_loss	: 0.1164
-------------------------------------
[Epoch : 19/40]
Src_cls_loss	: 0.1112
-------------------------------------
[Epoch : 20/40]
Src_cls_loss	: 0.1071
-------------------------------------
[Epoch : 21/40]
Src_cls_loss	: 0.1031
-------------------------------------
[Epoch : 22/40]
Src_cls_loss	: 0.0994
-------------------------------------
[Epoch : 23/40]
Src_cls_loss	: 0.0965
-------------------------------------
[Epoch : 24/40]
Src_cls_loss	: 0.0937
-------------------------------------
[Epoch : 25/40]
Src_cls_loss	: 0.0905
-------------------------------------
[Epoch : 26/40]
Src_cls_loss	: 0.0881
-------------------------------------
[Epoch : 27/40]
Src_cls_loss	: 0.0855
-------------------------------------
[Epoch : 28/40]
Src_cls_loss	: 0.0830
-------------------------------------
[Epoch : 29/40]
Src_cls_loss	: 0.0809
-------------------------------------
[Epoch : 30/40]
Src_cls_loss	: 0.0785
-------------------------------------
[Epoch : 31/40]
Src_cls_loss	: 0.0764
-------------------------------------
[Epoch : 32/40]
Src_cls_loss	: 0.0744
-------------------------------------
[Epoch : 33/40]
Src_cls_loss	: 0.0728
-------------------------------------
[Epoch : 34/40]
Src_cls_loss	: 0.0710
-------------------------------------
[Epoch : 35/40]
Src_cls_loss	: 0.0697
-------------------------------------
[Epoch : 36/40]
Src_cls_loss	: 0.0682
-------------------------------------
[Epoch : 37/40]
Src_cls_loss	: 0.0667
-------------------------------------
[Epoch : 38/40]
Src_cls_loss	: 0.0650
-------------------------------------
[Epoch : 39/40]
Src_cls_loss	: 0.0636
-------------------------------------
[Epoch : 40/40]
Src_cls_loss	: 0.0621
-------------------------------------
