=============================================
Dataset: realworld_mobiact
Method:  Deep_Coral
=============================================
Source: df ---> Target: dp_wal_17
Run ID: 0
=============================================
[Epoch : 1/40]
Total_loss	: 3.3771
Src_cls_loss	: 0.5061
coral_loss	: 0.0008
-------------------------------------
[Epoch : 2/40]
Total_loss	: 2.9262
Src_cls_loss	: 0.4384
coral_loss	: 0.0008
-------------------------------------
[Epoch : 3/40]
Total_loss	: 2.6571
Src_cls_loss	: 0.3981
coral_loss	: 0.0007
-------------------------------------
[Epoch : 4/40]
Total_loss	: 2.4867
Src_cls_loss	: 0.3726
coral_loss	: 0.0006
-------------------------------------
[Epoch : 5/40]
Total_loss	: 2.3548
Src_cls_loss	: 0.3528
coral_loss	: 0.0006
-------------------------------------
[Epoch : 6/40]
Total_loss	: 2.2502
Src_cls_loss	: 0.3372
coral_loss	: 0.0006
-------------------------------------
[Epoch : 7/40]
Total_loss	: 2.1574
Src_cls_loss	: 0.3233
coral_loss	: 0.0005
-------------------------------------
[Epoch : 8/40]
Total_loss	: 2.0787
Src_cls_loss	: 0.3115
coral_loss	: 0.0005
-------------------------------------
[Epoch : 9/40]
Total_loss	: 2.0065
Src_cls_loss	: 0.3007
coral_loss	: 0.0005
-------------------------------------
[Epoch : 10/40]
Total_loss	: 1.9423
Src_cls_loss	: 0.2910
coral_loss	: 0.0005
-------------------------------------
[Epoch : 11/40]
Total_loss	: 1.8827
Src_cls_loss	: 0.2821
coral_loss	: 0.0005
-------------------------------------
[Epoch : 12/40]
Total_loss	: 1.8329
Src_cls_loss	: 0.2746
coral_loss	: 0.0005
-------------------------------------
[Epoch : 13/40]
Total_loss	: 1.7928
Src_cls_loss	: 0.2686
coral_loss	: 0.0005
-------------------------------------
[Epoch : 14/40]
Total_loss	: 1.7532
Src_cls_loss	: 0.2627
coral_loss	: 0.0004
-------------------------------------
[Epoch : 15/40]
Total_loss	: 1.7145
Src_cls_loss	: 0.2569
coral_loss	: 0.0004
-------------------------------------
[Epoch : 16/40]
Total_loss	: 1.6808
Src_cls_loss	: 0.2518
coral_loss	: 0.0004
-------------------------------------
[Epoch : 17/40]
Total_loss	: 1.6525
Src_cls_loss	: 0.2476
coral_loss	: 0.0004
-------------------------------------
[Epoch : 18/40]
Total_loss	: 1.6254
Src_cls_loss	: 0.2435
coral_loss	: 0.0004
-------------------------------------
[Epoch : 19/40]
Total_loss	: 1.5973
Src_cls_loss	: 0.2393
coral_loss	: 0.0004
-------------------------------------
[Epoch : 20/40]
Total_loss	: 1.5736
Src_cls_loss	: 0.2358
coral_loss	: 0.0004
-------------------------------------
[Epoch : 21/40]
Total_loss	: 1.5516
Src_cls_loss	: 0.2325
coral_loss	: 0.0004
-------------------------------------
[Epoch : 22/40]
Total_loss	: 1.5299
Src_cls_loss	: 0.2292
coral_loss	: 0.0004
-------------------------------------
[Epoch : 23/40]
Total_loss	: 1.5092
Src_cls_loss	: 0.2261
coral_loss	: 0.0004
-------------------------------------
[Epoch : 24/40]
Total_loss	: 1.4888
Src_cls_loss	: 0.2230
coral_loss	: 0.0004
-------------------------------------
[Epoch : 25/40]
Total_loss	: 1.4686
Src_cls_loss	: 0.2200
coral_loss	: 0.0004
-------------------------------------
[Epoch : 26/40]
Total_loss	: 1.4489
Src_cls_loss	: 0.2171
coral_loss	: 0.0004
-------------------------------------
[Epoch : 27/40]
Total_loss	: 1.4320
Src_cls_loss	: 0.2145
coral_loss	: 0.0004
-------------------------------------
[Epoch : 28/40]
Total_loss	: 1.4132
Src_cls_loss	: 0.2117
coral_loss	: 0.0004
-------------------------------------
[Epoch : 29/40]
Total_loss	: 1.3965
Src_cls_loss	: 0.2092
coral_loss	: 0.0004
-------------------------------------
[Epoch : 30/40]
Total_loss	: 1.3816
Src_cls_loss	: 0.2070
coral_loss	: 0.0004
-------------------------------------
[Epoch : 31/40]
Total_loss	: 1.3671
Src_cls_loss	: 0.2048
coral_loss	: 0.0004
-------------------------------------
[Epoch : 32/40]
Total_loss	: 1.3535
Src_cls_loss	: 0.2028
coral_loss	: 0.0004
-------------------------------------
[Epoch : 33/40]
Total_loss	: 1.3376
Src_cls_loss	: 0.2004
coral_loss	: 0.0004
-------------------------------------
[Epoch : 34/40]
Total_loss	: 1.3240
Src_cls_loss	: 0.1983
coral_loss	: 0.0004
-------------------------------------
[Epoch : 35/40]
Total_loss	: 1.3106
Src_cls_loss	: 0.1963
coral_loss	: 0.0004
-------------------------------------
[Epoch : 36/40]
Total_loss	: 1.2990
Src_cls_loss	: 0.1946
coral_loss	: 0.0004
-------------------------------------
[Epoch : 37/40]
Total_loss	: 1.2863
Src_cls_loss	: 0.1927
coral_loss	: 0.0004
-------------------------------------
[Epoch : 38/40]
Total_loss	: 1.2749
Src_cls_loss	: 0.1910
coral_loss	: 0.0004
-------------------------------------
[Epoch : 39/40]
Total_loss	: 1.2642
Src_cls_loss	: 0.1894
coral_loss	: 0.0004
-------------------------------------
[Epoch : 40/40]
Total_loss	: 1.2538
Src_cls_loss	: 0.1878
coral_loss	: 0.0004
-------------------------------------
