=============================================
Dataset: realworld_mobiact
Method:  NO_ADAPT
=============================================
Source: syn_51 ---> Target: dp_51
Run ID: 4
=============================================
[Epoch : 1/40]
Src_cls_loss	: 0.8691
-------------------------------------
[Epoch : 2/40]
Src_cls_loss	: 0.7360
-------------------------------------
[Epoch : 3/40]
Src_cls_loss	: 0.6101
-------------------------------------
[Epoch : 4/40]
Src_cls_loss	: 0.5114
-------------------------------------
[Epoch : 5/40]
Src_cls_loss	: 0.4499
-------------------------------------
[Epoch : 6/40]
Src_cls_loss	: 0.3980
-------------------------------------
[Epoch : 7/40]
Src_cls_loss	: 0.3594
-------------------------------------
[Epoch : 8/40]
Src_cls_loss	: 0.3236
-------------------------------------
[Epoch : 9/40]
Src_cls_loss	: 0.2956
-------------------------------------
[Epoch : 10/40]
Src_cls_loss	: 0.2726
-------------------------------------
[Epoch : 11/40]
Src_cls_loss	: 0.2551
-------------------------------------
[Epoch : 12/40]
Src_cls_loss	: 0.2379
-------------------------------------
[Epoch : 13/40]
Src_cls_loss	: 0.2220
-------------------------------------
[Epoch : 14/40]
Src_cls_loss	: 0.2093
-------------------------------------
[Epoch : 15/40]
Src_cls_loss	: 0.1975
-------------------------------------
[Epoch : 16/40]
Src_cls_loss	: 0.1872
-------------------------------------
[Epoch : 17/40]
Src_cls_loss	: 0.1787
-------------------------------------
[Epoch : 18/40]
Src_cls_loss	: 0.1711
-------------------------------------
[Epoch : 19/40]
Src_cls_loss	: 0.1642
-------------------------------------
[Epoch : 20/40]
Src_cls_loss	: 0.1572
-------------------------------------
[Epoch : 21/40]
Src_cls_loss	: 0.1507
-------------------------------------
[Epoch : 22/40]
Src_cls_loss	: 0.1448
-------------------------------------
[Epoch : 23/40]
Src_cls_loss	: 0.1391
-------------------------------------
[Epoch : 24/40]
Src_cls_loss	: 0.1339
-------------------------------------
[Epoch : 25/40]
Src_cls_loss	: 0.1289
-------------------------------------
[Epoch : 26/40]
Src_cls_loss	: 0.1246
-------------------------------------
[Epoch : 27/40]
Src_cls_loss	: 0.1208
-------------------------------------
[Epoch : 28/40]
Src_cls_loss	: 0.1174
-------------------------------------
[Epoch : 29/40]
Src_cls_loss	: 0.1138
-------------------------------------
[Epoch : 30/40]
Src_cls_loss	: 0.1105
-------------------------------------
[Epoch : 31/40]
Src_cls_loss	: 0.1074
-------------------------------------
[Epoch : 32/40]
Src_cls_loss	: 0.1043
-------------------------------------
[Epoch : 33/40]
Src_cls_loss	: 0.1017
-------------------------------------
[Epoch : 34/40]
Src_cls_loss	: 0.0992
-------------------------------------
[Epoch : 35/40]
Src_cls_loss	: 0.0975
-------------------------------------
[Epoch : 36/40]
Src_cls_loss	: 0.0963
-------------------------------------
[Epoch : 37/40]
Src_cls_loss	: 0.0944
-------------------------------------
[Epoch : 38/40]
Src_cls_loss	: 0.0923
-------------------------------------
[Epoch : 39/40]
Src_cls_loss	: 0.0904
-------------------------------------
[Epoch : 40/40]
Src_cls_loss	: 0.0885
-------------------------------------
