=============================================
Dataset: realworld_mobiact
Method:  NO_ADAPT
=============================================
Source: syn_74 ---> Target: dp_74
Run ID: 4
=============================================
[Epoch : 1/40]
Src_cls_loss	: 0.7828
-------------------------------------
[Epoch : 2/40]
Src_cls_loss	: 0.6164
-------------------------------------
[Epoch : 3/40]
Src_cls_loss	: 0.4943
-------------------------------------
[Epoch : 4/40]
Src_cls_loss	: 0.4096
-------------------------------------
[Epoch : 5/40]
Src_cls_loss	: 0.3505
-------------------------------------
[Epoch : 6/40]
Src_cls_loss	: 0.3058
-------------------------------------
[Epoch : 7/40]
Src_cls_loss	: 0.2712
-------------------------------------
[Epoch : 8/40]
Src_cls_loss	: 0.2447
-------------------------------------
[Epoch : 9/40]
Src_cls_loss	: 0.2246
-------------------------------------
[Epoch : 10/40]
Src_cls_loss	: 0.2060
-------------------------------------
[Epoch : 11/40]
Src_cls_loss	: 0.1898
-------------------------------------
[Epoch : 12/40]
Src_cls_loss	: 0.1780
-------------------------------------
[Epoch : 13/40]
Src_cls_loss	: 0.1677
-------------------------------------
[Epoch : 14/40]
Src_cls_loss	: 0.1575
-------------------------------------
[Epoch : 15/40]
Src_cls_loss	: 0.1485
-------------------------------------
[Epoch : 16/40]
Src_cls_loss	: 0.1408
-------------------------------------
[Epoch : 17/40]
Src_cls_loss	: 0.1337
-------------------------------------
[Epoch : 18/40]
Src_cls_loss	: 0.1269
-------------------------------------
[Epoch : 19/40]
Src_cls_loss	: 0.1209
-------------------------------------
[Epoch : 20/40]
Src_cls_loss	: 0.1154
-------------------------------------
[Epoch : 21/40]
Src_cls_loss	: 0.1103
-------------------------------------
[Epoch : 22/40]
Src_cls_loss	: 0.1057
-------------------------------------
[Epoch : 23/40]
Src_cls_loss	: 0.1014
-------------------------------------
[Epoch : 24/40]
Src_cls_loss	: 0.0974
-------------------------------------
[Epoch : 25/40]
Src_cls_loss	: 0.0938
-------------------------------------
[Epoch : 26/40]
Src_cls_loss	: 0.0912
-------------------------------------
[Epoch : 27/40]
Src_cls_loss	: 0.0886
-------------------------------------
[Epoch : 28/40]
Src_cls_loss	: 0.0860
-------------------------------------
[Epoch : 29/40]
Src_cls_loss	: 0.0834
-------------------------------------
[Epoch : 30/40]
Src_cls_loss	: 0.0808
-------------------------------------
[Epoch : 31/40]
Src_cls_loss	: 0.0783
-------------------------------------
[Epoch : 32/40]
Src_cls_loss	: 0.0760
-------------------------------------
[Epoch : 33/40]
Src_cls_loss	: 0.0739
-------------------------------------
[Epoch : 34/40]
Src_cls_loss	: 0.0718
-------------------------------------
[Epoch : 35/40]
Src_cls_loss	: 0.0699
-------------------------------------
[Epoch : 36/40]
Src_cls_loss	: 0.0681
-------------------------------------
[Epoch : 37/40]
Src_cls_loss	: 0.0663
-------------------------------------
[Epoch : 38/40]
Src_cls_loss	: 0.0646
-------------------------------------
[Epoch : 39/40]
Src_cls_loss	: 0.0631
-------------------------------------
[Epoch : 40/40]
Src_cls_loss	: 0.0616
-------------------------------------
