=============================================
Dataset: realworld_pamap
Method:  SYN
=============================================
Source: syn_wal_18 ---> Target: dp_wal_18
Run ID: 0
=============================================
[Epoch : 1/40]
Src_cls_loss	: 0.8648
-------------------------------------
[Epoch : 2/40]
Src_cls_loss	: 0.7396
-------------------------------------
[Epoch : 3/40]
Src_cls_loss	: 0.6300
-------------------------------------
[Epoch : 4/40]
Src_cls_loss	: 0.5439
-------------------------------------
[Epoch : 5/40]
Src_cls_loss	: 0.4764
-------------------------------------
[Epoch : 6/40]
Src_cls_loss	: 0.4173
-------------------------------------
[Epoch : 7/40]
Src_cls_loss	: 0.3690
-------------------------------------
[Epoch : 8/40]
Src_cls_loss	: 0.3309
-------------------------------------
[Epoch : 9/40]
Src_cls_loss	: 0.2993
-------------------------------------
[Epoch : 10/40]
Src_cls_loss	: 0.2724
-------------------------------------
[Epoch : 11/40]
Src_cls_loss	: 0.2499
-------------------------------------
[Epoch : 12/40]
Src_cls_loss	: 0.2324
-------------------------------------
[Epoch : 13/40]
Src_cls_loss	: 0.2159
-------------------------------------
[Epoch : 14/40]
Src_cls_loss	: 0.2024
-------------------------------------
[Epoch : 15/40]
Src_cls_loss	: 0.1907
-------------------------------------
[Epoch : 16/40]
Src_cls_loss	: 0.1807
-------------------------------------
[Epoch : 17/40]
Src_cls_loss	: 0.1711
-------------------------------------
[Epoch : 18/40]
Src_cls_loss	: 0.1627
-------------------------------------
[Epoch : 19/40]
Src_cls_loss	: 0.1547
-------------------------------------
[Epoch : 20/40]
Src_cls_loss	: 0.1474
-------------------------------------
[Epoch : 21/40]
Src_cls_loss	: 0.1410
-------------------------------------
[Epoch : 22/40]
Src_cls_loss	: 0.1350
-------------------------------------
[Epoch : 23/40]
Src_cls_loss	: 0.1295
-------------------------------------
[Epoch : 24/40]
Src_cls_loss	: 0.1244
-------------------------------------
[Epoch : 25/40]
Src_cls_loss	: 0.1203
-------------------------------------
[Epoch : 26/40]
Src_cls_loss	: 0.1161
-------------------------------------
[Epoch : 27/40]
Src_cls_loss	: 0.1122
-------------------------------------
[Epoch : 28/40]
Src_cls_loss	: 0.1083
-------------------------------------
[Epoch : 29/40]
Src_cls_loss	: 0.1048
-------------------------------------
[Epoch : 30/40]
Src_cls_loss	: 0.1015
-------------------------------------
[Epoch : 31/40]
Src_cls_loss	: 0.0984
-------------------------------------
[Epoch : 32/40]
Src_cls_loss	: 0.0956
-------------------------------------
[Epoch : 33/40]
Src_cls_loss	: 0.0930
-------------------------------------
[Epoch : 34/40]
Src_cls_loss	: 0.0904
-------------------------------------
[Epoch : 35/40]
Src_cls_loss	: 0.0879
-------------------------------------
[Epoch : 36/40]
Src_cls_loss	: 0.0856
-------------------------------------
[Epoch : 37/40]
Src_cls_loss	: 0.0834
-------------------------------------
[Epoch : 38/40]
Src_cls_loss	: 0.0813
-------------------------------------
[Epoch : 39/40]
Src_cls_loss	: 0.0794
-------------------------------------
[Epoch : 40/40]
Src_cls_loss	: 0.0775
-------------------------------------
