=============================================
Dataset: realworld_mobiact
Method:  NO_ADAPT
=============================================
Source: syn_62 ---> Target: dp_62
Run ID: 7
=============================================
[Epoch : 1/40]
Src_cls_loss	: 0.8480
-------------------------------------
[Epoch : 2/40]
Src_cls_loss	: 0.6861
-------------------------------------
[Epoch : 3/40]
Src_cls_loss	: 0.5315
-------------------------------------
[Epoch : 4/40]
Src_cls_loss	: 0.4294
-------------------------------------
[Epoch : 5/40]
Src_cls_loss	: 0.3584
-------------------------------------
[Epoch : 6/40]
Src_cls_loss	: 0.3080
-------------------------------------
[Epoch : 7/40]
Src_cls_loss	: 0.2715
-------------------------------------
[Epoch : 8/40]
Src_cls_loss	: 0.2420
-------------------------------------
[Epoch : 9/40]
Src_cls_loss	: 0.2180
-------------------------------------
[Epoch : 10/40]
Src_cls_loss	: 0.1982
-------------------------------------
[Epoch : 11/40]
Src_cls_loss	: 0.1817
-------------------------------------
[Epoch : 12/40]
Src_cls_loss	: 0.1685
-------------------------------------
[Epoch : 13/40]
Src_cls_loss	: 0.1566
-------------------------------------
[Epoch : 14/40]
Src_cls_loss	: 0.1468
-------------------------------------
[Epoch : 15/40]
Src_cls_loss	: 0.1398
-------------------------------------
[Epoch : 16/40]
Src_cls_loss	: 0.1320
-------------------------------------
[Epoch : 17/40]
Src_cls_loss	: 0.1251
-------------------------------------
[Epoch : 18/40]
Src_cls_loss	: 0.1193
-------------------------------------
[Epoch : 19/40]
Src_cls_loss	: 0.1134
-------------------------------------
[Epoch : 20/40]
Src_cls_loss	: 0.1080
-------------------------------------
[Epoch : 21/40]
Src_cls_loss	: 0.1030
-------------------------------------
[Epoch : 22/40]
Src_cls_loss	: 0.0985
-------------------------------------
[Epoch : 23/40]
Src_cls_loss	: 0.0944
-------------------------------------
[Epoch : 24/40]
Src_cls_loss	: 0.0906
-------------------------------------
[Epoch : 25/40]
Src_cls_loss	: 0.0872
-------------------------------------
[Epoch : 26/40]
Src_cls_loss	: 0.0841
-------------------------------------
[Epoch : 27/40]
Src_cls_loss	: 0.0812
-------------------------------------
[Epoch : 28/40]
Src_cls_loss	: 0.0786
-------------------------------------
[Epoch : 29/40]
Src_cls_loss	: 0.0760
-------------------------------------
[Epoch : 30/40]
Src_cls_loss	: 0.0736
-------------------------------------
[Epoch : 31/40]
Src_cls_loss	: 0.0714
-------------------------------------
[Epoch : 32/40]
Src_cls_loss	: 0.0692
-------------------------------------
[Epoch : 33/40]
Src_cls_loss	: 0.0672
-------------------------------------
[Epoch : 34/40]
Src_cls_loss	: 0.0653
-------------------------------------
[Epoch : 35/40]
Src_cls_loss	: 0.0636
-------------------------------------
[Epoch : 36/40]
Src_cls_loss	: 0.0619
-------------------------------------
[Epoch : 37/40]
Src_cls_loss	: 0.0603
-------------------------------------
[Epoch : 38/40]
Src_cls_loss	: 0.0588
-------------------------------------
[Epoch : 39/40]
Src_cls_loss	: 0.0575
-------------------------------------
[Epoch : 40/40]
Src_cls_loss	: 0.0565
-------------------------------------
