=============================================
Dataset: mobiact_realworld
Method:  SYN
=============================================
Source: syn_wal_68 ---> Target: dp_wal_68
Run ID: 8
=============================================
[Epoch : 1/40]
Src_cls_loss	: 0.6231
-------------------------------------
[Epoch : 2/40]
Src_cls_loss	: 0.4548
-------------------------------------
[Epoch : 3/40]
Src_cls_loss	: 0.3597
-------------------------------------
[Epoch : 4/40]
Src_cls_loss	: 0.2960
-------------------------------------
[Epoch : 5/40]
Src_cls_loss	: 0.2518
-------------------------------------
[Epoch : 6/40]
Src_cls_loss	: 0.2202
-------------------------------------
[Epoch : 7/40]
Src_cls_loss	: 0.1957
-------------------------------------
[Epoch : 8/40]
Src_cls_loss	: 0.1759
-------------------------------------
[Epoch : 9/40]
Src_cls_loss	: 0.1601
-------------------------------------
[Epoch : 10/40]
Src_cls_loss	: 0.1473
-------------------------------------
[Epoch : 11/40]
Src_cls_loss	: 0.1368
-------------------------------------
[Epoch : 12/40]
Src_cls_loss	: 0.1289
-------------------------------------
[Epoch : 13/40]
Src_cls_loss	: 0.1221
-------------------------------------
[Epoch : 14/40]
Src_cls_loss	: 0.1149
-------------------------------------
[Epoch : 15/40]
Src_cls_loss	: 0.1086
-------------------------------------
[Epoch : 16/40]
Src_cls_loss	: 0.1027
-------------------------------------
[Epoch : 17/40]
Src_cls_loss	: 0.0976
-------------------------------------
[Epoch : 18/40]
Src_cls_loss	: 0.0933
-------------------------------------
[Epoch : 19/40]
Src_cls_loss	: 0.0895
-------------------------------------
[Epoch : 20/40]
Src_cls_loss	: 0.0855
-------------------------------------
[Epoch : 21/40]
Src_cls_loss	: 0.0823
-------------------------------------
[Epoch : 22/40]
Src_cls_loss	: 0.0793
-------------------------------------
[Epoch : 23/40]
Src_cls_loss	: 0.0762
-------------------------------------
[Epoch : 24/40]
Src_cls_loss	: 0.0734
-------------------------------------
[Epoch : 25/40]
Src_cls_loss	: 0.0709
-------------------------------------
[Epoch : 26/40]
Src_cls_loss	: 0.0687
-------------------------------------
[Epoch : 27/40]
Src_cls_loss	: 0.0668
-------------------------------------
[Epoch : 28/40]
Src_cls_loss	: 0.0649
-------------------------------------
[Epoch : 29/40]
Src_cls_loss	: 0.0630
-------------------------------------
[Epoch : 30/40]
Src_cls_loss	: 0.0611
-------------------------------------
[Epoch : 31/40]
Src_cls_loss	: 0.0594
-------------------------------------
[Epoch : 32/40]
Src_cls_loss	: 0.0577
-------------------------------------
[Epoch : 33/40]
Src_cls_loss	: 0.0561
-------------------------------------
[Epoch : 34/40]
Src_cls_loss	: 0.0546
-------------------------------------
[Epoch : 35/40]
Src_cls_loss	: 0.0532
-------------------------------------
[Epoch : 36/40]
Src_cls_loss	: 0.0520
-------------------------------------
[Epoch : 37/40]
Src_cls_loss	: 0.0509
-------------------------------------
[Epoch : 38/40]
Src_cls_loss	: 0.0499
-------------------------------------
[Epoch : 39/40]
Src_cls_loss	: 0.0492
-------------------------------------
[Epoch : 40/40]
Src_cls_loss	: 0.0482
-------------------------------------
