=============================================
Dataset: pamap_realworld
Method:  NO_ADAPT
=============================================
Source: syn_6 ---> Target: dp_6
Run ID: 9
=============================================
[Epoch : 1/40]
Src_cls_loss	: 0.4331
-------------------------------------
[Epoch : 2/40]
Src_cls_loss	: 0.2696
-------------------------------------
[Epoch : 3/40]
Src_cls_loss	: 0.2013
-------------------------------------
[Epoch : 4/40]
Src_cls_loss	: 0.1632
-------------------------------------
[Epoch : 5/40]
Src_cls_loss	: 0.1371
-------------------------------------
[Epoch : 6/40]
Src_cls_loss	: 0.1188
-------------------------------------
[Epoch : 7/40]
Src_cls_loss	: 0.1052
-------------------------------------
[Epoch : 8/40]
Src_cls_loss	: 0.0960
-------------------------------------
[Epoch : 9/40]
Src_cls_loss	: 0.0872
-------------------------------------
[Epoch : 10/40]
Src_cls_loss	: 0.0805
-------------------------------------
[Epoch : 11/40]
Src_cls_loss	: 0.0749
-------------------------------------
[Epoch : 12/40]
Src_cls_loss	: 0.0699
-------------------------------------
[Epoch : 13/40]
Src_cls_loss	: 0.0661
-------------------------------------
[Epoch : 14/40]
Src_cls_loss	: 0.0625
-------------------------------------
[Epoch : 15/40]
Src_cls_loss	: 0.0592
-------------------------------------
[Epoch : 16/40]
Src_cls_loss	: 0.0561
-------------------------------------
[Epoch : 17/40]
Src_cls_loss	: 0.0533
-------------------------------------
[Epoch : 18/40]
Src_cls_loss	: 0.0512
-------------------------------------
[Epoch : 19/40]
Src_cls_loss	: 0.0494
-------------------------------------
[Epoch : 20/40]
Src_cls_loss	: 0.0474
-------------------------------------
[Epoch : 21/40]
Src_cls_loss	: 0.0455
-------------------------------------
[Epoch : 22/40]
Src_cls_loss	: 0.0438
-------------------------------------
[Epoch : 23/40]
Src_cls_loss	: 0.0422
-------------------------------------
[Epoch : 24/40]
Src_cls_loss	: 0.0410
-------------------------------------
[Epoch : 25/40]
Src_cls_loss	: 0.0398
-------------------------------------
[Epoch : 26/40]
Src_cls_loss	: 0.0386
-------------------------------------
[Epoch : 27/40]
Src_cls_loss	: 0.0375
-------------------------------------
[Epoch : 28/40]
Src_cls_loss	: 0.0363
-------------------------------------
[Epoch : 29/40]
Src_cls_loss	: 0.0354
-------------------------------------
[Epoch : 30/40]
Src_cls_loss	: 0.0343
-------------------------------------
[Epoch : 31/40]
Src_cls_loss	: 0.0335
-------------------------------------
[Epoch : 32/40]
Src_cls_loss	: 0.0329
-------------------------------------
[Epoch : 33/40]
Src_cls_loss	: 0.0323
-------------------------------------
[Epoch : 34/40]
Src_cls_loss	: 0.0315
-------------------------------------
[Epoch : 35/40]
Src_cls_loss	: 0.0307
-------------------------------------
[Epoch : 36/40]
Src_cls_loss	: 0.0300
-------------------------------------
[Epoch : 37/40]
Src_cls_loss	: 0.0292
-------------------------------------
[Epoch : 38/40]
Src_cls_loss	: 0.0286
-------------------------------------
[Epoch : 39/40]
Src_cls_loss	: 0.0283
-------------------------------------
[Epoch : 40/40]
Src_cls_loss	: 0.0277
-------------------------------------
