=============================================
Dataset: realworld_mobiact
Method:  Deep_Coral
=============================================
Source: df ---> Target: dp_wal_62
Run ID: 0
=============================================
[Epoch : 1/40]
Total_loss	: 3.3766
Src_cls_loss	: 0.5059
coral_loss	: 0.0009
-------------------------------------
[Epoch : 2/40]
Total_loss	: 2.9265
Src_cls_loss	: 0.4384
coral_loss	: 0.0008
-------------------------------------
[Epoch : 3/40]
Total_loss	: 2.6572
Src_cls_loss	: 0.3981
coral_loss	: 0.0008
-------------------------------------
[Epoch : 4/40]
Total_loss	: 2.4862
Src_cls_loss	: 0.3725
coral_loss	: 0.0007
-------------------------------------
[Epoch : 5/40]
Total_loss	: 2.3538
Src_cls_loss	: 0.3526
coral_loss	: 0.0007
-------------------------------------
[Epoch : 6/40]
Total_loss	: 2.2500
Src_cls_loss	: 0.3371
coral_loss	: 0.0006
-------------------------------------
[Epoch : 7/40]
Total_loss	: 2.1581
Src_cls_loss	: 0.3233
coral_loss	: 0.0006
-------------------------------------
[Epoch : 8/40]
Total_loss	: 2.0802
Src_cls_loss	: 0.3117
coral_loss	: 0.0006
-------------------------------------
[Epoch : 9/40]
Total_loss	: 2.0082
Src_cls_loss	: 0.3009
coral_loss	: 0.0005
-------------------------------------
[Epoch : 10/40]
Total_loss	: 1.9443
Src_cls_loss	: 0.2913
coral_loss	: 0.0005
-------------------------------------
[Epoch : 11/40]
Total_loss	: 1.8844
Src_cls_loss	: 0.2823
coral_loss	: 0.0005
-------------------------------------
[Epoch : 12/40]
Total_loss	: 1.8344
Src_cls_loss	: 0.2748
coral_loss	: 0.0005
-------------------------------------
[Epoch : 13/40]
Total_loss	: 1.7943
Src_cls_loss	: 0.2688
coral_loss	: 0.0005
-------------------------------------
[Epoch : 14/40]
Total_loss	: 1.7552
Src_cls_loss	: 0.2630
coral_loss	: 0.0005
-------------------------------------
[Epoch : 15/40]
Total_loss	: 1.7170
Src_cls_loss	: 0.2572
coral_loss	: 0.0005
-------------------------------------
[Epoch : 16/40]
Total_loss	: 1.6833
Src_cls_loss	: 0.2522
coral_loss	: 0.0005
-------------------------------------
[Epoch : 17/40]
Total_loss	: 1.6550
Src_cls_loss	: 0.2479
coral_loss	: 0.0004
-------------------------------------
[Epoch : 18/40]
Total_loss	: 1.6280
Src_cls_loss	: 0.2439
coral_loss	: 0.0004
-------------------------------------
[Epoch : 19/40]
Total_loss	: 1.5998
Src_cls_loss	: 0.2397
coral_loss	: 0.0004
-------------------------------------
[Epoch : 20/40]
Total_loss	: 1.5762
Src_cls_loss	: 0.2361
coral_loss	: 0.0004
-------------------------------------
[Epoch : 21/40]
Total_loss	: 1.5536
Src_cls_loss	: 0.2327
coral_loss	: 0.0004
-------------------------------------
[Epoch : 22/40]
Total_loss	: 1.5318
Src_cls_loss	: 0.2295
coral_loss	: 0.0004
-------------------------------------
[Epoch : 23/40]
Total_loss	: 1.5109
Src_cls_loss	: 0.2263
coral_loss	: 0.0004
-------------------------------------
[Epoch : 24/40]
Total_loss	: 1.4906
Src_cls_loss	: 0.2233
coral_loss	: 0.0004
-------------------------------------
[Epoch : 25/40]
Total_loss	: 1.4702
Src_cls_loss	: 0.2203
coral_loss	: 0.0004
-------------------------------------
[Epoch : 26/40]
Total_loss	: 1.4505
Src_cls_loss	: 0.2173
coral_loss	: 0.0004
-------------------------------------
[Epoch : 27/40]
Total_loss	: 1.4333
Src_cls_loss	: 0.2147
coral_loss	: 0.0004
-------------------------------------
[Epoch : 28/40]
Total_loss	: 1.4147
Src_cls_loss	: 0.2119
coral_loss	: 0.0004
-------------------------------------
[Epoch : 29/40]
Total_loss	: 1.3977
Src_cls_loss	: 0.2094
coral_loss	: 0.0004
-------------------------------------
[Epoch : 30/40]
Total_loss	: 1.3827
Src_cls_loss	: 0.2071
coral_loss	: 0.0004
-------------------------------------
[Epoch : 31/40]
Total_loss	: 1.3679
Src_cls_loss	: 0.2049
coral_loss	: 0.0004
-------------------------------------
[Epoch : 32/40]
Total_loss	: 1.3543
Src_cls_loss	: 0.2029
coral_loss	: 0.0004
-------------------------------------
[Epoch : 33/40]
Total_loss	: 1.3386
Src_cls_loss	: 0.2005
coral_loss	: 0.0004
-------------------------------------
[Epoch : 34/40]
Total_loss	: 1.3250
Src_cls_loss	: 0.1985
coral_loss	: 0.0004
-------------------------------------
[Epoch : 35/40]
Total_loss	: 1.3116
Src_cls_loss	: 0.1965
coral_loss	: 0.0004
-------------------------------------
[Epoch : 36/40]
Total_loss	: 1.2997
Src_cls_loss	: 0.1947
coral_loss	: 0.0004
-------------------------------------
[Epoch : 37/40]
Total_loss	: 1.2869
Src_cls_loss	: 0.1928
coral_loss	: 0.0004
-------------------------------------
[Epoch : 38/40]
Total_loss	: 1.2756
Src_cls_loss	: 0.1911
coral_loss	: 0.0004
-------------------------------------
[Epoch : 39/40]
Total_loss	: 1.2649
Src_cls_loss	: 0.1895
coral_loss	: 0.0004
-------------------------------------
[Epoch : 40/40]
Total_loss	: 1.2543
Src_cls_loss	: 0.1879
coral_loss	: 0.0004
-------------------------------------
