=============================================
Dataset: realworld_mobiact
Method:  DANN
=============================================
Source: df ---> Target: dp_wal_58
Run ID: 0
=============================================
[Epoch : 1/40]
Total_loss	: 5.3602
Domain_loss	: 1.1924
Src_cls_loss	: 0.4275
-------------------------------------
[Epoch : 2/40]
Total_loss	: 5.0533
Domain_loss	: 1.1969
Src_cls_loss	: 0.3671
-------------------------------------
[Epoch : 3/40]
Total_loss	: 4.8703
Domain_loss	: 1.1947
Src_cls_loss	: 0.3334
-------------------------------------
[Epoch : 4/40]
Total_loss	: 4.7930
Domain_loss	: 1.2171
Src_cls_loss	: 0.3077
-------------------------------------
[Epoch : 5/40]
Total_loss	: 4.7399
Domain_loss	: 1.2365
Src_cls_loss	: 0.2881
-------------------------------------
[Epoch : 6/40]
Total_loss	: 4.6933
Domain_loss	: 1.2479
Src_cls_loss	: 0.2736
-------------------------------------
[Epoch : 7/40]
Total_loss	: 4.6478
Domain_loss	: 1.2553
Src_cls_loss	: 0.2613
-------------------------------------
[Epoch : 8/40]
Total_loss	: 4.6047
Domain_loss	: 1.2630
Src_cls_loss	: 0.2493
-------------------------------------
[Epoch : 9/40]
Total_loss	: 4.5800
Domain_loss	: 1.2741
Src_cls_loss	: 0.2391
-------------------------------------
[Epoch : 10/40]
Total_loss	: 4.5534
Domain_loss	: 1.2840
Src_cls_loss	: 0.2292
-------------------------------------
[Epoch : 11/40]
Total_loss	: 4.5284
Domain_loss	: 1.2928
Src_cls_loss	: 0.2201
-------------------------------------
[Epoch : 12/40]
Total_loss	: 4.5061
Domain_loss	: 1.2994
Src_cls_loss	: 0.2126
-------------------------------------
[Epoch : 13/40]
Total_loss	: 4.4822
Domain_loss	: 1.3053
Src_cls_loss	: 0.2052
-------------------------------------
[Epoch : 14/40]
Total_loss	: 4.4624
Domain_loss	: 1.3110
Src_cls_loss	: 0.1986
-------------------------------------
[Epoch : 15/40]
Total_loss	: 4.4451
Domain_loss	: 1.3158
Src_cls_loss	: 0.1929
-------------------------------------
[Epoch : 16/40]
Total_loss	: 4.4251
Domain_loss	: 1.3188
Src_cls_loss	: 0.1877
-------------------------------------
[Epoch : 17/40]
Total_loss	: 4.4080
Domain_loss	: 1.3217
Src_cls_loss	: 0.1830
-------------------------------------
[Epoch : 18/40]
Total_loss	: 4.3912
Domain_loss	: 1.3232
Src_cls_loss	: 0.1791
-------------------------------------
[Epoch : 19/40]
Total_loss	: 4.3752
Domain_loss	: 1.3246
Src_cls_loss	: 0.1754
-------------------------------------
[Epoch : 20/40]
Total_loss	: 4.3561
Domain_loss	: 1.3242
Src_cls_loss	: 0.1719
-------------------------------------
[Epoch : 21/40]
Total_loss	: 4.3393
Domain_loss	: 1.3236
Src_cls_loss	: 0.1690
-------------------------------------
[Epoch : 22/40]
Total_loss	: 4.3281
Domain_loss	: 1.3243
Src_cls_loss	: 0.1665
-------------------------------------
[Epoch : 23/40]
Total_loss	: 4.3155
Domain_loss	: 1.3246
Src_cls_loss	: 0.1640
-------------------------------------
[Epoch : 24/40]
Total_loss	: 4.3025
Domain_loss	: 1.3248
Src_cls_loss	: 0.1614
-------------------------------------
[Epoch : 25/40]
Total_loss	: 4.2907
Domain_loss	: 1.3254
Src_cls_loss	: 0.1589
-------------------------------------
[Epoch : 26/40]
Total_loss	: 4.2820
Domain_loss	: 1.3262
Src_cls_loss	: 0.1569
-------------------------------------
[Epoch : 27/40]
Total_loss	: 4.2703
Domain_loss	: 1.3272
Src_cls_loss	: 0.1542
-------------------------------------
[Epoch : 28/40]
Total_loss	: 4.2613
Domain_loss	: 1.3281
Src_cls_loss	: 0.1520
-------------------------------------
[Epoch : 29/40]
Total_loss	: 4.2521
Domain_loss	: 1.3287
Src_cls_loss	: 0.1500
-------------------------------------
[Epoch : 30/40]
Total_loss	: 4.2427
Domain_loss	: 1.3294
Src_cls_loss	: 0.1478
-------------------------------------
[Epoch : 31/40]
Total_loss	: 4.2328
Domain_loss	: 1.3301
Src_cls_loss	: 0.1456
-------------------------------------
[Epoch : 32/40]
Total_loss	: 4.2239
Domain_loss	: 1.3311
Src_cls_loss	: 0.1434
-------------------------------------
[Epoch : 33/40]
Total_loss	: 4.2165
Domain_loss	: 1.3324
Src_cls_loss	: 0.1414
-------------------------------------
[Epoch : 34/40]
Total_loss	: 4.2089
Domain_loss	: 1.3337
Src_cls_loss	: 0.1393
-------------------------------------
[Epoch : 35/40]
Total_loss	: 4.2010
Domain_loss	: 1.3346
Src_cls_loss	: 0.1374
-------------------------------------
[Epoch : 36/40]
Total_loss	: 4.1953
Domain_loss	: 1.3358
Src_cls_loss	: 0.1357
-------------------------------------
[Epoch : 37/40]
Total_loss	: 4.1878
Domain_loss	: 1.3365
Src_cls_loss	: 0.1339
-------------------------------------
[Epoch : 38/40]
Total_loss	: 4.1802
Domain_loss	: 1.3369
Src_cls_loss	: 0.1322
-------------------------------------
[Epoch : 39/40]
Total_loss	: 4.1729
Domain_loss	: 1.3371
Src_cls_loss	: 0.1308
-------------------------------------
[Epoch : 40/40]
Total_loss	: 4.1673
Domain_loss	: 1.3378
Src_cls_loss	: 0.1294
-------------------------------------
