=============================================
Dataset: realworld_mobiact
Method:  NO_ADAPT
=============================================
Source: syn_45 ---> Target: dp_45
Run ID: 2
=============================================
[Epoch : 1/40]
Src_cls_loss	: 0.8076
-------------------------------------
[Epoch : 2/40]
Src_cls_loss	: 0.6221
-------------------------------------
[Epoch : 3/40]
Src_cls_loss	: 0.4846
-------------------------------------
[Epoch : 4/40]
Src_cls_loss	: 0.3954
-------------------------------------
[Epoch : 5/40]
Src_cls_loss	: 0.3323
-------------------------------------
[Epoch : 6/40]
Src_cls_loss	: 0.2858
-------------------------------------
[Epoch : 7/40]
Src_cls_loss	: 0.2502
-------------------------------------
[Epoch : 8/40]
Src_cls_loss	: 0.2230
-------------------------------------
[Epoch : 9/40]
Src_cls_loss	: 0.2010
-------------------------------------
[Epoch : 10/40]
Src_cls_loss	: 0.1846
-------------------------------------
[Epoch : 11/40]
Src_cls_loss	: 0.1708
-------------------------------------
[Epoch : 12/40]
Src_cls_loss	: 0.1601
-------------------------------------
[Epoch : 13/40]
Src_cls_loss	: 0.1507
-------------------------------------
[Epoch : 14/40]
Src_cls_loss	: 0.1423
-------------------------------------
[Epoch : 15/40]
Src_cls_loss	: 0.1345
-------------------------------------
[Epoch : 16/40]
Src_cls_loss	: 0.1273
-------------------------------------
[Epoch : 17/40]
Src_cls_loss	: 0.1206
-------------------------------------
[Epoch : 18/40]
Src_cls_loss	: 0.1145
-------------------------------------
[Epoch : 19/40]
Src_cls_loss	: 0.1090
-------------------------------------
[Epoch : 20/40]
Src_cls_loss	: 0.1039
-------------------------------------
[Epoch : 21/40]
Src_cls_loss	: 0.0995
-------------------------------------
[Epoch : 22/40]
Src_cls_loss	: 0.0953
-------------------------------------
[Epoch : 23/40]
Src_cls_loss	: 0.0915
-------------------------------------
[Epoch : 24/40]
Src_cls_loss	: 0.0880
-------------------------------------
[Epoch : 25/40]
Src_cls_loss	: 0.0847
-------------------------------------
[Epoch : 26/40]
Src_cls_loss	: 0.0816
-------------------------------------
[Epoch : 27/40]
Src_cls_loss	: 0.0791
-------------------------------------
[Epoch : 28/40]
Src_cls_loss	: 0.0766
-------------------------------------
[Epoch : 29/40]
Src_cls_loss	: 0.0742
-------------------------------------
[Epoch : 30/40]
Src_cls_loss	: 0.0721
-------------------------------------
[Epoch : 31/40]
Src_cls_loss	: 0.0702
-------------------------------------
[Epoch : 32/40]
Src_cls_loss	: 0.0683
-------------------------------------
[Epoch : 33/40]
Src_cls_loss	: 0.0664
-------------------------------------
[Epoch : 34/40]
Src_cls_loss	: 0.0646
-------------------------------------
[Epoch : 35/40]
Src_cls_loss	: 0.0630
-------------------------------------
[Epoch : 36/40]
Src_cls_loss	: 0.0614
-------------------------------------
[Epoch : 37/40]
Src_cls_loss	: 0.0598
-------------------------------------
[Epoch : 38/40]
Src_cls_loss	: 0.0585
-------------------------------------
[Epoch : 39/40]
Src_cls_loss	: 0.0572
-------------------------------------
[Epoch : 40/40]
Src_cls_loss	: 0.0559
-------------------------------------
