=============================================
Dataset: realworld_mobiact
Method:  NO_ADAPT
=============================================
Source: syn_51 ---> Target: dp_51
Run ID: 2
=============================================
[Epoch : 1/40]
Src_cls_loss	: 0.8645
-------------------------------------
[Epoch : 2/40]
Src_cls_loss	: 0.7561
-------------------------------------
[Epoch : 3/40]
Src_cls_loss	: 0.6300
-------------------------------------
[Epoch : 4/40]
Src_cls_loss	: 0.5310
-------------------------------------
[Epoch : 5/40]
Src_cls_loss	: 0.4596
-------------------------------------
[Epoch : 6/40]
Src_cls_loss	: 0.4018
-------------------------------------
[Epoch : 7/40]
Src_cls_loss	: 0.3571
-------------------------------------
[Epoch : 8/40]
Src_cls_loss	: 0.3215
-------------------------------------
[Epoch : 9/40]
Src_cls_loss	: 0.2925
-------------------------------------
[Epoch : 10/40]
Src_cls_loss	: 0.2688
-------------------------------------
[Epoch : 11/40]
Src_cls_loss	: 0.2482
-------------------------------------
[Epoch : 12/40]
Src_cls_loss	: 0.2312
-------------------------------------
[Epoch : 13/40]
Src_cls_loss	: 0.2161
-------------------------------------
[Epoch : 14/40]
Src_cls_loss	: 0.2030
-------------------------------------
[Epoch : 15/40]
Src_cls_loss	: 0.1929
-------------------------------------
[Epoch : 16/40]
Src_cls_loss	: 0.1843
-------------------------------------
[Epoch : 17/40]
Src_cls_loss	: 0.1759
-------------------------------------
[Epoch : 18/40]
Src_cls_loss	: 0.1675
-------------------------------------
[Epoch : 19/40]
Src_cls_loss	: 0.1599
-------------------------------------
[Epoch : 20/40]
Src_cls_loss	: 0.1527
-------------------------------------
[Epoch : 21/40]
Src_cls_loss	: 0.1464
-------------------------------------
[Epoch : 22/40]
Src_cls_loss	: 0.1408
-------------------------------------
[Epoch : 23/40]
Src_cls_loss	: 0.1362
-------------------------------------
[Epoch : 24/40]
Src_cls_loss	: 0.1315
-------------------------------------
[Epoch : 25/40]
Src_cls_loss	: 0.1266
-------------------------------------
[Epoch : 26/40]
Src_cls_loss	: 0.1228
-------------------------------------
[Epoch : 27/40]
Src_cls_loss	: 0.1187
-------------------------------------
[Epoch : 28/40]
Src_cls_loss	: 0.1147
-------------------------------------
[Epoch : 29/40]
Src_cls_loss	: 0.1112
-------------------------------------
[Epoch : 30/40]
Src_cls_loss	: 0.1080
-------------------------------------
[Epoch : 31/40]
Src_cls_loss	: 0.1050
-------------------------------------
[Epoch : 32/40]
Src_cls_loss	: 0.1019
-------------------------------------
[Epoch : 33/40]
Src_cls_loss	: 0.0991
-------------------------------------
[Epoch : 34/40]
Src_cls_loss	: 0.0965
-------------------------------------
[Epoch : 35/40]
Src_cls_loss	: 0.0943
-------------------------------------
[Epoch : 36/40]
Src_cls_loss	: 0.0920
-------------------------------------
[Epoch : 37/40]
Src_cls_loss	: 0.0897
-------------------------------------
[Epoch : 38/40]
Src_cls_loss	: 0.0878
-------------------------------------
[Epoch : 39/40]
Src_cls_loss	: 0.0858
-------------------------------------
[Epoch : 40/40]
Src_cls_loss	: 0.0840
-------------------------------------
