=============================================
Dataset: realworld_mobiact
Method:  DANN
=============================================
Source: df ---> Target: dp_39
Run ID: 0
=============================================
[Epoch : 1/40]
Total_loss	: 5.0961
Domain_loss	: 1.0525
Src_cls_loss	: 0.4465
-------------------------------------
[Epoch : 2/40]
Total_loss	: 4.6790
Domain_loss	: 1.0117
Src_cls_loss	: 0.3876
-------------------------------------
[Epoch : 3/40]
Total_loss	: 4.4474
Domain_loss	: 0.9780
Src_cls_loss	: 0.3603
-------------------------------------
[Epoch : 4/40]
Total_loss	: 4.3800
Domain_loss	: 0.9902
Src_cls_loss	: 0.3415
-------------------------------------
[Epoch : 5/40]
Total_loss	: 4.3903
Domain_loss	: 1.0260
Src_cls_loss	: 0.3257
-------------------------------------
[Epoch : 6/40]
Total_loss	: 4.3690
Domain_loss	: 1.0401
Src_cls_loss	: 0.3147
-------------------------------------
[Epoch : 7/40]
Total_loss	: 4.3528
Domain_loss	: 1.0473
Src_cls_loss	: 0.3081
-------------------------------------
[Epoch : 8/40]
Total_loss	: 4.3055
Domain_loss	: 1.0481
Src_cls_loss	: 0.2987
-------------------------------------
[Epoch : 9/40]
Total_loss	: 4.2299
Domain_loss	: 1.0348
Src_cls_loss	: 0.2910
-------------------------------------
[Epoch : 10/40]
Total_loss	: 4.2280
Domain_loss	: 1.0456
Src_cls_loss	: 0.2853
-------------------------------------
[Epoch : 11/40]
Total_loss	: 4.2344
Domain_loss	: 1.0594
Src_cls_loss	: 0.2797
-------------------------------------
[Epoch : 12/40]
Total_loss	: 4.2460
Domain_loss	: 1.0762
Src_cls_loss	: 0.2736
-------------------------------------
[Epoch : 13/40]
Total_loss	: 4.2502
Domain_loss	: 1.0910
Src_cls_loss	: 0.2670
-------------------------------------
[Epoch : 14/40]
Total_loss	: 4.2582
Domain_loss	: 1.1065
Src_cls_loss	: 0.2609
-------------------------------------
[Epoch : 15/40]
Total_loss	: 4.2675
Domain_loss	: 1.1206
Src_cls_loss	: 0.2557
-------------------------------------
[Epoch : 16/40]
Total_loss	: 4.2702
Domain_loss	: 1.1337
Src_cls_loss	: 0.2497
-------------------------------------
[Epoch : 17/40]
Total_loss	: 4.2744
Domain_loss	: 1.1458
Src_cls_loss	: 0.2445
-------------------------------------
[Epoch : 18/40]
Total_loss	: 4.2760
Domain_loss	: 1.1570
Src_cls_loss	: 0.2393
-------------------------------------
[Epoch : 19/40]
Total_loss	: 4.2760
Domain_loss	: 1.1674
Src_cls_loss	: 0.2342
-------------------------------------
[Epoch : 20/40]
Total_loss	: 4.2758
Domain_loss	: 1.1762
Src_cls_loss	: 0.2298
-------------------------------------
[Epoch : 21/40]
Total_loss	: 4.2649
Domain_loss	: 1.1805
Src_cls_loss	: 0.2256
-------------------------------------
[Epoch : 22/40]
Total_loss	: 4.2615
Domain_loss	: 1.1862
Src_cls_loss	: 0.2222
-------------------------------------
[Epoch : 23/40]
Total_loss	: 4.2577
Domain_loss	: 1.1900
Src_cls_loss	: 0.2196
-------------------------------------
[Epoch : 24/40]
Total_loss	: 4.2554
Domain_loss	: 1.1956
Src_cls_loss	: 0.2164
-------------------------------------
[Epoch : 25/40]
Total_loss	: 4.2512
Domain_loss	: 1.2005
Src_cls_loss	: 0.2131
-------------------------------------
[Epoch : 26/40]
Total_loss	: 4.2477
Domain_loss	: 1.2050
Src_cls_loss	: 0.2103
-------------------------------------
[Epoch : 27/40]
Total_loss	: 4.2449
Domain_loss	: 1.2100
Src_cls_loss	: 0.2072
-------------------------------------
[Epoch : 28/40]
Total_loss	: 4.2419
Domain_loss	: 1.2140
Src_cls_loss	: 0.2047
-------------------------------------
[Epoch : 29/40]
Total_loss	: 4.2367
Domain_loss	: 1.2164
Src_cls_loss	: 0.2025
-------------------------------------
[Epoch : 30/40]
Total_loss	: 4.2349
Domain_loss	: 1.2204
Src_cls_loss	: 0.2002
-------------------------------------
[Epoch : 31/40]
Total_loss	: 4.2305
Domain_loss	: 1.2239
Src_cls_loss	: 0.1977
-------------------------------------
[Epoch : 32/40]
Total_loss	: 4.2242
Domain_loss	: 1.2268
Src_cls_loss	: 0.1950
-------------------------------------
[Epoch : 33/40]
Total_loss	: 4.2225
Domain_loss	: 1.2303
Src_cls_loss	: 0.1930
-------------------------------------
[Epoch : 34/40]
Total_loss	: 4.2175
Domain_loss	: 1.2326
Src_cls_loss	: 0.1909
-------------------------------------
[Epoch : 35/40]
Total_loss	: 4.2127
Domain_loss	: 1.2345
Src_cls_loss	: 0.1890
-------------------------------------
[Epoch : 36/40]
Total_loss	: 4.2056
Domain_loss	: 1.2355
Src_cls_loss	: 0.1872
-------------------------------------
[Epoch : 37/40]
Total_loss	: 4.1993
Domain_loss	: 1.2365
Src_cls_loss	: 0.1855
-------------------------------------
[Epoch : 38/40]
Total_loss	: 4.1958
Domain_loss	: 1.2382
Src_cls_loss	: 0.1840
-------------------------------------
[Epoch : 39/40]
Total_loss	: 4.1932
Domain_loss	: 1.2405
Src_cls_loss	: 0.1823
-------------------------------------
[Epoch : 40/40]
Total_loss	: 4.1912
Domain_loss	: 1.2431
Src_cls_loss	: 0.1807
-------------------------------------
