=============================================
Dataset: pamap_mobiact
Method:  DANN
=============================================
Source: df ---> Target: dp_wal_23
Run ID: 0
=============================================
[Epoch : 1/40]
Total_loss	: 6.3281
Domain_loss	: 1.0667
Src_cls_loss	: 0.6732
-------------------------------------
[Epoch : 2/40]
Total_loss	: 6.3167
Domain_loss	: 1.1543
Src_cls_loss	: 0.6277
-------------------------------------
[Epoch : 3/40]
Total_loss	: 6.0486
Domain_loss	: 1.1607
Src_cls_loss	: 0.5737
-------------------------------------
[Epoch : 4/40]
Total_loss	: 5.8635
Domain_loss	: 1.1541
Src_cls_loss	: 0.5418
-------------------------------------
[Epoch : 5/40]
Total_loss	: 5.6815
Domain_loss	: 1.1523
Src_cls_loss	: 0.5082
-------------------------------------
[Epoch : 6/40]
Total_loss	: 5.5713
Domain_loss	: 1.1558
Src_cls_loss	: 0.4856
-------------------------------------
[Epoch : 7/40]
Total_loss	: 5.4975
Domain_loss	: 1.1691
Src_cls_loss	: 0.4650
-------------------------------------
[Epoch : 8/40]
Total_loss	: 5.3903
Domain_loss	: 1.1716
Src_cls_loss	: 0.4435
-------------------------------------
[Epoch : 9/40]
Total_loss	: 5.3011
Domain_loss	: 1.1728
Src_cls_loss	: 0.4259
-------------------------------------
[Epoch : 10/40]
Total_loss	: 5.2465
Domain_loss	: 1.1789
Src_cls_loss	: 0.4126
-------------------------------------
[Epoch : 11/40]
Total_loss	: 5.2202
Domain_loss	: 1.1851
Src_cls_loss	: 0.4045
-------------------------------------
[Epoch : 12/40]
Total_loss	: 5.1446
Domain_loss	: 1.1881
Src_cls_loss	: 0.3887
-------------------------------------
[Epoch : 13/40]
Total_loss	: 5.1037
Domain_loss	: 1.1947
Src_cls_loss	: 0.3777
-------------------------------------
[Epoch : 14/40]
Total_loss	: 5.0404
Domain_loss	: 1.1955
Src_cls_loss	: 0.3653
-------------------------------------
[Epoch : 15/40]
Total_loss	: 5.0081
Domain_loss	: 1.2028
Src_cls_loss	: 0.3556
-------------------------------------
[Epoch : 16/40]
Total_loss	: 4.9926
Domain_loss	: 1.2062
Src_cls_loss	: 0.3509
-------------------------------------
[Epoch : 17/40]
Total_loss	: 4.9726
Domain_loss	: 1.2136
Src_cls_loss	: 0.3435
-------------------------------------
[Epoch : 18/40]
Total_loss	: 4.9490
Domain_loss	: 1.2178
Src_cls_loss	: 0.3369
-------------------------------------
[Epoch : 19/40]
Total_loss	: 4.9301
Domain_loss	: 1.2227
Src_cls_loss	: 0.3309
-------------------------------------
[Epoch : 20/40]
Total_loss	: 4.8922
Domain_loss	: 1.2252
Src_cls_loss	: 0.3225
-------------------------------------
[Epoch : 21/40]
Total_loss	: 4.8711
Domain_loss	: 1.2310
Src_cls_loss	: 0.3157
-------------------------------------
[Epoch : 22/40]
Total_loss	: 4.8481
Domain_loss	: 1.2351
Src_cls_loss	: 0.3093
-------------------------------------
[Epoch : 23/40]
Total_loss	: 4.8261
Domain_loss	: 1.2388
Src_cls_loss	: 0.3033
-------------------------------------
[Epoch : 24/40]
Total_loss	: 4.8050
Domain_loss	: 1.2412
Src_cls_loss	: 0.2981
-------------------------------------
[Epoch : 25/40]
Total_loss	: 4.7877
Domain_loss	: 1.2423
Src_cls_loss	: 0.2942
-------------------------------------
[Epoch : 26/40]
Total_loss	: 4.7598
Domain_loss	: 1.2433
Src_cls_loss	: 0.2885
-------------------------------------
[Epoch : 27/40]
Total_loss	: 4.7465
Domain_loss	: 1.2456
Src_cls_loss	: 0.2848
-------------------------------------
[Epoch : 28/40]
Total_loss	: 4.7310
Domain_loss	: 1.2477
Src_cls_loss	: 0.2808
-------------------------------------
[Epoch : 29/40]
Total_loss	: 4.7143
Domain_loss	: 1.2483
Src_cls_loss	: 0.2774
-------------------------------------
[Epoch : 30/40]
Total_loss	: 4.7041
Domain_loss	: 1.2517
Src_cls_loss	: 0.2737
-------------------------------------
[Epoch : 31/40]
Total_loss	: 4.6901
Domain_loss	: 1.2542
Src_cls_loss	: 0.2699
-------------------------------------
[Epoch : 32/40]
Total_loss	: 4.6692
Domain_loss	: 1.2549
Src_cls_loss	: 0.2656
-------------------------------------
[Epoch : 33/40]
Total_loss	: 4.6589
Domain_loss	: 1.2578
Src_cls_loss	: 0.2621
-------------------------------------
[Epoch : 34/40]
Total_loss	: 4.6436
Domain_loss	: 1.2603
Src_cls_loss	: 0.2580
-------------------------------------
[Epoch : 35/40]
Total_loss	: 4.6410
Domain_loss	: 1.2632
Src_cls_loss	: 0.2561
-------------------------------------
[Epoch : 36/40]
Total_loss	: 4.6294
Domain_loss	: 1.2655
Src_cls_loss	: 0.2528
-------------------------------------
[Epoch : 37/40]
Total_loss	: 4.6145
Domain_loss	: 1.2672
Src_cls_loss	: 0.2491
-------------------------------------
[Epoch : 38/40]
Total_loss	: 4.6044
Domain_loss	: 1.2696
Src_cls_loss	: 0.2460
-------------------------------------
[Epoch : 39/40]
Total_loss	: 4.5937
Domain_loss	: 1.2719
Src_cls_loss	: 0.2428
-------------------------------------
[Epoch : 40/40]
Total_loss	: 4.5881
Domain_loss	: 1.2739
Src_cls_loss	: 0.2408
-------------------------------------
