=============================================
Dataset: mobiact_realworld
Method:  Deep_Coral
=============================================
Source: df ---> Target: dp_64
Run ID: 0
=============================================
[Epoch : 1/40]
Total_loss	: 3.5314
Src_cls_loss	: 0.5299
coral_loss	: 0.0001
-------------------------------------
[Epoch : 2/40]
Total_loss	: 2.9025
Src_cls_loss	: 0.4355
coral_loss	: 0.0001
-------------------------------------
[Epoch : 3/40]
Total_loss	: 2.5346
Src_cls_loss	: 0.3803
coral_loss	: 0.0001
-------------------------------------
[Epoch : 4/40]
Total_loss	: 2.2411
Src_cls_loss	: 0.3363
coral_loss	: 0.0001
-------------------------------------
[Epoch : 5/40]
Total_loss	: 2.0249
Src_cls_loss	: 0.3038
coral_loss	: 0.0001
-------------------------------------
[Epoch : 6/40]
Total_loss	: 1.8581
Src_cls_loss	: 0.2788
coral_loss	: 0.0001
-------------------------------------
[Epoch : 7/40]
Total_loss	: 1.7190
Src_cls_loss	: 0.2579
coral_loss	: 0.0001
-------------------------------------
[Epoch : 8/40]
Total_loss	: 1.6005
Src_cls_loss	: 0.2401
coral_loss	: 0.0001
-------------------------------------
[Epoch : 9/40]
Total_loss	: 1.5038
Src_cls_loss	: 0.2256
coral_loss	: 0.0001
-------------------------------------
[Epoch : 10/40]
Total_loss	: 1.4172
Src_cls_loss	: 0.2126
coral_loss	: 0.0001
-------------------------------------
[Epoch : 11/40]
Total_loss	: 1.3441
Src_cls_loss	: 0.2016
coral_loss	: 0.0001
-------------------------------------
[Epoch : 12/40]
Total_loss	: 1.2786
Src_cls_loss	: 0.1918
coral_loss	: 0.0001
-------------------------------------
[Epoch : 13/40]
Total_loss	: 1.2188
Src_cls_loss	: 0.1828
coral_loss	: 0.0001
-------------------------------------
[Epoch : 14/40]
Total_loss	: 1.1669
Src_cls_loss	: 0.1750
coral_loss	: 0.0001
-------------------------------------
[Epoch : 15/40]
Total_loss	: 1.1181
Src_cls_loss	: 0.1677
coral_loss	: 0.0001
-------------------------------------
[Epoch : 16/40]
Total_loss	: 1.0783
Src_cls_loss	: 0.1617
coral_loss	: 0.0001
-------------------------------------
[Epoch : 17/40]
Total_loss	: 1.0406
Src_cls_loss	: 0.1561
coral_loss	: 0.0001
-------------------------------------
[Epoch : 18/40]
Total_loss	: 1.0070
Src_cls_loss	: 0.1510
coral_loss	: 0.0001
-------------------------------------
[Epoch : 19/40]
Total_loss	: 0.9741
Src_cls_loss	: 0.1461
coral_loss	: 0.0001
-------------------------------------
[Epoch : 20/40]
Total_loss	: 0.9448
Src_cls_loss	: 0.1417
coral_loss	: 0.0001
-------------------------------------
[Epoch : 21/40]
Total_loss	: 0.9162
Src_cls_loss	: 0.1374
coral_loss	: 0.0001
-------------------------------------
[Epoch : 22/40]
Total_loss	: 0.8911
Src_cls_loss	: 0.1336
coral_loss	: 0.0001
-------------------------------------
[Epoch : 23/40]
Total_loss	: 0.8656
Src_cls_loss	: 0.1298
coral_loss	: 0.0001
-------------------------------------
[Epoch : 24/40]
Total_loss	: 0.8419
Src_cls_loss	: 0.1263
coral_loss	: 0.0001
-------------------------------------
[Epoch : 25/40]
Total_loss	: 0.8206
Src_cls_loss	: 0.1231
coral_loss	: 0.0001
-------------------------------------
[Epoch : 26/40]
Total_loss	: 0.8003
Src_cls_loss	: 0.1200
coral_loss	: 0.0001
-------------------------------------
[Epoch : 27/40]
Total_loss	: 0.7823
Src_cls_loss	: 0.1173
coral_loss	: 0.0001
-------------------------------------
[Epoch : 28/40]
Total_loss	: 0.7639
Src_cls_loss	: 0.1146
coral_loss	: 0.0001
-------------------------------------
[Epoch : 29/40]
Total_loss	: 0.7467
Src_cls_loss	: 0.1120
coral_loss	: 0.0001
-------------------------------------
[Epoch : 30/40]
Total_loss	: 0.7304
Src_cls_loss	: 0.1095
coral_loss	: 0.0001
-------------------------------------
[Epoch : 31/40]
Total_loss	: 0.7144
Src_cls_loss	: 0.1071
coral_loss	: 0.0001
-------------------------------------
[Epoch : 32/40]
Total_loss	: 0.6995
Src_cls_loss	: 0.1049
coral_loss	: 0.0001
-------------------------------------
[Epoch : 33/40]
Total_loss	: 0.6852
Src_cls_loss	: 0.1027
coral_loss	: 0.0001
-------------------------------------
[Epoch : 34/40]
Total_loss	: 0.6723
Src_cls_loss	: 0.1008
coral_loss	: 0.0001
-------------------------------------
[Epoch : 35/40]
Total_loss	: 0.6599
Src_cls_loss	: 0.0990
coral_loss	: 0.0001
-------------------------------------
[Epoch : 36/40]
Total_loss	: 0.6477
Src_cls_loss	: 0.0971
coral_loss	: 0.0001
-------------------------------------
[Epoch : 37/40]
Total_loss	: 0.6355
Src_cls_loss	: 0.0953
coral_loss	: 0.0001
-------------------------------------
[Epoch : 38/40]
Total_loss	: 0.6248
Src_cls_loss	: 0.0937
coral_loss	: 0.0001
-------------------------------------
[Epoch : 39/40]
Total_loss	: 0.6148
Src_cls_loss	: 0.0922
coral_loss	: 0.0001
-------------------------------------
[Epoch : 40/40]
Total_loss	: 0.6065
Src_cls_loss	: 0.0909
coral_loss	: 0.0001
-------------------------------------
