=============================================
Dataset: pamap_mobiact
Method:  SYN
=============================================
Source: syn_wal_58 ---> Target: dp_wal_58
Run ID: 0
=============================================
[Epoch : 1/40]
Src_cls_loss	: 0.6794
-------------------------------------
[Epoch : 2/40]
Src_cls_loss	: 0.5620
-------------------------------------
[Epoch : 3/40]
Src_cls_loss	: 0.4775
-------------------------------------
[Epoch : 4/40]
Src_cls_loss	: 0.4075
-------------------------------------
[Epoch : 5/40]
Src_cls_loss	: 0.3530
-------------------------------------
[Epoch : 6/40]
Src_cls_loss	: 0.3123
-------------------------------------
[Epoch : 7/40]
Src_cls_loss	: 0.2794
-------------------------------------
[Epoch : 8/40]
Src_cls_loss	: 0.2549
-------------------------------------
[Epoch : 9/40]
Src_cls_loss	: 0.2330
-------------------------------------
[Epoch : 10/40]
Src_cls_loss	: 0.2143
-------------------------------------
[Epoch : 11/40]
Src_cls_loss	: 0.1989
-------------------------------------
[Epoch : 12/40]
Src_cls_loss	: 0.1861
-------------------------------------
[Epoch : 13/40]
Src_cls_loss	: 0.1752
-------------------------------------
[Epoch : 14/40]
Src_cls_loss	: 0.1669
-------------------------------------
[Epoch : 15/40]
Src_cls_loss	: 0.1575
-------------------------------------
[Epoch : 16/40]
Src_cls_loss	: 0.1497
-------------------------------------
[Epoch : 17/40]
Src_cls_loss	: 0.1423
-------------------------------------
[Epoch : 18/40]
Src_cls_loss	: 0.1356
-------------------------------------
[Epoch : 19/40]
Src_cls_loss	: 0.1303
-------------------------------------
[Epoch : 20/40]
Src_cls_loss	: 0.1246
-------------------------------------
[Epoch : 21/40]
Src_cls_loss	: 0.1194
-------------------------------------
[Epoch : 22/40]
Src_cls_loss	: 0.1153
-------------------------------------
[Epoch : 23/40]
Src_cls_loss	: 0.1131
-------------------------------------
[Epoch : 24/40]
Src_cls_loss	: 0.1092
-------------------------------------
[Epoch : 25/40]
Src_cls_loss	: 0.1055
-------------------------------------
[Epoch : 26/40]
Src_cls_loss	: 0.1025
-------------------------------------
[Epoch : 27/40]
Src_cls_loss	: 0.0999
-------------------------------------
[Epoch : 28/40]
Src_cls_loss	: 0.0971
-------------------------------------
[Epoch : 29/40]
Src_cls_loss	: 0.0942
-------------------------------------
[Epoch : 30/40]
Src_cls_loss	: 0.0915
-------------------------------------
[Epoch : 31/40]
Src_cls_loss	: 0.0889
-------------------------------------
[Epoch : 32/40]
Src_cls_loss	: 0.0864
-------------------------------------
[Epoch : 33/40]
Src_cls_loss	: 0.0840
-------------------------------------
[Epoch : 34/40]
Src_cls_loss	: 0.0818
-------------------------------------
[Epoch : 35/40]
Src_cls_loss	: 0.0796
-------------------------------------
[Epoch : 36/40]
Src_cls_loss	: 0.0776
-------------------------------------
[Epoch : 37/40]
Src_cls_loss	: 0.0759
-------------------------------------
[Epoch : 38/40]
Src_cls_loss	: 0.0741
-------------------------------------
[Epoch : 39/40]
Src_cls_loss	: 0.0725
-------------------------------------
[Epoch : 40/40]
Src_cls_loss	: 0.0708
-------------------------------------
