=============================================
Dataset: realworld_mobiact
Method:  NO_ADAPT
=============================================
Source: syn_47 ---> Target: real_47
Run ID: 0
=============================================
[Epoch : 1/100]
Src_cls_loss	: 1.3863
-------------------------------------
[Epoch : 2/100]
Src_cls_loss	: 1.2733
-------------------------------------
[Epoch : 3/100]
Src_cls_loss	: 1.1857
-------------------------------------
[Epoch : 4/100]
Src_cls_loss	: 1.1111
-------------------------------------
[Epoch : 5/100]
Src_cls_loss	: 1.0568
-------------------------------------
[Epoch : 6/100]
Src_cls_loss	: 1.0121
-------------------------------------
[Epoch : 7/100]
Src_cls_loss	: 0.9764
-------------------------------------
[Epoch : 8/100]
Src_cls_loss	: 0.9417
-------------------------------------
[Epoch : 9/100]
Src_cls_loss	: 0.9134
-------------------------------------
[Epoch : 10/100]
Src_cls_loss	: 0.8857
-------------------------------------
[Epoch : 11/100]
Src_cls_loss	: 0.8638
-------------------------------------
[Epoch : 12/100]
Src_cls_loss	: 0.8412
-------------------------------------
[Epoch : 13/100]
Src_cls_loss	: 0.8219
-------------------------------------
[Epoch : 14/100]
Src_cls_loss	: 0.8012
-------------------------------------
[Epoch : 15/100]
Src_cls_loss	: 0.7818
-------------------------------------
[Epoch : 16/100]
Src_cls_loss	: 0.7637
-------------------------------------
[Epoch : 17/100]
Src_cls_loss	: 0.7467
-------------------------------------
[Epoch : 18/100]
Src_cls_loss	: 0.7297
-------------------------------------
[Epoch : 19/100]
Src_cls_loss	: 0.7127
-------------------------------------
[Epoch : 20/100]
Src_cls_loss	: 0.6961
-------------------------------------
[Epoch : 21/100]
Src_cls_loss	: 0.6803
-------------------------------------
[Epoch : 22/100]
Src_cls_loss	: 0.6639
-------------------------------------
[Epoch : 23/100]
Src_cls_loss	: 0.6484
-------------------------------------
[Epoch : 24/100]
Src_cls_loss	: 0.6329
-------------------------------------
[Epoch : 25/100]
Src_cls_loss	: 0.6177
-------------------------------------
[Epoch : 26/100]
Src_cls_loss	: 0.6034
-------------------------------------
[Epoch : 27/100]
Src_cls_loss	: 0.5892
-------------------------------------
[Epoch : 28/100]
Src_cls_loss	: 0.5746
-------------------------------------
[Epoch : 29/100]
Src_cls_loss	: 0.5606
-------------------------------------
[Epoch : 30/100]
Src_cls_loss	: 0.5473
-------------------------------------
[Epoch : 31/100]
Src_cls_loss	: 0.5346
-------------------------------------
[Epoch : 32/100]
Src_cls_loss	: 0.5224
-------------------------------------
[Epoch : 33/100]
Src_cls_loss	: 0.5103
-------------------------------------
[Epoch : 34/100]
Src_cls_loss	: 0.4985
-------------------------------------
[Epoch : 35/100]
Src_cls_loss	: 0.4872
-------------------------------------
[Epoch : 36/100]
Src_cls_loss	: 0.4762
-------------------------------------
[Epoch : 37/100]
Src_cls_loss	: 0.4658
-------------------------------------
[Epoch : 38/100]
Src_cls_loss	: 0.4555
-------------------------------------
[Epoch : 39/100]
Src_cls_loss	: 0.4456
-------------------------------------
[Epoch : 40/100]
Src_cls_loss	: 0.4362
-------------------------------------
[Epoch : 41/100]
Src_cls_loss	: 0.4270
-------------------------------------
[Epoch : 42/100]
Src_cls_loss	: 0.4183
-------------------------------------
[Epoch : 43/100]
Src_cls_loss	: 0.4099
-------------------------------------
[Epoch : 44/100]
Src_cls_loss	: 0.4017
-------------------------------------
[Epoch : 45/100]
Src_cls_loss	: 0.3938
-------------------------------------
[Epoch : 46/100]
Src_cls_loss	: 0.3862
-------------------------------------
[Epoch : 47/100]
Src_cls_loss	: 0.3788
-------------------------------------
[Epoch : 48/100]
Src_cls_loss	: 0.3717
-------------------------------------
[Epoch : 49/100]
Src_cls_loss	: 0.3648
-------------------------------------
[Epoch : 50/100]
Src_cls_loss	: 0.3582
-------------------------------------
[Epoch : 51/100]
Src_cls_loss	: 0.3518
-------------------------------------
[Epoch : 52/100]
Src_cls_loss	: 0.3457
-------------------------------------
[Epoch : 53/100]
Src_cls_loss	: 0.3397
-------------------------------------
[Epoch : 54/100]
Src_cls_loss	: 0.3339
-------------------------------------
[Epoch : 55/100]
Src_cls_loss	: 0.3283
-------------------------------------
[Epoch : 56/100]
Src_cls_loss	: 0.3228
-------------------------------------
[Epoch : 57/100]
Src_cls_loss	: 0.3176
-------------------------------------
[Epoch : 58/100]
Src_cls_loss	: 0.3125
-------------------------------------
[Epoch : 59/100]
Src_cls_loss	: 0.3077
-------------------------------------
[Epoch : 60/100]
Src_cls_loss	: 0.3029
-------------------------------------
[Epoch : 61/100]
Src_cls_loss	: 0.2982
-------------------------------------
[Epoch : 62/100]
Src_cls_loss	: 0.2937
-------------------------------------
[Epoch : 63/100]
Src_cls_loss	: 0.2893
-------------------------------------
[Epoch : 64/100]
Src_cls_loss	: 0.2851
-------------------------------------
[Epoch : 65/100]
Src_cls_loss	: 0.2809
-------------------------------------
[Epoch : 66/100]
Src_cls_loss	: 0.2769
-------------------------------------
[Epoch : 67/100]
Src_cls_loss	: 0.2730
-------------------------------------
[Epoch : 68/100]
Src_cls_loss	: 0.2693
-------------------------------------
[Epoch : 69/100]
Src_cls_loss	: 0.2656
-------------------------------------
[Epoch : 70/100]
Src_cls_loss	: 0.2619
-------------------------------------
[Epoch : 71/100]
Src_cls_loss	: 0.2584
-------------------------------------
[Epoch : 72/100]
Src_cls_loss	: 0.2550
-------------------------------------
[Epoch : 73/100]
Src_cls_loss	: 0.2517
-------------------------------------
[Epoch : 74/100]
Src_cls_loss	: 0.2485
-------------------------------------
[Epoch : 75/100]
Src_cls_loss	: 0.2453
-------------------------------------
[Epoch : 76/100]
Src_cls_loss	: 0.2422
-------------------------------------
[Epoch : 77/100]
Src_cls_loss	: 0.2392
-------------------------------------
[Epoch : 78/100]
Src_cls_loss	: 0.2363
-------------------------------------
[Epoch : 79/100]
Src_cls_loss	: 0.2334
-------------------------------------
[Epoch : 80/100]
Src_cls_loss	: 0.2307
-------------------------------------
[Epoch : 81/100]
Src_cls_loss	: 0.2279
-------------------------------------
[Epoch : 82/100]
Src_cls_loss	: 0.2253
-------------------------------------
[Epoch : 83/100]
Src_cls_loss	: 0.2227
-------------------------------------
[Epoch : 84/100]
Src_cls_loss	: 0.2202
-------------------------------------
[Epoch : 85/100]
Src_cls_loss	: 0.2177
-------------------------------------
[Epoch : 86/100]
Src_cls_loss	: 0.2153
-------------------------------------
[Epoch : 87/100]
Src_cls_loss	: 0.2129
-------------------------------------
[Epoch : 88/100]
Src_cls_loss	: 0.2105
-------------------------------------
[Epoch : 89/100]
Src_cls_loss	: 0.2083
-------------------------------------
[Epoch : 90/100]
Src_cls_loss	: 0.2060
-------------------------------------
[Epoch : 91/100]
Src_cls_loss	: 0.2038
-------------------------------------
[Epoch : 92/100]
Src_cls_loss	: 0.2017
-------------------------------------
[Epoch : 93/100]
Src_cls_loss	: 0.1996
-------------------------------------
[Epoch : 94/100]
Src_cls_loss	: 0.1975
-------------------------------------
[Epoch : 95/100]
Src_cls_loss	: 0.1956
-------------------------------------
[Epoch : 96/100]
Src_cls_loss	: 0.1936
-------------------------------------
[Epoch : 97/100]
Src_cls_loss	: 0.1917
-------------------------------------
[Epoch : 98/100]
Src_cls_loss	: 0.1898
-------------------------------------
[Epoch : 99/100]
Src_cls_loss	: 0.1879
-------------------------------------
[Epoch : 100/100]
Src_cls_loss	: 0.1861
-------------------------------------
