=============================================
Dataset: mobiact_pamap
Method:  NO_ADAPT
=============================================
Source: syn_65 ---> Target: dp_65
Run ID: 1
=============================================
[Epoch : 1/40]
Src_cls_loss	: 0.6867
-------------------------------------
[Epoch : 2/40]
Src_cls_loss	: 0.4984
-------------------------------------
[Epoch : 3/40]
Src_cls_loss	: 0.3923
-------------------------------------
[Epoch : 4/40]
Src_cls_loss	: 0.3255
-------------------------------------
[Epoch : 5/40]
Src_cls_loss	: 0.2780
-------------------------------------
[Epoch : 6/40]
Src_cls_loss	: 0.2427
-------------------------------------
[Epoch : 7/40]
Src_cls_loss	: 0.2210
-------------------------------------
[Epoch : 8/40]
Src_cls_loss	: 0.2018
-------------------------------------
[Epoch : 9/40]
Src_cls_loss	: 0.1860
-------------------------------------
[Epoch : 10/40]
Src_cls_loss	: 0.1713
-------------------------------------
[Epoch : 11/40]
Src_cls_loss	: 0.1588
-------------------------------------
[Epoch : 12/40]
Src_cls_loss	: 0.1474
-------------------------------------
[Epoch : 13/40]
Src_cls_loss	: 0.1386
-------------------------------------
[Epoch : 14/40]
Src_cls_loss	: 0.1305
-------------------------------------
[Epoch : 15/40]
Src_cls_loss	: 0.1234
-------------------------------------
[Epoch : 16/40]
Src_cls_loss	: 0.1169
-------------------------------------
[Epoch : 17/40]
Src_cls_loss	: 0.1115
-------------------------------------
[Epoch : 18/40]
Src_cls_loss	: 0.1067
-------------------------------------
[Epoch : 19/40]
Src_cls_loss	: 0.1018
-------------------------------------
[Epoch : 20/40]
Src_cls_loss	: 0.0975
-------------------------------------
[Epoch : 21/40]
Src_cls_loss	: 0.0934
-------------------------------------
[Epoch : 22/40]
Src_cls_loss	: 0.0903
-------------------------------------
[Epoch : 23/40]
Src_cls_loss	: 0.0871
-------------------------------------
[Epoch : 24/40]
Src_cls_loss	: 0.0840
-------------------------------------
[Epoch : 25/40]
Src_cls_loss	: 0.0815
-------------------------------------
[Epoch : 26/40]
Src_cls_loss	: 0.0790
-------------------------------------
[Epoch : 27/40]
Src_cls_loss	: 0.0766
-------------------------------------
[Epoch : 28/40]
Src_cls_loss	: 0.0744
-------------------------------------
[Epoch : 29/40]
Src_cls_loss	: 0.0721
-------------------------------------
[Epoch : 30/40]
Src_cls_loss	: 0.0700
-------------------------------------
[Epoch : 31/40]
Src_cls_loss	: 0.0679
-------------------------------------
[Epoch : 32/40]
Src_cls_loss	: 0.0662
-------------------------------------
[Epoch : 33/40]
Src_cls_loss	: 0.0643
-------------------------------------
[Epoch : 34/40]
Src_cls_loss	: 0.0626
-------------------------------------
[Epoch : 35/40]
Src_cls_loss	: 0.0610
-------------------------------------
[Epoch : 36/40]
Src_cls_loss	: 0.0594
-------------------------------------
[Epoch : 37/40]
Src_cls_loss	: 0.0580
-------------------------------------
[Epoch : 38/40]
Src_cls_loss	: 0.0566
-------------------------------------
[Epoch : 39/40]
Src_cls_loss	: 0.0553
-------------------------------------
[Epoch : 40/40]
Src_cls_loss	: 0.0541
-------------------------------------
