=============================================
Dataset: pamap_mobiact
Method:  NO_ADAPT
=============================================
Source: syn_58 ---> Target: dp_58
Run ID: 5
=============================================
[Epoch : 1/40]
Src_cls_loss	: 0.7730
-------------------------------------
[Epoch : 2/40]
Src_cls_loss	: 0.6369
-------------------------------------
[Epoch : 3/40]
Src_cls_loss	: 0.5394
-------------------------------------
[Epoch : 4/40]
Src_cls_loss	: 0.4674
-------------------------------------
[Epoch : 5/40]
Src_cls_loss	: 0.4107
-------------------------------------
[Epoch : 6/40]
Src_cls_loss	: 0.3656
-------------------------------------
[Epoch : 7/40]
Src_cls_loss	: 0.3300
-------------------------------------
[Epoch : 8/40]
Src_cls_loss	: 0.2998
-------------------------------------
[Epoch : 9/40]
Src_cls_loss	: 0.2761
-------------------------------------
[Epoch : 10/40]
Src_cls_loss	: 0.2562
-------------------------------------
[Epoch : 11/40]
Src_cls_loss	: 0.2382
-------------------------------------
[Epoch : 12/40]
Src_cls_loss	: 0.2234
-------------------------------------
[Epoch : 13/40]
Src_cls_loss	: 0.2105
-------------------------------------
[Epoch : 14/40]
Src_cls_loss	: 0.1980
-------------------------------------
[Epoch : 15/40]
Src_cls_loss	: 0.1873
-------------------------------------
[Epoch : 16/40]
Src_cls_loss	: 0.1774
-------------------------------------
[Epoch : 17/40]
Src_cls_loss	: 0.1680
-------------------------------------
[Epoch : 18/40]
Src_cls_loss	: 0.1597
-------------------------------------
[Epoch : 19/40]
Src_cls_loss	: 0.1523
-------------------------------------
[Epoch : 20/40]
Src_cls_loss	: 0.1468
-------------------------------------
[Epoch : 21/40]
Src_cls_loss	: 0.1408
-------------------------------------
[Epoch : 22/40]
Src_cls_loss	: 0.1357
-------------------------------------
[Epoch : 23/40]
Src_cls_loss	: 0.1310
-------------------------------------
[Epoch : 24/40]
Src_cls_loss	: 0.1269
-------------------------------------
[Epoch : 25/40]
Src_cls_loss	: 0.1225
-------------------------------------
[Epoch : 26/40]
Src_cls_loss	: 0.1183
-------------------------------------
[Epoch : 27/40]
Src_cls_loss	: 0.1145
-------------------------------------
[Epoch : 28/40]
Src_cls_loss	: 0.1112
-------------------------------------
[Epoch : 29/40]
Src_cls_loss	: 0.1078
-------------------------------------
[Epoch : 30/40]
Src_cls_loss	: 0.1047
-------------------------------------
[Epoch : 31/40]
Src_cls_loss	: 0.1016
-------------------------------------
[Epoch : 32/40]
Src_cls_loss	: 0.0987
-------------------------------------
[Epoch : 33/40]
Src_cls_loss	: 0.0961
-------------------------------------
[Epoch : 34/40]
Src_cls_loss	: 0.0937
-------------------------------------
[Epoch : 35/40]
Src_cls_loss	: 0.0913
-------------------------------------
[Epoch : 36/40]
Src_cls_loss	: 0.0892
-------------------------------------
[Epoch : 37/40]
Src_cls_loss	: 0.0870
-------------------------------------
[Epoch : 38/40]
Src_cls_loss	: 0.0852
-------------------------------------
[Epoch : 39/40]
Src_cls_loss	: 0.0837
-------------------------------------
[Epoch : 40/40]
Src_cls_loss	: 0.0822
-------------------------------------
