=============================================
Dataset: realworld_mobiact
Method:  NO_ADAPT
=============================================
Source: syn_74 ---> Target: dp_74
Run ID: 2
=============================================
[Epoch : 1/40]
Src_cls_loss	: 0.7765
-------------------------------------
[Epoch : 2/40]
Src_cls_loss	: 0.6270
-------------------------------------
[Epoch : 3/40]
Src_cls_loss	: 0.5235
-------------------------------------
[Epoch : 4/40]
Src_cls_loss	: 0.4421
-------------------------------------
[Epoch : 5/40]
Src_cls_loss	: 0.3793
-------------------------------------
[Epoch : 6/40]
Src_cls_loss	: 0.3287
-------------------------------------
[Epoch : 7/40]
Src_cls_loss	: 0.2939
-------------------------------------
[Epoch : 8/40]
Src_cls_loss	: 0.2656
-------------------------------------
[Epoch : 9/40]
Src_cls_loss	: 0.2403
-------------------------------------
[Epoch : 10/40]
Src_cls_loss	: 0.2206
-------------------------------------
[Epoch : 11/40]
Src_cls_loss	: 0.2032
-------------------------------------
[Epoch : 12/40]
Src_cls_loss	: 0.1881
-------------------------------------
[Epoch : 13/40]
Src_cls_loss	: 0.1754
-------------------------------------
[Epoch : 14/40]
Src_cls_loss	: 0.1657
-------------------------------------
[Epoch : 15/40]
Src_cls_loss	: 0.1570
-------------------------------------
[Epoch : 16/40]
Src_cls_loss	: 0.1492
-------------------------------------
[Epoch : 17/40]
Src_cls_loss	: 0.1418
-------------------------------------
[Epoch : 18/40]
Src_cls_loss	: 0.1347
-------------------------------------
[Epoch : 19/40]
Src_cls_loss	: 0.1285
-------------------------------------
[Epoch : 20/40]
Src_cls_loss	: 0.1229
-------------------------------------
[Epoch : 21/40]
Src_cls_loss	: 0.1175
-------------------------------------
[Epoch : 22/40]
Src_cls_loss	: 0.1124
-------------------------------------
[Epoch : 23/40]
Src_cls_loss	: 0.1078
-------------------------------------
[Epoch : 24/40]
Src_cls_loss	: 0.1037
-------------------------------------
[Epoch : 25/40]
Src_cls_loss	: 0.1002
-------------------------------------
[Epoch : 26/40]
Src_cls_loss	: 0.0974
-------------------------------------
[Epoch : 27/40]
Src_cls_loss	: 0.0942
-------------------------------------
[Epoch : 28/40]
Src_cls_loss	: 0.0912
-------------------------------------
[Epoch : 29/40]
Src_cls_loss	: 0.0883
-------------------------------------
[Epoch : 30/40]
Src_cls_loss	: 0.0858
-------------------------------------
[Epoch : 31/40]
Src_cls_loss	: 0.0837
-------------------------------------
[Epoch : 32/40]
Src_cls_loss	: 0.0812
-------------------------------------
[Epoch : 33/40]
Src_cls_loss	: 0.0789
-------------------------------------
[Epoch : 34/40]
Src_cls_loss	: 0.0768
-------------------------------------
[Epoch : 35/40]
Src_cls_loss	: 0.0747
-------------------------------------
[Epoch : 36/40]
Src_cls_loss	: 0.0728
-------------------------------------
[Epoch : 37/40]
Src_cls_loss	: 0.0710
-------------------------------------
[Epoch : 38/40]
Src_cls_loss	: 0.0693
-------------------------------------
[Epoch : 39/40]
Src_cls_loss	: 0.0677
-------------------------------------
[Epoch : 40/40]
Src_cls_loss	: 0.0661
-------------------------------------
