=============================================
Dataset: realworld_mobiact
Method:  NO_ADAPT
=============================================
Source: syn_65 ---> Target: dp_65
Run ID: 2
=============================================
[Epoch : 1/40]
Src_cls_loss	: 0.8414
-------------------------------------
[Epoch : 2/40]
Src_cls_loss	: 0.7306
-------------------------------------
[Epoch : 3/40]
Src_cls_loss	: 0.6310
-------------------------------------
[Epoch : 4/40]
Src_cls_loss	: 0.5451
-------------------------------------
[Epoch : 5/40]
Src_cls_loss	: 0.4743
-------------------------------------
[Epoch : 6/40]
Src_cls_loss	: 0.4177
-------------------------------------
[Epoch : 7/40]
Src_cls_loss	: 0.3718
-------------------------------------
[Epoch : 8/40]
Src_cls_loss	: 0.3360
-------------------------------------
[Epoch : 9/40]
Src_cls_loss	: 0.3064
-------------------------------------
[Epoch : 10/40]
Src_cls_loss	: 0.2824
-------------------------------------
[Epoch : 11/40]
Src_cls_loss	: 0.2615
-------------------------------------
[Epoch : 12/40]
Src_cls_loss	: 0.2441
-------------------------------------
[Epoch : 13/40]
Src_cls_loss	: 0.2293
-------------------------------------
[Epoch : 14/40]
Src_cls_loss	: 0.2162
-------------------------------------
[Epoch : 15/40]
Src_cls_loss	: 0.2049
-------------------------------------
[Epoch : 16/40]
Src_cls_loss	: 0.1944
-------------------------------------
[Epoch : 17/40]
Src_cls_loss	: 0.1848
-------------------------------------
[Epoch : 18/40]
Src_cls_loss	: 0.1767
-------------------------------------
[Epoch : 19/40]
Src_cls_loss	: 0.1689
-------------------------------------
[Epoch : 20/40]
Src_cls_loss	: 0.1619
-------------------------------------
[Epoch : 21/40]
Src_cls_loss	: 0.1554
-------------------------------------
[Epoch : 22/40]
Src_cls_loss	: 0.1494
-------------------------------------
[Epoch : 23/40]
Src_cls_loss	: 0.1439
-------------------------------------
[Epoch : 24/40]
Src_cls_loss	: 0.1393
-------------------------------------
[Epoch : 25/40]
Src_cls_loss	: 0.1350
-------------------------------------
[Epoch : 26/40]
Src_cls_loss	: 0.1322
-------------------------------------
[Epoch : 27/40]
Src_cls_loss	: 0.1290
-------------------------------------
[Epoch : 28/40]
Src_cls_loss	: 0.1255
-------------------------------------
[Epoch : 29/40]
Src_cls_loss	: 0.1223
-------------------------------------
[Epoch : 30/40]
Src_cls_loss	: 0.1190
-------------------------------------
[Epoch : 31/40]
Src_cls_loss	: 0.1158
-------------------------------------
[Epoch : 32/40]
Src_cls_loss	: 0.1128
-------------------------------------
[Epoch : 33/40]
Src_cls_loss	: 0.1099
-------------------------------------
[Epoch : 34/40]
Src_cls_loss	: 0.1072
-------------------------------------
[Epoch : 35/40]
Src_cls_loss	: 0.1046
-------------------------------------
[Epoch : 36/40]
Src_cls_loss	: 0.1024
-------------------------------------
[Epoch : 37/40]
Src_cls_loss	: 0.1000
-------------------------------------
[Epoch : 38/40]
Src_cls_loss	: 0.0978
-------------------------------------
[Epoch : 39/40]
Src_cls_loss	: 0.0957
-------------------------------------
[Epoch : 40/40]
Src_cls_loss	: 0.0936
-------------------------------------
