=============================================
Dataset: realworld_mobiact
Method:  NO_ADAPT
=============================================
Source: syn_61 ---> Target: dp_61
Run ID: 9
=============================================
[Epoch : 1/40]
Src_cls_loss	: 0.8500
-------------------------------------
[Epoch : 2/40]
Src_cls_loss	: 0.6939
-------------------------------------
[Epoch : 3/40]
Src_cls_loss	: 0.5679
-------------------------------------
[Epoch : 4/40]
Src_cls_loss	: 0.4844
-------------------------------------
[Epoch : 5/40]
Src_cls_loss	: 0.4160
-------------------------------------
[Epoch : 6/40]
Src_cls_loss	: 0.3641
-------------------------------------
[Epoch : 7/40]
Src_cls_loss	: 0.3246
-------------------------------------
[Epoch : 8/40]
Src_cls_loss	: 0.2913
-------------------------------------
[Epoch : 9/40]
Src_cls_loss	: 0.2645
-------------------------------------
[Epoch : 10/40]
Src_cls_loss	: 0.2425
-------------------------------------
[Epoch : 11/40]
Src_cls_loss	: 0.2238
-------------------------------------
[Epoch : 12/40]
Src_cls_loss	: 0.2087
-------------------------------------
[Epoch : 13/40]
Src_cls_loss	: 0.1959
-------------------------------------
[Epoch : 14/40]
Src_cls_loss	: 0.1842
-------------------------------------
[Epoch : 15/40]
Src_cls_loss	: 0.1737
-------------------------------------
[Epoch : 16/40]
Src_cls_loss	: 0.1644
-------------------------------------
[Epoch : 17/40]
Src_cls_loss	: 0.1564
-------------------------------------
[Epoch : 18/40]
Src_cls_loss	: 0.1492
-------------------------------------
[Epoch : 19/40]
Src_cls_loss	: 0.1420
-------------------------------------
[Epoch : 20/40]
Src_cls_loss	: 0.1358
-------------------------------------
[Epoch : 21/40]
Src_cls_loss	: 0.1308
-------------------------------------
[Epoch : 22/40]
Src_cls_loss	: 0.1263
-------------------------------------
[Epoch : 23/40]
Src_cls_loss	: 0.1219
-------------------------------------
[Epoch : 24/40]
Src_cls_loss	: 0.1177
-------------------------------------
[Epoch : 25/40]
Src_cls_loss	: 0.1135
-------------------------------------
[Epoch : 26/40]
Src_cls_loss	: 0.1096
-------------------------------------
[Epoch : 27/40]
Src_cls_loss	: 0.1062
-------------------------------------
[Epoch : 28/40]
Src_cls_loss	: 0.1029
-------------------------------------
[Epoch : 29/40]
Src_cls_loss	: 0.0997
-------------------------------------
[Epoch : 30/40]
Src_cls_loss	: 0.0967
-------------------------------------
[Epoch : 31/40]
Src_cls_loss	: 0.0939
-------------------------------------
[Epoch : 32/40]
Src_cls_loss	: 0.0914
-------------------------------------
[Epoch : 33/40]
Src_cls_loss	: 0.0894
-------------------------------------
[Epoch : 34/40]
Src_cls_loss	: 0.0871
-------------------------------------
[Epoch : 35/40]
Src_cls_loss	: 0.0848
-------------------------------------
[Epoch : 36/40]
Src_cls_loss	: 0.0826
-------------------------------------
[Epoch : 37/40]
Src_cls_loss	: 0.0806
-------------------------------------
[Epoch : 38/40]
Src_cls_loss	: 0.0787
-------------------------------------
[Epoch : 39/40]
Src_cls_loss	: 0.0769
-------------------------------------
[Epoch : 40/40]
Src_cls_loss	: 0.0752
-------------------------------------
