=============================================
Dataset: pamap_mobiact
Method:  NO_ADAPT
=============================================
Source: syn_59 ---> Target: dp_59
Run ID: 6
=============================================
[Epoch : 1/40]
Src_cls_loss	: 0.5978
-------------------------------------
[Epoch : 2/40]
Src_cls_loss	: 0.4242
-------------------------------------
[Epoch : 3/40]
Src_cls_loss	: 0.3406
-------------------------------------
[Epoch : 4/40]
Src_cls_loss	: 0.2864
-------------------------------------
[Epoch : 5/40]
Src_cls_loss	: 0.2471
-------------------------------------
[Epoch : 6/40]
Src_cls_loss	: 0.2157
-------------------------------------
[Epoch : 7/40]
Src_cls_loss	: 0.1938
-------------------------------------
[Epoch : 8/40]
Src_cls_loss	: 0.1756
-------------------------------------
[Epoch : 9/40]
Src_cls_loss	: 0.1611
-------------------------------------
[Epoch : 10/40]
Src_cls_loss	: 0.1483
-------------------------------------
[Epoch : 11/40]
Src_cls_loss	: 0.1394
-------------------------------------
[Epoch : 12/40]
Src_cls_loss	: 0.1308
-------------------------------------
[Epoch : 13/40]
Src_cls_loss	: 0.1234
-------------------------------------
[Epoch : 14/40]
Src_cls_loss	: 0.1164
-------------------------------------
[Epoch : 15/40]
Src_cls_loss	: 0.1109
-------------------------------------
[Epoch : 16/40]
Src_cls_loss	: 0.1055
-------------------------------------
[Epoch : 17/40]
Src_cls_loss	: 0.1006
-------------------------------------
[Epoch : 18/40]
Src_cls_loss	: 0.0960
-------------------------------------
[Epoch : 19/40]
Src_cls_loss	: 0.0922
-------------------------------------
[Epoch : 20/40]
Src_cls_loss	: 0.0886
-------------------------------------
[Epoch : 21/40]
Src_cls_loss	: 0.0854
-------------------------------------
[Epoch : 22/40]
Src_cls_loss	: 0.0823
-------------------------------------
[Epoch : 23/40]
Src_cls_loss	: 0.0792
-------------------------------------
[Epoch : 24/40]
Src_cls_loss	: 0.0769
-------------------------------------
[Epoch : 25/40]
Src_cls_loss	: 0.0748
-------------------------------------
[Epoch : 26/40]
Src_cls_loss	: 0.0726
-------------------------------------
[Epoch : 27/40]
Src_cls_loss	: 0.0704
-------------------------------------
[Epoch : 28/40]
Src_cls_loss	: 0.0685
-------------------------------------
[Epoch : 29/40]
Src_cls_loss	: 0.0666
-------------------------------------
[Epoch : 30/40]
Src_cls_loss	: 0.0647
-------------------------------------
[Epoch : 31/40]
Src_cls_loss	: 0.0629
-------------------------------------
[Epoch : 32/40]
Src_cls_loss	: 0.0612
-------------------------------------
[Epoch : 33/40]
Src_cls_loss	: 0.0595
-------------------------------------
[Epoch : 34/40]
Src_cls_loss	: 0.0581
-------------------------------------
[Epoch : 35/40]
Src_cls_loss	: 0.0569
-------------------------------------
[Epoch : 36/40]
Src_cls_loss	: 0.0560
-------------------------------------
[Epoch : 37/40]
Src_cls_loss	: 0.0548
-------------------------------------
[Epoch : 38/40]
Src_cls_loss	: 0.0536
-------------------------------------
[Epoch : 39/40]
Src_cls_loss	: 0.0523
-------------------------------------
[Epoch : 40/40]
Src_cls_loss	: 0.0511
-------------------------------------
