=============================================
Dataset: mobiact_pamap
Method:  SYN
=============================================
Source: syn_wal_62 ---> Target: dp_wal_62
Run ID: 3
=============================================
[Epoch : 1/40]
Src_cls_loss	: 0.7773
-------------------------------------
[Epoch : 2/40]
Src_cls_loss	: 0.5749
-------------------------------------
[Epoch : 3/40]
Src_cls_loss	: 0.4580
-------------------------------------
[Epoch : 4/40]
Src_cls_loss	: 0.3761
-------------------------------------
[Epoch : 5/40]
Src_cls_loss	: 0.3177
-------------------------------------
[Epoch : 6/40]
Src_cls_loss	: 0.2753
-------------------------------------
[Epoch : 7/40]
Src_cls_loss	: 0.2421
-------------------------------------
[Epoch : 8/40]
Src_cls_loss	: 0.2154
-------------------------------------
[Epoch : 9/40]
Src_cls_loss	: 0.1949
-------------------------------------
[Epoch : 10/40]
Src_cls_loss	: 0.1798
-------------------------------------
[Epoch : 11/40]
Src_cls_loss	: 0.1658
-------------------------------------
[Epoch : 12/40]
Src_cls_loss	: 0.1536
-------------------------------------
[Epoch : 13/40]
Src_cls_loss	: 0.1434
-------------------------------------
[Epoch : 14/40]
Src_cls_loss	: 0.1344
-------------------------------------
[Epoch : 15/40]
Src_cls_loss	: 0.1264
-------------------------------------
[Epoch : 16/40]
Src_cls_loss	: 0.1191
-------------------------------------
[Epoch : 17/40]
Src_cls_loss	: 0.1126
-------------------------------------
[Epoch : 18/40]
Src_cls_loss	: 0.1068
-------------------------------------
[Epoch : 19/40]
Src_cls_loss	: 0.1016
-------------------------------------
[Epoch : 20/40]
Src_cls_loss	: 0.0970
-------------------------------------
[Epoch : 21/40]
Src_cls_loss	: 0.0928
-------------------------------------
[Epoch : 22/40]
Src_cls_loss	: 0.0890
-------------------------------------
[Epoch : 23/40]
Src_cls_loss	: 0.0854
-------------------------------------
[Epoch : 24/40]
Src_cls_loss	: 0.0820
-------------------------------------
[Epoch : 25/40]
Src_cls_loss	: 0.0789
-------------------------------------
[Epoch : 26/40]
Src_cls_loss	: 0.0761
-------------------------------------
[Epoch : 27/40]
Src_cls_loss	: 0.0735
-------------------------------------
[Epoch : 28/40]
Src_cls_loss	: 0.0713
-------------------------------------
[Epoch : 29/40]
Src_cls_loss	: 0.0691
-------------------------------------
[Epoch : 30/40]
Src_cls_loss	: 0.0670
-------------------------------------
[Epoch : 31/40]
Src_cls_loss	: 0.0649
-------------------------------------
[Epoch : 32/40]
Src_cls_loss	: 0.0630
-------------------------------------
[Epoch : 33/40]
Src_cls_loss	: 0.0611
-------------------------------------
[Epoch : 34/40]
Src_cls_loss	: 0.0594
-------------------------------------
[Epoch : 35/40]
Src_cls_loss	: 0.0579
-------------------------------------
[Epoch : 36/40]
Src_cls_loss	: 0.0564
-------------------------------------
[Epoch : 37/40]
Src_cls_loss	: 0.0549
-------------------------------------
[Epoch : 38/40]
Src_cls_loss	: 0.0535
-------------------------------------
[Epoch : 39/40]
Src_cls_loss	: 0.0522
-------------------------------------
[Epoch : 40/40]
Src_cls_loss	: 0.0509
-------------------------------------
