=============================================
Dataset: mobiact_realworld
Method:  SYN
=============================================
Source: syn_wal_74 ---> Target: dp_wal_74
Run ID: 3
=============================================
[Epoch : 1/40]
Src_cls_loss	: 0.6251
-------------------------------------
[Epoch : 2/40]
Src_cls_loss	: 0.4506
-------------------------------------
[Epoch : 3/40]
Src_cls_loss	: 0.3510
-------------------------------------
[Epoch : 4/40]
Src_cls_loss	: 0.2868
-------------------------------------
[Epoch : 5/40]
Src_cls_loss	: 0.2424
-------------------------------------
[Epoch : 6/40]
Src_cls_loss	: 0.2111
-------------------------------------
[Epoch : 7/40]
Src_cls_loss	: 0.1873
-------------------------------------
[Epoch : 8/40]
Src_cls_loss	: 0.1665
-------------------------------------
[Epoch : 9/40]
Src_cls_loss	: 0.1503
-------------------------------------
[Epoch : 10/40]
Src_cls_loss	: 0.1383
-------------------------------------
[Epoch : 11/40]
Src_cls_loss	: 0.1271
-------------------------------------
[Epoch : 12/40]
Src_cls_loss	: 0.1173
-------------------------------------
[Epoch : 13/40]
Src_cls_loss	: 0.1095
-------------------------------------
[Epoch : 14/40]
Src_cls_loss	: 0.1027
-------------------------------------
[Epoch : 15/40]
Src_cls_loss	: 0.0964
-------------------------------------
[Epoch : 16/40]
Src_cls_loss	: 0.0910
-------------------------------------
[Epoch : 17/40]
Src_cls_loss	: 0.0861
-------------------------------------
[Epoch : 18/40]
Src_cls_loss	: 0.0817
-------------------------------------
[Epoch : 19/40]
Src_cls_loss	: 0.0777
-------------------------------------
[Epoch : 20/40]
Src_cls_loss	: 0.0742
-------------------------------------
[Epoch : 21/40]
Src_cls_loss	: 0.0711
-------------------------------------
[Epoch : 22/40]
Src_cls_loss	: 0.0683
-------------------------------------
[Epoch : 23/40]
Src_cls_loss	: 0.0658
-------------------------------------
[Epoch : 24/40]
Src_cls_loss	: 0.0635
-------------------------------------
[Epoch : 25/40]
Src_cls_loss	: 0.0611
-------------------------------------
[Epoch : 26/40]
Src_cls_loss	: 0.0589
-------------------------------------
[Epoch : 27/40]
Src_cls_loss	: 0.0569
-------------------------------------
[Epoch : 28/40]
Src_cls_loss	: 0.0550
-------------------------------------
[Epoch : 29/40]
Src_cls_loss	: 0.0535
-------------------------------------
[Epoch : 30/40]
Src_cls_loss	: 0.0522
-------------------------------------
[Epoch : 31/40]
Src_cls_loss	: 0.0508
-------------------------------------
[Epoch : 32/40]
Src_cls_loss	: 0.0496
-------------------------------------
[Epoch : 33/40]
Src_cls_loss	: 0.0482
-------------------------------------
[Epoch : 34/40]
Src_cls_loss	: 0.0469
-------------------------------------
[Epoch : 35/40]
Src_cls_loss	: 0.0456
-------------------------------------
[Epoch : 36/40]
Src_cls_loss	: 0.0444
-------------------------------------
[Epoch : 37/40]
Src_cls_loss	: 0.0433
-------------------------------------
[Epoch : 38/40]
Src_cls_loss	: 0.0422
-------------------------------------
[Epoch : 39/40]
Src_cls_loss	: 0.0412
-------------------------------------
[Epoch : 40/40]
Src_cls_loss	: 0.0402
-------------------------------------
