=============================================
Dataset: pamap_mobiact
Method:  NO_ADAPT
=============================================
Source: syn_47 ---> Target: dp_47
Run ID: 3
=============================================
[Epoch : 1/40]
Src_cls_loss	: 0.6529
-------------------------------------
[Epoch : 2/40]
Src_cls_loss	: 0.5337
-------------------------------------
[Epoch : 3/40]
Src_cls_loss	: 0.4613
-------------------------------------
[Epoch : 4/40]
Src_cls_loss	: 0.4000
-------------------------------------
[Epoch : 5/40]
Src_cls_loss	: 0.3526
-------------------------------------
[Epoch : 6/40]
Src_cls_loss	: 0.3172
-------------------------------------
[Epoch : 7/40]
Src_cls_loss	: 0.2923
-------------------------------------
[Epoch : 8/40]
Src_cls_loss	: 0.2672
-------------------------------------
[Epoch : 9/40]
Src_cls_loss	: 0.2456
-------------------------------------
[Epoch : 10/40]
Src_cls_loss	: 0.2280
-------------------------------------
[Epoch : 11/40]
Src_cls_loss	: 0.2129
-------------------------------------
[Epoch : 12/40]
Src_cls_loss	: 0.1992
-------------------------------------
[Epoch : 13/40]
Src_cls_loss	: 0.1876
-------------------------------------
[Epoch : 14/40]
Src_cls_loss	: 0.1774
-------------------------------------
[Epoch : 15/40]
Src_cls_loss	: 0.1686
-------------------------------------
[Epoch : 16/40]
Src_cls_loss	: 0.1608
-------------------------------------
[Epoch : 17/40]
Src_cls_loss	: 0.1538
-------------------------------------
[Epoch : 18/40]
Src_cls_loss	: 0.1472
-------------------------------------
[Epoch : 19/40]
Src_cls_loss	: 0.1405
-------------------------------------
[Epoch : 20/40]
Src_cls_loss	: 0.1348
-------------------------------------
[Epoch : 21/40]
Src_cls_loss	: 0.1296
-------------------------------------
[Epoch : 22/40]
Src_cls_loss	: 0.1246
-------------------------------------
[Epoch : 23/40]
Src_cls_loss	: 0.1199
-------------------------------------
[Epoch : 24/40]
Src_cls_loss	: 0.1159
-------------------------------------
[Epoch : 25/40]
Src_cls_loss	: 0.1121
-------------------------------------
[Epoch : 26/40]
Src_cls_loss	: 0.1086
-------------------------------------
[Epoch : 27/40]
Src_cls_loss	: 0.1059
-------------------------------------
[Epoch : 28/40]
Src_cls_loss	: 0.1032
-------------------------------------
[Epoch : 29/40]
Src_cls_loss	: 0.1006
-------------------------------------
[Epoch : 30/40]
Src_cls_loss	: 0.0979
-------------------------------------
[Epoch : 31/40]
Src_cls_loss	: 0.0953
-------------------------------------
[Epoch : 32/40]
Src_cls_loss	: 0.0929
-------------------------------------
[Epoch : 33/40]
Src_cls_loss	: 0.0906
-------------------------------------
[Epoch : 34/40]
Src_cls_loss	: 0.0885
-------------------------------------
[Epoch : 35/40]
Src_cls_loss	: 0.0866
-------------------------------------
[Epoch : 36/40]
Src_cls_loss	: 0.0847
-------------------------------------
[Epoch : 37/40]
Src_cls_loss	: 0.0830
-------------------------------------
[Epoch : 38/40]
Src_cls_loss	: 0.0813
-------------------------------------
[Epoch : 39/40]
Src_cls_loss	: 0.0794
-------------------------------------
[Epoch : 40/40]
Src_cls_loss	: 0.0776
-------------------------------------
