=============================================
Dataset: mobiact_realworld
Method:  NO_ADAPT
=============================================
Source: syn_65 ---> Target: dp_65
Run ID: 0
=============================================
[Epoch : 1/40]
Src_cls_loss	: 0.5999
-------------------------------------
[Epoch : 2/40]
Src_cls_loss	: 0.4245
-------------------------------------
[Epoch : 3/40]
Src_cls_loss	: 0.3378
-------------------------------------
[Epoch : 4/40]
Src_cls_loss	: 0.2900
-------------------------------------
[Epoch : 5/40]
Src_cls_loss	: 0.2551
-------------------------------------
[Epoch : 6/40]
Src_cls_loss	: 0.2284
-------------------------------------
[Epoch : 7/40]
Src_cls_loss	: 0.2069
-------------------------------------
[Epoch : 8/40]
Src_cls_loss	: 0.1906
-------------------------------------
[Epoch : 9/40]
Src_cls_loss	: 0.1778
-------------------------------------
[Epoch : 10/40]
Src_cls_loss	: 0.1672
-------------------------------------
[Epoch : 11/40]
Src_cls_loss	: 0.1574
-------------------------------------
[Epoch : 12/40]
Src_cls_loss	: 0.1479
-------------------------------------
[Epoch : 13/40]
Src_cls_loss	: 0.1402
-------------------------------------
[Epoch : 14/40]
Src_cls_loss	: 0.1334
-------------------------------------
[Epoch : 15/40]
Src_cls_loss	: 0.1276
-------------------------------------
[Epoch : 16/40]
Src_cls_loss	: 0.1220
-------------------------------------
[Epoch : 17/40]
Src_cls_loss	: 0.1177
-------------------------------------
[Epoch : 18/40]
Src_cls_loss	: 0.1134
-------------------------------------
[Epoch : 19/40]
Src_cls_loss	: 0.1095
-------------------------------------
[Epoch : 20/40]
Src_cls_loss	: 0.1061
-------------------------------------
[Epoch : 21/40]
Src_cls_loss	: 0.1024
-------------------------------------
[Epoch : 22/40]
Src_cls_loss	: 0.0990
-------------------------------------
[Epoch : 23/40]
Src_cls_loss	: 0.0962
-------------------------------------
[Epoch : 24/40]
Src_cls_loss	: 0.0934
-------------------------------------
[Epoch : 25/40]
Src_cls_loss	: 0.0909
-------------------------------------
[Epoch : 26/40]
Src_cls_loss	: 0.0884
-------------------------------------
[Epoch : 27/40]
Src_cls_loss	: 0.0862
-------------------------------------
[Epoch : 28/40]
Src_cls_loss	: 0.0841
-------------------------------------
[Epoch : 29/40]
Src_cls_loss	: 0.0819
-------------------------------------
[Epoch : 30/40]
Src_cls_loss	: 0.0803
-------------------------------------
[Epoch : 31/40]
Src_cls_loss	: 0.0790
-------------------------------------
[Epoch : 32/40]
Src_cls_loss	: 0.0774
-------------------------------------
[Epoch : 33/40]
Src_cls_loss	: 0.0755
-------------------------------------
[Epoch : 34/40]
Src_cls_loss	: 0.0738
-------------------------------------
[Epoch : 35/40]
Src_cls_loss	: 0.0724
-------------------------------------
[Epoch : 36/40]
Src_cls_loss	: 0.0711
-------------------------------------
[Epoch : 37/40]
Src_cls_loss	: 0.0698
-------------------------------------
[Epoch : 38/40]
Src_cls_loss	: 0.0685
-------------------------------------
[Epoch : 39/40]
Src_cls_loss	: 0.0673
-------------------------------------
[Epoch : 40/40]
Src_cls_loss	: 0.0662
-------------------------------------
