=============================================
Dataset: pamap_mobiact
Method:  Deep_Coral
=============================================
Source: df ---> Target: dp_wal_52
Run ID: 0
=============================================
[Epoch : 1/40]
Total_loss	: 4.4262
Src_cls_loss	: 0.6635
coral_loss	: 0.0009
-------------------------------------
[Epoch : 2/40]
Total_loss	: 3.8574
Src_cls_loss	: 0.5781
coral_loss	: 0.0009
-------------------------------------
[Epoch : 3/40]
Total_loss	: 3.4259
Src_cls_loss	: 0.5133
coral_loss	: 0.0009
-------------------------------------
[Epoch : 4/40]
Total_loss	: 3.1762
Src_cls_loss	: 0.4758
coral_loss	: 0.0009
-------------------------------------
[Epoch : 5/40]
Total_loss	: 2.9067
Src_cls_loss	: 0.4353
coral_loss	: 0.0009
-------------------------------------
[Epoch : 6/40]
Total_loss	: 2.7410
Src_cls_loss	: 0.4105
coral_loss	: 0.0009
-------------------------------------
[Epoch : 7/40]
Total_loss	: 2.5859
Src_cls_loss	: 0.3872
coral_loss	: 0.0009
-------------------------------------
[Epoch : 8/40]
Total_loss	: 2.4259
Src_cls_loss	: 0.3632
coral_loss	: 0.0009
-------------------------------------
[Epoch : 9/40]
Total_loss	: 2.3001
Src_cls_loss	: 0.3443
coral_loss	: 0.0009
-------------------------------------
[Epoch : 10/40]
Total_loss	: 2.2001
Src_cls_loss	: 0.3293
coral_loss	: 0.0009
-------------------------------------
[Epoch : 11/40]
Total_loss	: 2.1122
Src_cls_loss	: 0.3162
coral_loss	: 0.0009
-------------------------------------
[Epoch : 12/40]
Total_loss	: 2.0272
Src_cls_loss	: 0.3034
coral_loss	: 0.0009
-------------------------------------
[Epoch : 13/40]
Total_loss	: 1.9519
Src_cls_loss	: 0.2921
coral_loss	: 0.0009
-------------------------------------
[Epoch : 14/40]
Total_loss	: 1.8784
Src_cls_loss	: 0.2811
coral_loss	: 0.0009
-------------------------------------
[Epoch : 15/40]
Total_loss	: 1.8186
Src_cls_loss	: 0.2721
coral_loss	: 0.0009
-------------------------------------
[Epoch : 16/40]
Total_loss	: 1.7604
Src_cls_loss	: 0.2634
coral_loss	: 0.0009
-------------------------------------
[Epoch : 17/40]
Total_loss	: 1.7106
Src_cls_loss	: 0.2559
coral_loss	: 0.0009
-------------------------------------
[Epoch : 18/40]
Total_loss	: 1.6663
Src_cls_loss	: 0.2493
coral_loss	: 0.0009
-------------------------------------
[Epoch : 19/40]
Total_loss	: 1.6209
Src_cls_loss	: 0.2424
coral_loss	: 0.0008
-------------------------------------
[Epoch : 20/40]
Total_loss	: 1.5784
Src_cls_loss	: 0.2361
coral_loss	: 0.0008
-------------------------------------
[Epoch : 21/40]
Total_loss	: 1.5379
Src_cls_loss	: 0.2300
coral_loss	: 0.0008
-------------------------------------
[Epoch : 22/40]
Total_loss	: 1.5006
Src_cls_loss	: 0.2244
coral_loss	: 0.0008
-------------------------------------
[Epoch : 23/40]
Total_loss	: 1.4655
Src_cls_loss	: 0.2191
coral_loss	: 0.0008
-------------------------------------
[Epoch : 24/40]
Total_loss	: 1.4388
Src_cls_loss	: 0.2151
coral_loss	: 0.0008
-------------------------------------
[Epoch : 25/40]
Total_loss	: 1.4105
Src_cls_loss	: 0.2109
coral_loss	: 0.0008
-------------------------------------
[Epoch : 26/40]
Total_loss	: 1.3810
Src_cls_loss	: 0.2065
coral_loss	: 0.0008
-------------------------------------
[Epoch : 27/40]
Total_loss	: 1.3574
Src_cls_loss	: 0.2029
coral_loss	: 0.0008
-------------------------------------
[Epoch : 28/40]
Total_loss	: 1.3369
Src_cls_loss	: 0.1999
coral_loss	: 0.0008
-------------------------------------
[Epoch : 29/40]
Total_loss	: 1.3126
Src_cls_loss	: 0.1962
coral_loss	: 0.0008
-------------------------------------
[Epoch : 30/40]
Total_loss	: 1.2966
Src_cls_loss	: 0.1938
coral_loss	: 0.0008
-------------------------------------
[Epoch : 31/40]
Total_loss	: 1.2831
Src_cls_loss	: 0.1918
coral_loss	: 0.0008
-------------------------------------
[Epoch : 32/40]
Total_loss	: 1.2629
Src_cls_loss	: 0.1888
coral_loss	: 0.0008
-------------------------------------
[Epoch : 33/40]
Total_loss	: 1.2429
Src_cls_loss	: 0.1858
coral_loss	: 0.0008
-------------------------------------
[Epoch : 34/40]
Total_loss	: 1.2223
Src_cls_loss	: 0.1827
coral_loss	: 0.0008
-------------------------------------
[Epoch : 35/40]
Total_loss	: 1.2073
Src_cls_loss	: 0.1804
coral_loss	: 0.0008
-------------------------------------
[Epoch : 36/40]
Total_loss	: 1.1898
Src_cls_loss	: 0.1778
coral_loss	: 0.0008
-------------------------------------
[Epoch : 37/40]
Total_loss	: 1.1724
Src_cls_loss	: 0.1752
coral_loss	: 0.0008
-------------------------------------
[Epoch : 38/40]
Total_loss	: 1.1559
Src_cls_loss	: 0.1727
coral_loss	: 0.0008
-------------------------------------
[Epoch : 39/40]
Total_loss	: 1.1412
Src_cls_loss	: 0.1705
coral_loss	: 0.0008
-------------------------------------
[Epoch : 40/40]
Total_loss	: 1.1274
Src_cls_loss	: 0.1684
coral_loss	: 0.0008
-------------------------------------
