=============================================
Dataset: pamap_mobiact
Method:  SYN
=============================================
Source: syn_wal_63 ---> Target: dp_wal_63
Run ID: 8
=============================================
[Epoch : 1/40]
Src_cls_loss	: 0.6501
-------------------------------------
[Epoch : 2/40]
Src_cls_loss	: 0.4889
-------------------------------------
[Epoch : 3/40]
Src_cls_loss	: 0.3970
-------------------------------------
[Epoch : 4/40]
Src_cls_loss	: 0.3406
-------------------------------------
[Epoch : 5/40]
Src_cls_loss	: 0.2934
-------------------------------------
[Epoch : 6/40]
Src_cls_loss	: 0.2581
-------------------------------------
[Epoch : 7/40]
Src_cls_loss	: 0.2287
-------------------------------------
[Epoch : 8/40]
Src_cls_loss	: 0.2070
-------------------------------------
[Epoch : 9/40]
Src_cls_loss	: 0.1888
-------------------------------------
[Epoch : 10/40]
Src_cls_loss	: 0.1763
-------------------------------------
[Epoch : 11/40]
Src_cls_loss	: 0.1629
-------------------------------------
[Epoch : 12/40]
Src_cls_loss	: 0.1520
-------------------------------------
[Epoch : 13/40]
Src_cls_loss	: 0.1420
-------------------------------------
[Epoch : 14/40]
Src_cls_loss	: 0.1334
-------------------------------------
[Epoch : 15/40]
Src_cls_loss	: 0.1257
-------------------------------------
[Epoch : 16/40]
Src_cls_loss	: 0.1189
-------------------------------------
[Epoch : 17/40]
Src_cls_loss	: 0.1130
-------------------------------------
[Epoch : 18/40]
Src_cls_loss	: 0.1074
-------------------------------------
[Epoch : 19/40]
Src_cls_loss	: 0.1025
-------------------------------------
[Epoch : 20/40]
Src_cls_loss	: 0.0989
-------------------------------------
[Epoch : 21/40]
Src_cls_loss	: 0.0949
-------------------------------------
[Epoch : 22/40]
Src_cls_loss	: 0.0920
-------------------------------------
[Epoch : 23/40]
Src_cls_loss	: 0.0889
-------------------------------------
[Epoch : 24/40]
Src_cls_loss	: 0.0856
-------------------------------------
[Epoch : 25/40]
Src_cls_loss	: 0.0825
-------------------------------------
[Epoch : 26/40]
Src_cls_loss	: 0.0796
-------------------------------------
[Epoch : 27/40]
Src_cls_loss	: 0.0770
-------------------------------------
[Epoch : 28/40]
Src_cls_loss	: 0.0744
-------------------------------------
[Epoch : 29/40]
Src_cls_loss	: 0.0721
-------------------------------------
[Epoch : 30/40]
Src_cls_loss	: 0.0699
-------------------------------------
[Epoch : 31/40]
Src_cls_loss	: 0.0685
-------------------------------------
[Epoch : 32/40]
Src_cls_loss	: 0.0669
-------------------------------------
[Epoch : 33/40]
Src_cls_loss	: 0.0650
-------------------------------------
[Epoch : 34/40]
Src_cls_loss	: 0.0633
-------------------------------------
[Epoch : 35/40]
Src_cls_loss	: 0.0617
-------------------------------------
[Epoch : 36/40]
Src_cls_loss	: 0.0601
-------------------------------------
[Epoch : 37/40]
Src_cls_loss	: 0.0586
-------------------------------------
[Epoch : 38/40]
Src_cls_loss	: 0.0572
-------------------------------------
[Epoch : 39/40]
Src_cls_loss	: 0.0559
-------------------------------------
[Epoch : 40/40]
Src_cls_loss	: 0.0546
-------------------------------------
