=============================================
Dataset: pamap_mobiact
Method:  SYN
=============================================
Source: syn_wal_36 ---> Target: dp_wal_36
Run ID: 8
=============================================
[Epoch : 1/40]
Src_cls_loss	: 0.6599
-------------------------------------
[Epoch : 2/40]
Src_cls_loss	: 0.4524
-------------------------------------
[Epoch : 3/40]
Src_cls_loss	: 0.3455
-------------------------------------
[Epoch : 4/40]
Src_cls_loss	: 0.2852
-------------------------------------
[Epoch : 5/40]
Src_cls_loss	: 0.2415
-------------------------------------
[Epoch : 6/40]
Src_cls_loss	: 0.2082
-------------------------------------
[Epoch : 7/40]
Src_cls_loss	: 0.1829
-------------------------------------
[Epoch : 8/40]
Src_cls_loss	: 0.1640
-------------------------------------
[Epoch : 9/40]
Src_cls_loss	: 0.1485
-------------------------------------
[Epoch : 10/40]
Src_cls_loss	: 0.1360
-------------------------------------
[Epoch : 11/40]
Src_cls_loss	: 0.1253
-------------------------------------
[Epoch : 12/40]
Src_cls_loss	: 0.1164
-------------------------------------
[Epoch : 13/40]
Src_cls_loss	: 0.1084
-------------------------------------
[Epoch : 14/40]
Src_cls_loss	: 0.1014
-------------------------------------
[Epoch : 15/40]
Src_cls_loss	: 0.0955
-------------------------------------
[Epoch : 16/40]
Src_cls_loss	: 0.0900
-------------------------------------
[Epoch : 17/40]
Src_cls_loss	: 0.0852
-------------------------------------
[Epoch : 18/40]
Src_cls_loss	: 0.0811
-------------------------------------
[Epoch : 19/40]
Src_cls_loss	: 0.0775
-------------------------------------
[Epoch : 20/40]
Src_cls_loss	: 0.0742
-------------------------------------
[Epoch : 21/40]
Src_cls_loss	: 0.0710
-------------------------------------
[Epoch : 22/40]
Src_cls_loss	: 0.0683
-------------------------------------
[Epoch : 23/40]
Src_cls_loss	: 0.0660
-------------------------------------
[Epoch : 24/40]
Src_cls_loss	: 0.0634
-------------------------------------
[Epoch : 25/40]
Src_cls_loss	: 0.0612
-------------------------------------
[Epoch : 26/40]
Src_cls_loss	: 0.0590
-------------------------------------
[Epoch : 27/40]
Src_cls_loss	: 0.0570
-------------------------------------
[Epoch : 28/40]
Src_cls_loss	: 0.0550
-------------------------------------
[Epoch : 29/40]
Src_cls_loss	: 0.0532
-------------------------------------
[Epoch : 30/40]
Src_cls_loss	: 0.0515
-------------------------------------
[Epoch : 31/40]
Src_cls_loss	: 0.0499
-------------------------------------
[Epoch : 32/40]
Src_cls_loss	: 0.0486
-------------------------------------
[Epoch : 33/40]
Src_cls_loss	: 0.0474
-------------------------------------
[Epoch : 34/40]
Src_cls_loss	: 0.0461
-------------------------------------
[Epoch : 35/40]
Src_cls_loss	: 0.0449
-------------------------------------
[Epoch : 36/40]
Src_cls_loss	: 0.0437
-------------------------------------
[Epoch : 37/40]
Src_cls_loss	: 0.0426
-------------------------------------
[Epoch : 38/40]
Src_cls_loss	: 0.0415
-------------------------------------
[Epoch : 39/40]
Src_cls_loss	: 0.0405
-------------------------------------
[Epoch : 40/40]
Src_cls_loss	: 0.0395
-------------------------------------
