=============================================
Dataset: pamap_mobiact
Method:  Deep_Coral
=============================================
Source: df ---> Target: dp_wal_51
Run ID: 0
=============================================
[Epoch : 1/40]
Total_loss	: 4.4266
Src_cls_loss	: 0.6635
coral_loss	: 0.0009
-------------------------------------
[Epoch : 2/40]
Total_loss	: 3.8569
Src_cls_loss	: 0.5779
coral_loss	: 0.0010
-------------------------------------
[Epoch : 3/40]
Total_loss	: 3.4260
Src_cls_loss	: 0.5132
coral_loss	: 0.0010
-------------------------------------
[Epoch : 4/40]
Total_loss	: 3.1747
Src_cls_loss	: 0.4755
coral_loss	: 0.0010
-------------------------------------
[Epoch : 5/40]
Total_loss	: 2.9063
Src_cls_loss	: 0.4352
coral_loss	: 0.0010
-------------------------------------
[Epoch : 6/40]
Total_loss	: 2.7417
Src_cls_loss	: 0.4106
coral_loss	: 0.0010
-------------------------------------
[Epoch : 7/40]
Total_loss	: 2.5855
Src_cls_loss	: 0.3871
coral_loss	: 0.0009
-------------------------------------
[Epoch : 8/40]
Total_loss	: 2.4261
Src_cls_loss	: 0.3632
coral_loss	: 0.0009
-------------------------------------
[Epoch : 9/40]
Total_loss	: 2.2996
Src_cls_loss	: 0.3442
coral_loss	: 0.0009
-------------------------------------
[Epoch : 10/40]
Total_loss	: 2.1992
Src_cls_loss	: 0.3292
coral_loss	: 0.0009
-------------------------------------
[Epoch : 11/40]
Total_loss	: 2.1111
Src_cls_loss	: 0.3159
coral_loss	: 0.0009
-------------------------------------
[Epoch : 12/40]
Total_loss	: 2.0257
Src_cls_loss	: 0.3031
coral_loss	: 0.0009
-------------------------------------
[Epoch : 13/40]
Total_loss	: 1.9507
Src_cls_loss	: 0.2919
coral_loss	: 0.0009
-------------------------------------
[Epoch : 14/40]
Total_loss	: 1.8768
Src_cls_loss	: 0.2808
coral_loss	: 0.0009
-------------------------------------
[Epoch : 15/40]
Total_loss	: 1.8169
Src_cls_loss	: 0.2718
coral_loss	: 0.0009
-------------------------------------
[Epoch : 16/40]
Total_loss	: 1.7590
Src_cls_loss	: 0.2631
coral_loss	: 0.0009
-------------------------------------
[Epoch : 17/40]
Total_loss	: 1.7094
Src_cls_loss	: 0.2557
coral_loss	: 0.0009
-------------------------------------
[Epoch : 18/40]
Total_loss	: 1.6652
Src_cls_loss	: 0.2491
coral_loss	: 0.0009
-------------------------------------
[Epoch : 19/40]
Total_loss	: 1.6200
Src_cls_loss	: 0.2423
coral_loss	: 0.0009
-------------------------------------
[Epoch : 20/40]
Total_loss	: 1.5774
Src_cls_loss	: 0.2359
coral_loss	: 0.0009
-------------------------------------
[Epoch : 21/40]
Total_loss	: 1.5370
Src_cls_loss	: 0.2298
coral_loss	: 0.0009
-------------------------------------
[Epoch : 22/40]
Total_loss	: 1.4997
Src_cls_loss	: 0.2243
coral_loss	: 0.0008
-------------------------------------
[Epoch : 23/40]
Total_loss	: 1.4648
Src_cls_loss	: 0.2190
coral_loss	: 0.0008
-------------------------------------
[Epoch : 24/40]
Total_loss	: 1.4381
Src_cls_loss	: 0.2150
coral_loss	: 0.0008
-------------------------------------
[Epoch : 25/40]
Total_loss	: 1.4098
Src_cls_loss	: 0.2108
coral_loss	: 0.0008
-------------------------------------
[Epoch : 26/40]
Total_loss	: 1.3806
Src_cls_loss	: 0.2064
coral_loss	: 0.0008
-------------------------------------
[Epoch : 27/40]
Total_loss	: 1.3569
Src_cls_loss	: 0.2028
coral_loss	: 0.0008
-------------------------------------
[Epoch : 28/40]
Total_loss	: 1.3363
Src_cls_loss	: 0.1997
coral_loss	: 0.0008
-------------------------------------
[Epoch : 29/40]
Total_loss	: 1.3123
Src_cls_loss	: 0.1961
coral_loss	: 0.0008
-------------------------------------
[Epoch : 30/40]
Total_loss	: 1.2962
Src_cls_loss	: 0.1937
coral_loss	: 0.0008
-------------------------------------
[Epoch : 31/40]
Total_loss	: 1.2829
Src_cls_loss	: 0.1917
coral_loss	: 0.0008
-------------------------------------
[Epoch : 32/40]
Total_loss	: 1.2627
Src_cls_loss	: 0.1887
coral_loss	: 0.0008
-------------------------------------
[Epoch : 33/40]
Total_loss	: 1.2426
Src_cls_loss	: 0.1857
coral_loss	: 0.0008
-------------------------------------
[Epoch : 34/40]
Total_loss	: 1.2222
Src_cls_loss	: 0.1826
coral_loss	: 0.0008
-------------------------------------
[Epoch : 35/40]
Total_loss	: 1.2071
Src_cls_loss	: 0.1804
coral_loss	: 0.0008
-------------------------------------
[Epoch : 36/40]
Total_loss	: 1.1895
Src_cls_loss	: 0.1777
coral_loss	: 0.0008
-------------------------------------
[Epoch : 37/40]
Total_loss	: 1.1721
Src_cls_loss	: 0.1751
coral_loss	: 0.0008
-------------------------------------
[Epoch : 38/40]
Total_loss	: 1.1558
Src_cls_loss	: 0.1727
coral_loss	: 0.0008
-------------------------------------
[Epoch : 39/40]
Total_loss	: 1.1412
Src_cls_loss	: 0.1705
coral_loss	: 0.0008
-------------------------------------
[Epoch : 40/40]
Total_loss	: 1.1274
Src_cls_loss	: 0.1684
coral_loss	: 0.0008
-------------------------------------
