=============================================
Dataset: realworld_pamap
Method:  SYN
=============================================
Source: syn_wal_20 ---> Target: dp_wal_20
Run ID: 8
=============================================
[Epoch : 1/40]
Src_cls_loss	: 0.7964
-------------------------------------
[Epoch : 2/40]
Src_cls_loss	: 0.5970
-------------------------------------
[Epoch : 3/40]
Src_cls_loss	: 0.4651
-------------------------------------
[Epoch : 4/40]
Src_cls_loss	: 0.3833
-------------------------------------
[Epoch : 5/40]
Src_cls_loss	: 0.3213
-------------------------------------
[Epoch : 6/40]
Src_cls_loss	: 0.2757
-------------------------------------
[Epoch : 7/40]
Src_cls_loss	: 0.2419
-------------------------------------
[Epoch : 8/40]
Src_cls_loss	: 0.2152
-------------------------------------
[Epoch : 9/40]
Src_cls_loss	: 0.1937
-------------------------------------
[Epoch : 10/40]
Src_cls_loss	: 0.1760
-------------------------------------
[Epoch : 11/40]
Src_cls_loss	: 0.1615
-------------------------------------
[Epoch : 12/40]
Src_cls_loss	: 0.1490
-------------------------------------
[Epoch : 13/40]
Src_cls_loss	: 0.1386
-------------------------------------
[Epoch : 14/40]
Src_cls_loss	: 0.1294
-------------------------------------
[Epoch : 15/40]
Src_cls_loss	: 0.1213
-------------------------------------
[Epoch : 16/40]
Src_cls_loss	: 0.1141
-------------------------------------
[Epoch : 17/40]
Src_cls_loss	: 0.1079
-------------------------------------
[Epoch : 18/40]
Src_cls_loss	: 0.1027
-------------------------------------
[Epoch : 19/40]
Src_cls_loss	: 0.0977
-------------------------------------
[Epoch : 20/40]
Src_cls_loss	: 0.0931
-------------------------------------
[Epoch : 21/40]
Src_cls_loss	: 0.0890
-------------------------------------
[Epoch : 22/40]
Src_cls_loss	: 0.0853
-------------------------------------
[Epoch : 23/40]
Src_cls_loss	: 0.0826
-------------------------------------
[Epoch : 24/40]
Src_cls_loss	: 0.0794
-------------------------------------
[Epoch : 25/40]
Src_cls_loss	: 0.0765
-------------------------------------
[Epoch : 26/40]
Src_cls_loss	: 0.0738
-------------------------------------
[Epoch : 27/40]
Src_cls_loss	: 0.0712
-------------------------------------
[Epoch : 28/40]
Src_cls_loss	: 0.0689
-------------------------------------
[Epoch : 29/40]
Src_cls_loss	: 0.0667
-------------------------------------
[Epoch : 30/40]
Src_cls_loss	: 0.0647
-------------------------------------
[Epoch : 31/40]
Src_cls_loss	: 0.0629
-------------------------------------
[Epoch : 32/40]
Src_cls_loss	: 0.0613
-------------------------------------
[Epoch : 33/40]
Src_cls_loss	: 0.0597
-------------------------------------
[Epoch : 34/40]
Src_cls_loss	: 0.0581
-------------------------------------
[Epoch : 35/40]
Src_cls_loss	: 0.0567
-------------------------------------
[Epoch : 36/40]
Src_cls_loss	: 0.0552
-------------------------------------
[Epoch : 37/40]
Src_cls_loss	: 0.0537
-------------------------------------
[Epoch : 38/40]
Src_cls_loss	: 0.0524
-------------------------------------
[Epoch : 39/40]
Src_cls_loss	: 0.0511
-------------------------------------
[Epoch : 40/40]
Src_cls_loss	: 0.0499
-------------------------------------
