=============================================
Dataset: realworld_mobiact
Method:  NO_ADAPT
=============================================
Source: syn_41 ---> Target: dp_41
Run ID: 9
=============================================
[Epoch : 1/40]
Src_cls_loss	: 0.9035
-------------------------------------
[Epoch : 2/40]
Src_cls_loss	: 0.7850
-------------------------------------
[Epoch : 3/40]
Src_cls_loss	: 0.6852
-------------------------------------
[Epoch : 4/40]
Src_cls_loss	: 0.6013
-------------------------------------
[Epoch : 5/40]
Src_cls_loss	: 0.5290
-------------------------------------
[Epoch : 6/40]
Src_cls_loss	: 0.4768
-------------------------------------
[Epoch : 7/40]
Src_cls_loss	: 0.4353
-------------------------------------
[Epoch : 8/40]
Src_cls_loss	: 0.3970
-------------------------------------
[Epoch : 9/40]
Src_cls_loss	: 0.3663
-------------------------------------
[Epoch : 10/40]
Src_cls_loss	: 0.3399
-------------------------------------
[Epoch : 11/40]
Src_cls_loss	: 0.3194
-------------------------------------
[Epoch : 12/40]
Src_cls_loss	: 0.2993
-------------------------------------
[Epoch : 13/40]
Src_cls_loss	: 0.2829
-------------------------------------
[Epoch : 14/40]
Src_cls_loss	: 0.2681
-------------------------------------
[Epoch : 15/40]
Src_cls_loss	: 0.2552
-------------------------------------
[Epoch : 16/40]
Src_cls_loss	: 0.2421
-------------------------------------
[Epoch : 17/40]
Src_cls_loss	: 0.2314
-------------------------------------
[Epoch : 18/40]
Src_cls_loss	: 0.2213
-------------------------------------
[Epoch : 19/40]
Src_cls_loss	: 0.2119
-------------------------------------
[Epoch : 20/40]
Src_cls_loss	: 0.2046
-------------------------------------
[Epoch : 21/40]
Src_cls_loss	: 0.1978
-------------------------------------
[Epoch : 22/40]
Src_cls_loss	: 0.1914
-------------------------------------
[Epoch : 23/40]
Src_cls_loss	: 0.1851
-------------------------------------
[Epoch : 24/40]
Src_cls_loss	: 0.1788
-------------------------------------
[Epoch : 25/40]
Src_cls_loss	: 0.1736
-------------------------------------
[Epoch : 26/40]
Src_cls_loss	: 0.1687
-------------------------------------
[Epoch : 27/40]
Src_cls_loss	: 0.1640
-------------------------------------
[Epoch : 28/40]
Src_cls_loss	: 0.1598
-------------------------------------
[Epoch : 29/40]
Src_cls_loss	: 0.1560
-------------------------------------
[Epoch : 30/40]
Src_cls_loss	: 0.1518
-------------------------------------
[Epoch : 31/40]
Src_cls_loss	: 0.1479
-------------------------------------
[Epoch : 32/40]
Src_cls_loss	: 0.1444
-------------------------------------
[Epoch : 33/40]
Src_cls_loss	: 0.1410
-------------------------------------
[Epoch : 34/40]
Src_cls_loss	: 0.1384
-------------------------------------
[Epoch : 35/40]
Src_cls_loss	: 0.1357
-------------------------------------
[Epoch : 36/40]
Src_cls_loss	: 0.1332
-------------------------------------
[Epoch : 37/40]
Src_cls_loss	: 0.1302
-------------------------------------
[Epoch : 38/40]
Src_cls_loss	: 0.1273
-------------------------------------
[Epoch : 39/40]
Src_cls_loss	: 0.1245
-------------------------------------
[Epoch : 40/40]
Src_cls_loss	: 0.1219
-------------------------------------
