=============================================
Dataset: realworld_mobiact
Method:  NO_ADAPT
=============================================
Source: syn_26 ---> Target: dp_26
Run ID: 8
=============================================
[Epoch : 1/40]
Src_cls_loss	: 0.8505
-------------------------------------
[Epoch : 2/40]
Src_cls_loss	: 0.6922
-------------------------------------
[Epoch : 3/40]
Src_cls_loss	: 0.5645
-------------------------------------
[Epoch : 4/40]
Src_cls_loss	: 0.4760
-------------------------------------
[Epoch : 5/40]
Src_cls_loss	: 0.4062
-------------------------------------
[Epoch : 6/40]
Src_cls_loss	: 0.3551
-------------------------------------
[Epoch : 7/40]
Src_cls_loss	: 0.3173
-------------------------------------
[Epoch : 8/40]
Src_cls_loss	: 0.2875
-------------------------------------
[Epoch : 9/40]
Src_cls_loss	: 0.2615
-------------------------------------
[Epoch : 10/40]
Src_cls_loss	: 0.2407
-------------------------------------
[Epoch : 11/40]
Src_cls_loss	: 0.2231
-------------------------------------
[Epoch : 12/40]
Src_cls_loss	: 0.2087
-------------------------------------
[Epoch : 13/40]
Src_cls_loss	: 0.1958
-------------------------------------
[Epoch : 14/40]
Src_cls_loss	: 0.1837
-------------------------------------
[Epoch : 15/40]
Src_cls_loss	: 0.1751
-------------------------------------
[Epoch : 16/40]
Src_cls_loss	: 0.1665
-------------------------------------
[Epoch : 17/40]
Src_cls_loss	: 0.1585
-------------------------------------
[Epoch : 18/40]
Src_cls_loss	: 0.1512
-------------------------------------
[Epoch : 19/40]
Src_cls_loss	: 0.1455
-------------------------------------
[Epoch : 20/40]
Src_cls_loss	: 0.1395
-------------------------------------
[Epoch : 21/40]
Src_cls_loss	: 0.1342
-------------------------------------
[Epoch : 22/40]
Src_cls_loss	: 0.1294
-------------------------------------
[Epoch : 23/40]
Src_cls_loss	: 0.1246
-------------------------------------
[Epoch : 24/40]
Src_cls_loss	: 0.1202
-------------------------------------
[Epoch : 25/40]
Src_cls_loss	: 0.1171
-------------------------------------
[Epoch : 26/40]
Src_cls_loss	: 0.1137
-------------------------------------
[Epoch : 27/40]
Src_cls_loss	: 0.1104
-------------------------------------
[Epoch : 28/40]
Src_cls_loss	: 0.1074
-------------------------------------
[Epoch : 29/40]
Src_cls_loss	: 0.1043
-------------------------------------
[Epoch : 30/40]
Src_cls_loss	: 0.1014
-------------------------------------
[Epoch : 31/40]
Src_cls_loss	: 0.0986
-------------------------------------
[Epoch : 32/40]
Src_cls_loss	: 0.0961
-------------------------------------
[Epoch : 33/40]
Src_cls_loss	: 0.0938
-------------------------------------
[Epoch : 34/40]
Src_cls_loss	: 0.0921
-------------------------------------
[Epoch : 35/40]
Src_cls_loss	: 0.0902
-------------------------------------
[Epoch : 36/40]
Src_cls_loss	: 0.0885
-------------------------------------
[Epoch : 37/40]
Src_cls_loss	: 0.0877
-------------------------------------
[Epoch : 38/40]
Src_cls_loss	: 0.0859
-------------------------------------
[Epoch : 39/40]
Src_cls_loss	: 0.0842
-------------------------------------
[Epoch : 40/40]
Src_cls_loss	: 0.0825
-------------------------------------
