=============================================
Dataset: pamap_mobiact
Method:  NO_ADAPT
=============================================
Source: syn_22 ---> Target: dp_22
Run ID: 4
=============================================
[Epoch : 1/40]
Src_cls_loss	: 0.8755
-------------------------------------
[Epoch : 2/40]
Src_cls_loss	: 0.6907
-------------------------------------
[Epoch : 3/40]
Src_cls_loss	: 0.5957
-------------------------------------
[Epoch : 4/40]
Src_cls_loss	: 0.5264
-------------------------------------
[Epoch : 5/40]
Src_cls_loss	: 0.4732
-------------------------------------
[Epoch : 6/40]
Src_cls_loss	: 0.4278
-------------------------------------
[Epoch : 7/40]
Src_cls_loss	: 0.3933
-------------------------------------
[Epoch : 8/40]
Src_cls_loss	: 0.3641
-------------------------------------
[Epoch : 9/40]
Src_cls_loss	: 0.3386
-------------------------------------
[Epoch : 10/40]
Src_cls_loss	: 0.3165
-------------------------------------
[Epoch : 11/40]
Src_cls_loss	: 0.2989
-------------------------------------
[Epoch : 12/40]
Src_cls_loss	: 0.2890
-------------------------------------
[Epoch : 13/40]
Src_cls_loss	: 0.2752
-------------------------------------
[Epoch : 14/40]
Src_cls_loss	: 0.2629
-------------------------------------
[Epoch : 15/40]
Src_cls_loss	: 0.2505
-------------------------------------
[Epoch : 16/40]
Src_cls_loss	: 0.2397
-------------------------------------
[Epoch : 17/40]
Src_cls_loss	: 0.2289
-------------------------------------
[Epoch : 18/40]
Src_cls_loss	: 0.2196
-------------------------------------
[Epoch : 19/40]
Src_cls_loss	: 0.2132
-------------------------------------
[Epoch : 20/40]
Src_cls_loss	: 0.2053
-------------------------------------
[Epoch : 21/40]
Src_cls_loss	: 0.1982
-------------------------------------
[Epoch : 22/40]
Src_cls_loss	: 0.1916
-------------------------------------
[Epoch : 23/40]
Src_cls_loss	: 0.1852
-------------------------------------
[Epoch : 24/40]
Src_cls_loss	: 0.1790
-------------------------------------
[Epoch : 25/40]
Src_cls_loss	: 0.1737
-------------------------------------
[Epoch : 26/40]
Src_cls_loss	: 0.1681
-------------------------------------
[Epoch : 27/40]
Src_cls_loss	: 0.1633
-------------------------------------
[Epoch : 28/40]
Src_cls_loss	: 0.1584
-------------------------------------
[Epoch : 29/40]
Src_cls_loss	: 0.1539
-------------------------------------
[Epoch : 30/40]
Src_cls_loss	: 0.1499
-------------------------------------
[Epoch : 31/40]
Src_cls_loss	: 0.1466
-------------------------------------
[Epoch : 32/40]
Src_cls_loss	: 0.1437
-------------------------------------
[Epoch : 33/40]
Src_cls_loss	: 0.1406
-------------------------------------
[Epoch : 34/40]
Src_cls_loss	: 0.1371
-------------------------------------
[Epoch : 35/40]
Src_cls_loss	: 0.1337
-------------------------------------
[Epoch : 36/40]
Src_cls_loss	: 0.1307
-------------------------------------
[Epoch : 37/40]
Src_cls_loss	: 0.1276
-------------------------------------
[Epoch : 38/40]
Src_cls_loss	: 0.1249
-------------------------------------
[Epoch : 39/40]
Src_cls_loss	: 0.1220
-------------------------------------
[Epoch : 40/40]
Src_cls_loss	: 0.1193
-------------------------------------
