=============================================
Dataset: realworld_mobiact
Method:  Deep_Coral
=============================================
Source: df ---> Target: dp_wal_47
Run ID: 0
=============================================
[Epoch : 1/40]
Total_loss	: 3.3771
Src_cls_loss	: 0.5060
coral_loss	: 0.0009
-------------------------------------
[Epoch : 2/40]
Total_loss	: 2.9271
Src_cls_loss	: 0.4385
coral_loss	: 0.0008
-------------------------------------
[Epoch : 3/40]
Total_loss	: 2.6587
Src_cls_loss	: 0.3983
coral_loss	: 0.0007
-------------------------------------
[Epoch : 4/40]
Total_loss	: 2.4885
Src_cls_loss	: 0.3728
coral_loss	: 0.0007
-------------------------------------
[Epoch : 5/40]
Total_loss	: 2.3556
Src_cls_loss	: 0.3529
coral_loss	: 0.0006
-------------------------------------
[Epoch : 6/40]
Total_loss	: 2.2513
Src_cls_loss	: 0.3373
coral_loss	: 0.0006
-------------------------------------
[Epoch : 7/40]
Total_loss	: 2.1587
Src_cls_loss	: 0.3234
coral_loss	: 0.0006
-------------------------------------
[Epoch : 8/40]
Total_loss	: 2.0796
Src_cls_loss	: 0.3116
coral_loss	: 0.0005
-------------------------------------
[Epoch : 9/40]
Total_loss	: 2.0072
Src_cls_loss	: 0.3007
coral_loss	: 0.0005
-------------------------------------
[Epoch : 10/40]
Total_loss	: 1.9431
Src_cls_loss	: 0.2911
coral_loss	: 0.0005
-------------------------------------
[Epoch : 11/40]
Total_loss	: 1.8831
Src_cls_loss	: 0.2821
coral_loss	: 0.0005
-------------------------------------
[Epoch : 12/40]
Total_loss	: 1.8332
Src_cls_loss	: 0.2747
coral_loss	: 0.0005
-------------------------------------
[Epoch : 13/40]
Total_loss	: 1.7930
Src_cls_loss	: 0.2686
coral_loss	: 0.0005
-------------------------------------
[Epoch : 14/40]
Total_loss	: 1.7537
Src_cls_loss	: 0.2627
coral_loss	: 0.0005
-------------------------------------
[Epoch : 15/40]
Total_loss	: 1.7152
Src_cls_loss	: 0.2570
coral_loss	: 0.0004
-------------------------------------
[Epoch : 16/40]
Total_loss	: 1.6816
Src_cls_loss	: 0.2519
coral_loss	: 0.0004
-------------------------------------
[Epoch : 17/40]
Total_loss	: 1.6532
Src_cls_loss	: 0.2477
coral_loss	: 0.0004
-------------------------------------
[Epoch : 18/40]
Total_loss	: 1.6260
Src_cls_loss	: 0.2436
coral_loss	: 0.0004
-------------------------------------
[Epoch : 19/40]
Total_loss	: 1.5979
Src_cls_loss	: 0.2394
coral_loss	: 0.0004
-------------------------------------
[Epoch : 20/40]
Total_loss	: 1.5745
Src_cls_loss	: 0.2359
coral_loss	: 0.0004
-------------------------------------
[Epoch : 21/40]
Total_loss	: 1.5522
Src_cls_loss	: 0.2326
coral_loss	: 0.0004
-------------------------------------
[Epoch : 22/40]
Total_loss	: 1.5306
Src_cls_loss	: 0.2293
coral_loss	: 0.0004
-------------------------------------
[Epoch : 23/40]
Total_loss	: 1.5096
Src_cls_loss	: 0.2262
coral_loss	: 0.0004
-------------------------------------
[Epoch : 24/40]
Total_loss	: 1.4896
Src_cls_loss	: 0.2232
coral_loss	: 0.0004
-------------------------------------
[Epoch : 25/40]
Total_loss	: 1.4694
Src_cls_loss	: 0.2201
coral_loss	: 0.0004
-------------------------------------
[Epoch : 26/40]
Total_loss	: 1.4499
Src_cls_loss	: 0.2172
coral_loss	: 0.0004
-------------------------------------
[Epoch : 27/40]
Total_loss	: 1.4329
Src_cls_loss	: 0.2147
coral_loss	: 0.0004
-------------------------------------
[Epoch : 28/40]
Total_loss	: 1.4140
Src_cls_loss	: 0.2118
coral_loss	: 0.0004
-------------------------------------
[Epoch : 29/40]
Total_loss	: 1.3971
Src_cls_loss	: 0.2093
coral_loss	: 0.0004
-------------------------------------
[Epoch : 30/40]
Total_loss	: 1.3818
Src_cls_loss	: 0.2070
coral_loss	: 0.0004
-------------------------------------
[Epoch : 31/40]
Total_loss	: 1.3668
Src_cls_loss	: 0.2047
coral_loss	: 0.0004
-------------------------------------
[Epoch : 32/40]
Total_loss	: 1.3530
Src_cls_loss	: 0.2027
coral_loss	: 0.0004
-------------------------------------
[Epoch : 33/40]
Total_loss	: 1.3370
Src_cls_loss	: 0.2003
coral_loss	: 0.0004
-------------------------------------
[Epoch : 34/40]
Total_loss	: 1.3232
Src_cls_loss	: 0.1982
coral_loss	: 0.0004
-------------------------------------
[Epoch : 35/40]
Total_loss	: 1.3099
Src_cls_loss	: 0.1962
coral_loss	: 0.0004
-------------------------------------
[Epoch : 36/40]
Total_loss	: 1.2981
Src_cls_loss	: 0.1944
coral_loss	: 0.0004
-------------------------------------
[Epoch : 37/40]
Total_loss	: 1.2853
Src_cls_loss	: 0.1925
coral_loss	: 0.0004
-------------------------------------
[Epoch : 38/40]
Total_loss	: 1.2740
Src_cls_loss	: 0.1908
coral_loss	: 0.0004
-------------------------------------
[Epoch : 39/40]
Total_loss	: 1.2632
Src_cls_loss	: 0.1892
coral_loss	: 0.0004
-------------------------------------
[Epoch : 40/40]
Total_loss	: 1.2529
Src_cls_loss	: 0.1877
coral_loss	: 0.0004
-------------------------------------
