=============================================
Dataset: pamap_realworld
Method:  NO_ADAPT
=============================================
Source: syn_9 ---> Target: dp_9
Run ID: 1
=============================================
[Epoch : 1/40]
Src_cls_loss	: 0.5841
-------------------------------------
[Epoch : 2/40]
Src_cls_loss	: 0.3960
-------------------------------------
[Epoch : 3/40]
Src_cls_loss	: 0.3035
-------------------------------------
[Epoch : 4/40]
Src_cls_loss	: 0.2451
-------------------------------------
[Epoch : 5/40]
Src_cls_loss	: 0.2066
-------------------------------------
[Epoch : 6/40]
Src_cls_loss	: 0.1801
-------------------------------------
[Epoch : 7/40]
Src_cls_loss	: 0.1595
-------------------------------------
[Epoch : 8/40]
Src_cls_loss	: 0.1443
-------------------------------------
[Epoch : 9/40]
Src_cls_loss	: 0.1311
-------------------------------------
[Epoch : 10/40]
Src_cls_loss	: 0.1222
-------------------------------------
[Epoch : 11/40]
Src_cls_loss	: 0.1125
-------------------------------------
[Epoch : 12/40]
Src_cls_loss	: 0.1049
-------------------------------------
[Epoch : 13/40]
Src_cls_loss	: 0.0983
-------------------------------------
[Epoch : 14/40]
Src_cls_loss	: 0.0925
-------------------------------------
[Epoch : 15/40]
Src_cls_loss	: 0.0874
-------------------------------------
[Epoch : 16/40]
Src_cls_loss	: 0.0829
-------------------------------------
[Epoch : 17/40]
Src_cls_loss	: 0.0791
-------------------------------------
[Epoch : 18/40]
Src_cls_loss	: 0.0754
-------------------------------------
[Epoch : 19/40]
Src_cls_loss	: 0.0721
-------------------------------------
[Epoch : 20/40]
Src_cls_loss	: 0.0690
-------------------------------------
[Epoch : 21/40]
Src_cls_loss	: 0.0664
-------------------------------------
[Epoch : 22/40]
Src_cls_loss	: 0.0641
-------------------------------------
[Epoch : 23/40]
Src_cls_loss	: 0.0621
-------------------------------------
[Epoch : 24/40]
Src_cls_loss	: 0.0601
-------------------------------------
[Epoch : 25/40]
Src_cls_loss	: 0.0584
-------------------------------------
[Epoch : 26/40]
Src_cls_loss	: 0.0566
-------------------------------------
[Epoch : 27/40]
Src_cls_loss	: 0.0548
-------------------------------------
[Epoch : 28/40]
Src_cls_loss	: 0.0533
-------------------------------------
[Epoch : 29/40]
Src_cls_loss	: 0.0519
-------------------------------------
[Epoch : 30/40]
Src_cls_loss	: 0.0506
-------------------------------------
[Epoch : 31/40]
Src_cls_loss	: 0.0494
-------------------------------------
[Epoch : 32/40]
Src_cls_loss	: 0.0480
-------------------------------------
[Epoch : 33/40]
Src_cls_loss	: 0.0467
-------------------------------------
[Epoch : 34/40]
Src_cls_loss	: 0.0457
-------------------------------------
[Epoch : 35/40]
Src_cls_loss	: 0.0446
-------------------------------------
[Epoch : 36/40]
Src_cls_loss	: 0.0435
-------------------------------------
[Epoch : 37/40]
Src_cls_loss	: 0.0425
-------------------------------------
[Epoch : 38/40]
Src_cls_loss	: 0.0417
-------------------------------------
[Epoch : 39/40]
Src_cls_loss	: 0.0413
-------------------------------------
[Epoch : 40/40]
Src_cls_loss	: 0.0406
-------------------------------------
