=============================================
Dataset: pamap_mobiact
Method:  Deep_Coral
=============================================
Source: df ---> Target: dp_wal_41
Run ID: 0
=============================================
[Epoch : 1/40]
Total_loss	: 4.4268
Src_cls_loss	: 0.6635
coral_loss	: 0.0009
-------------------------------------
[Epoch : 2/40]
Total_loss	: 3.8580
Src_cls_loss	: 0.5781
coral_loss	: 0.0010
-------------------------------------
[Epoch : 3/40]
Total_loss	: 3.4262
Src_cls_loss	: 0.5132
coral_loss	: 0.0010
-------------------------------------
[Epoch : 4/40]
Total_loss	: 3.1754
Src_cls_loss	: 0.4756
coral_loss	: 0.0010
-------------------------------------
[Epoch : 5/40]
Total_loss	: 2.9059
Src_cls_loss	: 0.4352
coral_loss	: 0.0010
-------------------------------------
[Epoch : 6/40]
Total_loss	: 2.7415
Src_cls_loss	: 0.4105
coral_loss	: 0.0010
-------------------------------------
[Epoch : 7/40]
Total_loss	: 2.5859
Src_cls_loss	: 0.3872
coral_loss	: 0.0010
-------------------------------------
[Epoch : 8/40]
Total_loss	: 2.4262
Src_cls_loss	: 0.3632
coral_loss	: 0.0009
-------------------------------------
[Epoch : 9/40]
Total_loss	: 2.3006
Src_cls_loss	: 0.3444
coral_loss	: 0.0009
-------------------------------------
[Epoch : 10/40]
Total_loss	: 2.2009
Src_cls_loss	: 0.3294
coral_loss	: 0.0009
-------------------------------------
[Epoch : 11/40]
Total_loss	: 2.1125
Src_cls_loss	: 0.3162
coral_loss	: 0.0009
-------------------------------------
[Epoch : 12/40]
Total_loss	: 2.0275
Src_cls_loss	: 0.3034
coral_loss	: 0.0009
-------------------------------------
[Epoch : 13/40]
Total_loss	: 1.9524
Src_cls_loss	: 0.2921
coral_loss	: 0.0009
-------------------------------------
[Epoch : 14/40]
Total_loss	: 1.8785
Src_cls_loss	: 0.2811
coral_loss	: 0.0009
-------------------------------------
[Epoch : 15/40]
Total_loss	: 1.8190
Src_cls_loss	: 0.2721
coral_loss	: 0.0009
-------------------------------------
[Epoch : 16/40]
Total_loss	: 1.7611
Src_cls_loss	: 0.2634
coral_loss	: 0.0009
-------------------------------------
[Epoch : 17/40]
Total_loss	: 1.7117
Src_cls_loss	: 0.2560
coral_loss	: 0.0009
-------------------------------------
[Epoch : 18/40]
Total_loss	: 1.6673
Src_cls_loss	: 0.2494
coral_loss	: 0.0009
-------------------------------------
[Epoch : 19/40]
Total_loss	: 1.6222
Src_cls_loss	: 0.2426
coral_loss	: 0.0009
-------------------------------------
[Epoch : 20/40]
Total_loss	: 1.5797
Src_cls_loss	: 0.2362
coral_loss	: 0.0009
-------------------------------------
[Epoch : 21/40]
Total_loss	: 1.5389
Src_cls_loss	: 0.2301
coral_loss	: 0.0009
-------------------------------------
[Epoch : 22/40]
Total_loss	: 1.5015
Src_cls_loss	: 0.2245
coral_loss	: 0.0008
-------------------------------------
[Epoch : 23/40]
Total_loss	: 1.4666
Src_cls_loss	: 0.2193
coral_loss	: 0.0008
-------------------------------------
[Epoch : 24/40]
Total_loss	: 1.4399
Src_cls_loss	: 0.2153
coral_loss	: 0.0008
-------------------------------------
[Epoch : 25/40]
Total_loss	: 1.4116
Src_cls_loss	: 0.2110
coral_loss	: 0.0008
-------------------------------------
[Epoch : 26/40]
Total_loss	: 1.3822
Src_cls_loss	: 0.2066
coral_loss	: 0.0008
-------------------------------------
[Epoch : 27/40]
Total_loss	: 1.3585
Src_cls_loss	: 0.2031
coral_loss	: 0.0008
-------------------------------------
[Epoch : 28/40]
Total_loss	: 1.3382
Src_cls_loss	: 0.2000
coral_loss	: 0.0008
-------------------------------------
[Epoch : 29/40]
Total_loss	: 1.3139
Src_cls_loss	: 0.1964
coral_loss	: 0.0008
-------------------------------------
[Epoch : 30/40]
Total_loss	: 1.2979
Src_cls_loss	: 0.1940
coral_loss	: 0.0008
-------------------------------------
[Epoch : 31/40]
Total_loss	: 1.2844
Src_cls_loss	: 0.1920
coral_loss	: 0.0008
-------------------------------------
[Epoch : 32/40]
Total_loss	: 1.2643
Src_cls_loss	: 0.1890
coral_loss	: 0.0008
-------------------------------------
[Epoch : 33/40]
Total_loss	: 1.2442
Src_cls_loss	: 0.1859
coral_loss	: 0.0008
-------------------------------------
[Epoch : 34/40]
Total_loss	: 1.2238
Src_cls_loss	: 0.1829
coral_loss	: 0.0008
-------------------------------------
[Epoch : 35/40]
Total_loss	: 1.2087
Src_cls_loss	: 0.1806
coral_loss	: 0.0008
-------------------------------------
[Epoch : 36/40]
Total_loss	: 1.1912
Src_cls_loss	: 0.1780
coral_loss	: 0.0008
-------------------------------------
[Epoch : 37/40]
Total_loss	: 1.1739
Src_cls_loss	: 0.1754
coral_loss	: 0.0008
-------------------------------------
[Epoch : 38/40]
Total_loss	: 1.1575
Src_cls_loss	: 0.1729
coral_loss	: 0.0008
-------------------------------------
[Epoch : 39/40]
Total_loss	: 1.1428
Src_cls_loss	: 0.1707
coral_loss	: 0.0008
-------------------------------------
[Epoch : 40/40]
Total_loss	: 1.1289
Src_cls_loss	: 0.1687
coral_loss	: 0.0008
-------------------------------------
