=============================================
Dataset: realworld_pamap
Method:  SYN
=============================================
Source: syn_wal_16 ---> Target: dp_wal_16
Run ID: 7
=============================================
[Epoch : 1/40]
Src_cls_loss	: 0.7937
-------------------------------------
[Epoch : 2/40]
Src_cls_loss	: 0.6034
-------------------------------------
[Epoch : 3/40]
Src_cls_loss	: 0.4692
-------------------------------------
[Epoch : 4/40]
Src_cls_loss	: 0.3779
-------------------------------------
[Epoch : 5/40]
Src_cls_loss	: 0.3155
-------------------------------------
[Epoch : 6/40]
Src_cls_loss	: 0.2692
-------------------------------------
[Epoch : 7/40]
Src_cls_loss	: 0.2369
-------------------------------------
[Epoch : 8/40]
Src_cls_loss	: 0.2108
-------------------------------------
[Epoch : 9/40]
Src_cls_loss	: 0.1900
-------------------------------------
[Epoch : 10/40]
Src_cls_loss	: 0.1731
-------------------------------------
[Epoch : 11/40]
Src_cls_loss	: 0.1602
-------------------------------------
[Epoch : 12/40]
Src_cls_loss	: 0.1485
-------------------------------------
[Epoch : 13/40]
Src_cls_loss	: 0.1381
-------------------------------------
[Epoch : 14/40]
Src_cls_loss	: 0.1289
-------------------------------------
[Epoch : 15/40]
Src_cls_loss	: 0.1209
-------------------------------------
[Epoch : 16/40]
Src_cls_loss	: 0.1141
-------------------------------------
[Epoch : 17/40]
Src_cls_loss	: 0.1076
-------------------------------------
[Epoch : 18/40]
Src_cls_loss	: 0.1021
-------------------------------------
[Epoch : 19/40]
Src_cls_loss	: 0.0971
-------------------------------------
[Epoch : 20/40]
Src_cls_loss	: 0.0925
-------------------------------------
[Epoch : 21/40]
Src_cls_loss	: 0.0885
-------------------------------------
[Epoch : 22/40]
Src_cls_loss	: 0.0849
-------------------------------------
[Epoch : 23/40]
Src_cls_loss	: 0.0815
-------------------------------------
[Epoch : 24/40]
Src_cls_loss	: 0.0784
-------------------------------------
[Epoch : 25/40]
Src_cls_loss	: 0.0753
-------------------------------------
[Epoch : 26/40]
Src_cls_loss	: 0.0725
-------------------------------------
[Epoch : 27/40]
Src_cls_loss	: 0.0699
-------------------------------------
[Epoch : 28/40]
Src_cls_loss	: 0.0676
-------------------------------------
[Epoch : 29/40]
Src_cls_loss	: 0.0655
-------------------------------------
[Epoch : 30/40]
Src_cls_loss	: 0.0634
-------------------------------------
[Epoch : 31/40]
Src_cls_loss	: 0.0616
-------------------------------------
[Epoch : 32/40]
Src_cls_loss	: 0.0597
-------------------------------------
[Epoch : 33/40]
Src_cls_loss	: 0.0580
-------------------------------------
[Epoch : 34/40]
Src_cls_loss	: 0.0563
-------------------------------------
[Epoch : 35/40]
Src_cls_loss	: 0.0548
-------------------------------------
[Epoch : 36/40]
Src_cls_loss	: 0.0533
-------------------------------------
[Epoch : 37/40]
Src_cls_loss	: 0.0520
-------------------------------------
[Epoch : 38/40]
Src_cls_loss	: 0.0506
-------------------------------------
[Epoch : 39/40]
Src_cls_loss	: 0.0495
-------------------------------------
[Epoch : 40/40]
Src_cls_loss	: 0.0484
-------------------------------------
