=============================================
Dataset: realworld_mobiact
Method:  SYN
=============================================
Source: syn_wal_33 ---> Target: dp_wal_33
Run ID: 2
=============================================
[Epoch : 1/40]
Src_cls_loss	: 0.7797
-------------------------------------
[Epoch : 2/40]
Src_cls_loss	: 0.5931
-------------------------------------
[Epoch : 3/40]
Src_cls_loss	: 0.4544
-------------------------------------
[Epoch : 4/40]
Src_cls_loss	: 0.3702
-------------------------------------
[Epoch : 5/40]
Src_cls_loss	: 0.3105
-------------------------------------
[Epoch : 6/40]
Src_cls_loss	: 0.2665
-------------------------------------
[Epoch : 7/40]
Src_cls_loss	: 0.2339
-------------------------------------
[Epoch : 8/40]
Src_cls_loss	: 0.2078
-------------------------------------
[Epoch : 9/40]
Src_cls_loss	: 0.1873
-------------------------------------
[Epoch : 10/40]
Src_cls_loss	: 0.1706
-------------------------------------
[Epoch : 11/40]
Src_cls_loss	: 0.1569
-------------------------------------
[Epoch : 12/40]
Src_cls_loss	: 0.1448
-------------------------------------
[Epoch : 13/40]
Src_cls_loss	: 0.1349
-------------------------------------
[Epoch : 14/40]
Src_cls_loss	: 0.1261
-------------------------------------
[Epoch : 15/40]
Src_cls_loss	: 0.1183
-------------------------------------
[Epoch : 16/40]
Src_cls_loss	: 0.1115
-------------------------------------
[Epoch : 17/40]
Src_cls_loss	: 0.1053
-------------------------------------
[Epoch : 18/40]
Src_cls_loss	: 0.0998
-------------------------------------
[Epoch : 19/40]
Src_cls_loss	: 0.0950
-------------------------------------
[Epoch : 20/40]
Src_cls_loss	: 0.0905
-------------------------------------
[Epoch : 21/40]
Src_cls_loss	: 0.0866
-------------------------------------
[Epoch : 22/40]
Src_cls_loss	: 0.0829
-------------------------------------
[Epoch : 23/40]
Src_cls_loss	: 0.0795
-------------------------------------
[Epoch : 24/40]
Src_cls_loss	: 0.0763
-------------------------------------
[Epoch : 25/40]
Src_cls_loss	: 0.0735
-------------------------------------
[Epoch : 26/40]
Src_cls_loss	: 0.0709
-------------------------------------
[Epoch : 27/40]
Src_cls_loss	: 0.0684
-------------------------------------
[Epoch : 28/40]
Src_cls_loss	: 0.0661
-------------------------------------
[Epoch : 29/40]
Src_cls_loss	: 0.0640
-------------------------------------
[Epoch : 30/40]
Src_cls_loss	: 0.0620
-------------------------------------
[Epoch : 31/40]
Src_cls_loss	: 0.0600
-------------------------------------
[Epoch : 32/40]
Src_cls_loss	: 0.0583
-------------------------------------
[Epoch : 33/40]
Src_cls_loss	: 0.0566
-------------------------------------
[Epoch : 34/40]
Src_cls_loss	: 0.0550
-------------------------------------
[Epoch : 35/40]
Src_cls_loss	: 0.0535
-------------------------------------
[Epoch : 36/40]
Src_cls_loss	: 0.0521
-------------------------------------
[Epoch : 37/40]
Src_cls_loss	: 0.0507
-------------------------------------
[Epoch : 38/40]
Src_cls_loss	: 0.0495
-------------------------------------
[Epoch : 39/40]
Src_cls_loss	: 0.0483
-------------------------------------
[Epoch : 40/40]
Src_cls_loss	: 0.0471
-------------------------------------
