=============================================
Dataset: realworld_mobiact
Method:  SYN
=============================================
Source: syn_wal_20 ---> Target: dp_wal_20
Run ID: 1
=============================================
[Epoch : 1/40]
Src_cls_loss	: 0.9137
-------------------------------------
[Epoch : 2/40]
Src_cls_loss	: 0.7932
-------------------------------------
[Epoch : 3/40]
Src_cls_loss	: 0.6627
-------------------------------------
[Epoch : 4/40]
Src_cls_loss	: 0.5504
-------------------------------------
[Epoch : 5/40]
Src_cls_loss	: 0.4710
-------------------------------------
[Epoch : 6/40]
Src_cls_loss	: 0.4075
-------------------------------------
[Epoch : 7/40]
Src_cls_loss	: 0.3587
-------------------------------------
[Epoch : 8/40]
Src_cls_loss	: 0.3200
-------------------------------------
[Epoch : 9/40]
Src_cls_loss	: 0.2888
-------------------------------------
[Epoch : 10/40]
Src_cls_loss	: 0.2638
-------------------------------------
[Epoch : 11/40]
Src_cls_loss	: 0.2428
-------------------------------------
[Epoch : 12/40]
Src_cls_loss	: 0.2246
-------------------------------------
[Epoch : 13/40]
Src_cls_loss	: 0.2086
-------------------------------------
[Epoch : 14/40]
Src_cls_loss	: 0.1955
-------------------------------------
[Epoch : 15/40]
Src_cls_loss	: 0.1833
-------------------------------------
[Epoch : 16/40]
Src_cls_loss	: 0.1724
-------------------------------------
[Epoch : 17/40]
Src_cls_loss	: 0.1631
-------------------------------------
[Epoch : 18/40]
Src_cls_loss	: 0.1547
-------------------------------------
[Epoch : 19/40]
Src_cls_loss	: 0.1470
-------------------------------------
[Epoch : 20/40]
Src_cls_loss	: 0.1400
-------------------------------------
[Epoch : 21/40]
Src_cls_loss	: 0.1337
-------------------------------------
[Epoch : 22/40]
Src_cls_loss	: 0.1280
-------------------------------------
[Epoch : 23/40]
Src_cls_loss	: 0.1226
-------------------------------------
[Epoch : 24/40]
Src_cls_loss	: 0.1177
-------------------------------------
[Epoch : 25/40]
Src_cls_loss	: 0.1134
-------------------------------------
[Epoch : 26/40]
Src_cls_loss	: 0.1095
-------------------------------------
[Epoch : 27/40]
Src_cls_loss	: 0.1056
-------------------------------------
[Epoch : 28/40]
Src_cls_loss	: 0.1020
-------------------------------------
[Epoch : 29/40]
Src_cls_loss	: 0.0986
-------------------------------------
[Epoch : 30/40]
Src_cls_loss	: 0.0955
-------------------------------------
[Epoch : 31/40]
Src_cls_loss	: 0.0925
-------------------------------------
[Epoch : 32/40]
Src_cls_loss	: 0.0899
-------------------------------------
[Epoch : 33/40]
Src_cls_loss	: 0.0874
-------------------------------------
[Epoch : 34/40]
Src_cls_loss	: 0.0849
-------------------------------------
[Epoch : 35/40]
Src_cls_loss	: 0.0826
-------------------------------------
[Epoch : 36/40]
Src_cls_loss	: 0.0805
-------------------------------------
[Epoch : 37/40]
Src_cls_loss	: 0.0784
-------------------------------------
[Epoch : 38/40]
Src_cls_loss	: 0.0764
-------------------------------------
[Epoch : 39/40]
Src_cls_loss	: 0.0746
-------------------------------------
[Epoch : 40/40]
Src_cls_loss	: 0.0727
-------------------------------------
