=============================================
Dataset: mobiact_pamap
Method:  NO_ADAPT
=============================================
Source: syn_64 ---> Target: dp_64
Run ID: 9
=============================================
[Epoch : 1/40]
Src_cls_loss	: 0.6234
-------------------------------------
[Epoch : 2/40]
Src_cls_loss	: 0.4506
-------------------------------------
[Epoch : 3/40]
Src_cls_loss	: 0.3601
-------------------------------------
[Epoch : 4/40]
Src_cls_loss	: 0.3007
-------------------------------------
[Epoch : 5/40]
Src_cls_loss	: 0.2597
-------------------------------------
[Epoch : 6/40]
Src_cls_loss	: 0.2276
-------------------------------------
[Epoch : 7/40]
Src_cls_loss	: 0.2012
-------------------------------------
[Epoch : 8/40]
Src_cls_loss	: 0.1852
-------------------------------------
[Epoch : 9/40]
Src_cls_loss	: 0.1689
-------------------------------------
[Epoch : 10/40]
Src_cls_loss	: 0.1558
-------------------------------------
[Epoch : 11/40]
Src_cls_loss	: 0.1442
-------------------------------------
[Epoch : 12/40]
Src_cls_loss	: 0.1338
-------------------------------------
[Epoch : 13/40]
Src_cls_loss	: 0.1250
-------------------------------------
[Epoch : 14/40]
Src_cls_loss	: 0.1194
-------------------------------------
[Epoch : 15/40]
Src_cls_loss	: 0.1131
-------------------------------------
[Epoch : 16/40]
Src_cls_loss	: 0.1071
-------------------------------------
[Epoch : 17/40]
Src_cls_loss	: 0.1017
-------------------------------------
[Epoch : 18/40]
Src_cls_loss	: 0.0967
-------------------------------------
[Epoch : 19/40]
Src_cls_loss	: 0.0923
-------------------------------------
[Epoch : 20/40]
Src_cls_loss	: 0.0883
-------------------------------------
[Epoch : 21/40]
Src_cls_loss	: 0.0849
-------------------------------------
[Epoch : 22/40]
Src_cls_loss	: 0.0817
-------------------------------------
[Epoch : 23/40]
Src_cls_loss	: 0.0788
-------------------------------------
[Epoch : 24/40]
Src_cls_loss	: 0.0759
-------------------------------------
[Epoch : 25/40]
Src_cls_loss	: 0.0731
-------------------------------------
[Epoch : 26/40]
Src_cls_loss	: 0.0705
-------------------------------------
[Epoch : 27/40]
Src_cls_loss	: 0.0684
-------------------------------------
[Epoch : 28/40]
Src_cls_loss	: 0.0662
-------------------------------------
[Epoch : 29/40]
Src_cls_loss	: 0.0644
-------------------------------------
[Epoch : 30/40]
Src_cls_loss	: 0.0627
-------------------------------------
[Epoch : 31/40]
Src_cls_loss	: 0.0609
-------------------------------------
[Epoch : 32/40]
Src_cls_loss	: 0.0591
-------------------------------------
[Epoch : 33/40]
Src_cls_loss	: 0.0575
-------------------------------------
[Epoch : 34/40]
Src_cls_loss	: 0.0559
-------------------------------------
[Epoch : 35/40]
Src_cls_loss	: 0.0544
-------------------------------------
[Epoch : 36/40]
Src_cls_loss	: 0.0531
-------------------------------------
[Epoch : 37/40]
Src_cls_loss	: 0.0519
-------------------------------------
[Epoch : 38/40]
Src_cls_loss	: 0.0506
-------------------------------------
[Epoch : 39/40]
Src_cls_loss	: 0.0494
-------------------------------------
[Epoch : 40/40]
Src_cls_loss	: 0.0482
-------------------------------------
