=============================================
Dataset: pamap_mobiact
Method:  SYN
=============================================
Source: syn_wal_10 ---> Target: dp_wal_10
Run ID: 8
=============================================
[Epoch : 1/40]
Src_cls_loss	: 0.6480
-------------------------------------
[Epoch : 2/40]
Src_cls_loss	: 0.4869
-------------------------------------
[Epoch : 3/40]
Src_cls_loss	: 0.3848
-------------------------------------
[Epoch : 4/40]
Src_cls_loss	: 0.3216
-------------------------------------
[Epoch : 5/40]
Src_cls_loss	: 0.2739
-------------------------------------
[Epoch : 6/40]
Src_cls_loss	: 0.2356
-------------------------------------
[Epoch : 7/40]
Src_cls_loss	: 0.2071
-------------------------------------
[Epoch : 8/40]
Src_cls_loss	: 0.1848
-------------------------------------
[Epoch : 9/40]
Src_cls_loss	: 0.1665
-------------------------------------
[Epoch : 10/40]
Src_cls_loss	: 0.1523
-------------------------------------
[Epoch : 11/40]
Src_cls_loss	: 0.1404
-------------------------------------
[Epoch : 12/40]
Src_cls_loss	: 0.1298
-------------------------------------
[Epoch : 13/40]
Src_cls_loss	: 0.1207
-------------------------------------
[Epoch : 14/40]
Src_cls_loss	: 0.1129
-------------------------------------
[Epoch : 15/40]
Src_cls_loss	: 0.1061
-------------------------------------
[Epoch : 16/40]
Src_cls_loss	: 0.0998
-------------------------------------
[Epoch : 17/40]
Src_cls_loss	: 0.0945
-------------------------------------
[Epoch : 18/40]
Src_cls_loss	: 0.0897
-------------------------------------
[Epoch : 19/40]
Src_cls_loss	: 0.0858
-------------------------------------
[Epoch : 20/40]
Src_cls_loss	: 0.0824
-------------------------------------
[Epoch : 21/40]
Src_cls_loss	: 0.0791
-------------------------------------
[Epoch : 22/40]
Src_cls_loss	: 0.0762
-------------------------------------
[Epoch : 23/40]
Src_cls_loss	: 0.0732
-------------------------------------
[Epoch : 24/40]
Src_cls_loss	: 0.0703
-------------------------------------
[Epoch : 25/40]
Src_cls_loss	: 0.0678
-------------------------------------
[Epoch : 26/40]
Src_cls_loss	: 0.0654
-------------------------------------
[Epoch : 27/40]
Src_cls_loss	: 0.0631
-------------------------------------
[Epoch : 28/40]
Src_cls_loss	: 0.0609
-------------------------------------
[Epoch : 29/40]
Src_cls_loss	: 0.0589
-------------------------------------
[Epoch : 30/40]
Src_cls_loss	: 0.0570
-------------------------------------
[Epoch : 31/40]
Src_cls_loss	: 0.0553
-------------------------------------
[Epoch : 32/40]
Src_cls_loss	: 0.0540
-------------------------------------
[Epoch : 33/40]
Src_cls_loss	: 0.0530
-------------------------------------
[Epoch : 34/40]
Src_cls_loss	: 0.0519
-------------------------------------
[Epoch : 35/40]
Src_cls_loss	: 0.0507
-------------------------------------
[Epoch : 36/40]
Src_cls_loss	: 0.0494
-------------------------------------
[Epoch : 37/40]
Src_cls_loss	: 0.0482
-------------------------------------
[Epoch : 38/40]
Src_cls_loss	: 0.0471
-------------------------------------
[Epoch : 39/40]
Src_cls_loss	: 0.0459
-------------------------------------
[Epoch : 40/40]
Src_cls_loss	: 0.0448
-------------------------------------
