=============================================
Dataset: realworld_mobiact
Method:  NO_ADAPT
=============================================
Source: syn_40 ---> Target: dp_40
Run ID: 9
=============================================
[Epoch : 1/40]
Src_cls_loss	: 0.8335
-------------------------------------
[Epoch : 2/40]
Src_cls_loss	: 0.6671
-------------------------------------
[Epoch : 3/40]
Src_cls_loss	: 0.5475
-------------------------------------
[Epoch : 4/40]
Src_cls_loss	: 0.4589
-------------------------------------
[Epoch : 5/40]
Src_cls_loss	: 0.3905
-------------------------------------
[Epoch : 6/40]
Src_cls_loss	: 0.3421
-------------------------------------
[Epoch : 7/40]
Src_cls_loss	: 0.3042
-------------------------------------
[Epoch : 8/40]
Src_cls_loss	: 0.2763
-------------------------------------
[Epoch : 9/40]
Src_cls_loss	: 0.2544
-------------------------------------
[Epoch : 10/40]
Src_cls_loss	: 0.2330
-------------------------------------
[Epoch : 11/40]
Src_cls_loss	: 0.2150
-------------------------------------
[Epoch : 12/40]
Src_cls_loss	: 0.1995
-------------------------------------
[Epoch : 13/40]
Src_cls_loss	: 0.1858
-------------------------------------
[Epoch : 14/40]
Src_cls_loss	: 0.1738
-------------------------------------
[Epoch : 15/40]
Src_cls_loss	: 0.1638
-------------------------------------
[Epoch : 16/40]
Src_cls_loss	: 0.1547
-------------------------------------
[Epoch : 17/40]
Src_cls_loss	: 0.1465
-------------------------------------
[Epoch : 18/40]
Src_cls_loss	: 0.1392
-------------------------------------
[Epoch : 19/40]
Src_cls_loss	: 0.1329
-------------------------------------
[Epoch : 20/40]
Src_cls_loss	: 0.1269
-------------------------------------
[Epoch : 21/40]
Src_cls_loss	: 0.1226
-------------------------------------
[Epoch : 22/40]
Src_cls_loss	: 0.1182
-------------------------------------
[Epoch : 23/40]
Src_cls_loss	: 0.1140
-------------------------------------
[Epoch : 24/40]
Src_cls_loss	: 0.1096
-------------------------------------
[Epoch : 25/40]
Src_cls_loss	: 0.1056
-------------------------------------
[Epoch : 26/40]
Src_cls_loss	: 0.1018
-------------------------------------
[Epoch : 27/40]
Src_cls_loss	: 0.0983
-------------------------------------
[Epoch : 28/40]
Src_cls_loss	: 0.0950
-------------------------------------
[Epoch : 29/40]
Src_cls_loss	: 0.0919
-------------------------------------
[Epoch : 30/40]
Src_cls_loss	: 0.0891
-------------------------------------
[Epoch : 31/40]
Src_cls_loss	: 0.0864
-------------------------------------
[Epoch : 32/40]
Src_cls_loss	: 0.0841
-------------------------------------
[Epoch : 33/40]
Src_cls_loss	: 0.0823
-------------------------------------
[Epoch : 34/40]
Src_cls_loss	: 0.0804
-------------------------------------
[Epoch : 35/40]
Src_cls_loss	: 0.0784
-------------------------------------
[Epoch : 36/40]
Src_cls_loss	: 0.0765
-------------------------------------
[Epoch : 37/40]
Src_cls_loss	: 0.0746
-------------------------------------
[Epoch : 38/40]
Src_cls_loss	: 0.0728
-------------------------------------
[Epoch : 39/40]
Src_cls_loss	: 0.0710
-------------------------------------
[Epoch : 40/40]
Src_cls_loss	: 0.0693
-------------------------------------
