=============================================
Dataset: pamap_mobiact
Method:  SYN
=============================================
Source: syn_wal_30 ---> Target: dp_wal_30
Run ID: 7
=============================================
[Epoch : 1/40]
Src_cls_loss	: 0.7041
-------------------------------------
[Epoch : 2/40]
Src_cls_loss	: 0.5132
-------------------------------------
[Epoch : 3/40]
Src_cls_loss	: 0.4107
-------------------------------------
[Epoch : 4/40]
Src_cls_loss	: 0.3422
-------------------------------------
[Epoch : 5/40]
Src_cls_loss	: 0.2964
-------------------------------------
[Epoch : 6/40]
Src_cls_loss	: 0.2582
-------------------------------------
[Epoch : 7/40]
Src_cls_loss	: 0.2311
-------------------------------------
[Epoch : 8/40]
Src_cls_loss	: 0.2071
-------------------------------------
[Epoch : 9/40]
Src_cls_loss	: 0.1877
-------------------------------------
[Epoch : 10/40]
Src_cls_loss	: 0.1731
-------------------------------------
[Epoch : 11/40]
Src_cls_loss	: 0.1601
-------------------------------------
[Epoch : 12/40]
Src_cls_loss	: 0.1486
-------------------------------------
[Epoch : 13/40]
Src_cls_loss	: 0.1390
-------------------------------------
[Epoch : 14/40]
Src_cls_loss	: 0.1305
-------------------------------------
[Epoch : 15/40]
Src_cls_loss	: 0.1226
-------------------------------------
[Epoch : 16/40]
Src_cls_loss	: 0.1157
-------------------------------------
[Epoch : 17/40]
Src_cls_loss	: 0.1098
-------------------------------------
[Epoch : 18/40]
Src_cls_loss	: 0.1044
-------------------------------------
[Epoch : 19/40]
Src_cls_loss	: 0.0993
-------------------------------------
[Epoch : 20/40]
Src_cls_loss	: 0.0947
-------------------------------------
[Epoch : 21/40]
Src_cls_loss	: 0.0906
-------------------------------------
[Epoch : 22/40]
Src_cls_loss	: 0.0871
-------------------------------------
[Epoch : 23/40]
Src_cls_loss	: 0.0837
-------------------------------------
[Epoch : 24/40]
Src_cls_loss	: 0.0809
-------------------------------------
[Epoch : 25/40]
Src_cls_loss	: 0.0779
-------------------------------------
[Epoch : 26/40]
Src_cls_loss	: 0.0751
-------------------------------------
[Epoch : 27/40]
Src_cls_loss	: 0.0728
-------------------------------------
[Epoch : 28/40]
Src_cls_loss	: 0.0703
-------------------------------------
[Epoch : 29/40]
Src_cls_loss	: 0.0681
-------------------------------------
[Epoch : 30/40]
Src_cls_loss	: 0.0661
-------------------------------------
[Epoch : 31/40]
Src_cls_loss	: 0.0640
-------------------------------------
[Epoch : 32/40]
Src_cls_loss	: 0.0624
-------------------------------------
[Epoch : 33/40]
Src_cls_loss	: 0.0606
-------------------------------------
[Epoch : 34/40]
Src_cls_loss	: 0.0590
-------------------------------------
[Epoch : 35/40]
Src_cls_loss	: 0.0575
-------------------------------------
[Epoch : 36/40]
Src_cls_loss	: 0.0559
-------------------------------------
[Epoch : 37/40]
Src_cls_loss	: 0.0545
-------------------------------------
[Epoch : 38/40]
Src_cls_loss	: 0.0532
-------------------------------------
[Epoch : 39/40]
Src_cls_loss	: 0.0519
-------------------------------------
[Epoch : 40/40]
Src_cls_loss	: 0.0507
-------------------------------------
