=============================================
Dataset: realworld_mobiact
Method:  NO_ADAPT
=============================================
Source: syn_19 ---> Target: dp_19
Run ID: 4
=============================================
[Epoch : 1/40]
Src_cls_loss	: 0.8201
-------------------------------------
[Epoch : 2/40]
Src_cls_loss	: 0.6270
-------------------------------------
[Epoch : 3/40]
Src_cls_loss	: 0.4861
-------------------------------------
[Epoch : 4/40]
Src_cls_loss	: 0.3933
-------------------------------------
[Epoch : 5/40]
Src_cls_loss	: 0.3296
-------------------------------------
[Epoch : 6/40]
Src_cls_loss	: 0.2833
-------------------------------------
[Epoch : 7/40]
Src_cls_loss	: 0.2480
-------------------------------------
[Epoch : 8/40]
Src_cls_loss	: 0.2208
-------------------------------------
[Epoch : 9/40]
Src_cls_loss	: 0.1984
-------------------------------------
[Epoch : 10/40]
Src_cls_loss	: 0.1808
-------------------------------------
[Epoch : 11/40]
Src_cls_loss	: 0.1662
-------------------------------------
[Epoch : 12/40]
Src_cls_loss	: 0.1534
-------------------------------------
[Epoch : 13/40]
Src_cls_loss	: 0.1425
-------------------------------------
[Epoch : 14/40]
Src_cls_loss	: 0.1329
-------------------------------------
[Epoch : 15/40]
Src_cls_loss	: 0.1248
-------------------------------------
[Epoch : 16/40]
Src_cls_loss	: 0.1176
-------------------------------------
[Epoch : 17/40]
Src_cls_loss	: 0.1114
-------------------------------------
[Epoch : 18/40]
Src_cls_loss	: 0.1055
-------------------------------------
[Epoch : 19/40]
Src_cls_loss	: 0.1013
-------------------------------------
[Epoch : 20/40]
Src_cls_loss	: 0.0984
-------------------------------------
[Epoch : 21/40]
Src_cls_loss	: 0.0947
-------------------------------------
[Epoch : 22/40]
Src_cls_loss	: 0.0910
-------------------------------------
[Epoch : 23/40]
Src_cls_loss	: 0.0873
-------------------------------------
[Epoch : 24/40]
Src_cls_loss	: 0.0839
-------------------------------------
[Epoch : 25/40]
Src_cls_loss	: 0.0808
-------------------------------------
[Epoch : 26/40]
Src_cls_loss	: 0.0778
-------------------------------------
[Epoch : 27/40]
Src_cls_loss	: 0.0751
-------------------------------------
[Epoch : 28/40]
Src_cls_loss	: 0.0725
-------------------------------------
[Epoch : 29/40]
Src_cls_loss	: 0.0701
-------------------------------------
[Epoch : 30/40]
Src_cls_loss	: 0.0679
-------------------------------------
[Epoch : 31/40]
Src_cls_loss	: 0.0659
-------------------------------------
[Epoch : 32/40]
Src_cls_loss	: 0.0640
-------------------------------------
[Epoch : 33/40]
Src_cls_loss	: 0.0625
-------------------------------------
[Epoch : 34/40]
Src_cls_loss	: 0.0609
-------------------------------------
[Epoch : 35/40]
Src_cls_loss	: 0.0593
-------------------------------------
[Epoch : 36/40]
Src_cls_loss	: 0.0577
-------------------------------------
[Epoch : 37/40]
Src_cls_loss	: 0.0563
-------------------------------------
[Epoch : 38/40]
Src_cls_loss	: 0.0549
-------------------------------------
[Epoch : 39/40]
Src_cls_loss	: 0.0535
-------------------------------------
[Epoch : 40/40]
Src_cls_loss	: 0.0523
-------------------------------------
