=============================================
Dataset: realworld_mobiact
Method:  NO_ADAPT
=============================================
Source: syn_69 ---> Target: dp_69
Run ID: 7
=============================================
[Epoch : 1/40]
Src_cls_loss	: 0.8752
-------------------------------------
[Epoch : 2/40]
Src_cls_loss	: 0.7440
-------------------------------------
[Epoch : 3/40]
Src_cls_loss	: 0.6277
-------------------------------------
[Epoch : 4/40]
Src_cls_loss	: 0.5303
-------------------------------------
[Epoch : 5/40]
Src_cls_loss	: 0.4586
-------------------------------------
[Epoch : 6/40]
Src_cls_loss	: 0.4094
-------------------------------------
[Epoch : 7/40]
Src_cls_loss	: 0.3720
-------------------------------------
[Epoch : 8/40]
Src_cls_loss	: 0.3351
-------------------------------------
[Epoch : 9/40]
Src_cls_loss	: 0.3058
-------------------------------------
[Epoch : 10/40]
Src_cls_loss	: 0.2825
-------------------------------------
[Epoch : 11/40]
Src_cls_loss	: 0.2617
-------------------------------------
[Epoch : 12/40]
Src_cls_loss	: 0.2433
-------------------------------------
[Epoch : 13/40]
Src_cls_loss	: 0.2272
-------------------------------------
[Epoch : 14/40]
Src_cls_loss	: 0.2131
-------------------------------------
[Epoch : 15/40]
Src_cls_loss	: 0.2014
-------------------------------------
[Epoch : 16/40]
Src_cls_loss	: 0.1905
-------------------------------------
[Epoch : 17/40]
Src_cls_loss	: 0.1815
-------------------------------------
[Epoch : 18/40]
Src_cls_loss	: 0.1736
-------------------------------------
[Epoch : 19/40]
Src_cls_loss	: 0.1662
-------------------------------------
[Epoch : 20/40]
Src_cls_loss	: 0.1593
-------------------------------------
[Epoch : 21/40]
Src_cls_loss	: 0.1534
-------------------------------------
[Epoch : 22/40]
Src_cls_loss	: 0.1484
-------------------------------------
[Epoch : 23/40]
Src_cls_loss	: 0.1431
-------------------------------------
[Epoch : 24/40]
Src_cls_loss	: 0.1383
-------------------------------------
[Epoch : 25/40]
Src_cls_loss	: 0.1338
-------------------------------------
[Epoch : 26/40]
Src_cls_loss	: 0.1299
-------------------------------------
[Epoch : 27/40]
Src_cls_loss	: 0.1257
-------------------------------------
[Epoch : 28/40]
Src_cls_loss	: 0.1217
-------------------------------------
[Epoch : 29/40]
Src_cls_loss	: 0.1180
-------------------------------------
[Epoch : 30/40]
Src_cls_loss	: 0.1146
-------------------------------------
[Epoch : 31/40]
Src_cls_loss	: 0.1115
-------------------------------------
[Epoch : 32/40]
Src_cls_loss	: 0.1084
-------------------------------------
[Epoch : 33/40]
Src_cls_loss	: 0.1056
-------------------------------------
[Epoch : 34/40]
Src_cls_loss	: 0.1029
-------------------------------------
[Epoch : 35/40]
Src_cls_loss	: 0.1003
-------------------------------------
[Epoch : 36/40]
Src_cls_loss	: 0.0979
-------------------------------------
[Epoch : 37/40]
Src_cls_loss	: 0.0957
-------------------------------------
[Epoch : 38/40]
Src_cls_loss	: 0.0937
-------------------------------------
[Epoch : 39/40]
Src_cls_loss	: 0.0918
-------------------------------------
[Epoch : 40/40]
Src_cls_loss	: 0.0900
-------------------------------------
