=============================================
Dataset: mobiact_realworld
Method:  Deep_Coral
=============================================
Source: df ---> Target: dp_70
Run ID: 0
=============================================
[Epoch : 1/40]
Total_loss	: 2.2714
Src_cls_loss	: 0.3406
coral_loss	: 0.0002
-------------------------------------
[Epoch : 2/40]
Total_loss	: 1.5957
Src_cls_loss	: 0.2392
coral_loss	: 0.0002
-------------------------------------
[Epoch : 3/40]
Total_loss	: 1.2683
Src_cls_loss	: 0.1901
coral_loss	: 0.0002
-------------------------------------
[Epoch : 4/40]
Total_loss	: 1.0724
Src_cls_loss	: 0.1607
coral_loss	: 0.0002
-------------------------------------
[Epoch : 5/40]
Total_loss	: 0.9307
Src_cls_loss	: 0.1395
coral_loss	: 0.0002
-------------------------------------
[Epoch : 6/40]
Total_loss	: 0.8296
Src_cls_loss	: 0.1243
coral_loss	: 0.0002
-------------------------------------
[Epoch : 7/40]
Total_loss	: 0.7445
Src_cls_loss	: 0.1115
coral_loss	: 0.0002
-------------------------------------
[Epoch : 8/40]
Total_loss	: 0.6804
Src_cls_loss	: 0.1019
coral_loss	: 0.0002
-------------------------------------
[Epoch : 9/40]
Total_loss	: 0.6273
Src_cls_loss	: 0.0940
coral_loss	: 0.0002
-------------------------------------
[Epoch : 10/40]
Total_loss	: 0.5800
Src_cls_loss	: 0.0869
coral_loss	: 0.0002
-------------------------------------
[Epoch : 11/40]
Total_loss	: 0.5385
Src_cls_loss	: 0.0806
coral_loss	: 0.0002
-------------------------------------
[Epoch : 12/40]
Total_loss	: 0.5040
Src_cls_loss	: 0.0755
coral_loss	: 0.0002
-------------------------------------
[Epoch : 13/40]
Total_loss	: 0.4733
Src_cls_loss	: 0.0709
coral_loss	: 0.0002
-------------------------------------
[Epoch : 14/40]
Total_loss	: 0.4463
Src_cls_loss	: 0.0668
coral_loss	: 0.0002
-------------------------------------
[Epoch : 15/40]
Total_loss	: 0.4235
Src_cls_loss	: 0.0634
coral_loss	: 0.0002
-------------------------------------
[Epoch : 16/40]
Total_loss	: 0.4030
Src_cls_loss	: 0.0603
coral_loss	: 0.0002
-------------------------------------
[Epoch : 17/40]
Total_loss	: 0.3844
Src_cls_loss	: 0.0575
coral_loss	: 0.0002
-------------------------------------
[Epoch : 18/40]
Total_loss	: 0.3700
Src_cls_loss	: 0.0554
coral_loss	: 0.0002
-------------------------------------
[Epoch : 19/40]
Total_loss	: 0.3545
Src_cls_loss	: 0.0530
coral_loss	: 0.0002
-------------------------------------
[Epoch : 20/40]
Total_loss	: 0.3405
Src_cls_loss	: 0.0509
coral_loss	: 0.0002
-------------------------------------
[Epoch : 21/40]
Total_loss	: 0.3271
Src_cls_loss	: 0.0489
coral_loss	: 0.0002
-------------------------------------
[Epoch : 22/40]
Total_loss	: 0.3144
Src_cls_loss	: 0.0470
coral_loss	: 0.0002
-------------------------------------
[Epoch : 23/40]
Total_loss	: 0.3022
Src_cls_loss	: 0.0452
coral_loss	: 0.0001
-------------------------------------
[Epoch : 24/40]
Total_loss	: 0.2925
Src_cls_loss	: 0.0438
coral_loss	: 0.0001
-------------------------------------
[Epoch : 25/40]
Total_loss	: 0.2855
Src_cls_loss	: 0.0427
coral_loss	: 0.0001
-------------------------------------
[Epoch : 26/40]
Total_loss	: 0.2760
Src_cls_loss	: 0.0413
coral_loss	: 0.0001
-------------------------------------
[Epoch : 27/40]
Total_loss	: 0.2668
Src_cls_loss	: 0.0399
coral_loss	: 0.0001
-------------------------------------
[Epoch : 28/40]
Total_loss	: 0.2605
Src_cls_loss	: 0.0390
coral_loss	: 0.0001
-------------------------------------
[Epoch : 29/40]
Total_loss	: 0.2536
Src_cls_loss	: 0.0379
coral_loss	: 0.0001
-------------------------------------
[Epoch : 30/40]
Total_loss	: 0.2463
Src_cls_loss	: 0.0368
coral_loss	: 0.0001
-------------------------------------
[Epoch : 31/40]
Total_loss	: 0.2397
Src_cls_loss	: 0.0358
coral_loss	: 0.0001
-------------------------------------
[Epoch : 32/40]
Total_loss	: 0.2341
Src_cls_loss	: 0.0350
coral_loss	: 0.0001
-------------------------------------
[Epoch : 33/40]
Total_loss	: 0.2282
Src_cls_loss	: 0.0341
coral_loss	: 0.0001
-------------------------------------
[Epoch : 34/40]
Total_loss	: 0.2232
Src_cls_loss	: 0.0334
coral_loss	: 0.0001
-------------------------------------
[Epoch : 35/40]
Total_loss	: 0.2180
Src_cls_loss	: 0.0326
coral_loss	: 0.0001
-------------------------------------
[Epoch : 36/40]
Total_loss	: 0.2127
Src_cls_loss	: 0.0318
coral_loss	: 0.0001
-------------------------------------
[Epoch : 37/40]
Total_loss	: 0.2073
Src_cls_loss	: 0.0310
coral_loss	: 0.0001
-------------------------------------
[Epoch : 38/40]
Total_loss	: 0.2032
Src_cls_loss	: 0.0304
coral_loss	: 0.0001
-------------------------------------
[Epoch : 39/40]
Total_loss	: 0.1992
Src_cls_loss	: 0.0298
coral_loss	: 0.0001
-------------------------------------
[Epoch : 40/40]
Total_loss	: 0.1956
Src_cls_loss	: 0.0292
coral_loss	: 0.0001
-------------------------------------
