=============================================
Dataset: pamap_mobiact
Method:  SYN
=============================================
Source: syn_wal_14 ---> Target: dp_wal_14
Run ID: 3
=============================================
[Epoch : 1/40]
Src_cls_loss	: 0.6793
-------------------------------------
[Epoch : 2/40]
Src_cls_loss	: 0.5533
-------------------------------------
[Epoch : 3/40]
Src_cls_loss	: 0.4645
-------------------------------------
[Epoch : 4/40]
Src_cls_loss	: 0.4089
-------------------------------------
[Epoch : 5/40]
Src_cls_loss	: 0.3647
-------------------------------------
[Epoch : 6/40]
Src_cls_loss	: 0.3279
-------------------------------------
[Epoch : 7/40]
Src_cls_loss	: 0.2971
-------------------------------------
[Epoch : 8/40]
Src_cls_loss	: 0.2706
-------------------------------------
[Epoch : 9/40]
Src_cls_loss	: 0.2503
-------------------------------------
[Epoch : 10/40]
Src_cls_loss	: 0.2319
-------------------------------------
[Epoch : 11/40]
Src_cls_loss	: 0.2175
-------------------------------------
[Epoch : 12/40]
Src_cls_loss	: 0.2032
-------------------------------------
[Epoch : 13/40]
Src_cls_loss	: 0.1908
-------------------------------------
[Epoch : 14/40]
Src_cls_loss	: 0.1795
-------------------------------------
[Epoch : 15/40]
Src_cls_loss	: 0.1700
-------------------------------------
[Epoch : 16/40]
Src_cls_loss	: 0.1613
-------------------------------------
[Epoch : 17/40]
Src_cls_loss	: 0.1529
-------------------------------------
[Epoch : 18/40]
Src_cls_loss	: 0.1453
-------------------------------------
[Epoch : 19/40]
Src_cls_loss	: 0.1391
-------------------------------------
[Epoch : 20/40]
Src_cls_loss	: 0.1333
-------------------------------------
[Epoch : 21/40]
Src_cls_loss	: 0.1282
-------------------------------------
[Epoch : 22/40]
Src_cls_loss	: 0.1236
-------------------------------------
[Epoch : 23/40]
Src_cls_loss	: 0.1198
-------------------------------------
[Epoch : 24/40]
Src_cls_loss	: 0.1158
-------------------------------------
[Epoch : 25/40]
Src_cls_loss	: 0.1121
-------------------------------------
[Epoch : 26/40]
Src_cls_loss	: 0.1086
-------------------------------------
[Epoch : 27/40]
Src_cls_loss	: 0.1053
-------------------------------------
[Epoch : 28/40]
Src_cls_loss	: 0.1022
-------------------------------------
[Epoch : 29/40]
Src_cls_loss	: 0.0991
-------------------------------------
[Epoch : 30/40]
Src_cls_loss	: 0.0962
-------------------------------------
[Epoch : 31/40]
Src_cls_loss	: 0.0934
-------------------------------------
[Epoch : 32/40]
Src_cls_loss	: 0.0907
-------------------------------------
[Epoch : 33/40]
Src_cls_loss	: 0.0883
-------------------------------------
[Epoch : 34/40]
Src_cls_loss	: 0.0859
-------------------------------------
[Epoch : 35/40]
Src_cls_loss	: 0.0836
-------------------------------------
[Epoch : 36/40]
Src_cls_loss	: 0.0814
-------------------------------------
[Epoch : 37/40]
Src_cls_loss	: 0.0793
-------------------------------------
[Epoch : 38/40]
Src_cls_loss	: 0.0775
-------------------------------------
[Epoch : 39/40]
Src_cls_loss	: 0.0757
-------------------------------------
[Epoch : 40/40]
Src_cls_loss	: 0.0740
-------------------------------------
