=============================================
Dataset: mobiact_pamap
Method:  SYN
=============================================
Source: syn_wal_63 ---> Target: dp_wal_63
Run ID: 3
=============================================
[Epoch : 1/40]
Src_cls_loss	: 0.7556
-------------------------------------
[Epoch : 2/40]
Src_cls_loss	: 0.5483
-------------------------------------
[Epoch : 3/40]
Src_cls_loss	: 0.4372
-------------------------------------
[Epoch : 4/40]
Src_cls_loss	: 0.3641
-------------------------------------
[Epoch : 5/40]
Src_cls_loss	: 0.3113
-------------------------------------
[Epoch : 6/40]
Src_cls_loss	: 0.2708
-------------------------------------
[Epoch : 7/40]
Src_cls_loss	: 0.2424
-------------------------------------
[Epoch : 8/40]
Src_cls_loss	: 0.2192
-------------------------------------
[Epoch : 9/40]
Src_cls_loss	: 0.1995
-------------------------------------
[Epoch : 10/40]
Src_cls_loss	: 0.1825
-------------------------------------
[Epoch : 11/40]
Src_cls_loss	: 0.1687
-------------------------------------
[Epoch : 12/40]
Src_cls_loss	: 0.1565
-------------------------------------
[Epoch : 13/40]
Src_cls_loss	: 0.1462
-------------------------------------
[Epoch : 14/40]
Src_cls_loss	: 0.1369
-------------------------------------
[Epoch : 15/40]
Src_cls_loss	: 0.1292
-------------------------------------
[Epoch : 16/40]
Src_cls_loss	: 0.1222
-------------------------------------
[Epoch : 17/40]
Src_cls_loss	: 0.1159
-------------------------------------
[Epoch : 18/40]
Src_cls_loss	: 0.1100
-------------------------------------
[Epoch : 19/40]
Src_cls_loss	: 0.1046
-------------------------------------
[Epoch : 20/40]
Src_cls_loss	: 0.0998
-------------------------------------
[Epoch : 21/40]
Src_cls_loss	: 0.0952
-------------------------------------
[Epoch : 22/40]
Src_cls_loss	: 0.0913
-------------------------------------
[Epoch : 23/40]
Src_cls_loss	: 0.0876
-------------------------------------
[Epoch : 24/40]
Src_cls_loss	: 0.0841
-------------------------------------
[Epoch : 25/40]
Src_cls_loss	: 0.0810
-------------------------------------
[Epoch : 26/40]
Src_cls_loss	: 0.0788
-------------------------------------
[Epoch : 27/40]
Src_cls_loss	: 0.0763
-------------------------------------
[Epoch : 28/40]
Src_cls_loss	: 0.0739
-------------------------------------
[Epoch : 29/40]
Src_cls_loss	: 0.0715
-------------------------------------
[Epoch : 30/40]
Src_cls_loss	: 0.0693
-------------------------------------
[Epoch : 31/40]
Src_cls_loss	: 0.0672
-------------------------------------
[Epoch : 32/40]
Src_cls_loss	: 0.0652
-------------------------------------
[Epoch : 33/40]
Src_cls_loss	: 0.0634
-------------------------------------
[Epoch : 34/40]
Src_cls_loss	: 0.0617
-------------------------------------
[Epoch : 35/40]
Src_cls_loss	: 0.0600
-------------------------------------
[Epoch : 36/40]
Src_cls_loss	: 0.0584
-------------------------------------
[Epoch : 37/40]
Src_cls_loss	: 0.0569
-------------------------------------
[Epoch : 38/40]
Src_cls_loss	: 0.0555
-------------------------------------
[Epoch : 39/40]
Src_cls_loss	: 0.0542
-------------------------------------
[Epoch : 40/40]
Src_cls_loss	: 0.0532
-------------------------------------
