=============================================
Dataset: pamap_mobiact
Method:  SYN
=============================================
Source: syn_wal_18 ---> Target: dp_wal_18
Run ID: 5
=============================================
[Epoch : 1/40]
Src_cls_loss	: 0.7014
-------------------------------------
[Epoch : 2/40]
Src_cls_loss	: 0.5463
-------------------------------------
[Epoch : 3/40]
Src_cls_loss	: 0.4462
-------------------------------------
[Epoch : 4/40]
Src_cls_loss	: 0.3754
-------------------------------------
[Epoch : 5/40]
Src_cls_loss	: 0.3201
-------------------------------------
[Epoch : 6/40]
Src_cls_loss	: 0.2801
-------------------------------------
[Epoch : 7/40]
Src_cls_loss	: 0.2500
-------------------------------------
[Epoch : 8/40]
Src_cls_loss	: 0.2264
-------------------------------------
[Epoch : 9/40]
Src_cls_loss	: 0.2052
-------------------------------------
[Epoch : 10/40]
Src_cls_loss	: 0.1879
-------------------------------------
[Epoch : 11/40]
Src_cls_loss	: 0.1733
-------------------------------------
[Epoch : 12/40]
Src_cls_loss	: 0.1605
-------------------------------------
[Epoch : 13/40]
Src_cls_loss	: 0.1503
-------------------------------------
[Epoch : 14/40]
Src_cls_loss	: 0.1407
-------------------------------------
[Epoch : 15/40]
Src_cls_loss	: 0.1324
-------------------------------------
[Epoch : 16/40]
Src_cls_loss	: 0.1256
-------------------------------------
[Epoch : 17/40]
Src_cls_loss	: 0.1195
-------------------------------------
[Epoch : 18/40]
Src_cls_loss	: 0.1139
-------------------------------------
[Epoch : 19/40]
Src_cls_loss	: 0.1090
-------------------------------------
[Epoch : 20/40]
Src_cls_loss	: 0.1041
-------------------------------------
[Epoch : 21/40]
Src_cls_loss	: 0.0997
-------------------------------------
[Epoch : 22/40]
Src_cls_loss	: 0.0955
-------------------------------------
[Epoch : 23/40]
Src_cls_loss	: 0.0918
-------------------------------------
[Epoch : 24/40]
Src_cls_loss	: 0.0882
-------------------------------------
[Epoch : 25/40]
Src_cls_loss	: 0.0849
-------------------------------------
[Epoch : 26/40]
Src_cls_loss	: 0.0818
-------------------------------------
[Epoch : 27/40]
Src_cls_loss	: 0.0789
-------------------------------------
[Epoch : 28/40]
Src_cls_loss	: 0.0764
-------------------------------------
[Epoch : 29/40]
Src_cls_loss	: 0.0747
-------------------------------------
[Epoch : 30/40]
Src_cls_loss	: 0.0726
-------------------------------------
[Epoch : 31/40]
Src_cls_loss	: 0.0705
-------------------------------------
[Epoch : 32/40]
Src_cls_loss	: 0.0685
-------------------------------------
[Epoch : 33/40]
Src_cls_loss	: 0.0666
-------------------------------------
[Epoch : 34/40]
Src_cls_loss	: 0.0648
-------------------------------------
[Epoch : 35/40]
Src_cls_loss	: 0.0630
-------------------------------------
[Epoch : 36/40]
Src_cls_loss	: 0.0614
-------------------------------------
[Epoch : 37/40]
Src_cls_loss	: 0.0599
-------------------------------------
[Epoch : 38/40]
Src_cls_loss	: 0.0586
-------------------------------------
[Epoch : 39/40]
Src_cls_loss	: 0.0572
-------------------------------------
[Epoch : 40/40]
Src_cls_loss	: 0.0559
-------------------------------------
