=============================================
Dataset: pamap_mobiact
Method:  SYN
=============================================
Source: syn_wal_54 ---> Target: dp_wal_54
Run ID: 1
=============================================
[Epoch : 1/40]
Src_cls_loss	: 0.6509
-------------------------------------
[Epoch : 2/40]
Src_cls_loss	: 0.4725
-------------------------------------
[Epoch : 3/40]
Src_cls_loss	: 0.3707
-------------------------------------
[Epoch : 4/40]
Src_cls_loss	: 0.3018
-------------------------------------
[Epoch : 5/40]
Src_cls_loss	: 0.2593
-------------------------------------
[Epoch : 6/40]
Src_cls_loss	: 0.2259
-------------------------------------
[Epoch : 7/40]
Src_cls_loss	: 0.2008
-------------------------------------
[Epoch : 8/40]
Src_cls_loss	: 0.1813
-------------------------------------
[Epoch : 9/40]
Src_cls_loss	: 0.1647
-------------------------------------
[Epoch : 10/40]
Src_cls_loss	: 0.1514
-------------------------------------
[Epoch : 11/40]
Src_cls_loss	: 0.1397
-------------------------------------
[Epoch : 12/40]
Src_cls_loss	: 0.1296
-------------------------------------
[Epoch : 13/40]
Src_cls_loss	: 0.1207
-------------------------------------
[Epoch : 14/40]
Src_cls_loss	: 0.1134
-------------------------------------
[Epoch : 15/40]
Src_cls_loss	: 0.1068
-------------------------------------
[Epoch : 16/40]
Src_cls_loss	: 0.1008
-------------------------------------
[Epoch : 17/40]
Src_cls_loss	: 0.0957
-------------------------------------
[Epoch : 18/40]
Src_cls_loss	: 0.0911
-------------------------------------
[Epoch : 19/40]
Src_cls_loss	: 0.0867
-------------------------------------
[Epoch : 20/40]
Src_cls_loss	: 0.0831
-------------------------------------
[Epoch : 21/40]
Src_cls_loss	: 0.0796
-------------------------------------
[Epoch : 22/40]
Src_cls_loss	: 0.0764
-------------------------------------
[Epoch : 23/40]
Src_cls_loss	: 0.0733
-------------------------------------
[Epoch : 24/40]
Src_cls_loss	: 0.0704
-------------------------------------
[Epoch : 25/40]
Src_cls_loss	: 0.0679
-------------------------------------
[Epoch : 26/40]
Src_cls_loss	: 0.0655
-------------------------------------
[Epoch : 27/40]
Src_cls_loss	: 0.0631
-------------------------------------
[Epoch : 28/40]
Src_cls_loss	: 0.0611
-------------------------------------
[Epoch : 29/40]
Src_cls_loss	: 0.0593
-------------------------------------
[Epoch : 30/40]
Src_cls_loss	: 0.0574
-------------------------------------
[Epoch : 31/40]
Src_cls_loss	: 0.0557
-------------------------------------
[Epoch : 32/40]
Src_cls_loss	: 0.0544
-------------------------------------
[Epoch : 33/40]
Src_cls_loss	: 0.0530
-------------------------------------
[Epoch : 34/40]
Src_cls_loss	: 0.0515
-------------------------------------
[Epoch : 35/40]
Src_cls_loss	: 0.0502
-------------------------------------
[Epoch : 36/40]
Src_cls_loss	: 0.0489
-------------------------------------
[Epoch : 37/40]
Src_cls_loss	: 0.0476
-------------------------------------
[Epoch : 38/40]
Src_cls_loss	: 0.0465
-------------------------------------
[Epoch : 39/40]
Src_cls_loss	: 0.0455
-------------------------------------
[Epoch : 40/40]
Src_cls_loss	: 0.0445
-------------------------------------
