=============================================
Dataset: realworld_mobiact
Method:  Deep_Coral
=============================================
Source: df ---> Target: dp_wal_65
Run ID: 0
=============================================
[Epoch : 1/40]
Total_loss	: 2.4512
Src_cls_loss	: 0.3672
coral_loss	: 0.0007
-------------------------------------
[Epoch : 2/40]
Total_loss	: 2.0023
Src_cls_loss	: 0.2999
coral_loss	: 0.0006
-------------------------------------
[Epoch : 3/40]
Total_loss	: 1.7611
Src_cls_loss	: 0.2637
coral_loss	: 0.0006
-------------------------------------
[Epoch : 4/40]
Total_loss	: 1.6042
Src_cls_loss	: 0.2402
coral_loss	: 0.0006
-------------------------------------
[Epoch : 5/40]
Total_loss	: 1.4925
Src_cls_loss	: 0.2234
coral_loss	: 0.0006
-------------------------------------
[Epoch : 6/40]
Total_loss	: 1.4100
Src_cls_loss	: 0.2111
coral_loss	: 0.0006
-------------------------------------
[Epoch : 7/40]
Total_loss	: 1.3454
Src_cls_loss	: 0.2014
coral_loss	: 0.0005
-------------------------------------
[Epoch : 8/40]
Total_loss	: 1.2857
Src_cls_loss	: 0.1924
coral_loss	: 0.0005
-------------------------------------
[Epoch : 9/40]
Total_loss	: 1.2287
Src_cls_loss	: 0.1839
coral_loss	: 0.0005
-------------------------------------
[Epoch : 10/40]
Total_loss	: 1.1809
Src_cls_loss	: 0.1767
coral_loss	: 0.0005
-------------------------------------
[Epoch : 11/40]
Total_loss	: 1.1381
Src_cls_loss	: 0.1703
coral_loss	: 0.0005
-------------------------------------
[Epoch : 12/40]
Total_loss	: 1.0993
Src_cls_loss	: 0.1645
coral_loss	: 0.0005
-------------------------------------
[Epoch : 13/40]
Total_loss	: 1.0637
Src_cls_loss	: 0.1592
coral_loss	: 0.0005
-------------------------------------
[Epoch : 14/40]
Total_loss	: 1.0316
Src_cls_loss	: 0.1544
coral_loss	: 0.0004
-------------------------------------
[Epoch : 15/40]
Total_loss	: 1.0019
Src_cls_loss	: 0.1499
coral_loss	: 0.0004
-------------------------------------
[Epoch : 16/40]
Total_loss	: 0.9731
Src_cls_loss	: 0.1456
coral_loss	: 0.0004
-------------------------------------
[Epoch : 17/40]
Total_loss	: 0.9464
Src_cls_loss	: 0.1416
coral_loss	: 0.0004
-------------------------------------
[Epoch : 18/40]
Total_loss	: 0.9226
Src_cls_loss	: 0.1381
coral_loss	: 0.0004
-------------------------------------
[Epoch : 19/40]
Total_loss	: 0.8983
Src_cls_loss	: 0.1344
coral_loss	: 0.0004
-------------------------------------
[Epoch : 20/40]
Total_loss	: 0.8760
Src_cls_loss	: 0.1311
coral_loss	: 0.0004
-------------------------------------
[Epoch : 21/40]
Total_loss	: 0.8544
Src_cls_loss	: 0.1279
coral_loss	: 0.0004
-------------------------------------
[Epoch : 22/40]
Total_loss	: 0.8337
Src_cls_loss	: 0.1248
coral_loss	: 0.0004
-------------------------------------
[Epoch : 23/40]
Total_loss	: 0.8144
Src_cls_loss	: 0.1219
coral_loss	: 0.0004
-------------------------------------
[Epoch : 24/40]
Total_loss	: 0.7957
Src_cls_loss	: 0.1191
coral_loss	: 0.0004
-------------------------------------
[Epoch : 25/40]
Total_loss	: 0.7778
Src_cls_loss	: 0.1164
coral_loss	: 0.0004
-------------------------------------
[Epoch : 26/40]
Total_loss	: 0.7597
Src_cls_loss	: 0.1137
coral_loss	: 0.0004
-------------------------------------
[Epoch : 27/40]
Total_loss	: 0.7433
Src_cls_loss	: 0.1112
coral_loss	: 0.0003
-------------------------------------
[Epoch : 28/40]
Total_loss	: 0.7272
Src_cls_loss	: 0.1088
coral_loss	: 0.0003
-------------------------------------
[Epoch : 29/40]
Total_loss	: 0.7124
Src_cls_loss	: 0.1066
coral_loss	: 0.0003
-------------------------------------
[Epoch : 30/40]
Total_loss	: 0.6984
Src_cls_loss	: 0.1045
coral_loss	: 0.0003
-------------------------------------
[Epoch : 31/40]
Total_loss	: 0.6838
Src_cls_loss	: 0.1023
coral_loss	: 0.0003
-------------------------------------
[Epoch : 32/40]
Total_loss	: 0.6700
Src_cls_loss	: 0.1002
coral_loss	: 0.0003
-------------------------------------
[Epoch : 33/40]
Total_loss	: 0.6575
Src_cls_loss	: 0.0984
coral_loss	: 0.0003
-------------------------------------
[Epoch : 34/40]
Total_loss	: 0.6454
Src_cls_loss	: 0.0966
coral_loss	: 0.0003
-------------------------------------
[Epoch : 35/40]
Total_loss	: 0.6327
Src_cls_loss	: 0.0947
coral_loss	: 0.0003
-------------------------------------
[Epoch : 36/40]
Total_loss	: 0.6215
Src_cls_loss	: 0.0930
coral_loss	: 0.0003
-------------------------------------
[Epoch : 37/40]
Total_loss	: 0.6098
Src_cls_loss	: 0.0912
coral_loss	: 0.0003
-------------------------------------
[Epoch : 38/40]
Total_loss	: 0.5989
Src_cls_loss	: 0.0896
coral_loss	: 0.0003
-------------------------------------
[Epoch : 39/40]
Total_loss	: 0.5884
Src_cls_loss	: 0.0880
coral_loss	: 0.0003
-------------------------------------
[Epoch : 40/40]
Total_loss	: 0.5788
Src_cls_loss	: 0.0866
coral_loss	: 0.0003
-------------------------------------
