=============================================
Dataset: pamap_mobiact
Method:  NO_ADAPT
=============================================
Source: syn_46 ---> Target: dp_46
Run ID: 5
=============================================
[Epoch : 1/40]
Src_cls_loss	: 0.5662
-------------------------------------
[Epoch : 2/40]
Src_cls_loss	: 0.4219
-------------------------------------
[Epoch : 3/40]
Src_cls_loss	: 0.3489
-------------------------------------
[Epoch : 4/40]
Src_cls_loss	: 0.2939
-------------------------------------
[Epoch : 5/40]
Src_cls_loss	: 0.2559
-------------------------------------
[Epoch : 6/40]
Src_cls_loss	: 0.2285
-------------------------------------
[Epoch : 7/40]
Src_cls_loss	: 0.2068
-------------------------------------
[Epoch : 8/40]
Src_cls_loss	: 0.1894
-------------------------------------
[Epoch : 9/40]
Src_cls_loss	: 0.1760
-------------------------------------
[Epoch : 10/40]
Src_cls_loss	: 0.1627
-------------------------------------
[Epoch : 11/40]
Src_cls_loss	: 0.1514
-------------------------------------
[Epoch : 12/40]
Src_cls_loss	: 0.1420
-------------------------------------
[Epoch : 13/40]
Src_cls_loss	: 0.1339
-------------------------------------
[Epoch : 14/40]
Src_cls_loss	: 0.1265
-------------------------------------
[Epoch : 15/40]
Src_cls_loss	: 0.1192
-------------------------------------
[Epoch : 16/40]
Src_cls_loss	: 0.1137
-------------------------------------
[Epoch : 17/40]
Src_cls_loss	: 0.1091
-------------------------------------
[Epoch : 18/40]
Src_cls_loss	: 0.1047
-------------------------------------
[Epoch : 19/40]
Src_cls_loss	: 0.1003
-------------------------------------
[Epoch : 20/40]
Src_cls_loss	: 0.0965
-------------------------------------
[Epoch : 21/40]
Src_cls_loss	: 0.0935
-------------------------------------
[Epoch : 22/40]
Src_cls_loss	: 0.0906
-------------------------------------
[Epoch : 23/40]
Src_cls_loss	: 0.0870
-------------------------------------
[Epoch : 24/40]
Src_cls_loss	: 0.0841
-------------------------------------
[Epoch : 25/40]
Src_cls_loss	: 0.0810
-------------------------------------
[Epoch : 26/40]
Src_cls_loss	: 0.0785
-------------------------------------
[Epoch : 27/40]
Src_cls_loss	: 0.0759
-------------------------------------
[Epoch : 28/40]
Src_cls_loss	: 0.0739
-------------------------------------
[Epoch : 29/40]
Src_cls_loss	: 0.0717
-------------------------------------
[Epoch : 30/40]
Src_cls_loss	: 0.0695
-------------------------------------
[Epoch : 31/40]
Src_cls_loss	: 0.0676
-------------------------------------
[Epoch : 32/40]
Src_cls_loss	: 0.0658
-------------------------------------
[Epoch : 33/40]
Src_cls_loss	: 0.0643
-------------------------------------
[Epoch : 34/40]
Src_cls_loss	: 0.0629
-------------------------------------
[Epoch : 35/40]
Src_cls_loss	: 0.0616
-------------------------------------
[Epoch : 36/40]
Src_cls_loss	: 0.0602
-------------------------------------
[Epoch : 37/40]
Src_cls_loss	: 0.0589
-------------------------------------
[Epoch : 38/40]
Src_cls_loss	: 0.0577
-------------------------------------
[Epoch : 39/40]
Src_cls_loss	: 0.0565
-------------------------------------
[Epoch : 40/40]
Src_cls_loss	: 0.0554
-------------------------------------
