=============================================
Dataset: realworld_mobiact
Method:  NO_ADAPT
=============================================
Source: syn_55 ---> Target: dp_55
Run ID: 7
=============================================
[Epoch : 1/40]
Src_cls_loss	: 0.8356
-------------------------------------
[Epoch : 2/40]
Src_cls_loss	: 0.6693
-------------------------------------
[Epoch : 3/40]
Src_cls_loss	: 0.5399
-------------------------------------
[Epoch : 4/40]
Src_cls_loss	: 0.4499
-------------------------------------
[Epoch : 5/40]
Src_cls_loss	: 0.3807
-------------------------------------
[Epoch : 6/40]
Src_cls_loss	: 0.3320
-------------------------------------
[Epoch : 7/40]
Src_cls_loss	: 0.2956
-------------------------------------
[Epoch : 8/40]
Src_cls_loss	: 0.2654
-------------------------------------
[Epoch : 9/40]
Src_cls_loss	: 0.2407
-------------------------------------
[Epoch : 10/40]
Src_cls_loss	: 0.2206
-------------------------------------
[Epoch : 11/40]
Src_cls_loss	: 0.2035
-------------------------------------
[Epoch : 12/40]
Src_cls_loss	: 0.1887
-------------------------------------
[Epoch : 13/40]
Src_cls_loss	: 0.1760
-------------------------------------
[Epoch : 14/40]
Src_cls_loss	: 0.1653
-------------------------------------
[Epoch : 15/40]
Src_cls_loss	: 0.1565
-------------------------------------
[Epoch : 16/40]
Src_cls_loss	: 0.1481
-------------------------------------
[Epoch : 17/40]
Src_cls_loss	: 0.1407
-------------------------------------
[Epoch : 18/40]
Src_cls_loss	: 0.1339
-------------------------------------
[Epoch : 19/40]
Src_cls_loss	: 0.1278
-------------------------------------
[Epoch : 20/40]
Src_cls_loss	: 0.1223
-------------------------------------
[Epoch : 21/40]
Src_cls_loss	: 0.1174
-------------------------------------
[Epoch : 22/40]
Src_cls_loss	: 0.1139
-------------------------------------
[Epoch : 23/40]
Src_cls_loss	: 0.1097
-------------------------------------
[Epoch : 24/40]
Src_cls_loss	: 0.1058
-------------------------------------
[Epoch : 25/40]
Src_cls_loss	: 0.1021
-------------------------------------
[Epoch : 26/40]
Src_cls_loss	: 0.0987
-------------------------------------
[Epoch : 27/40]
Src_cls_loss	: 0.0956
-------------------------------------
[Epoch : 28/40]
Src_cls_loss	: 0.0927
-------------------------------------
[Epoch : 29/40]
Src_cls_loss	: 0.0901
-------------------------------------
[Epoch : 30/40]
Src_cls_loss	: 0.0877
-------------------------------------
[Epoch : 31/40]
Src_cls_loss	: 0.0854
-------------------------------------
[Epoch : 32/40]
Src_cls_loss	: 0.0831
-------------------------------------
[Epoch : 33/40]
Src_cls_loss	: 0.0809
-------------------------------------
[Epoch : 34/40]
Src_cls_loss	: 0.0789
-------------------------------------
[Epoch : 35/40]
Src_cls_loss	: 0.0770
-------------------------------------
[Epoch : 36/40]
Src_cls_loss	: 0.0752
-------------------------------------
[Epoch : 37/40]
Src_cls_loss	: 0.0734
-------------------------------------
[Epoch : 38/40]
Src_cls_loss	: 0.0717
-------------------------------------
[Epoch : 39/40]
Src_cls_loss	: 0.0700
-------------------------------------
[Epoch : 40/40]
Src_cls_loss	: 0.0686
-------------------------------------
