=============================================
Dataset: mobiact_pamap
Method:  SYN
=============================================
Source: syn_wal_61 ---> Target: dp_wal_61
Run ID: 4
=============================================
[Epoch : 1/40]
Src_cls_loss	: 0.8286
-------------------------------------
[Epoch : 2/40]
Src_cls_loss	: 0.6233
-------------------------------------
[Epoch : 3/40]
Src_cls_loss	: 0.5000
-------------------------------------
[Epoch : 4/40]
Src_cls_loss	: 0.4213
-------------------------------------
[Epoch : 5/40]
Src_cls_loss	: 0.3646
-------------------------------------
[Epoch : 6/40]
Src_cls_loss	: 0.3207
-------------------------------------
[Epoch : 7/40]
Src_cls_loss	: 0.2881
-------------------------------------
[Epoch : 8/40]
Src_cls_loss	: 0.2627
-------------------------------------
[Epoch : 9/40]
Src_cls_loss	: 0.2409
-------------------------------------
[Epoch : 10/40]
Src_cls_loss	: 0.2219
-------------------------------------
[Epoch : 11/40]
Src_cls_loss	: 0.2056
-------------------------------------
[Epoch : 12/40]
Src_cls_loss	: 0.1908
-------------------------------------
[Epoch : 13/40]
Src_cls_loss	: 0.1783
-------------------------------------
[Epoch : 14/40]
Src_cls_loss	: 0.1694
-------------------------------------
[Epoch : 15/40]
Src_cls_loss	: 0.1600
-------------------------------------
[Epoch : 16/40]
Src_cls_loss	: 0.1510
-------------------------------------
[Epoch : 17/40]
Src_cls_loss	: 0.1432
-------------------------------------
[Epoch : 18/40]
Src_cls_loss	: 0.1362
-------------------------------------
[Epoch : 19/40]
Src_cls_loss	: 0.1300
-------------------------------------
[Epoch : 20/40]
Src_cls_loss	: 0.1241
-------------------------------------
[Epoch : 21/40]
Src_cls_loss	: 0.1187
-------------------------------------
[Epoch : 22/40]
Src_cls_loss	: 0.1138
-------------------------------------
[Epoch : 23/40]
Src_cls_loss	: 0.1092
-------------------------------------
[Epoch : 24/40]
Src_cls_loss	: 0.1051
-------------------------------------
[Epoch : 25/40]
Src_cls_loss	: 0.1012
-------------------------------------
[Epoch : 26/40]
Src_cls_loss	: 0.0977
-------------------------------------
[Epoch : 27/40]
Src_cls_loss	: 0.0947
-------------------------------------
[Epoch : 28/40]
Src_cls_loss	: 0.0917
-------------------------------------
[Epoch : 29/40]
Src_cls_loss	: 0.0887
-------------------------------------
[Epoch : 30/40]
Src_cls_loss	: 0.0860
-------------------------------------
[Epoch : 31/40]
Src_cls_loss	: 0.0834
-------------------------------------
[Epoch : 32/40]
Src_cls_loss	: 0.0809
-------------------------------------
[Epoch : 33/40]
Src_cls_loss	: 0.0785
-------------------------------------
[Epoch : 34/40]
Src_cls_loss	: 0.0764
-------------------------------------
[Epoch : 35/40]
Src_cls_loss	: 0.0745
-------------------------------------
[Epoch : 36/40]
Src_cls_loss	: 0.0727
-------------------------------------
[Epoch : 37/40]
Src_cls_loss	: 0.0710
-------------------------------------
[Epoch : 38/40]
Src_cls_loss	: 0.0693
-------------------------------------
[Epoch : 39/40]
Src_cls_loss	: 0.0676
-------------------------------------
[Epoch : 40/40]
Src_cls_loss	: 0.0660
-------------------------------------
