=============================================
Dataset: pamap_mobiact
Method:  Deep_Coral
=============================================
Source: df ---> Target: dp_wal_44
Run ID: 0
=============================================
[Epoch : 1/40]
Total_loss	: 4.4262
Src_cls_loss	: 0.6635
coral_loss	: 0.0009
-------------------------------------
[Epoch : 2/40]
Total_loss	: 3.8578
Src_cls_loss	: 0.5781
coral_loss	: 0.0009
-------------------------------------
[Epoch : 3/40]
Total_loss	: 3.4254
Src_cls_loss	: 0.5132
coral_loss	: 0.0010
-------------------------------------
[Epoch : 4/40]
Total_loss	: 3.1750
Src_cls_loss	: 0.4756
coral_loss	: 0.0010
-------------------------------------
[Epoch : 5/40]
Total_loss	: 2.9061
Src_cls_loss	: 0.4352
coral_loss	: 0.0010
-------------------------------------
[Epoch : 6/40]
Total_loss	: 2.7412
Src_cls_loss	: 0.4105
coral_loss	: 0.0009
-------------------------------------
[Epoch : 7/40]
Total_loss	: 2.5851
Src_cls_loss	: 0.3871
coral_loss	: 0.0009
-------------------------------------
[Epoch : 8/40]
Total_loss	: 2.4257
Src_cls_loss	: 0.3631
coral_loss	: 0.0009
-------------------------------------
[Epoch : 9/40]
Total_loss	: 2.2995
Src_cls_loss	: 0.3442
coral_loss	: 0.0009
-------------------------------------
[Epoch : 10/40]
Total_loss	: 2.1994
Src_cls_loss	: 0.3292
coral_loss	: 0.0009
-------------------------------------
[Epoch : 11/40]
Total_loss	: 2.1113
Src_cls_loss	: 0.3160
coral_loss	: 0.0009
-------------------------------------
[Epoch : 12/40]
Total_loss	: 2.0260
Src_cls_loss	: 0.3032
coral_loss	: 0.0009
-------------------------------------
[Epoch : 13/40]
Total_loss	: 1.9511
Src_cls_loss	: 0.2919
coral_loss	: 0.0009
-------------------------------------
[Epoch : 14/40]
Total_loss	: 1.8771
Src_cls_loss	: 0.2809
coral_loss	: 0.0009
-------------------------------------
[Epoch : 15/40]
Total_loss	: 1.8176
Src_cls_loss	: 0.2719
coral_loss	: 0.0009
-------------------------------------
[Epoch : 16/40]
Total_loss	: 1.7595
Src_cls_loss	: 0.2632
coral_loss	: 0.0009
-------------------------------------
[Epoch : 17/40]
Total_loss	: 1.7101
Src_cls_loss	: 0.2558
coral_loss	: 0.0009
-------------------------------------
[Epoch : 18/40]
Total_loss	: 1.6656
Src_cls_loss	: 0.2491
coral_loss	: 0.0009
-------------------------------------
[Epoch : 19/40]
Total_loss	: 1.6205
Src_cls_loss	: 0.2424
coral_loss	: 0.0009
-------------------------------------
[Epoch : 20/40]
Total_loss	: 1.5781
Src_cls_loss	: 0.2360
coral_loss	: 0.0009
-------------------------------------
[Epoch : 21/40]
Total_loss	: 1.5375
Src_cls_loss	: 0.2299
coral_loss	: 0.0009
-------------------------------------
[Epoch : 22/40]
Total_loss	: 1.5004
Src_cls_loss	: 0.2243
coral_loss	: 0.0009
-------------------------------------
[Epoch : 23/40]
Total_loss	: 1.4655
Src_cls_loss	: 0.2191
coral_loss	: 0.0008
-------------------------------------
[Epoch : 24/40]
Total_loss	: 1.4387
Src_cls_loss	: 0.2151
coral_loss	: 0.0009
-------------------------------------
[Epoch : 25/40]
Total_loss	: 1.4106
Src_cls_loss	: 0.2109
coral_loss	: 0.0008
-------------------------------------
[Epoch : 26/40]
Total_loss	: 1.3814
Src_cls_loss	: 0.2065
coral_loss	: 0.0008
-------------------------------------
[Epoch : 27/40]
Total_loss	: 1.3577
Src_cls_loss	: 0.2030
coral_loss	: 0.0008
-------------------------------------
[Epoch : 28/40]
Total_loss	: 1.3372
Src_cls_loss	: 0.1999
coral_loss	: 0.0008
-------------------------------------
[Epoch : 29/40]
Total_loss	: 1.3127
Src_cls_loss	: 0.1962
coral_loss	: 0.0008
-------------------------------------
[Epoch : 30/40]
Total_loss	: 1.2964
Src_cls_loss	: 0.1938
coral_loss	: 0.0008
-------------------------------------
[Epoch : 31/40]
Total_loss	: 1.2829
Src_cls_loss	: 0.1917
coral_loss	: 0.0008
-------------------------------------
[Epoch : 32/40]
Total_loss	: 1.2627
Src_cls_loss	: 0.1887
coral_loss	: 0.0008
-------------------------------------
[Epoch : 33/40]
Total_loss	: 1.2427
Src_cls_loss	: 0.1857
coral_loss	: 0.0008
-------------------------------------
[Epoch : 34/40]
Total_loss	: 1.2224
Src_cls_loss	: 0.1827
coral_loss	: 0.0008
-------------------------------------
[Epoch : 35/40]
Total_loss	: 1.2072
Src_cls_loss	: 0.1804
coral_loss	: 0.0008
-------------------------------------
[Epoch : 36/40]
Total_loss	: 1.1896
Src_cls_loss	: 0.1777
coral_loss	: 0.0008
-------------------------------------
[Epoch : 37/40]
Total_loss	: 1.1723
Src_cls_loss	: 0.1752
coral_loss	: 0.0008
-------------------------------------
[Epoch : 38/40]
Total_loss	: 1.1560
Src_cls_loss	: 0.1727
coral_loss	: 0.0008
-------------------------------------
[Epoch : 39/40]
Total_loss	: 1.1412
Src_cls_loss	: 0.1705
coral_loss	: 0.0008
-------------------------------------
[Epoch : 40/40]
Total_loss	: 1.1275
Src_cls_loss	: 0.1684
coral_loss	: 0.0008
-------------------------------------
