=============================================
Dataset: realworld_mobiact
Method:  SYN
=============================================
Source: syn_wal_39 ---> Target: dp_wal_39
Run ID: 6
=============================================
[Epoch : 1/40]
Src_cls_loss	: 0.9156
-------------------------------------
[Epoch : 2/40]
Src_cls_loss	: 0.7652
-------------------------------------
[Epoch : 3/40]
Src_cls_loss	: 0.6242
-------------------------------------
[Epoch : 4/40]
Src_cls_loss	: 0.5119
-------------------------------------
[Epoch : 5/40]
Src_cls_loss	: 0.4312
-------------------------------------
[Epoch : 6/40]
Src_cls_loss	: 0.3702
-------------------------------------
[Epoch : 7/40]
Src_cls_loss	: 0.3255
-------------------------------------
[Epoch : 8/40]
Src_cls_loss	: 0.2923
-------------------------------------
[Epoch : 9/40]
Src_cls_loss	: 0.2649
-------------------------------------
[Epoch : 10/40]
Src_cls_loss	: 0.2406
-------------------------------------
[Epoch : 11/40]
Src_cls_loss	: 0.2206
-------------------------------------
[Epoch : 12/40]
Src_cls_loss	: 0.2040
-------------------------------------
[Epoch : 13/40]
Src_cls_loss	: 0.1898
-------------------------------------
[Epoch : 14/40]
Src_cls_loss	: 0.1771
-------------------------------------
[Epoch : 15/40]
Src_cls_loss	: 0.1661
-------------------------------------
[Epoch : 16/40]
Src_cls_loss	: 0.1564
-------------------------------------
[Epoch : 17/40]
Src_cls_loss	: 0.1477
-------------------------------------
[Epoch : 18/40]
Src_cls_loss	: 0.1401
-------------------------------------
[Epoch : 19/40]
Src_cls_loss	: 0.1333
-------------------------------------
[Epoch : 20/40]
Src_cls_loss	: 0.1272
-------------------------------------
[Epoch : 21/40]
Src_cls_loss	: 0.1215
-------------------------------------
[Epoch : 22/40]
Src_cls_loss	: 0.1163
-------------------------------------
[Epoch : 23/40]
Src_cls_loss	: 0.1116
-------------------------------------
[Epoch : 24/40]
Src_cls_loss	: 0.1073
-------------------------------------
[Epoch : 25/40]
Src_cls_loss	: 0.1034
-------------------------------------
[Epoch : 26/40]
Src_cls_loss	: 0.0997
-------------------------------------
[Epoch : 27/40]
Src_cls_loss	: 0.0963
-------------------------------------
[Epoch : 28/40]
Src_cls_loss	: 0.0931
-------------------------------------
[Epoch : 29/40]
Src_cls_loss	: 0.0900
-------------------------------------
[Epoch : 30/40]
Src_cls_loss	: 0.0871
-------------------------------------
[Epoch : 31/40]
Src_cls_loss	: 0.0844
-------------------------------------
[Epoch : 32/40]
Src_cls_loss	: 0.0819
-------------------------------------
[Epoch : 33/40]
Src_cls_loss	: 0.0795
-------------------------------------
[Epoch : 34/40]
Src_cls_loss	: 0.0773
-------------------------------------
[Epoch : 35/40]
Src_cls_loss	: 0.0753
-------------------------------------
[Epoch : 36/40]
Src_cls_loss	: 0.0732
-------------------------------------
[Epoch : 37/40]
Src_cls_loss	: 0.0714
-------------------------------------
[Epoch : 38/40]
Src_cls_loss	: 0.0695
-------------------------------------
[Epoch : 39/40]
Src_cls_loss	: 0.0678
-------------------------------------
[Epoch : 40/40]
Src_cls_loss	: 0.0662
-------------------------------------
