=============================================
Dataset: pamap_mobiact
Method:  SYN
=============================================
Source: syn_wal_64 ---> Target: dp_wal_64
Run ID: 7
=============================================
[Epoch : 1/40]
Src_cls_loss	: 0.5925
-------------------------------------
[Epoch : 2/40]
Src_cls_loss	: 0.4300
-------------------------------------
[Epoch : 3/40]
Src_cls_loss	: 0.3457
-------------------------------------
[Epoch : 4/40]
Src_cls_loss	: 0.2880
-------------------------------------
[Epoch : 5/40]
Src_cls_loss	: 0.2518
-------------------------------------
[Epoch : 6/40]
Src_cls_loss	: 0.2222
-------------------------------------
[Epoch : 7/40]
Src_cls_loss	: 0.1988
-------------------------------------
[Epoch : 8/40]
Src_cls_loss	: 0.1789
-------------------------------------
[Epoch : 9/40]
Src_cls_loss	: 0.1620
-------------------------------------
[Epoch : 10/40]
Src_cls_loss	: 0.1488
-------------------------------------
[Epoch : 11/40]
Src_cls_loss	: 0.1370
-------------------------------------
[Epoch : 12/40]
Src_cls_loss	: 0.1270
-------------------------------------
[Epoch : 13/40]
Src_cls_loss	: 0.1185
-------------------------------------
[Epoch : 14/40]
Src_cls_loss	: 0.1111
-------------------------------------
[Epoch : 15/40]
Src_cls_loss	: 0.1043
-------------------------------------
[Epoch : 16/40]
Src_cls_loss	: 0.0983
-------------------------------------
[Epoch : 17/40]
Src_cls_loss	: 0.0932
-------------------------------------
[Epoch : 18/40]
Src_cls_loss	: 0.0887
-------------------------------------
[Epoch : 19/40]
Src_cls_loss	: 0.0844
-------------------------------------
[Epoch : 20/40]
Src_cls_loss	: 0.0805
-------------------------------------
[Epoch : 21/40]
Src_cls_loss	: 0.0769
-------------------------------------
[Epoch : 22/40]
Src_cls_loss	: 0.0737
-------------------------------------
[Epoch : 23/40]
Src_cls_loss	: 0.0707
-------------------------------------
[Epoch : 24/40]
Src_cls_loss	: 0.0680
-------------------------------------
[Epoch : 25/40]
Src_cls_loss	: 0.0655
-------------------------------------
[Epoch : 26/40]
Src_cls_loss	: 0.0631
-------------------------------------
[Epoch : 27/40]
Src_cls_loss	: 0.0611
-------------------------------------
[Epoch : 28/40]
Src_cls_loss	: 0.0593
-------------------------------------
[Epoch : 29/40]
Src_cls_loss	: 0.0576
-------------------------------------
[Epoch : 30/40]
Src_cls_loss	: 0.0559
-------------------------------------
[Epoch : 31/40]
Src_cls_loss	: 0.0542
-------------------------------------
[Epoch : 32/40]
Src_cls_loss	: 0.0527
-------------------------------------
[Epoch : 33/40]
Src_cls_loss	: 0.0512
-------------------------------------
[Epoch : 34/40]
Src_cls_loss	: 0.0499
-------------------------------------
[Epoch : 35/40]
Src_cls_loss	: 0.0485
-------------------------------------
[Epoch : 36/40]
Src_cls_loss	: 0.0472
-------------------------------------
[Epoch : 37/40]
Src_cls_loss	: 0.0460
-------------------------------------
[Epoch : 38/40]
Src_cls_loss	: 0.0449
-------------------------------------
[Epoch : 39/40]
Src_cls_loss	: 0.0438
-------------------------------------
[Epoch : 40/40]
Src_cls_loss	: 0.0427
-------------------------------------
