=============================================
Dataset: mobiact_realworld
Method:  Deep_Coral
=============================================
Source: df ---> Target: dp_wal_62
Run ID: 0
=============================================
[Epoch : 1/40]
Total_loss	: 2.2729
Src_cls_loss	: 0.3407
coral_loss	: 0.0004
-------------------------------------
[Epoch : 2/40]
Total_loss	: 1.5960
Src_cls_loss	: 0.2392
coral_loss	: 0.0004
-------------------------------------
[Epoch : 3/40]
Total_loss	: 1.2686
Src_cls_loss	: 0.1901
coral_loss	: 0.0003
-------------------------------------
[Epoch : 4/40]
Total_loss	: 1.0716
Src_cls_loss	: 0.1605
coral_loss	: 0.0003
-------------------------------------
[Epoch : 5/40]
Total_loss	: 0.9298
Src_cls_loss	: 0.1392
coral_loss	: 0.0003
-------------------------------------
[Epoch : 6/40]
Total_loss	: 0.8289
Src_cls_loss	: 0.1241
coral_loss	: 0.0003
-------------------------------------
[Epoch : 7/40]
Total_loss	: 0.7444
Src_cls_loss	: 0.1114
coral_loss	: 0.0003
-------------------------------------
[Epoch : 8/40]
Total_loss	: 0.6800
Src_cls_loss	: 0.1018
coral_loss	: 0.0003
-------------------------------------
[Epoch : 9/40]
Total_loss	: 0.6273
Src_cls_loss	: 0.0939
coral_loss	: 0.0003
-------------------------------------
[Epoch : 10/40]
Total_loss	: 0.5798
Src_cls_loss	: 0.0868
coral_loss	: 0.0003
-------------------------------------
[Epoch : 11/40]
Total_loss	: 0.5380
Src_cls_loss	: 0.0805
coral_loss	: 0.0003
-------------------------------------
[Epoch : 12/40]
Total_loss	: 0.5039
Src_cls_loss	: 0.0754
coral_loss	: 0.0002
-------------------------------------
[Epoch : 13/40]
Total_loss	: 0.4731
Src_cls_loss	: 0.0708
coral_loss	: 0.0002
-------------------------------------
[Epoch : 14/40]
Total_loss	: 0.4461
Src_cls_loss	: 0.0667
coral_loss	: 0.0002
-------------------------------------
[Epoch : 15/40]
Total_loss	: 0.4234
Src_cls_loss	: 0.0633
coral_loss	: 0.0002
-------------------------------------
[Epoch : 16/40]
Total_loss	: 0.4019
Src_cls_loss	: 0.0601
coral_loss	: 0.0002
-------------------------------------
[Epoch : 17/40]
Total_loss	: 0.3838
Src_cls_loss	: 0.0574
coral_loss	: 0.0002
-------------------------------------
[Epoch : 18/40]
Total_loss	: 0.3705
Src_cls_loss	: 0.0554
coral_loss	: 0.0002
-------------------------------------
[Epoch : 19/40]
Total_loss	: 0.3552
Src_cls_loss	: 0.0531
coral_loss	: 0.0002
-------------------------------------
[Epoch : 20/40]
Total_loss	: 0.3404
Src_cls_loss	: 0.0509
coral_loss	: 0.0002
-------------------------------------
[Epoch : 21/40]
Total_loss	: 0.3276
Src_cls_loss	: 0.0490
coral_loss	: 0.0002
-------------------------------------
[Epoch : 22/40]
Total_loss	: 0.3148
Src_cls_loss	: 0.0470
coral_loss	: 0.0002
-------------------------------------
[Epoch : 23/40]
Total_loss	: 0.3026
Src_cls_loss	: 0.0452
coral_loss	: 0.0002
-------------------------------------
[Epoch : 24/40]
Total_loss	: 0.2918
Src_cls_loss	: 0.0436
coral_loss	: 0.0002
-------------------------------------
[Epoch : 25/40]
Total_loss	: 0.2844
Src_cls_loss	: 0.0425
coral_loss	: 0.0002
-------------------------------------
[Epoch : 26/40]
Total_loss	: 0.2751
Src_cls_loss	: 0.0411
coral_loss	: 0.0002
-------------------------------------
[Epoch : 27/40]
Total_loss	: 0.2661
Src_cls_loss	: 0.0397
coral_loss	: 0.0002
-------------------------------------
[Epoch : 28/40]
Total_loss	: 0.2593
Src_cls_loss	: 0.0387
coral_loss	: 0.0002
-------------------------------------
[Epoch : 29/40]
Total_loss	: 0.2526
Src_cls_loss	: 0.0377
coral_loss	: 0.0002
-------------------------------------
[Epoch : 30/40]
Total_loss	: 0.2451
Src_cls_loss	: 0.0366
coral_loss	: 0.0002
-------------------------------------
[Epoch : 31/40]
Total_loss	: 0.2388
Src_cls_loss	: 0.0356
coral_loss	: 0.0002
-------------------------------------
[Epoch : 32/40]
Total_loss	: 0.2332
Src_cls_loss	: 0.0348
coral_loss	: 0.0002
-------------------------------------
[Epoch : 33/40]
Total_loss	: 0.2276
Src_cls_loss	: 0.0340
coral_loss	: 0.0002
-------------------------------------
[Epoch : 34/40]
Total_loss	: 0.2221
Src_cls_loss	: 0.0332
coral_loss	: 0.0002
-------------------------------------
[Epoch : 35/40]
Total_loss	: 0.2166
Src_cls_loss	: 0.0323
coral_loss	: 0.0002
-------------------------------------
[Epoch : 36/40]
Total_loss	: 0.2111
Src_cls_loss	: 0.0315
coral_loss	: 0.0002
-------------------------------------
[Epoch : 37/40]
Total_loss	: 0.2064
Src_cls_loss	: 0.0308
coral_loss	: 0.0002
-------------------------------------
[Epoch : 38/40]
Total_loss	: 0.2022
Src_cls_loss	: 0.0302
coral_loss	: 0.0002
-------------------------------------
[Epoch : 39/40]
Total_loss	: 0.1981
Src_cls_loss	: 0.0296
coral_loss	: 0.0002
-------------------------------------
[Epoch : 40/40]
Total_loss	: 0.1943
Src_cls_loss	: 0.0290
coral_loss	: 0.0002
-------------------------------------
