=============================================
Dataset: pamap_mobiact
Method:  DANN
=============================================
Source: df ---> Target: dp_50
Run ID: 0
=============================================
[Epoch : 1/40]
Total_loss	: 6.8653
Domain_loss	: 1.3335
Src_cls_loss	: 0.6432
-------------------------------------
[Epoch : 2/40]
Total_loss	: 6.5054
Domain_loss	: 1.3148
Src_cls_loss	: 0.5842
-------------------------------------
[Epoch : 3/40]
Total_loss	: 6.1156
Domain_loss	: 1.2793
Src_cls_loss	: 0.5278
-------------------------------------
[Epoch : 4/40]
Total_loss	: 5.9145
Domain_loss	: 1.2647
Src_cls_loss	: 0.4969
-------------------------------------
[Epoch : 5/40]
Total_loss	: 5.7631
Domain_loss	: 1.2654
Src_cls_loss	: 0.4678
-------------------------------------
[Epoch : 6/40]
Total_loss	: 5.6586
Domain_loss	: 1.2579
Src_cls_loss	: 0.4517
-------------------------------------
[Epoch : 7/40]
Total_loss	: 5.5998
Domain_loss	: 1.2707
Src_cls_loss	: 0.4342
-------------------------------------
[Epoch : 8/40]
Total_loss	: 5.4938
Domain_loss	: 1.2702
Src_cls_loss	: 0.4144
-------------------------------------
[Epoch : 9/40]
Total_loss	: 5.3996
Domain_loss	: 1.2671
Src_cls_loss	: 0.3980
-------------------------------------
[Epoch : 10/40]
Total_loss	: 5.3120
Domain_loss	: 1.2578
Src_cls_loss	: 0.3860
-------------------------------------
[Epoch : 11/40]
Total_loss	: 5.2576
Domain_loss	: 1.2525
Src_cls_loss	: 0.3783
-------------------------------------
[Epoch : 12/40]
Total_loss	: 5.1833
Domain_loss	: 1.2516
Src_cls_loss	: 0.3647
-------------------------------------
[Epoch : 13/40]
Total_loss	: 5.1436
Domain_loss	: 1.2532
Src_cls_loss	: 0.3564
-------------------------------------
[Epoch : 14/40]
Total_loss	: 5.0769
Domain_loss	: 1.2506
Src_cls_loss	: 0.3450
-------------------------------------
[Epoch : 15/40]
Total_loss	: 5.0182
Domain_loss	: 1.2472
Src_cls_loss	: 0.3355
-------------------------------------
[Epoch : 16/40]
Total_loss	: 4.9977
Domain_loss	: 1.2523
Src_cls_loss	: 0.3291
-------------------------------------
[Epoch : 17/40]
Total_loss	: 4.9654
Domain_loss	: 1.2542
Src_cls_loss	: 0.3221
-------------------------------------
[Epoch : 18/40]
Total_loss	: 4.9100
Domain_loss	: 1.2429
Src_cls_loss	: 0.3171
-------------------------------------
[Epoch : 19/40]
Total_loss	: 4.8815
Domain_loss	: 1.2436
Src_cls_loss	: 0.3114
-------------------------------------
[Epoch : 20/40]
Total_loss	: 4.8660
Domain_loss	: 1.2457
Src_cls_loss	: 0.3074
-------------------------------------
[Epoch : 21/40]
Total_loss	: 4.8300
Domain_loss	: 1.2419
Src_cls_loss	: 0.3024
-------------------------------------
[Epoch : 22/40]
Total_loss	: 4.8040
Domain_loss	: 1.2430
Src_cls_loss	: 0.2970
-------------------------------------
[Epoch : 23/40]
Total_loss	: 4.7905
Domain_loss	: 1.2472
Src_cls_loss	: 0.2924
-------------------------------------
[Epoch : 24/40]
Total_loss	: 4.7699
Domain_loss	: 1.2503
Src_cls_loss	: 0.2869
-------------------------------------
[Epoch : 25/40]
Total_loss	: 4.7536
Domain_loss	: 1.2536
Src_cls_loss	: 0.2822
-------------------------------------
[Epoch : 26/40]
Total_loss	: 4.7310
Domain_loss	: 1.2554
Src_cls_loss	: 0.2770
-------------------------------------
[Epoch : 27/40]
Total_loss	: 4.7198
Domain_loss	: 1.2574
Src_cls_loss	: 0.2739
-------------------------------------
[Epoch : 28/40]
Total_loss	: 4.7042
Domain_loss	: 1.2591
Src_cls_loss	: 0.2701
-------------------------------------
[Epoch : 29/40]
Total_loss	: 4.6928
Domain_loss	: 1.2605
Src_cls_loss	: 0.2673
-------------------------------------
[Epoch : 30/40]
Total_loss	: 4.6831
Domain_loss	: 1.2623
Src_cls_loss	: 0.2645
-------------------------------------
[Epoch : 31/40]
Total_loss	: 4.6688
Domain_loss	: 1.2637
Src_cls_loss	: 0.2611
-------------------------------------
[Epoch : 32/40]
Total_loss	: 4.6563
Domain_loss	: 1.2666
Src_cls_loss	: 0.2573
-------------------------------------
[Epoch : 33/40]
Total_loss	: 4.6418
Domain_loss	: 1.2684
Src_cls_loss	: 0.2537
-------------------------------------
[Epoch : 34/40]
Total_loss	: 4.6248
Domain_loss	: 1.2701
Src_cls_loss	: 0.2496
-------------------------------------
[Epoch : 35/40]
Total_loss	: 4.6136
Domain_loss	: 1.2711
Src_cls_loss	: 0.2470
-------------------------------------
[Epoch : 36/40]
Total_loss	: 4.6008
Domain_loss	: 1.2726
Src_cls_loss	: 0.2438
-------------------------------------
[Epoch : 37/40]
Total_loss	: 4.5890
Domain_loss	: 1.2743
Src_cls_loss	: 0.2407
-------------------------------------
[Epoch : 38/40]
Total_loss	: 4.5769
Domain_loss	: 1.2751
Src_cls_loss	: 0.2380
-------------------------------------
[Epoch : 39/40]
Total_loss	: 4.5671
Domain_loss	: 1.2759
Src_cls_loss	: 0.2358
-------------------------------------
[Epoch : 40/40]
Total_loss	: 4.5624
Domain_loss	: 1.2781
Src_cls_loss	: 0.2338
-------------------------------------
