=============================================
Dataset: realworld_mobiact
Method:  DANN
=============================================
Source: df ---> Target: dp_36
Run ID: 0
=============================================
[Epoch : 1/40]
Total_loss	: 6.2608
Domain_loss	: 1.3106
Src_cls_loss	: 0.5399
-------------------------------------
[Epoch : 2/40]
Total_loss	: 5.8912
Domain_loss	: 1.2943
Src_cls_loss	: 0.4779
-------------------------------------
[Epoch : 3/40]
Total_loss	: 5.7505
Domain_loss	: 1.2993
Src_cls_loss	: 0.4487
-------------------------------------
[Epoch : 4/40]
Total_loss	: 5.6372
Domain_loss	: 1.3075
Src_cls_loss	: 0.4231
-------------------------------------
[Epoch : 5/40]
Total_loss	: 5.5299
Domain_loss	: 1.3097
Src_cls_loss	: 0.4017
-------------------------------------
[Epoch : 6/40]
Total_loss	: 5.4514
Domain_loss	: 1.3130
Src_cls_loss	: 0.3852
-------------------------------------
[Epoch : 7/40]
Total_loss	: 5.3866
Domain_loss	: 1.3159
Src_cls_loss	: 0.3715
-------------------------------------
[Epoch : 8/40]
Total_loss	: 5.3244
Domain_loss	: 1.3201
Src_cls_loss	: 0.3576
-------------------------------------
[Epoch : 9/40]
Total_loss	: 5.2746
Domain_loss	: 1.3255
Src_cls_loss	: 0.3455
-------------------------------------
[Epoch : 10/40]
Total_loss	: 5.2286
Domain_loss	: 1.3277
Src_cls_loss	: 0.3357
-------------------------------------
[Epoch : 11/40]
Total_loss	: 5.1836
Domain_loss	: 1.3274
Src_cls_loss	: 0.3273
-------------------------------------
[Epoch : 12/40]
Total_loss	: 5.1486
Domain_loss	: 1.3283
Src_cls_loss	: 0.3202
-------------------------------------
[Epoch : 13/40]
Total_loss	: 5.1163
Domain_loss	: 1.3291
Src_cls_loss	: 0.3137
-------------------------------------
[Epoch : 14/40]
Total_loss	: 5.0870
Domain_loss	: 1.3302
Src_cls_loss	: 0.3076
-------------------------------------
[Epoch : 15/40]
Total_loss	: 5.0640
Domain_loss	: 1.3310
Src_cls_loss	: 0.3028
-------------------------------------
[Epoch : 16/40]
Total_loss	: 5.0407
Domain_loss	: 1.3325
Src_cls_loss	: 0.2977
-------------------------------------
[Epoch : 17/40]
Total_loss	: 5.0170
Domain_loss	: 1.3335
Src_cls_loss	: 0.2926
-------------------------------------
[Epoch : 18/40]
Total_loss	: 4.9973
Domain_loss	: 1.3356
Src_cls_loss	: 0.2879
-------------------------------------
[Epoch : 19/40]
Total_loss	: 4.9759
Domain_loss	: 1.3372
Src_cls_loss	: 0.2830
-------------------------------------
[Epoch : 20/40]
Total_loss	: 4.9598
Domain_loss	: 1.3386
Src_cls_loss	: 0.2793
-------------------------------------
[Epoch : 21/40]
Total_loss	: 4.9417
Domain_loss	: 1.3400
Src_cls_loss	: 0.2752
-------------------------------------
[Epoch : 22/40]
Total_loss	: 4.9269
Domain_loss	: 1.3419
Src_cls_loss	: 0.2714
-------------------------------------
[Epoch : 23/40]
Total_loss	: 4.9111
Domain_loss	: 1.3430
Src_cls_loss	: 0.2679
-------------------------------------
[Epoch : 24/40]
Total_loss	: 4.8962
Domain_loss	: 1.3442
Src_cls_loss	: 0.2645
-------------------------------------
[Epoch : 25/40]
Total_loss	: 4.8842
Domain_loss	: 1.3452
Src_cls_loss	: 0.2617
-------------------------------------
[Epoch : 26/40]
Total_loss	: 4.8710
Domain_loss	: 1.3457
Src_cls_loss	: 0.2590
-------------------------------------
[Epoch : 27/40]
Total_loss	: 4.8562
Domain_loss	: 1.3462
Src_cls_loss	: 0.2559
-------------------------------------
[Epoch : 28/40]
Total_loss	: 4.8412
Domain_loss	: 1.3461
Src_cls_loss	: 0.2531
-------------------------------------
[Epoch : 29/40]
Total_loss	: 4.8279
Domain_loss	: 1.3456
Src_cls_loss	: 0.2508
-------------------------------------
[Epoch : 30/40]
Total_loss	: 4.8157
Domain_loss	: 1.3453
Src_cls_loss	: 0.2487
-------------------------------------
[Epoch : 31/40]
Total_loss	: 4.8068
Domain_loss	: 1.3457
Src_cls_loss	: 0.2468
-------------------------------------
[Epoch : 32/40]
Total_loss	: 4.7964
Domain_loss	: 1.3461
Src_cls_loss	: 0.2446
-------------------------------------
[Epoch : 33/40]
Total_loss	: 4.7853
Domain_loss	: 1.3461
Src_cls_loss	: 0.2425
-------------------------------------
[Epoch : 34/40]
Total_loss	: 4.7743
Domain_loss	: 1.3460
Src_cls_loss	: 0.2405
-------------------------------------
[Epoch : 35/40]
Total_loss	: 4.7635
Domain_loss	: 1.3462
Src_cls_loss	: 0.2383
-------------------------------------
[Epoch : 36/40]
Total_loss	: 4.7565
Domain_loss	: 1.3464
Src_cls_loss	: 0.2369
-------------------------------------
[Epoch : 37/40]
Total_loss	: 4.7494
Domain_loss	: 1.3466
Src_cls_loss	: 0.2354
-------------------------------------
[Epoch : 38/40]
Total_loss	: 4.7405
Domain_loss	: 1.3468
Src_cls_loss	: 0.2337
-------------------------------------
[Epoch : 39/40]
Total_loss	: 4.7325
Domain_loss	: 1.3471
Src_cls_loss	: 0.2320
-------------------------------------
[Epoch : 40/40]
Total_loss	: 4.7256
Domain_loss	: 1.3476
Src_cls_loss	: 0.2304
-------------------------------------
