=============================================
Dataset: pamap_mobiact
Method:  NO_ADAPT
=============================================
Source: syn_38 ---> Target: dp_38
Run ID: 0
=============================================
[Epoch : 1/40]
Src_cls_loss	: 0.6370
-------------------------------------
[Epoch : 2/40]
Src_cls_loss	: 0.4860
-------------------------------------
[Epoch : 3/40]
Src_cls_loss	: 0.3993
-------------------------------------
[Epoch : 4/40]
Src_cls_loss	: 0.3425
-------------------------------------
[Epoch : 5/40]
Src_cls_loss	: 0.3016
-------------------------------------
[Epoch : 6/40]
Src_cls_loss	: 0.2659
-------------------------------------
[Epoch : 7/40]
Src_cls_loss	: 0.2365
-------------------------------------
[Epoch : 8/40]
Src_cls_loss	: 0.2148
-------------------------------------
[Epoch : 9/40]
Src_cls_loss	: 0.1983
-------------------------------------
[Epoch : 10/40]
Src_cls_loss	: 0.1832
-------------------------------------
[Epoch : 11/40]
Src_cls_loss	: 0.1700
-------------------------------------
[Epoch : 12/40]
Src_cls_loss	: 0.1618
-------------------------------------
[Epoch : 13/40]
Src_cls_loss	: 0.1531
-------------------------------------
[Epoch : 14/40]
Src_cls_loss	: 0.1451
-------------------------------------
[Epoch : 15/40]
Src_cls_loss	: 0.1374
-------------------------------------
[Epoch : 16/40]
Src_cls_loss	: 0.1317
-------------------------------------
[Epoch : 17/40]
Src_cls_loss	: 0.1265
-------------------------------------
[Epoch : 18/40]
Src_cls_loss	: 0.1211
-------------------------------------
[Epoch : 19/40]
Src_cls_loss	: 0.1158
-------------------------------------
[Epoch : 20/40]
Src_cls_loss	: 0.1114
-------------------------------------
[Epoch : 21/40]
Src_cls_loss	: 0.1070
-------------------------------------
[Epoch : 22/40]
Src_cls_loss	: 0.1027
-------------------------------------
[Epoch : 23/40]
Src_cls_loss	: 0.0993
-------------------------------------
[Epoch : 24/40]
Src_cls_loss	: 0.0965
-------------------------------------
[Epoch : 25/40]
Src_cls_loss	: 0.0932
-------------------------------------
[Epoch : 26/40]
Src_cls_loss	: 0.0902
-------------------------------------
[Epoch : 27/40]
Src_cls_loss	: 0.0874
-------------------------------------
[Epoch : 28/40]
Src_cls_loss	: 0.0849
-------------------------------------
[Epoch : 29/40]
Src_cls_loss	: 0.0825
-------------------------------------
[Epoch : 30/40]
Src_cls_loss	: 0.0800
-------------------------------------
[Epoch : 31/40]
Src_cls_loss	: 0.0779
-------------------------------------
[Epoch : 32/40]
Src_cls_loss	: 0.0763
-------------------------------------
[Epoch : 33/40]
Src_cls_loss	: 0.0747
-------------------------------------
[Epoch : 34/40]
Src_cls_loss	: 0.0730
-------------------------------------
[Epoch : 35/40]
Src_cls_loss	: 0.0715
-------------------------------------
[Epoch : 36/40]
Src_cls_loss	: 0.0700
-------------------------------------
[Epoch : 37/40]
Src_cls_loss	: 0.0686
-------------------------------------
[Epoch : 38/40]
Src_cls_loss	: 0.0671
-------------------------------------
[Epoch : 39/40]
Src_cls_loss	: 0.0658
-------------------------------------
[Epoch : 40/40]
Src_cls_loss	: 0.0652
-------------------------------------
