=============================================
Dataset: pamap_mobiact
Method:  NO_ADAPT
=============================================
Source: syn_18 ---> Target: dp_18
Run ID: 4
=============================================
[Epoch : 1/40]
Src_cls_loss	: 0.7831
-------------------------------------
[Epoch : 2/40]
Src_cls_loss	: 0.6352
-------------------------------------
[Epoch : 3/40]
Src_cls_loss	: 0.5259
-------------------------------------
[Epoch : 4/40]
Src_cls_loss	: 0.4451
-------------------------------------
[Epoch : 5/40]
Src_cls_loss	: 0.3914
-------------------------------------
[Epoch : 6/40]
Src_cls_loss	: 0.3472
-------------------------------------
[Epoch : 7/40]
Src_cls_loss	: 0.3106
-------------------------------------
[Epoch : 8/40]
Src_cls_loss	: 0.2801
-------------------------------------
[Epoch : 9/40]
Src_cls_loss	: 0.2550
-------------------------------------
[Epoch : 10/40]
Src_cls_loss	: 0.2354
-------------------------------------
[Epoch : 11/40]
Src_cls_loss	: 0.2178
-------------------------------------
[Epoch : 12/40]
Src_cls_loss	: 0.2021
-------------------------------------
[Epoch : 13/40]
Src_cls_loss	: 0.1892
-------------------------------------
[Epoch : 14/40]
Src_cls_loss	: 0.1772
-------------------------------------
[Epoch : 15/40]
Src_cls_loss	: 0.1669
-------------------------------------
[Epoch : 16/40]
Src_cls_loss	: 0.1580
-------------------------------------
[Epoch : 17/40]
Src_cls_loss	: 0.1506
-------------------------------------
[Epoch : 18/40]
Src_cls_loss	: 0.1434
-------------------------------------
[Epoch : 19/40]
Src_cls_loss	: 0.1372
-------------------------------------
[Epoch : 20/40]
Src_cls_loss	: 0.1313
-------------------------------------
[Epoch : 21/40]
Src_cls_loss	: 0.1259
-------------------------------------
[Epoch : 22/40]
Src_cls_loss	: 0.1214
-------------------------------------
[Epoch : 23/40]
Src_cls_loss	: 0.1168
-------------------------------------
[Epoch : 24/40]
Src_cls_loss	: 0.1126
-------------------------------------
[Epoch : 25/40]
Src_cls_loss	: 0.1089
-------------------------------------
[Epoch : 26/40]
Src_cls_loss	: 0.1057
-------------------------------------
[Epoch : 27/40]
Src_cls_loss	: 0.1023
-------------------------------------
[Epoch : 28/40]
Src_cls_loss	: 0.0989
-------------------------------------
[Epoch : 29/40]
Src_cls_loss	: 0.0959
-------------------------------------
[Epoch : 30/40]
Src_cls_loss	: 0.0930
-------------------------------------
[Epoch : 31/40]
Src_cls_loss	: 0.0903
-------------------------------------
[Epoch : 32/40]
Src_cls_loss	: 0.0877
-------------------------------------
[Epoch : 33/40]
Src_cls_loss	: 0.0852
-------------------------------------
[Epoch : 34/40]
Src_cls_loss	: 0.0830
-------------------------------------
[Epoch : 35/40]
Src_cls_loss	: 0.0810
-------------------------------------
[Epoch : 36/40]
Src_cls_loss	: 0.0789
-------------------------------------
[Epoch : 37/40]
Src_cls_loss	: 0.0770
-------------------------------------
[Epoch : 38/40]
Src_cls_loss	: 0.0750
-------------------------------------
[Epoch : 39/40]
Src_cls_loss	: 0.0732
-------------------------------------
[Epoch : 40/40]
Src_cls_loss	: 0.0716
-------------------------------------
