=============================================
Dataset: pamap_mobiact
Method:  SYN
=============================================
Source: syn_wal_55 ---> Target: dp_wal_55
Run ID: 3
=============================================
[Epoch : 1/40]
Src_cls_loss	: 0.5040
-------------------------------------
[Epoch : 2/40]
Src_cls_loss	: 0.3428
-------------------------------------
[Epoch : 3/40]
Src_cls_loss	: 0.2696
-------------------------------------
[Epoch : 4/40]
Src_cls_loss	: 0.2236
-------------------------------------
[Epoch : 5/40]
Src_cls_loss	: 0.1899
-------------------------------------
[Epoch : 6/40]
Src_cls_loss	: 0.1648
-------------------------------------
[Epoch : 7/40]
Src_cls_loss	: 0.1459
-------------------------------------
[Epoch : 8/40]
Src_cls_loss	: 0.1318
-------------------------------------
[Epoch : 9/40]
Src_cls_loss	: 0.1197
-------------------------------------
[Epoch : 10/40]
Src_cls_loss	: 0.1097
-------------------------------------
[Epoch : 11/40]
Src_cls_loss	: 0.1015
-------------------------------------
[Epoch : 12/40]
Src_cls_loss	: 0.0943
-------------------------------------
[Epoch : 13/40]
Src_cls_loss	: 0.0883
-------------------------------------
[Epoch : 14/40]
Src_cls_loss	: 0.0828
-------------------------------------
[Epoch : 15/40]
Src_cls_loss	: 0.0781
-------------------------------------
[Epoch : 16/40]
Src_cls_loss	: 0.0737
-------------------------------------
[Epoch : 17/40]
Src_cls_loss	: 0.0699
-------------------------------------
[Epoch : 18/40]
Src_cls_loss	: 0.0665
-------------------------------------
[Epoch : 19/40]
Src_cls_loss	: 0.0634
-------------------------------------
[Epoch : 20/40]
Src_cls_loss	: 0.0605
-------------------------------------
[Epoch : 21/40]
Src_cls_loss	: 0.0579
-------------------------------------
[Epoch : 22/40]
Src_cls_loss	: 0.0557
-------------------------------------
[Epoch : 23/40]
Src_cls_loss	: 0.0537
-------------------------------------
[Epoch : 24/40]
Src_cls_loss	: 0.0517
-------------------------------------
[Epoch : 25/40]
Src_cls_loss	: 0.0500
-------------------------------------
[Epoch : 26/40]
Src_cls_loss	: 0.0482
-------------------------------------
[Epoch : 27/40]
Src_cls_loss	: 0.0466
-------------------------------------
[Epoch : 28/40]
Src_cls_loss	: 0.0451
-------------------------------------
[Epoch : 29/40]
Src_cls_loss	: 0.0436
-------------------------------------
[Epoch : 30/40]
Src_cls_loss	: 0.0422
-------------------------------------
[Epoch : 31/40]
Src_cls_loss	: 0.0410
-------------------------------------
[Epoch : 32/40]
Src_cls_loss	: 0.0398
-------------------------------------
[Epoch : 33/40]
Src_cls_loss	: 0.0387
-------------------------------------
[Epoch : 34/40]
Src_cls_loss	: 0.0376
-------------------------------------
[Epoch : 35/40]
Src_cls_loss	: 0.0367
-------------------------------------
[Epoch : 36/40]
Src_cls_loss	: 0.0358
-------------------------------------
[Epoch : 37/40]
Src_cls_loss	: 0.0349
-------------------------------------
[Epoch : 38/40]
Src_cls_loss	: 0.0341
-------------------------------------
[Epoch : 39/40]
Src_cls_loss	: 0.0333
-------------------------------------
[Epoch : 40/40]
Src_cls_loss	: 0.0325
-------------------------------------
