=============================================
Dataset: realworld_pamap
Method:  Deep_Coral
=============================================
Source: df ---> Target: dp_wal_17
Run ID: 0
=============================================
[Epoch : 1/40]
Total_loss	: 3.3773
Src_cls_loss	: 0.5060
coral_loss	: 0.0009
-------------------------------------
[Epoch : 2/40]
Total_loss	: 2.9288
Src_cls_loss	: 0.4388
coral_loss	: 0.0008
-------------------------------------
[Epoch : 3/40]
Total_loss	: 2.6594
Src_cls_loss	: 0.3984
coral_loss	: 0.0008
-------------------------------------
[Epoch : 4/40]
Total_loss	: 2.4894
Src_cls_loss	: 0.3729
coral_loss	: 0.0007
-------------------------------------
[Epoch : 5/40]
Total_loss	: 2.3565
Src_cls_loss	: 0.3530
coral_loss	: 0.0006
-------------------------------------
[Epoch : 6/40]
Total_loss	: 2.2525
Src_cls_loss	: 0.3375
coral_loss	: 0.0006
-------------------------------------
[Epoch : 7/40]
Total_loss	: 2.1601
Src_cls_loss	: 0.3236
coral_loss	: 0.0006
-------------------------------------
[Epoch : 8/40]
Total_loss	: 2.0819
Src_cls_loss	: 0.3119
coral_loss	: 0.0006
-------------------------------------
[Epoch : 9/40]
Total_loss	: 2.0096
Src_cls_loss	: 0.3011
coral_loss	: 0.0005
-------------------------------------
[Epoch : 10/40]
Total_loss	: 1.9449
Src_cls_loss	: 0.2914
coral_loss	: 0.0005
-------------------------------------
[Epoch : 11/40]
Total_loss	: 1.8851
Src_cls_loss	: 0.2824
coral_loss	: 0.0005
-------------------------------------
[Epoch : 12/40]
Total_loss	: 1.8347
Src_cls_loss	: 0.2749
coral_loss	: 0.0005
-------------------------------------
[Epoch : 13/40]
Total_loss	: 1.7943
Src_cls_loss	: 0.2688
coral_loss	: 0.0005
-------------------------------------
[Epoch : 14/40]
Total_loss	: 1.7550
Src_cls_loss	: 0.2629
coral_loss	: 0.0005
-------------------------------------
[Epoch : 15/40]
Total_loss	: 1.7164
Src_cls_loss	: 0.2572
coral_loss	: 0.0005
-------------------------------------
[Epoch : 16/40]
Total_loss	: 1.6828
Src_cls_loss	: 0.2521
coral_loss	: 0.0005
-------------------------------------
[Epoch : 17/40]
Total_loss	: 1.6544
Src_cls_loss	: 0.2478
coral_loss	: 0.0005
-------------------------------------
[Epoch : 18/40]
Total_loss	: 1.6275
Src_cls_loss	: 0.2438
coral_loss	: 0.0004
-------------------------------------
[Epoch : 19/40]
Total_loss	: 1.5993
Src_cls_loss	: 0.2396
coral_loss	: 0.0004
-------------------------------------
[Epoch : 20/40]
Total_loss	: 1.5757
Src_cls_loss	: 0.2361
coral_loss	: 0.0004
-------------------------------------
[Epoch : 21/40]
Total_loss	: 1.5533
Src_cls_loss	: 0.2327
coral_loss	: 0.0004
-------------------------------------
[Epoch : 22/40]
Total_loss	: 1.5316
Src_cls_loss	: 0.2294
coral_loss	: 0.0004
-------------------------------------
[Epoch : 23/40]
Total_loss	: 1.5108
Src_cls_loss	: 0.2263
coral_loss	: 0.0004
-------------------------------------
[Epoch : 24/40]
Total_loss	: 1.4906
Src_cls_loss	: 0.2233
coral_loss	: 0.0004
-------------------------------------
[Epoch : 25/40]
Total_loss	: 1.4701
Src_cls_loss	: 0.2202
coral_loss	: 0.0004
-------------------------------------
[Epoch : 26/40]
Total_loss	: 1.4503
Src_cls_loss	: 0.2173
coral_loss	: 0.0004
-------------------------------------
[Epoch : 27/40]
Total_loss	: 1.4335
Src_cls_loss	: 0.2147
coral_loss	: 0.0004
-------------------------------------
[Epoch : 28/40]
Total_loss	: 1.4145
Src_cls_loss	: 0.2119
coral_loss	: 0.0004
-------------------------------------
[Epoch : 29/40]
Total_loss	: 1.3975
Src_cls_loss	: 0.2093
coral_loss	: 0.0004
-------------------------------------
[Epoch : 30/40]
Total_loss	: 1.3825
Src_cls_loss	: 0.2071
coral_loss	: 0.0004
-------------------------------------
[Epoch : 31/40]
Total_loss	: 1.3676
Src_cls_loss	: 0.2048
coral_loss	: 0.0004
-------------------------------------
[Epoch : 32/40]
Total_loss	: 1.3540
Src_cls_loss	: 0.2028
coral_loss	: 0.0004
-------------------------------------
[Epoch : 33/40]
Total_loss	: 1.3383
Src_cls_loss	: 0.2005
coral_loss	: 0.0004
-------------------------------------
[Epoch : 34/40]
Total_loss	: 1.3245
Src_cls_loss	: 0.1984
coral_loss	: 0.0004
-------------------------------------
[Epoch : 35/40]
Total_loss	: 1.3111
Src_cls_loss	: 0.1964
coral_loss	: 0.0004
-------------------------------------
[Epoch : 36/40]
Total_loss	: 1.2993
Src_cls_loss	: 0.1946
coral_loss	: 0.0004
-------------------------------------
[Epoch : 37/40]
Total_loss	: 1.2865
Src_cls_loss	: 0.1927
coral_loss	: 0.0004
-------------------------------------
[Epoch : 38/40]
Total_loss	: 1.2752
Src_cls_loss	: 0.1910
coral_loss	: 0.0004
-------------------------------------
[Epoch : 39/40]
Total_loss	: 1.2641
Src_cls_loss	: 0.1893
coral_loss	: 0.0004
-------------------------------------
[Epoch : 40/40]
Total_loss	: 1.2535
Src_cls_loss	: 0.1878
coral_loss	: 0.0004
-------------------------------------
