=============================================
Dataset: realworld_mobiact
Method:  NO_ADAPT
=============================================
Source: syn_74 ---> Target: dp_74
Run ID: 9
=============================================
[Epoch : 1/40]
Src_cls_loss	: 0.7888
-------------------------------------
[Epoch : 2/40]
Src_cls_loss	: 0.6221
-------------------------------------
[Epoch : 3/40]
Src_cls_loss	: 0.5013
-------------------------------------
[Epoch : 4/40]
Src_cls_loss	: 0.4137
-------------------------------------
[Epoch : 5/40]
Src_cls_loss	: 0.3515
-------------------------------------
[Epoch : 6/40]
Src_cls_loss	: 0.3035
-------------------------------------
[Epoch : 7/40]
Src_cls_loss	: 0.2703
-------------------------------------
[Epoch : 8/40]
Src_cls_loss	: 0.2434
-------------------------------------
[Epoch : 9/40]
Src_cls_loss	: 0.2211
-------------------------------------
[Epoch : 10/40]
Src_cls_loss	: 0.2035
-------------------------------------
[Epoch : 11/40]
Src_cls_loss	: 0.1886
-------------------------------------
[Epoch : 12/40]
Src_cls_loss	: 0.1751
-------------------------------------
[Epoch : 13/40]
Src_cls_loss	: 0.1635
-------------------------------------
[Epoch : 14/40]
Src_cls_loss	: 0.1532
-------------------------------------
[Epoch : 15/40]
Src_cls_loss	: 0.1441
-------------------------------------
[Epoch : 16/40]
Src_cls_loss	: 0.1369
-------------------------------------
[Epoch : 17/40]
Src_cls_loss	: 0.1299
-------------------------------------
[Epoch : 18/40]
Src_cls_loss	: 0.1241
-------------------------------------
[Epoch : 19/40]
Src_cls_loss	: 0.1185
-------------------------------------
[Epoch : 20/40]
Src_cls_loss	: 0.1134
-------------------------------------
[Epoch : 21/40]
Src_cls_loss	: 0.1086
-------------------------------------
[Epoch : 22/40]
Src_cls_loss	: 0.1042
-------------------------------------
[Epoch : 23/40]
Src_cls_loss	: 0.1001
-------------------------------------
[Epoch : 24/40]
Src_cls_loss	: 0.0965
-------------------------------------
[Epoch : 25/40]
Src_cls_loss	: 0.0932
-------------------------------------
[Epoch : 26/40]
Src_cls_loss	: 0.0901
-------------------------------------
[Epoch : 27/40]
Src_cls_loss	: 0.0874
-------------------------------------
[Epoch : 28/40]
Src_cls_loss	: 0.0848
-------------------------------------
[Epoch : 29/40]
Src_cls_loss	: 0.0826
-------------------------------------
[Epoch : 30/40]
Src_cls_loss	: 0.0804
-------------------------------------
[Epoch : 31/40]
Src_cls_loss	: 0.0782
-------------------------------------
[Epoch : 32/40]
Src_cls_loss	: 0.0759
-------------------------------------
[Epoch : 33/40]
Src_cls_loss	: 0.0737
-------------------------------------
[Epoch : 34/40]
Src_cls_loss	: 0.0718
-------------------------------------
[Epoch : 35/40]
Src_cls_loss	: 0.0700
-------------------------------------
[Epoch : 36/40]
Src_cls_loss	: 0.0681
-------------------------------------
[Epoch : 37/40]
Src_cls_loss	: 0.0664
-------------------------------------
[Epoch : 38/40]
Src_cls_loss	: 0.0648
-------------------------------------
[Epoch : 39/40]
Src_cls_loss	: 0.0634
-------------------------------------
[Epoch : 40/40]
Src_cls_loss	: 0.0619
-------------------------------------
