=============================================
Dataset: pamap_mobiact
Method:  NO_ADAPT
=============================================
Source: syn_27 ---> Target: dp_27
Run ID: 4
=============================================
[Epoch : 1/40]
Src_cls_loss	: 0.6228
-------------------------------------
[Epoch : 2/40]
Src_cls_loss	: 0.4779
-------------------------------------
[Epoch : 3/40]
Src_cls_loss	: 0.3883
-------------------------------------
[Epoch : 4/40]
Src_cls_loss	: 0.3278
-------------------------------------
[Epoch : 5/40]
Src_cls_loss	: 0.2820
-------------------------------------
[Epoch : 6/40]
Src_cls_loss	: 0.2493
-------------------------------------
[Epoch : 7/40]
Src_cls_loss	: 0.2227
-------------------------------------
[Epoch : 8/40]
Src_cls_loss	: 0.2040
-------------------------------------
[Epoch : 9/40]
Src_cls_loss	: 0.1888
-------------------------------------
[Epoch : 10/40]
Src_cls_loss	: 0.1774
-------------------------------------
[Epoch : 11/40]
Src_cls_loss	: 0.1659
-------------------------------------
[Epoch : 12/40]
Src_cls_loss	: 0.1550
-------------------------------------
[Epoch : 13/40]
Src_cls_loss	: 0.1450
-------------------------------------
[Epoch : 14/40]
Src_cls_loss	: 0.1370
-------------------------------------
[Epoch : 15/40]
Src_cls_loss	: 0.1293
-------------------------------------
[Epoch : 16/40]
Src_cls_loss	: 0.1231
-------------------------------------
[Epoch : 17/40]
Src_cls_loss	: 0.1173
-------------------------------------
[Epoch : 18/40]
Src_cls_loss	: 0.1125
-------------------------------------
[Epoch : 19/40]
Src_cls_loss	: 0.1077
-------------------------------------
[Epoch : 20/40]
Src_cls_loss	: 0.1043
-------------------------------------
[Epoch : 21/40]
Src_cls_loss	: 0.1010
-------------------------------------
[Epoch : 22/40]
Src_cls_loss	: 0.0973
-------------------------------------
[Epoch : 23/40]
Src_cls_loss	: 0.0934
-------------------------------------
[Epoch : 24/40]
Src_cls_loss	: 0.0900
-------------------------------------
[Epoch : 25/40]
Src_cls_loss	: 0.0867
-------------------------------------
[Epoch : 26/40]
Src_cls_loss	: 0.0837
-------------------------------------
[Epoch : 27/40]
Src_cls_loss	: 0.0811
-------------------------------------
[Epoch : 28/40]
Src_cls_loss	: 0.0786
-------------------------------------
[Epoch : 29/40]
Src_cls_loss	: 0.0762
-------------------------------------
[Epoch : 30/40]
Src_cls_loss	: 0.0739
-------------------------------------
[Epoch : 31/40]
Src_cls_loss	: 0.0719
-------------------------------------
[Epoch : 32/40]
Src_cls_loss	: 0.0699
-------------------------------------
[Epoch : 33/40]
Src_cls_loss	: 0.0681
-------------------------------------
[Epoch : 34/40]
Src_cls_loss	: 0.0665
-------------------------------------
[Epoch : 35/40]
Src_cls_loss	: 0.0648
-------------------------------------
[Epoch : 36/40]
Src_cls_loss	: 0.0632
-------------------------------------
[Epoch : 37/40]
Src_cls_loss	: 0.0617
-------------------------------------
[Epoch : 38/40]
Src_cls_loss	: 0.0602
-------------------------------------
[Epoch : 39/40]
Src_cls_loss	: 0.0588
-------------------------------------
[Epoch : 40/40]
Src_cls_loss	: 0.0575
-------------------------------------
