=============================================
Dataset: pamap_mobiact
Method:  SYN
=============================================
Source: syn_wal_43 ---> Target: dp_wal_43
Run ID: 8
=============================================
[Epoch : 1/40]
Src_cls_loss	: 0.5998
-------------------------------------
[Epoch : 2/40]
Src_cls_loss	: 0.4099
-------------------------------------
[Epoch : 3/40]
Src_cls_loss	: 0.3184
-------------------------------------
[Epoch : 4/40]
Src_cls_loss	: 0.2656
-------------------------------------
[Epoch : 5/40]
Src_cls_loss	: 0.2271
-------------------------------------
[Epoch : 6/40]
Src_cls_loss	: 0.1982
-------------------------------------
[Epoch : 7/40]
Src_cls_loss	: 0.1753
-------------------------------------
[Epoch : 8/40]
Src_cls_loss	: 0.1582
-------------------------------------
[Epoch : 9/40]
Src_cls_loss	: 0.1434
-------------------------------------
[Epoch : 10/40]
Src_cls_loss	: 0.1330
-------------------------------------
[Epoch : 11/40]
Src_cls_loss	: 0.1236
-------------------------------------
[Epoch : 12/40]
Src_cls_loss	: 0.1153
-------------------------------------
[Epoch : 13/40]
Src_cls_loss	: 0.1074
-------------------------------------
[Epoch : 14/40]
Src_cls_loss	: 0.1006
-------------------------------------
[Epoch : 15/40]
Src_cls_loss	: 0.0960
-------------------------------------
[Epoch : 16/40]
Src_cls_loss	: 0.0908
-------------------------------------
[Epoch : 17/40]
Src_cls_loss	: 0.0862
-------------------------------------
[Epoch : 18/40]
Src_cls_loss	: 0.0820
-------------------------------------
[Epoch : 19/40]
Src_cls_loss	: 0.0781
-------------------------------------
[Epoch : 20/40]
Src_cls_loss	: 0.0746
-------------------------------------
[Epoch : 21/40]
Src_cls_loss	: 0.0713
-------------------------------------
[Epoch : 22/40]
Src_cls_loss	: 0.0686
-------------------------------------
[Epoch : 23/40]
Src_cls_loss	: 0.0661
-------------------------------------
[Epoch : 24/40]
Src_cls_loss	: 0.0637
-------------------------------------
[Epoch : 25/40]
Src_cls_loss	: 0.0613
-------------------------------------
[Epoch : 26/40]
Src_cls_loss	: 0.0592
-------------------------------------
[Epoch : 27/40]
Src_cls_loss	: 0.0572
-------------------------------------
[Epoch : 28/40]
Src_cls_loss	: 0.0553
-------------------------------------
[Epoch : 29/40]
Src_cls_loss	: 0.0535
-------------------------------------
[Epoch : 30/40]
Src_cls_loss	: 0.0519
-------------------------------------
[Epoch : 31/40]
Src_cls_loss	: 0.0503
-------------------------------------
[Epoch : 32/40]
Src_cls_loss	: 0.0489
-------------------------------------
[Epoch : 33/40]
Src_cls_loss	: 0.0478
-------------------------------------
[Epoch : 34/40]
Src_cls_loss	: 0.0467
-------------------------------------
[Epoch : 35/40]
Src_cls_loss	: 0.0457
-------------------------------------
[Epoch : 36/40]
Src_cls_loss	: 0.0446
-------------------------------------
[Epoch : 37/40]
Src_cls_loss	: 0.0436
-------------------------------------
[Epoch : 38/40]
Src_cls_loss	: 0.0425
-------------------------------------
[Epoch : 39/40]
Src_cls_loss	: 0.0415
-------------------------------------
[Epoch : 40/40]
Src_cls_loss	: 0.0405
-------------------------------------
