=============================================
Dataset: pamap_mobiact
Method:  SYN
=============================================
Source: syn_wal_66 ---> Target: dp_wal_66
Run ID: 1
=============================================
[Epoch : 1/40]
Src_cls_loss	: 0.5683
-------------------------------------
[Epoch : 2/40]
Src_cls_loss	: 0.3805
-------------------------------------
[Epoch : 3/40]
Src_cls_loss	: 0.2870
-------------------------------------
[Epoch : 4/40]
Src_cls_loss	: 0.2307
-------------------------------------
[Epoch : 5/40]
Src_cls_loss	: 0.1991
-------------------------------------
[Epoch : 6/40]
Src_cls_loss	: 0.1729
-------------------------------------
[Epoch : 7/40]
Src_cls_loss	: 0.1531
-------------------------------------
[Epoch : 8/40]
Src_cls_loss	: 0.1378
-------------------------------------
[Epoch : 9/40]
Src_cls_loss	: 0.1246
-------------------------------------
[Epoch : 10/40]
Src_cls_loss	: 0.1152
-------------------------------------
[Epoch : 11/40]
Src_cls_loss	: 0.1065
-------------------------------------
[Epoch : 12/40]
Src_cls_loss	: 0.0992
-------------------------------------
[Epoch : 13/40]
Src_cls_loss	: 0.0924
-------------------------------------
[Epoch : 14/40]
Src_cls_loss	: 0.0870
-------------------------------------
[Epoch : 15/40]
Src_cls_loss	: 0.0817
-------------------------------------
[Epoch : 16/40]
Src_cls_loss	: 0.0771
-------------------------------------
[Epoch : 17/40]
Src_cls_loss	: 0.0731
-------------------------------------
[Epoch : 18/40]
Src_cls_loss	: 0.0696
-------------------------------------
[Epoch : 19/40]
Src_cls_loss	: 0.0662
-------------------------------------
[Epoch : 20/40]
Src_cls_loss	: 0.0635
-------------------------------------
[Epoch : 21/40]
Src_cls_loss	: 0.0608
-------------------------------------
[Epoch : 22/40]
Src_cls_loss	: 0.0584
-------------------------------------
[Epoch : 23/40]
Src_cls_loss	: 0.0560
-------------------------------------
[Epoch : 24/40]
Src_cls_loss	: 0.0538
-------------------------------------
[Epoch : 25/40]
Src_cls_loss	: 0.0519
-------------------------------------
[Epoch : 26/40]
Src_cls_loss	: 0.0503
-------------------------------------
[Epoch : 27/40]
Src_cls_loss	: 0.0486
-------------------------------------
[Epoch : 28/40]
Src_cls_loss	: 0.0471
-------------------------------------
[Epoch : 29/40]
Src_cls_loss	: 0.0456
-------------------------------------
[Epoch : 30/40]
Src_cls_loss	: 0.0441
-------------------------------------
[Epoch : 31/40]
Src_cls_loss	: 0.0427
-------------------------------------
[Epoch : 32/40]
Src_cls_loss	: 0.0415
-------------------------------------
[Epoch : 33/40]
Src_cls_loss	: 0.0404
-------------------------------------
[Epoch : 34/40]
Src_cls_loss	: 0.0392
-------------------------------------
[Epoch : 35/40]
Src_cls_loss	: 0.0382
-------------------------------------
[Epoch : 36/40]
Src_cls_loss	: 0.0372
-------------------------------------
[Epoch : 37/40]
Src_cls_loss	: 0.0362
-------------------------------------
[Epoch : 38/40]
Src_cls_loss	: 0.0353
-------------------------------------
[Epoch : 39/40]
Src_cls_loss	: 0.0346
-------------------------------------
[Epoch : 40/40]
Src_cls_loss	: 0.0338
-------------------------------------
