=============================================
Dataset: mobiact_realworld
Method:  NO_ADAPT
=============================================
Source: syn_70 ---> Target: dp_70
Run ID: 3
=============================================
[Epoch : 1/40]
Src_cls_loss	: 0.6378
-------------------------------------
[Epoch : 2/40]
Src_cls_loss	: 0.4698
-------------------------------------
[Epoch : 3/40]
Src_cls_loss	: 0.3768
-------------------------------------
[Epoch : 4/40]
Src_cls_loss	: 0.3185
-------------------------------------
[Epoch : 5/40]
Src_cls_loss	: 0.2771
-------------------------------------
[Epoch : 6/40]
Src_cls_loss	: 0.2449
-------------------------------------
[Epoch : 7/40]
Src_cls_loss	: 0.2197
-------------------------------------
[Epoch : 8/40]
Src_cls_loss	: 0.2011
-------------------------------------
[Epoch : 9/40]
Src_cls_loss	: 0.1869
-------------------------------------
[Epoch : 10/40]
Src_cls_loss	: 0.1738
-------------------------------------
[Epoch : 11/40]
Src_cls_loss	: 0.1615
-------------------------------------
[Epoch : 12/40]
Src_cls_loss	: 0.1527
-------------------------------------
[Epoch : 13/40]
Src_cls_loss	: 0.1444
-------------------------------------
[Epoch : 14/40]
Src_cls_loss	: 0.1366
-------------------------------------
[Epoch : 15/40]
Src_cls_loss	: 0.1298
-------------------------------------
[Epoch : 16/40]
Src_cls_loss	: 0.1246
-------------------------------------
[Epoch : 17/40]
Src_cls_loss	: 0.1192
-------------------------------------
[Epoch : 18/40]
Src_cls_loss	: 0.1142
-------------------------------------
[Epoch : 19/40]
Src_cls_loss	: 0.1096
-------------------------------------
[Epoch : 20/40]
Src_cls_loss	: 0.1057
-------------------------------------
[Epoch : 21/40]
Src_cls_loss	: 0.1021
-------------------------------------
[Epoch : 22/40]
Src_cls_loss	: 0.0985
-------------------------------------
[Epoch : 23/40]
Src_cls_loss	: 0.0953
-------------------------------------
[Epoch : 24/40]
Src_cls_loss	: 0.0922
-------------------------------------
[Epoch : 25/40]
Src_cls_loss	: 0.0897
-------------------------------------
[Epoch : 26/40]
Src_cls_loss	: 0.0874
-------------------------------------
[Epoch : 27/40]
Src_cls_loss	: 0.0850
-------------------------------------
[Epoch : 28/40]
Src_cls_loss	: 0.0826
-------------------------------------
[Epoch : 29/40]
Src_cls_loss	: 0.0807
-------------------------------------
[Epoch : 30/40]
Src_cls_loss	: 0.0787
-------------------------------------
[Epoch : 31/40]
Src_cls_loss	: 0.0770
-------------------------------------
[Epoch : 32/40]
Src_cls_loss	: 0.0751
-------------------------------------
[Epoch : 33/40]
Src_cls_loss	: 0.0733
-------------------------------------
[Epoch : 34/40]
Src_cls_loss	: 0.0716
-------------------------------------
[Epoch : 35/40]
Src_cls_loss	: 0.0700
-------------------------------------
[Epoch : 36/40]
Src_cls_loss	: 0.0684
-------------------------------------
[Epoch : 37/40]
Src_cls_loss	: 0.0673
-------------------------------------
[Epoch : 38/40]
Src_cls_loss	: 0.0660
-------------------------------------
[Epoch : 39/40]
Src_cls_loss	: 0.0646
-------------------------------------
[Epoch : 40/40]
Src_cls_loss	: 0.0632
-------------------------------------
