=============================================
Dataset: mobiact_realworld
Method:  NO_ADAPT
=============================================
Source: syn_61 ---> Target: dp_61
Run ID: 7
=============================================
[Epoch : 1/40]
Src_cls_loss	: 0.5446
-------------------------------------
[Epoch : 2/40]
Src_cls_loss	: 0.3878
-------------------------------------
[Epoch : 3/40]
Src_cls_loss	: 0.3039
-------------------------------------
[Epoch : 4/40]
Src_cls_loss	: 0.2555
-------------------------------------
[Epoch : 5/40]
Src_cls_loss	: 0.2237
-------------------------------------
[Epoch : 6/40]
Src_cls_loss	: 0.1996
-------------------------------------
[Epoch : 7/40]
Src_cls_loss	: 0.1813
-------------------------------------
[Epoch : 8/40]
Src_cls_loss	: 0.1662
-------------------------------------
[Epoch : 9/40]
Src_cls_loss	: 0.1541
-------------------------------------
[Epoch : 10/40]
Src_cls_loss	: 0.1439
-------------------------------------
[Epoch : 11/40]
Src_cls_loss	: 0.1342
-------------------------------------
[Epoch : 12/40]
Src_cls_loss	: 0.1266
-------------------------------------
[Epoch : 13/40]
Src_cls_loss	: 0.1205
-------------------------------------
[Epoch : 14/40]
Src_cls_loss	: 0.1152
-------------------------------------
[Epoch : 15/40]
Src_cls_loss	: 0.1099
-------------------------------------
[Epoch : 16/40]
Src_cls_loss	: 0.1046
-------------------------------------
[Epoch : 17/40]
Src_cls_loss	: 0.1000
-------------------------------------
[Epoch : 18/40]
Src_cls_loss	: 0.0957
-------------------------------------
[Epoch : 19/40]
Src_cls_loss	: 0.0920
-------------------------------------
[Epoch : 20/40]
Src_cls_loss	: 0.0891
-------------------------------------
[Epoch : 21/40]
Src_cls_loss	: 0.0865
-------------------------------------
[Epoch : 22/40]
Src_cls_loss	: 0.0839
-------------------------------------
[Epoch : 23/40]
Src_cls_loss	: 0.0816
-------------------------------------
[Epoch : 24/40]
Src_cls_loss	: 0.0793
-------------------------------------
[Epoch : 25/40]
Src_cls_loss	: 0.0771
-------------------------------------
[Epoch : 26/40]
Src_cls_loss	: 0.0749
-------------------------------------
[Epoch : 27/40]
Src_cls_loss	: 0.0731
-------------------------------------
[Epoch : 28/40]
Src_cls_loss	: 0.0711
-------------------------------------
[Epoch : 29/40]
Src_cls_loss	: 0.0692
-------------------------------------
[Epoch : 30/40]
Src_cls_loss	: 0.0674
-------------------------------------
[Epoch : 31/40]
Src_cls_loss	: 0.0659
-------------------------------------
[Epoch : 32/40]
Src_cls_loss	: 0.0646
-------------------------------------
[Epoch : 33/40]
Src_cls_loss	: 0.0635
-------------------------------------
[Epoch : 34/40]
Src_cls_loss	: 0.0621
-------------------------------------
[Epoch : 35/40]
Src_cls_loss	: 0.0609
-------------------------------------
[Epoch : 36/40]
Src_cls_loss	: 0.0597
-------------------------------------
[Epoch : 37/40]
Src_cls_loss	: 0.0585
-------------------------------------
[Epoch : 38/40]
Src_cls_loss	: 0.0575
-------------------------------------
[Epoch : 39/40]
Src_cls_loss	: 0.0569
-------------------------------------
[Epoch : 40/40]
Src_cls_loss	: 0.0559
-------------------------------------
