=============================================
Dataset: mobiact_realworld
Method:  MMDA
=============================================
Source: df ---> Target: dp_74
Run ID: 0
=============================================
[Epoch : 1/40]
Total_loss	: 30.1711
Coral_loss	: 0.0014
MMD_loss	: 0.7045
cond_ent_wt	: 3.4986
Src_cls_loss	: 0.3176
-------------------------------------
[Epoch : 2/40]
Total_loss	: 17.6953
Coral_loss	: 0.0014
MMD_loss	: 0.6380
cond_ent_wt	: 1.9550
Src_cls_loss	: 0.2183
-------------------------------------
[Epoch : 3/40]
Total_loss	: 12.8457
Coral_loss	: 0.0015
MMD_loss	: 0.6112
cond_ent_wt	: 1.3621
Src_cls_loss	: 0.1718
-------------------------------------
[Epoch : 4/40]
Total_loss	: 10.2509
Coral_loss	: 0.0016
MMD_loss	: 0.5902
cond_ent_wt	: 1.0491
Src_cls_loss	: 0.1445
-------------------------------------
[Epoch : 5/40]
Total_loss	: 8.6070
Coral_loss	: 0.0016
MMD_loss	: 0.5760
cond_ent_wt	: 0.8530
Src_cls_loss	: 0.1250
-------------------------------------
[Epoch : 6/40]
Total_loss	: 7.4986
Coral_loss	: 0.0017
MMD_loss	: 0.5667
cond_ent_wt	: 0.7211
Src_cls_loss	: 0.1113
-------------------------------------
[Epoch : 7/40]
Total_loss	: 6.6853
Coral_loss	: 0.0017
MMD_loss	: 0.5601
cond_ent_wt	: 0.6253
Src_cls_loss	: 0.1001
-------------------------------------
[Epoch : 8/40]
Total_loss	: 6.0503
Coral_loss	: 0.0018
MMD_loss	: 0.5527
cond_ent_wt	: 0.5519
Src_cls_loss	: 0.0905
-------------------------------------
[Epoch : 9/40]
Total_loss	: 5.5545
Coral_loss	: 0.0018
MMD_loss	: 0.5451
cond_ent_wt	: 0.4942
Src_cls_loss	: 0.0841
-------------------------------------
[Epoch : 10/40]
Total_loss	: 5.1537
Coral_loss	: 0.0018
MMD_loss	: 0.5401
cond_ent_wt	: 0.4472
Src_cls_loss	: 0.0789
-------------------------------------
[Epoch : 11/40]
Total_loss	: 4.8197
Coral_loss	: 0.0019
MMD_loss	: 0.5348
cond_ent_wt	: 0.4094
Src_cls_loss	: 0.0735
-------------------------------------
[Epoch : 12/40]
Total_loss	: 4.5422
Coral_loss	: 0.0019
MMD_loss	: 0.5299
cond_ent_wt	: 0.3772
Src_cls_loss	: 0.0701
-------------------------------------
[Epoch : 13/40]
Total_loss	: 4.3025
Coral_loss	: 0.0019
MMD_loss	: 0.5264
cond_ent_wt	: 0.3497
Src_cls_loss	: 0.0664
-------------------------------------
[Epoch : 14/40]
Total_loss	: 4.0910
Coral_loss	: 0.0020
MMD_loss	: 0.5220
cond_ent_wt	: 0.3260
Src_cls_loss	: 0.0630
-------------------------------------
[Epoch : 15/40]
Total_loss	: 3.9044
Coral_loss	: 0.0020
MMD_loss	: 0.5182
cond_ent_wt	: 0.3053
Src_cls_loss	: 0.0598
-------------------------------------
[Epoch : 16/40]
Total_loss	: 3.7437
Coral_loss	: 0.0020
MMD_loss	: 0.5140
cond_ent_wt	: 0.2875
Src_cls_loss	: 0.0572
-------------------------------------
[Epoch : 17/40]
Total_loss	: 3.5998
Coral_loss	: 0.0020
MMD_loss	: 0.5098
cond_ent_wt	: 0.2718
Src_cls_loss	: 0.0549
-------------------------------------
[Epoch : 18/40]
Total_loss	: 3.4755
Coral_loss	: 0.0021
MMD_loss	: 0.5072
cond_ent_wt	: 0.2577
Src_cls_loss	: 0.0531
-------------------------------------
[Epoch : 19/40]
Total_loss	: 3.3656
Coral_loss	: 0.0021
MMD_loss	: 0.5055
cond_ent_wt	: 0.2450
Src_cls_loss	: 0.0516
-------------------------------------
[Epoch : 20/40]
Total_loss	: 3.2619
Coral_loss	: 0.0021
MMD_loss	: 0.5041
cond_ent_wt	: 0.2333
Src_cls_loss	: 0.0497
-------------------------------------
[Epoch : 21/40]
Total_loss	: 3.1780
Coral_loss	: 0.0022
MMD_loss	: 0.5052
cond_ent_wt	: 0.2229
Src_cls_loss	: 0.0484
-------------------------------------
[Epoch : 22/40]
Total_loss	: 3.0948
Coral_loss	: 0.0023
MMD_loss	: 0.5051
cond_ent_wt	: 0.2134
Src_cls_loss	: 0.0468
-------------------------------------
[Epoch : 23/40]
Total_loss	: 3.0213
Coral_loss	: 0.0023
MMD_loss	: 0.5055
cond_ent_wt	: 0.2046
Src_cls_loss	: 0.0456
-------------------------------------
[Epoch : 24/40]
Total_loss	: 2.9530
Coral_loss	: 0.0023
MMD_loss	: 0.5056
cond_ent_wt	: 0.1965
Src_cls_loss	: 0.0444
-------------------------------------
[Epoch : 25/40]
Total_loss	: 2.8908
Coral_loss	: 0.0023
MMD_loss	: 0.5060
cond_ent_wt	: 0.1893
Src_cls_loss	: 0.0431
-------------------------------------
[Epoch : 26/40]
Total_loss	: 2.8332
Coral_loss	: 0.0024
MMD_loss	: 0.5056
cond_ent_wt	: 0.1825
Src_cls_loss	: 0.0423
-------------------------------------
[Epoch : 27/40]
Total_loss	: 2.7765
Coral_loss	: 0.0024
MMD_loss	: 0.5049
cond_ent_wt	: 0.1761
Src_cls_loss	: 0.0413
-------------------------------------
[Epoch : 28/40]
Total_loss	: 2.7251
Coral_loss	: 0.0024
MMD_loss	: 0.5046
cond_ent_wt	: 0.1703
Src_cls_loss	: 0.0402
-------------------------------------
[Epoch : 29/40]
Total_loss	: 2.6769
Coral_loss	: 0.0024
MMD_loss	: 0.5039
cond_ent_wt	: 0.1648
Src_cls_loss	: 0.0393
-------------------------------------
[Epoch : 30/40]
Total_loss	: 2.6271
Coral_loss	: 0.0025
MMD_loss	: 0.5016
cond_ent_wt	: 0.1596
Src_cls_loss	: 0.0386
-------------------------------------
[Epoch : 31/40]
Total_loss	: 2.5867
Coral_loss	: 0.0025
MMD_loss	: 0.5020
cond_ent_wt	: 0.1547
Src_cls_loss	: 0.0379
-------------------------------------
[Epoch : 32/40]
Total_loss	: 2.5454
Coral_loss	: 0.0025
MMD_loss	: 0.5015
cond_ent_wt	: 0.1502
Src_cls_loss	: 0.0370
-------------------------------------
[Epoch : 33/40]
Total_loss	: 2.5086
Coral_loss	: 0.0025
MMD_loss	: 0.5008
cond_ent_wt	: 0.1458
Src_cls_loss	: 0.0367
-------------------------------------
[Epoch : 34/40]
Total_loss	: 2.4716
Coral_loss	: 0.0025
MMD_loss	: 0.5002
cond_ent_wt	: 0.1416
Src_cls_loss	: 0.0361
-------------------------------------
[Epoch : 35/40]
Total_loss	: 2.4343
Coral_loss	: 0.0025
MMD_loss	: 0.4989
cond_ent_wt	: 0.1376
Src_cls_loss	: 0.0354
-------------------------------------
[Epoch : 36/40]
Total_loss	: 2.4011
Coral_loss	: 0.0025
MMD_loss	: 0.4988
cond_ent_wt	: 0.1340
Src_cls_loss	: 0.0347
-------------------------------------
[Epoch : 37/40]
Total_loss	: 2.3674
Coral_loss	: 0.0025
MMD_loss	: 0.4972
cond_ent_wt	: 0.1305
Src_cls_loss	: 0.0341
-------------------------------------
[Epoch : 38/40]
Total_loss	: 2.3389
Coral_loss	: 0.0025
MMD_loss	: 0.4965
cond_ent_wt	: 0.1273
Src_cls_loss	: 0.0337
-------------------------------------
[Epoch : 39/40]
Total_loss	: 2.3088
Coral_loss	: 0.0025
MMD_loss	: 0.4953
cond_ent_wt	: 0.1242
Src_cls_loss	: 0.0331
-------------------------------------
[Epoch : 40/40]
Total_loss	: 2.2820
Coral_loss	: 0.0025
MMD_loss	: 0.4945
cond_ent_wt	: 0.1214
Src_cls_loss	: 0.0326
-------------------------------------
