=============================================
Dataset: realworld_mobiact
Method:  NO_ADAPT
=============================================
Source: syn_32 ---> Target: real_32
Run ID: 0
=============================================
[Epoch : 1/100]
Src_cls_loss	: 1.4226
-------------------------------------
[Epoch : 2/100]
Src_cls_loss	: 1.2866
-------------------------------------
[Epoch : 3/100]
Src_cls_loss	: 1.1964
-------------------------------------
[Epoch : 4/100]
Src_cls_loss	: 1.1231
-------------------------------------
[Epoch : 5/100]
Src_cls_loss	: 1.0632
-------------------------------------
[Epoch : 6/100]
Src_cls_loss	: 1.0087
-------------------------------------
[Epoch : 7/100]
Src_cls_loss	: 0.9654
-------------------------------------
[Epoch : 8/100]
Src_cls_loss	: 0.9262
-------------------------------------
[Epoch : 9/100]
Src_cls_loss	: 0.8913
-------------------------------------
[Epoch : 10/100]
Src_cls_loss	: 0.8593
-------------------------------------
[Epoch : 11/100]
Src_cls_loss	: 0.8304
-------------------------------------
[Epoch : 12/100]
Src_cls_loss	: 0.8034
-------------------------------------
[Epoch : 13/100]
Src_cls_loss	: 0.7773
-------------------------------------
[Epoch : 14/100]
Src_cls_loss	: 0.7519
-------------------------------------
[Epoch : 15/100]
Src_cls_loss	: 0.7280
-------------------------------------
[Epoch : 16/100]
Src_cls_loss	: 0.7047
-------------------------------------
[Epoch : 17/100]
Src_cls_loss	: 0.6823
-------------------------------------
[Epoch : 18/100]
Src_cls_loss	: 0.6607
-------------------------------------
[Epoch : 19/100]
Src_cls_loss	: 0.6401
-------------------------------------
[Epoch : 20/100]
Src_cls_loss	: 0.6199
-------------------------------------
[Epoch : 21/100]
Src_cls_loss	: 0.6009
-------------------------------------
[Epoch : 22/100]
Src_cls_loss	: 0.5825
-------------------------------------
[Epoch : 23/100]
Src_cls_loss	: 0.5651
-------------------------------------
[Epoch : 24/100]
Src_cls_loss	: 0.5487
-------------------------------------
[Epoch : 25/100]
Src_cls_loss	: 0.5328
-------------------------------------
[Epoch : 26/100]
Src_cls_loss	: 0.5176
-------------------------------------
[Epoch : 27/100]
Src_cls_loss	: 0.5034
-------------------------------------
[Epoch : 28/100]
Src_cls_loss	: 0.4895
-------------------------------------
[Epoch : 29/100]
Src_cls_loss	: 0.4765
-------------------------------------
[Epoch : 30/100]
Src_cls_loss	: 0.4637
-------------------------------------
[Epoch : 31/100]
Src_cls_loss	: 0.4517
-------------------------------------
[Epoch : 32/100]
Src_cls_loss	: 0.4403
-------------------------------------
[Epoch : 33/100]
Src_cls_loss	: 0.4296
-------------------------------------
[Epoch : 34/100]
Src_cls_loss	: 0.4190
-------------------------------------
[Epoch : 35/100]
Src_cls_loss	: 0.4091
-------------------------------------
[Epoch : 36/100]
Src_cls_loss	: 0.3995
-------------------------------------
[Epoch : 37/100]
Src_cls_loss	: 0.3902
-------------------------------------
[Epoch : 38/100]
Src_cls_loss	: 0.3815
-------------------------------------
[Epoch : 39/100]
Src_cls_loss	: 0.3732
-------------------------------------
[Epoch : 40/100]
Src_cls_loss	: 0.3652
-------------------------------------
[Epoch : 41/100]
Src_cls_loss	: 0.3573
-------------------------------------
[Epoch : 42/100]
Src_cls_loss	: 0.3499
-------------------------------------
[Epoch : 43/100]
Src_cls_loss	: 0.3426
-------------------------------------
[Epoch : 44/100]
Src_cls_loss	: 0.3356
-------------------------------------
[Epoch : 45/100]
Src_cls_loss	: 0.3289
-------------------------------------
[Epoch : 46/100]
Src_cls_loss	: 0.3225
-------------------------------------
[Epoch : 47/100]
Src_cls_loss	: 0.3165
-------------------------------------
[Epoch : 48/100]
Src_cls_loss	: 0.3105
-------------------------------------
[Epoch : 49/100]
Src_cls_loss	: 0.3048
-------------------------------------
[Epoch : 50/100]
Src_cls_loss	: 0.2993
-------------------------------------
[Epoch : 51/100]
Src_cls_loss	: 0.2939
-------------------------------------
[Epoch : 52/100]
Src_cls_loss	: 0.2888
-------------------------------------
[Epoch : 53/100]
Src_cls_loss	: 0.2838
-------------------------------------
[Epoch : 54/100]
Src_cls_loss	: 0.2790
-------------------------------------
[Epoch : 55/100]
Src_cls_loss	: 0.2743
-------------------------------------
[Epoch : 56/100]
Src_cls_loss	: 0.2699
-------------------------------------
[Epoch : 57/100]
Src_cls_loss	: 0.2656
-------------------------------------
[Epoch : 58/100]
Src_cls_loss	: 0.2613
-------------------------------------
[Epoch : 59/100]
Src_cls_loss	: 0.2572
-------------------------------------
[Epoch : 60/100]
Src_cls_loss	: 0.2532
-------------------------------------
[Epoch : 61/100]
Src_cls_loss	: 0.2494
-------------------------------------
[Epoch : 62/100]
Src_cls_loss	: 0.2456
-------------------------------------
[Epoch : 63/100]
Src_cls_loss	: 0.2420
-------------------------------------
[Epoch : 64/100]
Src_cls_loss	: 0.2385
-------------------------------------
[Epoch : 65/100]
Src_cls_loss	: 0.2350
-------------------------------------
[Epoch : 66/100]
Src_cls_loss	: 0.2317
-------------------------------------
[Epoch : 67/100]
Src_cls_loss	: 0.2285
-------------------------------------
[Epoch : 68/100]
Src_cls_loss	: 0.2253
-------------------------------------
[Epoch : 69/100]
Src_cls_loss	: 0.2222
-------------------------------------
[Epoch : 70/100]
Src_cls_loss	: 0.2192
-------------------------------------
[Epoch : 71/100]
Src_cls_loss	: 0.2163
-------------------------------------
[Epoch : 72/100]
Src_cls_loss	: 0.2135
-------------------------------------
[Epoch : 73/100]
Src_cls_loss	: 0.2107
-------------------------------------
[Epoch : 74/100]
Src_cls_loss	: 0.2081
-------------------------------------
[Epoch : 75/100]
Src_cls_loss	: 0.2054
-------------------------------------
[Epoch : 76/100]
Src_cls_loss	: 0.2029
-------------------------------------
[Epoch : 77/100]
Src_cls_loss	: 0.2004
-------------------------------------
[Epoch : 78/100]
Src_cls_loss	: 0.1980
-------------------------------------
[Epoch : 79/100]
Src_cls_loss	: 0.1956
-------------------------------------
[Epoch : 80/100]
Src_cls_loss	: 0.1933
-------------------------------------
[Epoch : 81/100]
Src_cls_loss	: 0.1910
-------------------------------------
[Epoch : 82/100]
Src_cls_loss	: 0.1889
-------------------------------------
[Epoch : 83/100]
Src_cls_loss	: 0.1867
-------------------------------------
[Epoch : 84/100]
Src_cls_loss	: 0.1845
-------------------------------------
[Epoch : 85/100]
Src_cls_loss	: 0.1825
-------------------------------------
[Epoch : 86/100]
Src_cls_loss	: 0.1805
-------------------------------------
[Epoch : 87/100]
Src_cls_loss	: 0.1785
-------------------------------------
[Epoch : 88/100]
Src_cls_loss	: 0.1766
-------------------------------------
[Epoch : 89/100]
Src_cls_loss	: 0.1747
-------------------------------------
[Epoch : 90/100]
Src_cls_loss	: 0.1728
-------------------------------------
[Epoch : 91/100]
Src_cls_loss	: 0.1710
-------------------------------------
[Epoch : 92/100]
Src_cls_loss	: 0.1692
-------------------------------------
[Epoch : 93/100]
Src_cls_loss	: 0.1675
-------------------------------------
[Epoch : 94/100]
Src_cls_loss	: 0.1658
-------------------------------------
[Epoch : 95/100]
Src_cls_loss	: 0.1641
-------------------------------------
[Epoch : 96/100]
Src_cls_loss	: 0.1625
-------------------------------------
[Epoch : 97/100]
Src_cls_loss	: 0.1609
-------------------------------------
[Epoch : 98/100]
Src_cls_loss	: 0.1593
-------------------------------------
[Epoch : 99/100]
Src_cls_loss	: 0.1577
-------------------------------------
[Epoch : 100/100]
Src_cls_loss	: 0.1562
-------------------------------------
