=============================================
Dataset: pamap_mobiact
Method:  NO_ADAPT
=============================================
Source: syn_46 ---> Target: dp_46
Run ID: 2
=============================================
[Epoch : 1/40]
Src_cls_loss	: 0.5307
-------------------------------------
[Epoch : 2/40]
Src_cls_loss	: 0.3999
-------------------------------------
[Epoch : 3/40]
Src_cls_loss	: 0.3291
-------------------------------------
[Epoch : 4/40]
Src_cls_loss	: 0.2747
-------------------------------------
[Epoch : 5/40]
Src_cls_loss	: 0.2381
-------------------------------------
[Epoch : 6/40]
Src_cls_loss	: 0.2100
-------------------------------------
[Epoch : 7/40]
Src_cls_loss	: 0.1895
-------------------------------------
[Epoch : 8/40]
Src_cls_loss	: 0.1721
-------------------------------------
[Epoch : 9/40]
Src_cls_loss	: 0.1579
-------------------------------------
[Epoch : 10/40]
Src_cls_loss	: 0.1482
-------------------------------------
[Epoch : 11/40]
Src_cls_loss	: 0.1388
-------------------------------------
[Epoch : 12/40]
Src_cls_loss	: 0.1300
-------------------------------------
[Epoch : 13/40]
Src_cls_loss	: 0.1238
-------------------------------------
[Epoch : 14/40]
Src_cls_loss	: 0.1185
-------------------------------------
[Epoch : 15/40]
Src_cls_loss	: 0.1128
-------------------------------------
[Epoch : 16/40]
Src_cls_loss	: 0.1069
-------------------------------------
[Epoch : 17/40]
Src_cls_loss	: 0.1016
-------------------------------------
[Epoch : 18/40]
Src_cls_loss	: 0.0970
-------------------------------------
[Epoch : 19/40]
Src_cls_loss	: 0.0931
-------------------------------------
[Epoch : 20/40]
Src_cls_loss	: 0.0893
-------------------------------------
[Epoch : 21/40]
Src_cls_loss	: 0.0856
-------------------------------------
[Epoch : 22/40]
Src_cls_loss	: 0.0825
-------------------------------------
[Epoch : 23/40]
Src_cls_loss	: 0.0796
-------------------------------------
[Epoch : 24/40]
Src_cls_loss	: 0.0769
-------------------------------------
[Epoch : 25/40]
Src_cls_loss	: 0.0743
-------------------------------------
[Epoch : 26/40]
Src_cls_loss	: 0.0720
-------------------------------------
[Epoch : 27/40]
Src_cls_loss	: 0.0700
-------------------------------------
[Epoch : 28/40]
Src_cls_loss	: 0.0678
-------------------------------------
[Epoch : 29/40]
Src_cls_loss	: 0.0662
-------------------------------------
[Epoch : 30/40]
Src_cls_loss	: 0.0646
-------------------------------------
[Epoch : 31/40]
Src_cls_loss	: 0.0630
-------------------------------------
[Epoch : 32/40]
Src_cls_loss	: 0.0616
-------------------------------------
[Epoch : 33/40]
Src_cls_loss	: 0.0602
-------------------------------------
[Epoch : 34/40]
Src_cls_loss	: 0.0590
-------------------------------------
[Epoch : 35/40]
Src_cls_loss	: 0.0577
-------------------------------------
[Epoch : 36/40]
Src_cls_loss	: 0.0564
-------------------------------------
[Epoch : 37/40]
Src_cls_loss	: 0.0550
-------------------------------------
[Epoch : 38/40]
Src_cls_loss	: 0.0538
-------------------------------------
[Epoch : 39/40]
Src_cls_loss	: 0.0526
-------------------------------------
[Epoch : 40/40]
Src_cls_loss	: 0.0515
-------------------------------------
