=============================================
Dataset: mobiact_realworld
Method:  Deep_Coral
=============================================
Source: df ---> Target: dp_wal_75
Run ID: 0
=============================================
[Epoch : 1/40]
Total_loss	: 2.2738
Src_cls_loss	: 0.3408
coral_loss	: 0.0004
-------------------------------------
[Epoch : 2/40]
Total_loss	: 1.5972
Src_cls_loss	: 0.2393
coral_loss	: 0.0004
-------------------------------------
[Epoch : 3/40]
Total_loss	: 1.2689
Src_cls_loss	: 0.1901
coral_loss	: 0.0004
-------------------------------------
[Epoch : 4/40]
Total_loss	: 1.0726
Src_cls_loss	: 0.1606
coral_loss	: 0.0003
-------------------------------------
[Epoch : 5/40]
Total_loss	: 0.9305
Src_cls_loss	: 0.1393
coral_loss	: 0.0003
-------------------------------------
[Epoch : 6/40]
Total_loss	: 0.8292
Src_cls_loss	: 0.1241
coral_loss	: 0.0003
-------------------------------------
[Epoch : 7/40]
Total_loss	: 0.7435
Src_cls_loss	: 0.1113
coral_loss	: 0.0003
-------------------------------------
[Epoch : 8/40]
Total_loss	: 0.6793
Src_cls_loss	: 0.1017
coral_loss	: 0.0003
-------------------------------------
[Epoch : 9/40]
Total_loss	: 0.6267
Src_cls_loss	: 0.0938
coral_loss	: 0.0003
-------------------------------------
[Epoch : 10/40]
Total_loss	: 0.5791
Src_cls_loss	: 0.0866
coral_loss	: 0.0003
-------------------------------------
[Epoch : 11/40]
Total_loss	: 0.5379
Src_cls_loss	: 0.0805
coral_loss	: 0.0003
-------------------------------------
[Epoch : 12/40]
Total_loss	: 0.5038
Src_cls_loss	: 0.0754
coral_loss	: 0.0003
-------------------------------------
[Epoch : 13/40]
Total_loss	: 0.4740
Src_cls_loss	: 0.0709
coral_loss	: 0.0003
-------------------------------------
[Epoch : 14/40]
Total_loss	: 0.4470
Src_cls_loss	: 0.0668
coral_loss	: 0.0002
-------------------------------------
[Epoch : 15/40]
Total_loss	: 0.4232
Src_cls_loss	: 0.0633
coral_loss	: 0.0002
-------------------------------------
[Epoch : 16/40]
Total_loss	: 0.4017
Src_cls_loss	: 0.0601
coral_loss	: 0.0002
-------------------------------------
[Epoch : 17/40]
Total_loss	: 0.3838
Src_cls_loss	: 0.0574
coral_loss	: 0.0002
-------------------------------------
[Epoch : 18/40]
Total_loss	: 0.3707
Src_cls_loss	: 0.0554
coral_loss	: 0.0002
-------------------------------------
[Epoch : 19/40]
Total_loss	: 0.3553
Src_cls_loss	: 0.0531
coral_loss	: 0.0002
-------------------------------------
[Epoch : 20/40]
Total_loss	: 0.3403
Src_cls_loss	: 0.0509
coral_loss	: 0.0002
-------------------------------------
[Epoch : 21/40]
Total_loss	: 0.3272
Src_cls_loss	: 0.0489
coral_loss	: 0.0002
-------------------------------------
[Epoch : 22/40]
Total_loss	: 0.3145
Src_cls_loss	: 0.0470
coral_loss	: 0.0002
-------------------------------------
[Epoch : 23/40]
Total_loss	: 0.3030
Src_cls_loss	: 0.0453
coral_loss	: 0.0002
-------------------------------------
[Epoch : 24/40]
Total_loss	: 0.2920
Src_cls_loss	: 0.0436
coral_loss	: 0.0002
-------------------------------------
[Epoch : 25/40]
Total_loss	: 0.2832
Src_cls_loss	: 0.0423
coral_loss	: 0.0002
-------------------------------------
[Epoch : 26/40]
Total_loss	: 0.2743
Src_cls_loss	: 0.0410
coral_loss	: 0.0002
-------------------------------------
[Epoch : 27/40]
Total_loss	: 0.2659
Src_cls_loss	: 0.0397
coral_loss	: 0.0002
-------------------------------------
[Epoch : 28/40]
Total_loss	: 0.2584
Src_cls_loss	: 0.0386
coral_loss	: 0.0002
-------------------------------------
[Epoch : 29/40]
Total_loss	: 0.2519
Src_cls_loss	: 0.0376
coral_loss	: 0.0002
-------------------------------------
[Epoch : 30/40]
Total_loss	: 0.2452
Src_cls_loss	: 0.0366
coral_loss	: 0.0002
-------------------------------------
[Epoch : 31/40]
Total_loss	: 0.2394
Src_cls_loss	: 0.0357
coral_loss	: 0.0002
-------------------------------------
[Epoch : 32/40]
Total_loss	: 0.2333
Src_cls_loss	: 0.0348
coral_loss	: 0.0002
-------------------------------------
[Epoch : 33/40]
Total_loss	: 0.2273
Src_cls_loss	: 0.0339
coral_loss	: 0.0002
-------------------------------------
[Epoch : 34/40]
Total_loss	: 0.2222
Src_cls_loss	: 0.0332
coral_loss	: 0.0002
-------------------------------------
[Epoch : 35/40]
Total_loss	: 0.2168
Src_cls_loss	: 0.0323
coral_loss	: 0.0002
-------------------------------------
[Epoch : 36/40]
Total_loss	: 0.2113
Src_cls_loss	: 0.0315
coral_loss	: 0.0002
-------------------------------------
[Epoch : 37/40]
Total_loss	: 0.2059
Src_cls_loss	: 0.0307
coral_loss	: 0.0002
-------------------------------------
[Epoch : 38/40]
Total_loss	: 0.2013
Src_cls_loss	: 0.0300
coral_loss	: 0.0002
-------------------------------------
[Epoch : 39/40]
Total_loss	: 0.1971
Src_cls_loss	: 0.0294
coral_loss	: 0.0002
-------------------------------------
[Epoch : 40/40]
Total_loss	: 0.1936
Src_cls_loss	: 0.0289
coral_loss	: 0.0002
-------------------------------------
