=============================================
Dataset: realworld_mobiact
Method:  SYN
=============================================
Source: syn_wal_61 ---> Target: dp_wal_61
Run ID: 0
=============================================
[Epoch : 1/40]
Src_cls_loss	: 0.8238
-------------------------------------
[Epoch : 2/40]
Src_cls_loss	: 0.6706
-------------------------------------
[Epoch : 3/40]
Src_cls_loss	: 0.5298
-------------------------------------
[Epoch : 4/40]
Src_cls_loss	: 0.4269
-------------------------------------
[Epoch : 5/40]
Src_cls_loss	: 0.3593
-------------------------------------
[Epoch : 6/40]
Src_cls_loss	: 0.3096
-------------------------------------
[Epoch : 7/40]
Src_cls_loss	: 0.2705
-------------------------------------
[Epoch : 8/40]
Src_cls_loss	: 0.2405
-------------------------------------
[Epoch : 9/40]
Src_cls_loss	: 0.2166
-------------------------------------
[Epoch : 10/40]
Src_cls_loss	: 0.1966
-------------------------------------
[Epoch : 11/40]
Src_cls_loss	: 0.1800
-------------------------------------
[Epoch : 12/40]
Src_cls_loss	: 0.1661
-------------------------------------
[Epoch : 13/40]
Src_cls_loss	: 0.1542
-------------------------------------
[Epoch : 14/40]
Src_cls_loss	: 0.1442
-------------------------------------
[Epoch : 15/40]
Src_cls_loss	: 0.1351
-------------------------------------
[Epoch : 16/40]
Src_cls_loss	: 0.1275
-------------------------------------
[Epoch : 17/40]
Src_cls_loss	: 0.1208
-------------------------------------
[Epoch : 18/40]
Src_cls_loss	: 0.1146
-------------------------------------
[Epoch : 19/40]
Src_cls_loss	: 0.1092
-------------------------------------
[Epoch : 20/40]
Src_cls_loss	: 0.1041
-------------------------------------
[Epoch : 21/40]
Src_cls_loss	: 0.0994
-------------------------------------
[Epoch : 22/40]
Src_cls_loss	: 0.0952
-------------------------------------
[Epoch : 23/40]
Src_cls_loss	: 0.0919
-------------------------------------
[Epoch : 24/40]
Src_cls_loss	: 0.0885
-------------------------------------
[Epoch : 25/40]
Src_cls_loss	: 0.0852
-------------------------------------
[Epoch : 26/40]
Src_cls_loss	: 0.0821
-------------------------------------
[Epoch : 27/40]
Src_cls_loss	: 0.0793
-------------------------------------
[Epoch : 28/40]
Src_cls_loss	: 0.0767
-------------------------------------
[Epoch : 29/40]
Src_cls_loss	: 0.0742
-------------------------------------
[Epoch : 30/40]
Src_cls_loss	: 0.0719
-------------------------------------
[Epoch : 31/40]
Src_cls_loss	: 0.0696
-------------------------------------
[Epoch : 32/40]
Src_cls_loss	: 0.0675
-------------------------------------
[Epoch : 33/40]
Src_cls_loss	: 0.0656
-------------------------------------
[Epoch : 34/40]
Src_cls_loss	: 0.0637
-------------------------------------
[Epoch : 35/40]
Src_cls_loss	: 0.0620
-------------------------------------
[Epoch : 36/40]
Src_cls_loss	: 0.0603
-------------------------------------
[Epoch : 37/40]
Src_cls_loss	: 0.0588
-------------------------------------
[Epoch : 38/40]
Src_cls_loss	: 0.0572
-------------------------------------
[Epoch : 39/40]
Src_cls_loss	: 0.0558
-------------------------------------
[Epoch : 40/40]
Src_cls_loss	: 0.0545
-------------------------------------
