=============================================
Dataset: realworld_pamap
Method:  NO_ADAPT
=============================================
Source: syn_18 ---> Target: dp_18
Run ID: 2
=============================================
[Epoch : 1/40]
Src_cls_loss	: 0.7062
-------------------------------------
[Epoch : 2/40]
Src_cls_loss	: 0.5124
-------------------------------------
[Epoch : 3/40]
Src_cls_loss	: 0.4013
-------------------------------------
[Epoch : 4/40]
Src_cls_loss	: 0.3291
-------------------------------------
[Epoch : 5/40]
Src_cls_loss	: 0.2822
-------------------------------------
[Epoch : 6/40]
Src_cls_loss	: 0.2467
-------------------------------------
[Epoch : 7/40]
Src_cls_loss	: 0.2206
-------------------------------------
[Epoch : 8/40]
Src_cls_loss	: 0.2001
-------------------------------------
[Epoch : 9/40]
Src_cls_loss	: 0.1813
-------------------------------------
[Epoch : 10/40]
Src_cls_loss	: 0.1663
-------------------------------------
[Epoch : 11/40]
Src_cls_loss	: 0.1572
-------------------------------------
[Epoch : 12/40]
Src_cls_loss	: 0.1469
-------------------------------------
[Epoch : 13/40]
Src_cls_loss	: 0.1380
-------------------------------------
[Epoch : 14/40]
Src_cls_loss	: 0.1296
-------------------------------------
[Epoch : 15/40]
Src_cls_loss	: 0.1220
-------------------------------------
[Epoch : 16/40]
Src_cls_loss	: 0.1156
-------------------------------------
[Epoch : 17/40]
Src_cls_loss	: 0.1097
-------------------------------------
[Epoch : 18/40]
Src_cls_loss	: 0.1045
-------------------------------------
[Epoch : 19/40]
Src_cls_loss	: 0.0997
-------------------------------------
[Epoch : 20/40]
Src_cls_loss	: 0.0952
-------------------------------------
[Epoch : 21/40]
Src_cls_loss	: 0.0915
-------------------------------------
[Epoch : 22/40]
Src_cls_loss	: 0.0884
-------------------------------------
[Epoch : 23/40]
Src_cls_loss	: 0.0853
-------------------------------------
[Epoch : 24/40]
Src_cls_loss	: 0.0821
-------------------------------------
[Epoch : 25/40]
Src_cls_loss	: 0.0791
-------------------------------------
[Epoch : 26/40]
Src_cls_loss	: 0.0765
-------------------------------------
[Epoch : 27/40]
Src_cls_loss	: 0.0740
-------------------------------------
[Epoch : 28/40]
Src_cls_loss	: 0.0717
-------------------------------------
[Epoch : 29/40]
Src_cls_loss	: 0.0695
-------------------------------------
[Epoch : 30/40]
Src_cls_loss	: 0.0673
-------------------------------------
[Epoch : 31/40]
Src_cls_loss	: 0.0654
-------------------------------------
[Epoch : 32/40]
Src_cls_loss	: 0.0636
-------------------------------------
[Epoch : 33/40]
Src_cls_loss	: 0.0620
-------------------------------------
[Epoch : 34/40]
Src_cls_loss	: 0.0604
-------------------------------------
[Epoch : 35/40]
Src_cls_loss	: 0.0588
-------------------------------------
[Epoch : 36/40]
Src_cls_loss	: 0.0574
-------------------------------------
[Epoch : 37/40]
Src_cls_loss	: 0.0560
-------------------------------------
[Epoch : 38/40]
Src_cls_loss	: 0.0548
-------------------------------------
[Epoch : 39/40]
Src_cls_loss	: 0.0535
-------------------------------------
[Epoch : 40/40]
Src_cls_loss	: 0.0522
-------------------------------------
