=============================================
Dataset: realworld_mobiact
Method:  NO_ADAPT
=============================================
Source: syn_33 ---> Target: dp_33
Run ID: 1
=============================================
[Epoch : 1/40]
Src_cls_loss	: 0.7907
-------------------------------------
[Epoch : 2/40]
Src_cls_loss	: 0.6062
-------------------------------------
[Epoch : 3/40]
Src_cls_loss	: 0.4719
-------------------------------------
[Epoch : 4/40]
Src_cls_loss	: 0.3844
-------------------------------------
[Epoch : 5/40]
Src_cls_loss	: 0.3239
-------------------------------------
[Epoch : 6/40]
Src_cls_loss	: 0.2795
-------------------------------------
[Epoch : 7/40]
Src_cls_loss	: 0.2455
-------------------------------------
[Epoch : 8/40]
Src_cls_loss	: 0.2193
-------------------------------------
[Epoch : 9/40]
Src_cls_loss	: 0.1978
-------------------------------------
[Epoch : 10/40]
Src_cls_loss	: 0.1801
-------------------------------------
[Epoch : 11/40]
Src_cls_loss	: 0.1657
-------------------------------------
[Epoch : 12/40]
Src_cls_loss	: 0.1539
-------------------------------------
[Epoch : 13/40]
Src_cls_loss	: 0.1445
-------------------------------------
[Epoch : 14/40]
Src_cls_loss	: 0.1354
-------------------------------------
[Epoch : 15/40]
Src_cls_loss	: 0.1274
-------------------------------------
[Epoch : 16/40]
Src_cls_loss	: 0.1202
-------------------------------------
[Epoch : 17/40]
Src_cls_loss	: 0.1134
-------------------------------------
[Epoch : 18/40]
Src_cls_loss	: 0.1077
-------------------------------------
[Epoch : 19/40]
Src_cls_loss	: 0.1024
-------------------------------------
[Epoch : 20/40]
Src_cls_loss	: 0.0975
-------------------------------------
[Epoch : 21/40]
Src_cls_loss	: 0.0933
-------------------------------------
[Epoch : 22/40]
Src_cls_loss	: 0.0896
-------------------------------------
[Epoch : 23/40]
Src_cls_loss	: 0.0861
-------------------------------------
[Epoch : 24/40]
Src_cls_loss	: 0.0828
-------------------------------------
[Epoch : 25/40]
Src_cls_loss	: 0.0800
-------------------------------------
[Epoch : 26/40]
Src_cls_loss	: 0.0772
-------------------------------------
[Epoch : 27/40]
Src_cls_loss	: 0.0745
-------------------------------------
[Epoch : 28/40]
Src_cls_loss	: 0.0721
-------------------------------------
[Epoch : 29/40]
Src_cls_loss	: 0.0698
-------------------------------------
[Epoch : 30/40]
Src_cls_loss	: 0.0678
-------------------------------------
[Epoch : 31/40]
Src_cls_loss	: 0.0663
-------------------------------------
[Epoch : 32/40]
Src_cls_loss	: 0.0646
-------------------------------------
[Epoch : 33/40]
Src_cls_loss	: 0.0629
-------------------------------------
[Epoch : 34/40]
Src_cls_loss	: 0.0613
-------------------------------------
[Epoch : 35/40]
Src_cls_loss	: 0.0597
-------------------------------------
[Epoch : 36/40]
Src_cls_loss	: 0.0582
-------------------------------------
[Epoch : 37/40]
Src_cls_loss	: 0.0567
-------------------------------------
[Epoch : 38/40]
Src_cls_loss	: 0.0553
-------------------------------------
[Epoch : 39/40]
Src_cls_loss	: 0.0540
-------------------------------------
[Epoch : 40/40]
Src_cls_loss	: 0.0528
-------------------------------------
