=============================================
Dataset: realworld_mobiact
Method:  Deep_Coral
=============================================
Source: df ---> Target: dp_wal_44
Run ID: 0
=============================================
[Epoch : 1/40]
Total_loss	: 3.3752
Src_cls_loss	: 0.5061
coral_loss	: 0.0005
-------------------------------------
[Epoch : 2/40]
Total_loss	: 2.9258
Src_cls_loss	: 0.4387
coral_loss	: 0.0005
-------------------------------------
[Epoch : 3/40]
Total_loss	: 2.6575
Src_cls_loss	: 0.3984
coral_loss	: 0.0004
-------------------------------------
[Epoch : 4/40]
Total_loss	: 2.4864
Src_cls_loss	: 0.3728
coral_loss	: 0.0004
-------------------------------------
[Epoch : 5/40]
Total_loss	: 2.3528
Src_cls_loss	: 0.3527
coral_loss	: 0.0004
-------------------------------------
[Epoch : 6/40]
Total_loss	: 2.2486
Src_cls_loss	: 0.3371
coral_loss	: 0.0004
-------------------------------------
[Epoch : 7/40]
Total_loss	: 2.1558
Src_cls_loss	: 0.3232
coral_loss	: 0.0004
-------------------------------------
[Epoch : 8/40]
Total_loss	: 2.0767
Src_cls_loss	: 0.3113
coral_loss	: 0.0003
-------------------------------------
[Epoch : 9/40]
Total_loss	: 2.0034
Src_cls_loss	: 0.3004
coral_loss	: 0.0003
-------------------------------------
[Epoch : 10/40]
Total_loss	: 1.9394
Src_cls_loss	: 0.2908
coral_loss	: 0.0003
-------------------------------------
[Epoch : 11/40]
Total_loss	: 1.8791
Src_cls_loss	: 0.2817
coral_loss	: 0.0003
-------------------------------------
[Epoch : 12/40]
Total_loss	: 1.8287
Src_cls_loss	: 0.2742
coral_loss	: 0.0003
-------------------------------------
[Epoch : 13/40]
Total_loss	: 1.7883
Src_cls_loss	: 0.2681
coral_loss	: 0.0003
-------------------------------------
[Epoch : 14/40]
Total_loss	: 1.7489
Src_cls_loss	: 0.2622
coral_loss	: 0.0003
-------------------------------------
[Epoch : 15/40]
Total_loss	: 1.7105
Src_cls_loss	: 0.2564
coral_loss	: 0.0003
-------------------------------------
[Epoch : 16/40]
Total_loss	: 1.6769
Src_cls_loss	: 0.2514
coral_loss	: 0.0003
-------------------------------------
[Epoch : 17/40]
Total_loss	: 1.6488
Src_cls_loss	: 0.2472
coral_loss	: 0.0003
-------------------------------------
[Epoch : 18/40]
Total_loss	: 1.6218
Src_cls_loss	: 0.2431
coral_loss	: 0.0003
-------------------------------------
[Epoch : 19/40]
Total_loss	: 1.5938
Src_cls_loss	: 0.2389
coral_loss	: 0.0003
-------------------------------------
[Epoch : 20/40]
Total_loss	: 1.5703
Src_cls_loss	: 0.2354
coral_loss	: 0.0003
-------------------------------------
[Epoch : 21/40]
Total_loss	: 1.5480
Src_cls_loss	: 0.2320
coral_loss	: 0.0003
-------------------------------------
[Epoch : 22/40]
Total_loss	: 1.5264
Src_cls_loss	: 0.2288
coral_loss	: 0.0003
-------------------------------------
[Epoch : 23/40]
Total_loss	: 1.5054
Src_cls_loss	: 0.2257
coral_loss	: 0.0003
-------------------------------------
[Epoch : 24/40]
Total_loss	: 1.4854
Src_cls_loss	: 0.2227
coral_loss	: 0.0003
-------------------------------------
[Epoch : 25/40]
Total_loss	: 1.4650
Src_cls_loss	: 0.2196
coral_loss	: 0.0003
-------------------------------------
[Epoch : 26/40]
Total_loss	: 1.4453
Src_cls_loss	: 0.2167
coral_loss	: 0.0003
-------------------------------------
[Epoch : 27/40]
Total_loss	: 1.4282
Src_cls_loss	: 0.2141
coral_loss	: 0.0003
-------------------------------------
[Epoch : 28/40]
Total_loss	: 1.4094
Src_cls_loss	: 0.2113
coral_loss	: 0.0003
-------------------------------------
[Epoch : 29/40]
Total_loss	: 1.3924
Src_cls_loss	: 0.2087
coral_loss	: 0.0003
-------------------------------------
[Epoch : 30/40]
Total_loss	: 1.3771
Src_cls_loss	: 0.2064
coral_loss	: 0.0003
-------------------------------------
[Epoch : 31/40]
Total_loss	: 1.3626
Src_cls_loss	: 0.2042
coral_loss	: 0.0003
-------------------------------------
[Epoch : 32/40]
Total_loss	: 1.3488
Src_cls_loss	: 0.2022
coral_loss	: 0.0003
-------------------------------------
[Epoch : 33/40]
Total_loss	: 1.3330
Src_cls_loss	: 0.1998
coral_loss	: 0.0003
-------------------------------------
[Epoch : 34/40]
Total_loss	: 1.3193
Src_cls_loss	: 0.1977
coral_loss	: 0.0003
-------------------------------------
[Epoch : 35/40]
Total_loss	: 1.3061
Src_cls_loss	: 0.1958
coral_loss	: 0.0003
-------------------------------------
[Epoch : 36/40]
Total_loss	: 1.2943
Src_cls_loss	: 0.1940
coral_loss	: 0.0003
-------------------------------------
[Epoch : 37/40]
Total_loss	: 1.2815
Src_cls_loss	: 0.1921
coral_loss	: 0.0003
-------------------------------------
[Epoch : 38/40]
Total_loss	: 1.2702
Src_cls_loss	: 0.1904
coral_loss	: 0.0003
-------------------------------------
[Epoch : 39/40]
Total_loss	: 1.2593
Src_cls_loss	: 0.1888
coral_loss	: 0.0003
-------------------------------------
[Epoch : 40/40]
Total_loss	: 1.2489
Src_cls_loss	: 0.1872
coral_loss	: 0.0003
-------------------------------------
