=============================================
Dataset: realworld_mobiact
Method:  Deep_Coral
=============================================
Source: df ---> Target: dp_wal_29
Run ID: 0
=============================================
[Epoch : 1/40]
Total_loss	: 2.4526
Src_cls_loss	: 0.3674
coral_loss	: 0.0007
-------------------------------------
[Epoch : 2/40]
Total_loss	: 2.0037
Src_cls_loss	: 0.3001
coral_loss	: 0.0007
-------------------------------------
[Epoch : 3/40]
Total_loss	: 1.7621
Src_cls_loss	: 0.2638
coral_loss	: 0.0006
-------------------------------------
[Epoch : 4/40]
Total_loss	: 1.6049
Src_cls_loss	: 0.2403
coral_loss	: 0.0006
-------------------------------------
[Epoch : 5/40]
Total_loss	: 1.4927
Src_cls_loss	: 0.2234
coral_loss	: 0.0006
-------------------------------------
[Epoch : 6/40]
Total_loss	: 1.4103
Src_cls_loss	: 0.2111
coral_loss	: 0.0006
-------------------------------------
[Epoch : 7/40]
Total_loss	: 1.3452
Src_cls_loss	: 0.2013
coral_loss	: 0.0006
-------------------------------------
[Epoch : 8/40]
Total_loss	: 1.2852
Src_cls_loss	: 0.1924
coral_loss	: 0.0005
-------------------------------------
[Epoch : 9/40]
Total_loss	: 1.2276
Src_cls_loss	: 0.1837
coral_loss	: 0.0005
-------------------------------------
[Epoch : 10/40]
Total_loss	: 1.1797
Src_cls_loss	: 0.1766
coral_loss	: 0.0005
-------------------------------------
[Epoch : 11/40]
Total_loss	: 1.1369
Src_cls_loss	: 0.1701
coral_loss	: 0.0005
-------------------------------------
[Epoch : 12/40]
Total_loss	: 1.0971
Src_cls_loss	: 0.1642
coral_loss	: 0.0005
-------------------------------------
[Epoch : 13/40]
Total_loss	: 1.0617
Src_cls_loss	: 0.1589
coral_loss	: 0.0005
-------------------------------------
[Epoch : 14/40]
Total_loss	: 1.0294
Src_cls_loss	: 0.1541
coral_loss	: 0.0004
-------------------------------------
[Epoch : 15/40]
Total_loss	: 0.9997
Src_cls_loss	: 0.1496
coral_loss	: 0.0004
-------------------------------------
[Epoch : 16/40]
Total_loss	: 0.9712
Src_cls_loss	: 0.1453
coral_loss	: 0.0004
-------------------------------------
[Epoch : 17/40]
Total_loss	: 0.9441
Src_cls_loss	: 0.1413
coral_loss	: 0.0004
-------------------------------------
[Epoch : 18/40]
Total_loss	: 0.9199
Src_cls_loss	: 0.1377
coral_loss	: 0.0004
-------------------------------------
[Epoch : 19/40]
Total_loss	: 0.8955
Src_cls_loss	: 0.1340
coral_loss	: 0.0004
-------------------------------------
[Epoch : 20/40]
Total_loss	: 0.8729
Src_cls_loss	: 0.1306
coral_loss	: 0.0004
-------------------------------------
[Epoch : 21/40]
Total_loss	: 0.8515
Src_cls_loss	: 0.1274
coral_loss	: 0.0004
-------------------------------------
[Epoch : 22/40]
Total_loss	: 0.8307
Src_cls_loss	: 0.1243
coral_loss	: 0.0004
-------------------------------------
[Epoch : 23/40]
Total_loss	: 0.8115
Src_cls_loss	: 0.1214
coral_loss	: 0.0004
-------------------------------------
[Epoch : 24/40]
Total_loss	: 0.7929
Src_cls_loss	: 0.1186
coral_loss	: 0.0004
-------------------------------------
[Epoch : 25/40]
Total_loss	: 0.7748
Src_cls_loss	: 0.1159
coral_loss	: 0.0004
-------------------------------------
[Epoch : 26/40]
Total_loss	: 0.7568
Src_cls_loss	: 0.1132
coral_loss	: 0.0004
-------------------------------------
[Epoch : 27/40]
Total_loss	: 0.7403
Src_cls_loss	: 0.1108
coral_loss	: 0.0004
-------------------------------------
[Epoch : 28/40]
Total_loss	: 0.7246
Src_cls_loss	: 0.1084
coral_loss	: 0.0003
-------------------------------------
[Epoch : 29/40]
Total_loss	: 0.7095
Src_cls_loss	: 0.1062
coral_loss	: 0.0003
-------------------------------------
[Epoch : 30/40]
Total_loss	: 0.6952
Src_cls_loss	: 0.1040
coral_loss	: 0.0003
-------------------------------------
[Epoch : 31/40]
Total_loss	: 0.6809
Src_cls_loss	: 0.1019
coral_loss	: 0.0003
-------------------------------------
[Epoch : 32/40]
Total_loss	: 0.6668
Src_cls_loss	: 0.0998
coral_loss	: 0.0003
-------------------------------------
[Epoch : 33/40]
Total_loss	: 0.6542
Src_cls_loss	: 0.0979
coral_loss	: 0.0003
-------------------------------------
[Epoch : 34/40]
Total_loss	: 0.6422
Src_cls_loss	: 0.0961
coral_loss	: 0.0003
-------------------------------------
[Epoch : 35/40]
Total_loss	: 0.6300
Src_cls_loss	: 0.0942
coral_loss	: 0.0003
-------------------------------------
[Epoch : 36/40]
Total_loss	: 0.6190
Src_cls_loss	: 0.0926
coral_loss	: 0.0003
-------------------------------------
[Epoch : 37/40]
Total_loss	: 0.6071
Src_cls_loss	: 0.0908
coral_loss	: 0.0003
-------------------------------------
[Epoch : 38/40]
Total_loss	: 0.5964
Src_cls_loss	: 0.0892
coral_loss	: 0.0003
-------------------------------------
[Epoch : 39/40]
Total_loss	: 0.5859
Src_cls_loss	: 0.0876
coral_loss	: 0.0003
-------------------------------------
[Epoch : 40/40]
Total_loss	: 0.5757
Src_cls_loss	: 0.0861
coral_loss	: 0.0003
-------------------------------------
