=============================================
Dataset: realworld_pamap
Method:  NO_ADAPT
=============================================
Source: syn_19 ---> Target: dp_19
Run ID: 2
=============================================
[Epoch : 1/40]
Src_cls_loss	: 0.7194
-------------------------------------
[Epoch : 2/40]
Src_cls_loss	: 0.5211
-------------------------------------
[Epoch : 3/40]
Src_cls_loss	: 0.4067
-------------------------------------
[Epoch : 4/40]
Src_cls_loss	: 0.3296
-------------------------------------
[Epoch : 5/40]
Src_cls_loss	: 0.2810
-------------------------------------
[Epoch : 6/40]
Src_cls_loss	: 0.2489
-------------------------------------
[Epoch : 7/40]
Src_cls_loss	: 0.2215
-------------------------------------
[Epoch : 8/40]
Src_cls_loss	: 0.1996
-------------------------------------
[Epoch : 9/40]
Src_cls_loss	: 0.1839
-------------------------------------
[Epoch : 10/40]
Src_cls_loss	: 0.1703
-------------------------------------
[Epoch : 11/40]
Src_cls_loss	: 0.1586
-------------------------------------
[Epoch : 12/40]
Src_cls_loss	: 0.1477
-------------------------------------
[Epoch : 13/40]
Src_cls_loss	: 0.1393
-------------------------------------
[Epoch : 14/40]
Src_cls_loss	: 0.1322
-------------------------------------
[Epoch : 15/40]
Src_cls_loss	: 0.1272
-------------------------------------
[Epoch : 16/40]
Src_cls_loss	: 0.1215
-------------------------------------
[Epoch : 17/40]
Src_cls_loss	: 0.1159
-------------------------------------
[Epoch : 18/40]
Src_cls_loss	: 0.1120
-------------------------------------
[Epoch : 19/40]
Src_cls_loss	: 0.1085
-------------------------------------
[Epoch : 20/40]
Src_cls_loss	: 0.1046
-------------------------------------
[Epoch : 21/40]
Src_cls_loss	: 0.1013
-------------------------------------
[Epoch : 22/40]
Src_cls_loss	: 0.0978
-------------------------------------
[Epoch : 23/40]
Src_cls_loss	: 0.0945
-------------------------------------
[Epoch : 24/40]
Src_cls_loss	: 0.0911
-------------------------------------
[Epoch : 25/40]
Src_cls_loss	: 0.0879
-------------------------------------
[Epoch : 26/40]
Src_cls_loss	: 0.0850
-------------------------------------
[Epoch : 27/40]
Src_cls_loss	: 0.0832
-------------------------------------
[Epoch : 28/40]
Src_cls_loss	: 0.0811
-------------------------------------
[Epoch : 29/40]
Src_cls_loss	: 0.0790
-------------------------------------
[Epoch : 30/40]
Src_cls_loss	: 0.0767
-------------------------------------
[Epoch : 31/40]
Src_cls_loss	: 0.0748
-------------------------------------
[Epoch : 32/40]
Src_cls_loss	: 0.0729
-------------------------------------
[Epoch : 33/40]
Src_cls_loss	: 0.0711
-------------------------------------
[Epoch : 34/40]
Src_cls_loss	: 0.0693
-------------------------------------
[Epoch : 35/40]
Src_cls_loss	: 0.0678
-------------------------------------
[Epoch : 36/40]
Src_cls_loss	: 0.0663
-------------------------------------
[Epoch : 37/40]
Src_cls_loss	: 0.0649
-------------------------------------
[Epoch : 38/40]
Src_cls_loss	: 0.0637
-------------------------------------
[Epoch : 39/40]
Src_cls_loss	: 0.0627
-------------------------------------
[Epoch : 40/40]
Src_cls_loss	: 0.0615
-------------------------------------
