=============================================
Dataset: mobiact_realworld
Method:  Deep_Coral
=============================================
Source: df ---> Target: dp_64
Run ID: 0
=============================================
[Epoch : 1/40]
Total_loss	: 2.2743
Src_cls_loss	: 0.3411
coral_loss	: 0.0002
-------------------------------------
[Epoch : 2/40]
Total_loss	: 1.5969
Src_cls_loss	: 0.2394
coral_loss	: 0.0002
-------------------------------------
[Epoch : 3/40]
Total_loss	: 1.2688
Src_cls_loss	: 0.1902
coral_loss	: 0.0002
-------------------------------------
[Epoch : 4/40]
Total_loss	: 1.0716
Src_cls_loss	: 0.1606
coral_loss	: 0.0002
-------------------------------------
[Epoch : 5/40]
Total_loss	: 0.9300
Src_cls_loss	: 0.1394
coral_loss	: 0.0002
-------------------------------------
[Epoch : 6/40]
Total_loss	: 0.8287
Src_cls_loss	: 0.1242
coral_loss	: 0.0002
-------------------------------------
[Epoch : 7/40]
Total_loss	: 0.7440
Src_cls_loss	: 0.1115
coral_loss	: 0.0002
-------------------------------------
[Epoch : 8/40]
Total_loss	: 0.6794
Src_cls_loss	: 0.1018
coral_loss	: 0.0002
-------------------------------------
[Epoch : 9/40]
Total_loss	: 0.6272
Src_cls_loss	: 0.0940
coral_loss	: 0.0002
-------------------------------------
[Epoch : 10/40]
Total_loss	: 0.5797
Src_cls_loss	: 0.0868
coral_loss	: 0.0001
-------------------------------------
[Epoch : 11/40]
Total_loss	: 0.5385
Src_cls_loss	: 0.0807
coral_loss	: 0.0001
-------------------------------------
[Epoch : 12/40]
Total_loss	: 0.5040
Src_cls_loss	: 0.0755
coral_loss	: 0.0001
-------------------------------------
[Epoch : 13/40]
Total_loss	: 0.4733
Src_cls_loss	: 0.0709
coral_loss	: 0.0001
-------------------------------------
[Epoch : 14/40]
Total_loss	: 0.4462
Src_cls_loss	: 0.0668
coral_loss	: 0.0001
-------------------------------------
[Epoch : 15/40]
Total_loss	: 0.4231
Src_cls_loss	: 0.0634
coral_loss	: 0.0001
-------------------------------------
[Epoch : 16/40]
Total_loss	: 0.4018
Src_cls_loss	: 0.0602
coral_loss	: 0.0001
-------------------------------------
[Epoch : 17/40]
Total_loss	: 0.3839
Src_cls_loss	: 0.0575
coral_loss	: 0.0001
-------------------------------------
[Epoch : 18/40]
Total_loss	: 0.3704
Src_cls_loss	: 0.0555
coral_loss	: 0.0001
-------------------------------------
[Epoch : 19/40]
Total_loss	: 0.3549
Src_cls_loss	: 0.0531
coral_loss	: 0.0001
-------------------------------------
[Epoch : 20/40]
Total_loss	: 0.3411
Src_cls_loss	: 0.0511
coral_loss	: 0.0001
-------------------------------------
[Epoch : 21/40]
Total_loss	: 0.3274
Src_cls_loss	: 0.0490
coral_loss	: 0.0001
-------------------------------------
[Epoch : 22/40]
Total_loss	: 0.3145
Src_cls_loss	: 0.0471
coral_loss	: 0.0001
-------------------------------------
[Epoch : 23/40]
Total_loss	: 0.3031
Src_cls_loss	: 0.0454
coral_loss	: 0.0001
-------------------------------------
[Epoch : 24/40]
Total_loss	: 0.2924
Src_cls_loss	: 0.0438
coral_loss	: 0.0001
-------------------------------------
[Epoch : 25/40]
Total_loss	: 0.2841
Src_cls_loss	: 0.0425
coral_loss	: 0.0001
-------------------------------------
[Epoch : 26/40]
Total_loss	: 0.2751
Src_cls_loss	: 0.0412
coral_loss	: 0.0001
-------------------------------------
[Epoch : 27/40]
Total_loss	: 0.2662
Src_cls_loss	: 0.0398
coral_loss	: 0.0001
-------------------------------------
[Epoch : 28/40]
Total_loss	: 0.2589
Src_cls_loss	: 0.0387
coral_loss	: 0.0001
-------------------------------------
[Epoch : 29/40]
Total_loss	: 0.2523
Src_cls_loss	: 0.0377
coral_loss	: 0.0001
-------------------------------------
[Epoch : 30/40]
Total_loss	: 0.2454
Src_cls_loss	: 0.0367
coral_loss	: 0.0001
-------------------------------------
[Epoch : 31/40]
Total_loss	: 0.2388
Src_cls_loss	: 0.0357
coral_loss	: 0.0001
-------------------------------------
[Epoch : 32/40]
Total_loss	: 0.2327
Src_cls_loss	: 0.0348
coral_loss	: 0.0001
-------------------------------------
[Epoch : 33/40]
Total_loss	: 0.2271
Src_cls_loss	: 0.0340
coral_loss	: 0.0001
-------------------------------------
[Epoch : 34/40]
Total_loss	: 0.2222
Src_cls_loss	: 0.0332
coral_loss	: 0.0001
-------------------------------------
[Epoch : 35/40]
Total_loss	: 0.2171
Src_cls_loss	: 0.0325
coral_loss	: 0.0001
-------------------------------------
[Epoch : 36/40]
Total_loss	: 0.2118
Src_cls_loss	: 0.0317
coral_loss	: 0.0001
-------------------------------------
[Epoch : 37/40]
Total_loss	: 0.2064
Src_cls_loss	: 0.0309
coral_loss	: 0.0001
-------------------------------------
[Epoch : 38/40]
Total_loss	: 0.2022
Src_cls_loss	: 0.0302
coral_loss	: 0.0001
-------------------------------------
[Epoch : 39/40]
Total_loss	: 0.1985
Src_cls_loss	: 0.0297
coral_loss	: 0.0001
-------------------------------------
[Epoch : 40/40]
Total_loss	: 0.1953
Src_cls_loss	: 0.0292
coral_loss	: 0.0001
-------------------------------------
