=============================================
Dataset: pamap_mobiact
Method:  NO_ADAPT
=============================================
Source: syn_44 ---> Target: dp_44
Run ID: 9
=============================================
[Epoch : 1/40]
Src_cls_loss	: 0.7251
-------------------------------------
[Epoch : 2/40]
Src_cls_loss	: 0.5914
-------------------------------------
[Epoch : 3/40]
Src_cls_loss	: 0.5073
-------------------------------------
[Epoch : 4/40]
Src_cls_loss	: 0.4538
-------------------------------------
[Epoch : 5/40]
Src_cls_loss	: 0.4113
-------------------------------------
[Epoch : 6/40]
Src_cls_loss	: 0.3780
-------------------------------------
[Epoch : 7/40]
Src_cls_loss	: 0.3487
-------------------------------------
[Epoch : 8/40]
Src_cls_loss	: 0.3286
-------------------------------------
[Epoch : 9/40]
Src_cls_loss	: 0.3095
-------------------------------------
[Epoch : 10/40]
Src_cls_loss	: 0.2922
-------------------------------------
[Epoch : 11/40]
Src_cls_loss	: 0.2758
-------------------------------------
[Epoch : 12/40]
Src_cls_loss	: 0.2652
-------------------------------------
[Epoch : 13/40]
Src_cls_loss	: 0.2524
-------------------------------------
[Epoch : 14/40]
Src_cls_loss	: 0.2403
-------------------------------------
[Epoch : 15/40]
Src_cls_loss	: 0.2308
-------------------------------------
[Epoch : 16/40]
Src_cls_loss	: 0.2213
-------------------------------------
[Epoch : 17/40]
Src_cls_loss	: 0.2138
-------------------------------------
[Epoch : 18/40]
Src_cls_loss	: 0.2065
-------------------------------------
[Epoch : 19/40]
Src_cls_loss	: 0.1994
-------------------------------------
[Epoch : 20/40]
Src_cls_loss	: 0.1921
-------------------------------------
[Epoch : 21/40]
Src_cls_loss	: 0.1852
-------------------------------------
[Epoch : 22/40]
Src_cls_loss	: 0.1788
-------------------------------------
[Epoch : 23/40]
Src_cls_loss	: 0.1726
-------------------------------------
[Epoch : 24/40]
Src_cls_loss	: 0.1665
-------------------------------------
[Epoch : 25/40]
Src_cls_loss	: 0.1611
-------------------------------------
[Epoch : 26/40]
Src_cls_loss	: 0.1562
-------------------------------------
[Epoch : 27/40]
Src_cls_loss	: 0.1516
-------------------------------------
[Epoch : 28/40]
Src_cls_loss	: 0.1472
-------------------------------------
[Epoch : 29/40]
Src_cls_loss	: 0.1432
-------------------------------------
[Epoch : 30/40]
Src_cls_loss	: 0.1395
-------------------------------------
[Epoch : 31/40]
Src_cls_loss	: 0.1360
-------------------------------------
[Epoch : 32/40]
Src_cls_loss	: 0.1327
-------------------------------------
[Epoch : 33/40]
Src_cls_loss	: 0.1293
-------------------------------------
[Epoch : 34/40]
Src_cls_loss	: 0.1263
-------------------------------------
[Epoch : 35/40]
Src_cls_loss	: 0.1233
-------------------------------------
[Epoch : 36/40]
Src_cls_loss	: 0.1209
-------------------------------------
[Epoch : 37/40]
Src_cls_loss	: 0.1180
-------------------------------------
[Epoch : 38/40]
Src_cls_loss	: 0.1154
-------------------------------------
[Epoch : 39/40]
Src_cls_loss	: 0.1127
-------------------------------------
[Epoch : 40/40]
Src_cls_loss	: 0.1103
-------------------------------------
