=============================================
Dataset: realworld_mobiact
Method:  NO_ADAPT
=============================================
Source: syn_36 ---> Target: dp_36
Run ID: 5
=============================================
[Epoch : 1/40]
Src_cls_loss	: 0.8299
-------------------------------------
[Epoch : 2/40]
Src_cls_loss	: 0.6613
-------------------------------------
[Epoch : 3/40]
Src_cls_loss	: 0.5279
-------------------------------------
[Epoch : 4/40]
Src_cls_loss	: 0.4391
-------------------------------------
[Epoch : 5/40]
Src_cls_loss	: 0.3759
-------------------------------------
[Epoch : 6/40]
Src_cls_loss	: 0.3276
-------------------------------------
[Epoch : 7/40]
Src_cls_loss	: 0.2915
-------------------------------------
[Epoch : 8/40]
Src_cls_loss	: 0.2632
-------------------------------------
[Epoch : 9/40]
Src_cls_loss	: 0.2404
-------------------------------------
[Epoch : 10/40]
Src_cls_loss	: 0.2202
-------------------------------------
[Epoch : 11/40]
Src_cls_loss	: 0.2029
-------------------------------------
[Epoch : 12/40]
Src_cls_loss	: 0.1887
-------------------------------------
[Epoch : 13/40]
Src_cls_loss	: 0.1762
-------------------------------------
[Epoch : 14/40]
Src_cls_loss	: 0.1655
-------------------------------------
[Epoch : 15/40]
Src_cls_loss	: 0.1557
-------------------------------------
[Epoch : 16/40]
Src_cls_loss	: 0.1473
-------------------------------------
[Epoch : 17/40]
Src_cls_loss	: 0.1398
-------------------------------------
[Epoch : 18/40]
Src_cls_loss	: 0.1333
-------------------------------------
[Epoch : 19/40]
Src_cls_loss	: 0.1270
-------------------------------------
[Epoch : 20/40]
Src_cls_loss	: 0.1211
-------------------------------------
[Epoch : 21/40]
Src_cls_loss	: 0.1158
-------------------------------------
[Epoch : 22/40]
Src_cls_loss	: 0.1113
-------------------------------------
[Epoch : 23/40]
Src_cls_loss	: 0.1077
-------------------------------------
[Epoch : 24/40]
Src_cls_loss	: 0.1043
-------------------------------------
[Epoch : 25/40]
Src_cls_loss	: 0.1015
-------------------------------------
[Epoch : 26/40]
Src_cls_loss	: 0.0983
-------------------------------------
[Epoch : 27/40]
Src_cls_loss	: 0.0951
-------------------------------------
[Epoch : 28/40]
Src_cls_loss	: 0.0919
-------------------------------------
[Epoch : 29/40]
Src_cls_loss	: 0.0889
-------------------------------------
[Epoch : 30/40]
Src_cls_loss	: 0.0862
-------------------------------------
[Epoch : 31/40]
Src_cls_loss	: 0.0835
-------------------------------------
[Epoch : 32/40]
Src_cls_loss	: 0.0811
-------------------------------------
[Epoch : 33/40]
Src_cls_loss	: 0.0788
-------------------------------------
[Epoch : 34/40]
Src_cls_loss	: 0.0766
-------------------------------------
[Epoch : 35/40]
Src_cls_loss	: 0.0745
-------------------------------------
[Epoch : 36/40]
Src_cls_loss	: 0.0725
-------------------------------------
[Epoch : 37/40]
Src_cls_loss	: 0.0708
-------------------------------------
[Epoch : 38/40]
Src_cls_loss	: 0.0691
-------------------------------------
[Epoch : 39/40]
Src_cls_loss	: 0.0677
-------------------------------------
[Epoch : 40/40]
Src_cls_loss	: 0.0675
-------------------------------------
