=============================================
Dataset: realworld_mobiact
Method:  Deep_Coral
=============================================
Source: df ---> Target: dp_72
Run ID: 0
=============================================
[Epoch : 1/40]
Total_loss	: 3.3727
Src_cls_loss	: 0.5060
coral_loss	: 0.0001
-------------------------------------
[Epoch : 2/40]
Total_loss	: 2.9226
Src_cls_loss	: 0.4385
coral_loss	: 0.0002
-------------------------------------
[Epoch : 3/40]
Total_loss	: 2.6538
Src_cls_loss	: 0.3981
coral_loss	: 0.0002
-------------------------------------
[Epoch : 4/40]
Total_loss	: 2.4828
Src_cls_loss	: 0.3725
coral_loss	: 0.0002
-------------------------------------
[Epoch : 5/40]
Total_loss	: 2.3510
Src_cls_loss	: 0.3527
coral_loss	: 0.0002
-------------------------------------
[Epoch : 6/40]
Total_loss	: 2.2469
Src_cls_loss	: 0.3371
coral_loss	: 0.0002
-------------------------------------
[Epoch : 7/40]
Total_loss	: 2.1542
Src_cls_loss	: 0.3232
coral_loss	: 0.0002
-------------------------------------
[Epoch : 8/40]
Total_loss	: 2.0756
Src_cls_loss	: 0.3114
coral_loss	: 0.0002
-------------------------------------
[Epoch : 9/40]
Total_loss	: 2.0033
Src_cls_loss	: 0.3005
coral_loss	: 0.0002
-------------------------------------
[Epoch : 10/40]
Total_loss	: 1.9392
Src_cls_loss	: 0.2909
coral_loss	: 0.0001
-------------------------------------
[Epoch : 11/40]
Total_loss	: 1.8791
Src_cls_loss	: 0.2819
coral_loss	: 0.0001
-------------------------------------
[Epoch : 12/40]
Total_loss	: 1.8286
Src_cls_loss	: 0.2743
coral_loss	: 0.0001
-------------------------------------
[Epoch : 13/40]
Total_loss	: 1.7886
Src_cls_loss	: 0.2683
coral_loss	: 0.0001
-------------------------------------
[Epoch : 14/40]
Total_loss	: 1.7492
Src_cls_loss	: 0.2624
coral_loss	: 0.0001
-------------------------------------
[Epoch : 15/40]
Total_loss	: 1.7107
Src_cls_loss	: 0.2566
coral_loss	: 0.0001
-------------------------------------
[Epoch : 16/40]
Total_loss	: 1.6772
Src_cls_loss	: 0.2516
coral_loss	: 0.0001
-------------------------------------
[Epoch : 17/40]
Total_loss	: 1.6484
Src_cls_loss	: 0.2473
coral_loss	: 0.0001
-------------------------------------
[Epoch : 18/40]
Total_loss	: 1.6214
Src_cls_loss	: 0.2432
coral_loss	: 0.0001
-------------------------------------
[Epoch : 19/40]
Total_loss	: 1.5931
Src_cls_loss	: 0.2390
coral_loss	: 0.0001
-------------------------------------
[Epoch : 20/40]
Total_loss	: 1.5699
Src_cls_loss	: 0.2355
coral_loss	: 0.0001
-------------------------------------
[Epoch : 21/40]
Total_loss	: 1.5474
Src_cls_loss	: 0.2321
coral_loss	: 0.0001
-------------------------------------
[Epoch : 22/40]
Total_loss	: 1.5254
Src_cls_loss	: 0.2288
coral_loss	: 0.0001
-------------------------------------
[Epoch : 23/40]
Total_loss	: 1.5040
Src_cls_loss	: 0.2256
coral_loss	: 0.0001
-------------------------------------
[Epoch : 24/40]
Total_loss	: 1.4841
Src_cls_loss	: 0.2226
coral_loss	: 0.0001
-------------------------------------
[Epoch : 25/40]
Total_loss	: 1.4636
Src_cls_loss	: 0.2195
coral_loss	: 0.0001
-------------------------------------
[Epoch : 26/40]
Total_loss	: 1.4442
Src_cls_loss	: 0.2166
coral_loss	: 0.0001
-------------------------------------
[Epoch : 27/40]
Total_loss	: 1.4274
Src_cls_loss	: 0.2141
coral_loss	: 0.0001
-------------------------------------
[Epoch : 28/40]
Total_loss	: 1.4086
Src_cls_loss	: 0.2113
coral_loss	: 0.0001
-------------------------------------
[Epoch : 29/40]
Total_loss	: 1.3916
Src_cls_loss	: 0.2087
coral_loss	: 0.0001
-------------------------------------
[Epoch : 30/40]
Total_loss	: 1.3766
Src_cls_loss	: 0.2065
coral_loss	: 0.0001
-------------------------------------
[Epoch : 31/40]
Total_loss	: 1.3620
Src_cls_loss	: 0.2043
coral_loss	: 0.0001
-------------------------------------
[Epoch : 32/40]
Total_loss	: 1.3482
Src_cls_loss	: 0.2022
coral_loss	: 0.0001
-------------------------------------
[Epoch : 33/40]
Total_loss	: 1.3326
Src_cls_loss	: 0.1999
coral_loss	: 0.0001
-------------------------------------
[Epoch : 34/40]
Total_loss	: 1.3192
Src_cls_loss	: 0.1978
coral_loss	: 0.0001
-------------------------------------
[Epoch : 35/40]
Total_loss	: 1.3061
Src_cls_loss	: 0.1959
coral_loss	: 0.0001
-------------------------------------
[Epoch : 36/40]
Total_loss	: 1.2942
Src_cls_loss	: 0.1941
coral_loss	: 0.0001
-------------------------------------
[Epoch : 37/40]
Total_loss	: 1.2815
Src_cls_loss	: 0.1922
coral_loss	: 0.0001
-------------------------------------
[Epoch : 38/40]
Total_loss	: 1.2700
Src_cls_loss	: 0.1905
coral_loss	: 0.0001
-------------------------------------
[Epoch : 39/40]
Total_loss	: 1.2589
Src_cls_loss	: 0.1888
coral_loss	: 0.0001
-------------------------------------
[Epoch : 40/40]
Total_loss	: 1.2486
Src_cls_loss	: 0.1873
coral_loss	: 0.0001
-------------------------------------
