=============================================
Dataset: pamap_mobiact
Method:  NO_ADAPT
=============================================
Source: syn_19 ---> Target: dp_19
Run ID: 3
=============================================
[Epoch : 1/40]
Src_cls_loss	: 0.7134
-------------------------------------
[Epoch : 2/40]
Src_cls_loss	: 0.5888
-------------------------------------
[Epoch : 3/40]
Src_cls_loss	: 0.4993
-------------------------------------
[Epoch : 4/40]
Src_cls_loss	: 0.4308
-------------------------------------
[Epoch : 5/40]
Src_cls_loss	: 0.3755
-------------------------------------
[Epoch : 6/40]
Src_cls_loss	: 0.3357
-------------------------------------
[Epoch : 7/40]
Src_cls_loss	: 0.3059
-------------------------------------
[Epoch : 8/40]
Src_cls_loss	: 0.2776
-------------------------------------
[Epoch : 9/40]
Src_cls_loss	: 0.2547
-------------------------------------
[Epoch : 10/40]
Src_cls_loss	: 0.2371
-------------------------------------
[Epoch : 11/40]
Src_cls_loss	: 0.2207
-------------------------------------
[Epoch : 12/40]
Src_cls_loss	: 0.2052
-------------------------------------
[Epoch : 13/40]
Src_cls_loss	: 0.1923
-------------------------------------
[Epoch : 14/40]
Src_cls_loss	: 0.1815
-------------------------------------
[Epoch : 15/40]
Src_cls_loss	: 0.1724
-------------------------------------
[Epoch : 16/40]
Src_cls_loss	: 0.1636
-------------------------------------
[Epoch : 17/40]
Src_cls_loss	: 0.1556
-------------------------------------
[Epoch : 18/40]
Src_cls_loss	: 0.1487
-------------------------------------
[Epoch : 19/40]
Src_cls_loss	: 0.1418
-------------------------------------
[Epoch : 20/40]
Src_cls_loss	: 0.1359
-------------------------------------
[Epoch : 21/40]
Src_cls_loss	: 0.1306
-------------------------------------
[Epoch : 22/40]
Src_cls_loss	: 0.1254
-------------------------------------
[Epoch : 23/40]
Src_cls_loss	: 0.1207
-------------------------------------
[Epoch : 24/40]
Src_cls_loss	: 0.1164
-------------------------------------
[Epoch : 25/40]
Src_cls_loss	: 0.1124
-------------------------------------
[Epoch : 26/40]
Src_cls_loss	: 0.1086
-------------------------------------
[Epoch : 27/40]
Src_cls_loss	: 0.1051
-------------------------------------
[Epoch : 28/40]
Src_cls_loss	: 0.1019
-------------------------------------
[Epoch : 29/40]
Src_cls_loss	: 0.0991
-------------------------------------
[Epoch : 30/40]
Src_cls_loss	: 0.0964
-------------------------------------
[Epoch : 31/40]
Src_cls_loss	: 0.0935
-------------------------------------
[Epoch : 32/40]
Src_cls_loss	: 0.0908
-------------------------------------
[Epoch : 33/40]
Src_cls_loss	: 0.0883
-------------------------------------
[Epoch : 34/40]
Src_cls_loss	: 0.0860
-------------------------------------
[Epoch : 35/40]
Src_cls_loss	: 0.0839
-------------------------------------
[Epoch : 36/40]
Src_cls_loss	: 0.0818
-------------------------------------
[Epoch : 37/40]
Src_cls_loss	: 0.0798
-------------------------------------
[Epoch : 38/40]
Src_cls_loss	: 0.0780
-------------------------------------
[Epoch : 39/40]
Src_cls_loss	: 0.0763
-------------------------------------
[Epoch : 40/40]
Src_cls_loss	: 0.0747
-------------------------------------
