=============================================
Dataset: realworld_pamap
Method:  NO_ADAPT
=============================================
Source: syn_16 ---> Target: dp_16
Run ID: 0
=============================================
[Epoch : 1/40]
Src_cls_loss	: 0.6053
-------------------------------------
[Epoch : 2/40]
Src_cls_loss	: 0.4199
-------------------------------------
[Epoch : 3/40]
Src_cls_loss	: 0.3188
-------------------------------------
[Epoch : 4/40]
Src_cls_loss	: 0.2555
-------------------------------------
[Epoch : 5/40]
Src_cls_loss	: 0.2140
-------------------------------------
[Epoch : 6/40]
Src_cls_loss	: 0.1847
-------------------------------------
[Epoch : 7/40]
Src_cls_loss	: 0.1634
-------------------------------------
[Epoch : 8/40]
Src_cls_loss	: 0.1459
-------------------------------------
[Epoch : 9/40]
Src_cls_loss	: 0.1329
-------------------------------------
[Epoch : 10/40]
Src_cls_loss	: 0.1218
-------------------------------------
[Epoch : 11/40]
Src_cls_loss	: 0.1118
-------------------------------------
[Epoch : 12/40]
Src_cls_loss	: 0.1039
-------------------------------------
[Epoch : 13/40]
Src_cls_loss	: 0.0984
-------------------------------------
[Epoch : 14/40]
Src_cls_loss	: 0.0941
-------------------------------------
[Epoch : 15/40]
Src_cls_loss	: 0.0892
-------------------------------------
[Epoch : 16/40]
Src_cls_loss	: 0.0842
-------------------------------------
[Epoch : 17/40]
Src_cls_loss	: 0.0797
-------------------------------------
[Epoch : 18/40]
Src_cls_loss	: 0.0761
-------------------------------------
[Epoch : 19/40]
Src_cls_loss	: 0.0727
-------------------------------------
[Epoch : 20/40]
Src_cls_loss	: 0.0695
-------------------------------------
[Epoch : 21/40]
Src_cls_loss	: 0.0667
-------------------------------------
[Epoch : 22/40]
Src_cls_loss	: 0.0645
-------------------------------------
[Epoch : 23/40]
Src_cls_loss	: 0.0620
-------------------------------------
[Epoch : 24/40]
Src_cls_loss	: 0.0598
-------------------------------------
[Epoch : 25/40]
Src_cls_loss	: 0.0576
-------------------------------------
[Epoch : 26/40]
Src_cls_loss	: 0.0555
-------------------------------------
[Epoch : 27/40]
Src_cls_loss	: 0.0536
-------------------------------------
[Epoch : 28/40]
Src_cls_loss	: 0.0518
-------------------------------------
[Epoch : 29/40]
Src_cls_loss	: 0.0504
-------------------------------------
[Epoch : 30/40]
Src_cls_loss	: 0.0490
-------------------------------------
[Epoch : 31/40]
Src_cls_loss	: 0.0478
-------------------------------------
[Epoch : 32/40]
Src_cls_loss	: 0.0469
-------------------------------------
[Epoch : 33/40]
Src_cls_loss	: 0.0457
-------------------------------------
[Epoch : 34/40]
Src_cls_loss	: 0.0445
-------------------------------------
[Epoch : 35/40]
Src_cls_loss	: 0.0434
-------------------------------------
[Epoch : 36/40]
Src_cls_loss	: 0.0423
-------------------------------------
[Epoch : 37/40]
Src_cls_loss	: 0.0412
-------------------------------------
[Epoch : 38/40]
Src_cls_loss	: 0.0402
-------------------------------------
[Epoch : 39/40]
Src_cls_loss	: 0.0392
-------------------------------------
[Epoch : 40/40]
Src_cls_loss	: 0.0383
-------------------------------------
