=============================================
Dataset: pamap_mobiact
Method:  NO_ADAPT
=============================================
Source: syn_33 ---> Target: dp_33
Run ID: 6
=============================================
[Epoch : 1/40]
Src_cls_loss	: 0.7501
-------------------------------------
[Epoch : 2/40]
Src_cls_loss	: 0.6134
-------------------------------------
[Epoch : 3/40]
Src_cls_loss	: 0.5207
-------------------------------------
[Epoch : 4/40]
Src_cls_loss	: 0.4497
-------------------------------------
[Epoch : 5/40]
Src_cls_loss	: 0.3929
-------------------------------------
[Epoch : 6/40]
Src_cls_loss	: 0.3491
-------------------------------------
[Epoch : 7/40]
Src_cls_loss	: 0.3168
-------------------------------------
[Epoch : 8/40]
Src_cls_loss	: 0.2910
-------------------------------------
[Epoch : 9/40]
Src_cls_loss	: 0.2680
-------------------------------------
[Epoch : 10/40]
Src_cls_loss	: 0.2488
-------------------------------------
[Epoch : 11/40]
Src_cls_loss	: 0.2319
-------------------------------------
[Epoch : 12/40]
Src_cls_loss	: 0.2173
-------------------------------------
[Epoch : 13/40]
Src_cls_loss	: 0.2054
-------------------------------------
[Epoch : 14/40]
Src_cls_loss	: 0.1964
-------------------------------------
[Epoch : 15/40]
Src_cls_loss	: 0.1871
-------------------------------------
[Epoch : 16/40]
Src_cls_loss	: 0.1784
-------------------------------------
[Epoch : 17/40]
Src_cls_loss	: 0.1706
-------------------------------------
[Epoch : 18/40]
Src_cls_loss	: 0.1634
-------------------------------------
[Epoch : 19/40]
Src_cls_loss	: 0.1575
-------------------------------------
[Epoch : 20/40]
Src_cls_loss	: 0.1521
-------------------------------------
[Epoch : 21/40]
Src_cls_loss	: 0.1475
-------------------------------------
[Epoch : 22/40]
Src_cls_loss	: 0.1424
-------------------------------------
[Epoch : 23/40]
Src_cls_loss	: 0.1381
-------------------------------------
[Epoch : 24/40]
Src_cls_loss	: 0.1337
-------------------------------------
[Epoch : 25/40]
Src_cls_loss	: 0.1297
-------------------------------------
[Epoch : 26/40]
Src_cls_loss	: 0.1258
-------------------------------------
[Epoch : 27/40]
Src_cls_loss	: 0.1225
-------------------------------------
[Epoch : 28/40]
Src_cls_loss	: 0.1195
-------------------------------------
[Epoch : 29/40]
Src_cls_loss	: 0.1163
-------------------------------------
[Epoch : 30/40]
Src_cls_loss	: 0.1135
-------------------------------------
[Epoch : 31/40]
Src_cls_loss	: 0.1109
-------------------------------------
[Epoch : 32/40]
Src_cls_loss	: 0.1083
-------------------------------------
[Epoch : 33/40]
Src_cls_loss	: 0.1056
-------------------------------------
[Epoch : 34/40]
Src_cls_loss	: 0.1031
-------------------------------------
[Epoch : 35/40]
Src_cls_loss	: 0.1007
-------------------------------------
[Epoch : 36/40]
Src_cls_loss	: 0.0990
-------------------------------------
[Epoch : 37/40]
Src_cls_loss	: 0.0972
-------------------------------------
[Epoch : 38/40]
Src_cls_loss	: 0.0953
-------------------------------------
[Epoch : 39/40]
Src_cls_loss	: 0.0935
-------------------------------------
[Epoch : 40/40]
Src_cls_loss	: 0.0918
-------------------------------------
