=============================================
Dataset: pamap_mobiact
Method:  NO_ADAPT
=============================================
Source: syn_23 ---> Target: dp_23
Run ID: 1
=============================================
[Epoch : 1/40]
Src_cls_loss	: 0.6590
-------------------------------------
[Epoch : 2/40]
Src_cls_loss	: 0.5395
-------------------------------------
[Epoch : 3/40]
Src_cls_loss	: 0.4546
-------------------------------------
[Epoch : 4/40]
Src_cls_loss	: 0.3918
-------------------------------------
[Epoch : 5/40]
Src_cls_loss	: 0.3383
-------------------------------------
[Epoch : 6/40]
Src_cls_loss	: 0.3073
-------------------------------------
[Epoch : 7/40]
Src_cls_loss	: 0.2777
-------------------------------------
[Epoch : 8/40]
Src_cls_loss	: 0.2568
-------------------------------------
[Epoch : 9/40]
Src_cls_loss	: 0.2391
-------------------------------------
[Epoch : 10/40]
Src_cls_loss	: 0.2225
-------------------------------------
[Epoch : 11/40]
Src_cls_loss	: 0.2076
-------------------------------------
[Epoch : 12/40]
Src_cls_loss	: 0.1946
-------------------------------------
[Epoch : 13/40]
Src_cls_loss	: 0.1827
-------------------------------------
[Epoch : 14/40]
Src_cls_loss	: 0.1725
-------------------------------------
[Epoch : 15/40]
Src_cls_loss	: 0.1637
-------------------------------------
[Epoch : 16/40]
Src_cls_loss	: 0.1560
-------------------------------------
[Epoch : 17/40]
Src_cls_loss	: 0.1489
-------------------------------------
[Epoch : 18/40]
Src_cls_loss	: 0.1427
-------------------------------------
[Epoch : 19/40]
Src_cls_loss	: 0.1364
-------------------------------------
[Epoch : 20/40]
Src_cls_loss	: 0.1308
-------------------------------------
[Epoch : 21/40]
Src_cls_loss	: 0.1256
-------------------------------------
[Epoch : 22/40]
Src_cls_loss	: 0.1209
-------------------------------------
[Epoch : 23/40]
Src_cls_loss	: 0.1166
-------------------------------------
[Epoch : 24/40]
Src_cls_loss	: 0.1131
-------------------------------------
[Epoch : 25/40]
Src_cls_loss	: 0.1095
-------------------------------------
[Epoch : 26/40]
Src_cls_loss	: 0.1062
-------------------------------------
[Epoch : 27/40]
Src_cls_loss	: 0.1031
-------------------------------------
[Epoch : 28/40]
Src_cls_loss	: 0.1001
-------------------------------------
[Epoch : 29/40]
Src_cls_loss	: 0.0972
-------------------------------------
[Epoch : 30/40]
Src_cls_loss	: 0.0947
-------------------------------------
[Epoch : 31/40]
Src_cls_loss	: 0.0921
-------------------------------------
[Epoch : 32/40]
Src_cls_loss	: 0.0895
-------------------------------------
[Epoch : 33/40]
Src_cls_loss	: 0.0872
-------------------------------------
[Epoch : 34/40]
Src_cls_loss	: 0.0849
-------------------------------------
[Epoch : 35/40]
Src_cls_loss	: 0.0826
-------------------------------------
[Epoch : 36/40]
Src_cls_loss	: 0.0806
-------------------------------------
[Epoch : 37/40]
Src_cls_loss	: 0.0790
-------------------------------------
[Epoch : 38/40]
Src_cls_loss	: 0.0773
-------------------------------------
[Epoch : 39/40]
Src_cls_loss	: 0.0757
-------------------------------------
[Epoch : 40/40]
Src_cls_loss	: 0.0744
-------------------------------------
