=============================================
Dataset: realworld_mobiact
Method:  SYN
=============================================
Source: syn_wal_42 ---> Target: dp_wal_42
Run ID: 7
=============================================
[Epoch : 1/40]
Src_cls_loss	: 0.8445
-------------------------------------
[Epoch : 2/40]
Src_cls_loss	: 0.6924
-------------------------------------
[Epoch : 3/40]
Src_cls_loss	: 0.5624
-------------------------------------
[Epoch : 4/40]
Src_cls_loss	: 0.4627
-------------------------------------
[Epoch : 5/40]
Src_cls_loss	: 0.3901
-------------------------------------
[Epoch : 6/40]
Src_cls_loss	: 0.3345
-------------------------------------
[Epoch : 7/40]
Src_cls_loss	: 0.2929
-------------------------------------
[Epoch : 8/40]
Src_cls_loss	: 0.2613
-------------------------------------
[Epoch : 9/40]
Src_cls_loss	: 0.2354
-------------------------------------
[Epoch : 10/40]
Src_cls_loss	: 0.2148
-------------------------------------
[Epoch : 11/40]
Src_cls_loss	: 0.1970
-------------------------------------
[Epoch : 12/40]
Src_cls_loss	: 0.1822
-------------------------------------
[Epoch : 13/40]
Src_cls_loss	: 0.1695
-------------------------------------
[Epoch : 14/40]
Src_cls_loss	: 0.1582
-------------------------------------
[Epoch : 15/40]
Src_cls_loss	: 0.1483
-------------------------------------
[Epoch : 16/40]
Src_cls_loss	: 0.1397
-------------------------------------
[Epoch : 17/40]
Src_cls_loss	: 0.1320
-------------------------------------
[Epoch : 18/40]
Src_cls_loss	: 0.1253
-------------------------------------
[Epoch : 19/40]
Src_cls_loss	: 0.1190
-------------------------------------
[Epoch : 20/40]
Src_cls_loss	: 0.1135
-------------------------------------
[Epoch : 21/40]
Src_cls_loss	: 0.1086
-------------------------------------
[Epoch : 22/40]
Src_cls_loss	: 0.1039
-------------------------------------
[Epoch : 23/40]
Src_cls_loss	: 0.0996
-------------------------------------
[Epoch : 24/40]
Src_cls_loss	: 0.0957
-------------------------------------
[Epoch : 25/40]
Src_cls_loss	: 0.0921
-------------------------------------
[Epoch : 26/40]
Src_cls_loss	: 0.0893
-------------------------------------
[Epoch : 27/40]
Src_cls_loss	: 0.0863
-------------------------------------
[Epoch : 28/40]
Src_cls_loss	: 0.0836
-------------------------------------
[Epoch : 29/40]
Src_cls_loss	: 0.0808
-------------------------------------
[Epoch : 30/40]
Src_cls_loss	: 0.0783
-------------------------------------
[Epoch : 31/40]
Src_cls_loss	: 0.0759
-------------------------------------
[Epoch : 32/40]
Src_cls_loss	: 0.0736
-------------------------------------
[Epoch : 33/40]
Src_cls_loss	: 0.0715
-------------------------------------
[Epoch : 34/40]
Src_cls_loss	: 0.0695
-------------------------------------
[Epoch : 35/40]
Src_cls_loss	: 0.0677
-------------------------------------
[Epoch : 36/40]
Src_cls_loss	: 0.0660
-------------------------------------
[Epoch : 37/40]
Src_cls_loss	: 0.0643
-------------------------------------
[Epoch : 38/40]
Src_cls_loss	: 0.0627
-------------------------------------
[Epoch : 39/40]
Src_cls_loss	: 0.0611
-------------------------------------
[Epoch : 40/40]
Src_cls_loss	: 0.0596
-------------------------------------
