=============================================
Dataset: pamap_realworld
Method:  NO_ADAPT
=============================================
Source: syn_17 ---> Target: dp_17
Run ID: 0
=============================================
[Epoch : 1/40]
Src_cls_loss	: 0.3970
-------------------------------------
[Epoch : 2/40]
Src_cls_loss	: 0.2483
-------------------------------------
[Epoch : 3/40]
Src_cls_loss	: 0.1810
-------------------------------------
[Epoch : 4/40]
Src_cls_loss	: 0.1441
-------------------------------------
[Epoch : 5/40]
Src_cls_loss	: 0.1231
-------------------------------------
[Epoch : 6/40]
Src_cls_loss	: 0.1051
-------------------------------------
[Epoch : 7/40]
Src_cls_loss	: 0.0967
-------------------------------------
[Epoch : 8/40]
Src_cls_loss	: 0.0870
-------------------------------------
[Epoch : 9/40]
Src_cls_loss	: 0.0789
-------------------------------------
[Epoch : 10/40]
Src_cls_loss	: 0.0720
-------------------------------------
[Epoch : 11/40]
Src_cls_loss	: 0.0666
-------------------------------------
[Epoch : 12/40]
Src_cls_loss	: 0.0619
-------------------------------------
[Epoch : 13/40]
Src_cls_loss	: 0.0577
-------------------------------------
[Epoch : 14/40]
Src_cls_loss	: 0.0543
-------------------------------------
[Epoch : 15/40]
Src_cls_loss	: 0.0522
-------------------------------------
[Epoch : 16/40]
Src_cls_loss	: 0.0497
-------------------------------------
[Epoch : 17/40]
Src_cls_loss	: 0.0474
-------------------------------------
[Epoch : 18/40]
Src_cls_loss	: 0.0451
-------------------------------------
[Epoch : 19/40]
Src_cls_loss	: 0.0430
-------------------------------------
[Epoch : 20/40]
Src_cls_loss	: 0.0414
-------------------------------------
[Epoch : 21/40]
Src_cls_loss	: 0.0398
-------------------------------------
[Epoch : 22/40]
Src_cls_loss	: 0.0382
-------------------------------------
[Epoch : 23/40]
Src_cls_loss	: 0.0367
-------------------------------------
[Epoch : 24/40]
Src_cls_loss	: 0.0352
-------------------------------------
[Epoch : 25/40]
Src_cls_loss	: 0.0339
-------------------------------------
[Epoch : 26/40]
Src_cls_loss	: 0.0327
-------------------------------------
[Epoch : 27/40]
Src_cls_loss	: 0.0317
-------------------------------------
[Epoch : 28/40]
Src_cls_loss	: 0.0308
-------------------------------------
[Epoch : 29/40]
Src_cls_loss	: 0.0300
-------------------------------------
[Epoch : 30/40]
Src_cls_loss	: 0.0295
-------------------------------------
[Epoch : 31/40]
Src_cls_loss	: 0.0288
-------------------------------------
[Epoch : 32/40]
Src_cls_loss	: 0.0281
-------------------------------------
[Epoch : 33/40]
Src_cls_loss	: 0.0274
-------------------------------------
[Epoch : 34/40]
Src_cls_loss	: 0.0267
-------------------------------------
[Epoch : 35/40]
Src_cls_loss	: 0.0260
-------------------------------------
[Epoch : 36/40]
Src_cls_loss	: 0.0255
-------------------------------------
[Epoch : 37/40]
Src_cls_loss	: 0.0253
-------------------------------------
[Epoch : 38/40]
Src_cls_loss	: 0.0248
-------------------------------------
[Epoch : 39/40]
Src_cls_loss	: 0.0243
-------------------------------------
[Epoch : 40/40]
Src_cls_loss	: 0.0238
-------------------------------------
