=============================================
Dataset: realworld_pamap
Method:  NO_ADAPT
=============================================
Source: syn_15 ---> Target: dp_15
Run ID: 2
=============================================
[Epoch : 1/40]
Src_cls_loss	: 0.6918
-------------------------------------
[Epoch : 2/40]
Src_cls_loss	: 0.4913
-------------------------------------
[Epoch : 3/40]
Src_cls_loss	: 0.3795
-------------------------------------
[Epoch : 4/40]
Src_cls_loss	: 0.3094
-------------------------------------
[Epoch : 5/40]
Src_cls_loss	: 0.2631
-------------------------------------
[Epoch : 6/40]
Src_cls_loss	: 0.2293
-------------------------------------
[Epoch : 7/40]
Src_cls_loss	: 0.2055
-------------------------------------
[Epoch : 8/40]
Src_cls_loss	: 0.1856
-------------------------------------
[Epoch : 9/40]
Src_cls_loss	: 0.1689
-------------------------------------
[Epoch : 10/40]
Src_cls_loss	: 0.1547
-------------------------------------
[Epoch : 11/40]
Src_cls_loss	: 0.1435
-------------------------------------
[Epoch : 12/40]
Src_cls_loss	: 0.1336
-------------------------------------
[Epoch : 13/40]
Src_cls_loss	: 0.1259
-------------------------------------
[Epoch : 14/40]
Src_cls_loss	: 0.1193
-------------------------------------
[Epoch : 15/40]
Src_cls_loss	: 0.1133
-------------------------------------
[Epoch : 16/40]
Src_cls_loss	: 0.1077
-------------------------------------
[Epoch : 17/40]
Src_cls_loss	: 0.1024
-------------------------------------
[Epoch : 18/40]
Src_cls_loss	: 0.0978
-------------------------------------
[Epoch : 19/40]
Src_cls_loss	: 0.0935
-------------------------------------
[Epoch : 20/40]
Src_cls_loss	: 0.0898
-------------------------------------
[Epoch : 21/40]
Src_cls_loss	: 0.0864
-------------------------------------
[Epoch : 22/40]
Src_cls_loss	: 0.0835
-------------------------------------
[Epoch : 23/40]
Src_cls_loss	: 0.0808
-------------------------------------
[Epoch : 24/40]
Src_cls_loss	: 0.0781
-------------------------------------
[Epoch : 25/40]
Src_cls_loss	: 0.0756
-------------------------------------
[Epoch : 26/40]
Src_cls_loss	: 0.0731
-------------------------------------
[Epoch : 27/40]
Src_cls_loss	: 0.0719
-------------------------------------
[Epoch : 28/40]
Src_cls_loss	: 0.0701
-------------------------------------
[Epoch : 29/40]
Src_cls_loss	: 0.0683
-------------------------------------
[Epoch : 30/40]
Src_cls_loss	: 0.0665
-------------------------------------
[Epoch : 31/40]
Src_cls_loss	: 0.0649
-------------------------------------
[Epoch : 32/40]
Src_cls_loss	: 0.0634
-------------------------------------
[Epoch : 33/40]
Src_cls_loss	: 0.0620
-------------------------------------
[Epoch : 34/40]
Src_cls_loss	: 0.0605
-------------------------------------
[Epoch : 35/40]
Src_cls_loss	: 0.0591
-------------------------------------
[Epoch : 36/40]
Src_cls_loss	: 0.0578
-------------------------------------
[Epoch : 37/40]
Src_cls_loss	: 0.0566
-------------------------------------
[Epoch : 38/40]
Src_cls_loss	: 0.0554
-------------------------------------
[Epoch : 39/40]
Src_cls_loss	: 0.0543
-------------------------------------
[Epoch : 40/40]
Src_cls_loss	: 0.0532
-------------------------------------
