=============================================
Dataset: realworld_mobiact
Method:  SYN
=============================================
Source: syn_wal_22 ---> Target: dp_wal_22
Run ID: 3
=============================================
[Epoch : 1/40]
Src_cls_loss	: 0.8424
-------------------------------------
[Epoch : 2/40]
Src_cls_loss	: 0.6789
-------------------------------------
[Epoch : 3/40]
Src_cls_loss	: 0.5546
-------------------------------------
[Epoch : 4/40]
Src_cls_loss	: 0.4546
-------------------------------------
[Epoch : 5/40]
Src_cls_loss	: 0.3891
-------------------------------------
[Epoch : 6/40]
Src_cls_loss	: 0.3369
-------------------------------------
[Epoch : 7/40]
Src_cls_loss	: 0.2961
-------------------------------------
[Epoch : 8/40]
Src_cls_loss	: 0.2663
-------------------------------------
[Epoch : 9/40]
Src_cls_loss	: 0.2409
-------------------------------------
[Epoch : 10/40]
Src_cls_loss	: 0.2194
-------------------------------------
[Epoch : 11/40]
Src_cls_loss	: 0.2027
-------------------------------------
[Epoch : 12/40]
Src_cls_loss	: 0.1887
-------------------------------------
[Epoch : 13/40]
Src_cls_loss	: 0.1757
-------------------------------------
[Epoch : 14/40]
Src_cls_loss	: 0.1647
-------------------------------------
[Epoch : 15/40]
Src_cls_loss	: 0.1548
-------------------------------------
[Epoch : 16/40]
Src_cls_loss	: 0.1457
-------------------------------------
[Epoch : 17/40]
Src_cls_loss	: 0.1379
-------------------------------------
[Epoch : 18/40]
Src_cls_loss	: 0.1308
-------------------------------------
[Epoch : 19/40]
Src_cls_loss	: 0.1244
-------------------------------------
[Epoch : 20/40]
Src_cls_loss	: 0.1185
-------------------------------------
[Epoch : 21/40]
Src_cls_loss	: 0.1133
-------------------------------------
[Epoch : 22/40]
Src_cls_loss	: 0.1087
-------------------------------------
[Epoch : 23/40]
Src_cls_loss	: 0.1043
-------------------------------------
[Epoch : 24/40]
Src_cls_loss	: 0.1003
-------------------------------------
[Epoch : 25/40]
Src_cls_loss	: 0.0965
-------------------------------------
[Epoch : 26/40]
Src_cls_loss	: 0.0930
-------------------------------------
[Epoch : 27/40]
Src_cls_loss	: 0.0898
-------------------------------------
[Epoch : 28/40]
Src_cls_loss	: 0.0868
-------------------------------------
[Epoch : 29/40]
Src_cls_loss	: 0.0839
-------------------------------------
[Epoch : 30/40]
Src_cls_loss	: 0.0813
-------------------------------------
[Epoch : 31/40]
Src_cls_loss	: 0.0789
-------------------------------------
[Epoch : 32/40]
Src_cls_loss	: 0.0768
-------------------------------------
[Epoch : 33/40]
Src_cls_loss	: 0.0746
-------------------------------------
[Epoch : 34/40]
Src_cls_loss	: 0.0726
-------------------------------------
[Epoch : 35/40]
Src_cls_loss	: 0.0706
-------------------------------------
[Epoch : 36/40]
Src_cls_loss	: 0.0687
-------------------------------------
[Epoch : 37/40]
Src_cls_loss	: 0.0670
-------------------------------------
[Epoch : 38/40]
Src_cls_loss	: 0.0653
-------------------------------------
[Epoch : 39/40]
Src_cls_loss	: 0.0637
-------------------------------------
[Epoch : 40/40]
Src_cls_loss	: 0.0621
-------------------------------------
