=============================================
Dataset: pamap_mobiact
Method:  NO_ADAPT
=============================================
Source: syn_7 ---> Target: dp_7
Run ID: 3
=============================================
[Epoch : 1/40]
Src_cls_loss	: 0.7001
-------------------------------------
[Epoch : 2/40]
Src_cls_loss	: 0.5711
-------------------------------------
[Epoch : 3/40]
Src_cls_loss	: 0.4744
-------------------------------------
[Epoch : 4/40]
Src_cls_loss	: 0.4050
-------------------------------------
[Epoch : 5/40]
Src_cls_loss	: 0.3491
-------------------------------------
[Epoch : 6/40]
Src_cls_loss	: 0.3047
-------------------------------------
[Epoch : 7/40]
Src_cls_loss	: 0.2691
-------------------------------------
[Epoch : 8/40]
Src_cls_loss	: 0.2425
-------------------------------------
[Epoch : 9/40]
Src_cls_loss	: 0.2198
-------------------------------------
[Epoch : 10/40]
Src_cls_loss	: 0.2027
-------------------------------------
[Epoch : 11/40]
Src_cls_loss	: 0.1883
-------------------------------------
[Epoch : 12/40]
Src_cls_loss	: 0.1762
-------------------------------------
[Epoch : 13/40]
Src_cls_loss	: 0.1649
-------------------------------------
[Epoch : 14/40]
Src_cls_loss	: 0.1547
-------------------------------------
[Epoch : 15/40]
Src_cls_loss	: 0.1458
-------------------------------------
[Epoch : 16/40]
Src_cls_loss	: 0.1386
-------------------------------------
[Epoch : 17/40]
Src_cls_loss	: 0.1324
-------------------------------------
[Epoch : 18/40]
Src_cls_loss	: 0.1262
-------------------------------------
[Epoch : 19/40]
Src_cls_loss	: 0.1206
-------------------------------------
[Epoch : 20/40]
Src_cls_loss	: 0.1154
-------------------------------------
[Epoch : 21/40]
Src_cls_loss	: 0.1106
-------------------------------------
[Epoch : 22/40]
Src_cls_loss	: 0.1062
-------------------------------------
[Epoch : 23/40]
Src_cls_loss	: 0.1018
-------------------------------------
[Epoch : 24/40]
Src_cls_loss	: 0.0980
-------------------------------------
[Epoch : 25/40]
Src_cls_loss	: 0.0947
-------------------------------------
[Epoch : 26/40]
Src_cls_loss	: 0.0915
-------------------------------------
[Epoch : 27/40]
Src_cls_loss	: 0.0885
-------------------------------------
[Epoch : 28/40]
Src_cls_loss	: 0.0857
-------------------------------------
[Epoch : 29/40]
Src_cls_loss	: 0.0830
-------------------------------------
[Epoch : 30/40]
Src_cls_loss	: 0.0805
-------------------------------------
[Epoch : 31/40]
Src_cls_loss	: 0.0781
-------------------------------------
[Epoch : 32/40]
Src_cls_loss	: 0.0758
-------------------------------------
[Epoch : 33/40]
Src_cls_loss	: 0.0737
-------------------------------------
[Epoch : 34/40]
Src_cls_loss	: 0.0722
-------------------------------------
[Epoch : 35/40]
Src_cls_loss	: 0.0704
-------------------------------------
[Epoch : 36/40]
Src_cls_loss	: 0.0686
-------------------------------------
[Epoch : 37/40]
Src_cls_loss	: 0.0668
-------------------------------------
[Epoch : 38/40]
Src_cls_loss	: 0.0652
-------------------------------------
[Epoch : 39/40]
Src_cls_loss	: 0.0638
-------------------------------------
[Epoch : 40/40]
Src_cls_loss	: 0.0624
-------------------------------------
