=============================================
Dataset: pamap_mobiact
Method:  SYN
=============================================
Source: syn_wal_43 ---> Target: dp_wal_43
Run ID: 7
=============================================
[Epoch : 1/40]
Src_cls_loss	: 0.5697
-------------------------------------
[Epoch : 2/40]
Src_cls_loss	: 0.3951
-------------------------------------
[Epoch : 3/40]
Src_cls_loss	: 0.3096
-------------------------------------
[Epoch : 4/40]
Src_cls_loss	: 0.2526
-------------------------------------
[Epoch : 5/40]
Src_cls_loss	: 0.2178
-------------------------------------
[Epoch : 6/40]
Src_cls_loss	: 0.1892
-------------------------------------
[Epoch : 7/40]
Src_cls_loss	: 0.1668
-------------------------------------
[Epoch : 8/40]
Src_cls_loss	: 0.1495
-------------------------------------
[Epoch : 9/40]
Src_cls_loss	: 0.1353
-------------------------------------
[Epoch : 10/40]
Src_cls_loss	: 0.1248
-------------------------------------
[Epoch : 11/40]
Src_cls_loss	: 0.1150
-------------------------------------
[Epoch : 12/40]
Src_cls_loss	: 0.1067
-------------------------------------
[Epoch : 13/40]
Src_cls_loss	: 0.0999
-------------------------------------
[Epoch : 14/40]
Src_cls_loss	: 0.0940
-------------------------------------
[Epoch : 15/40]
Src_cls_loss	: 0.0884
-------------------------------------
[Epoch : 16/40]
Src_cls_loss	: 0.0835
-------------------------------------
[Epoch : 17/40]
Src_cls_loss	: 0.0799
-------------------------------------
[Epoch : 18/40]
Src_cls_loss	: 0.0763
-------------------------------------
[Epoch : 19/40]
Src_cls_loss	: 0.0729
-------------------------------------
[Epoch : 20/40]
Src_cls_loss	: 0.0696
-------------------------------------
[Epoch : 21/40]
Src_cls_loss	: 0.0666
-------------------------------------
[Epoch : 22/40]
Src_cls_loss	: 0.0638
-------------------------------------
[Epoch : 23/40]
Src_cls_loss	: 0.0612
-------------------------------------
[Epoch : 24/40]
Src_cls_loss	: 0.0590
-------------------------------------
[Epoch : 25/40]
Src_cls_loss	: 0.0568
-------------------------------------
[Epoch : 26/40]
Src_cls_loss	: 0.0547
-------------------------------------
[Epoch : 27/40]
Src_cls_loss	: 0.0528
-------------------------------------
[Epoch : 28/40]
Src_cls_loss	: 0.0511
-------------------------------------
[Epoch : 29/40]
Src_cls_loss	: 0.0494
-------------------------------------
[Epoch : 30/40]
Src_cls_loss	: 0.0478
-------------------------------------
[Epoch : 31/40]
Src_cls_loss	: 0.0463
-------------------------------------
[Epoch : 32/40]
Src_cls_loss	: 0.0450
-------------------------------------
[Epoch : 33/40]
Src_cls_loss	: 0.0437
-------------------------------------
[Epoch : 34/40]
Src_cls_loss	: 0.0425
-------------------------------------
[Epoch : 35/40]
Src_cls_loss	: 0.0414
-------------------------------------
[Epoch : 36/40]
Src_cls_loss	: 0.0403
-------------------------------------
[Epoch : 37/40]
Src_cls_loss	: 0.0393
-------------------------------------
[Epoch : 38/40]
Src_cls_loss	: 0.0383
-------------------------------------
[Epoch : 39/40]
Src_cls_loss	: 0.0374
-------------------------------------
[Epoch : 40/40]
Src_cls_loss	: 0.0366
-------------------------------------
