=============================================
Dataset: pamap_realworld
Method:  SYN
=============================================
Source: syn_wal_9 ---> Target: dp_wal_9
Run ID: 5
=============================================
[Epoch : 1/40]
Src_cls_loss	: 0.5599
-------------------------------------
[Epoch : 2/40]
Src_cls_loss	: 0.4193
-------------------------------------
[Epoch : 3/40]
Src_cls_loss	: 0.3222
-------------------------------------
[Epoch : 4/40]
Src_cls_loss	: 0.2567
-------------------------------------
[Epoch : 5/40]
Src_cls_loss	: 0.2135
-------------------------------------
[Epoch : 6/40]
Src_cls_loss	: 0.1832
-------------------------------------
[Epoch : 7/40]
Src_cls_loss	: 0.1600
-------------------------------------
[Epoch : 8/40]
Src_cls_loss	: 0.1420
-------------------------------------
[Epoch : 9/40]
Src_cls_loss	: 0.1275
-------------------------------------
[Epoch : 10/40]
Src_cls_loss	: 0.1170
-------------------------------------
[Epoch : 11/40]
Src_cls_loss	: 0.1077
-------------------------------------
[Epoch : 12/40]
Src_cls_loss	: 0.0997
-------------------------------------
[Epoch : 13/40]
Src_cls_loss	: 0.0927
-------------------------------------
[Epoch : 14/40]
Src_cls_loss	: 0.0864
-------------------------------------
[Epoch : 15/40]
Src_cls_loss	: 0.0810
-------------------------------------
[Epoch : 16/40]
Src_cls_loss	: 0.0765
-------------------------------------
[Epoch : 17/40]
Src_cls_loss	: 0.0723
-------------------------------------
[Epoch : 18/40]
Src_cls_loss	: 0.0686
-------------------------------------
[Epoch : 19/40]
Src_cls_loss	: 0.0652
-------------------------------------
[Epoch : 20/40]
Src_cls_loss	: 0.0622
-------------------------------------
[Epoch : 21/40]
Src_cls_loss	: 0.0594
-------------------------------------
[Epoch : 22/40]
Src_cls_loss	: 0.0568
-------------------------------------
[Epoch : 23/40]
Src_cls_loss	: 0.0545
-------------------------------------
[Epoch : 24/40]
Src_cls_loss	: 0.0525
-------------------------------------
[Epoch : 25/40]
Src_cls_loss	: 0.0508
-------------------------------------
[Epoch : 26/40]
Src_cls_loss	: 0.0491
-------------------------------------
[Epoch : 27/40]
Src_cls_loss	: 0.0475
-------------------------------------
[Epoch : 28/40]
Src_cls_loss	: 0.0459
-------------------------------------
[Epoch : 29/40]
Src_cls_loss	: 0.0446
-------------------------------------
[Epoch : 30/40]
Src_cls_loss	: 0.0433
-------------------------------------
[Epoch : 31/40]
Src_cls_loss	: 0.0420
-------------------------------------
[Epoch : 32/40]
Src_cls_loss	: 0.0407
-------------------------------------
[Epoch : 33/40]
Src_cls_loss	: 0.0395
-------------------------------------
[Epoch : 34/40]
Src_cls_loss	: 0.0384
-------------------------------------
[Epoch : 35/40]
Src_cls_loss	: 0.0373
-------------------------------------
[Epoch : 36/40]
Src_cls_loss	: 0.0364
-------------------------------------
[Epoch : 37/40]
Src_cls_loss	: 0.0354
-------------------------------------
[Epoch : 38/40]
Src_cls_loss	: 0.0345
-------------------------------------
[Epoch : 39/40]
Src_cls_loss	: 0.0337
-------------------------------------
[Epoch : 40/40]
Src_cls_loss	: 0.0329
-------------------------------------
