=============================================
Dataset: pamap_mobiact
Method:  NO_ADAPT
=============================================
Source: syn_63 ---> Target: dp_63
Run ID: 2
=============================================
[Epoch : 1/40]
Src_cls_loss	: 0.5979
-------------------------------------
[Epoch : 2/40]
Src_cls_loss	: 0.4394
-------------------------------------
[Epoch : 3/40]
Src_cls_loss	: 0.3450
-------------------------------------
[Epoch : 4/40]
Src_cls_loss	: 0.2890
-------------------------------------
[Epoch : 5/40]
Src_cls_loss	: 0.2520
-------------------------------------
[Epoch : 6/40]
Src_cls_loss	: 0.2263
-------------------------------------
[Epoch : 7/40]
Src_cls_loss	: 0.2041
-------------------------------------
[Epoch : 8/40]
Src_cls_loss	: 0.1863
-------------------------------------
[Epoch : 9/40]
Src_cls_loss	: 0.1706
-------------------------------------
[Epoch : 10/40]
Src_cls_loss	: 0.1587
-------------------------------------
[Epoch : 11/40]
Src_cls_loss	: 0.1473
-------------------------------------
[Epoch : 12/40]
Src_cls_loss	: 0.1378
-------------------------------------
[Epoch : 13/40]
Src_cls_loss	: 0.1304
-------------------------------------
[Epoch : 14/40]
Src_cls_loss	: 0.1228
-------------------------------------
[Epoch : 15/40]
Src_cls_loss	: 0.1164
-------------------------------------
[Epoch : 16/40]
Src_cls_loss	: 0.1106
-------------------------------------
[Epoch : 17/40]
Src_cls_loss	: 0.1062
-------------------------------------
[Epoch : 18/40]
Src_cls_loss	: 0.1015
-------------------------------------
[Epoch : 19/40]
Src_cls_loss	: 0.0974
-------------------------------------
[Epoch : 20/40]
Src_cls_loss	: 0.0933
-------------------------------------
[Epoch : 21/40]
Src_cls_loss	: 0.0897
-------------------------------------
[Epoch : 22/40]
Src_cls_loss	: 0.0860
-------------------------------------
[Epoch : 23/40]
Src_cls_loss	: 0.0827
-------------------------------------
[Epoch : 24/40]
Src_cls_loss	: 0.0799
-------------------------------------
[Epoch : 25/40]
Src_cls_loss	: 0.0774
-------------------------------------
[Epoch : 26/40]
Src_cls_loss	: 0.0750
-------------------------------------
[Epoch : 27/40]
Src_cls_loss	: 0.0728
-------------------------------------
[Epoch : 28/40]
Src_cls_loss	: 0.0707
-------------------------------------
[Epoch : 29/40]
Src_cls_loss	: 0.0689
-------------------------------------
[Epoch : 30/40]
Src_cls_loss	: 0.0673
-------------------------------------
[Epoch : 31/40]
Src_cls_loss	: 0.0654
-------------------------------------
[Epoch : 32/40]
Src_cls_loss	: 0.0637
-------------------------------------
[Epoch : 33/40]
Src_cls_loss	: 0.0620
-------------------------------------
[Epoch : 34/40]
Src_cls_loss	: 0.0604
-------------------------------------
[Epoch : 35/40]
Src_cls_loss	: 0.0591
-------------------------------------
[Epoch : 36/40]
Src_cls_loss	: 0.0579
-------------------------------------
[Epoch : 37/40]
Src_cls_loss	: 0.0567
-------------------------------------
[Epoch : 38/40]
Src_cls_loss	: 0.0553
-------------------------------------
[Epoch : 39/40]
Src_cls_loss	: 0.0541
-------------------------------------
[Epoch : 40/40]
Src_cls_loss	: 0.0529
-------------------------------------
