=============================================
Dataset: realworld_mobiact
Method:  SYN
=============================================
Source: syn_wal_42 ---> Target: dp_wal_42
Run ID: 0
=============================================
[Epoch : 1/40]
Src_cls_loss	: 0.8082
-------------------------------------
[Epoch : 2/40]
Src_cls_loss	: 0.6235
-------------------------------------
[Epoch : 3/40]
Src_cls_loss	: 0.4883
-------------------------------------
[Epoch : 4/40]
Src_cls_loss	: 0.3965
-------------------------------------
[Epoch : 5/40]
Src_cls_loss	: 0.3315
-------------------------------------
[Epoch : 6/40]
Src_cls_loss	: 0.2850
-------------------------------------
[Epoch : 7/40]
Src_cls_loss	: 0.2495
-------------------------------------
[Epoch : 8/40]
Src_cls_loss	: 0.2224
-------------------------------------
[Epoch : 9/40]
Src_cls_loss	: 0.1999
-------------------------------------
[Epoch : 10/40]
Src_cls_loss	: 0.1819
-------------------------------------
[Epoch : 11/40]
Src_cls_loss	: 0.1669
-------------------------------------
[Epoch : 12/40]
Src_cls_loss	: 0.1542
-------------------------------------
[Epoch : 13/40]
Src_cls_loss	: 0.1431
-------------------------------------
[Epoch : 14/40]
Src_cls_loss	: 0.1336
-------------------------------------
[Epoch : 15/40]
Src_cls_loss	: 0.1252
-------------------------------------
[Epoch : 16/40]
Src_cls_loss	: 0.1178
-------------------------------------
[Epoch : 17/40]
Src_cls_loss	: 0.1114
-------------------------------------
[Epoch : 18/40]
Src_cls_loss	: 0.1056
-------------------------------------
[Epoch : 19/40]
Src_cls_loss	: 0.1003
-------------------------------------
[Epoch : 20/40]
Src_cls_loss	: 0.0957
-------------------------------------
[Epoch : 21/40]
Src_cls_loss	: 0.0915
-------------------------------------
[Epoch : 22/40]
Src_cls_loss	: 0.0878
-------------------------------------
[Epoch : 23/40]
Src_cls_loss	: 0.0842
-------------------------------------
[Epoch : 24/40]
Src_cls_loss	: 0.0810
-------------------------------------
[Epoch : 25/40]
Src_cls_loss	: 0.0779
-------------------------------------
[Epoch : 26/40]
Src_cls_loss	: 0.0751
-------------------------------------
[Epoch : 27/40]
Src_cls_loss	: 0.0725
-------------------------------------
[Epoch : 28/40]
Src_cls_loss	: 0.0701
-------------------------------------
[Epoch : 29/40]
Src_cls_loss	: 0.0680
-------------------------------------
[Epoch : 30/40]
Src_cls_loss	: 0.0661
-------------------------------------
[Epoch : 31/40]
Src_cls_loss	: 0.0642
-------------------------------------
[Epoch : 32/40]
Src_cls_loss	: 0.0624
-------------------------------------
[Epoch : 33/40]
Src_cls_loss	: 0.0608
-------------------------------------
[Epoch : 34/40]
Src_cls_loss	: 0.0592
-------------------------------------
[Epoch : 35/40]
Src_cls_loss	: 0.0575
-------------------------------------
[Epoch : 36/40]
Src_cls_loss	: 0.0563
-------------------------------------
[Epoch : 37/40]
Src_cls_loss	: 0.0551
-------------------------------------
[Epoch : 38/40]
Src_cls_loss	: 0.0539
-------------------------------------
[Epoch : 39/40]
Src_cls_loss	: 0.0527
-------------------------------------
[Epoch : 40/40]
Src_cls_loss	: 0.0514
-------------------------------------
