=============================================
Dataset: realworld_mobiact
Method:  SYN
=============================================
Source: syn_wal_69 ---> Target: dp_wal_69
Run ID: 5
=============================================
[Epoch : 1/40]
Src_cls_loss	: 0.8386
-------------------------------------
[Epoch : 2/40]
Src_cls_loss	: 0.6511
-------------------------------------
[Epoch : 3/40]
Src_cls_loss	: 0.5143
-------------------------------------
[Epoch : 4/40]
Src_cls_loss	: 0.4192
-------------------------------------
[Epoch : 5/40]
Src_cls_loss	: 0.3514
-------------------------------------
[Epoch : 6/40]
Src_cls_loss	: 0.3009
-------------------------------------
[Epoch : 7/40]
Src_cls_loss	: 0.2639
-------------------------------------
[Epoch : 8/40]
Src_cls_loss	: 0.2361
-------------------------------------
[Epoch : 9/40]
Src_cls_loss	: 0.2130
-------------------------------------
[Epoch : 10/40]
Src_cls_loss	: 0.1940
-------------------------------------
[Epoch : 11/40]
Src_cls_loss	: 0.1783
-------------------------------------
[Epoch : 12/40]
Src_cls_loss	: 0.1647
-------------------------------------
[Epoch : 13/40]
Src_cls_loss	: 0.1540
-------------------------------------
[Epoch : 14/40]
Src_cls_loss	: 0.1442
-------------------------------------
[Epoch : 15/40]
Src_cls_loss	: 0.1355
-------------------------------------
[Epoch : 16/40]
Src_cls_loss	: 0.1282
-------------------------------------
[Epoch : 17/40]
Src_cls_loss	: 0.1217
-------------------------------------
[Epoch : 18/40]
Src_cls_loss	: 0.1156
-------------------------------------
[Epoch : 19/40]
Src_cls_loss	: 0.1105
-------------------------------------
[Epoch : 20/40]
Src_cls_loss	: 0.1054
-------------------------------------
[Epoch : 21/40]
Src_cls_loss	: 0.1008
-------------------------------------
[Epoch : 22/40]
Src_cls_loss	: 0.0964
-------------------------------------
[Epoch : 23/40]
Src_cls_loss	: 0.0924
-------------------------------------
[Epoch : 24/40]
Src_cls_loss	: 0.0887
-------------------------------------
[Epoch : 25/40]
Src_cls_loss	: 0.0854
-------------------------------------
[Epoch : 26/40]
Src_cls_loss	: 0.0823
-------------------------------------
[Epoch : 27/40]
Src_cls_loss	: 0.0795
-------------------------------------
[Epoch : 28/40]
Src_cls_loss	: 0.0768
-------------------------------------
[Epoch : 29/40]
Src_cls_loss	: 0.0744
-------------------------------------
[Epoch : 30/40]
Src_cls_loss	: 0.0720
-------------------------------------
[Epoch : 31/40]
Src_cls_loss	: 0.0698
-------------------------------------
[Epoch : 32/40]
Src_cls_loss	: 0.0677
-------------------------------------
[Epoch : 33/40]
Src_cls_loss	: 0.0658
-------------------------------------
[Epoch : 34/40]
Src_cls_loss	: 0.0639
-------------------------------------
[Epoch : 35/40]
Src_cls_loss	: 0.0621
-------------------------------------
[Epoch : 36/40]
Src_cls_loss	: 0.0606
-------------------------------------
[Epoch : 37/40]
Src_cls_loss	: 0.0591
-------------------------------------
[Epoch : 38/40]
Src_cls_loss	: 0.0577
-------------------------------------
[Epoch : 39/40]
Src_cls_loss	: 0.0564
-------------------------------------
[Epoch : 40/40]
Src_cls_loss	: 0.0551
-------------------------------------
