=============================================
Dataset: realworld_mobiact
Method:  SYN
=============================================
Source: syn_wal_45 ---> Target: dp_wal_45
Run ID: 7
=============================================
[Epoch : 1/40]
Src_cls_loss	: 0.8371
-------------------------------------
[Epoch : 2/40]
Src_cls_loss	: 0.6537
-------------------------------------
[Epoch : 3/40]
Src_cls_loss	: 0.5063
-------------------------------------
[Epoch : 4/40]
Src_cls_loss	: 0.4075
-------------------------------------
[Epoch : 5/40]
Src_cls_loss	: 0.3400
-------------------------------------
[Epoch : 6/40]
Src_cls_loss	: 0.2904
-------------------------------------
[Epoch : 7/40]
Src_cls_loss	: 0.2533
-------------------------------------
[Epoch : 8/40]
Src_cls_loss	: 0.2244
-------------------------------------
[Epoch : 9/40]
Src_cls_loss	: 0.2015
-------------------------------------
[Epoch : 10/40]
Src_cls_loss	: 0.1835
-------------------------------------
[Epoch : 11/40]
Src_cls_loss	: 0.1678
-------------------------------------
[Epoch : 12/40]
Src_cls_loss	: 0.1546
-------------------------------------
[Epoch : 13/40]
Src_cls_loss	: 0.1435
-------------------------------------
[Epoch : 14/40]
Src_cls_loss	: 0.1340
-------------------------------------
[Epoch : 15/40]
Src_cls_loss	: 0.1255
-------------------------------------
[Epoch : 16/40]
Src_cls_loss	: 0.1182
-------------------------------------
[Epoch : 17/40]
Src_cls_loss	: 0.1116
-------------------------------------
[Epoch : 18/40]
Src_cls_loss	: 0.1058
-------------------------------------
[Epoch : 19/40]
Src_cls_loss	: 0.1005
-------------------------------------
[Epoch : 20/40]
Src_cls_loss	: 0.0956
-------------------------------------
[Epoch : 21/40]
Src_cls_loss	: 0.0913
-------------------------------------
[Epoch : 22/40]
Src_cls_loss	: 0.0874
-------------------------------------
[Epoch : 23/40]
Src_cls_loss	: 0.0838
-------------------------------------
[Epoch : 24/40]
Src_cls_loss	: 0.0804
-------------------------------------
[Epoch : 25/40]
Src_cls_loss	: 0.0773
-------------------------------------
[Epoch : 26/40]
Src_cls_loss	: 0.0744
-------------------------------------
[Epoch : 27/40]
Src_cls_loss	: 0.0718
-------------------------------------
[Epoch : 28/40]
Src_cls_loss	: 0.0693
-------------------------------------
[Epoch : 29/40]
Src_cls_loss	: 0.0670
-------------------------------------
[Epoch : 30/40]
Src_cls_loss	: 0.0649
-------------------------------------
[Epoch : 31/40]
Src_cls_loss	: 0.0628
-------------------------------------
[Epoch : 32/40]
Src_cls_loss	: 0.0610
-------------------------------------
[Epoch : 33/40]
Src_cls_loss	: 0.0592
-------------------------------------
[Epoch : 34/40]
Src_cls_loss	: 0.0576
-------------------------------------
[Epoch : 35/40]
Src_cls_loss	: 0.0560
-------------------------------------
[Epoch : 36/40]
Src_cls_loss	: 0.0545
-------------------------------------
[Epoch : 37/40]
Src_cls_loss	: 0.0531
-------------------------------------
[Epoch : 38/40]
Src_cls_loss	: 0.0517
-------------------------------------
[Epoch : 39/40]
Src_cls_loss	: 0.0505
-------------------------------------
[Epoch : 40/40]
Src_cls_loss	: 0.0492
-------------------------------------
