=============================================
Dataset: mobiact_realworld
Method:  NO_ADAPT
=============================================
Source: syn_68 ---> Target: dp_68
Run ID: 1
=============================================
[Epoch : 1/40]
Src_cls_loss	: 0.6846
-------------------------------------
[Epoch : 2/40]
Src_cls_loss	: 0.5048
-------------------------------------
[Epoch : 3/40]
Src_cls_loss	: 0.4092
-------------------------------------
[Epoch : 4/40]
Src_cls_loss	: 0.3448
-------------------------------------
[Epoch : 5/40]
Src_cls_loss	: 0.3019
-------------------------------------
[Epoch : 6/40]
Src_cls_loss	: 0.2729
-------------------------------------
[Epoch : 7/40]
Src_cls_loss	: 0.2475
-------------------------------------
[Epoch : 8/40]
Src_cls_loss	: 0.2283
-------------------------------------
[Epoch : 9/40]
Src_cls_loss	: 0.2122
-------------------------------------
[Epoch : 10/40]
Src_cls_loss	: 0.1992
-------------------------------------
[Epoch : 11/40]
Src_cls_loss	: 0.1873
-------------------------------------
[Epoch : 12/40]
Src_cls_loss	: 0.1784
-------------------------------------
[Epoch : 13/40]
Src_cls_loss	: 0.1699
-------------------------------------
[Epoch : 14/40]
Src_cls_loss	: 0.1618
-------------------------------------
[Epoch : 15/40]
Src_cls_loss	: 0.1548
-------------------------------------
[Epoch : 16/40]
Src_cls_loss	: 0.1479
-------------------------------------
[Epoch : 17/40]
Src_cls_loss	: 0.1428
-------------------------------------
[Epoch : 18/40]
Src_cls_loss	: 0.1371
-------------------------------------
[Epoch : 19/40]
Src_cls_loss	: 0.1315
-------------------------------------
[Epoch : 20/40]
Src_cls_loss	: 0.1271
-------------------------------------
[Epoch : 21/40]
Src_cls_loss	: 0.1235
-------------------------------------
[Epoch : 22/40]
Src_cls_loss	: 0.1194
-------------------------------------
[Epoch : 23/40]
Src_cls_loss	: 0.1159
-------------------------------------
[Epoch : 24/40]
Src_cls_loss	: 0.1123
-------------------------------------
[Epoch : 25/40]
Src_cls_loss	: 0.1087
-------------------------------------
[Epoch : 26/40]
Src_cls_loss	: 0.1055
-------------------------------------
[Epoch : 27/40]
Src_cls_loss	: 0.1029
-------------------------------------
[Epoch : 28/40]
Src_cls_loss	: 0.1003
-------------------------------------
[Epoch : 29/40]
Src_cls_loss	: 0.0978
-------------------------------------
[Epoch : 30/40]
Src_cls_loss	: 0.0956
-------------------------------------
[Epoch : 31/40]
Src_cls_loss	: 0.0932
-------------------------------------
[Epoch : 32/40]
Src_cls_loss	: 0.0908
-------------------------------------
[Epoch : 33/40]
Src_cls_loss	: 0.0888
-------------------------------------
[Epoch : 34/40]
Src_cls_loss	: 0.0875
-------------------------------------
[Epoch : 35/40]
Src_cls_loss	: 0.0859
-------------------------------------
[Epoch : 36/40]
Src_cls_loss	: 0.0842
-------------------------------------
[Epoch : 37/40]
Src_cls_loss	: 0.0823
-------------------------------------
[Epoch : 38/40]
Src_cls_loss	: 0.0805
-------------------------------------
[Epoch : 39/40]
Src_cls_loss	: 0.0788
-------------------------------------
[Epoch : 40/40]
Src_cls_loss	: 0.0777
-------------------------------------
