=============================================
Dataset: pamap_mobiact
Method:  SYN
=============================================
Source: syn_wal_62 ---> Target: dp_wal_62
Run ID: 3
=============================================
[Epoch : 1/40]
Src_cls_loss	: 0.6579
-------------------------------------
[Epoch : 2/40]
Src_cls_loss	: 0.5133
-------------------------------------
[Epoch : 3/40]
Src_cls_loss	: 0.4259
-------------------------------------
[Epoch : 4/40]
Src_cls_loss	: 0.3565
-------------------------------------
[Epoch : 5/40]
Src_cls_loss	: 0.3076
-------------------------------------
[Epoch : 6/40]
Src_cls_loss	: 0.2697
-------------------------------------
[Epoch : 7/40]
Src_cls_loss	: 0.2414
-------------------------------------
[Epoch : 8/40]
Src_cls_loss	: 0.2180
-------------------------------------
[Epoch : 9/40]
Src_cls_loss	: 0.1980
-------------------------------------
[Epoch : 10/40]
Src_cls_loss	: 0.1824
-------------------------------------
[Epoch : 11/40]
Src_cls_loss	: 0.1693
-------------------------------------
[Epoch : 12/40]
Src_cls_loss	: 0.1581
-------------------------------------
[Epoch : 13/40]
Src_cls_loss	: 0.1477
-------------------------------------
[Epoch : 14/40]
Src_cls_loss	: 0.1385
-------------------------------------
[Epoch : 15/40]
Src_cls_loss	: 0.1304
-------------------------------------
[Epoch : 16/40]
Src_cls_loss	: 0.1231
-------------------------------------
[Epoch : 17/40]
Src_cls_loss	: 0.1172
-------------------------------------
[Epoch : 18/40]
Src_cls_loss	: 0.1124
-------------------------------------
[Epoch : 19/40]
Src_cls_loss	: 0.1075
-------------------------------------
[Epoch : 20/40]
Src_cls_loss	: 0.1026
-------------------------------------
[Epoch : 21/40]
Src_cls_loss	: 0.0989
-------------------------------------
[Epoch : 22/40]
Src_cls_loss	: 0.0954
-------------------------------------
[Epoch : 23/40]
Src_cls_loss	: 0.0916
-------------------------------------
[Epoch : 24/40]
Src_cls_loss	: 0.0884
-------------------------------------
[Epoch : 25/40]
Src_cls_loss	: 0.0852
-------------------------------------
[Epoch : 26/40]
Src_cls_loss	: 0.0822
-------------------------------------
[Epoch : 27/40]
Src_cls_loss	: 0.0793
-------------------------------------
[Epoch : 28/40]
Src_cls_loss	: 0.0769
-------------------------------------
[Epoch : 29/40]
Src_cls_loss	: 0.0746
-------------------------------------
[Epoch : 30/40]
Src_cls_loss	: 0.0723
-------------------------------------
[Epoch : 31/40]
Src_cls_loss	: 0.0703
-------------------------------------
[Epoch : 32/40]
Src_cls_loss	: 0.0684
-------------------------------------
[Epoch : 33/40]
Src_cls_loss	: 0.0665
-------------------------------------
[Epoch : 34/40]
Src_cls_loss	: 0.0646
-------------------------------------
[Epoch : 35/40]
Src_cls_loss	: 0.0629
-------------------------------------
[Epoch : 36/40]
Src_cls_loss	: 0.0613
-------------------------------------
[Epoch : 37/40]
Src_cls_loss	: 0.0597
-------------------------------------
[Epoch : 38/40]
Src_cls_loss	: 0.0584
-------------------------------------
[Epoch : 39/40]
Src_cls_loss	: 0.0570
-------------------------------------
[Epoch : 40/40]
Src_cls_loss	: 0.0556
-------------------------------------
