=============================================
Dataset: pamap_mobiact
Method:  SYN
=============================================
Source: syn_wal_9 ---> Target: dp_wal_9
Run ID: 7
=============================================
[Epoch : 1/40]
Src_cls_loss	: 0.6072
-------------------------------------
[Epoch : 2/40]
Src_cls_loss	: 0.4228
-------------------------------------
[Epoch : 3/40]
Src_cls_loss	: 0.3313
-------------------------------------
[Epoch : 4/40]
Src_cls_loss	: 0.2744
-------------------------------------
[Epoch : 5/40]
Src_cls_loss	: 0.2331
-------------------------------------
[Epoch : 6/40]
Src_cls_loss	: 0.2027
-------------------------------------
[Epoch : 7/40]
Src_cls_loss	: 0.1810
-------------------------------------
[Epoch : 8/40]
Src_cls_loss	: 0.1629
-------------------------------------
[Epoch : 9/40]
Src_cls_loss	: 0.1481
-------------------------------------
[Epoch : 10/40]
Src_cls_loss	: 0.1371
-------------------------------------
[Epoch : 11/40]
Src_cls_loss	: 0.1274
-------------------------------------
[Epoch : 12/40]
Src_cls_loss	: 0.1184
-------------------------------------
[Epoch : 13/40]
Src_cls_loss	: 0.1104
-------------------------------------
[Epoch : 14/40]
Src_cls_loss	: 0.1032
-------------------------------------
[Epoch : 15/40]
Src_cls_loss	: 0.0970
-------------------------------------
[Epoch : 16/40]
Src_cls_loss	: 0.0915
-------------------------------------
[Epoch : 17/40]
Src_cls_loss	: 0.0865
-------------------------------------
[Epoch : 18/40]
Src_cls_loss	: 0.0823
-------------------------------------
[Epoch : 19/40]
Src_cls_loss	: 0.0784
-------------------------------------
[Epoch : 20/40]
Src_cls_loss	: 0.0749
-------------------------------------
[Epoch : 21/40]
Src_cls_loss	: 0.0719
-------------------------------------
[Epoch : 22/40]
Src_cls_loss	: 0.0688
-------------------------------------
[Epoch : 23/40]
Src_cls_loss	: 0.0660
-------------------------------------
[Epoch : 24/40]
Src_cls_loss	: 0.0636
-------------------------------------
[Epoch : 25/40]
Src_cls_loss	: 0.0612
-------------------------------------
[Epoch : 26/40]
Src_cls_loss	: 0.0590
-------------------------------------
[Epoch : 27/40]
Src_cls_loss	: 0.0570
-------------------------------------
[Epoch : 28/40]
Src_cls_loss	: 0.0551
-------------------------------------
[Epoch : 29/40]
Src_cls_loss	: 0.0533
-------------------------------------
[Epoch : 30/40]
Src_cls_loss	: 0.0516
-------------------------------------
[Epoch : 31/40]
Src_cls_loss	: 0.0501
-------------------------------------
[Epoch : 32/40]
Src_cls_loss	: 0.0487
-------------------------------------
[Epoch : 33/40]
Src_cls_loss	: 0.0473
-------------------------------------
[Epoch : 34/40]
Src_cls_loss	: 0.0461
-------------------------------------
[Epoch : 35/40]
Src_cls_loss	: 0.0449
-------------------------------------
[Epoch : 36/40]
Src_cls_loss	: 0.0438
-------------------------------------
[Epoch : 37/40]
Src_cls_loss	: 0.0427
-------------------------------------
[Epoch : 38/40]
Src_cls_loss	: 0.0417
-------------------------------------
[Epoch : 39/40]
Src_cls_loss	: 0.0407
-------------------------------------
[Epoch : 40/40]
Src_cls_loss	: 0.0397
-------------------------------------
