=============================================
Dataset: mobiact_realworld
Method:  SYN
=============================================
Source: syn_wal_61 ---> Target: dp_wal_61
Run ID: 8
=============================================
[Epoch : 1/40]
Src_cls_loss	: 0.7648
-------------------------------------
[Epoch : 2/40]
Src_cls_loss	: 0.5783
-------------------------------------
[Epoch : 3/40]
Src_cls_loss	: 0.4595
-------------------------------------
[Epoch : 4/40]
Src_cls_loss	: 0.3780
-------------------------------------
[Epoch : 5/40]
Src_cls_loss	: 0.3238
-------------------------------------
[Epoch : 6/40]
Src_cls_loss	: 0.2836
-------------------------------------
[Epoch : 7/40]
Src_cls_loss	: 0.2507
-------------------------------------
[Epoch : 8/40]
Src_cls_loss	: 0.2263
-------------------------------------
[Epoch : 9/40]
Src_cls_loss	: 0.2064
-------------------------------------
[Epoch : 10/40]
Src_cls_loss	: 0.1908
-------------------------------------
[Epoch : 11/40]
Src_cls_loss	: 0.1772
-------------------------------------
[Epoch : 12/40]
Src_cls_loss	: 0.1652
-------------------------------------
[Epoch : 13/40]
Src_cls_loss	: 0.1553
-------------------------------------
[Epoch : 14/40]
Src_cls_loss	: 0.1460
-------------------------------------
[Epoch : 15/40]
Src_cls_loss	: 0.1374
-------------------------------------
[Epoch : 16/40]
Src_cls_loss	: 0.1298
-------------------------------------
[Epoch : 17/40]
Src_cls_loss	: 0.1238
-------------------------------------
[Epoch : 18/40]
Src_cls_loss	: 0.1181
-------------------------------------
[Epoch : 19/40]
Src_cls_loss	: 0.1128
-------------------------------------
[Epoch : 20/40]
Src_cls_loss	: 0.1078
-------------------------------------
[Epoch : 21/40]
Src_cls_loss	: 0.1036
-------------------------------------
[Epoch : 22/40]
Src_cls_loss	: 0.1008
-------------------------------------
[Epoch : 23/40]
Src_cls_loss	: 0.0977
-------------------------------------
[Epoch : 24/40]
Src_cls_loss	: 0.0944
-------------------------------------
[Epoch : 25/40]
Src_cls_loss	: 0.0913
-------------------------------------
[Epoch : 26/40]
Src_cls_loss	: 0.0884
-------------------------------------
[Epoch : 27/40]
Src_cls_loss	: 0.0858
-------------------------------------
[Epoch : 28/40]
Src_cls_loss	: 0.0831
-------------------------------------
[Epoch : 29/40]
Src_cls_loss	: 0.0806
-------------------------------------
[Epoch : 30/40]
Src_cls_loss	: 0.0782
-------------------------------------
[Epoch : 31/40]
Src_cls_loss	: 0.0760
-------------------------------------
[Epoch : 32/40]
Src_cls_loss	: 0.0740
-------------------------------------
[Epoch : 33/40]
Src_cls_loss	: 0.0720
-------------------------------------
[Epoch : 34/40]
Src_cls_loss	: 0.0700
-------------------------------------
[Epoch : 35/40]
Src_cls_loss	: 0.0683
-------------------------------------
[Epoch : 36/40]
Src_cls_loss	: 0.0666
-------------------------------------
[Epoch : 37/40]
Src_cls_loss	: 0.0651
-------------------------------------
[Epoch : 38/40]
Src_cls_loss	: 0.0637
-------------------------------------
[Epoch : 39/40]
Src_cls_loss	: 0.0623
-------------------------------------
[Epoch : 40/40]
Src_cls_loss	: 0.0609
-------------------------------------
