=============================================
Dataset: mobiact_pamap
Method:  NO_ADAPT
=============================================
Source: df ---> Target: dp_66
Run ID: 5
=============================================
[Epoch : 1/40]
Src_cls_loss	: 0.5316
-------------------------------------
[Epoch : 2/40]
Src_cls_loss	: 0.4476
-------------------------------------
[Epoch : 3/40]
Src_cls_loss	: 0.3970
-------------------------------------
[Epoch : 4/40]
Src_cls_loss	: 0.3544
-------------------------------------
[Epoch : 5/40]
Src_cls_loss	: 0.3242
-------------------------------------
[Epoch : 6/40]
Src_cls_loss	: 0.2984
-------------------------------------
[Epoch : 7/40]
Src_cls_loss	: 0.2770
-------------------------------------
[Epoch : 8/40]
Src_cls_loss	: 0.2593
-------------------------------------
[Epoch : 9/40]
Src_cls_loss	: 0.2431
-------------------------------------
[Epoch : 10/40]
Src_cls_loss	: 0.2295
-------------------------------------
[Epoch : 11/40]
Src_cls_loss	: 0.2176
-------------------------------------
[Epoch : 12/40]
Src_cls_loss	: 0.2069
-------------------------------------
[Epoch : 13/40]
Src_cls_loss	: 0.1976
-------------------------------------
[Epoch : 14/40]
Src_cls_loss	: 0.1888
-------------------------------------
[Epoch : 15/40]
Src_cls_loss	: 0.1810
-------------------------------------
[Epoch : 16/40]
Src_cls_loss	: 0.1744
-------------------------------------
[Epoch : 17/40]
Src_cls_loss	: 0.1684
-------------------------------------
[Epoch : 18/40]
Src_cls_loss	: 0.1628
-------------------------------------
[Epoch : 19/40]
Src_cls_loss	: 0.1575
-------------------------------------
[Epoch : 20/40]
Src_cls_loss	: 0.1528
-------------------------------------
[Epoch : 21/40]
Src_cls_loss	: 0.1485
-------------------------------------
[Epoch : 22/40]
Src_cls_loss	: 0.1442
-------------------------------------
[Epoch : 23/40]
Src_cls_loss	: 0.1405
-------------------------------------
[Epoch : 24/40]
Src_cls_loss	: 0.1369
-------------------------------------
[Epoch : 25/40]
Src_cls_loss	: 0.1334
-------------------------------------
[Epoch : 26/40]
Src_cls_loss	: 0.1303
-------------------------------------
[Epoch : 27/40]
Src_cls_loss	: 0.1272
-------------------------------------
[Epoch : 28/40]
Src_cls_loss	: 0.1245
-------------------------------------
[Epoch : 29/40]
Src_cls_loss	: 0.1216
-------------------------------------
[Epoch : 30/40]
Src_cls_loss	: 0.1189
-------------------------------------
[Epoch : 31/40]
Src_cls_loss	: 0.1164
-------------------------------------
[Epoch : 32/40]
Src_cls_loss	: 0.1141
-------------------------------------
[Epoch : 33/40]
Src_cls_loss	: 0.1117
-------------------------------------
[Epoch : 34/40]
Src_cls_loss	: 0.1099
-------------------------------------
[Epoch : 35/40]
Src_cls_loss	: 0.1079
-------------------------------------
[Epoch : 36/40]
Src_cls_loss	: 0.1061
-------------------------------------
[Epoch : 37/40]
Src_cls_loss	: 0.1043
-------------------------------------
[Epoch : 38/40]
Src_cls_loss	: 0.1028
-------------------------------------
[Epoch : 39/40]
Src_cls_loss	: 0.1011
-------------------------------------
[Epoch : 40/40]
Src_cls_loss	: 0.0996
-------------------------------------
