=============================================
Dataset: pamap_mobiact
Method:  NO_ADAPT
=============================================
Source: syn_59 ---> Target: dp_59
Run ID: 0
=============================================
[Epoch : 1/40]
Src_cls_loss	: 0.4833
-------------------------------------
[Epoch : 2/40]
Src_cls_loss	: 0.3476
-------------------------------------
[Epoch : 3/40]
Src_cls_loss	: 0.2834
-------------------------------------
[Epoch : 4/40]
Src_cls_loss	: 0.2397
-------------------------------------
[Epoch : 5/40]
Src_cls_loss	: 0.2055
-------------------------------------
[Epoch : 6/40]
Src_cls_loss	: 0.1796
-------------------------------------
[Epoch : 7/40]
Src_cls_loss	: 0.1617
-------------------------------------
[Epoch : 8/40]
Src_cls_loss	: 0.1469
-------------------------------------
[Epoch : 9/40]
Src_cls_loss	: 0.1343
-------------------------------------
[Epoch : 10/40]
Src_cls_loss	: 0.1271
-------------------------------------
[Epoch : 11/40]
Src_cls_loss	: 0.1193
-------------------------------------
[Epoch : 12/40]
Src_cls_loss	: 0.1117
-------------------------------------
[Epoch : 13/40]
Src_cls_loss	: 0.1052
-------------------------------------
[Epoch : 14/40]
Src_cls_loss	: 0.1001
-------------------------------------
[Epoch : 15/40]
Src_cls_loss	: 0.0944
-------------------------------------
[Epoch : 16/40]
Src_cls_loss	: 0.0900
-------------------------------------
[Epoch : 17/40]
Src_cls_loss	: 0.0855
-------------------------------------
[Epoch : 18/40]
Src_cls_loss	: 0.0824
-------------------------------------
[Epoch : 19/40]
Src_cls_loss	: 0.0793
-------------------------------------
[Epoch : 20/40]
Src_cls_loss	: 0.0760
-------------------------------------
[Epoch : 21/40]
Src_cls_loss	: 0.0732
-------------------------------------
[Epoch : 22/40]
Src_cls_loss	: 0.0703
-------------------------------------
[Epoch : 23/40]
Src_cls_loss	: 0.0678
-------------------------------------
[Epoch : 24/40]
Src_cls_loss	: 0.0655
-------------------------------------
[Epoch : 25/40]
Src_cls_loss	: 0.0634
-------------------------------------
[Epoch : 26/40]
Src_cls_loss	: 0.0614
-------------------------------------
[Epoch : 27/40]
Src_cls_loss	: 0.0599
-------------------------------------
[Epoch : 28/40]
Src_cls_loss	: 0.0580
-------------------------------------
[Epoch : 29/40]
Src_cls_loss	: 0.0562
-------------------------------------
[Epoch : 30/40]
Src_cls_loss	: 0.0546
-------------------------------------
[Epoch : 31/40]
Src_cls_loss	: 0.0532
-------------------------------------
[Epoch : 32/40]
Src_cls_loss	: 0.0519
-------------------------------------
[Epoch : 33/40]
Src_cls_loss	: 0.0507
-------------------------------------
[Epoch : 34/40]
Src_cls_loss	: 0.0495
-------------------------------------
[Epoch : 35/40]
Src_cls_loss	: 0.0482
-------------------------------------
[Epoch : 36/40]
Src_cls_loss	: 0.0470
-------------------------------------
[Epoch : 37/40]
Src_cls_loss	: 0.0461
-------------------------------------
[Epoch : 38/40]
Src_cls_loss	: 0.0451
-------------------------------------
[Epoch : 39/40]
Src_cls_loss	: 0.0442
-------------------------------------
[Epoch : 40/40]
Src_cls_loss	: 0.0433
-------------------------------------
