=============================================
Dataset: realworld_mobiact
Method:  SYN
=============================================
Source: syn_wal_33 ---> Target: dp_wal_33
Run ID: 5
=============================================
[Epoch : 1/40]
Src_cls_loss	: 0.8627
-------------------------------------
[Epoch : 2/40]
Src_cls_loss	: 0.6495
-------------------------------------
[Epoch : 3/40]
Src_cls_loss	: 0.5144
-------------------------------------
[Epoch : 4/40]
Src_cls_loss	: 0.4173
-------------------------------------
[Epoch : 5/40]
Src_cls_loss	: 0.3481
-------------------------------------
[Epoch : 6/40]
Src_cls_loss	: 0.2998
-------------------------------------
[Epoch : 7/40]
Src_cls_loss	: 0.2628
-------------------------------------
[Epoch : 8/40]
Src_cls_loss	: 0.2338
-------------------------------------
[Epoch : 9/40]
Src_cls_loss	: 0.2109
-------------------------------------
[Epoch : 10/40]
Src_cls_loss	: 0.1918
-------------------------------------
[Epoch : 11/40]
Src_cls_loss	: 0.1757
-------------------------------------
[Epoch : 12/40]
Src_cls_loss	: 0.1625
-------------------------------------
[Epoch : 13/40]
Src_cls_loss	: 0.1515
-------------------------------------
[Epoch : 14/40]
Src_cls_loss	: 0.1416
-------------------------------------
[Epoch : 15/40]
Src_cls_loss	: 0.1327
-------------------------------------
[Epoch : 16/40]
Src_cls_loss	: 0.1250
-------------------------------------
[Epoch : 17/40]
Src_cls_loss	: 0.1181
-------------------------------------
[Epoch : 18/40]
Src_cls_loss	: 0.1120
-------------------------------------
[Epoch : 19/40]
Src_cls_loss	: 0.1065
-------------------------------------
[Epoch : 20/40]
Src_cls_loss	: 0.1015
-------------------------------------
[Epoch : 21/40]
Src_cls_loss	: 0.0969
-------------------------------------
[Epoch : 22/40]
Src_cls_loss	: 0.0927
-------------------------------------
[Epoch : 23/40]
Src_cls_loss	: 0.0889
-------------------------------------
[Epoch : 24/40]
Src_cls_loss	: 0.0855
-------------------------------------
[Epoch : 25/40]
Src_cls_loss	: 0.0824
-------------------------------------
[Epoch : 26/40]
Src_cls_loss	: 0.0794
-------------------------------------
[Epoch : 27/40]
Src_cls_loss	: 0.0766
-------------------------------------
[Epoch : 28/40]
Src_cls_loss	: 0.0740
-------------------------------------
[Epoch : 29/40]
Src_cls_loss	: 0.0716
-------------------------------------
[Epoch : 30/40]
Src_cls_loss	: 0.0693
-------------------------------------
[Epoch : 31/40]
Src_cls_loss	: 0.0672
-------------------------------------
[Epoch : 32/40]
Src_cls_loss	: 0.0652
-------------------------------------
[Epoch : 33/40]
Src_cls_loss	: 0.0633
-------------------------------------
[Epoch : 34/40]
Src_cls_loss	: 0.0615
-------------------------------------
[Epoch : 35/40]
Src_cls_loss	: 0.0598
-------------------------------------
[Epoch : 36/40]
Src_cls_loss	: 0.0583
-------------------------------------
[Epoch : 37/40]
Src_cls_loss	: 0.0568
-------------------------------------
[Epoch : 38/40]
Src_cls_loss	: 0.0554
-------------------------------------
[Epoch : 39/40]
Src_cls_loss	: 0.0540
-------------------------------------
[Epoch : 40/40]
Src_cls_loss	: 0.0527
-------------------------------------
