=============================================
Dataset: pamap_mobiact
Method:  NO_ADAPT
=============================================
Source: syn_26 ---> Target: dp_26
Run ID: 3
=============================================
[Epoch : 1/40]
Src_cls_loss	: 0.8164
-------------------------------------
[Epoch : 2/40]
Src_cls_loss	: 0.6398
-------------------------------------
[Epoch : 3/40]
Src_cls_loss	: 0.5185
-------------------------------------
[Epoch : 4/40]
Src_cls_loss	: 0.4384
-------------------------------------
[Epoch : 5/40]
Src_cls_loss	: 0.3798
-------------------------------------
[Epoch : 6/40]
Src_cls_loss	: 0.3353
-------------------------------------
[Epoch : 7/40]
Src_cls_loss	: 0.2979
-------------------------------------
[Epoch : 8/40]
Src_cls_loss	: 0.2680
-------------------------------------
[Epoch : 9/40]
Src_cls_loss	: 0.2427
-------------------------------------
[Epoch : 10/40]
Src_cls_loss	: 0.2210
-------------------------------------
[Epoch : 11/40]
Src_cls_loss	: 0.2031
-------------------------------------
[Epoch : 12/40]
Src_cls_loss	: 0.1885
-------------------------------------
[Epoch : 13/40]
Src_cls_loss	: 0.1758
-------------------------------------
[Epoch : 14/40]
Src_cls_loss	: 0.1652
-------------------------------------
[Epoch : 15/40]
Src_cls_loss	: 0.1563
-------------------------------------
[Epoch : 16/40]
Src_cls_loss	: 0.1483
-------------------------------------
[Epoch : 17/40]
Src_cls_loss	: 0.1408
-------------------------------------
[Epoch : 18/40]
Src_cls_loss	: 0.1345
-------------------------------------
[Epoch : 19/40]
Src_cls_loss	: 0.1280
-------------------------------------
[Epoch : 20/40]
Src_cls_loss	: 0.1223
-------------------------------------
[Epoch : 21/40]
Src_cls_loss	: 0.1170
-------------------------------------
[Epoch : 22/40]
Src_cls_loss	: 0.1120
-------------------------------------
[Epoch : 23/40]
Src_cls_loss	: 0.1076
-------------------------------------
[Epoch : 24/40]
Src_cls_loss	: 0.1038
-------------------------------------
[Epoch : 25/40]
Src_cls_loss	: 0.1000
-------------------------------------
[Epoch : 26/40]
Src_cls_loss	: 0.0965
-------------------------------------
[Epoch : 27/40]
Src_cls_loss	: 0.0932
-------------------------------------
[Epoch : 28/40]
Src_cls_loss	: 0.0902
-------------------------------------
[Epoch : 29/40]
Src_cls_loss	: 0.0873
-------------------------------------
[Epoch : 30/40]
Src_cls_loss	: 0.0846
-------------------------------------
[Epoch : 31/40]
Src_cls_loss	: 0.0820
-------------------------------------
[Epoch : 32/40]
Src_cls_loss	: 0.0796
-------------------------------------
[Epoch : 33/40]
Src_cls_loss	: 0.0774
-------------------------------------
[Epoch : 34/40]
Src_cls_loss	: 0.0753
-------------------------------------
[Epoch : 35/40]
Src_cls_loss	: 0.0733
-------------------------------------
[Epoch : 36/40]
Src_cls_loss	: 0.0713
-------------------------------------
[Epoch : 37/40]
Src_cls_loss	: 0.0695
-------------------------------------
[Epoch : 38/40]
Src_cls_loss	: 0.0678
-------------------------------------
[Epoch : 39/40]
Src_cls_loss	: 0.0663
-------------------------------------
[Epoch : 40/40]
Src_cls_loss	: 0.0648
-------------------------------------
