=============================================
Dataset: realworld_mobiact
Method:  DANN
=============================================
Source: df ---> Target: dp_30
Run ID: 0
=============================================
[Epoch : 1/40]
Total_loss	: 5.6019
Domain_loss	: 1.2517
Src_cls_loss	: 0.4440
-------------------------------------
[Epoch : 2/40]
Total_loss	: 5.1948
Domain_loss	: 1.2190
Src_cls_loss	: 0.3830
-------------------------------------
[Epoch : 3/40]
Total_loss	: 5.0239
Domain_loss	: 1.2327
Src_cls_loss	: 0.3438
-------------------------------------
[Epoch : 4/40]
Total_loss	: 4.9030
Domain_loss	: 1.2346
Src_cls_loss	: 0.3199
-------------------------------------
[Epoch : 5/40]
Total_loss	: 4.8326
Domain_loss	: 1.2383
Src_cls_loss	: 0.3047
-------------------------------------
[Epoch : 6/40]
Total_loss	: 4.7744
Domain_loss	: 1.2407
Src_cls_loss	: 0.2925
-------------------------------------
[Epoch : 7/40]
Total_loss	: 4.7300
Domain_loss	: 1.2494
Src_cls_loss	: 0.2798
-------------------------------------
[Epoch : 8/40]
Total_loss	: 4.6878
Domain_loss	: 1.2585
Src_cls_loss	: 0.2673
-------------------------------------
[Epoch : 9/40]
Total_loss	: 4.6555
Domain_loss	: 1.2662
Src_cls_loss	: 0.2574
-------------------------------------
[Epoch : 10/40]
Total_loss	: 4.6266
Domain_loss	: 1.2729
Src_cls_loss	: 0.2486
-------------------------------------
[Epoch : 11/40]
Total_loss	: 4.6073
Domain_loss	: 1.2811
Src_cls_loss	: 0.2408
-------------------------------------
[Epoch : 12/40]
Total_loss	: 4.5892
Domain_loss	: 1.2862
Src_cls_loss	: 0.2349
-------------------------------------
[Epoch : 13/40]
Total_loss	: 4.5644
Domain_loss	: 1.2896
Src_cls_loss	: 0.2285
-------------------------------------
[Epoch : 14/40]
Total_loss	: 4.5415
Domain_loss	: 1.2911
Src_cls_loss	: 0.2234
-------------------------------------
[Epoch : 15/40]
Total_loss	: 4.5272
Domain_loss	: 1.2951
Src_cls_loss	: 0.2187
-------------------------------------
[Epoch : 16/40]
Total_loss	: 4.5079
Domain_loss	: 1.2971
Src_cls_loss	: 0.2141
-------------------------------------
[Epoch : 17/40]
Total_loss	: 4.4919
Domain_loss	: 1.2995
Src_cls_loss	: 0.2099
-------------------------------------
[Epoch : 18/40]
Total_loss	: 4.4752
Domain_loss	: 1.3006
Src_cls_loss	: 0.2062
-------------------------------------
[Epoch : 19/40]
Total_loss	: 4.4621
Domain_loss	: 1.3014
Src_cls_loss	: 0.2033
-------------------------------------
[Epoch : 20/40]
Total_loss	: 4.4495
Domain_loss	: 1.3037
Src_cls_loss	: 0.1998
-------------------------------------
[Epoch : 21/40]
Total_loss	: 4.4385
Domain_loss	: 1.3066
Src_cls_loss	: 0.1962
-------------------------------------
[Epoch : 22/40]
Total_loss	: 4.4287
Domain_loss	: 1.3090
Src_cls_loss	: 0.1932
-------------------------------------
[Epoch : 23/40]
Total_loss	: 4.4166
Domain_loss	: 1.3103
Src_cls_loss	: 0.1902
-------------------------------------
[Epoch : 24/40]
Total_loss	: 4.4084
Domain_loss	: 1.3128
Src_cls_loss	: 0.1875
-------------------------------------
[Epoch : 25/40]
Total_loss	: 4.3988
Domain_loss	: 1.3142
Src_cls_loss	: 0.1849
-------------------------------------
[Epoch : 26/40]
Total_loss	: 4.3895
Domain_loss	: 1.3155
Src_cls_loss	: 0.1826
-------------------------------------
[Epoch : 27/40]
Total_loss	: 4.3790
Domain_loss	: 1.3170
Src_cls_loss	: 0.1798
-------------------------------------
[Epoch : 28/40]
Total_loss	: 4.3704
Domain_loss	: 1.3186
Src_cls_loss	: 0.1774
-------------------------------------
[Epoch : 29/40]
Total_loss	: 4.3627
Domain_loss	: 1.3204
Src_cls_loss	: 0.1750
-------------------------------------
[Epoch : 30/40]
Total_loss	: 4.3541
Domain_loss	: 1.3220
Src_cls_loss	: 0.1726
-------------------------------------
[Epoch : 31/40]
Total_loss	: 4.3439
Domain_loss	: 1.3224
Src_cls_loss	: 0.1705
-------------------------------------
[Epoch : 32/40]
Total_loss	: 4.3347
Domain_loss	: 1.3230
Src_cls_loss	: 0.1684
-------------------------------------
[Epoch : 33/40]
Total_loss	: 4.3276
Domain_loss	: 1.3242
Src_cls_loss	: 0.1665
-------------------------------------
[Epoch : 34/40]
Total_loss	: 4.3196
Domain_loss	: 1.3257
Src_cls_loss	: 0.1643
-------------------------------------
[Epoch : 35/40]
Total_loss	: 4.3119
Domain_loss	: 1.3273
Src_cls_loss	: 0.1620
-------------------------------------
[Epoch : 36/40]
Total_loss	: 4.3047
Domain_loss	: 1.3285
Src_cls_loss	: 0.1600
-------------------------------------
[Epoch : 37/40]
Total_loss	: 4.2968
Domain_loss	: 1.3294
Src_cls_loss	: 0.1581
-------------------------------------
[Epoch : 38/40]
Total_loss	: 4.2899
Domain_loss	: 1.3301
Src_cls_loss	: 0.1564
-------------------------------------
[Epoch : 39/40]
Total_loss	: 4.2835
Domain_loss	: 1.3310
Src_cls_loss	: 0.1548
-------------------------------------
[Epoch : 40/40]
Total_loss	: 4.2758
Domain_loss	: 1.3314
Src_cls_loss	: 0.1531
-------------------------------------
