=============================================
Dataset: pamap_realworld
Method:  DANN
=============================================
Source: df ---> Target: dp_19
Run ID: 0
=============================================
[Epoch : 1/40]
Total_loss	: 6.8744
Domain_loss	: 1.3047
Src_cls_loss	: 0.6592
-------------------------------------
[Epoch : 2/40]
Total_loss	: 6.4404
Domain_loss	: 1.2789
Src_cls_loss	: 0.5896
-------------------------------------
[Epoch : 3/40]
Total_loss	: 6.0889
Domain_loss	: 1.2511
Src_cls_loss	: 0.5367
-------------------------------------
[Epoch : 4/40]
Total_loss	: 5.9506
Domain_loss	: 1.2569
Src_cls_loss	: 0.5076
-------------------------------------
[Epoch : 5/40]
Total_loss	: 5.7739
Domain_loss	: 1.2465
Src_cls_loss	: 0.4792
-------------------------------------
[Epoch : 6/40]
Total_loss	: 5.6672
Domain_loss	: 1.2412
Src_cls_loss	: 0.4616
-------------------------------------
[Epoch : 7/40]
Total_loss	: 5.4973
Domain_loss	: 1.2282
Src_cls_loss	: 0.4358
-------------------------------------
[Epoch : 8/40]
Total_loss	: 5.3910
Domain_loss	: 1.2284
Src_cls_loss	: 0.4155
-------------------------------------
[Epoch : 9/40]
Total_loss	: 5.3071
Domain_loss	: 1.2190
Src_cls_loss	: 0.4043
-------------------------------------
[Epoch : 10/40]
Total_loss	: 5.2832
Domain_loss	: 1.2227
Src_cls_loss	: 0.3979
-------------------------------------
[Epoch : 11/40]
Total_loss	: 5.2292
Domain_loss	: 1.2239
Src_cls_loss	: 0.3870
-------------------------------------
[Epoch : 12/40]
Total_loss	: 5.1532
Domain_loss	: 1.2255
Src_cls_loss	: 0.3719
-------------------------------------
[Epoch : 13/40]
Total_loss	: 5.0965
Domain_loss	: 1.2265
Src_cls_loss	: 0.3606
-------------------------------------
[Epoch : 14/40]
Total_loss	: 5.0367
Domain_loss	: 1.2249
Src_cls_loss	: 0.3500
-------------------------------------
[Epoch : 15/40]
Total_loss	: 4.9755
Domain_loss	: 1.2233
Src_cls_loss	: 0.3392
-------------------------------------
[Epoch : 16/40]
Total_loss	: 4.9420
Domain_loss	: 1.2225
Src_cls_loss	: 0.3333
-------------------------------------
[Epoch : 17/40]
Total_loss	: 4.9075
Domain_loss	: 1.2232
Src_cls_loss	: 0.3264
-------------------------------------
[Epoch : 18/40]
Total_loss	: 4.8810
Domain_loss	: 1.2255
Src_cls_loss	: 0.3202
-------------------------------------
[Epoch : 19/40]
Total_loss	: 4.8591
Domain_loss	: 1.2263
Src_cls_loss	: 0.3157
-------------------------------------
[Epoch : 20/40]
Total_loss	: 4.8196
Domain_loss	: 1.2226
Src_cls_loss	: 0.3100
-------------------------------------
[Epoch : 21/40]
Total_loss	: 4.7725
Domain_loss	: 1.2140
Src_cls_loss	: 0.3053
-------------------------------------
[Epoch : 22/40]
Total_loss	: 4.7531
Domain_loss	: 1.2149
Src_cls_loss	: 0.3012
-------------------------------------
[Epoch : 23/40]
Total_loss	: 4.7273
Domain_loss	: 1.2126
Src_cls_loss	: 0.2975
-------------------------------------
[Epoch : 24/40]
Total_loss	: 4.7001
Domain_loss	: 1.2127
Src_cls_loss	: 0.2922
-------------------------------------
[Epoch : 25/40]
Total_loss	: 4.6744
Domain_loss	: 1.2103
Src_cls_loss	: 0.2886
-------------------------------------
[Epoch : 26/40]
Total_loss	: 4.6493
Domain_loss	: 1.2092
Src_cls_loss	: 0.2844
-------------------------------------
[Epoch : 27/40]
Total_loss	: 4.6368
Domain_loss	: 1.2095
Src_cls_loss	: 0.2818
-------------------------------------
[Epoch : 28/40]
Total_loss	: 4.6208
Domain_loss	: 1.2116
Src_cls_loss	: 0.2778
-------------------------------------
[Epoch : 29/40]
Total_loss	: 4.5931
Domain_loss	: 1.2099
Src_cls_loss	: 0.2733
-------------------------------------
[Epoch : 30/40]
Total_loss	: 4.5841
Domain_loss	: 1.2107
Src_cls_loss	: 0.2712
-------------------------------------
[Epoch : 31/40]
Total_loss	: 4.5718
Domain_loss	: 1.2100
Src_cls_loss	: 0.2693
-------------------------------------
[Epoch : 32/40]
Total_loss	: 4.5678
Domain_loss	: 1.2129
Src_cls_loss	: 0.2670
-------------------------------------
[Epoch : 33/40]
Total_loss	: 4.5540
Domain_loss	: 1.2148
Src_cls_loss	: 0.2635
-------------------------------------
[Epoch : 34/40]
Total_loss	: 4.5432
Domain_loss	: 1.2158
Src_cls_loss	: 0.2609
-------------------------------------
[Epoch : 35/40]
Total_loss	: 4.5355
Domain_loss	: 1.2167
Src_cls_loss	: 0.2591
-------------------------------------
[Epoch : 36/40]
Total_loss	: 4.5311
Domain_loss	: 1.2195
Src_cls_loss	: 0.2568
-------------------------------------
[Epoch : 37/40]
Total_loss	: 4.5283
Domain_loss	: 1.2225
Src_cls_loss	: 0.2548
-------------------------------------
[Epoch : 38/40]
Total_loss	: 4.5239
Domain_loss	: 1.2239
Src_cls_loss	: 0.2533
-------------------------------------
[Epoch : 39/40]
Total_loss	: 4.5137
Domain_loss	: 1.2261
Src_cls_loss	: 0.2503
-------------------------------------
[Epoch : 40/40]
Total_loss	: 4.5036
Domain_loss	: 1.2269
Src_cls_loss	: 0.2480
-------------------------------------
