=============================================
Dataset: pamap_mobiact
Method:  SYN
=============================================
Source: syn_wal_7 ---> Target: dp_wal_7
Run ID: 3
=============================================
[Epoch : 1/40]
Src_cls_loss	: 0.6542
-------------------------------------
[Epoch : 2/40]
Src_cls_loss	: 0.5155
-------------------------------------
[Epoch : 3/40]
Src_cls_loss	: 0.4244
-------------------------------------
[Epoch : 4/40]
Src_cls_loss	: 0.3547
-------------------------------------
[Epoch : 5/40]
Src_cls_loss	: 0.3051
-------------------------------------
[Epoch : 6/40]
Src_cls_loss	: 0.2670
-------------------------------------
[Epoch : 7/40]
Src_cls_loss	: 0.2372
-------------------------------------
[Epoch : 8/40]
Src_cls_loss	: 0.2136
-------------------------------------
[Epoch : 9/40]
Src_cls_loss	: 0.1933
-------------------------------------
[Epoch : 10/40]
Src_cls_loss	: 0.1770
-------------------------------------
[Epoch : 11/40]
Src_cls_loss	: 0.1638
-------------------------------------
[Epoch : 12/40]
Src_cls_loss	: 0.1525
-------------------------------------
[Epoch : 13/40]
Src_cls_loss	: 0.1423
-------------------------------------
[Epoch : 14/40]
Src_cls_loss	: 0.1333
-------------------------------------
[Epoch : 15/40]
Src_cls_loss	: 0.1254
-------------------------------------
[Epoch : 16/40]
Src_cls_loss	: 0.1183
-------------------------------------
[Epoch : 17/40]
Src_cls_loss	: 0.1124
-------------------------------------
[Epoch : 18/40]
Src_cls_loss	: 0.1072
-------------------------------------
[Epoch : 19/40]
Src_cls_loss	: 0.1023
-------------------------------------
[Epoch : 20/40]
Src_cls_loss	: 0.0977
-------------------------------------
[Epoch : 21/40]
Src_cls_loss	: 0.0956
-------------------------------------
[Epoch : 22/40]
Src_cls_loss	: 0.0951
-------------------------------------
[Epoch : 23/40]
Src_cls_loss	: 0.0923
-------------------------------------
[Epoch : 24/40]
Src_cls_loss	: 0.0892
-------------------------------------
[Epoch : 25/40]
Src_cls_loss	: 0.0862
-------------------------------------
[Epoch : 26/40]
Src_cls_loss	: 0.0832
-------------------------------------
[Epoch : 27/40]
Src_cls_loss	: 0.0805
-------------------------------------
[Epoch : 28/40]
Src_cls_loss	: 0.0779
-------------------------------------
[Epoch : 29/40]
Src_cls_loss	: 0.0755
-------------------------------------
[Epoch : 30/40]
Src_cls_loss	: 0.0732
-------------------------------------
[Epoch : 31/40]
Src_cls_loss	: 0.0710
-------------------------------------
[Epoch : 32/40]
Src_cls_loss	: 0.0690
-------------------------------------
[Epoch : 33/40]
Src_cls_loss	: 0.0670
-------------------------------------
[Epoch : 34/40]
Src_cls_loss	: 0.0652
-------------------------------------
[Epoch : 35/40]
Src_cls_loss	: 0.0634
-------------------------------------
[Epoch : 36/40]
Src_cls_loss	: 0.0617
-------------------------------------
[Epoch : 37/40]
Src_cls_loss	: 0.0603
-------------------------------------
[Epoch : 38/40]
Src_cls_loss	: 0.0589
-------------------------------------
[Epoch : 39/40]
Src_cls_loss	: 0.0575
-------------------------------------
[Epoch : 40/40]
Src_cls_loss	: 0.0564
-------------------------------------
