=============================================
Dataset: pamap_mobiact
Method:  SYN
=============================================
Source: syn_wal_12 ---> Target: dp_wal_12
Run ID: 2
=============================================
[Epoch : 1/40]
Src_cls_loss	: 0.5502
-------------------------------------
[Epoch : 2/40]
Src_cls_loss	: 0.4094
-------------------------------------
[Epoch : 3/40]
Src_cls_loss	: 0.3352
-------------------------------------
[Epoch : 4/40]
Src_cls_loss	: 0.2882
-------------------------------------
[Epoch : 5/40]
Src_cls_loss	: 0.2503
-------------------------------------
[Epoch : 6/40]
Src_cls_loss	: 0.2191
-------------------------------------
[Epoch : 7/40]
Src_cls_loss	: 0.1946
-------------------------------------
[Epoch : 8/40]
Src_cls_loss	: 0.1747
-------------------------------------
[Epoch : 9/40]
Src_cls_loss	: 0.1592
-------------------------------------
[Epoch : 10/40]
Src_cls_loss	: 0.1455
-------------------------------------
[Epoch : 11/40]
Src_cls_loss	: 0.1342
-------------------------------------
[Epoch : 12/40]
Src_cls_loss	: 0.1243
-------------------------------------
[Epoch : 13/40]
Src_cls_loss	: 0.1160
-------------------------------------
[Epoch : 14/40]
Src_cls_loss	: 0.1084
-------------------------------------
[Epoch : 15/40]
Src_cls_loss	: 0.1020
-------------------------------------
[Epoch : 16/40]
Src_cls_loss	: 0.0963
-------------------------------------
[Epoch : 17/40]
Src_cls_loss	: 0.0913
-------------------------------------
[Epoch : 18/40]
Src_cls_loss	: 0.0866
-------------------------------------
[Epoch : 19/40]
Src_cls_loss	: 0.0827
-------------------------------------
[Epoch : 20/40]
Src_cls_loss	: 0.0792
-------------------------------------
[Epoch : 21/40]
Src_cls_loss	: 0.0760
-------------------------------------
[Epoch : 22/40]
Src_cls_loss	: 0.0729
-------------------------------------
[Epoch : 23/40]
Src_cls_loss	: 0.0704
-------------------------------------
[Epoch : 24/40]
Src_cls_loss	: 0.0678
-------------------------------------
[Epoch : 25/40]
Src_cls_loss	: 0.0653
-------------------------------------
[Epoch : 26/40]
Src_cls_loss	: 0.0631
-------------------------------------
[Epoch : 27/40]
Src_cls_loss	: 0.0609
-------------------------------------
[Epoch : 28/40]
Src_cls_loss	: 0.0589
-------------------------------------
[Epoch : 29/40]
Src_cls_loss	: 0.0570
-------------------------------------
[Epoch : 30/40]
Src_cls_loss	: 0.0553
-------------------------------------
[Epoch : 31/40]
Src_cls_loss	: 0.0536
-------------------------------------
[Epoch : 32/40]
Src_cls_loss	: 0.0521
-------------------------------------
[Epoch : 33/40]
Src_cls_loss	: 0.0506
-------------------------------------
[Epoch : 34/40]
Src_cls_loss	: 0.0492
-------------------------------------
[Epoch : 35/40]
Src_cls_loss	: 0.0479
-------------------------------------
[Epoch : 36/40]
Src_cls_loss	: 0.0467
-------------------------------------
[Epoch : 37/40]
Src_cls_loss	: 0.0455
-------------------------------------
[Epoch : 38/40]
Src_cls_loss	: 0.0446
-------------------------------------
[Epoch : 39/40]
Src_cls_loss	: 0.0436
-------------------------------------
[Epoch : 40/40]
Src_cls_loss	: 0.0428
-------------------------------------
