=============================================
Dataset: pamap_mobiact
Method:  NO_ADAPT
=============================================
Source: syn_52 ---> Target: dp_52
Run ID: 9
=============================================
[Epoch : 1/40]
Src_cls_loss	: 0.6089
-------------------------------------
[Epoch : 2/40]
Src_cls_loss	: 0.4708
-------------------------------------
[Epoch : 3/40]
Src_cls_loss	: 0.3979
-------------------------------------
[Epoch : 4/40]
Src_cls_loss	: 0.3440
-------------------------------------
[Epoch : 5/40]
Src_cls_loss	: 0.3008
-------------------------------------
[Epoch : 6/40]
Src_cls_loss	: 0.2676
-------------------------------------
[Epoch : 7/40]
Src_cls_loss	: 0.2419
-------------------------------------
[Epoch : 8/40]
Src_cls_loss	: 0.2201
-------------------------------------
[Epoch : 9/40]
Src_cls_loss	: 0.2017
-------------------------------------
[Epoch : 10/40]
Src_cls_loss	: 0.1874
-------------------------------------
[Epoch : 11/40]
Src_cls_loss	: 0.1741
-------------------------------------
[Epoch : 12/40]
Src_cls_loss	: 0.1632
-------------------------------------
[Epoch : 13/40]
Src_cls_loss	: 0.1542
-------------------------------------
[Epoch : 14/40]
Src_cls_loss	: 0.1457
-------------------------------------
[Epoch : 15/40]
Src_cls_loss	: 0.1378
-------------------------------------
[Epoch : 16/40]
Src_cls_loss	: 0.1308
-------------------------------------
[Epoch : 17/40]
Src_cls_loss	: 0.1246
-------------------------------------
[Epoch : 18/40]
Src_cls_loss	: 0.1192
-------------------------------------
[Epoch : 19/40]
Src_cls_loss	: 0.1139
-------------------------------------
[Epoch : 20/40]
Src_cls_loss	: 0.1092
-------------------------------------
[Epoch : 21/40]
Src_cls_loss	: 0.1056
-------------------------------------
[Epoch : 22/40]
Src_cls_loss	: 0.1015
-------------------------------------
[Epoch : 23/40]
Src_cls_loss	: 0.0980
-------------------------------------
[Epoch : 24/40]
Src_cls_loss	: 0.0949
-------------------------------------
[Epoch : 25/40]
Src_cls_loss	: 0.0918
-------------------------------------
[Epoch : 26/40]
Src_cls_loss	: 0.0889
-------------------------------------
[Epoch : 27/40]
Src_cls_loss	: 0.0865
-------------------------------------
[Epoch : 28/40]
Src_cls_loss	: 0.0842
-------------------------------------
[Epoch : 29/40]
Src_cls_loss	: 0.0822
-------------------------------------
[Epoch : 30/40]
Src_cls_loss	: 0.0802
-------------------------------------
[Epoch : 31/40]
Src_cls_loss	: 0.0783
-------------------------------------
[Epoch : 32/40]
Src_cls_loss	: 0.0763
-------------------------------------
[Epoch : 33/40]
Src_cls_loss	: 0.0746
-------------------------------------
[Epoch : 34/40]
Src_cls_loss	: 0.0735
-------------------------------------
[Epoch : 35/40]
Src_cls_loss	: 0.0721
-------------------------------------
[Epoch : 36/40]
Src_cls_loss	: 0.0709
-------------------------------------
[Epoch : 37/40]
Src_cls_loss	: 0.0694
-------------------------------------
[Epoch : 38/40]
Src_cls_loss	: 0.0679
-------------------------------------
[Epoch : 39/40]
Src_cls_loss	: 0.0666
-------------------------------------
[Epoch : 40/40]
Src_cls_loss	: 0.0655
-------------------------------------
