=============================================
Dataset: CWRU_OR_orthogonal
Method:  TARGET_ONLY
=============================================
Source: 0 ---> Target: 5
Run ID: 1
=============================================
[Epoch : 1/40]
Trg_cls_loss	: 0.6182
-------------------------------------
[Epoch : 2/40]
Trg_cls_loss	: 0.3873
-------------------------------------
[Epoch : 3/40]
Trg_cls_loss	: 0.2781
-------------------------------------
[Epoch : 4/40]
Trg_cls_loss	: 0.2178
-------------------------------------
[Epoch : 5/40]
Trg_cls_loss	: 0.1784
-------------------------------------
[Epoch : 6/40]
Trg_cls_loss	: 0.1522
-------------------------------------
[Epoch : 7/40]
Trg_cls_loss	: 0.1345
-------------------------------------
[Epoch : 8/40]
Trg_cls_loss	: 0.1193
-------------------------------------
[Epoch : 9/40]
Trg_cls_loss	: 0.1076
Src_cls_loss	: 0.0000
-------------------------------------
[Epoch : 10/40]
Trg_cls_loss	: 0.0988
Src_cls_loss	: 0.0000
-------------------------------------
[Epoch : 11/40]
Trg_cls_loss	: 0.0909
Src_cls_loss	: 0.0000
-------------------------------------
[Epoch : 12/40]
Trg_cls_loss	: 0.0841
Src_cls_loss	: 0.0000
-------------------------------------
[Epoch : 13/40]
Trg_cls_loss	: 0.0785
Src_cls_loss	: 0.0000
-------------------------------------
[Epoch : 14/40]
Trg_cls_loss	: 0.0733
Src_cls_loss	: 0.0000
-------------------------------------
[Epoch : 15/40]
Trg_cls_loss	: 0.0690
Src_cls_loss	: 0.0000
-------------------------------------
[Epoch : 16/40]
Trg_cls_loss	: 0.0649
Src_cls_loss	: 0.0000
-------------------------------------
[Epoch : 17/40]
Trg_cls_loss	: 0.0614
Src_cls_loss	: 0.0000
-------------------------------------
[Epoch : 18/40]
Trg_cls_loss	: 0.0584
Src_cls_loss	: 0.0000
-------------------------------------
[Epoch : 19/40]
Trg_cls_loss	: 0.0556
Src_cls_loss	: 0.0000
-------------------------------------
[Epoch : 20/40]
Trg_cls_loss	: 0.0531
Src_cls_loss	: 0.0000
-------------------------------------
[Epoch : 21/40]
Trg_cls_loss	: 0.0507
Src_cls_loss	: 0.0000
-------------------------------------
[Epoch : 22/40]
Trg_cls_loss	: 0.0486
Src_cls_loss	: 0.0000
-------------------------------------
[Epoch : 23/40]
Trg_cls_loss	: 0.0467
Src_cls_loss	: 0.0000
-------------------------------------
[Epoch : 24/40]
Trg_cls_loss	: 0.0448
Src_cls_loss	: 0.0000
-------------------------------------
[Epoch : 25/40]
Trg_cls_loss	: 0.0431
Src_cls_loss	: 0.0000
-------------------------------------
[Epoch : 26/40]
Trg_cls_loss	: 0.0421
Src_cls_loss	: 0.0000
-------------------------------------
[Epoch : 27/40]
Trg_cls_loss	: 0.0408
Src_cls_loss	: 0.0000
-------------------------------------
[Epoch : 28/40]
Trg_cls_loss	: 0.0395
Src_cls_loss	: 0.0000
-------------------------------------
[Epoch : 29/40]
Trg_cls_loss	: 0.0382
Src_cls_loss	: 0.0000
-------------------------------------
[Epoch : 30/40]
Trg_cls_loss	: 0.0370
Src_cls_loss	: 0.0000
-------------------------------------
[Epoch : 31/40]
Trg_cls_loss	: 0.0359
Src_cls_loss	: 0.0000
-------------------------------------
[Epoch : 32/40]
Trg_cls_loss	: 0.0349
Src_cls_loss	: 0.0000
-------------------------------------
[Epoch : 33/40]
Trg_cls_loss	: 0.0340
Src_cls_loss	: 0.0000
-------------------------------------
[Epoch : 34/40]
Trg_cls_loss	: 0.0333
Src_cls_loss	: 0.0000
-------------------------------------
[Epoch : 35/40]
Trg_cls_loss	: 0.0324
Src_cls_loss	: 0.0000
-------------------------------------
[Epoch : 36/40]
Trg_cls_loss	: 0.0316
Src_cls_loss	: 0.0000
-------------------------------------
[Epoch : 37/40]
Trg_cls_loss	: 0.0308
Src_cls_loss	: 0.0000
-------------------------------------
[Epoch : 38/40]
Trg_cls_loss	: 0.0301
Src_cls_loss	: 0.0000
-------------------------------------
[Epoch : 39/40]
Trg_cls_loss	: 0.0293
Src_cls_loss	: 0.0000
-------------------------------------
[Epoch : 40/40]
Trg_cls_loss	: 0.0287
Src_cls_loss	: 0.0000
-------------------------------------
