=============================================
Dataset: pamap_mobiact
Method:  Deep_Coral
=============================================
Source: df ---> Target: dp_wal_53
Run ID: 0
=============================================
[Epoch : 1/40]
Total_loss	: 3.4224
Src_cls_loss	: 0.5128
coral_loss	: 0.0008
-------------------------------------
[Epoch : 2/40]
Total_loss	: 2.4430
Src_cls_loss	: 0.3659
coral_loss	: 0.0008
-------------------------------------
[Epoch : 3/40]
Total_loss	: 1.9777
Src_cls_loss	: 0.2961
coral_loss	: 0.0008
-------------------------------------
[Epoch : 4/40]
Total_loss	: 1.6809
Src_cls_loss	: 0.2515
coral_loss	: 0.0008
-------------------------------------
[Epoch : 5/40]
Total_loss	: 1.4729
Src_cls_loss	: 0.2203
coral_loss	: 0.0008
-------------------------------------
[Epoch : 6/40]
Total_loss	: 1.3313
Src_cls_loss	: 0.1991
coral_loss	: 0.0008
-------------------------------------
[Epoch : 7/40]
Total_loss	: 1.2273
Src_cls_loss	: 0.1834
coral_loss	: 0.0008
-------------------------------------
[Epoch : 8/40]
Total_loss	: 1.1246
Src_cls_loss	: 0.1680
coral_loss	: 0.0008
-------------------------------------
[Epoch : 9/40]
Total_loss	: 1.0488
Src_cls_loss	: 0.1566
coral_loss	: 0.0008
-------------------------------------
[Epoch : 10/40]
Total_loss	: 0.9753
Src_cls_loss	: 0.1456
coral_loss	: 0.0008
-------------------------------------
[Epoch : 11/40]
Total_loss	: 0.9163
Src_cls_loss	: 0.1368
coral_loss	: 0.0008
-------------------------------------
[Epoch : 12/40]
Total_loss	: 0.8661
Src_cls_loss	: 0.1292
coral_loss	: 0.0008
-------------------------------------
[Epoch : 13/40]
Total_loss	: 0.8248
Src_cls_loss	: 0.1230
coral_loss	: 0.0008
-------------------------------------
[Epoch : 14/40]
Total_loss	: 0.7864
Src_cls_loss	: 0.1173
coral_loss	: 0.0008
-------------------------------------
[Epoch : 15/40]
Total_loss	: 0.7568
Src_cls_loss	: 0.1128
coral_loss	: 0.0008
-------------------------------------
[Epoch : 16/40]
Total_loss	: 0.7219
Src_cls_loss	: 0.1076
coral_loss	: 0.0008
-------------------------------------
[Epoch : 17/40]
Total_loss	: 0.6963
Src_cls_loss	: 0.1037
coral_loss	: 0.0008
-------------------------------------
[Epoch : 18/40]
Total_loss	: 0.6699
Src_cls_loss	: 0.0998
coral_loss	: 0.0008
-------------------------------------
[Epoch : 19/40]
Total_loss	: 0.6440
Src_cls_loss	: 0.0959
coral_loss	: 0.0008
-------------------------------------
[Epoch : 20/40]
Total_loss	: 0.6200
Src_cls_loss	: 0.0923
coral_loss	: 0.0008
-------------------------------------
[Epoch : 21/40]
Total_loss	: 0.5973
Src_cls_loss	: 0.0889
coral_loss	: 0.0008
-------------------------------------
[Epoch : 22/40]
Total_loss	: 0.5798
Src_cls_loss	: 0.0863
coral_loss	: 0.0008
-------------------------------------
[Epoch : 23/40]
Total_loss	: 0.5608
Src_cls_loss	: 0.0834
coral_loss	: 0.0008
-------------------------------------
[Epoch : 24/40]
Total_loss	: 0.5460
Src_cls_loss	: 0.0812
coral_loss	: 0.0008
-------------------------------------
[Epoch : 25/40]
Total_loss	: 0.5298
Src_cls_loss	: 0.0788
coral_loss	: 0.0008
-------------------------------------
[Epoch : 26/40]
Total_loss	: 0.5138
Src_cls_loss	: 0.0764
coral_loss	: 0.0008
-------------------------------------
[Epoch : 27/40]
Total_loss	: 0.4991
Src_cls_loss	: 0.0742
coral_loss	: 0.0008
-------------------------------------
[Epoch : 28/40]
Total_loss	: 0.4863
Src_cls_loss	: 0.0722
coral_loss	: 0.0008
-------------------------------------
[Epoch : 29/40]
Total_loss	: 0.4750
Src_cls_loss	: 0.0706
coral_loss	: 0.0008
-------------------------------------
[Epoch : 30/40]
Total_loss	: 0.4629
Src_cls_loss	: 0.0687
coral_loss	: 0.0008
-------------------------------------
[Epoch : 31/40]
Total_loss	: 0.4535
Src_cls_loss	: 0.0673
coral_loss	: 0.0008
-------------------------------------
[Epoch : 32/40]
Total_loss	: 0.4438
Src_cls_loss	: 0.0659
coral_loss	: 0.0007
-------------------------------------
[Epoch : 33/40]
Total_loss	: 0.4352
Src_cls_loss	: 0.0646
coral_loss	: 0.0007
-------------------------------------
[Epoch : 34/40]
Total_loss	: 0.4265
Src_cls_loss	: 0.0633
coral_loss	: 0.0007
-------------------------------------
[Epoch : 35/40]
Total_loss	: 0.4167
Src_cls_loss	: 0.0618
coral_loss	: 0.0007
-------------------------------------
[Epoch : 36/40]
Total_loss	: 0.4094
Src_cls_loss	: 0.0607
coral_loss	: 0.0007
-------------------------------------
[Epoch : 37/40]
Total_loss	: 0.4037
Src_cls_loss	: 0.0599
coral_loss	: 0.0007
-------------------------------------
[Epoch : 38/40]
Total_loss	: 0.3959
Src_cls_loss	: 0.0587
coral_loss	: 0.0007
-------------------------------------
[Epoch : 39/40]
Total_loss	: 0.3882
Src_cls_loss	: 0.0575
coral_loss	: 0.0007
-------------------------------------
[Epoch : 40/40]
Total_loss	: 0.3827
Src_cls_loss	: 0.0567
coral_loss	: 0.0007
-------------------------------------
