=============================================
Dataset: pamap_mobiact
Method:  Deep_Coral
=============================================
Source: df ---> Target: dp_35
Run ID: 0
=============================================
[Epoch : 1/40]
Total_loss	: 3.4174
Src_cls_loss	: 0.5127
coral_loss	: 0.0002
-------------------------------------
[Epoch : 2/40]
Total_loss	: 2.4383
Src_cls_loss	: 0.3658
coral_loss	: 0.0002
-------------------------------------
[Epoch : 3/40]
Total_loss	: 1.9733
Src_cls_loss	: 0.2960
coral_loss	: 0.0002
-------------------------------------
[Epoch : 4/40]
Total_loss	: 1.6776
Src_cls_loss	: 0.2516
coral_loss	: 0.0002
-------------------------------------
[Epoch : 5/40]
Total_loss	: 1.4699
Src_cls_loss	: 0.2204
coral_loss	: 0.0002
-------------------------------------
[Epoch : 6/40]
Total_loss	: 1.3275
Src_cls_loss	: 0.1991
coral_loss	: 0.0002
-------------------------------------
[Epoch : 7/40]
Total_loss	: 1.2232
Src_cls_loss	: 0.1834
coral_loss	: 0.0002
-------------------------------------
[Epoch : 8/40]
Total_loss	: 1.1204
Src_cls_loss	: 0.1680
coral_loss	: 0.0002
-------------------------------------
[Epoch : 9/40]
Total_loss	: 1.0448
Src_cls_loss	: 0.1566
coral_loss	: 0.0002
-------------------------------------
[Epoch : 10/40]
Total_loss	: 0.9713
Src_cls_loss	: 0.1456
coral_loss	: 0.0002
-------------------------------------
[Epoch : 11/40]
Total_loss	: 0.9120
Src_cls_loss	: 0.1367
coral_loss	: 0.0002
-------------------------------------
[Epoch : 12/40]
Total_loss	: 0.8623
Src_cls_loss	: 0.1292
coral_loss	: 0.0002
-------------------------------------
[Epoch : 13/40]
Total_loss	: 0.8213
Src_cls_loss	: 0.1230
coral_loss	: 0.0002
-------------------------------------
[Epoch : 14/40]
Total_loss	: 0.7831
Src_cls_loss	: 0.1173
coral_loss	: 0.0002
-------------------------------------
[Epoch : 15/40]
Total_loss	: 0.7530
Src_cls_loss	: 0.1128
coral_loss	: 0.0002
-------------------------------------
[Epoch : 16/40]
Total_loss	: 0.7180
Src_cls_loss	: 0.1075
coral_loss	: 0.0002
-------------------------------------
[Epoch : 17/40]
Total_loss	: 0.6921
Src_cls_loss	: 0.1036
coral_loss	: 0.0002
-------------------------------------
[Epoch : 18/40]
Total_loss	: 0.6661
Src_cls_loss	: 0.0997
coral_loss	: 0.0002
-------------------------------------
[Epoch : 19/40]
Total_loss	: 0.6403
Src_cls_loss	: 0.0959
coral_loss	: 0.0002
-------------------------------------
[Epoch : 20/40]
Total_loss	: 0.6163
Src_cls_loss	: 0.0923
coral_loss	: 0.0002
-------------------------------------
[Epoch : 21/40]
Total_loss	: 0.5935
Src_cls_loss	: 0.0888
coral_loss	: 0.0002
-------------------------------------
[Epoch : 22/40]
Total_loss	: 0.5763
Src_cls_loss	: 0.0862
coral_loss	: 0.0002
-------------------------------------
[Epoch : 23/40]
Total_loss	: 0.5573
Src_cls_loss	: 0.0834
coral_loss	: 0.0002
-------------------------------------
[Epoch : 24/40]
Total_loss	: 0.5426
Src_cls_loss	: 0.0812
coral_loss	: 0.0002
-------------------------------------
[Epoch : 25/40]
Total_loss	: 0.5262
Src_cls_loss	: 0.0787
coral_loss	: 0.0002
-------------------------------------
[Epoch : 26/40]
Total_loss	: 0.5102
Src_cls_loss	: 0.0763
coral_loss	: 0.0003
-------------------------------------
[Epoch : 27/40]
Total_loss	: 0.4954
Src_cls_loss	: 0.0741
coral_loss	: 0.0003
-------------------------------------
[Epoch : 28/40]
Total_loss	: 0.4828
Src_cls_loss	: 0.0722
coral_loss	: 0.0003
-------------------------------------
[Epoch : 29/40]
Total_loss	: 0.4719
Src_cls_loss	: 0.0706
coral_loss	: 0.0003
-------------------------------------
[Epoch : 30/40]
Total_loss	: 0.4597
Src_cls_loss	: 0.0687
coral_loss	: 0.0003
-------------------------------------
[Epoch : 31/40]
Total_loss	: 0.4503
Src_cls_loss	: 0.0673
coral_loss	: 0.0003
-------------------------------------
[Epoch : 32/40]
Total_loss	: 0.4404
Src_cls_loss	: 0.0658
coral_loss	: 0.0003
-------------------------------------
[Epoch : 33/40]
Total_loss	: 0.4317
Src_cls_loss	: 0.0645
coral_loss	: 0.0003
-------------------------------------
[Epoch : 34/40]
Total_loss	: 0.4230
Src_cls_loss	: 0.0632
coral_loss	: 0.0003
-------------------------------------
[Epoch : 35/40]
Total_loss	: 0.4133
Src_cls_loss	: 0.0618
coral_loss	: 0.0003
-------------------------------------
[Epoch : 36/40]
Total_loss	: 0.4059
Src_cls_loss	: 0.0607
coral_loss	: 0.0003
-------------------------------------
[Epoch : 37/40]
Total_loss	: 0.3994
Src_cls_loss	: 0.0597
coral_loss	: 0.0003
-------------------------------------
[Epoch : 38/40]
Total_loss	: 0.3915
Src_cls_loss	: 0.0585
coral_loss	: 0.0003
-------------------------------------
[Epoch : 39/40]
Total_loss	: 0.3839
Src_cls_loss	: 0.0574
coral_loss	: 0.0003
-------------------------------------
[Epoch : 40/40]
Total_loss	: 0.3786
Src_cls_loss	: 0.0566
coral_loss	: 0.0003
-------------------------------------
