=============================================
Dataset: pamap_realworld
Method:  SYN
=============================================
Source: syn_wal_10 ---> Target: dp_wal_10
Run ID: 7
=============================================
[Epoch : 1/40]
Src_cls_loss	: 0.4985
-------------------------------------
[Epoch : 2/40]
Src_cls_loss	: 0.3657
-------------------------------------
[Epoch : 3/40]
Src_cls_loss	: 0.2765
-------------------------------------
[Epoch : 4/40]
Src_cls_loss	: 0.2215
-------------------------------------
[Epoch : 5/40]
Src_cls_loss	: 0.1851
-------------------------------------
[Epoch : 6/40]
Src_cls_loss	: 0.1605
-------------------------------------
[Epoch : 7/40]
Src_cls_loss	: 0.1406
-------------------------------------
[Epoch : 8/40]
Src_cls_loss	: 0.1251
-------------------------------------
[Epoch : 9/40]
Src_cls_loss	: 0.1126
-------------------------------------
[Epoch : 10/40]
Src_cls_loss	: 0.1024
-------------------------------------
[Epoch : 11/40]
Src_cls_loss	: 0.0942
-------------------------------------
[Epoch : 12/40]
Src_cls_loss	: 0.0873
-------------------------------------
[Epoch : 13/40]
Src_cls_loss	: 0.0814
-------------------------------------
[Epoch : 14/40]
Src_cls_loss	: 0.0760
-------------------------------------
[Epoch : 15/40]
Src_cls_loss	: 0.0713
-------------------------------------
[Epoch : 16/40]
Src_cls_loss	: 0.0674
-------------------------------------
[Epoch : 17/40]
Src_cls_loss	: 0.0639
-------------------------------------
[Epoch : 18/40]
Src_cls_loss	: 0.0609
-------------------------------------
[Epoch : 19/40]
Src_cls_loss	: 0.0581
-------------------------------------
[Epoch : 20/40]
Src_cls_loss	: 0.0554
-------------------------------------
[Epoch : 21/40]
Src_cls_loss	: 0.0530
-------------------------------------
[Epoch : 22/40]
Src_cls_loss	: 0.0507
-------------------------------------
[Epoch : 23/40]
Src_cls_loss	: 0.0486
-------------------------------------
[Epoch : 24/40]
Src_cls_loss	: 0.0467
-------------------------------------
[Epoch : 25/40]
Src_cls_loss	: 0.0449
-------------------------------------
[Epoch : 26/40]
Src_cls_loss	: 0.0434
-------------------------------------
[Epoch : 27/40]
Src_cls_loss	: 0.0421
-------------------------------------
[Epoch : 28/40]
Src_cls_loss	: 0.0407
-------------------------------------
[Epoch : 29/40]
Src_cls_loss	: 0.0394
-------------------------------------
[Epoch : 30/40]
Src_cls_loss	: 0.0382
-------------------------------------
[Epoch : 31/40]
Src_cls_loss	: 0.0370
-------------------------------------
[Epoch : 32/40]
Src_cls_loss	: 0.0359
-------------------------------------
[Epoch : 33/40]
Src_cls_loss	: 0.0350
-------------------------------------
[Epoch : 34/40]
Src_cls_loss	: 0.0340
-------------------------------------
[Epoch : 35/40]
Src_cls_loss	: 0.0331
-------------------------------------
[Epoch : 36/40]
Src_cls_loss	: 0.0322
-------------------------------------
[Epoch : 37/40]
Src_cls_loss	: 0.0314
-------------------------------------
[Epoch : 38/40]
Src_cls_loss	: 0.0306
-------------------------------------
[Epoch : 39/40]
Src_cls_loss	: 0.0300
-------------------------------------
[Epoch : 40/40]
Src_cls_loss	: 0.0293
-------------------------------------
