=============================================
Dataset: CWRU_Ball
Method:  Deep_Coral
=============================================
Source: 0 ---> Target: 6
Run ID: 2
=============================================
[Epoch : 1/40]
Total_loss	: 0.0123
Src_cls_loss	: 0.1139
coral_loss	: 0.0002
-------------------------------------
[Epoch : 2/40]
Total_loss	: 0.0072
Src_cls_loss	: 0.0637
coral_loss	: 0.0002
-------------------------------------
[Epoch : 3/40]
Total_loss	: 0.0053
Src_cls_loss	: 0.0454
coral_loss	: 0.0002
-------------------------------------
[Epoch : 4/40]
Total_loss	: 0.0042
Src_cls_loss	: 0.0355
coral_loss	: 0.0002
-------------------------------------
[Epoch : 5/40]
Total_loss	: 0.0036
Src_cls_loss	: 0.0294
coral_loss	: 0.0001
-------------------------------------
[Epoch : 6/40]
Total_loss	: 0.0031
Src_cls_loss	: 0.0254
coral_loss	: 0.0001
-------------------------------------
[Epoch : 7/40]
Total_loss	: 0.0028
Src_cls_loss	: 0.0224
coral_loss	: 0.0001
-------------------------------------
[Epoch : 8/40]
Total_loss	: 0.0025
Src_cls_loss	: 0.0200
coral_loss	: 0.0001
-------------------------------------
[Epoch : 9/40]
Total_loss	: 0.0023
Src_cls_loss	: 0.0182
coral_loss	: 0.0001
-------------------------------------
[Epoch : 10/40]
Total_loss	: 0.0021
Src_cls_loss	: 0.0168
coral_loss	: 0.0001
-------------------------------------
[Epoch : 11/40]
Total_loss	: 0.0020
Src_cls_loss	: 0.0156
coral_loss	: 0.0001
-------------------------------------
[Epoch : 12/40]
Total_loss	: 0.0019
Src_cls_loss	: 0.0146
coral_loss	: 0.0001
-------------------------------------
[Epoch : 13/40]
Total_loss	: 0.0018
Src_cls_loss	: 0.0139
coral_loss	: 0.0001
-------------------------------------
[Epoch : 14/40]
Total_loss	: 0.0017
Src_cls_loss	: 0.0131
coral_loss	: 0.0001
-------------------------------------
[Epoch : 15/40]
Total_loss	: 0.0016
Src_cls_loss	: 0.0125
coral_loss	: 0.0001
-------------------------------------
[Epoch : 16/40]
Total_loss	: 0.0015
Src_cls_loss	: 0.0118
coral_loss	: 0.0001
-------------------------------------
[Epoch : 17/40]
Total_loss	: 0.0015
Src_cls_loss	: 0.0114
coral_loss	: 0.0001
-------------------------------------
[Epoch : 18/40]
Total_loss	: 0.0014
Src_cls_loss	: 0.0109
coral_loss	: 0.0001
-------------------------------------
[Epoch : 19/40]
Total_loss	: 0.0013
Src_cls_loss	: 0.0105
coral_loss	: 0.0001
-------------------------------------
[Epoch : 20/40]
Total_loss	: 0.0013
Src_cls_loss	: 0.0101
coral_loss	: 0.0001
-------------------------------------
[Epoch : 21/40]
Total_loss	: 0.0012
Src_cls_loss	: 0.0098
coral_loss	: 0.0001
-------------------------------------
[Epoch : 22/40]
Total_loss	: 0.0012
Src_cls_loss	: 0.0095
coral_loss	: 0.0001
-------------------------------------
[Epoch : 23/40]
Total_loss	: 0.0012
Src_cls_loss	: 0.0092
coral_loss	: 0.0001
-------------------------------------
[Epoch : 24/40]
Total_loss	: 0.0011
Src_cls_loss	: 0.0089
coral_loss	: 0.0001
-------------------------------------
[Epoch : 25/40]
Total_loss	: 0.0011
Src_cls_loss	: 0.0087
coral_loss	: 0.0001
-------------------------------------
[Epoch : 26/40]
Total_loss	: 0.0011
Src_cls_loss	: 0.0084
coral_loss	: 0.0001
-------------------------------------
[Epoch : 27/40]
Total_loss	: 0.0010
Src_cls_loss	: 0.0082
coral_loss	: 0.0001
-------------------------------------
[Epoch : 28/40]
Total_loss	: 0.0010
Src_cls_loss	: 0.0080
coral_loss	: 0.0000
-------------------------------------
[Epoch : 29/40]
Total_loss	: 0.0010
Src_cls_loss	: 0.0078
coral_loss	: 0.0000
-------------------------------------
[Epoch : 30/40]
Total_loss	: 0.0010
Src_cls_loss	: 0.0076
coral_loss	: 0.0000
-------------------------------------
[Epoch : 31/40]
Total_loss	: 0.0009
Src_cls_loss	: 0.0075
coral_loss	: 0.0000
-------------------------------------
[Epoch : 32/40]
Total_loss	: 0.0009
Src_cls_loss	: 0.0073
coral_loss	: 0.0000
-------------------------------------
[Epoch : 33/40]
Total_loss	: 0.0009
Src_cls_loss	: 0.0072
coral_loss	: 0.0000
-------------------------------------
[Epoch : 34/40]
Total_loss	: 0.0009
Src_cls_loss	: 0.0071
coral_loss	: 0.0000
-------------------------------------
[Epoch : 35/40]
Total_loss	: 0.0009
Src_cls_loss	: 0.0069
coral_loss	: 0.0000
-------------------------------------
[Epoch : 36/40]
Total_loss	: 0.0009
Src_cls_loss	: 0.0068
coral_loss	: 0.0000
-------------------------------------
[Epoch : 37/40]
Total_loss	: 0.0008
Src_cls_loss	: 0.0067
coral_loss	: 0.0000
-------------------------------------
[Epoch : 38/40]
Total_loss	: 0.0008
Src_cls_loss	: 0.0066
coral_loss	: 0.0000
-------------------------------------
[Epoch : 39/40]
Total_loss	: 0.0008
Src_cls_loss	: 0.0065
coral_loss	: 0.0000
-------------------------------------
[Epoch : 40/40]
Total_loss	: 0.0008
Src_cls_loss	: 0.0064
coral_loss	: 0.0000
-------------------------------------
