=============================================
Dataset: realworld_mobiact
Method:  Deep_Coral
=============================================
Source: df ---> Target: dp_wal_61
Run ID: 0
=============================================
[Epoch : 1/40]
Total_loss	: 2.4520
Src_cls_loss	: 0.3673
coral_loss	: 0.0007
-------------------------------------
[Epoch : 2/40]
Total_loss	: 2.0033
Src_cls_loss	: 0.3000
coral_loss	: 0.0007
-------------------------------------
[Epoch : 3/40]
Total_loss	: 1.7609
Src_cls_loss	: 0.2636
coral_loss	: 0.0007
-------------------------------------
[Epoch : 4/40]
Total_loss	: 1.6044
Src_cls_loss	: 0.2402
coral_loss	: 0.0006
-------------------------------------
[Epoch : 5/40]
Total_loss	: 1.4921
Src_cls_loss	: 0.2234
coral_loss	: 0.0006
-------------------------------------
[Epoch : 6/40]
Total_loss	: 1.4098
Src_cls_loss	: 0.2110
coral_loss	: 0.0006
-------------------------------------
[Epoch : 7/40]
Total_loss	: 1.3450
Src_cls_loss	: 0.2013
coral_loss	: 0.0006
-------------------------------------
[Epoch : 8/40]
Total_loss	: 1.2848
Src_cls_loss	: 0.1923
coral_loss	: 0.0005
-------------------------------------
[Epoch : 9/40]
Total_loss	: 1.2272
Src_cls_loss	: 0.1837
coral_loss	: 0.0005
-------------------------------------
[Epoch : 10/40]
Total_loss	: 1.1791
Src_cls_loss	: 0.1765
coral_loss	: 0.0005
-------------------------------------
[Epoch : 11/40]
Total_loss	: 1.1365
Src_cls_loss	: 0.1701
coral_loss	: 0.0005
-------------------------------------
[Epoch : 12/40]
Total_loss	: 1.0972
Src_cls_loss	: 0.1642
coral_loss	: 0.0005
-------------------------------------
[Epoch : 13/40]
Total_loss	: 1.0620
Src_cls_loss	: 0.1589
coral_loss	: 0.0005
-------------------------------------
[Epoch : 14/40]
Total_loss	: 1.0301
Src_cls_loss	: 0.1542
coral_loss	: 0.0004
-------------------------------------
[Epoch : 15/40]
Total_loss	: 1.0003
Src_cls_loss	: 0.1497
coral_loss	: 0.0004
-------------------------------------
[Epoch : 16/40]
Total_loss	: 0.9717
Src_cls_loss	: 0.1454
coral_loss	: 0.0004
-------------------------------------
[Epoch : 17/40]
Total_loss	: 0.9448
Src_cls_loss	: 0.1414
coral_loss	: 0.0004
-------------------------------------
[Epoch : 18/40]
Total_loss	: 0.9208
Src_cls_loss	: 0.1378
coral_loss	: 0.0004
-------------------------------------
[Epoch : 19/40]
Total_loss	: 0.8968
Src_cls_loss	: 0.1342
coral_loss	: 0.0004
-------------------------------------
[Epoch : 20/40]
Total_loss	: 0.8744
Src_cls_loss	: 0.1308
coral_loss	: 0.0004
-------------------------------------
[Epoch : 21/40]
Total_loss	: 0.8527
Src_cls_loss	: 0.1276
coral_loss	: 0.0004
-------------------------------------
[Epoch : 22/40]
Total_loss	: 0.8322
Src_cls_loss	: 0.1245
coral_loss	: 0.0004
-------------------------------------
[Epoch : 23/40]
Total_loss	: 0.8127
Src_cls_loss	: 0.1216
coral_loss	: 0.0004
-------------------------------------
[Epoch : 24/40]
Total_loss	: 0.7940
Src_cls_loss	: 0.1188
coral_loss	: 0.0004
-------------------------------------
[Epoch : 25/40]
Total_loss	: 0.7762
Src_cls_loss	: 0.1161
coral_loss	: 0.0004
-------------------------------------
[Epoch : 26/40]
Total_loss	: 0.7582
Src_cls_loss	: 0.1135
coral_loss	: 0.0003
-------------------------------------
[Epoch : 27/40]
Total_loss	: 0.7416
Src_cls_loss	: 0.1110
coral_loss	: 0.0003
-------------------------------------
[Epoch : 28/40]
Total_loss	: 0.7256
Src_cls_loss	: 0.1086
coral_loss	: 0.0003
-------------------------------------
[Epoch : 29/40]
Total_loss	: 0.7108
Src_cls_loss	: 0.1063
coral_loss	: 0.0003
-------------------------------------
[Epoch : 30/40]
Total_loss	: 0.6965
Src_cls_loss	: 0.1042
coral_loss	: 0.0003
-------------------------------------
[Epoch : 31/40]
Total_loss	: 0.6821
Src_cls_loss	: 0.1021
coral_loss	: 0.0003
-------------------------------------
[Epoch : 32/40]
Total_loss	: 0.6679
Src_cls_loss	: 0.0999
coral_loss	: 0.0003
-------------------------------------
[Epoch : 33/40]
Total_loss	: 0.6553
Src_cls_loss	: 0.0980
coral_loss	: 0.0003
-------------------------------------
[Epoch : 34/40]
Total_loss	: 0.6433
Src_cls_loss	: 0.0962
coral_loss	: 0.0003
-------------------------------------
[Epoch : 35/40]
Total_loss	: 0.6307
Src_cls_loss	: 0.0944
coral_loss	: 0.0003
-------------------------------------
[Epoch : 36/40]
Total_loss	: 0.6194
Src_cls_loss	: 0.0927
coral_loss	: 0.0003
-------------------------------------
[Epoch : 37/40]
Total_loss	: 0.6080
Src_cls_loss	: 0.0909
coral_loss	: 0.0003
-------------------------------------
[Epoch : 38/40]
Total_loss	: 0.5974
Src_cls_loss	: 0.0894
coral_loss	: 0.0003
-------------------------------------
[Epoch : 39/40]
Total_loss	: 0.5872
Src_cls_loss	: 0.0878
coral_loss	: 0.0003
-------------------------------------
[Epoch : 40/40]
Total_loss	: 0.5776
Src_cls_loss	: 0.0864
coral_loss	: 0.0003
-------------------------------------
