=============================================
Dataset: realworld_pamap
Method:  NO_ADAPT
=============================================
Source: syn_17 ---> Target: dp_17
Run ID: 7
=============================================
[Epoch : 1/40]
Src_cls_loss	: 0.6551
-------------------------------------
[Epoch : 2/40]
Src_cls_loss	: 0.4710
-------------------------------------
[Epoch : 3/40]
Src_cls_loss	: 0.3660
-------------------------------------
[Epoch : 4/40]
Src_cls_loss	: 0.2973
-------------------------------------
[Epoch : 5/40]
Src_cls_loss	: 0.2543
-------------------------------------
[Epoch : 6/40]
Src_cls_loss	: 0.2207
-------------------------------------
[Epoch : 7/40]
Src_cls_loss	: 0.1957
-------------------------------------
[Epoch : 8/40]
Src_cls_loss	: 0.1762
-------------------------------------
[Epoch : 9/40]
Src_cls_loss	: 0.1605
-------------------------------------
[Epoch : 10/40]
Src_cls_loss	: 0.1474
-------------------------------------
[Epoch : 11/40]
Src_cls_loss	: 0.1358
-------------------------------------
[Epoch : 12/40]
Src_cls_loss	: 0.1267
-------------------------------------
[Epoch : 13/40]
Src_cls_loss	: 0.1199
-------------------------------------
[Epoch : 14/40]
Src_cls_loss	: 0.1131
-------------------------------------
[Epoch : 15/40]
Src_cls_loss	: 0.1067
-------------------------------------
[Epoch : 16/40]
Src_cls_loss	: 0.1008
-------------------------------------
[Epoch : 17/40]
Src_cls_loss	: 0.0958
-------------------------------------
[Epoch : 18/40]
Src_cls_loss	: 0.0911
-------------------------------------
[Epoch : 19/40]
Src_cls_loss	: 0.0870
-------------------------------------
[Epoch : 20/40]
Src_cls_loss	: 0.0835
-------------------------------------
[Epoch : 21/40]
Src_cls_loss	: 0.0801
-------------------------------------
[Epoch : 22/40]
Src_cls_loss	: 0.0768
-------------------------------------
[Epoch : 23/40]
Src_cls_loss	: 0.0736
-------------------------------------
[Epoch : 24/40]
Src_cls_loss	: 0.0710
-------------------------------------
[Epoch : 25/40]
Src_cls_loss	: 0.0686
-------------------------------------
[Epoch : 26/40]
Src_cls_loss	: 0.0662
-------------------------------------
[Epoch : 27/40]
Src_cls_loss	: 0.0640
-------------------------------------
[Epoch : 28/40]
Src_cls_loss	: 0.0619
-------------------------------------
[Epoch : 29/40]
Src_cls_loss	: 0.0599
-------------------------------------
[Epoch : 30/40]
Src_cls_loss	: 0.0581
-------------------------------------
[Epoch : 31/40]
Src_cls_loss	: 0.0563
-------------------------------------
[Epoch : 32/40]
Src_cls_loss	: 0.0546
-------------------------------------
[Epoch : 33/40]
Src_cls_loss	: 0.0530
-------------------------------------
[Epoch : 34/40]
Src_cls_loss	: 0.0516
-------------------------------------
[Epoch : 35/40]
Src_cls_loss	: 0.0506
-------------------------------------
[Epoch : 36/40]
Src_cls_loss	: 0.0494
-------------------------------------
[Epoch : 37/40]
Src_cls_loss	: 0.0482
-------------------------------------
[Epoch : 38/40]
Src_cls_loss	: 0.0470
-------------------------------------
[Epoch : 39/40]
Src_cls_loss	: 0.0459
-------------------------------------
[Epoch : 40/40]
Src_cls_loss	: 0.0449
-------------------------------------
