=============================================
Dataset: CWRU_IR
Method:  Deep_Coral
=============================================
Source: 0 ---> Target: 5
Run ID: 2
=============================================
[Epoch : 1/40]
Total_loss	: 0.0198
Src_cls_loss	: 0.1886
coral_loss	: 0.0002
-------------------------------------
[Epoch : 2/40]
Total_loss	: 0.0115
Src_cls_loss	: 0.1067
coral_loss	: 0.0002
-------------------------------------
[Epoch : 3/40]
Total_loss	: 0.0084
Src_cls_loss	: 0.0757
coral_loss	: 0.0002
-------------------------------------
[Epoch : 4/40]
Total_loss	: 0.0067
Src_cls_loss	: 0.0600
coral_loss	: 0.0002
-------------------------------------
[Epoch : 5/40]
Total_loss	: 0.0056
Src_cls_loss	: 0.0498
coral_loss	: 0.0001
-------------------------------------
[Epoch : 6/40]
Total_loss	: 0.0049
Src_cls_loss	: 0.0427
coral_loss	: 0.0001
-------------------------------------
[Epoch : 7/40]
Total_loss	: 0.0043
Src_cls_loss	: 0.0377
coral_loss	: 0.0001
-------------------------------------
[Epoch : 8/40]
Total_loss	: 0.0040
Src_cls_loss	: 0.0342
coral_loss	: 0.0001
-------------------------------------
[Epoch : 9/40]
Total_loss	: 0.0036
Src_cls_loss	: 0.0311
coral_loss	: 0.0001
-------------------------------------
[Epoch : 10/40]
Total_loss	: 0.0033
Src_cls_loss	: 0.0285
coral_loss	: 0.0001
-------------------------------------
[Epoch : 11/40]
Total_loss	: 0.0031
Src_cls_loss	: 0.0266
coral_loss	: 0.0001
-------------------------------------
[Epoch : 12/40]
Total_loss	: 0.0029
Src_cls_loss	: 0.0249
coral_loss	: 0.0001
-------------------------------------
[Epoch : 13/40]
Total_loss	: 0.0028
Src_cls_loss	: 0.0235
coral_loss	: 0.0001
-------------------------------------
[Epoch : 14/40]
Total_loss	: 0.0026
Src_cls_loss	: 0.0224
coral_loss	: 0.0001
-------------------------------------
[Epoch : 15/40]
Total_loss	: 0.0025
Src_cls_loss	: 0.0212
coral_loss	: 0.0001
-------------------------------------
[Epoch : 16/40]
Total_loss	: 0.0024
Src_cls_loss	: 0.0203
coral_loss	: 0.0001
-------------------------------------
[Epoch : 17/40]
Total_loss	: 0.0023
Src_cls_loss	: 0.0195
coral_loss	: 0.0001
-------------------------------------
[Epoch : 18/40]
Total_loss	: 0.0022
Src_cls_loss	: 0.0188
coral_loss	: 0.0001
-------------------------------------
[Epoch : 19/40]
Total_loss	: 0.0021
Src_cls_loss	: 0.0181
coral_loss	: 0.0001
-------------------------------------
[Epoch : 20/40]
Total_loss	: 0.0021
Src_cls_loss	: 0.0175
coral_loss	: 0.0001
-------------------------------------
[Epoch : 21/40]
Total_loss	: 0.0020
Src_cls_loss	: 0.0170
coral_loss	: 0.0001
-------------------------------------
[Epoch : 22/40]
Total_loss	: 0.0019
Src_cls_loss	: 0.0164
coral_loss	: 0.0001
-------------------------------------
[Epoch : 23/40]
Total_loss	: 0.0019
Src_cls_loss	: 0.0159
coral_loss	: 0.0001
-------------------------------------
[Epoch : 24/40]
Total_loss	: 0.0018
Src_cls_loss	: 0.0154
coral_loss	: 0.0001
-------------------------------------
[Epoch : 25/40]
Total_loss	: 0.0018
Src_cls_loss	: 0.0151
coral_loss	: 0.0001
-------------------------------------
[Epoch : 26/40]
Total_loss	: 0.0017
Src_cls_loss	: 0.0146
coral_loss	: 0.0001
-------------------------------------
[Epoch : 27/40]
Total_loss	: 0.0017
Src_cls_loss	: 0.0142
coral_loss	: 0.0001
-------------------------------------
[Epoch : 28/40]
Total_loss	: 0.0016
Src_cls_loss	: 0.0138
coral_loss	: 0.0001
-------------------------------------
[Epoch : 29/40]
Total_loss	: 0.0016
Src_cls_loss	: 0.0137
coral_loss	: 0.0001
-------------------------------------
[Epoch : 30/40]
Total_loss	: 0.0016
Src_cls_loss	: 0.0134
coral_loss	: 0.0001
-------------------------------------
[Epoch : 31/40]
Total_loss	: 0.0016
Src_cls_loss	: 0.0131
coral_loss	: 0.0001
-------------------------------------
[Epoch : 32/40]
Total_loss	: 0.0015
Src_cls_loss	: 0.0129
coral_loss	: 0.0001
-------------------------------------
[Epoch : 33/40]
Total_loss	: 0.0015
Src_cls_loss	: 0.0126
coral_loss	: 0.0001
-------------------------------------
[Epoch : 34/40]
Total_loss	: 0.0015
Src_cls_loss	: 0.0123
coral_loss	: 0.0000
-------------------------------------
[Epoch : 35/40]
Total_loss	: 0.0014
Src_cls_loss	: 0.0121
coral_loss	: 0.0000
-------------------------------------
[Epoch : 36/40]
Total_loss	: 0.0014
Src_cls_loss	: 0.0119
coral_loss	: 0.0000
-------------------------------------
[Epoch : 37/40]
Total_loss	: 0.0014
Src_cls_loss	: 0.0117
coral_loss	: 0.0000
-------------------------------------
[Epoch : 38/40]
Total_loss	: 0.0014
Src_cls_loss	: 0.0115
coral_loss	: 0.0000
-------------------------------------
[Epoch : 39/40]
Total_loss	: 0.0013
Src_cls_loss	: 0.0113
coral_loss	: 0.0000
-------------------------------------
[Epoch : 40/40]
Total_loss	: 0.0013
Src_cls_loss	: 0.0111
coral_loss	: 0.0000
-------------------------------------
