=============================================
Dataset: mobiact_pamap
Method:  SYN
=============================================
Source: syn_wal_62 ---> Target: dp_wal_62
Run ID: 5
=============================================
[Epoch : 1/40]
Src_cls_loss	: 0.7467
-------------------------------------
[Epoch : 2/40]
Src_cls_loss	: 0.5482
-------------------------------------
[Epoch : 3/40]
Src_cls_loss	: 0.4337
-------------------------------------
[Epoch : 4/40]
Src_cls_loss	: 0.3574
-------------------------------------
[Epoch : 5/40]
Src_cls_loss	: 0.3019
-------------------------------------
[Epoch : 6/40]
Src_cls_loss	: 0.2619
-------------------------------------
[Epoch : 7/40]
Src_cls_loss	: 0.2301
-------------------------------------
[Epoch : 8/40]
Src_cls_loss	: 0.2047
-------------------------------------
[Epoch : 9/40]
Src_cls_loss	: 0.1847
-------------------------------------
[Epoch : 10/40]
Src_cls_loss	: 0.1681
-------------------------------------
[Epoch : 11/40]
Src_cls_loss	: 0.1547
-------------------------------------
[Epoch : 12/40]
Src_cls_loss	: 0.1435
-------------------------------------
[Epoch : 13/40]
Src_cls_loss	: 0.1339
-------------------------------------
[Epoch : 14/40]
Src_cls_loss	: 0.1251
-------------------------------------
[Epoch : 15/40]
Src_cls_loss	: 0.1176
-------------------------------------
[Epoch : 16/40]
Src_cls_loss	: 0.1109
-------------------------------------
[Epoch : 17/40]
Src_cls_loss	: 0.1051
-------------------------------------
[Epoch : 18/40]
Src_cls_loss	: 0.0997
-------------------------------------
[Epoch : 19/40]
Src_cls_loss	: 0.0947
-------------------------------------
[Epoch : 20/40]
Src_cls_loss	: 0.0902
-------------------------------------
[Epoch : 21/40]
Src_cls_loss	: 0.0861
-------------------------------------
[Epoch : 22/40]
Src_cls_loss	: 0.0825
-------------------------------------
[Epoch : 23/40]
Src_cls_loss	: 0.0792
-------------------------------------
[Epoch : 24/40]
Src_cls_loss	: 0.0761
-------------------------------------
[Epoch : 25/40]
Src_cls_loss	: 0.0732
-------------------------------------
[Epoch : 26/40]
Src_cls_loss	: 0.0706
-------------------------------------
[Epoch : 27/40]
Src_cls_loss	: 0.0681
-------------------------------------
[Epoch : 28/40]
Src_cls_loss	: 0.0658
-------------------------------------
[Epoch : 29/40]
Src_cls_loss	: 0.0637
-------------------------------------
[Epoch : 30/40]
Src_cls_loss	: 0.0617
-------------------------------------
[Epoch : 31/40]
Src_cls_loss	: 0.0598
-------------------------------------
[Epoch : 32/40]
Src_cls_loss	: 0.0580
-------------------------------------
[Epoch : 33/40]
Src_cls_loss	: 0.0563
-------------------------------------
[Epoch : 34/40]
Src_cls_loss	: 0.0547
-------------------------------------
[Epoch : 35/40]
Src_cls_loss	: 0.0532
-------------------------------------
[Epoch : 36/40]
Src_cls_loss	: 0.0519
-------------------------------------
[Epoch : 37/40]
Src_cls_loss	: 0.0505
-------------------------------------
[Epoch : 38/40]
Src_cls_loss	: 0.0493
-------------------------------------
[Epoch : 39/40]
Src_cls_loss	: 0.0481
-------------------------------------
[Epoch : 40/40]
Src_cls_loss	: 0.0469
-------------------------------------
