=============================================
Dataset: CWRU_IR
Method:  NO_ADAPT
=============================================
Source: 0 ---> Target: 6
Run ID: 4
=============================================
[Epoch : 1/40]
Src_cls_loss	: 0.1105
-------------------------------------
[Epoch : 2/40]
Src_cls_loss	: 0.0620
-------------------------------------
[Epoch : 3/40]
Src_cls_loss	: 0.0429
-------------------------------------
[Epoch : 4/40]
Src_cls_loss	: 0.0331
-------------------------------------
[Epoch : 5/40]
Src_cls_loss	: 0.0273
-------------------------------------
[Epoch : 6/40]
Src_cls_loss	: 0.0232
-------------------------------------
[Epoch : 7/40]
Src_cls_loss	: 0.0206
-------------------------------------
[Epoch : 8/40]
Src_cls_loss	: 0.0182
-------------------------------------
[Epoch : 9/40]
Src_cls_loss	: 0.0163
-------------------------------------
[Epoch : 10/40]
Src_cls_loss	: 0.0149
-------------------------------------
[Epoch : 11/40]
Src_cls_loss	: 0.0136
-------------------------------------
[Epoch : 12/40]
Src_cls_loss	: 0.0127
-------------------------------------
[Epoch : 13/40]
Src_cls_loss	: 0.0123
-------------------------------------
[Epoch : 14/40]
Src_cls_loss	: 0.0117
-------------------------------------
[Epoch : 15/40]
Src_cls_loss	: 0.0110
-------------------------------------
[Epoch : 16/40]
Src_cls_loss	: 0.0104
-------------------------------------
[Epoch : 17/40]
Src_cls_loss	: 0.0098
-------------------------------------
[Epoch : 18/40]
Src_cls_loss	: 0.0098
-------------------------------------
[Epoch : 19/40]
Src_cls_loss	: 0.0093
-------------------------------------
[Epoch : 20/40]
Src_cls_loss	: 0.0089
-------------------------------------
[Epoch : 21/40]
Src_cls_loss	: 0.0086
-------------------------------------
[Epoch : 22/40]
Src_cls_loss	: 0.0083
-------------------------------------
[Epoch : 23/40]
Src_cls_loss	: 0.0080
-------------------------------------
[Epoch : 24/40]
Src_cls_loss	: 0.0077
-------------------------------------
[Epoch : 25/40]
Src_cls_loss	: 0.0075
-------------------------------------
[Epoch : 26/40]
Src_cls_loss	: 0.0073
-------------------------------------
[Epoch : 27/40]
Src_cls_loss	: 0.0071
-------------------------------------
[Epoch : 28/40]
Src_cls_loss	: 0.0069
-------------------------------------
[Epoch : 29/40]
Src_cls_loss	: 0.0067
-------------------------------------
[Epoch : 30/40]
Src_cls_loss	: 0.0066
-------------------------------------
[Epoch : 31/40]
Src_cls_loss	: 0.0064
-------------------------------------
[Epoch : 32/40]
Src_cls_loss	: 0.0062
-------------------------------------
[Epoch : 33/40]
Src_cls_loss	: 0.0060
-------------------------------------
[Epoch : 34/40]
Src_cls_loss	: 0.0059
-------------------------------------
[Epoch : 35/40]
Src_cls_loss	: 0.0058
-------------------------------------
[Epoch : 36/40]
Src_cls_loss	: 0.0057
-------------------------------------
[Epoch : 37/40]
Src_cls_loss	: 0.0057
-------------------------------------
[Epoch : 38/40]
Src_cls_loss	: 0.0055
-------------------------------------
[Epoch : 39/40]
Src_cls_loss	: 0.0054
-------------------------------------
[Epoch : 40/40]
Src_cls_loss	: 0.0053
-------------------------------------
