=============================================
Dataset: pamap_mobiact
Method:  NO_ADAPT
=============================================
Source: syn_22 ---> Target: dp_22
Run ID: 2
=============================================
[Epoch : 1/40]
Src_cls_loss	: 0.7412
-------------------------------------
[Epoch : 2/40]
Src_cls_loss	: 0.5863
-------------------------------------
[Epoch : 3/40]
Src_cls_loss	: 0.5062
-------------------------------------
[Epoch : 4/40]
Src_cls_loss	: 0.4485
-------------------------------------
[Epoch : 5/40]
Src_cls_loss	: 0.4066
-------------------------------------
[Epoch : 6/40]
Src_cls_loss	: 0.3726
-------------------------------------
[Epoch : 7/40]
Src_cls_loss	: 0.3447
-------------------------------------
[Epoch : 8/40]
Src_cls_loss	: 0.3225
-------------------------------------
[Epoch : 9/40]
Src_cls_loss	: 0.3013
-------------------------------------
[Epoch : 10/40]
Src_cls_loss	: 0.2832
-------------------------------------
[Epoch : 11/40]
Src_cls_loss	: 0.2664
-------------------------------------
[Epoch : 12/40]
Src_cls_loss	: 0.2509
-------------------------------------
[Epoch : 13/40]
Src_cls_loss	: 0.2383
-------------------------------------
[Epoch : 14/40]
Src_cls_loss	: 0.2272
-------------------------------------
[Epoch : 15/40]
Src_cls_loss	: 0.2168
-------------------------------------
[Epoch : 16/40]
Src_cls_loss	: 0.2076
-------------------------------------
[Epoch : 17/40]
Src_cls_loss	: 0.1989
-------------------------------------
[Epoch : 18/40]
Src_cls_loss	: 0.1923
-------------------------------------
[Epoch : 19/40]
Src_cls_loss	: 0.1854
-------------------------------------
[Epoch : 20/40]
Src_cls_loss	: 0.1787
-------------------------------------
[Epoch : 21/40]
Src_cls_loss	: 0.1723
-------------------------------------
[Epoch : 22/40]
Src_cls_loss	: 0.1666
-------------------------------------
[Epoch : 23/40]
Src_cls_loss	: 0.1611
-------------------------------------
[Epoch : 24/40]
Src_cls_loss	: 0.1558
-------------------------------------
[Epoch : 25/40]
Src_cls_loss	: 0.1513
-------------------------------------
[Epoch : 26/40]
Src_cls_loss	: 0.1471
-------------------------------------
[Epoch : 27/40]
Src_cls_loss	: 0.1432
-------------------------------------
[Epoch : 28/40]
Src_cls_loss	: 0.1393
-------------------------------------
[Epoch : 29/40]
Src_cls_loss	: 0.1354
-------------------------------------
[Epoch : 30/40]
Src_cls_loss	: 0.1319
-------------------------------------
[Epoch : 31/40]
Src_cls_loss	: 0.1289
-------------------------------------
[Epoch : 32/40]
Src_cls_loss	: 0.1260
-------------------------------------
[Epoch : 33/40]
Src_cls_loss	: 0.1232
-------------------------------------
[Epoch : 34/40]
Src_cls_loss	: 0.1202
-------------------------------------
[Epoch : 35/40]
Src_cls_loss	: 0.1176
-------------------------------------
[Epoch : 36/40]
Src_cls_loss	: 0.1155
-------------------------------------
[Epoch : 37/40]
Src_cls_loss	: 0.1131
-------------------------------------
[Epoch : 38/40]
Src_cls_loss	: 0.1106
-------------------------------------
[Epoch : 39/40]
Src_cls_loss	: 0.1081
-------------------------------------
[Epoch : 40/40]
Src_cls_loss	: 0.1059
-------------------------------------
