=============================================
Dataset: pamap_realworld
Method:  ROT
=============================================
Source: df ---> Target: dp_20
Run ID: 4
=============================================
[Epoch : 1/40]
Src_cls_loss	: 0.6750
-------------------------------------
[Epoch : 2/40]
Src_cls_loss	: 0.5780
-------------------------------------
[Epoch : 3/40]
Src_cls_loss	: 0.5260
-------------------------------------
[Epoch : 4/40]
Src_cls_loss	: 0.4797
-------------------------------------
[Epoch : 5/40]
Src_cls_loss	: 0.4428
-------------------------------------
[Epoch : 6/40]
Src_cls_loss	: 0.4107
-------------------------------------
[Epoch : 7/40]
Src_cls_loss	: 0.3881
-------------------------------------
[Epoch : 8/40]
Src_cls_loss	: 0.3672
-------------------------------------
[Epoch : 9/40]
Src_cls_loss	: 0.3498
-------------------------------------
[Epoch : 10/40]
Src_cls_loss	: 0.3349
-------------------------------------
[Epoch : 11/40]
Src_cls_loss	: 0.3191
-------------------------------------
[Epoch : 12/40]
Src_cls_loss	: 0.3064
-------------------------------------
[Epoch : 13/40]
Src_cls_loss	: 0.2956
-------------------------------------
[Epoch : 14/40]
Src_cls_loss	: 0.2873
-------------------------------------
[Epoch : 15/40]
Src_cls_loss	: 0.2784
-------------------------------------
[Epoch : 16/40]
Src_cls_loss	: 0.2700
-------------------------------------
[Epoch : 17/40]
Src_cls_loss	: 0.2615
-------------------------------------
[Epoch : 18/40]
Src_cls_loss	: 0.2542
-------------------------------------
[Epoch : 19/40]
Src_cls_loss	: 0.2472
-------------------------------------
[Epoch : 20/40]
Src_cls_loss	: 0.2412
-------------------------------------
[Epoch : 21/40]
Src_cls_loss	: 0.2360
-------------------------------------
[Epoch : 22/40]
Src_cls_loss	: 0.2310
-------------------------------------
[Epoch : 23/40]
Src_cls_loss	: 0.2260
-------------------------------------
[Epoch : 24/40]
Src_cls_loss	: 0.2219
-------------------------------------
[Epoch : 25/40]
Src_cls_loss	: 0.2170
-------------------------------------
[Epoch : 26/40]
Src_cls_loss	: 0.2128
-------------------------------------
[Epoch : 27/40]
Src_cls_loss	: 0.2094
-------------------------------------
[Epoch : 28/40]
Src_cls_loss	: 0.2068
-------------------------------------
[Epoch : 29/40]
Src_cls_loss	: 0.2035
-------------------------------------
[Epoch : 30/40]
Src_cls_loss	: 0.2015
-------------------------------------
[Epoch : 31/40]
Src_cls_loss	: 0.1991
-------------------------------------
[Epoch : 32/40]
Src_cls_loss	: 0.1962
-------------------------------------
[Epoch : 33/40]
Src_cls_loss	: 0.1937
-------------------------------------
[Epoch : 34/40]
Src_cls_loss	: 0.1903
-------------------------------------
[Epoch : 35/40]
Src_cls_loss	: 0.1875
-------------------------------------
[Epoch : 36/40]
Src_cls_loss	: 0.1848
-------------------------------------
[Epoch : 37/40]
Src_cls_loss	: 0.1818
-------------------------------------
[Epoch : 38/40]
Src_cls_loss	: 0.1800
-------------------------------------
[Epoch : 39/40]
Src_cls_loss	: 0.1777
-------------------------------------
[Epoch : 40/40]
Src_cls_loss	: 0.1755
-------------------------------------
