=============================================
Dataset: realworld_mobiact
Method:  NO_ADAPT
=============================================
Source: syn_73 ---> Target: dp_73
Run ID: 7
=============================================
[Epoch : 1/40]
Src_cls_loss	: 0.5642
-------------------------------------
[Epoch : 2/40]
Src_cls_loss	: 0.4319
-------------------------------------
[Epoch : 3/40]
Src_cls_loss	: 0.3709
-------------------------------------
[Epoch : 4/40]
Src_cls_loss	: 0.3167
-------------------------------------
[Epoch : 5/40]
Src_cls_loss	: 0.2745
-------------------------------------
[Epoch : 6/40]
Src_cls_loss	: 0.2411
-------------------------------------
[Epoch : 7/40]
Src_cls_loss	: 0.2149
-------------------------------------
[Epoch : 8/40]
Src_cls_loss	: 0.1940
-------------------------------------
[Epoch : 9/40]
Src_cls_loss	: 0.1775
-------------------------------------
[Epoch : 10/40]
Src_cls_loss	: 0.1623
-------------------------------------
[Epoch : 11/40]
Src_cls_loss	: 0.1491
-------------------------------------
[Epoch : 12/40]
Src_cls_loss	: 0.1385
-------------------------------------
[Epoch : 13/40]
Src_cls_loss	: 0.1295
-------------------------------------
[Epoch : 14/40]
Src_cls_loss	: 0.1213
-------------------------------------
[Epoch : 15/40]
Src_cls_loss	: 0.1143
-------------------------------------
[Epoch : 16/40]
Src_cls_loss	: 0.1083
-------------------------------------
[Epoch : 17/40]
Src_cls_loss	: 0.1029
-------------------------------------
[Epoch : 18/40]
Src_cls_loss	: 0.0984
-------------------------------------
[Epoch : 19/40]
Src_cls_loss	: 0.0945
-------------------------------------
[Epoch : 20/40]
Src_cls_loss	: 0.0906
-------------------------------------
[Epoch : 21/40]
Src_cls_loss	: 0.0869
-------------------------------------
[Epoch : 22/40]
Src_cls_loss	: 0.0837
-------------------------------------
[Epoch : 23/40]
Src_cls_loss	: 0.0808
-------------------------------------
[Epoch : 24/40]
Src_cls_loss	: 0.0781
-------------------------------------
[Epoch : 25/40]
Src_cls_loss	: 0.0759
-------------------------------------
[Epoch : 26/40]
Src_cls_loss	: 0.0733
-------------------------------------
[Epoch : 27/40]
Src_cls_loss	: 0.0709
-------------------------------------
[Epoch : 28/40]
Src_cls_loss	: 0.0685
-------------------------------------
[Epoch : 29/40]
Src_cls_loss	: 0.0664
-------------------------------------
[Epoch : 30/40]
Src_cls_loss	: 0.0643
-------------------------------------
[Epoch : 31/40]
Src_cls_loss	: 0.0623
-------------------------------------
[Epoch : 32/40]
Src_cls_loss	: 0.0606
-------------------------------------
[Epoch : 33/40]
Src_cls_loss	: 0.0591
-------------------------------------
[Epoch : 34/40]
Src_cls_loss	: 0.0576
-------------------------------------
[Epoch : 35/40]
Src_cls_loss	: 0.0563
-------------------------------------
[Epoch : 36/40]
Src_cls_loss	: 0.0551
-------------------------------------
[Epoch : 37/40]
Src_cls_loss	: 0.0539
-------------------------------------
[Epoch : 38/40]
Src_cls_loss	: 0.0527
-------------------------------------
[Epoch : 39/40]
Src_cls_loss	: 0.0515
-------------------------------------
[Epoch : 40/40]
Src_cls_loss	: 0.0503
-------------------------------------
