=============================================
Dataset: pamap_mobiact
Method:  NO_ADAPT
=============================================
Source: syn_52 ---> Target: dp_52
Run ID: 3
=============================================
[Epoch : 1/40]
Src_cls_loss	: 0.5857
-------------------------------------
[Epoch : 2/40]
Src_cls_loss	: 0.4585
-------------------------------------
[Epoch : 3/40]
Src_cls_loss	: 0.3882
-------------------------------------
[Epoch : 4/40]
Src_cls_loss	: 0.3353
-------------------------------------
[Epoch : 5/40]
Src_cls_loss	: 0.2964
-------------------------------------
[Epoch : 6/40]
Src_cls_loss	: 0.2657
-------------------------------------
[Epoch : 7/40]
Src_cls_loss	: 0.2390
-------------------------------------
[Epoch : 8/40]
Src_cls_loss	: 0.2184
-------------------------------------
[Epoch : 9/40]
Src_cls_loss	: 0.1999
-------------------------------------
[Epoch : 10/40]
Src_cls_loss	: 0.1857
-------------------------------------
[Epoch : 11/40]
Src_cls_loss	: 0.1736
-------------------------------------
[Epoch : 12/40]
Src_cls_loss	: 0.1631
-------------------------------------
[Epoch : 13/40]
Src_cls_loss	: 0.1532
-------------------------------------
[Epoch : 14/40]
Src_cls_loss	: 0.1446
-------------------------------------
[Epoch : 15/40]
Src_cls_loss	: 0.1373
-------------------------------------
[Epoch : 16/40]
Src_cls_loss	: 0.1308
-------------------------------------
[Epoch : 17/40]
Src_cls_loss	: 0.1251
-------------------------------------
[Epoch : 18/40]
Src_cls_loss	: 0.1199
-------------------------------------
[Epoch : 19/40]
Src_cls_loss	: 0.1167
-------------------------------------
[Epoch : 20/40]
Src_cls_loss	: 0.1141
-------------------------------------
[Epoch : 21/40]
Src_cls_loss	: 0.1106
-------------------------------------
[Epoch : 22/40]
Src_cls_loss	: 0.1067
-------------------------------------
[Epoch : 23/40]
Src_cls_loss	: 0.1031
-------------------------------------
[Epoch : 24/40]
Src_cls_loss	: 0.0996
-------------------------------------
[Epoch : 25/40]
Src_cls_loss	: 0.0962
-------------------------------------
[Epoch : 26/40]
Src_cls_loss	: 0.0931
-------------------------------------
[Epoch : 27/40]
Src_cls_loss	: 0.0904
-------------------------------------
[Epoch : 28/40]
Src_cls_loss	: 0.0877
-------------------------------------
[Epoch : 29/40]
Src_cls_loss	: 0.0855
-------------------------------------
[Epoch : 30/40]
Src_cls_loss	: 0.0831
-------------------------------------
[Epoch : 31/40]
Src_cls_loss	: 0.0812
-------------------------------------
[Epoch : 32/40]
Src_cls_loss	: 0.0797
-------------------------------------
[Epoch : 33/40]
Src_cls_loss	: 0.0779
-------------------------------------
[Epoch : 34/40]
Src_cls_loss	: 0.0761
-------------------------------------
[Epoch : 35/40]
Src_cls_loss	: 0.0743
-------------------------------------
[Epoch : 36/40]
Src_cls_loss	: 0.0726
-------------------------------------
[Epoch : 37/40]
Src_cls_loss	: 0.0709
-------------------------------------
[Epoch : 38/40]
Src_cls_loss	: 0.0698
-------------------------------------
[Epoch : 39/40]
Src_cls_loss	: 0.0691
-------------------------------------
[Epoch : 40/40]
Src_cls_loss	: 0.0681
-------------------------------------
