=============================================
Dataset: pamap_realworld
Method:  SYN
=============================================
Source: syn_wal_13 ---> Target: dp_wal_13
Run ID: 4
=============================================
[Epoch : 1/40]
Src_cls_loss	: 0.4964
-------------------------------------
[Epoch : 2/40]
Src_cls_loss	: 0.3582
-------------------------------------
[Epoch : 3/40]
Src_cls_loss	: 0.2768
-------------------------------------
[Epoch : 4/40]
Src_cls_loss	: 0.2218
-------------------------------------
[Epoch : 5/40]
Src_cls_loss	: 0.1889
-------------------------------------
[Epoch : 6/40]
Src_cls_loss	: 0.1623
-------------------------------------
[Epoch : 7/40]
Src_cls_loss	: 0.1429
-------------------------------------
[Epoch : 8/40]
Src_cls_loss	: 0.1286
-------------------------------------
[Epoch : 9/40]
Src_cls_loss	: 0.1163
-------------------------------------
[Epoch : 10/40]
Src_cls_loss	: 0.1060
-------------------------------------
[Epoch : 11/40]
Src_cls_loss	: 0.0979
-------------------------------------
[Epoch : 12/40]
Src_cls_loss	: 0.0907
-------------------------------------
[Epoch : 13/40]
Src_cls_loss	: 0.0842
-------------------------------------
[Epoch : 14/40]
Src_cls_loss	: 0.0787
-------------------------------------
[Epoch : 15/40]
Src_cls_loss	: 0.0739
-------------------------------------
[Epoch : 16/40]
Src_cls_loss	: 0.0696
-------------------------------------
[Epoch : 17/40]
Src_cls_loss	: 0.0659
-------------------------------------
[Epoch : 18/40]
Src_cls_loss	: 0.0626
-------------------------------------
[Epoch : 19/40]
Src_cls_loss	: 0.0596
-------------------------------------
[Epoch : 20/40]
Src_cls_loss	: 0.0568
-------------------------------------
[Epoch : 21/40]
Src_cls_loss	: 0.0542
-------------------------------------
[Epoch : 22/40]
Src_cls_loss	: 0.0520
-------------------------------------
[Epoch : 23/40]
Src_cls_loss	: 0.0500
-------------------------------------
[Epoch : 24/40]
Src_cls_loss	: 0.0481
-------------------------------------
[Epoch : 25/40]
Src_cls_loss	: 0.0464
-------------------------------------
[Epoch : 26/40]
Src_cls_loss	: 0.0448
-------------------------------------
[Epoch : 27/40]
Src_cls_loss	: 0.0433
-------------------------------------
[Epoch : 28/40]
Src_cls_loss	: 0.0418
-------------------------------------
[Epoch : 29/40]
Src_cls_loss	: 0.0404
-------------------------------------
[Epoch : 30/40]
Src_cls_loss	: 0.0392
-------------------------------------
[Epoch : 31/40]
Src_cls_loss	: 0.0379
-------------------------------------
[Epoch : 32/40]
Src_cls_loss	: 0.0368
-------------------------------------
[Epoch : 33/40]
Src_cls_loss	: 0.0357
-------------------------------------
[Epoch : 34/40]
Src_cls_loss	: 0.0347
-------------------------------------
[Epoch : 35/40]
Src_cls_loss	: 0.0338
-------------------------------------
[Epoch : 36/40]
Src_cls_loss	: 0.0329
-------------------------------------
[Epoch : 37/40]
Src_cls_loss	: 0.0321
-------------------------------------
[Epoch : 38/40]
Src_cls_loss	: 0.0313
-------------------------------------
[Epoch : 39/40]
Src_cls_loss	: 0.0307
-------------------------------------
[Epoch : 40/40]
Src_cls_loss	: 0.0303
-------------------------------------
