=============================================
Dataset: pamap_mobiact
Method:  SYN
=============================================
Source: syn_wal_20 ---> Target: dp_wal_20
Run ID: 1
=============================================
[Epoch : 1/40]
Src_cls_loss	: 0.5935
-------------------------------------
[Epoch : 2/40]
Src_cls_loss	: 0.4095
-------------------------------------
[Epoch : 3/40]
Src_cls_loss	: 0.3151
-------------------------------------
[Epoch : 4/40]
Src_cls_loss	: 0.2570
-------------------------------------
[Epoch : 5/40]
Src_cls_loss	: 0.2209
-------------------------------------
[Epoch : 6/40]
Src_cls_loss	: 0.1938
-------------------------------------
[Epoch : 7/40]
Src_cls_loss	: 0.1725
-------------------------------------
[Epoch : 8/40]
Src_cls_loss	: 0.1553
-------------------------------------
[Epoch : 9/40]
Src_cls_loss	: 0.1405
-------------------------------------
[Epoch : 10/40]
Src_cls_loss	: 0.1313
-------------------------------------
[Epoch : 11/40]
Src_cls_loss	: 0.1217
-------------------------------------
[Epoch : 12/40]
Src_cls_loss	: 0.1138
-------------------------------------
[Epoch : 13/40]
Src_cls_loss	: 0.1060
-------------------------------------
[Epoch : 14/40]
Src_cls_loss	: 0.0996
-------------------------------------
[Epoch : 15/40]
Src_cls_loss	: 0.0936
-------------------------------------
[Epoch : 16/40]
Src_cls_loss	: 0.0884
-------------------------------------
[Epoch : 17/40]
Src_cls_loss	: 0.0848
-------------------------------------
[Epoch : 18/40]
Src_cls_loss	: 0.0820
-------------------------------------
[Epoch : 19/40]
Src_cls_loss	: 0.0783
-------------------------------------
[Epoch : 20/40]
Src_cls_loss	: 0.0750
-------------------------------------
[Epoch : 21/40]
Src_cls_loss	: 0.0718
-------------------------------------
[Epoch : 22/40]
Src_cls_loss	: 0.0688
-------------------------------------
[Epoch : 23/40]
Src_cls_loss	: 0.0661
-------------------------------------
[Epoch : 24/40]
Src_cls_loss	: 0.0637
-------------------------------------
[Epoch : 25/40]
Src_cls_loss	: 0.0615
-------------------------------------
[Epoch : 26/40]
Src_cls_loss	: 0.0593
-------------------------------------
[Epoch : 27/40]
Src_cls_loss	: 0.0573
-------------------------------------
[Epoch : 28/40]
Src_cls_loss	: 0.0554
-------------------------------------
[Epoch : 29/40]
Src_cls_loss	: 0.0538
-------------------------------------
[Epoch : 30/40]
Src_cls_loss	: 0.0521
-------------------------------------
[Epoch : 31/40]
Src_cls_loss	: 0.0506
-------------------------------------
[Epoch : 32/40]
Src_cls_loss	: 0.0491
-------------------------------------
[Epoch : 33/40]
Src_cls_loss	: 0.0477
-------------------------------------
[Epoch : 34/40]
Src_cls_loss	: 0.0464
-------------------------------------
[Epoch : 35/40]
Src_cls_loss	: 0.0454
-------------------------------------
[Epoch : 36/40]
Src_cls_loss	: 0.0442
-------------------------------------
[Epoch : 37/40]
Src_cls_loss	: 0.0431
-------------------------------------
[Epoch : 38/40]
Src_cls_loss	: 0.0420
-------------------------------------
[Epoch : 39/40]
Src_cls_loss	: 0.0411
-------------------------------------
[Epoch : 40/40]
Src_cls_loss	: 0.0402
-------------------------------------
