=============================================
Dataset: pamap_mobiact
Method:  NO_ADAPT
=============================================
Source: syn_44 ---> Target: dp_44
Run ID: 6
=============================================
[Epoch : 1/40]
Src_cls_loss	: 0.8399
-------------------------------------
[Epoch : 2/40]
Src_cls_loss	: 0.6604
-------------------------------------
[Epoch : 3/40]
Src_cls_loss	: 0.5713
-------------------------------------
[Epoch : 4/40]
Src_cls_loss	: 0.5158
-------------------------------------
[Epoch : 5/40]
Src_cls_loss	: 0.4726
-------------------------------------
[Epoch : 6/40]
Src_cls_loss	: 0.4367
-------------------------------------
[Epoch : 7/40]
Src_cls_loss	: 0.4089
-------------------------------------
[Epoch : 8/40]
Src_cls_loss	: 0.3819
-------------------------------------
[Epoch : 9/40]
Src_cls_loss	: 0.3567
-------------------------------------
[Epoch : 10/40]
Src_cls_loss	: 0.3344
-------------------------------------
[Epoch : 11/40]
Src_cls_loss	: 0.3147
-------------------------------------
[Epoch : 12/40]
Src_cls_loss	: 0.2974
-------------------------------------
[Epoch : 13/40]
Src_cls_loss	: 0.2814
-------------------------------------
[Epoch : 14/40]
Src_cls_loss	: 0.2677
-------------------------------------
[Epoch : 15/40]
Src_cls_loss	: 0.2559
-------------------------------------
[Epoch : 16/40]
Src_cls_loss	: 0.2444
-------------------------------------
[Epoch : 17/40]
Src_cls_loss	: 0.2365
-------------------------------------
[Epoch : 18/40]
Src_cls_loss	: 0.2264
-------------------------------------
[Epoch : 19/40]
Src_cls_loss	: 0.2179
-------------------------------------
[Epoch : 20/40]
Src_cls_loss	: 0.2097
-------------------------------------
[Epoch : 21/40]
Src_cls_loss	: 0.2021
-------------------------------------
[Epoch : 22/40]
Src_cls_loss	: 0.1946
-------------------------------------
[Epoch : 23/40]
Src_cls_loss	: 0.1876
-------------------------------------
[Epoch : 24/40]
Src_cls_loss	: 0.1820
-------------------------------------
[Epoch : 25/40]
Src_cls_loss	: 0.1765
-------------------------------------
[Epoch : 26/40]
Src_cls_loss	: 0.1709
-------------------------------------
[Epoch : 27/40]
Src_cls_loss	: 0.1656
-------------------------------------
[Epoch : 28/40]
Src_cls_loss	: 0.1605
-------------------------------------
[Epoch : 29/40]
Src_cls_loss	: 0.1560
-------------------------------------
[Epoch : 30/40]
Src_cls_loss	: 0.1525
-------------------------------------
[Epoch : 31/40]
Src_cls_loss	: 0.1483
-------------------------------------
[Epoch : 32/40]
Src_cls_loss	: 0.1443
-------------------------------------
[Epoch : 33/40]
Src_cls_loss	: 0.1407
-------------------------------------
[Epoch : 34/40]
Src_cls_loss	: 0.1374
-------------------------------------
[Epoch : 35/40]
Src_cls_loss	: 0.1339
-------------------------------------
[Epoch : 36/40]
Src_cls_loss	: 0.1304
-------------------------------------
[Epoch : 37/40]
Src_cls_loss	: 0.1276
-------------------------------------
[Epoch : 38/40]
Src_cls_loss	: 0.1249
-------------------------------------
[Epoch : 39/40]
Src_cls_loss	: 0.1219
-------------------------------------
[Epoch : 40/40]
Src_cls_loss	: 0.1191
-------------------------------------
