=============================================
Dataset: realworld_mobiact
Method:  Deep_Coral
=============================================
Source: df ---> Target: dp_51
Run ID: 0
=============================================
[Epoch : 1/40]
Total_loss	: 3.3726
Src_cls_loss	: 0.5060
coral_loss	: 0.0002
-------------------------------------
[Epoch : 2/40]
Total_loss	: 2.9224
Src_cls_loss	: 0.4384
coral_loss	: 0.0002
-------------------------------------
[Epoch : 3/40]
Total_loss	: 2.6539
Src_cls_loss	: 0.3981
coral_loss	: 0.0002
-------------------------------------
[Epoch : 4/40]
Total_loss	: 2.4841
Src_cls_loss	: 0.3726
coral_loss	: 0.0002
-------------------------------------
[Epoch : 5/40]
Total_loss	: 2.3526
Src_cls_loss	: 0.3529
coral_loss	: 0.0002
-------------------------------------
[Epoch : 6/40]
Total_loss	: 2.2484
Src_cls_loss	: 0.3373
coral_loss	: 0.0002
-------------------------------------
[Epoch : 7/40]
Total_loss	: 2.1558
Src_cls_loss	: 0.3234
coral_loss	: 0.0002
-------------------------------------
[Epoch : 8/40]
Total_loss	: 2.0773
Src_cls_loss	: 0.3116
coral_loss	: 0.0002
-------------------------------------
[Epoch : 9/40]
Total_loss	: 2.0048
Src_cls_loss	: 0.3007
coral_loss	: 0.0002
-------------------------------------
[Epoch : 10/40]
Total_loss	: 1.9405
Src_cls_loss	: 0.2911
coral_loss	: 0.0002
-------------------------------------
[Epoch : 11/40]
Total_loss	: 1.8803
Src_cls_loss	: 0.2820
coral_loss	: 0.0002
-------------------------------------
[Epoch : 12/40]
Total_loss	: 1.8300
Src_cls_loss	: 0.2745
coral_loss	: 0.0002
-------------------------------------
[Epoch : 13/40]
Total_loss	: 1.7901
Src_cls_loss	: 0.2685
coral_loss	: 0.0002
-------------------------------------
[Epoch : 14/40]
Total_loss	: 1.7505
Src_cls_loss	: 0.2625
coral_loss	: 0.0002
-------------------------------------
[Epoch : 15/40]
Total_loss	: 1.7118
Src_cls_loss	: 0.2567
coral_loss	: 0.0002
-------------------------------------
[Epoch : 16/40]
Total_loss	: 1.6784
Src_cls_loss	: 0.2517
coral_loss	: 0.0002
-------------------------------------
[Epoch : 17/40]
Total_loss	: 1.6498
Src_cls_loss	: 0.2474
coral_loss	: 0.0002
-------------------------------------
[Epoch : 18/40]
Total_loss	: 1.6227
Src_cls_loss	: 0.2433
coral_loss	: 0.0002
-------------------------------------
[Epoch : 19/40]
Total_loss	: 1.5942
Src_cls_loss	: 0.2391
coral_loss	: 0.0002
-------------------------------------
[Epoch : 20/40]
Total_loss	: 1.5705
Src_cls_loss	: 0.2355
coral_loss	: 0.0002
-------------------------------------
[Epoch : 21/40]
Total_loss	: 1.5483
Src_cls_loss	: 0.2322
coral_loss	: 0.0002
-------------------------------------
[Epoch : 22/40]
Total_loss	: 1.5265
Src_cls_loss	: 0.2289
coral_loss	: 0.0002
-------------------------------------
[Epoch : 23/40]
Total_loss	: 1.5055
Src_cls_loss	: 0.2258
coral_loss	: 0.0002
-------------------------------------
[Epoch : 24/40]
Total_loss	: 1.4854
Src_cls_loss	: 0.2228
coral_loss	: 0.0002
-------------------------------------
[Epoch : 25/40]
Total_loss	: 1.4650
Src_cls_loss	: 0.2197
coral_loss	: 0.0002
-------------------------------------
[Epoch : 26/40]
Total_loss	: 1.4457
Src_cls_loss	: 0.2168
coral_loss	: 0.0002
-------------------------------------
[Epoch : 27/40]
Total_loss	: 1.4287
Src_cls_loss	: 0.2142
coral_loss	: 0.0002
-------------------------------------
[Epoch : 28/40]
Total_loss	: 1.4099
Src_cls_loss	: 0.2114
coral_loss	: 0.0002
-------------------------------------
[Epoch : 29/40]
Total_loss	: 1.3930
Src_cls_loss	: 0.2089
coral_loss	: 0.0002
-------------------------------------
[Epoch : 30/40]
Total_loss	: 1.3778
Src_cls_loss	: 0.2066
coral_loss	: 0.0002
-------------------------------------
[Epoch : 31/40]
Total_loss	: 1.3632
Src_cls_loss	: 0.2044
coral_loss	: 0.0002
-------------------------------------
[Epoch : 32/40]
Total_loss	: 1.3494
Src_cls_loss	: 0.2023
coral_loss	: 0.0002
-------------------------------------
[Epoch : 33/40]
Total_loss	: 1.3336
Src_cls_loss	: 0.2000
coral_loss	: 0.0002
-------------------------------------
[Epoch : 34/40]
Total_loss	: 1.3199
Src_cls_loss	: 0.1979
coral_loss	: 0.0002
-------------------------------------
[Epoch : 35/40]
Total_loss	: 1.3063
Src_cls_loss	: 0.1959
coral_loss	: 0.0002
-------------------------------------
[Epoch : 36/40]
Total_loss	: 1.2946
Src_cls_loss	: 0.1941
coral_loss	: 0.0002
-------------------------------------
[Epoch : 37/40]
Total_loss	: 1.2819
Src_cls_loss	: 0.1922
coral_loss	: 0.0002
-------------------------------------
[Epoch : 38/40]
Total_loss	: 1.2704
Src_cls_loss	: 0.1905
coral_loss	: 0.0002
-------------------------------------
[Epoch : 39/40]
Total_loss	: 1.2593
Src_cls_loss	: 0.1888
coral_loss	: 0.0002
-------------------------------------
[Epoch : 40/40]
Total_loss	: 1.2487
Src_cls_loss	: 0.1872
coral_loss	: 0.0002
-------------------------------------
