=============================================
Dataset: pamap_mobiact
Method:  NO_ADAPT
=============================================
Source: syn_48 ---> Target: dp_48
Run ID: 7
=============================================
[Epoch : 1/40]
Src_cls_loss	: 0.6646
-------------------------------------
[Epoch : 2/40]
Src_cls_loss	: 0.5026
-------------------------------------
[Epoch : 3/40]
Src_cls_loss	: 0.4095
-------------------------------------
[Epoch : 4/40]
Src_cls_loss	: 0.3441
-------------------------------------
[Epoch : 5/40]
Src_cls_loss	: 0.2979
-------------------------------------
[Epoch : 6/40]
Src_cls_loss	: 0.2650
-------------------------------------
[Epoch : 7/40]
Src_cls_loss	: 0.2416
-------------------------------------
[Epoch : 8/40]
Src_cls_loss	: 0.2195
-------------------------------------
[Epoch : 9/40]
Src_cls_loss	: 0.2009
-------------------------------------
[Epoch : 10/40]
Src_cls_loss	: 0.1872
-------------------------------------
[Epoch : 11/40]
Src_cls_loss	: 0.1744
-------------------------------------
[Epoch : 12/40]
Src_cls_loss	: 0.1632
-------------------------------------
[Epoch : 13/40]
Src_cls_loss	: 0.1536
-------------------------------------
[Epoch : 14/40]
Src_cls_loss	: 0.1456
-------------------------------------
[Epoch : 15/40]
Src_cls_loss	: 0.1388
-------------------------------------
[Epoch : 16/40]
Src_cls_loss	: 0.1320
-------------------------------------
[Epoch : 17/40]
Src_cls_loss	: 0.1266
-------------------------------------
[Epoch : 18/40]
Src_cls_loss	: 0.1211
-------------------------------------
[Epoch : 19/40]
Src_cls_loss	: 0.1157
-------------------------------------
[Epoch : 20/40]
Src_cls_loss	: 0.1106
-------------------------------------
[Epoch : 21/40]
Src_cls_loss	: 0.1061
-------------------------------------
[Epoch : 22/40]
Src_cls_loss	: 0.1023
-------------------------------------
[Epoch : 23/40]
Src_cls_loss	: 0.0984
-------------------------------------
[Epoch : 24/40]
Src_cls_loss	: 0.0947
-------------------------------------
[Epoch : 25/40]
Src_cls_loss	: 0.0914
-------------------------------------
[Epoch : 26/40]
Src_cls_loss	: 0.0882
-------------------------------------
[Epoch : 27/40]
Src_cls_loss	: 0.0853
-------------------------------------
[Epoch : 28/40]
Src_cls_loss	: 0.0828
-------------------------------------
[Epoch : 29/40]
Src_cls_loss	: 0.0803
-------------------------------------
[Epoch : 30/40]
Src_cls_loss	: 0.0780
-------------------------------------
[Epoch : 31/40]
Src_cls_loss	: 0.0757
-------------------------------------
[Epoch : 32/40]
Src_cls_loss	: 0.0735
-------------------------------------
[Epoch : 33/40]
Src_cls_loss	: 0.0715
-------------------------------------
[Epoch : 34/40]
Src_cls_loss	: 0.0696
-------------------------------------
[Epoch : 35/40]
Src_cls_loss	: 0.0677
-------------------------------------
[Epoch : 36/40]
Src_cls_loss	: 0.0660
-------------------------------------
[Epoch : 37/40]
Src_cls_loss	: 0.0643
-------------------------------------
[Epoch : 38/40]
Src_cls_loss	: 0.0627
-------------------------------------
[Epoch : 39/40]
Src_cls_loss	: 0.0612
-------------------------------------
[Epoch : 40/40]
Src_cls_loss	: 0.0597
-------------------------------------
