=============================================
Dataset: realworld_mobiact
Method:  NO_ADAPT
=============================================
Source: syn_24 ---> Target: dp_24
Run ID: 2
=============================================
[Epoch : 1/40]
Src_cls_loss	: 0.8474
-------------------------------------
[Epoch : 2/40]
Src_cls_loss	: 0.7072
-------------------------------------
[Epoch : 3/40]
Src_cls_loss	: 0.5872
-------------------------------------
[Epoch : 4/40]
Src_cls_loss	: 0.4971
-------------------------------------
[Epoch : 5/40]
Src_cls_loss	: 0.4284
-------------------------------------
[Epoch : 6/40]
Src_cls_loss	: 0.3751
-------------------------------------
[Epoch : 7/40]
Src_cls_loss	: 0.3327
-------------------------------------
[Epoch : 8/40]
Src_cls_loss	: 0.3002
-------------------------------------
[Epoch : 9/40]
Src_cls_loss	: 0.2717
-------------------------------------
[Epoch : 10/40]
Src_cls_loss	: 0.2485
-------------------------------------
[Epoch : 11/40]
Src_cls_loss	: 0.2299
-------------------------------------
[Epoch : 12/40]
Src_cls_loss	: 0.2140
-------------------------------------
[Epoch : 13/40]
Src_cls_loss	: 0.1999
-------------------------------------
[Epoch : 14/40]
Src_cls_loss	: 0.1878
-------------------------------------
[Epoch : 15/40]
Src_cls_loss	: 0.1769
-------------------------------------
[Epoch : 16/40]
Src_cls_loss	: 0.1672
-------------------------------------
[Epoch : 17/40]
Src_cls_loss	: 0.1586
-------------------------------------
[Epoch : 18/40]
Src_cls_loss	: 0.1506
-------------------------------------
[Epoch : 19/40]
Src_cls_loss	: 0.1434
-------------------------------------
[Epoch : 20/40]
Src_cls_loss	: 0.1369
-------------------------------------
[Epoch : 21/40]
Src_cls_loss	: 0.1312
-------------------------------------
[Epoch : 22/40]
Src_cls_loss	: 0.1262
-------------------------------------
[Epoch : 23/40]
Src_cls_loss	: 0.1222
-------------------------------------
[Epoch : 24/40]
Src_cls_loss	: 0.1177
-------------------------------------
[Epoch : 25/40]
Src_cls_loss	: 0.1136
-------------------------------------
[Epoch : 26/40]
Src_cls_loss	: 0.1097
-------------------------------------
[Epoch : 27/40]
Src_cls_loss	: 0.1059
-------------------------------------
[Epoch : 28/40]
Src_cls_loss	: 0.1025
-------------------------------------
[Epoch : 29/40]
Src_cls_loss	: 0.0995
-------------------------------------
[Epoch : 30/40]
Src_cls_loss	: 0.0964
-------------------------------------
[Epoch : 31/40]
Src_cls_loss	: 0.0935
-------------------------------------
[Epoch : 32/40]
Src_cls_loss	: 0.0908
-------------------------------------
[Epoch : 33/40]
Src_cls_loss	: 0.0882
-------------------------------------
[Epoch : 34/40]
Src_cls_loss	: 0.0857
-------------------------------------
[Epoch : 35/40]
Src_cls_loss	: 0.0836
-------------------------------------
[Epoch : 36/40]
Src_cls_loss	: 0.0814
-------------------------------------
[Epoch : 37/40]
Src_cls_loss	: 0.0794
-------------------------------------
[Epoch : 38/40]
Src_cls_loss	: 0.0775
-------------------------------------
[Epoch : 39/40]
Src_cls_loss	: 0.0757
-------------------------------------
[Epoch : 40/40]
Src_cls_loss	: 0.0739
-------------------------------------
