=============================================
Dataset: realworld_mobiact
Method:  NO_ADAPT
=============================================
Source: syn_19 ---> Target: dp_19
Run ID: 7
=============================================
[Epoch : 1/40]
Src_cls_loss	: 0.8312
-------------------------------------
[Epoch : 2/40]
Src_cls_loss	: 0.6519
-------------------------------------
[Epoch : 3/40]
Src_cls_loss	: 0.5171
-------------------------------------
[Epoch : 4/40]
Src_cls_loss	: 0.4207
-------------------------------------
[Epoch : 5/40]
Src_cls_loss	: 0.3534
-------------------------------------
[Epoch : 6/40]
Src_cls_loss	: 0.3047
-------------------------------------
[Epoch : 7/40]
Src_cls_loss	: 0.2693
-------------------------------------
[Epoch : 8/40]
Src_cls_loss	: 0.2436
-------------------------------------
[Epoch : 9/40]
Src_cls_loss	: 0.2196
-------------------------------------
[Epoch : 10/40]
Src_cls_loss	: 0.1999
-------------------------------------
[Epoch : 11/40]
Src_cls_loss	: 0.1829
-------------------------------------
[Epoch : 12/40]
Src_cls_loss	: 0.1691
-------------------------------------
[Epoch : 13/40]
Src_cls_loss	: 0.1575
-------------------------------------
[Epoch : 14/40]
Src_cls_loss	: 0.1473
-------------------------------------
[Epoch : 15/40]
Src_cls_loss	: 0.1384
-------------------------------------
[Epoch : 16/40]
Src_cls_loss	: 0.1305
-------------------------------------
[Epoch : 17/40]
Src_cls_loss	: 0.1234
-------------------------------------
[Epoch : 18/40]
Src_cls_loss	: 0.1170
-------------------------------------
[Epoch : 19/40]
Src_cls_loss	: 0.1112
-------------------------------------
[Epoch : 20/40]
Src_cls_loss	: 0.1063
-------------------------------------
[Epoch : 21/40]
Src_cls_loss	: 0.1017
-------------------------------------
[Epoch : 22/40]
Src_cls_loss	: 0.0975
-------------------------------------
[Epoch : 23/40]
Src_cls_loss	: 0.0940
-------------------------------------
[Epoch : 24/40]
Src_cls_loss	: 0.0904
-------------------------------------
[Epoch : 25/40]
Src_cls_loss	: 0.0870
-------------------------------------
[Epoch : 26/40]
Src_cls_loss	: 0.0838
-------------------------------------
[Epoch : 27/40]
Src_cls_loss	: 0.0809
-------------------------------------
[Epoch : 28/40]
Src_cls_loss	: 0.0782
-------------------------------------
[Epoch : 29/40]
Src_cls_loss	: 0.0755
-------------------------------------
[Epoch : 30/40]
Src_cls_loss	: 0.0733
-------------------------------------
[Epoch : 31/40]
Src_cls_loss	: 0.0711
-------------------------------------
[Epoch : 32/40]
Src_cls_loss	: 0.0690
-------------------------------------
[Epoch : 33/40]
Src_cls_loss	: 0.0670
-------------------------------------
[Epoch : 34/40]
Src_cls_loss	: 0.0651
-------------------------------------
[Epoch : 35/40]
Src_cls_loss	: 0.0634
-------------------------------------
[Epoch : 36/40]
Src_cls_loss	: 0.0617
-------------------------------------
[Epoch : 37/40]
Src_cls_loss	: 0.0606
-------------------------------------
[Epoch : 38/40]
Src_cls_loss	: 0.0593
-------------------------------------
[Epoch : 39/40]
Src_cls_loss	: 0.0580
-------------------------------------
[Epoch : 40/40]
Src_cls_loss	: 0.0567
-------------------------------------
