=============================================
Dataset: pamap_mobiact
Method:  NO_ADAPT
=============================================
Source: syn_15 ---> Target: dp_15
Run ID: 3
=============================================
[Epoch : 1/40]
Src_cls_loss	: 0.6636
-------------------------------------
[Epoch : 2/40]
Src_cls_loss	: 0.5016
-------------------------------------
[Epoch : 3/40]
Src_cls_loss	: 0.4215
-------------------------------------
[Epoch : 4/40]
Src_cls_loss	: 0.3637
-------------------------------------
[Epoch : 5/40]
Src_cls_loss	: 0.3221
-------------------------------------
[Epoch : 6/40]
Src_cls_loss	: 0.2876
-------------------------------------
[Epoch : 7/40]
Src_cls_loss	: 0.2641
-------------------------------------
[Epoch : 8/40]
Src_cls_loss	: 0.2426
-------------------------------------
[Epoch : 9/40]
Src_cls_loss	: 0.2240
-------------------------------------
[Epoch : 10/40]
Src_cls_loss	: 0.2089
-------------------------------------
[Epoch : 11/40]
Src_cls_loss	: 0.1953
-------------------------------------
[Epoch : 12/40]
Src_cls_loss	: 0.1829
-------------------------------------
[Epoch : 13/40]
Src_cls_loss	: 0.1755
-------------------------------------
[Epoch : 14/40]
Src_cls_loss	: 0.1692
-------------------------------------
[Epoch : 15/40]
Src_cls_loss	: 0.1610
-------------------------------------
[Epoch : 16/40]
Src_cls_loss	: 0.1538
-------------------------------------
[Epoch : 17/40]
Src_cls_loss	: 0.1477
-------------------------------------
[Epoch : 18/40]
Src_cls_loss	: 0.1414
-------------------------------------
[Epoch : 19/40]
Src_cls_loss	: 0.1349
-------------------------------------
[Epoch : 20/40]
Src_cls_loss	: 0.1292
-------------------------------------
[Epoch : 21/40]
Src_cls_loss	: 0.1241
-------------------------------------
[Epoch : 22/40]
Src_cls_loss	: 0.1193
-------------------------------------
[Epoch : 23/40]
Src_cls_loss	: 0.1157
-------------------------------------
[Epoch : 24/40]
Src_cls_loss	: 0.1120
-------------------------------------
[Epoch : 25/40]
Src_cls_loss	: 0.1088
-------------------------------------
[Epoch : 26/40]
Src_cls_loss	: 0.1053
-------------------------------------
[Epoch : 27/40]
Src_cls_loss	: 0.1022
-------------------------------------
[Epoch : 28/40]
Src_cls_loss	: 0.0996
-------------------------------------
[Epoch : 29/40]
Src_cls_loss	: 0.0976
-------------------------------------
[Epoch : 30/40]
Src_cls_loss	: 0.0953
-------------------------------------
[Epoch : 31/40]
Src_cls_loss	: 0.0929
-------------------------------------
[Epoch : 32/40]
Src_cls_loss	: 0.0908
-------------------------------------
[Epoch : 33/40]
Src_cls_loss	: 0.0886
-------------------------------------
[Epoch : 34/40]
Src_cls_loss	: 0.0864
-------------------------------------
[Epoch : 35/40]
Src_cls_loss	: 0.0841
-------------------------------------
[Epoch : 36/40]
Src_cls_loss	: 0.0820
-------------------------------------
[Epoch : 37/40]
Src_cls_loss	: 0.0800
-------------------------------------
[Epoch : 38/40]
Src_cls_loss	: 0.0781
-------------------------------------
[Epoch : 39/40]
Src_cls_loss	: 0.0764
-------------------------------------
[Epoch : 40/40]
Src_cls_loss	: 0.0748
-------------------------------------
