=============================================
Dataset: realworld_mobiact
Method:  NO_ADAPT
=============================================
Source: syn_29 ---> Target: dp_29
Run ID: 5
=============================================
[Epoch : 1/40]
Src_cls_loss	: 0.7874
-------------------------------------
[Epoch : 2/40]
Src_cls_loss	: 0.5955
-------------------------------------
[Epoch : 3/40]
Src_cls_loss	: 0.4669
-------------------------------------
[Epoch : 4/40]
Src_cls_loss	: 0.3835
-------------------------------------
[Epoch : 5/40]
Src_cls_loss	: 0.3238
-------------------------------------
[Epoch : 6/40]
Src_cls_loss	: 0.2797
-------------------------------------
[Epoch : 7/40]
Src_cls_loss	: 0.2470
-------------------------------------
[Epoch : 8/40]
Src_cls_loss	: 0.2217
-------------------------------------
[Epoch : 9/40]
Src_cls_loss	: 0.2010
-------------------------------------
[Epoch : 10/40]
Src_cls_loss	: 0.1836
-------------------------------------
[Epoch : 11/40]
Src_cls_loss	: 0.1721
-------------------------------------
[Epoch : 12/40]
Src_cls_loss	: 0.1603
-------------------------------------
[Epoch : 13/40]
Src_cls_loss	: 0.1503
-------------------------------------
[Epoch : 14/40]
Src_cls_loss	: 0.1407
-------------------------------------
[Epoch : 15/40]
Src_cls_loss	: 0.1326
-------------------------------------
[Epoch : 16/40]
Src_cls_loss	: 0.1256
-------------------------------------
[Epoch : 17/40]
Src_cls_loss	: 0.1189
-------------------------------------
[Epoch : 18/40]
Src_cls_loss	: 0.1129
-------------------------------------
[Epoch : 19/40]
Src_cls_loss	: 0.1074
-------------------------------------
[Epoch : 20/40]
Src_cls_loss	: 0.1024
-------------------------------------
[Epoch : 21/40]
Src_cls_loss	: 0.0978
-------------------------------------
[Epoch : 22/40]
Src_cls_loss	: 0.0936
-------------------------------------
[Epoch : 23/40]
Src_cls_loss	: 0.0898
-------------------------------------
[Epoch : 24/40]
Src_cls_loss	: 0.0864
-------------------------------------
[Epoch : 25/40]
Src_cls_loss	: 0.0832
-------------------------------------
[Epoch : 26/40]
Src_cls_loss	: 0.0802
-------------------------------------
[Epoch : 27/40]
Src_cls_loss	: 0.0778
-------------------------------------
[Epoch : 28/40]
Src_cls_loss	: 0.0755
-------------------------------------
[Epoch : 29/40]
Src_cls_loss	: 0.0733
-------------------------------------
[Epoch : 30/40]
Src_cls_loss	: 0.0711
-------------------------------------
[Epoch : 31/40]
Src_cls_loss	: 0.0691
-------------------------------------
[Epoch : 32/40]
Src_cls_loss	: 0.0672
-------------------------------------
[Epoch : 33/40]
Src_cls_loss	: 0.0653
-------------------------------------
[Epoch : 34/40]
Src_cls_loss	: 0.0635
-------------------------------------
[Epoch : 35/40]
Src_cls_loss	: 0.0618
-------------------------------------
[Epoch : 36/40]
Src_cls_loss	: 0.0607
-------------------------------------
[Epoch : 37/40]
Src_cls_loss	: 0.0593
-------------------------------------
[Epoch : 38/40]
Src_cls_loss	: 0.0580
-------------------------------------
[Epoch : 39/40]
Src_cls_loss	: 0.0569
-------------------------------------
[Epoch : 40/40]
Src_cls_loss	: 0.0556
-------------------------------------
