=============================================
Dataset: mobiact_realworld
Method:  NO_ADAPT
=============================================
Source: syn_73 ---> Target: dp_73
Run ID: 5
=============================================
[Epoch : 1/40]
Src_cls_loss	: 0.6026
-------------------------------------
[Epoch : 2/40]
Src_cls_loss	: 0.4217
-------------------------------------
[Epoch : 3/40]
Src_cls_loss	: 0.3361
-------------------------------------
[Epoch : 4/40]
Src_cls_loss	: 0.2833
-------------------------------------
[Epoch : 5/40]
Src_cls_loss	: 0.2452
-------------------------------------
[Epoch : 6/40]
Src_cls_loss	: 0.2195
-------------------------------------
[Epoch : 7/40]
Src_cls_loss	: 0.1979
-------------------------------------
[Epoch : 8/40]
Src_cls_loss	: 0.1806
-------------------------------------
[Epoch : 9/40]
Src_cls_loss	: 0.1667
-------------------------------------
[Epoch : 10/40]
Src_cls_loss	: 0.1562
-------------------------------------
[Epoch : 11/40]
Src_cls_loss	: 0.1459
-------------------------------------
[Epoch : 12/40]
Src_cls_loss	: 0.1373
-------------------------------------
[Epoch : 13/40]
Src_cls_loss	: 0.1298
-------------------------------------
[Epoch : 14/40]
Src_cls_loss	: 0.1236
-------------------------------------
[Epoch : 15/40]
Src_cls_loss	: 0.1171
-------------------------------------
[Epoch : 16/40]
Src_cls_loss	: 0.1125
-------------------------------------
[Epoch : 17/40]
Src_cls_loss	: 0.1083
-------------------------------------
[Epoch : 18/40]
Src_cls_loss	: 0.1045
-------------------------------------
[Epoch : 19/40]
Src_cls_loss	: 0.1002
-------------------------------------
[Epoch : 20/40]
Src_cls_loss	: 0.0968
-------------------------------------
[Epoch : 21/40]
Src_cls_loss	: 0.0933
-------------------------------------
[Epoch : 22/40]
Src_cls_loss	: 0.0902
-------------------------------------
[Epoch : 23/40]
Src_cls_loss	: 0.0873
-------------------------------------
[Epoch : 24/40]
Src_cls_loss	: 0.0848
-------------------------------------
[Epoch : 25/40]
Src_cls_loss	: 0.0822
-------------------------------------
[Epoch : 26/40]
Src_cls_loss	: 0.0799
-------------------------------------
[Epoch : 27/40]
Src_cls_loss	: 0.0783
-------------------------------------
[Epoch : 28/40]
Src_cls_loss	: 0.0765
-------------------------------------
[Epoch : 29/40]
Src_cls_loss	: 0.0749
-------------------------------------
[Epoch : 30/40]
Src_cls_loss	: 0.0731
-------------------------------------
[Epoch : 31/40]
Src_cls_loss	: 0.0715
-------------------------------------
[Epoch : 32/40]
Src_cls_loss	: 0.0701
-------------------------------------
[Epoch : 33/40]
Src_cls_loss	: 0.0687
-------------------------------------
[Epoch : 34/40]
Src_cls_loss	: 0.0676
-------------------------------------
[Epoch : 35/40]
Src_cls_loss	: 0.0663
-------------------------------------
[Epoch : 36/40]
Src_cls_loss	: 0.0648
-------------------------------------
[Epoch : 37/40]
Src_cls_loss	: 0.0637
-------------------------------------
[Epoch : 38/40]
Src_cls_loss	: 0.0625
-------------------------------------
[Epoch : 39/40]
Src_cls_loss	: 0.0614
-------------------------------------
[Epoch : 40/40]
Src_cls_loss	: 0.0603
-------------------------------------
