=============================================
Dataset: pamap_mobiact
Method:  DANN
=============================================
Source: df ---> Target: dp_wal_24
Run ID: 0
=============================================
[Epoch : 1/40]
Total_loss	: 6.1679
Domain_loss	: 0.9482
Src_cls_loss	: 0.7014
-------------------------------------
[Epoch : 2/40]
Total_loss	: 5.9024
Domain_loss	: 0.9740
Src_cls_loss	: 0.6383
-------------------------------------
[Epoch : 3/40]
Total_loss	: 5.8621
Domain_loss	: 1.0581
Src_cls_loss	: 0.5890
-------------------------------------
[Epoch : 4/40]
Total_loss	: 5.7221
Domain_loss	: 1.0774
Src_cls_loss	: 0.5529
-------------------------------------
[Epoch : 5/40]
Total_loss	: 5.5996
Domain_loss	: 1.0922
Src_cls_loss	: 0.5224
-------------------------------------
[Epoch : 6/40]
Total_loss	: 5.4957
Domain_loss	: 1.1059
Src_cls_loss	: 0.4959
-------------------------------------
[Epoch : 7/40]
Total_loss	: 5.4224
Domain_loss	: 1.1182
Src_cls_loss	: 0.4760
-------------------------------------
[Epoch : 8/40]
Total_loss	: 5.3359
Domain_loss	: 1.1303
Src_cls_loss	: 0.4535
-------------------------------------
[Epoch : 9/40]
Total_loss	: 5.2541
Domain_loss	: 1.1386
Src_cls_loss	: 0.4339
-------------------------------------
[Epoch : 10/40]
Total_loss	: 5.1612
Domain_loss	: 1.1420
Src_cls_loss	: 0.4146
-------------------------------------
[Epoch : 11/40]
Total_loss	: 5.1406
Domain_loss	: 1.1537
Src_cls_loss	: 0.4049
-------------------------------------
[Epoch : 12/40]
Total_loss	: 5.0659
Domain_loss	: 1.1568
Src_cls_loss	: 0.3892
-------------------------------------
[Epoch : 13/40]
Total_loss	: 5.0169
Domain_loss	: 1.1659
Src_cls_loss	: 0.3754
-------------------------------------
[Epoch : 14/40]
Total_loss	: 4.9718
Domain_loss	: 1.1732
Src_cls_loss	: 0.3633
-------------------------------------
[Epoch : 15/40]
Total_loss	: 4.9357
Domain_loss	: 1.1824
Src_cls_loss	: 0.3519
-------------------------------------
[Epoch : 16/40]
Total_loss	: 4.9251
Domain_loss	: 1.1877
Src_cls_loss	: 0.3473
-------------------------------------
[Epoch : 17/40]
Total_loss	: 4.9032
Domain_loss	: 1.1945
Src_cls_loss	: 0.3398
-------------------------------------
[Epoch : 18/40]
Total_loss	: 4.8829
Domain_loss	: 1.2003
Src_cls_loss	: 0.3330
-------------------------------------
[Epoch : 19/40]
Total_loss	: 4.8672
Domain_loss	: 1.2078
Src_cls_loss	: 0.3264
-------------------------------------
[Epoch : 20/40]
Total_loss	: 4.8368
Domain_loss	: 1.2132
Src_cls_loss	: 0.3179
-------------------------------------
[Epoch : 21/40]
Total_loss	: 4.8154
Domain_loss	: 1.2173
Src_cls_loss	: 0.3119
-------------------------------------
[Epoch : 22/40]
Total_loss	: 4.7936
Domain_loss	: 1.2211
Src_cls_loss	: 0.3058
-------------------------------------
[Epoch : 23/40]
Total_loss	: 4.7675
Domain_loss	: 1.2250
Src_cls_loss	: 0.2990
-------------------------------------
[Epoch : 24/40]
Total_loss	: 4.7466
Domain_loss	: 1.2271
Src_cls_loss	: 0.2939
-------------------------------------
[Epoch : 25/40]
Total_loss	: 4.7224
Domain_loss	: 1.2277
Src_cls_loss	: 0.2891
-------------------------------------
[Epoch : 26/40]
Total_loss	: 4.6975
Domain_loss	: 1.2301
Src_cls_loss	: 0.2831
-------------------------------------
[Epoch : 27/40]
Total_loss	: 4.6853
Domain_loss	: 1.2328
Src_cls_loss	: 0.2795
-------------------------------------
[Epoch : 28/40]
Total_loss	: 4.6638
Domain_loss	: 1.2350
Src_cls_loss	: 0.2744
-------------------------------------
[Epoch : 29/40]
Total_loss	: 4.6535
Domain_loss	: 1.2386
Src_cls_loss	: 0.2706
-------------------------------------
[Epoch : 30/40]
Total_loss	: 4.6458
Domain_loss	: 1.2406
Src_cls_loss	: 0.2682
-------------------------------------
[Epoch : 31/40]
Total_loss	: 4.6363
Domain_loss	: 1.2435
Src_cls_loss	: 0.2649
-------------------------------------
[Epoch : 32/40]
Total_loss	: 4.6235
Domain_loss	: 1.2466
Src_cls_loss	: 0.2610
-------------------------------------
[Epoch : 33/40]
Total_loss	: 4.6132
Domain_loss	: 1.2491
Src_cls_loss	: 0.2578
-------------------------------------
[Epoch : 34/40]
Total_loss	: 4.5989
Domain_loss	: 1.2508
Src_cls_loss	: 0.2542
-------------------------------------
[Epoch : 35/40]
Total_loss	: 4.5937
Domain_loss	: 1.2537
Src_cls_loss	: 0.2518
-------------------------------------
[Epoch : 36/40]
Total_loss	: 4.5833
Domain_loss	: 1.2558
Src_cls_loss	: 0.2488
-------------------------------------
[Epoch : 37/40]
Total_loss	: 4.5748
Domain_loss	: 1.2589
Src_cls_loss	: 0.2456
-------------------------------------
[Epoch : 38/40]
Total_loss	: 4.5662
Domain_loss	: 1.2616
Src_cls_loss	: 0.2427
-------------------------------------
[Epoch : 39/40]
Total_loss	: 4.5568
Domain_loss	: 1.2633
Src_cls_loss	: 0.2401
-------------------------------------
[Epoch : 40/40]
Total_loss	: 4.5504
Domain_loss	: 1.2657
Src_cls_loss	: 0.2376
-------------------------------------
