=============================================
Dataset: mobiact_realworld
Method:  NO_ADAPT
=============================================
Source: syn_61 ---> Target: dp_61
Run ID: 0
=============================================
[Epoch : 1/40]
Src_cls_loss	: 0.5475
-------------------------------------
[Epoch : 2/40]
Src_cls_loss	: 0.3745
-------------------------------------
[Epoch : 3/40]
Src_cls_loss	: 0.2944
-------------------------------------
[Epoch : 4/40]
Src_cls_loss	: 0.2465
-------------------------------------
[Epoch : 5/40]
Src_cls_loss	: 0.2159
-------------------------------------
[Epoch : 6/40]
Src_cls_loss	: 0.1934
-------------------------------------
[Epoch : 7/40]
Src_cls_loss	: 0.1776
-------------------------------------
[Epoch : 8/40]
Src_cls_loss	: 0.1633
-------------------------------------
[Epoch : 9/40]
Src_cls_loss	: 0.1511
-------------------------------------
[Epoch : 10/40]
Src_cls_loss	: 0.1403
-------------------------------------
[Epoch : 11/40]
Src_cls_loss	: 0.1326
-------------------------------------
[Epoch : 12/40]
Src_cls_loss	: 0.1254
-------------------------------------
[Epoch : 13/40]
Src_cls_loss	: 0.1187
-------------------------------------
[Epoch : 14/40]
Src_cls_loss	: 0.1132
-------------------------------------
[Epoch : 15/40]
Src_cls_loss	: 0.1081
-------------------------------------
[Epoch : 16/40]
Src_cls_loss	: 0.1029
-------------------------------------
[Epoch : 17/40]
Src_cls_loss	: 0.0990
-------------------------------------
[Epoch : 18/40]
Src_cls_loss	: 0.0948
-------------------------------------
[Epoch : 19/40]
Src_cls_loss	: 0.0912
-------------------------------------
[Epoch : 20/40]
Src_cls_loss	: 0.0878
-------------------------------------
[Epoch : 21/40]
Src_cls_loss	: 0.0847
-------------------------------------
[Epoch : 22/40]
Src_cls_loss	: 0.0824
-------------------------------------
[Epoch : 23/40]
Src_cls_loss	: 0.0799
-------------------------------------
[Epoch : 24/40]
Src_cls_loss	: 0.0776
-------------------------------------
[Epoch : 25/40]
Src_cls_loss	: 0.0754
-------------------------------------
[Epoch : 26/40]
Src_cls_loss	: 0.0739
-------------------------------------
[Epoch : 27/40]
Src_cls_loss	: 0.0721
-------------------------------------
[Epoch : 28/40]
Src_cls_loss	: 0.0704
-------------------------------------
[Epoch : 29/40]
Src_cls_loss	: 0.0692
-------------------------------------
[Epoch : 30/40]
Src_cls_loss	: 0.0677
-------------------------------------
[Epoch : 31/40]
Src_cls_loss	: 0.0664
-------------------------------------
[Epoch : 32/40]
Src_cls_loss	: 0.0648
-------------------------------------
[Epoch : 33/40]
Src_cls_loss	: 0.0633
-------------------------------------
[Epoch : 34/40]
Src_cls_loss	: 0.0619
-------------------------------------
[Epoch : 35/40]
Src_cls_loss	: 0.0605
-------------------------------------
[Epoch : 36/40]
Src_cls_loss	: 0.0593
-------------------------------------
[Epoch : 37/40]
Src_cls_loss	: 0.0580
-------------------------------------
[Epoch : 38/40]
Src_cls_loss	: 0.0571
-------------------------------------
[Epoch : 39/40]
Src_cls_loss	: 0.0566
-------------------------------------
[Epoch : 40/40]
Src_cls_loss	: 0.0557
-------------------------------------
