=============================================
Dataset: pamap_mobiact
Method:  Deep_Coral
=============================================
Source: df ---> Target: dp_28
Run ID: 0
=============================================
[Epoch : 1/40]
Total_loss	: 4.4230
Src_cls_loss	: 0.6634
coral_loss	: 0.0004
-------------------------------------
[Epoch : 2/40]
Total_loss	: 3.8511
Src_cls_loss	: 0.5776
coral_loss	: 0.0004
-------------------------------------
[Epoch : 3/40]
Total_loss	: 3.4185
Src_cls_loss	: 0.5127
coral_loss	: 0.0004
-------------------------------------
[Epoch : 4/40]
Total_loss	: 3.1658
Src_cls_loss	: 0.4748
coral_loss	: 0.0004
-------------------------------------
[Epoch : 5/40]
Total_loss	: 2.8965
Src_cls_loss	: 0.4344
coral_loss	: 0.0003
-------------------------------------
[Epoch : 6/40]
Total_loss	: 2.7342
Src_cls_loss	: 0.4100
coral_loss	: 0.0003
-------------------------------------
[Epoch : 7/40]
Total_loss	: 2.5798
Src_cls_loss	: 0.3869
coral_loss	: 0.0003
-------------------------------------
[Epoch : 8/40]
Total_loss	: 2.4209
Src_cls_loss	: 0.3630
coral_loss	: 0.0003
-------------------------------------
[Epoch : 9/40]
Total_loss	: 2.2943
Src_cls_loss	: 0.3440
coral_loss	: 0.0003
-------------------------------------
[Epoch : 10/40]
Total_loss	: 2.1951
Src_cls_loss	: 0.3292
coral_loss	: 0.0003
-------------------------------------
[Epoch : 11/40]
Total_loss	: 2.1071
Src_cls_loss	: 0.3160
coral_loss	: 0.0003
-------------------------------------
[Epoch : 12/40]
Total_loss	: 2.0220
Src_cls_loss	: 0.3032
coral_loss	: 0.0003
-------------------------------------
[Epoch : 13/40]
Total_loss	: 1.9466
Src_cls_loss	: 0.2919
coral_loss	: 0.0003
-------------------------------------
[Epoch : 14/40]
Total_loss	: 1.8728
Src_cls_loss	: 0.2808
coral_loss	: 0.0003
-------------------------------------
[Epoch : 15/40]
Total_loss	: 1.8135
Src_cls_loss	: 0.2719
coral_loss	: 0.0003
-------------------------------------
[Epoch : 16/40]
Total_loss	: 1.7558
Src_cls_loss	: 0.2632
coral_loss	: 0.0003
-------------------------------------
[Epoch : 17/40]
Total_loss	: 1.7061
Src_cls_loss	: 0.2558
coral_loss	: 0.0003
-------------------------------------
[Epoch : 18/40]
Total_loss	: 1.6615
Src_cls_loss	: 0.2491
coral_loss	: 0.0003
-------------------------------------
[Epoch : 19/40]
Total_loss	: 1.6164
Src_cls_loss	: 0.2423
coral_loss	: 0.0003
-------------------------------------
[Epoch : 20/40]
Total_loss	: 1.5739
Src_cls_loss	: 0.2360
coral_loss	: 0.0003
-------------------------------------
[Epoch : 21/40]
Total_loss	: 1.5331
Src_cls_loss	: 0.2298
coral_loss	: 0.0003
-------------------------------------
[Epoch : 22/40]
Total_loss	: 1.4960
Src_cls_loss	: 0.2243
coral_loss	: 0.0003
-------------------------------------
[Epoch : 23/40]
Total_loss	: 1.4613
Src_cls_loss	: 0.2191
coral_loss	: 0.0003
-------------------------------------
[Epoch : 24/40]
Total_loss	: 1.4344
Src_cls_loss	: 0.2150
coral_loss	: 0.0003
-------------------------------------
[Epoch : 25/40]
Total_loss	: 1.4061
Src_cls_loss	: 0.2108
coral_loss	: 0.0003
-------------------------------------
[Epoch : 26/40]
Total_loss	: 1.3771
Src_cls_loss	: 0.2064
coral_loss	: 0.0003
-------------------------------------
[Epoch : 27/40]
Total_loss	: 1.3537
Src_cls_loss	: 0.2029
coral_loss	: 0.0003
-------------------------------------
[Epoch : 28/40]
Total_loss	: 1.3331
Src_cls_loss	: 0.1998
coral_loss	: 0.0003
-------------------------------------
[Epoch : 29/40]
Total_loss	: 1.3089
Src_cls_loss	: 0.1962
coral_loss	: 0.0003
-------------------------------------
[Epoch : 30/40]
Total_loss	: 1.2931
Src_cls_loss	: 0.1938
coral_loss	: 0.0003
-------------------------------------
[Epoch : 31/40]
Total_loss	: 1.2799
Src_cls_loss	: 0.1918
coral_loss	: 0.0003
-------------------------------------
[Epoch : 32/40]
Total_loss	: 1.2597
Src_cls_loss	: 0.1888
coral_loss	: 0.0003
-------------------------------------
[Epoch : 33/40]
Total_loss	: 1.2398
Src_cls_loss	: 0.1858
coral_loss	: 0.0003
-------------------------------------
[Epoch : 34/40]
Total_loss	: 1.2195
Src_cls_loss	: 0.1828
coral_loss	: 0.0003
-------------------------------------
[Epoch : 35/40]
Total_loss	: 1.2044
Src_cls_loss	: 0.1805
coral_loss	: 0.0003
-------------------------------------
[Epoch : 36/40]
Total_loss	: 1.1870
Src_cls_loss	: 0.1779
coral_loss	: 0.0003
-------------------------------------
[Epoch : 37/40]
Total_loss	: 1.1697
Src_cls_loss	: 0.1753
coral_loss	: 0.0003
-------------------------------------
[Epoch : 38/40]
Total_loss	: 1.1530
Src_cls_loss	: 0.1728
coral_loss	: 0.0003
-------------------------------------
[Epoch : 39/40]
Total_loss	: 1.1383
Src_cls_loss	: 0.1705
coral_loss	: 0.0003
-------------------------------------
[Epoch : 40/40]
Total_loss	: 1.1245
Src_cls_loss	: 0.1685
coral_loss	: 0.0003
-------------------------------------
