=============================================
Dataset: realworld_mobiact
Method:  NO_ADAPT
=============================================
Source: syn_44 ---> Target: dp_44
Run ID: 2
=============================================
[Epoch : 1/40]
Src_cls_loss	: 0.8690
-------------------------------------
[Epoch : 2/40]
Src_cls_loss	: 0.7102
-------------------------------------
[Epoch : 3/40]
Src_cls_loss	: 0.5815
-------------------------------------
[Epoch : 4/40]
Src_cls_loss	: 0.4871
-------------------------------------
[Epoch : 5/40]
Src_cls_loss	: 0.4145
-------------------------------------
[Epoch : 6/40]
Src_cls_loss	: 0.3658
-------------------------------------
[Epoch : 7/40]
Src_cls_loss	: 0.3270
-------------------------------------
[Epoch : 8/40]
Src_cls_loss	: 0.2958
-------------------------------------
[Epoch : 9/40]
Src_cls_loss	: 0.2687
-------------------------------------
[Epoch : 10/40]
Src_cls_loss	: 0.2461
-------------------------------------
[Epoch : 11/40]
Src_cls_loss	: 0.2275
-------------------------------------
[Epoch : 12/40]
Src_cls_loss	: 0.2115
-------------------------------------
[Epoch : 13/40]
Src_cls_loss	: 0.1974
-------------------------------------
[Epoch : 14/40]
Src_cls_loss	: 0.1853
-------------------------------------
[Epoch : 15/40]
Src_cls_loss	: 0.1744
-------------------------------------
[Epoch : 16/40]
Src_cls_loss	: 0.1648
-------------------------------------
[Epoch : 17/40]
Src_cls_loss	: 0.1566
-------------------------------------
[Epoch : 18/40]
Src_cls_loss	: 0.1487
-------------------------------------
[Epoch : 19/40]
Src_cls_loss	: 0.1420
-------------------------------------
[Epoch : 20/40]
Src_cls_loss	: 0.1359
-------------------------------------
[Epoch : 21/40]
Src_cls_loss	: 0.1310
-------------------------------------
[Epoch : 22/40]
Src_cls_loss	: 0.1271
-------------------------------------
[Epoch : 23/40]
Src_cls_loss	: 0.1237
-------------------------------------
[Epoch : 24/40]
Src_cls_loss	: 0.1197
-------------------------------------
[Epoch : 25/40]
Src_cls_loss	: 0.1156
-------------------------------------
[Epoch : 26/40]
Src_cls_loss	: 0.1115
-------------------------------------
[Epoch : 27/40]
Src_cls_loss	: 0.1078
-------------------------------------
[Epoch : 28/40]
Src_cls_loss	: 0.1042
-------------------------------------
[Epoch : 29/40]
Src_cls_loss	: 0.1010
-------------------------------------
[Epoch : 30/40]
Src_cls_loss	: 0.0981
-------------------------------------
[Epoch : 31/40]
Src_cls_loss	: 0.0953
-------------------------------------
[Epoch : 32/40]
Src_cls_loss	: 0.0925
-------------------------------------
[Epoch : 33/40]
Src_cls_loss	: 0.0899
-------------------------------------
[Epoch : 34/40]
Src_cls_loss	: 0.0876
-------------------------------------
[Epoch : 35/40]
Src_cls_loss	: 0.0853
-------------------------------------
[Epoch : 36/40]
Src_cls_loss	: 0.0831
-------------------------------------
[Epoch : 37/40]
Src_cls_loss	: 0.0811
-------------------------------------
[Epoch : 38/40]
Src_cls_loss	: 0.0791
-------------------------------------
[Epoch : 39/40]
Src_cls_loss	: 0.0772
-------------------------------------
[Epoch : 40/40]
Src_cls_loss	: 0.0754
-------------------------------------
