=============================================
Dataset: realworld_mobiact
Method:  SYN
=============================================
Source: syn_wal_48 ---> Target: dp_wal_48
Run ID: 0
=============================================
[Epoch : 1/40]
Src_cls_loss	: 0.7911
-------------------------------------
[Epoch : 2/40]
Src_cls_loss	: 0.6306
-------------------------------------
[Epoch : 3/40]
Src_cls_loss	: 0.5067
-------------------------------------
[Epoch : 4/40]
Src_cls_loss	: 0.4128
-------------------------------------
[Epoch : 5/40]
Src_cls_loss	: 0.3494
-------------------------------------
[Epoch : 6/40]
Src_cls_loss	: 0.3028
-------------------------------------
[Epoch : 7/40]
Src_cls_loss	: 0.2662
-------------------------------------
[Epoch : 8/40]
Src_cls_loss	: 0.2382
-------------------------------------
[Epoch : 9/40]
Src_cls_loss	: 0.2153
-------------------------------------
[Epoch : 10/40]
Src_cls_loss	: 0.1958
-------------------------------------
[Epoch : 11/40]
Src_cls_loss	: 0.1796
-------------------------------------
[Epoch : 12/40]
Src_cls_loss	: 0.1662
-------------------------------------
[Epoch : 13/40]
Src_cls_loss	: 0.1547
-------------------------------------
[Epoch : 14/40]
Src_cls_loss	: 0.1449
-------------------------------------
[Epoch : 15/40]
Src_cls_loss	: 0.1360
-------------------------------------
[Epoch : 16/40]
Src_cls_loss	: 0.1282
-------------------------------------
[Epoch : 17/40]
Src_cls_loss	: 0.1215
-------------------------------------
[Epoch : 18/40]
Src_cls_loss	: 0.1155
-------------------------------------
[Epoch : 19/40]
Src_cls_loss	: 0.1099
-------------------------------------
[Epoch : 20/40]
Src_cls_loss	: 0.1048
-------------------------------------
[Epoch : 21/40]
Src_cls_loss	: 0.1001
-------------------------------------
[Epoch : 22/40]
Src_cls_loss	: 0.0963
-------------------------------------
[Epoch : 23/40]
Src_cls_loss	: 0.0931
-------------------------------------
[Epoch : 24/40]
Src_cls_loss	: 0.0897
-------------------------------------
[Epoch : 25/40]
Src_cls_loss	: 0.0865
-------------------------------------
[Epoch : 26/40]
Src_cls_loss	: 0.0835
-------------------------------------
[Epoch : 27/40]
Src_cls_loss	: 0.0806
-------------------------------------
[Epoch : 28/40]
Src_cls_loss	: 0.0780
-------------------------------------
[Epoch : 29/40]
Src_cls_loss	: 0.0755
-------------------------------------
[Epoch : 30/40]
Src_cls_loss	: 0.0732
-------------------------------------
[Epoch : 31/40]
Src_cls_loss	: 0.0709
-------------------------------------
[Epoch : 32/40]
Src_cls_loss	: 0.0688
-------------------------------------
[Epoch : 33/40]
Src_cls_loss	: 0.0668
-------------------------------------
[Epoch : 34/40]
Src_cls_loss	: 0.0649
-------------------------------------
[Epoch : 35/40]
Src_cls_loss	: 0.0631
-------------------------------------
[Epoch : 36/40]
Src_cls_loss	: 0.0615
-------------------------------------
[Epoch : 37/40]
Src_cls_loss	: 0.0599
-------------------------------------
[Epoch : 38/40]
Src_cls_loss	: 0.0584
-------------------------------------
[Epoch : 39/40]
Src_cls_loss	: 0.0569
-------------------------------------
[Epoch : 40/40]
Src_cls_loss	: 0.0556
-------------------------------------
