=============================================
Dataset: realworld_mobiact
Method:  NO_ADAPT
=============================================
Source: syn_56 ---> Target: dp_56
Run ID: 4
=============================================
[Epoch : 1/40]
Src_cls_loss	: 0.8337
-------------------------------------
[Epoch : 2/40]
Src_cls_loss	: 0.6767
-------------------------------------
[Epoch : 3/40]
Src_cls_loss	: 0.5412
-------------------------------------
[Epoch : 4/40]
Src_cls_loss	: 0.4495
-------------------------------------
[Epoch : 5/40]
Src_cls_loss	: 0.3789
-------------------------------------
[Epoch : 6/40]
Src_cls_loss	: 0.3301
-------------------------------------
[Epoch : 7/40]
Src_cls_loss	: 0.2902
-------------------------------------
[Epoch : 8/40]
Src_cls_loss	: 0.2624
-------------------------------------
[Epoch : 9/40]
Src_cls_loss	: 0.2387
-------------------------------------
[Epoch : 10/40]
Src_cls_loss	: 0.2194
-------------------------------------
[Epoch : 11/40]
Src_cls_loss	: 0.2016
-------------------------------------
[Epoch : 12/40]
Src_cls_loss	: 0.1873
-------------------------------------
[Epoch : 13/40]
Src_cls_loss	: 0.1750
-------------------------------------
[Epoch : 14/40]
Src_cls_loss	: 0.1648
-------------------------------------
[Epoch : 15/40]
Src_cls_loss	: 0.1550
-------------------------------------
[Epoch : 16/40]
Src_cls_loss	: 0.1462
-------------------------------------
[Epoch : 17/40]
Src_cls_loss	: 0.1383
-------------------------------------
[Epoch : 18/40]
Src_cls_loss	: 0.1315
-------------------------------------
[Epoch : 19/40]
Src_cls_loss	: 0.1250
-------------------------------------
[Epoch : 20/40]
Src_cls_loss	: 0.1192
-------------------------------------
[Epoch : 21/40]
Src_cls_loss	: 0.1139
-------------------------------------
[Epoch : 22/40]
Src_cls_loss	: 0.1090
-------------------------------------
[Epoch : 23/40]
Src_cls_loss	: 0.1047
-------------------------------------
[Epoch : 24/40]
Src_cls_loss	: 0.1007
-------------------------------------
[Epoch : 25/40]
Src_cls_loss	: 0.0969
-------------------------------------
[Epoch : 26/40]
Src_cls_loss	: 0.0942
-------------------------------------
[Epoch : 27/40]
Src_cls_loss	: 0.0917
-------------------------------------
[Epoch : 28/40]
Src_cls_loss	: 0.0888
-------------------------------------
[Epoch : 29/40]
Src_cls_loss	: 0.0860
-------------------------------------
[Epoch : 30/40]
Src_cls_loss	: 0.0834
-------------------------------------
[Epoch : 31/40]
Src_cls_loss	: 0.0808
-------------------------------------
[Epoch : 32/40]
Src_cls_loss	: 0.0785
-------------------------------------
[Epoch : 33/40]
Src_cls_loss	: 0.0762
-------------------------------------
[Epoch : 34/40]
Src_cls_loss	: 0.0740
-------------------------------------
[Epoch : 35/40]
Src_cls_loss	: 0.0720
-------------------------------------
[Epoch : 36/40]
Src_cls_loss	: 0.0701
-------------------------------------
[Epoch : 37/40]
Src_cls_loss	: 0.0683
-------------------------------------
[Epoch : 38/40]
Src_cls_loss	: 0.0666
-------------------------------------
[Epoch : 39/40]
Src_cls_loss	: 0.0650
-------------------------------------
[Epoch : 40/40]
Src_cls_loss	: 0.0634
-------------------------------------
