=============================================
Dataset: realworld_mobiact
Method:  Deep_Coral
=============================================
Source: df ---> Target: dp_45
Run ID: 0
=============================================
[Epoch : 1/40]
Total_loss	: 3.3719
Src_cls_loss	: 0.5059
coral_loss	: 0.0001
-------------------------------------
[Epoch : 2/40]
Total_loss	: 2.9226
Src_cls_loss	: 0.4385
coral_loss	: 0.0002
-------------------------------------
[Epoch : 3/40]
Total_loss	: 2.6536
Src_cls_loss	: 0.3981
coral_loss	: 0.0002
-------------------------------------
[Epoch : 4/40]
Total_loss	: 2.4838
Src_cls_loss	: 0.3726
coral_loss	: 0.0002
-------------------------------------
[Epoch : 5/40]
Total_loss	: 2.3512
Src_cls_loss	: 0.3527
coral_loss	: 0.0002
-------------------------------------
[Epoch : 6/40]
Total_loss	: 2.2473
Src_cls_loss	: 0.3371
coral_loss	: 0.0002
-------------------------------------
[Epoch : 7/40]
Total_loss	: 2.1547
Src_cls_loss	: 0.3232
coral_loss	: 0.0002
-------------------------------------
[Epoch : 8/40]
Total_loss	: 2.0763
Src_cls_loss	: 0.3115
coral_loss	: 0.0002
-------------------------------------
[Epoch : 9/40]
Total_loss	: 2.0033
Src_cls_loss	: 0.3005
coral_loss	: 0.0002
-------------------------------------
[Epoch : 10/40]
Total_loss	: 1.9400
Src_cls_loss	: 0.2910
coral_loss	: 0.0002
-------------------------------------
[Epoch : 11/40]
Total_loss	: 1.8799
Src_cls_loss	: 0.2820
coral_loss	: 0.0001
-------------------------------------
[Epoch : 12/40]
Total_loss	: 1.8294
Src_cls_loss	: 0.2744
coral_loss	: 0.0001
-------------------------------------
[Epoch : 13/40]
Total_loss	: 1.7893
Src_cls_loss	: 0.2684
coral_loss	: 0.0001
-------------------------------------
[Epoch : 14/40]
Total_loss	: 1.7500
Src_cls_loss	: 0.2625
coral_loss	: 0.0001
-------------------------------------
[Epoch : 15/40]
Total_loss	: 1.7116
Src_cls_loss	: 0.2567
coral_loss	: 0.0001
-------------------------------------
[Epoch : 16/40]
Total_loss	: 1.6784
Src_cls_loss	: 0.2518
coral_loss	: 0.0001
-------------------------------------
[Epoch : 17/40]
Total_loss	: 1.6502
Src_cls_loss	: 0.2475
coral_loss	: 0.0001
-------------------------------------
[Epoch : 18/40]
Total_loss	: 1.6231
Src_cls_loss	: 0.2435
coral_loss	: 0.0001
-------------------------------------
[Epoch : 19/40]
Total_loss	: 1.5949
Src_cls_loss	: 0.2392
coral_loss	: 0.0001
-------------------------------------
[Epoch : 20/40]
Total_loss	: 1.5716
Src_cls_loss	: 0.2357
coral_loss	: 0.0001
-------------------------------------
[Epoch : 21/40]
Total_loss	: 1.5492
Src_cls_loss	: 0.2324
coral_loss	: 0.0001
-------------------------------------
[Epoch : 22/40]
Total_loss	: 1.5274
Src_cls_loss	: 0.2291
coral_loss	: 0.0001
-------------------------------------
[Epoch : 23/40]
Total_loss	: 1.5065
Src_cls_loss	: 0.2260
coral_loss	: 0.0001
-------------------------------------
[Epoch : 24/40]
Total_loss	: 1.4865
Src_cls_loss	: 0.2230
coral_loss	: 0.0001
-------------------------------------
[Epoch : 25/40]
Total_loss	: 1.4659
Src_cls_loss	: 0.2199
coral_loss	: 0.0001
-------------------------------------
[Epoch : 26/40]
Total_loss	: 1.4467
Src_cls_loss	: 0.2170
coral_loss	: 0.0001
-------------------------------------
[Epoch : 27/40]
Total_loss	: 1.4301
Src_cls_loss	: 0.2145
coral_loss	: 0.0001
-------------------------------------
[Epoch : 28/40]
Total_loss	: 1.4114
Src_cls_loss	: 0.2117
coral_loss	: 0.0001
-------------------------------------
[Epoch : 29/40]
Total_loss	: 1.3947
Src_cls_loss	: 0.2092
coral_loss	: 0.0001
-------------------------------------
[Epoch : 30/40]
Total_loss	: 1.3796
Src_cls_loss	: 0.2069
coral_loss	: 0.0001
-------------------------------------
[Epoch : 31/40]
Total_loss	: 1.3651
Src_cls_loss	: 0.2047
coral_loss	: 0.0001
-------------------------------------
[Epoch : 32/40]
Total_loss	: 1.3515
Src_cls_loss	: 0.2027
coral_loss	: 0.0001
-------------------------------------
[Epoch : 33/40]
Total_loss	: 1.3359
Src_cls_loss	: 0.2004
coral_loss	: 0.0001
-------------------------------------
[Epoch : 34/40]
Total_loss	: 1.3224
Src_cls_loss	: 0.1983
coral_loss	: 0.0001
-------------------------------------
[Epoch : 35/40]
Total_loss	: 1.3091
Src_cls_loss	: 0.1963
coral_loss	: 0.0001
-------------------------------------
[Epoch : 36/40]
Total_loss	: 1.2971
Src_cls_loss	: 0.1945
coral_loss	: 0.0001
-------------------------------------
[Epoch : 37/40]
Total_loss	: 1.2846
Src_cls_loss	: 0.1927
coral_loss	: 0.0001
-------------------------------------
[Epoch : 38/40]
Total_loss	: 1.2731
Src_cls_loss	: 0.1909
coral_loss	: 0.0001
-------------------------------------
[Epoch : 39/40]
Total_loss	: 1.2620
Src_cls_loss	: 0.1893
coral_loss	: 0.0001
-------------------------------------
[Epoch : 40/40]
Total_loss	: 1.2513
Src_cls_loss	: 0.1877
coral_loss	: 0.0001
-------------------------------------
