=============================================
Dataset: mobiact_realworld
Method:  SYN
=============================================
Source: syn_wal_67 ---> Target: dp_wal_67
Run ID: 0
=============================================
[Epoch : 1/40]
Src_cls_loss	: 0.6918
-------------------------------------
[Epoch : 2/40]
Src_cls_loss	: 0.5150
-------------------------------------
[Epoch : 3/40]
Src_cls_loss	: 0.4061
-------------------------------------
[Epoch : 4/40]
Src_cls_loss	: 0.3333
-------------------------------------
[Epoch : 5/40]
Src_cls_loss	: 0.2819
-------------------------------------
[Epoch : 6/40]
Src_cls_loss	: 0.2446
-------------------------------------
[Epoch : 7/40]
Src_cls_loss	: 0.2175
-------------------------------------
[Epoch : 8/40]
Src_cls_loss	: 0.1954
-------------------------------------
[Epoch : 9/40]
Src_cls_loss	: 0.1773
-------------------------------------
[Epoch : 10/40]
Src_cls_loss	: 0.1627
-------------------------------------
[Epoch : 11/40]
Src_cls_loss	: 0.1496
-------------------------------------
[Epoch : 12/40]
Src_cls_loss	: 0.1401
-------------------------------------
[Epoch : 13/40]
Src_cls_loss	: 0.1312
-------------------------------------
[Epoch : 14/40]
Src_cls_loss	: 0.1232
-------------------------------------
[Epoch : 15/40]
Src_cls_loss	: 0.1159
-------------------------------------
[Epoch : 16/40]
Src_cls_loss	: 0.1093
-------------------------------------
[Epoch : 17/40]
Src_cls_loss	: 0.1036
-------------------------------------
[Epoch : 18/40]
Src_cls_loss	: 0.0986
-------------------------------------
[Epoch : 19/40]
Src_cls_loss	: 0.0940
-------------------------------------
[Epoch : 20/40]
Src_cls_loss	: 0.0897
-------------------------------------
[Epoch : 21/40]
Src_cls_loss	: 0.0858
-------------------------------------
[Epoch : 22/40]
Src_cls_loss	: 0.0822
-------------------------------------
[Epoch : 23/40]
Src_cls_loss	: 0.0789
-------------------------------------
[Epoch : 24/40]
Src_cls_loss	: 0.0761
-------------------------------------
[Epoch : 25/40]
Src_cls_loss	: 0.0736
-------------------------------------
[Epoch : 26/40]
Src_cls_loss	: 0.0713
-------------------------------------
[Epoch : 27/40]
Src_cls_loss	: 0.0694
-------------------------------------
[Epoch : 28/40]
Src_cls_loss	: 0.0673
-------------------------------------
[Epoch : 29/40]
Src_cls_loss	: 0.0652
-------------------------------------
[Epoch : 30/40]
Src_cls_loss	: 0.0633
-------------------------------------
[Epoch : 31/40]
Src_cls_loss	: 0.0614
-------------------------------------
[Epoch : 32/40]
Src_cls_loss	: 0.0596
-------------------------------------
[Epoch : 33/40]
Src_cls_loss	: 0.0579
-------------------------------------
[Epoch : 34/40]
Src_cls_loss	: 0.0564
-------------------------------------
[Epoch : 35/40]
Src_cls_loss	: 0.0548
-------------------------------------
[Epoch : 36/40]
Src_cls_loss	: 0.0534
-------------------------------------
[Epoch : 37/40]
Src_cls_loss	: 0.0521
-------------------------------------
[Epoch : 38/40]
Src_cls_loss	: 0.0509
-------------------------------------
[Epoch : 39/40]
Src_cls_loss	: 0.0496
-------------------------------------
[Epoch : 40/40]
Src_cls_loss	: 0.0485
-------------------------------------
