=============================================
Dataset: pamap_realworld
Method:  NO_ADAPT
=============================================
Source: syn_12 ---> Target: dp_12
Run ID: 8
=============================================
[Epoch : 1/40]
Src_cls_loss	: 0.4070
-------------------------------------
[Epoch : 2/40]
Src_cls_loss	: 0.2620
-------------------------------------
[Epoch : 3/40]
Src_cls_loss	: 0.1957
-------------------------------------
[Epoch : 4/40]
Src_cls_loss	: 0.1601
-------------------------------------
[Epoch : 5/40]
Src_cls_loss	: 0.1366
-------------------------------------
[Epoch : 6/40]
Src_cls_loss	: 0.1203
-------------------------------------
[Epoch : 7/40]
Src_cls_loss	: 0.1080
-------------------------------------
[Epoch : 8/40]
Src_cls_loss	: 0.0983
-------------------------------------
[Epoch : 9/40]
Src_cls_loss	: 0.0905
-------------------------------------
[Epoch : 10/40]
Src_cls_loss	: 0.0844
-------------------------------------
[Epoch : 11/40]
Src_cls_loss	: 0.0785
-------------------------------------
[Epoch : 12/40]
Src_cls_loss	: 0.0730
-------------------------------------
[Epoch : 13/40]
Src_cls_loss	: 0.0688
-------------------------------------
[Epoch : 14/40]
Src_cls_loss	: 0.0651
-------------------------------------
[Epoch : 15/40]
Src_cls_loss	: 0.0623
-------------------------------------
[Epoch : 16/40]
Src_cls_loss	: 0.0593
-------------------------------------
[Epoch : 17/40]
Src_cls_loss	: 0.0565
-------------------------------------
[Epoch : 18/40]
Src_cls_loss	: 0.0540
-------------------------------------
[Epoch : 19/40]
Src_cls_loss	: 0.0517
-------------------------------------
[Epoch : 20/40]
Src_cls_loss	: 0.0497
-------------------------------------
[Epoch : 21/40]
Src_cls_loss	: 0.0484
-------------------------------------
[Epoch : 22/40]
Src_cls_loss	: 0.0467
-------------------------------------
[Epoch : 23/40]
Src_cls_loss	: 0.0451
-------------------------------------
[Epoch : 24/40]
Src_cls_loss	: 0.0436
-------------------------------------
[Epoch : 25/40]
Src_cls_loss	: 0.0424
-------------------------------------
[Epoch : 26/40]
Src_cls_loss	: 0.0411
-------------------------------------
[Epoch : 27/40]
Src_cls_loss	: 0.0398
-------------------------------------
[Epoch : 28/40]
Src_cls_loss	: 0.0386
-------------------------------------
[Epoch : 29/40]
Src_cls_loss	: 0.0374
-------------------------------------
[Epoch : 30/40]
Src_cls_loss	: 0.0363
-------------------------------------
[Epoch : 31/40]
Src_cls_loss	: 0.0354
-------------------------------------
[Epoch : 32/40]
Src_cls_loss	: 0.0346
-------------------------------------
[Epoch : 33/40]
Src_cls_loss	: 0.0339
-------------------------------------
[Epoch : 34/40]
Src_cls_loss	: 0.0332
-------------------------------------
[Epoch : 35/40]
Src_cls_loss	: 0.0324
-------------------------------------
[Epoch : 36/40]
Src_cls_loss	: 0.0316
-------------------------------------
[Epoch : 37/40]
Src_cls_loss	: 0.0309
-------------------------------------
[Epoch : 38/40]
Src_cls_loss	: 0.0302
-------------------------------------
[Epoch : 39/40]
Src_cls_loss	: 0.0298
-------------------------------------
[Epoch : 40/40]
Src_cls_loss	: 0.0293
-------------------------------------
