=============================================
Dataset: CWRU_OR_centred
Method:  NO_ADAPT
=============================================
Source: 0 ---> Target: 5
Run ID: 4
=============================================
[Epoch : 1/40]
Src_cls_loss	: 0.0948
-------------------------------------
[Epoch : 2/40]
Src_cls_loss	: 0.0520
-------------------------------------
[Epoch : 3/40]
Src_cls_loss	: 0.0363
-------------------------------------
[Epoch : 4/40]
Src_cls_loss	: 0.0287
-------------------------------------
[Epoch : 5/40]
Src_cls_loss	: 0.0240
-------------------------------------
[Epoch : 6/40]
Src_cls_loss	: 0.0203
-------------------------------------
[Epoch : 7/40]
Src_cls_loss	: 0.0177
-------------------------------------
[Epoch : 8/40]
Src_cls_loss	: 0.0156
-------------------------------------
[Epoch : 9/40]
Src_cls_loss	: 0.0143
-------------------------------------
[Epoch : 10/40]
Src_cls_loss	: 0.0132
-------------------------------------
[Epoch : 11/40]
Src_cls_loss	: 0.0121
-------------------------------------
[Epoch : 12/40]
Src_cls_loss	: 0.0111
-------------------------------------
[Epoch : 13/40]
Src_cls_loss	: 0.0104
-------------------------------------
[Epoch : 14/40]
Src_cls_loss	: 0.0098
-------------------------------------
[Epoch : 15/40]
Src_cls_loss	: 0.0096
-------------------------------------
[Epoch : 16/40]
Src_cls_loss	: 0.0092
-------------------------------------
[Epoch : 17/40]
Src_cls_loss	: 0.0089
-------------------------------------
[Epoch : 18/40]
Src_cls_loss	: 0.0085
-------------------------------------
[Epoch : 19/40]
Src_cls_loss	: 0.0082
-------------------------------------
[Epoch : 20/40]
Src_cls_loss	: 0.0078
-------------------------------------
[Epoch : 21/40]
Src_cls_loss	: 0.0075
-------------------------------------
[Epoch : 22/40]
Src_cls_loss	: 0.0072
-------------------------------------
[Epoch : 23/40]
Src_cls_loss	: 0.0069
-------------------------------------
[Epoch : 24/40]
Src_cls_loss	: 0.0066
-------------------------------------
[Epoch : 25/40]
Src_cls_loss	: 0.0066
-------------------------------------
[Epoch : 26/40]
Src_cls_loss	: 0.0065
-------------------------------------
[Epoch : 27/40]
Src_cls_loss	: 0.0062
-------------------------------------
[Epoch : 28/40]
Src_cls_loss	: 0.0061
-------------------------------------
[Epoch : 29/40]
Src_cls_loss	: 0.0059
-------------------------------------
[Epoch : 30/40]
Src_cls_loss	: 0.0058
-------------------------------------
[Epoch : 31/40]
Src_cls_loss	: 0.0056
-------------------------------------
[Epoch : 32/40]
Src_cls_loss	: 0.0055
-------------------------------------
[Epoch : 33/40]
Src_cls_loss	: 0.0053
-------------------------------------
[Epoch : 34/40]
Src_cls_loss	: 0.0052
-------------------------------------
[Epoch : 35/40]
Src_cls_loss	: 0.0051
-------------------------------------
[Epoch : 36/40]
Src_cls_loss	: 0.0050
-------------------------------------
[Epoch : 37/40]
Src_cls_loss	: 0.0051
-------------------------------------
[Epoch : 38/40]
Src_cls_loss	: 0.0050
-------------------------------------
[Epoch : 39/40]
Src_cls_loss	: 0.0049
-------------------------------------
[Epoch : 40/40]
Src_cls_loss	: 0.0047
-------------------------------------
