=============================================
Dataset: mobiact_realworld
Method:  NO_ADAPT
=============================================
Source: syn_73 ---> Target: dp_73
Run ID: 0
=============================================
[Epoch : 1/40]
Src_cls_loss	: 0.5429
-------------------------------------
[Epoch : 2/40]
Src_cls_loss	: 0.3818
-------------------------------------
[Epoch : 3/40]
Src_cls_loss	: 0.3034
-------------------------------------
[Epoch : 4/40]
Src_cls_loss	: 0.2545
-------------------------------------
[Epoch : 5/40]
Src_cls_loss	: 0.2210
-------------------------------------
[Epoch : 6/40]
Src_cls_loss	: 0.1963
-------------------------------------
[Epoch : 7/40]
Src_cls_loss	: 0.1776
-------------------------------------
[Epoch : 8/40]
Src_cls_loss	: 0.1635
-------------------------------------
[Epoch : 9/40]
Src_cls_loss	: 0.1519
-------------------------------------
[Epoch : 10/40]
Src_cls_loss	: 0.1417
-------------------------------------
[Epoch : 11/40]
Src_cls_loss	: 0.1338
-------------------------------------
[Epoch : 12/40]
Src_cls_loss	: 0.1263
-------------------------------------
[Epoch : 13/40]
Src_cls_loss	: 0.1195
-------------------------------------
[Epoch : 14/40]
Src_cls_loss	: 0.1134
-------------------------------------
[Epoch : 15/40]
Src_cls_loss	: 0.1078
-------------------------------------
[Epoch : 16/40]
Src_cls_loss	: 0.1031
-------------------------------------
[Epoch : 17/40]
Src_cls_loss	: 0.0994
-------------------------------------
[Epoch : 18/40]
Src_cls_loss	: 0.0956
-------------------------------------
[Epoch : 19/40]
Src_cls_loss	: 0.0919
-------------------------------------
[Epoch : 20/40]
Src_cls_loss	: 0.0890
-------------------------------------
[Epoch : 21/40]
Src_cls_loss	: 0.0861
-------------------------------------
[Epoch : 22/40]
Src_cls_loss	: 0.0840
-------------------------------------
[Epoch : 23/40]
Src_cls_loss	: 0.0814
-------------------------------------
[Epoch : 24/40]
Src_cls_loss	: 0.0793
-------------------------------------
[Epoch : 25/40]
Src_cls_loss	: 0.0771
-------------------------------------
[Epoch : 26/40]
Src_cls_loss	: 0.0749
-------------------------------------
[Epoch : 27/40]
Src_cls_loss	: 0.0729
-------------------------------------
[Epoch : 28/40]
Src_cls_loss	: 0.0709
-------------------------------------
[Epoch : 29/40]
Src_cls_loss	: 0.0690
-------------------------------------
[Epoch : 30/40]
Src_cls_loss	: 0.0675
-------------------------------------
[Epoch : 31/40]
Src_cls_loss	: 0.0660
-------------------------------------
[Epoch : 32/40]
Src_cls_loss	: 0.0645
-------------------------------------
[Epoch : 33/40]
Src_cls_loss	: 0.0632
-------------------------------------
[Epoch : 34/40]
Src_cls_loss	: 0.0617
-------------------------------------
[Epoch : 35/40]
Src_cls_loss	: 0.0606
-------------------------------------
[Epoch : 36/40]
Src_cls_loss	: 0.0594
-------------------------------------
[Epoch : 37/40]
Src_cls_loss	: 0.0583
-------------------------------------
[Epoch : 38/40]
Src_cls_loss	: 0.0572
-------------------------------------
[Epoch : 39/40]
Src_cls_loss	: 0.0561
-------------------------------------
[Epoch : 40/40]
Src_cls_loss	: 0.0552
-------------------------------------
