=============================================
Dataset: mobiact_realworld
Method:  NO_ADAPT
=============================================
Source: syn_64 ---> Target: dp_64
Run ID: 4
=============================================
[Epoch : 1/40]
Src_cls_loss	: 0.7319
-------------------------------------
[Epoch : 2/40]
Src_cls_loss	: 0.5646
-------------------------------------
[Epoch : 3/40]
Src_cls_loss	: 0.4536
-------------------------------------
[Epoch : 4/40]
Src_cls_loss	: 0.3827
-------------------------------------
[Epoch : 5/40]
Src_cls_loss	: 0.3304
-------------------------------------
[Epoch : 6/40]
Src_cls_loss	: 0.2950
-------------------------------------
[Epoch : 7/40]
Src_cls_loss	: 0.2660
-------------------------------------
[Epoch : 8/40]
Src_cls_loss	: 0.2440
-------------------------------------
[Epoch : 9/40]
Src_cls_loss	: 0.2243
-------------------------------------
[Epoch : 10/40]
Src_cls_loss	: 0.2074
-------------------------------------
[Epoch : 11/40]
Src_cls_loss	: 0.1929
-------------------------------------
[Epoch : 12/40]
Src_cls_loss	: 0.1808
-------------------------------------
[Epoch : 13/40]
Src_cls_loss	: 0.1705
-------------------------------------
[Epoch : 14/40]
Src_cls_loss	: 0.1621
-------------------------------------
[Epoch : 15/40]
Src_cls_loss	: 0.1550
-------------------------------------
[Epoch : 16/40]
Src_cls_loss	: 0.1479
-------------------------------------
[Epoch : 17/40]
Src_cls_loss	: 0.1413
-------------------------------------
[Epoch : 18/40]
Src_cls_loss	: 0.1357
-------------------------------------
[Epoch : 19/40]
Src_cls_loss	: 0.1299
-------------------------------------
[Epoch : 20/40]
Src_cls_loss	: 0.1253
-------------------------------------
[Epoch : 21/40]
Src_cls_loss	: 0.1205
-------------------------------------
[Epoch : 22/40]
Src_cls_loss	: 0.1161
-------------------------------------
[Epoch : 23/40]
Src_cls_loss	: 0.1123
-------------------------------------
[Epoch : 24/40]
Src_cls_loss	: 0.1083
-------------------------------------
[Epoch : 25/40]
Src_cls_loss	: 0.1053
-------------------------------------
[Epoch : 26/40]
Src_cls_loss	: 0.1022
-------------------------------------
[Epoch : 27/40]
Src_cls_loss	: 0.0991
-------------------------------------
[Epoch : 28/40]
Src_cls_loss	: 0.0962
-------------------------------------
[Epoch : 29/40]
Src_cls_loss	: 0.0934
-------------------------------------
[Epoch : 30/40]
Src_cls_loss	: 0.0906
-------------------------------------
[Epoch : 31/40]
Src_cls_loss	: 0.0883
-------------------------------------
[Epoch : 32/40]
Src_cls_loss	: 0.0863
-------------------------------------
[Epoch : 33/40]
Src_cls_loss	: 0.0846
-------------------------------------
[Epoch : 34/40]
Src_cls_loss	: 0.0827
-------------------------------------
[Epoch : 35/40]
Src_cls_loss	: 0.0809
-------------------------------------
[Epoch : 36/40]
Src_cls_loss	: 0.0791
-------------------------------------
[Epoch : 37/40]
Src_cls_loss	: 0.0773
-------------------------------------
[Epoch : 38/40]
Src_cls_loss	: 0.0757
-------------------------------------
[Epoch : 39/40]
Src_cls_loss	: 0.0742
-------------------------------------
[Epoch : 40/40]
Src_cls_loss	: 0.0727
-------------------------------------
