=============================================
Dataset: pamap_mobiact
Method:  NO_ADAPT
=============================================
Source: syn_65 ---> Target: dp_65
Run ID: 4
=============================================
[Epoch : 1/40]
Src_cls_loss	: 0.6495
-------------------------------------
[Epoch : 2/40]
Src_cls_loss	: 0.5064
-------------------------------------
[Epoch : 3/40]
Src_cls_loss	: 0.4092
-------------------------------------
[Epoch : 4/40]
Src_cls_loss	: 0.3419
-------------------------------------
[Epoch : 5/40]
Src_cls_loss	: 0.2930
-------------------------------------
[Epoch : 6/40]
Src_cls_loss	: 0.2558
-------------------------------------
[Epoch : 7/40]
Src_cls_loss	: 0.2281
-------------------------------------
[Epoch : 8/40]
Src_cls_loss	: 0.2042
-------------------------------------
[Epoch : 9/40]
Src_cls_loss	: 0.1855
-------------------------------------
[Epoch : 10/40]
Src_cls_loss	: 0.1691
-------------------------------------
[Epoch : 11/40]
Src_cls_loss	: 0.1555
-------------------------------------
[Epoch : 12/40]
Src_cls_loss	: 0.1442
-------------------------------------
[Epoch : 13/40]
Src_cls_loss	: 0.1346
-------------------------------------
[Epoch : 14/40]
Src_cls_loss	: 0.1263
-------------------------------------
[Epoch : 15/40]
Src_cls_loss	: 0.1192
-------------------------------------
[Epoch : 16/40]
Src_cls_loss	: 0.1138
-------------------------------------
[Epoch : 17/40]
Src_cls_loss	: 0.1101
-------------------------------------
[Epoch : 18/40]
Src_cls_loss	: 0.1056
-------------------------------------
[Epoch : 19/40]
Src_cls_loss	: 0.1009
-------------------------------------
[Epoch : 20/40]
Src_cls_loss	: 0.0965
-------------------------------------
[Epoch : 21/40]
Src_cls_loss	: 0.0923
-------------------------------------
[Epoch : 22/40]
Src_cls_loss	: 0.0884
-------------------------------------
[Epoch : 23/40]
Src_cls_loss	: 0.0848
-------------------------------------
[Epoch : 24/40]
Src_cls_loss	: 0.0815
-------------------------------------
[Epoch : 25/40]
Src_cls_loss	: 0.0787
-------------------------------------
[Epoch : 26/40]
Src_cls_loss	: 0.0759
-------------------------------------
[Epoch : 27/40]
Src_cls_loss	: 0.0734
-------------------------------------
[Epoch : 28/40]
Src_cls_loss	: 0.0711
-------------------------------------
[Epoch : 29/40]
Src_cls_loss	: 0.0689
-------------------------------------
[Epoch : 30/40]
Src_cls_loss	: 0.0668
-------------------------------------
[Epoch : 31/40]
Src_cls_loss	: 0.0648
-------------------------------------
[Epoch : 32/40]
Src_cls_loss	: 0.0629
-------------------------------------
[Epoch : 33/40]
Src_cls_loss	: 0.0612
-------------------------------------
[Epoch : 34/40]
Src_cls_loss	: 0.0595
-------------------------------------
[Epoch : 35/40]
Src_cls_loss	: 0.0580
-------------------------------------
[Epoch : 36/40]
Src_cls_loss	: 0.0565
-------------------------------------
[Epoch : 37/40]
Src_cls_loss	: 0.0551
-------------------------------------
[Epoch : 38/40]
Src_cls_loss	: 0.0537
-------------------------------------
[Epoch : 39/40]
Src_cls_loss	: 0.0524
-------------------------------------
[Epoch : 40/40]
Src_cls_loss	: 0.0511
-------------------------------------
