=============================================
Dataset: realworld_mobiact
Method:  NO_ADAPT
=============================================
Source: syn_60 ---> Target: dp_60
Run ID: 2
=============================================
[Epoch : 1/40]
Src_cls_loss	: 0.6131
-------------------------------------
[Epoch : 2/40]
Src_cls_loss	: 0.4892
-------------------------------------
[Epoch : 3/40]
Src_cls_loss	: 0.4150
-------------------------------------
[Epoch : 4/40]
Src_cls_loss	: 0.3617
-------------------------------------
[Epoch : 5/40]
Src_cls_loss	: 0.3193
-------------------------------------
[Epoch : 6/40]
Src_cls_loss	: 0.2885
-------------------------------------
[Epoch : 7/40]
Src_cls_loss	: 0.2625
-------------------------------------
[Epoch : 8/40]
Src_cls_loss	: 0.2426
-------------------------------------
[Epoch : 9/40]
Src_cls_loss	: 0.2265
-------------------------------------
[Epoch : 10/40]
Src_cls_loss	: 0.2142
-------------------------------------
[Epoch : 11/40]
Src_cls_loss	: 0.2020
-------------------------------------
[Epoch : 12/40]
Src_cls_loss	: 0.1901
-------------------------------------
[Epoch : 13/40]
Src_cls_loss	: 0.1794
-------------------------------------
[Epoch : 14/40]
Src_cls_loss	: 0.1698
-------------------------------------
[Epoch : 15/40]
Src_cls_loss	: 0.1624
-------------------------------------
[Epoch : 16/40]
Src_cls_loss	: 0.1547
-------------------------------------
[Epoch : 17/40]
Src_cls_loss	: 0.1475
-------------------------------------
[Epoch : 18/40]
Src_cls_loss	: 0.1408
-------------------------------------
[Epoch : 19/40]
Src_cls_loss	: 0.1352
-------------------------------------
[Epoch : 20/40]
Src_cls_loss	: 0.1309
-------------------------------------
[Epoch : 21/40]
Src_cls_loss	: 0.1270
-------------------------------------
[Epoch : 22/40]
Src_cls_loss	: 0.1227
-------------------------------------
[Epoch : 23/40]
Src_cls_loss	: 0.1182
-------------------------------------
[Epoch : 24/40]
Src_cls_loss	: 0.1140
-------------------------------------
[Epoch : 25/40]
Src_cls_loss	: 0.1103
-------------------------------------
[Epoch : 26/40]
Src_cls_loss	: 0.1075
-------------------------------------
[Epoch : 27/40]
Src_cls_loss	: 0.1045
-------------------------------------
[Epoch : 28/40]
Src_cls_loss	: 0.1017
-------------------------------------
[Epoch : 29/40]
Src_cls_loss	: 0.0992
-------------------------------------
[Epoch : 30/40]
Src_cls_loss	: 0.0966
-------------------------------------
[Epoch : 31/40]
Src_cls_loss	: 0.0945
-------------------------------------
[Epoch : 32/40]
Src_cls_loss	: 0.0923
-------------------------------------
[Epoch : 33/40]
Src_cls_loss	: 0.0900
-------------------------------------
[Epoch : 34/40]
Src_cls_loss	: 0.0879
-------------------------------------
[Epoch : 35/40]
Src_cls_loss	: 0.0858
-------------------------------------
[Epoch : 36/40]
Src_cls_loss	: 0.0838
-------------------------------------
[Epoch : 37/40]
Src_cls_loss	: 0.0818
-------------------------------------
[Epoch : 38/40]
Src_cls_loss	: 0.0799
-------------------------------------
[Epoch : 39/40]
Src_cls_loss	: 0.0782
-------------------------------------
[Epoch : 40/40]
Src_cls_loss	: 0.0763
-------------------------------------
