=============================================
Dataset: pamap_mobiact
Method:  SYN
=============================================
Source: syn_wal_24 ---> Target: dp_wal_24
Run ID: 9
=============================================
[Epoch : 1/40]
Src_cls_loss	: 0.5353
-------------------------------------
[Epoch : 2/40]
Src_cls_loss	: 0.3760
-------------------------------------
[Epoch : 3/40]
Src_cls_loss	: 0.2927
-------------------------------------
[Epoch : 4/40]
Src_cls_loss	: 0.2423
-------------------------------------
[Epoch : 5/40]
Src_cls_loss	: 0.2074
-------------------------------------
[Epoch : 6/40]
Src_cls_loss	: 0.1805
-------------------------------------
[Epoch : 7/40]
Src_cls_loss	: 0.1592
-------------------------------------
[Epoch : 8/40]
Src_cls_loss	: 0.1422
-------------------------------------
[Epoch : 9/40]
Src_cls_loss	: 0.1292
-------------------------------------
[Epoch : 10/40]
Src_cls_loss	: 0.1177
-------------------------------------
[Epoch : 11/40]
Src_cls_loss	: 0.1087
-------------------------------------
[Epoch : 12/40]
Src_cls_loss	: 0.1010
-------------------------------------
[Epoch : 13/40]
Src_cls_loss	: 0.0945
-------------------------------------
[Epoch : 14/40]
Src_cls_loss	: 0.0886
-------------------------------------
[Epoch : 15/40]
Src_cls_loss	: 0.0834
-------------------------------------
[Epoch : 16/40]
Src_cls_loss	: 0.0787
-------------------------------------
[Epoch : 17/40]
Src_cls_loss	: 0.0746
-------------------------------------
[Epoch : 18/40]
Src_cls_loss	: 0.0710
-------------------------------------
[Epoch : 19/40]
Src_cls_loss	: 0.0676
-------------------------------------
[Epoch : 20/40]
Src_cls_loss	: 0.0645
-------------------------------------
[Epoch : 21/40]
Src_cls_loss	: 0.0617
-------------------------------------
[Epoch : 22/40]
Src_cls_loss	: 0.0592
-------------------------------------
[Epoch : 23/40]
Src_cls_loss	: 0.0567
-------------------------------------
[Epoch : 24/40]
Src_cls_loss	: 0.0545
-------------------------------------
[Epoch : 25/40]
Src_cls_loss	: 0.0526
-------------------------------------
[Epoch : 26/40]
Src_cls_loss	: 0.0508
-------------------------------------
[Epoch : 27/40]
Src_cls_loss	: 0.0492
-------------------------------------
[Epoch : 28/40]
Src_cls_loss	: 0.0477
-------------------------------------
[Epoch : 29/40]
Src_cls_loss	: 0.0462
-------------------------------------
[Epoch : 30/40]
Src_cls_loss	: 0.0447
-------------------------------------
[Epoch : 31/40]
Src_cls_loss	: 0.0434
-------------------------------------
[Epoch : 32/40]
Src_cls_loss	: 0.0421
-------------------------------------
[Epoch : 33/40]
Src_cls_loss	: 0.0409
-------------------------------------
[Epoch : 34/40]
Src_cls_loss	: 0.0398
-------------------------------------
[Epoch : 35/40]
Src_cls_loss	: 0.0387
-------------------------------------
[Epoch : 36/40]
Src_cls_loss	: 0.0377
-------------------------------------
[Epoch : 37/40]
Src_cls_loss	: 0.0368
-------------------------------------
[Epoch : 38/40]
Src_cls_loss	: 0.0358
-------------------------------------
[Epoch : 39/40]
Src_cls_loss	: 0.0350
-------------------------------------
[Epoch : 40/40]
Src_cls_loss	: 0.0341
-------------------------------------
