=============================================
Dataset: pamap_mobiact
Method:  SYN
=============================================
Source: syn_wal_44 ---> Target: dp_wal_44
Run ID: 0
=============================================
[Epoch : 1/40]
Src_cls_loss	: 0.6828
-------------------------------------
[Epoch : 2/40]
Src_cls_loss	: 0.5022
-------------------------------------
[Epoch : 3/40]
Src_cls_loss	: 0.4029
-------------------------------------
[Epoch : 4/40]
Src_cls_loss	: 0.3294
-------------------------------------
[Epoch : 5/40]
Src_cls_loss	: 0.2807
-------------------------------------
[Epoch : 6/40]
Src_cls_loss	: 0.2448
-------------------------------------
[Epoch : 7/40]
Src_cls_loss	: 0.2168
-------------------------------------
[Epoch : 8/40]
Src_cls_loss	: 0.1941
-------------------------------------
[Epoch : 9/40]
Src_cls_loss	: 0.1755
-------------------------------------
[Epoch : 10/40]
Src_cls_loss	: 0.1599
-------------------------------------
[Epoch : 11/40]
Src_cls_loss	: 0.1467
-------------------------------------
[Epoch : 12/40]
Src_cls_loss	: 0.1359
-------------------------------------
[Epoch : 13/40]
Src_cls_loss	: 0.1266
-------------------------------------
[Epoch : 14/40]
Src_cls_loss	: 0.1187
-------------------------------------
[Epoch : 15/40]
Src_cls_loss	: 0.1115
-------------------------------------
[Epoch : 16/40]
Src_cls_loss	: 0.1051
-------------------------------------
[Epoch : 17/40]
Src_cls_loss	: 0.1000
-------------------------------------
[Epoch : 18/40]
Src_cls_loss	: 0.0954
-------------------------------------
[Epoch : 19/40]
Src_cls_loss	: 0.0912
-------------------------------------
[Epoch : 20/40]
Src_cls_loss	: 0.0870
-------------------------------------
[Epoch : 21/40]
Src_cls_loss	: 0.0834
-------------------------------------
[Epoch : 22/40]
Src_cls_loss	: 0.0805
-------------------------------------
[Epoch : 23/40]
Src_cls_loss	: 0.0780
-------------------------------------
[Epoch : 24/40]
Src_cls_loss	: 0.0751
-------------------------------------
[Epoch : 25/40]
Src_cls_loss	: 0.0725
-------------------------------------
[Epoch : 26/40]
Src_cls_loss	: 0.0700
-------------------------------------
[Epoch : 27/40]
Src_cls_loss	: 0.0676
-------------------------------------
[Epoch : 28/40]
Src_cls_loss	: 0.0655
-------------------------------------
[Epoch : 29/40]
Src_cls_loss	: 0.0633
-------------------------------------
[Epoch : 30/40]
Src_cls_loss	: 0.0614
-------------------------------------
[Epoch : 31/40]
Src_cls_loss	: 0.0595
-------------------------------------
[Epoch : 32/40]
Src_cls_loss	: 0.0577
-------------------------------------
[Epoch : 33/40]
Src_cls_loss	: 0.0560
-------------------------------------
[Epoch : 34/40]
Src_cls_loss	: 0.0544
-------------------------------------
[Epoch : 35/40]
Src_cls_loss	: 0.0529
-------------------------------------
[Epoch : 36/40]
Src_cls_loss	: 0.0515
-------------------------------------
[Epoch : 37/40]
Src_cls_loss	: 0.0503
-------------------------------------
[Epoch : 38/40]
Src_cls_loss	: 0.0490
-------------------------------------
[Epoch : 39/40]
Src_cls_loss	: 0.0480
-------------------------------------
[Epoch : 40/40]
Src_cls_loss	: 0.0469
-------------------------------------
