=============================================
Dataset: pamap_mobiact
Method:  NO_ADAPT
=============================================
Source: syn_10 ---> Target: dp_10
Run ID: 9
=============================================
[Epoch : 1/40]
Src_cls_loss	: 0.6046
-------------------------------------
[Epoch : 2/40]
Src_cls_loss	: 0.4492
-------------------------------------
[Epoch : 3/40]
Src_cls_loss	: 0.3606
-------------------------------------
[Epoch : 4/40]
Src_cls_loss	: 0.2970
-------------------------------------
[Epoch : 5/40]
Src_cls_loss	: 0.2525
-------------------------------------
[Epoch : 6/40]
Src_cls_loss	: 0.2238
-------------------------------------
[Epoch : 7/40]
Src_cls_loss	: 0.2008
-------------------------------------
[Epoch : 8/40]
Src_cls_loss	: 0.1845
-------------------------------------
[Epoch : 9/40]
Src_cls_loss	: 0.1705
-------------------------------------
[Epoch : 10/40]
Src_cls_loss	: 0.1571
-------------------------------------
[Epoch : 11/40]
Src_cls_loss	: 0.1457
-------------------------------------
[Epoch : 12/40]
Src_cls_loss	: 0.1355
-------------------------------------
[Epoch : 13/40]
Src_cls_loss	: 0.1268
-------------------------------------
[Epoch : 14/40]
Src_cls_loss	: 0.1191
-------------------------------------
[Epoch : 15/40]
Src_cls_loss	: 0.1124
-------------------------------------
[Epoch : 16/40]
Src_cls_loss	: 0.1071
-------------------------------------
[Epoch : 17/40]
Src_cls_loss	: 0.1015
-------------------------------------
[Epoch : 18/40]
Src_cls_loss	: 0.0969
-------------------------------------
[Epoch : 19/40]
Src_cls_loss	: 0.0927
-------------------------------------
[Epoch : 20/40]
Src_cls_loss	: 0.0891
-------------------------------------
[Epoch : 21/40]
Src_cls_loss	: 0.0853
-------------------------------------
[Epoch : 22/40]
Src_cls_loss	: 0.0818
-------------------------------------
[Epoch : 23/40]
Src_cls_loss	: 0.0786
-------------------------------------
[Epoch : 24/40]
Src_cls_loss	: 0.0759
-------------------------------------
[Epoch : 25/40]
Src_cls_loss	: 0.0733
-------------------------------------
[Epoch : 26/40]
Src_cls_loss	: 0.0710
-------------------------------------
[Epoch : 27/40]
Src_cls_loss	: 0.0685
-------------------------------------
[Epoch : 28/40]
Src_cls_loss	: 0.0664
-------------------------------------
[Epoch : 29/40]
Src_cls_loss	: 0.0658
-------------------------------------
[Epoch : 30/40]
Src_cls_loss	: 0.0640
-------------------------------------
[Epoch : 31/40]
Src_cls_loss	: 0.0625
-------------------------------------
[Epoch : 32/40]
Src_cls_loss	: 0.0608
-------------------------------------
[Epoch : 33/40]
Src_cls_loss	: 0.0598
-------------------------------------
[Epoch : 34/40]
Src_cls_loss	: 0.0594
-------------------------------------
[Epoch : 35/40]
Src_cls_loss	: 0.0582
-------------------------------------
[Epoch : 36/40]
Src_cls_loss	: 0.0569
-------------------------------------
[Epoch : 37/40]
Src_cls_loss	: 0.0557
-------------------------------------
[Epoch : 38/40]
Src_cls_loss	: 0.0545
-------------------------------------
[Epoch : 39/40]
Src_cls_loss	: 0.0532
-------------------------------------
[Epoch : 40/40]
Src_cls_loss	: 0.0520
-------------------------------------
