=============================================
Dataset: pamap_mobiact
Method:  Deep_Coral
=============================================
Source: df ---> Target: dp_wal_25
Run ID: 0
=============================================
[Epoch : 1/40]
Total_loss	: 3.4215
Src_cls_loss	: 0.5127
coral_loss	: 0.0008
-------------------------------------
[Epoch : 2/40]
Total_loss	: 2.4425
Src_cls_loss	: 0.3658
coral_loss	: 0.0008
-------------------------------------
[Epoch : 3/40]
Total_loss	: 1.9767
Src_cls_loss	: 0.2959
coral_loss	: 0.0008
-------------------------------------
[Epoch : 4/40]
Total_loss	: 1.6808
Src_cls_loss	: 0.2515
coral_loss	: 0.0007
-------------------------------------
[Epoch : 5/40]
Total_loss	: 1.4730
Src_cls_loss	: 0.2204
coral_loss	: 0.0007
-------------------------------------
[Epoch : 6/40]
Total_loss	: 1.3306
Src_cls_loss	: 0.1990
coral_loss	: 0.0007
-------------------------------------
[Epoch : 7/40]
Total_loss	: 1.2264
Src_cls_loss	: 0.1833
coral_loss	: 0.0007
-------------------------------------
[Epoch : 8/40]
Total_loss	: 1.1237
Src_cls_loss	: 0.1679
coral_loss	: 0.0007
-------------------------------------
[Epoch : 9/40]
Total_loss	: 1.0484
Src_cls_loss	: 0.1566
coral_loss	: 0.0007
-------------------------------------
[Epoch : 10/40]
Total_loss	: 0.9749
Src_cls_loss	: 0.1456
coral_loss	: 0.0007
-------------------------------------
[Epoch : 11/40]
Total_loss	: 0.9159
Src_cls_loss	: 0.1367
coral_loss	: 0.0008
-------------------------------------
[Epoch : 12/40]
Total_loss	: 0.8656
Src_cls_loss	: 0.1292
coral_loss	: 0.0008
-------------------------------------
[Epoch : 13/40]
Total_loss	: 0.8247
Src_cls_loss	: 0.1230
coral_loss	: 0.0008
-------------------------------------
[Epoch : 14/40]
Total_loss	: 0.7865
Src_cls_loss	: 0.1173
coral_loss	: 0.0008
-------------------------------------
[Epoch : 15/40]
Total_loss	: 0.7567
Src_cls_loss	: 0.1128
coral_loss	: 0.0008
-------------------------------------
[Epoch : 16/40]
Total_loss	: 0.7216
Src_cls_loss	: 0.1075
coral_loss	: 0.0008
-------------------------------------
[Epoch : 17/40]
Total_loss	: 0.6956
Src_cls_loss	: 0.1037
coral_loss	: 0.0008
-------------------------------------
[Epoch : 18/40]
Total_loss	: 0.6694
Src_cls_loss	: 0.0997
coral_loss	: 0.0008
-------------------------------------
[Epoch : 19/40]
Total_loss	: 0.6435
Src_cls_loss	: 0.0958
coral_loss	: 0.0008
-------------------------------------
[Epoch : 20/40]
Total_loss	: 0.6195
Src_cls_loss	: 0.0922
coral_loss	: 0.0008
-------------------------------------
[Epoch : 21/40]
Total_loss	: 0.5968
Src_cls_loss	: 0.0888
coral_loss	: 0.0008
-------------------------------------
[Epoch : 22/40]
Total_loss	: 0.5794
Src_cls_loss	: 0.0862
coral_loss	: 0.0008
-------------------------------------
[Epoch : 23/40]
Total_loss	: 0.5604
Src_cls_loss	: 0.0834
coral_loss	: 0.0007
-------------------------------------
[Epoch : 24/40]
Total_loss	: 0.5457
Src_cls_loss	: 0.0812
coral_loss	: 0.0007
-------------------------------------
[Epoch : 25/40]
Total_loss	: 0.5294
Src_cls_loss	: 0.0787
coral_loss	: 0.0007
-------------------------------------
[Epoch : 26/40]
Total_loss	: 0.5134
Src_cls_loss	: 0.0763
coral_loss	: 0.0007
-------------------------------------
[Epoch : 27/40]
Total_loss	: 0.4987
Src_cls_loss	: 0.0741
coral_loss	: 0.0007
-------------------------------------
[Epoch : 28/40]
Total_loss	: 0.4860
Src_cls_loss	: 0.0722
coral_loss	: 0.0007
-------------------------------------
[Epoch : 29/40]
Total_loss	: 0.4748
Src_cls_loss	: 0.0705
coral_loss	: 0.0007
-------------------------------------
[Epoch : 30/40]
Total_loss	: 0.4627
Src_cls_loss	: 0.0687
coral_loss	: 0.0007
-------------------------------------
[Epoch : 31/40]
Total_loss	: 0.4533
Src_cls_loss	: 0.0673
coral_loss	: 0.0007
-------------------------------------
[Epoch : 32/40]
Total_loss	: 0.4432
Src_cls_loss	: 0.0658
coral_loss	: 0.0007
-------------------------------------
[Epoch : 33/40]
Total_loss	: 0.4341
Src_cls_loss	: 0.0644
coral_loss	: 0.0007
-------------------------------------
[Epoch : 34/40]
Total_loss	: 0.4254
Src_cls_loss	: 0.0631
coral_loss	: 0.0007
-------------------------------------
[Epoch : 35/40]
Total_loss	: 0.4156
Src_cls_loss	: 0.0617
coral_loss	: 0.0007
-------------------------------------
[Epoch : 36/40]
Total_loss	: 0.4084
Src_cls_loss	: 0.0606
coral_loss	: 0.0007
-------------------------------------
[Epoch : 37/40]
Total_loss	: 0.4031
Src_cls_loss	: 0.0598
coral_loss	: 0.0007
-------------------------------------
[Epoch : 38/40]
Total_loss	: 0.3953
Src_cls_loss	: 0.0586
coral_loss	: 0.0007
-------------------------------------
[Epoch : 39/40]
Total_loss	: 0.3878
Src_cls_loss	: 0.0575
coral_loss	: 0.0007
-------------------------------------
[Epoch : 40/40]
Total_loss	: 0.3824
Src_cls_loss	: 0.0567
coral_loss	: 0.0007
-------------------------------------
