=============================================
Dataset: pamap_realworld
Method:  SYN
=============================================
Source: syn_wal_7 ---> Target: dp_wal_7
Run ID: 4
=============================================
[Epoch : 1/40]
Src_cls_loss	: 0.5079
-------------------------------------
[Epoch : 2/40]
Src_cls_loss	: 0.3778
-------------------------------------
[Epoch : 3/40]
Src_cls_loss	: 0.2973
-------------------------------------
[Epoch : 4/40]
Src_cls_loss	: 0.2381
-------------------------------------
[Epoch : 5/40]
Src_cls_loss	: 0.2001
-------------------------------------
[Epoch : 6/40]
Src_cls_loss	: 0.1730
-------------------------------------
[Epoch : 7/40]
Src_cls_loss	: 0.1523
-------------------------------------
[Epoch : 8/40]
Src_cls_loss	: 0.1361
-------------------------------------
[Epoch : 9/40]
Src_cls_loss	: 0.1234
-------------------------------------
[Epoch : 10/40]
Src_cls_loss	: 0.1121
-------------------------------------
[Epoch : 11/40]
Src_cls_loss	: 0.1029
-------------------------------------
[Epoch : 12/40]
Src_cls_loss	: 0.0949
-------------------------------------
[Epoch : 13/40]
Src_cls_loss	: 0.0885
-------------------------------------
[Epoch : 14/40]
Src_cls_loss	: 0.0833
-------------------------------------
[Epoch : 15/40]
Src_cls_loss	: 0.0784
-------------------------------------
[Epoch : 16/40]
Src_cls_loss	: 0.0738
-------------------------------------
[Epoch : 17/40]
Src_cls_loss	: 0.0697
-------------------------------------
[Epoch : 18/40]
Src_cls_loss	: 0.0664
-------------------------------------
[Epoch : 19/40]
Src_cls_loss	: 0.0634
-------------------------------------
[Epoch : 20/40]
Src_cls_loss	: 0.0605
-------------------------------------
[Epoch : 21/40]
Src_cls_loss	: 0.0579
-------------------------------------
[Epoch : 22/40]
Src_cls_loss	: 0.0554
-------------------------------------
[Epoch : 23/40]
Src_cls_loss	: 0.0531
-------------------------------------
[Epoch : 24/40]
Src_cls_loss	: 0.0511
-------------------------------------
[Epoch : 25/40]
Src_cls_loss	: 0.0492
-------------------------------------
[Epoch : 26/40]
Src_cls_loss	: 0.0475
-------------------------------------
[Epoch : 27/40]
Src_cls_loss	: 0.0458
-------------------------------------
[Epoch : 28/40]
Src_cls_loss	: 0.0443
-------------------------------------
[Epoch : 29/40]
Src_cls_loss	: 0.0430
-------------------------------------
[Epoch : 30/40]
Src_cls_loss	: 0.0416
-------------------------------------
[Epoch : 31/40]
Src_cls_loss	: 0.0404
-------------------------------------
[Epoch : 32/40]
Src_cls_loss	: 0.0392
-------------------------------------
[Epoch : 33/40]
Src_cls_loss	: 0.0380
-------------------------------------
[Epoch : 34/40]
Src_cls_loss	: 0.0370
-------------------------------------
[Epoch : 35/40]
Src_cls_loss	: 0.0360
-------------------------------------
[Epoch : 36/40]
Src_cls_loss	: 0.0351
-------------------------------------
[Epoch : 37/40]
Src_cls_loss	: 0.0342
-------------------------------------
[Epoch : 38/40]
Src_cls_loss	: 0.0335
-------------------------------------
[Epoch : 39/40]
Src_cls_loss	: 0.0327
-------------------------------------
[Epoch : 40/40]
Src_cls_loss	: 0.0320
-------------------------------------
