=============================================
Dataset: pamap_mobiact
Method:  SYN
=============================================
Source: syn_wal_59 ---> Target: dp_wal_59
Run ID: 8
=============================================
[Epoch : 1/40]
Src_cls_loss	: 0.5645
-------------------------------------
[Epoch : 2/40]
Src_cls_loss	: 0.4032
-------------------------------------
[Epoch : 3/40]
Src_cls_loss	: 0.3195
-------------------------------------
[Epoch : 4/40]
Src_cls_loss	: 0.2672
-------------------------------------
[Epoch : 5/40]
Src_cls_loss	: 0.2279
-------------------------------------
[Epoch : 6/40]
Src_cls_loss	: 0.1987
-------------------------------------
[Epoch : 7/40]
Src_cls_loss	: 0.1769
-------------------------------------
[Epoch : 8/40]
Src_cls_loss	: 0.1591
-------------------------------------
[Epoch : 9/40]
Src_cls_loss	: 0.1443
-------------------------------------
[Epoch : 10/40]
Src_cls_loss	: 0.1331
-------------------------------------
[Epoch : 11/40]
Src_cls_loss	: 0.1226
-------------------------------------
[Epoch : 12/40]
Src_cls_loss	: 0.1136
-------------------------------------
[Epoch : 13/40]
Src_cls_loss	: 0.1060
-------------------------------------
[Epoch : 14/40]
Src_cls_loss	: 0.0992
-------------------------------------
[Epoch : 15/40]
Src_cls_loss	: 0.0943
-------------------------------------
[Epoch : 16/40]
Src_cls_loss	: 0.0894
-------------------------------------
[Epoch : 17/40]
Src_cls_loss	: 0.0847
-------------------------------------
[Epoch : 18/40]
Src_cls_loss	: 0.0805
-------------------------------------
[Epoch : 19/40]
Src_cls_loss	: 0.0767
-------------------------------------
[Epoch : 20/40]
Src_cls_loss	: 0.0734
-------------------------------------
[Epoch : 21/40]
Src_cls_loss	: 0.0705
-------------------------------------
[Epoch : 22/40]
Src_cls_loss	: 0.0677
-------------------------------------
[Epoch : 23/40]
Src_cls_loss	: 0.0652
-------------------------------------
[Epoch : 24/40]
Src_cls_loss	: 0.0627
-------------------------------------
[Epoch : 25/40]
Src_cls_loss	: 0.0605
-------------------------------------
[Epoch : 26/40]
Src_cls_loss	: 0.0584
-------------------------------------
[Epoch : 27/40]
Src_cls_loss	: 0.0564
-------------------------------------
[Epoch : 28/40]
Src_cls_loss	: 0.0545
-------------------------------------
[Epoch : 29/40]
Src_cls_loss	: 0.0527
-------------------------------------
[Epoch : 30/40]
Src_cls_loss	: 0.0511
-------------------------------------
[Epoch : 31/40]
Src_cls_loss	: 0.0495
-------------------------------------
[Epoch : 32/40]
Src_cls_loss	: 0.0483
-------------------------------------
[Epoch : 33/40]
Src_cls_loss	: 0.0474
-------------------------------------
[Epoch : 34/40]
Src_cls_loss	: 0.0463
-------------------------------------
[Epoch : 35/40]
Src_cls_loss	: 0.0451
-------------------------------------
[Epoch : 36/40]
Src_cls_loss	: 0.0439
-------------------------------------
[Epoch : 37/40]
Src_cls_loss	: 0.0428
-------------------------------------
[Epoch : 38/40]
Src_cls_loss	: 0.0418
-------------------------------------
[Epoch : 39/40]
Src_cls_loss	: 0.0408
-------------------------------------
[Epoch : 40/40]
Src_cls_loss	: 0.0399
-------------------------------------
