=============================================
Dataset: realworld_mobiact
Method:  SYN
=============================================
Source: syn_wal_52 ---> Target: dp_wal_52
Run ID: 2
=============================================
[Epoch : 1/40]
Src_cls_loss	: 0.8091
-------------------------------------
[Epoch : 2/40]
Src_cls_loss	: 0.5873
-------------------------------------
[Epoch : 3/40]
Src_cls_loss	: 0.4435
-------------------------------------
[Epoch : 4/40]
Src_cls_loss	: 0.3560
-------------------------------------
[Epoch : 5/40]
Src_cls_loss	: 0.2962
-------------------------------------
[Epoch : 6/40]
Src_cls_loss	: 0.2541
-------------------------------------
[Epoch : 7/40]
Src_cls_loss	: 0.2231
-------------------------------------
[Epoch : 8/40]
Src_cls_loss	: 0.1996
-------------------------------------
[Epoch : 9/40]
Src_cls_loss	: 0.1796
-------------------------------------
[Epoch : 10/40]
Src_cls_loss	: 0.1633
-------------------------------------
[Epoch : 11/40]
Src_cls_loss	: 0.1499
-------------------------------------
[Epoch : 12/40]
Src_cls_loss	: 0.1383
-------------------------------------
[Epoch : 13/40]
Src_cls_loss	: 0.1286
-------------------------------------
[Epoch : 14/40]
Src_cls_loss	: 0.1203
-------------------------------------
[Epoch : 15/40]
Src_cls_loss	: 0.1129
-------------------------------------
[Epoch : 16/40]
Src_cls_loss	: 0.1065
-------------------------------------
[Epoch : 17/40]
Src_cls_loss	: 0.1009
-------------------------------------
[Epoch : 18/40]
Src_cls_loss	: 0.0957
-------------------------------------
[Epoch : 19/40]
Src_cls_loss	: 0.0910
-------------------------------------
[Epoch : 20/40]
Src_cls_loss	: 0.0867
-------------------------------------
[Epoch : 21/40]
Src_cls_loss	: 0.0828
-------------------------------------
[Epoch : 22/40]
Src_cls_loss	: 0.0792
-------------------------------------
[Epoch : 23/40]
Src_cls_loss	: 0.0760
-------------------------------------
[Epoch : 24/40]
Src_cls_loss	: 0.0731
-------------------------------------
[Epoch : 25/40]
Src_cls_loss	: 0.0704
-------------------------------------
[Epoch : 26/40]
Src_cls_loss	: 0.0678
-------------------------------------
[Epoch : 27/40]
Src_cls_loss	: 0.0654
-------------------------------------
[Epoch : 28/40]
Src_cls_loss	: 0.0632
-------------------------------------
[Epoch : 29/40]
Src_cls_loss	: 0.0611
-------------------------------------
[Epoch : 30/40]
Src_cls_loss	: 0.0592
-------------------------------------
[Epoch : 31/40]
Src_cls_loss	: 0.0573
-------------------------------------
[Epoch : 32/40]
Src_cls_loss	: 0.0556
-------------------------------------
[Epoch : 33/40]
Src_cls_loss	: 0.0540
-------------------------------------
[Epoch : 34/40]
Src_cls_loss	: 0.0525
-------------------------------------
[Epoch : 35/40]
Src_cls_loss	: 0.0510
-------------------------------------
[Epoch : 36/40]
Src_cls_loss	: 0.0496
-------------------------------------
[Epoch : 37/40]
Src_cls_loss	: 0.0483
-------------------------------------
[Epoch : 38/40]
Src_cls_loss	: 0.0471
-------------------------------------
[Epoch : 39/40]
Src_cls_loss	: 0.0459
-------------------------------------
[Epoch : 40/40]
Src_cls_loss	: 0.0448
-------------------------------------
