=============================================
Dataset: realworld_pamap
Method:  SYN
=============================================
Source: syn_wal_17 ---> Target: dp_wal_17
Run ID: 0
=============================================
[Epoch : 1/40]
Src_cls_loss	: 0.7714
-------------------------------------
[Epoch : 2/40]
Src_cls_loss	: 0.5745
-------------------------------------
[Epoch : 3/40]
Src_cls_loss	: 0.4589
-------------------------------------
[Epoch : 4/40]
Src_cls_loss	: 0.3801
-------------------------------------
[Epoch : 5/40]
Src_cls_loss	: 0.3206
-------------------------------------
[Epoch : 6/40]
Src_cls_loss	: 0.2776
-------------------------------------
[Epoch : 7/40]
Src_cls_loss	: 0.2432
-------------------------------------
[Epoch : 8/40]
Src_cls_loss	: 0.2160
-------------------------------------
[Epoch : 9/40]
Src_cls_loss	: 0.1940
-------------------------------------
[Epoch : 10/40]
Src_cls_loss	: 0.1760
-------------------------------------
[Epoch : 11/40]
Src_cls_loss	: 0.1610
-------------------------------------
[Epoch : 12/40]
Src_cls_loss	: 0.1484
-------------------------------------
[Epoch : 13/40]
Src_cls_loss	: 0.1377
-------------------------------------
[Epoch : 14/40]
Src_cls_loss	: 0.1285
-------------------------------------
[Epoch : 15/40]
Src_cls_loss	: 0.1204
-------------------------------------
[Epoch : 16/40]
Src_cls_loss	: 0.1134
-------------------------------------
[Epoch : 17/40]
Src_cls_loss	: 0.1070
-------------------------------------
[Epoch : 18/40]
Src_cls_loss	: 0.1017
-------------------------------------
[Epoch : 19/40]
Src_cls_loss	: 0.0970
-------------------------------------
[Epoch : 20/40]
Src_cls_loss	: 0.0927
-------------------------------------
[Epoch : 21/40]
Src_cls_loss	: 0.0886
-------------------------------------
[Epoch : 22/40]
Src_cls_loss	: 0.0848
-------------------------------------
[Epoch : 23/40]
Src_cls_loss	: 0.0813
-------------------------------------
[Epoch : 24/40]
Src_cls_loss	: 0.0781
-------------------------------------
[Epoch : 25/40]
Src_cls_loss	: 0.0753
-------------------------------------
[Epoch : 26/40]
Src_cls_loss	: 0.0726
-------------------------------------
[Epoch : 27/40]
Src_cls_loss	: 0.0700
-------------------------------------
[Epoch : 28/40]
Src_cls_loss	: 0.0676
-------------------------------------
[Epoch : 29/40]
Src_cls_loss	: 0.0654
-------------------------------------
[Epoch : 30/40]
Src_cls_loss	: 0.0632
-------------------------------------
[Epoch : 31/40]
Src_cls_loss	: 0.0612
-------------------------------------
[Epoch : 32/40]
Src_cls_loss	: 0.0594
-------------------------------------
[Epoch : 33/40]
Src_cls_loss	: 0.0577
-------------------------------------
[Epoch : 34/40]
Src_cls_loss	: 0.0560
-------------------------------------
[Epoch : 35/40]
Src_cls_loss	: 0.0544
-------------------------------------
[Epoch : 36/40]
Src_cls_loss	: 0.0530
-------------------------------------
[Epoch : 37/40]
Src_cls_loss	: 0.0516
-------------------------------------
[Epoch : 38/40]
Src_cls_loss	: 0.0503
-------------------------------------
[Epoch : 39/40]
Src_cls_loss	: 0.0490
-------------------------------------
[Epoch : 40/40]
Src_cls_loss	: 0.0478
-------------------------------------
