=============================================
Dataset: pamap_mobiact
Method:  SYN
=============================================
Source: syn_wal_16 ---> Target: dp_wal_16
Run ID: 7
=============================================
[Epoch : 1/40]
Src_cls_loss	: 0.6838
-------------------------------------
[Epoch : 2/40]
Src_cls_loss	: 0.4917
-------------------------------------
[Epoch : 3/40]
Src_cls_loss	: 0.3906
-------------------------------------
[Epoch : 4/40]
Src_cls_loss	: 0.3248
-------------------------------------
[Epoch : 5/40]
Src_cls_loss	: 0.2778
-------------------------------------
[Epoch : 6/40]
Src_cls_loss	: 0.2411
-------------------------------------
[Epoch : 7/40]
Src_cls_loss	: 0.2138
-------------------------------------
[Epoch : 8/40]
Src_cls_loss	: 0.1918
-------------------------------------
[Epoch : 9/40]
Src_cls_loss	: 0.1740
-------------------------------------
[Epoch : 10/40]
Src_cls_loss	: 0.1596
-------------------------------------
[Epoch : 11/40]
Src_cls_loss	: 0.1473
-------------------------------------
[Epoch : 12/40]
Src_cls_loss	: 0.1370
-------------------------------------
[Epoch : 13/40]
Src_cls_loss	: 0.1279
-------------------------------------
[Epoch : 14/40]
Src_cls_loss	: 0.1199
-------------------------------------
[Epoch : 15/40]
Src_cls_loss	: 0.1128
-------------------------------------
[Epoch : 16/40]
Src_cls_loss	: 0.1066
-------------------------------------
[Epoch : 17/40]
Src_cls_loss	: 0.1009
-------------------------------------
[Epoch : 18/40]
Src_cls_loss	: 0.0959
-------------------------------------
[Epoch : 19/40]
Src_cls_loss	: 0.0912
-------------------------------------
[Epoch : 20/40]
Src_cls_loss	: 0.0870
-------------------------------------
[Epoch : 21/40]
Src_cls_loss	: 0.0834
-------------------------------------
[Epoch : 22/40]
Src_cls_loss	: 0.0799
-------------------------------------
[Epoch : 23/40]
Src_cls_loss	: 0.0768
-------------------------------------
[Epoch : 24/40]
Src_cls_loss	: 0.0739
-------------------------------------
[Epoch : 25/40]
Src_cls_loss	: 0.0712
-------------------------------------
[Epoch : 26/40]
Src_cls_loss	: 0.0686
-------------------------------------
[Epoch : 27/40]
Src_cls_loss	: 0.0663
-------------------------------------
[Epoch : 28/40]
Src_cls_loss	: 0.0641
-------------------------------------
[Epoch : 29/40]
Src_cls_loss	: 0.0620
-------------------------------------
[Epoch : 30/40]
Src_cls_loss	: 0.0600
-------------------------------------
[Epoch : 31/40]
Src_cls_loss	: 0.0582
-------------------------------------
[Epoch : 32/40]
Src_cls_loss	: 0.0565
-------------------------------------
[Epoch : 33/40]
Src_cls_loss	: 0.0549
-------------------------------------
[Epoch : 34/40]
Src_cls_loss	: 0.0533
-------------------------------------
[Epoch : 35/40]
Src_cls_loss	: 0.0521
-------------------------------------
[Epoch : 36/40]
Src_cls_loss	: 0.0508
-------------------------------------
[Epoch : 37/40]
Src_cls_loss	: 0.0495
-------------------------------------
[Epoch : 38/40]
Src_cls_loss	: 0.0482
-------------------------------------
[Epoch : 39/40]
Src_cls_loss	: 0.0471
-------------------------------------
[Epoch : 40/40]
Src_cls_loss	: 0.0460
-------------------------------------
