=============================================
Dataset: pamap_realworld
Method:  SYN
=============================================
Source: syn_wal_15 ---> Target: dp_wal_15
Run ID: 5
=============================================
[Epoch : 1/40]
Src_cls_loss	: 0.5082
-------------------------------------
[Epoch : 2/40]
Src_cls_loss	: 0.3679
-------------------------------------
[Epoch : 3/40]
Src_cls_loss	: 0.2759
-------------------------------------
[Epoch : 4/40]
Src_cls_loss	: 0.2191
-------------------------------------
[Epoch : 5/40]
Src_cls_loss	: 0.1809
-------------------------------------
[Epoch : 6/40]
Src_cls_loss	: 0.1543
-------------------------------------
[Epoch : 7/40]
Src_cls_loss	: 0.1346
-------------------------------------
[Epoch : 8/40]
Src_cls_loss	: 0.1207
-------------------------------------
[Epoch : 9/40]
Src_cls_loss	: 0.1086
-------------------------------------
[Epoch : 10/40]
Src_cls_loss	: 0.0989
-------------------------------------
[Epoch : 11/40]
Src_cls_loss	: 0.0906
-------------------------------------
[Epoch : 12/40]
Src_cls_loss	: 0.0836
-------------------------------------
[Epoch : 13/40]
Src_cls_loss	: 0.0776
-------------------------------------
[Epoch : 14/40]
Src_cls_loss	: 0.0723
-------------------------------------
[Epoch : 15/40]
Src_cls_loss	: 0.0681
-------------------------------------
[Epoch : 16/40]
Src_cls_loss	: 0.0643
-------------------------------------
[Epoch : 17/40]
Src_cls_loss	: 0.0611
-------------------------------------
[Epoch : 18/40]
Src_cls_loss	: 0.0580
-------------------------------------
[Epoch : 19/40]
Src_cls_loss	: 0.0551
-------------------------------------
[Epoch : 20/40]
Src_cls_loss	: 0.0525
-------------------------------------
[Epoch : 21/40]
Src_cls_loss	: 0.0503
-------------------------------------
[Epoch : 22/40]
Src_cls_loss	: 0.0482
-------------------------------------
[Epoch : 23/40]
Src_cls_loss	: 0.0462
-------------------------------------
[Epoch : 24/40]
Src_cls_loss	: 0.0444
-------------------------------------
[Epoch : 25/40]
Src_cls_loss	: 0.0427
-------------------------------------
[Epoch : 26/40]
Src_cls_loss	: 0.0412
-------------------------------------
[Epoch : 27/40]
Src_cls_loss	: 0.0398
-------------------------------------
[Epoch : 28/40]
Src_cls_loss	: 0.0385
-------------------------------------
[Epoch : 29/40]
Src_cls_loss	: 0.0373
-------------------------------------
[Epoch : 30/40]
Src_cls_loss	: 0.0361
-------------------------------------
[Epoch : 31/40]
Src_cls_loss	: 0.0350
-------------------------------------
[Epoch : 32/40]
Src_cls_loss	: 0.0339
-------------------------------------
[Epoch : 33/40]
Src_cls_loss	: 0.0329
-------------------------------------
[Epoch : 34/40]
Src_cls_loss	: 0.0321
-------------------------------------
[Epoch : 35/40]
Src_cls_loss	: 0.0312
-------------------------------------
[Epoch : 36/40]
Src_cls_loss	: 0.0304
-------------------------------------
[Epoch : 37/40]
Src_cls_loss	: 0.0296
-------------------------------------
[Epoch : 38/40]
Src_cls_loss	: 0.0289
-------------------------------------
[Epoch : 39/40]
Src_cls_loss	: 0.0282
-------------------------------------
[Epoch : 40/40]
Src_cls_loss	: 0.0275
-------------------------------------
