=============================================
Dataset: pamap_mobiact
Method:  Deep_Coral
=============================================
Source: df ---> Target: dp_wal_51
Run ID: 0
=============================================
[Epoch : 1/40]
Total_loss	: 3.4215
Src_cls_loss	: 0.5127
coral_loss	: 0.0008
-------------------------------------
[Epoch : 2/40]
Total_loss	: 2.4421
Src_cls_loss	: 0.3658
coral_loss	: 0.0008
-------------------------------------
[Epoch : 3/40]
Total_loss	: 1.9760
Src_cls_loss	: 0.2958
coral_loss	: 0.0008
-------------------------------------
[Epoch : 4/40]
Total_loss	: 1.6798
Src_cls_loss	: 0.2514
coral_loss	: 0.0008
-------------------------------------
[Epoch : 5/40]
Total_loss	: 1.4723
Src_cls_loss	: 0.2202
coral_loss	: 0.0008
-------------------------------------
[Epoch : 6/40]
Total_loss	: 1.3305
Src_cls_loss	: 0.1990
coral_loss	: 0.0008
-------------------------------------
[Epoch : 7/40]
Total_loss	: 1.2266
Src_cls_loss	: 0.1833
coral_loss	: 0.0008
-------------------------------------
[Epoch : 8/40]
Total_loss	: 1.1239
Src_cls_loss	: 0.1679
coral_loss	: 0.0008
-------------------------------------
[Epoch : 9/40]
Total_loss	: 1.0480
Src_cls_loss	: 0.1565
coral_loss	: 0.0008
-------------------------------------
[Epoch : 10/40]
Total_loss	: 0.9744
Src_cls_loss	: 0.1455
coral_loss	: 0.0008
-------------------------------------
[Epoch : 11/40]
Total_loss	: 0.9154
Src_cls_loss	: 0.1366
coral_loss	: 0.0008
-------------------------------------
[Epoch : 12/40]
Total_loss	: 0.8654
Src_cls_loss	: 0.1291
coral_loss	: 0.0008
-------------------------------------
[Epoch : 13/40]
Total_loss	: 0.8247
Src_cls_loss	: 0.1230
coral_loss	: 0.0008
-------------------------------------
[Epoch : 14/40]
Total_loss	: 0.7863
Src_cls_loss	: 0.1172
coral_loss	: 0.0008
-------------------------------------
[Epoch : 15/40]
Total_loss	: 0.7567
Src_cls_loss	: 0.1128
coral_loss	: 0.0008
-------------------------------------
[Epoch : 16/40]
Total_loss	: 0.7218
Src_cls_loss	: 0.1076
coral_loss	: 0.0008
-------------------------------------
[Epoch : 17/40]
Total_loss	: 0.6960
Src_cls_loss	: 0.1037
coral_loss	: 0.0008
-------------------------------------
[Epoch : 18/40]
Total_loss	: 0.6697
Src_cls_loss	: 0.0997
coral_loss	: 0.0008
-------------------------------------
[Epoch : 19/40]
Total_loss	: 0.6439
Src_cls_loss	: 0.0959
coral_loss	: 0.0008
-------------------------------------
[Epoch : 20/40]
Total_loss	: 0.6200
Src_cls_loss	: 0.0923
coral_loss	: 0.0008
-------------------------------------
[Epoch : 21/40]
Total_loss	: 0.5972
Src_cls_loss	: 0.0889
coral_loss	: 0.0008
-------------------------------------
[Epoch : 22/40]
Total_loss	: 0.5798
Src_cls_loss	: 0.0863
coral_loss	: 0.0008
-------------------------------------
[Epoch : 23/40]
Total_loss	: 0.5607
Src_cls_loss	: 0.0834
coral_loss	: 0.0008
-------------------------------------
[Epoch : 24/40]
Total_loss	: 0.5462
Src_cls_loss	: 0.0812
coral_loss	: 0.0008
-------------------------------------
[Epoch : 25/40]
Total_loss	: 0.5298
Src_cls_loss	: 0.0788
coral_loss	: 0.0008
-------------------------------------
[Epoch : 26/40]
Total_loss	: 0.5137
Src_cls_loss	: 0.0764
coral_loss	: 0.0008
-------------------------------------
[Epoch : 27/40]
Total_loss	: 0.4990
Src_cls_loss	: 0.0742
coral_loss	: 0.0008
-------------------------------------
[Epoch : 28/40]
Total_loss	: 0.4863
Src_cls_loss	: 0.0722
coral_loss	: 0.0008
-------------------------------------
[Epoch : 29/40]
Total_loss	: 0.4750
Src_cls_loss	: 0.0706
coral_loss	: 0.0008
-------------------------------------
[Epoch : 30/40]
Total_loss	: 0.4630
Src_cls_loss	: 0.0688
coral_loss	: 0.0008
-------------------------------------
[Epoch : 31/40]
Total_loss	: 0.4538
Src_cls_loss	: 0.0674
coral_loss	: 0.0008
-------------------------------------
[Epoch : 32/40]
Total_loss	: 0.4440
Src_cls_loss	: 0.0659
coral_loss	: 0.0008
-------------------------------------
[Epoch : 33/40]
Total_loss	: 0.4349
Src_cls_loss	: 0.0645
coral_loss	: 0.0008
-------------------------------------
[Epoch : 34/40]
Total_loss	: 0.4263
Src_cls_loss	: 0.0633
coral_loss	: 0.0007
-------------------------------------
[Epoch : 35/40]
Total_loss	: 0.4165
Src_cls_loss	: 0.0618
coral_loss	: 0.0007
-------------------------------------
[Epoch : 36/40]
Total_loss	: 0.4091
Src_cls_loss	: 0.0607
coral_loss	: 0.0007
-------------------------------------
[Epoch : 37/40]
Total_loss	: 0.4029
Src_cls_loss	: 0.0597
coral_loss	: 0.0007
-------------------------------------
[Epoch : 38/40]
Total_loss	: 0.3949
Src_cls_loss	: 0.0585
coral_loss	: 0.0007
-------------------------------------
[Epoch : 39/40]
Total_loss	: 0.3874
Src_cls_loss	: 0.0574
coral_loss	: 0.0007
-------------------------------------
[Epoch : 40/40]
Total_loss	: 0.3822
Src_cls_loss	: 0.0566
coral_loss	: 0.0007
-------------------------------------
