=============================================
Dataset: pamap_mobiact
Method:  SYN
=============================================
Source: syn_wal_8 ---> Target: dp_wal_8
Run ID: 5
=============================================
[Epoch : 1/40]
Src_cls_loss	: 0.5796
-------------------------------------
[Epoch : 2/40]
Src_cls_loss	: 0.4070
-------------------------------------
[Epoch : 3/40]
Src_cls_loss	: 0.3203
-------------------------------------
[Epoch : 4/40]
Src_cls_loss	: 0.2700
-------------------------------------
[Epoch : 5/40]
Src_cls_loss	: 0.2310
-------------------------------------
[Epoch : 6/40]
Src_cls_loss	: 0.2029
-------------------------------------
[Epoch : 7/40]
Src_cls_loss	: 0.1814
-------------------------------------
[Epoch : 8/40]
Src_cls_loss	: 0.1645
-------------------------------------
[Epoch : 9/40]
Src_cls_loss	: 0.1501
-------------------------------------
[Epoch : 10/40]
Src_cls_loss	: 0.1380
-------------------------------------
[Epoch : 11/40]
Src_cls_loss	: 0.1282
-------------------------------------
[Epoch : 12/40]
Src_cls_loss	: 0.1193
-------------------------------------
[Epoch : 13/40]
Src_cls_loss	: 0.1126
-------------------------------------
[Epoch : 14/40]
Src_cls_loss	: 0.1057
-------------------------------------
[Epoch : 15/40]
Src_cls_loss	: 0.0998
-------------------------------------
[Epoch : 16/40]
Src_cls_loss	: 0.0956
-------------------------------------
[Epoch : 17/40]
Src_cls_loss	: 0.0908
-------------------------------------
[Epoch : 18/40]
Src_cls_loss	: 0.0866
-------------------------------------
[Epoch : 19/40]
Src_cls_loss	: 0.0837
-------------------------------------
[Epoch : 20/40]
Src_cls_loss	: 0.0806
-------------------------------------
[Epoch : 21/40]
Src_cls_loss	: 0.0776
-------------------------------------
[Epoch : 22/40]
Src_cls_loss	: 0.0744
-------------------------------------
[Epoch : 23/40]
Src_cls_loss	: 0.0717
-------------------------------------
[Epoch : 24/40]
Src_cls_loss	: 0.0690
-------------------------------------
[Epoch : 25/40]
Src_cls_loss	: 0.0665
-------------------------------------
[Epoch : 26/40]
Src_cls_loss	: 0.0642
-------------------------------------
[Epoch : 27/40]
Src_cls_loss	: 0.0620
-------------------------------------
[Epoch : 28/40]
Src_cls_loss	: 0.0601
-------------------------------------
[Epoch : 29/40]
Src_cls_loss	: 0.0584
-------------------------------------
[Epoch : 30/40]
Src_cls_loss	: 0.0566
-------------------------------------
[Epoch : 31/40]
Src_cls_loss	: 0.0549
-------------------------------------
[Epoch : 32/40]
Src_cls_loss	: 0.0534
-------------------------------------
[Epoch : 33/40]
Src_cls_loss	: 0.0520
-------------------------------------
[Epoch : 34/40]
Src_cls_loss	: 0.0507
-------------------------------------
[Epoch : 35/40]
Src_cls_loss	: 0.0493
-------------------------------------
[Epoch : 36/40]
Src_cls_loss	: 0.0481
-------------------------------------
[Epoch : 37/40]
Src_cls_loss	: 0.0469
-------------------------------------
[Epoch : 38/40]
Src_cls_loss	: 0.0459
-------------------------------------
[Epoch : 39/40]
Src_cls_loss	: 0.0448
-------------------------------------
[Epoch : 40/40]
Src_cls_loss	: 0.0441
-------------------------------------
