=============================================
Dataset: realworld_mobiact
Method:  Deep_Coral
=============================================
Source: df ---> Target: dp_wal_59
Run ID: 0
=============================================
[Epoch : 1/40]
Total_loss	: 2.4515
Src_cls_loss	: 0.3673
coral_loss	: 0.0007
-------------------------------------
[Epoch : 2/40]
Total_loss	: 2.0031
Src_cls_loss	: 0.3000
coral_loss	: 0.0006
-------------------------------------
[Epoch : 3/40]
Total_loss	: 1.7612
Src_cls_loss	: 0.2637
coral_loss	: 0.0006
-------------------------------------
[Epoch : 4/40]
Total_loss	: 1.6056
Src_cls_loss	: 0.2404
coral_loss	: 0.0006
-------------------------------------
[Epoch : 5/40]
Total_loss	: 1.4936
Src_cls_loss	: 0.2236
coral_loss	: 0.0006
-------------------------------------
[Epoch : 6/40]
Total_loss	: 1.4106
Src_cls_loss	: 0.2112
coral_loss	: 0.0005
-------------------------------------
[Epoch : 7/40]
Total_loss	: 1.3458
Src_cls_loss	: 0.2015
coral_loss	: 0.0005
-------------------------------------
[Epoch : 8/40]
Total_loss	: 1.2860
Src_cls_loss	: 0.1925
coral_loss	: 0.0005
-------------------------------------
[Epoch : 9/40]
Total_loss	: 1.2281
Src_cls_loss	: 0.1838
coral_loss	: 0.0005
-------------------------------------
[Epoch : 10/40]
Total_loss	: 1.1801
Src_cls_loss	: 0.1766
coral_loss	: 0.0005
-------------------------------------
[Epoch : 11/40]
Total_loss	: 1.1370
Src_cls_loss	: 0.1702
coral_loss	: 0.0005
-------------------------------------
[Epoch : 12/40]
Total_loss	: 1.0975
Src_cls_loss	: 0.1643
coral_loss	: 0.0005
-------------------------------------
[Epoch : 13/40]
Total_loss	: 1.0615
Src_cls_loss	: 0.1589
coral_loss	: 0.0004
-------------------------------------
[Epoch : 14/40]
Total_loss	: 1.0295
Src_cls_loss	: 0.1541
coral_loss	: 0.0004
-------------------------------------
[Epoch : 15/40]
Total_loss	: 0.9999
Src_cls_loss	: 0.1497
coral_loss	: 0.0004
-------------------------------------
[Epoch : 16/40]
Total_loss	: 0.9713
Src_cls_loss	: 0.1454
coral_loss	: 0.0004
-------------------------------------
[Epoch : 17/40]
Total_loss	: 0.9443
Src_cls_loss	: 0.1413
coral_loss	: 0.0004
-------------------------------------
[Epoch : 18/40]
Total_loss	: 0.9204
Src_cls_loss	: 0.1377
coral_loss	: 0.0004
-------------------------------------
[Epoch : 19/40]
Total_loss	: 0.8962
Src_cls_loss	: 0.1341
coral_loss	: 0.0004
-------------------------------------
[Epoch : 20/40]
Total_loss	: 0.8736
Src_cls_loss	: 0.1307
coral_loss	: 0.0004
-------------------------------------
[Epoch : 21/40]
Total_loss	: 0.8518
Src_cls_loss	: 0.1275
coral_loss	: 0.0004
-------------------------------------
[Epoch : 22/40]
Total_loss	: 0.8312
Src_cls_loss	: 0.1244
coral_loss	: 0.0004
-------------------------------------
[Epoch : 23/40]
Total_loss	: 0.8119
Src_cls_loss	: 0.1215
coral_loss	: 0.0004
-------------------------------------
[Epoch : 24/40]
Total_loss	: 0.7933
Src_cls_loss	: 0.1187
coral_loss	: 0.0004
-------------------------------------
[Epoch : 25/40]
Total_loss	: 0.7751
Src_cls_loss	: 0.1160
coral_loss	: 0.0004
-------------------------------------
[Epoch : 26/40]
Total_loss	: 0.7575
Src_cls_loss	: 0.1134
coral_loss	: 0.0003
-------------------------------------
[Epoch : 27/40]
Total_loss	: 0.7411
Src_cls_loss	: 0.1109
coral_loss	: 0.0003
-------------------------------------
[Epoch : 28/40]
Total_loss	: 0.7251
Src_cls_loss	: 0.1085
coral_loss	: 0.0003
-------------------------------------
[Epoch : 29/40]
Total_loss	: 0.7100
Src_cls_loss	: 0.1062
coral_loss	: 0.0003
-------------------------------------
[Epoch : 30/40]
Total_loss	: 0.6960
Src_cls_loss	: 0.1041
coral_loss	: 0.0003
-------------------------------------
[Epoch : 31/40]
Total_loss	: 0.6815
Src_cls_loss	: 0.1020
coral_loss	: 0.0003
-------------------------------------
[Epoch : 32/40]
Total_loss	: 0.6674
Src_cls_loss	: 0.0998
coral_loss	: 0.0003
-------------------------------------
[Epoch : 33/40]
Total_loss	: 0.6545
Src_cls_loss	: 0.0979
coral_loss	: 0.0003
-------------------------------------
[Epoch : 34/40]
Total_loss	: 0.6428
Src_cls_loss	: 0.0962
coral_loss	: 0.0003
-------------------------------------
[Epoch : 35/40]
Total_loss	: 0.6299
Src_cls_loss	: 0.0942
coral_loss	: 0.0003
-------------------------------------
[Epoch : 36/40]
Total_loss	: 0.6184
Src_cls_loss	: 0.0925
coral_loss	: 0.0003
-------------------------------------
[Epoch : 37/40]
Total_loss	: 0.6064
Src_cls_loss	: 0.0907
coral_loss	: 0.0003
-------------------------------------
[Epoch : 38/40]
Total_loss	: 0.5958
Src_cls_loss	: 0.0891
coral_loss	: 0.0003
-------------------------------------
[Epoch : 39/40]
Total_loss	: 0.5856
Src_cls_loss	: 0.0876
coral_loss	: 0.0003
-------------------------------------
[Epoch : 40/40]
Total_loss	: 0.5753
Src_cls_loss	: 0.0861
coral_loss	: 0.0003
-------------------------------------
