=============================================
Dataset: CWRU_Ball
Method:  Deep_Coral
=============================================
Source: 0 ---> Target: 4
Run ID: 1
=============================================
[Epoch : 1/40]
Total_loss	: 0.0137
Src_cls_loss	: 0.1255
coral_loss	: 0.0002
-------------------------------------
[Epoch : 2/40]
Total_loss	: 0.0080
Src_cls_loss	: 0.0705
coral_loss	: 0.0002
-------------------------------------
[Epoch : 3/40]
Total_loss	: 0.0059
Src_cls_loss	: 0.0500
coral_loss	: 0.0002
-------------------------------------
[Epoch : 4/40]
Total_loss	: 0.0047
Src_cls_loss	: 0.0393
coral_loss	: 0.0002
-------------------------------------
[Epoch : 5/40]
Total_loss	: 0.0039
Src_cls_loss	: 0.0326
coral_loss	: 0.0001
-------------------------------------
[Epoch : 6/40]
Total_loss	: 0.0034
Src_cls_loss	: 0.0279
coral_loss	: 0.0001
-------------------------------------
[Epoch : 7/40]
Total_loss	: 0.0030
Src_cls_loss	: 0.0246
coral_loss	: 0.0001
-------------------------------------
[Epoch : 8/40]
Total_loss	: 0.0028
Src_cls_loss	: 0.0223
coral_loss	: 0.0001
-------------------------------------
[Epoch : 9/40]
Total_loss	: 0.0025
Src_cls_loss	: 0.0202
coral_loss	: 0.0001
-------------------------------------
[Epoch : 10/40]
Total_loss	: 0.0023
Src_cls_loss	: 0.0185
coral_loss	: 0.0001
-------------------------------------
[Epoch : 11/40]
Total_loss	: 0.0022
Src_cls_loss	: 0.0173
coral_loss	: 0.0001
-------------------------------------
[Epoch : 12/40]
Total_loss	: 0.0020
Src_cls_loss	: 0.0162
coral_loss	: 0.0001
-------------------------------------
[Epoch : 13/40]
Total_loss	: 0.0019
Src_cls_loss	: 0.0154
coral_loss	: 0.0001
-------------------------------------
[Epoch : 14/40]
Total_loss	: 0.0018
Src_cls_loss	: 0.0146
coral_loss	: 0.0001
-------------------------------------
[Epoch : 15/40]
Total_loss	: 0.0017
Src_cls_loss	: 0.0138
coral_loss	: 0.0001
-------------------------------------
[Epoch : 16/40]
Total_loss	: 0.0016
Src_cls_loss	: 0.0132
coral_loss	: 0.0001
-------------------------------------
[Epoch : 17/40]
Total_loss	: 0.0016
Src_cls_loss	: 0.0127
coral_loss	: 0.0001
-------------------------------------
[Epoch : 18/40]
Total_loss	: 0.0015
Src_cls_loss	: 0.0121
coral_loss	: 0.0001
-------------------------------------
[Epoch : 19/40]
Total_loss	: 0.0015
Src_cls_loss	: 0.0117
coral_loss	: 0.0001
-------------------------------------
[Epoch : 20/40]
Total_loss	: 0.0014
Src_cls_loss	: 0.0114
coral_loss	: 0.0001
-------------------------------------
[Epoch : 21/40]
Total_loss	: 0.0014
Src_cls_loss	: 0.0110
coral_loss	: 0.0001
-------------------------------------
[Epoch : 22/40]
Total_loss	: 0.0013
Src_cls_loss	: 0.0106
coral_loss	: 0.0001
-------------------------------------
[Epoch : 23/40]
Total_loss	: 0.0013
Src_cls_loss	: 0.0103
coral_loss	: 0.0001
-------------------------------------
[Epoch : 24/40]
Total_loss	: 0.0012
Src_cls_loss	: 0.0100
coral_loss	: 0.0001
-------------------------------------
[Epoch : 25/40]
Total_loss	: 0.0012
Src_cls_loss	: 0.0097
coral_loss	: 0.0001
-------------------------------------
[Epoch : 26/40]
Total_loss	: 0.0012
Src_cls_loss	: 0.0094
coral_loss	: 0.0001
-------------------------------------
[Epoch : 27/40]
Total_loss	: 0.0011
Src_cls_loss	: 0.0092
coral_loss	: 0.0000
-------------------------------------
[Epoch : 28/40]
Total_loss	: 0.0011
Src_cls_loss	: 0.0090
coral_loss	: 0.0000
-------------------------------------
[Epoch : 29/40]
Total_loss	: 0.0011
Src_cls_loss	: 0.0087
coral_loss	: 0.0000
-------------------------------------
[Epoch : 30/40]
Total_loss	: 0.0011
Src_cls_loss	: 0.0085
coral_loss	: 0.0000
-------------------------------------
[Epoch : 31/40]
Total_loss	: 0.0010
Src_cls_loss	: 0.0084
coral_loss	: 0.0000
-------------------------------------
[Epoch : 32/40]
Total_loss	: 0.0010
Src_cls_loss	: 0.0082
coral_loss	: 0.0000
-------------------------------------
[Epoch : 33/40]
Total_loss	: 0.0010
Src_cls_loss	: 0.0080
coral_loss	: 0.0000
-------------------------------------
[Epoch : 34/40]
Total_loss	: 0.0010
Src_cls_loss	: 0.0078
coral_loss	: 0.0000
-------------------------------------
[Epoch : 35/40]
Total_loss	: 0.0009
Src_cls_loss	: 0.0077
coral_loss	: 0.0000
-------------------------------------
[Epoch : 36/40]
Total_loss	: 0.0009
Src_cls_loss	: 0.0075
coral_loss	: 0.0000
-------------------------------------
[Epoch : 37/40]
Total_loss	: 0.0009
Src_cls_loss	: 0.0074
coral_loss	: 0.0000
-------------------------------------
[Epoch : 38/40]
Total_loss	: 0.0009
Src_cls_loss	: 0.0073
coral_loss	: 0.0000
-------------------------------------
[Epoch : 39/40]
Total_loss	: 0.0009
Src_cls_loss	: 0.0072
coral_loss	: 0.0000
-------------------------------------
[Epoch : 40/40]
Total_loss	: 0.0009
Src_cls_loss	: 0.0071
coral_loss	: 0.0000
-------------------------------------
