=============================================
Dataset: realworld_mobiact
Method:  SYN
=============================================
Source: syn_wal_58 ---> Target: dp_wal_58
Run ID: 2
=============================================
[Epoch : 1/40]
Src_cls_loss	: 0.8614
-------------------------------------
[Epoch : 2/40]
Src_cls_loss	: 0.7237
-------------------------------------
[Epoch : 3/40]
Src_cls_loss	: 0.6004
-------------------------------------
[Epoch : 4/40]
Src_cls_loss	: 0.5073
-------------------------------------
[Epoch : 5/40]
Src_cls_loss	: 0.4368
-------------------------------------
[Epoch : 6/40]
Src_cls_loss	: 0.3877
-------------------------------------
[Epoch : 7/40]
Src_cls_loss	: 0.3441
-------------------------------------
[Epoch : 8/40]
Src_cls_loss	: 0.3107
-------------------------------------
[Epoch : 9/40]
Src_cls_loss	: 0.2818
-------------------------------------
[Epoch : 10/40]
Src_cls_loss	: 0.2576
-------------------------------------
[Epoch : 11/40]
Src_cls_loss	: 0.2397
-------------------------------------
[Epoch : 12/40]
Src_cls_loss	: 0.2223
-------------------------------------
[Epoch : 13/40]
Src_cls_loss	: 0.2069
-------------------------------------
[Epoch : 14/40]
Src_cls_loss	: 0.1938
-------------------------------------
[Epoch : 15/40]
Src_cls_loss	: 0.1824
-------------------------------------
[Epoch : 16/40]
Src_cls_loss	: 0.1730
-------------------------------------
[Epoch : 17/40]
Src_cls_loss	: 0.1659
-------------------------------------
[Epoch : 18/40]
Src_cls_loss	: 0.1575
-------------------------------------
[Epoch : 19/40]
Src_cls_loss	: 0.1502
-------------------------------------
[Epoch : 20/40]
Src_cls_loss	: 0.1435
-------------------------------------
[Epoch : 21/40]
Src_cls_loss	: 0.1374
-------------------------------------
[Epoch : 22/40]
Src_cls_loss	: 0.1321
-------------------------------------
[Epoch : 23/40]
Src_cls_loss	: 0.1267
-------------------------------------
[Epoch : 24/40]
Src_cls_loss	: 0.1221
-------------------------------------
[Epoch : 25/40]
Src_cls_loss	: 0.1177
-------------------------------------
[Epoch : 26/40]
Src_cls_loss	: 0.1135
-------------------------------------
[Epoch : 27/40]
Src_cls_loss	: 0.1096
-------------------------------------
[Epoch : 28/40]
Src_cls_loss	: 0.1062
-------------------------------------
[Epoch : 29/40]
Src_cls_loss	: 0.1032
-------------------------------------
[Epoch : 30/40]
Src_cls_loss	: 0.1002
-------------------------------------
[Epoch : 31/40]
Src_cls_loss	: 0.0972
-------------------------------------
[Epoch : 32/40]
Src_cls_loss	: 0.0944
-------------------------------------
[Epoch : 33/40]
Src_cls_loss	: 0.0917
-------------------------------------
[Epoch : 34/40]
Src_cls_loss	: 0.0893
-------------------------------------
[Epoch : 35/40]
Src_cls_loss	: 0.0869
-------------------------------------
[Epoch : 36/40]
Src_cls_loss	: 0.0846
-------------------------------------
[Epoch : 37/40]
Src_cls_loss	: 0.0826
-------------------------------------
[Epoch : 38/40]
Src_cls_loss	: 0.0809
-------------------------------------
[Epoch : 39/40]
Src_cls_loss	: 0.0794
-------------------------------------
[Epoch : 40/40]
Src_cls_loss	: 0.0778
-------------------------------------
