=============================================
Dataset: pamap_mobiact
Method:  NO_ADAPT
=============================================
Source: syn_24 ---> Target: dp_24
Run ID: 6
=============================================
[Epoch : 1/40]
Src_cls_loss	: 0.5788
-------------------------------------
[Epoch : 2/40]
Src_cls_loss	: 0.3964
-------------------------------------
[Epoch : 3/40]
Src_cls_loss	: 0.3094
-------------------------------------
[Epoch : 4/40]
Src_cls_loss	: 0.2561
-------------------------------------
[Epoch : 5/40]
Src_cls_loss	: 0.2177
-------------------------------------
[Epoch : 6/40]
Src_cls_loss	: 0.1888
-------------------------------------
[Epoch : 7/40]
Src_cls_loss	: 0.1677
-------------------------------------
[Epoch : 8/40]
Src_cls_loss	: 0.1509
-------------------------------------
[Epoch : 9/40]
Src_cls_loss	: 0.1371
-------------------------------------
[Epoch : 10/40]
Src_cls_loss	: 0.1263
-------------------------------------
[Epoch : 11/40]
Src_cls_loss	: 0.1179
-------------------------------------
[Epoch : 12/40]
Src_cls_loss	: 0.1100
-------------------------------------
[Epoch : 13/40]
Src_cls_loss	: 0.1036
-------------------------------------
[Epoch : 14/40]
Src_cls_loss	: 0.0981
-------------------------------------
[Epoch : 15/40]
Src_cls_loss	: 0.0924
-------------------------------------
[Epoch : 16/40]
Src_cls_loss	: 0.0876
-------------------------------------
[Epoch : 17/40]
Src_cls_loss	: 0.0835
-------------------------------------
[Epoch : 18/40]
Src_cls_loss	: 0.0798
-------------------------------------
[Epoch : 19/40]
Src_cls_loss	: 0.0762
-------------------------------------
[Epoch : 20/40]
Src_cls_loss	: 0.0730
-------------------------------------
[Epoch : 21/40]
Src_cls_loss	: 0.0699
-------------------------------------
[Epoch : 22/40]
Src_cls_loss	: 0.0672
-------------------------------------
[Epoch : 23/40]
Src_cls_loss	: 0.0649
-------------------------------------
[Epoch : 24/40]
Src_cls_loss	: 0.0629
-------------------------------------
[Epoch : 25/40]
Src_cls_loss	: 0.0609
-------------------------------------
[Epoch : 26/40]
Src_cls_loss	: 0.0591
-------------------------------------
[Epoch : 27/40]
Src_cls_loss	: 0.0572
-------------------------------------
[Epoch : 28/40]
Src_cls_loss	: 0.0553
-------------------------------------
[Epoch : 29/40]
Src_cls_loss	: 0.0535
-------------------------------------
[Epoch : 30/40]
Src_cls_loss	: 0.0519
-------------------------------------
[Epoch : 31/40]
Src_cls_loss	: 0.0504
-------------------------------------
[Epoch : 32/40]
Src_cls_loss	: 0.0489
-------------------------------------
[Epoch : 33/40]
Src_cls_loss	: 0.0476
-------------------------------------
[Epoch : 34/40]
Src_cls_loss	: 0.0464
-------------------------------------
[Epoch : 35/40]
Src_cls_loss	: 0.0452
-------------------------------------
[Epoch : 36/40]
Src_cls_loss	: 0.0441
-------------------------------------
[Epoch : 37/40]
Src_cls_loss	: 0.0429
-------------------------------------
[Epoch : 38/40]
Src_cls_loss	: 0.0419
-------------------------------------
[Epoch : 39/40]
Src_cls_loss	: 0.0409
-------------------------------------
[Epoch : 40/40]
Src_cls_loss	: 0.0400
-------------------------------------
