=============================================
Dataset: pamap_mobiact
Method:  Deep_Coral
=============================================
Source: df ---> Target: dp_23
Run ID: 0
=============================================
[Epoch : 1/40]
Total_loss	: 3.4175
Src_cls_loss	: 0.5128
coral_loss	: 0.0001
-------------------------------------
[Epoch : 2/40]
Total_loss	: 2.4382
Src_cls_loss	: 0.3658
coral_loss	: 0.0002
-------------------------------------
[Epoch : 3/40]
Total_loss	: 1.9725
Src_cls_loss	: 0.2959
coral_loss	: 0.0002
-------------------------------------
[Epoch : 4/40]
Total_loss	: 1.6760
Src_cls_loss	: 0.2513
coral_loss	: 0.0002
-------------------------------------
[Epoch : 5/40]
Total_loss	: 1.4685
Src_cls_loss	: 0.2202
coral_loss	: 0.0002
-------------------------------------
[Epoch : 6/40]
Total_loss	: 1.3265
Src_cls_loss	: 0.1989
coral_loss	: 0.0002
-------------------------------------
[Epoch : 7/40]
Total_loss	: 1.2223
Src_cls_loss	: 0.1832
coral_loss	: 0.0002
-------------------------------------
[Epoch : 8/40]
Total_loss	: 1.1198
Src_cls_loss	: 0.1678
coral_loss	: 0.0002
-------------------------------------
[Epoch : 9/40]
Total_loss	: 1.0441
Src_cls_loss	: 0.1565
coral_loss	: 0.0002
-------------------------------------
[Epoch : 10/40]
Total_loss	: 0.9707
Src_cls_loss	: 0.1455
coral_loss	: 0.0002
-------------------------------------
[Epoch : 11/40]
Total_loss	: 0.9119
Src_cls_loss	: 0.1366
coral_loss	: 0.0002
-------------------------------------
[Epoch : 12/40]
Total_loss	: 0.8620
Src_cls_loss	: 0.1291
coral_loss	: 0.0002
-------------------------------------
[Epoch : 13/40]
Total_loss	: 0.8208
Src_cls_loss	: 0.1230
coral_loss	: 0.0002
-------------------------------------
[Epoch : 14/40]
Total_loss	: 0.7826
Src_cls_loss	: 0.1172
coral_loss	: 0.0003
-------------------------------------
[Epoch : 15/40]
Total_loss	: 0.7528
Src_cls_loss	: 0.1127
coral_loss	: 0.0003
-------------------------------------
[Epoch : 16/40]
Total_loss	: 0.7180
Src_cls_loss	: 0.1075
coral_loss	: 0.0003
-------------------------------------
[Epoch : 17/40]
Total_loss	: 0.6922
Src_cls_loss	: 0.1036
coral_loss	: 0.0003
-------------------------------------
[Epoch : 18/40]
Total_loss	: 0.6660
Src_cls_loss	: 0.0997
coral_loss	: 0.0003
-------------------------------------
[Epoch : 19/40]
Total_loss	: 0.6404
Src_cls_loss	: 0.0959
coral_loss	: 0.0003
-------------------------------------
[Epoch : 20/40]
Total_loss	: 0.6165
Src_cls_loss	: 0.0923
coral_loss	: 0.0003
-------------------------------------
[Epoch : 21/40]
Total_loss	: 0.5937
Src_cls_loss	: 0.0889
coral_loss	: 0.0003
-------------------------------------
[Epoch : 22/40]
Total_loss	: 0.5764
Src_cls_loss	: 0.0862
coral_loss	: 0.0003
-------------------------------------
[Epoch : 23/40]
Total_loss	: 0.5575
Src_cls_loss	: 0.0834
coral_loss	: 0.0003
-------------------------------------
[Epoch : 24/40]
Total_loss	: 0.5429
Src_cls_loss	: 0.0812
coral_loss	: 0.0003
-------------------------------------
[Epoch : 25/40]
Total_loss	: 0.5268
Src_cls_loss	: 0.0788
coral_loss	: 0.0003
-------------------------------------
[Epoch : 26/40]
Total_loss	: 0.5108
Src_cls_loss	: 0.0764
coral_loss	: 0.0003
-------------------------------------
[Epoch : 27/40]
Total_loss	: 0.4960
Src_cls_loss	: 0.0742
coral_loss	: 0.0003
-------------------------------------
[Epoch : 28/40]
Total_loss	: 0.4832
Src_cls_loss	: 0.0723
coral_loss	: 0.0003
-------------------------------------
[Epoch : 29/40]
Total_loss	: 0.4718
Src_cls_loss	: 0.0706
coral_loss	: 0.0003
-------------------------------------
[Epoch : 30/40]
Total_loss	: 0.4598
Src_cls_loss	: 0.0688
coral_loss	: 0.0003
-------------------------------------
[Epoch : 31/40]
Total_loss	: 0.4505
Src_cls_loss	: 0.0674
coral_loss	: 0.0003
-------------------------------------
[Epoch : 32/40]
Total_loss	: 0.4406
Src_cls_loss	: 0.0659
coral_loss	: 0.0003
-------------------------------------
[Epoch : 33/40]
Total_loss	: 0.4319
Src_cls_loss	: 0.0646
coral_loss	: 0.0003
-------------------------------------
[Epoch : 34/40]
Total_loss	: 0.4234
Src_cls_loss	: 0.0633
coral_loss	: 0.0003
-------------------------------------
[Epoch : 35/40]
Total_loss	: 0.4136
Src_cls_loss	: 0.0618
coral_loss	: 0.0003
-------------------------------------
[Epoch : 36/40]
Total_loss	: 0.4060
Src_cls_loss	: 0.0607
coral_loss	: 0.0003
-------------------------------------
[Epoch : 37/40]
Total_loss	: 0.3998
Src_cls_loss	: 0.0597
coral_loss	: 0.0003
-------------------------------------
[Epoch : 38/40]
Total_loss	: 0.3920
Src_cls_loss	: 0.0586
coral_loss	: 0.0003
-------------------------------------
[Epoch : 39/40]
Total_loss	: 0.3844
Src_cls_loss	: 0.0574
coral_loss	: 0.0003
-------------------------------------
[Epoch : 40/40]
Total_loss	: 0.3792
Src_cls_loss	: 0.0566
coral_loss	: 0.0003
-------------------------------------
