=============================================
Dataset: pamap_realworld
Method:  SYN
=============================================
Source: syn_wal_19 ---> Target: dp_wal_19
Run ID: 5
=============================================
[Epoch : 1/40]
Src_cls_loss	: 0.5480
-------------------------------------
[Epoch : 2/40]
Src_cls_loss	: 0.4038
-------------------------------------
[Epoch : 3/40]
Src_cls_loss	: 0.3110
-------------------------------------
[Epoch : 4/40]
Src_cls_loss	: 0.2509
-------------------------------------
[Epoch : 5/40]
Src_cls_loss	: 0.2128
-------------------------------------
[Epoch : 6/40]
Src_cls_loss	: 0.1849
-------------------------------------
[Epoch : 7/40]
Src_cls_loss	: 0.1620
-------------------------------------
[Epoch : 8/40]
Src_cls_loss	: 0.1450
-------------------------------------
[Epoch : 9/40]
Src_cls_loss	: 0.1317
-------------------------------------
[Epoch : 10/40]
Src_cls_loss	: 0.1200
-------------------------------------
[Epoch : 11/40]
Src_cls_loss	: 0.1118
-------------------------------------
[Epoch : 12/40]
Src_cls_loss	: 0.1052
-------------------------------------
[Epoch : 13/40]
Src_cls_loss	: 0.0986
-------------------------------------
[Epoch : 14/40]
Src_cls_loss	: 0.0924
-------------------------------------
[Epoch : 15/40]
Src_cls_loss	: 0.0869
-------------------------------------
[Epoch : 16/40]
Src_cls_loss	: 0.0819
-------------------------------------
[Epoch : 17/40]
Src_cls_loss	: 0.0776
-------------------------------------
[Epoch : 18/40]
Src_cls_loss	: 0.0744
-------------------------------------
[Epoch : 19/40]
Src_cls_loss	: 0.0710
-------------------------------------
[Epoch : 20/40]
Src_cls_loss	: 0.0681
-------------------------------------
[Epoch : 21/40]
Src_cls_loss	: 0.0653
-------------------------------------
[Epoch : 22/40]
Src_cls_loss	: 0.0630
-------------------------------------
[Epoch : 23/40]
Src_cls_loss	: 0.0609
-------------------------------------
[Epoch : 24/40]
Src_cls_loss	: 0.0586
-------------------------------------
[Epoch : 25/40]
Src_cls_loss	: 0.0564
-------------------------------------
[Epoch : 26/40]
Src_cls_loss	: 0.0544
-------------------------------------
[Epoch : 27/40]
Src_cls_loss	: 0.0525
-------------------------------------
[Epoch : 28/40]
Src_cls_loss	: 0.0508
-------------------------------------
[Epoch : 29/40]
Src_cls_loss	: 0.0493
-------------------------------------
[Epoch : 30/40]
Src_cls_loss	: 0.0483
-------------------------------------
[Epoch : 31/40]
Src_cls_loss	: 0.0471
-------------------------------------
[Epoch : 32/40]
Src_cls_loss	: 0.0459
-------------------------------------
[Epoch : 33/40]
Src_cls_loss	: 0.0446
-------------------------------------
[Epoch : 34/40]
Src_cls_loss	: 0.0434
-------------------------------------
[Epoch : 35/40]
Src_cls_loss	: 0.0422
-------------------------------------
[Epoch : 36/40]
Src_cls_loss	: 0.0411
-------------------------------------
[Epoch : 37/40]
Src_cls_loss	: 0.0401
-------------------------------------
[Epoch : 38/40]
Src_cls_loss	: 0.0391
-------------------------------------
[Epoch : 39/40]
Src_cls_loss	: 0.0383
-------------------------------------
[Epoch : 40/40]
Src_cls_loss	: 0.0374
-------------------------------------
