=============================================
Dataset: realworld_mobiact
Method:  SYN
=============================================
Source: syn_wal_56 ---> Target: dp_wal_56
Run ID: 7
=============================================
[Epoch : 1/40]
Src_cls_loss	: 0.8542
-------------------------------------
[Epoch : 2/40]
Src_cls_loss	: 0.7184
-------------------------------------
[Epoch : 3/40]
Src_cls_loss	: 0.5832
-------------------------------------
[Epoch : 4/40]
Src_cls_loss	: 0.4797
-------------------------------------
[Epoch : 5/40]
Src_cls_loss	: 0.4050
-------------------------------------
[Epoch : 6/40]
Src_cls_loss	: 0.3482
-------------------------------------
[Epoch : 7/40]
Src_cls_loss	: 0.3070
-------------------------------------
[Epoch : 8/40]
Src_cls_loss	: 0.2730
-------------------------------------
[Epoch : 9/40]
Src_cls_loss	: 0.2453
-------------------------------------
[Epoch : 10/40]
Src_cls_loss	: 0.2235
-------------------------------------
[Epoch : 11/40]
Src_cls_loss	: 0.2063
-------------------------------------
[Epoch : 12/40]
Src_cls_loss	: 0.1906
-------------------------------------
[Epoch : 13/40]
Src_cls_loss	: 0.1773
-------------------------------------
[Epoch : 14/40]
Src_cls_loss	: 0.1655
-------------------------------------
[Epoch : 15/40]
Src_cls_loss	: 0.1555
-------------------------------------
[Epoch : 16/40]
Src_cls_loss	: 0.1465
-------------------------------------
[Epoch : 17/40]
Src_cls_loss	: 0.1384
-------------------------------------
[Epoch : 18/40]
Src_cls_loss	: 0.1314
-------------------------------------
[Epoch : 19/40]
Src_cls_loss	: 0.1249
-------------------------------------
[Epoch : 20/40]
Src_cls_loss	: 0.1190
-------------------------------------
[Epoch : 21/40]
Src_cls_loss	: 0.1136
-------------------------------------
[Epoch : 22/40]
Src_cls_loss	: 0.1087
-------------------------------------
[Epoch : 23/40]
Src_cls_loss	: 0.1042
-------------------------------------
[Epoch : 24/40]
Src_cls_loss	: 0.1000
-------------------------------------
[Epoch : 25/40]
Src_cls_loss	: 0.0962
-------------------------------------
[Epoch : 26/40]
Src_cls_loss	: 0.0926
-------------------------------------
[Epoch : 27/40]
Src_cls_loss	: 0.0894
-------------------------------------
[Epoch : 28/40]
Src_cls_loss	: 0.0865
-------------------------------------
[Epoch : 29/40]
Src_cls_loss	: 0.0837
-------------------------------------
[Epoch : 30/40]
Src_cls_loss	: 0.0810
-------------------------------------
[Epoch : 31/40]
Src_cls_loss	: 0.0785
-------------------------------------
[Epoch : 32/40]
Src_cls_loss	: 0.0761
-------------------------------------
[Epoch : 33/40]
Src_cls_loss	: 0.0739
-------------------------------------
[Epoch : 34/40]
Src_cls_loss	: 0.0719
-------------------------------------
[Epoch : 35/40]
Src_cls_loss	: 0.0699
-------------------------------------
[Epoch : 36/40]
Src_cls_loss	: 0.0680
-------------------------------------
[Epoch : 37/40]
Src_cls_loss	: 0.0663
-------------------------------------
[Epoch : 38/40]
Src_cls_loss	: 0.0646
-------------------------------------
[Epoch : 39/40]
Src_cls_loss	: 0.0630
-------------------------------------
[Epoch : 40/40]
Src_cls_loss	: 0.0615
-------------------------------------
