=============================================
Dataset: realworld_mobiact
Method:  NO_ADAPT
=============================================
Source: syn_43 ---> Target: dp_43
Run ID: 9
=============================================
[Epoch : 1/40]
Src_cls_loss	: 0.6412
-------------------------------------
[Epoch : 2/40]
Src_cls_loss	: 0.4914
-------------------------------------
[Epoch : 3/40]
Src_cls_loss	: 0.4133
-------------------------------------
[Epoch : 4/40]
Src_cls_loss	: 0.3571
-------------------------------------
[Epoch : 5/40]
Src_cls_loss	: 0.3155
-------------------------------------
[Epoch : 6/40]
Src_cls_loss	: 0.2844
-------------------------------------
[Epoch : 7/40]
Src_cls_loss	: 0.2646
-------------------------------------
[Epoch : 8/40]
Src_cls_loss	: 0.2518
-------------------------------------
[Epoch : 9/40]
Src_cls_loss	: 0.2368
-------------------------------------
[Epoch : 10/40]
Src_cls_loss	: 0.2230
-------------------------------------
[Epoch : 11/40]
Src_cls_loss	: 0.2112
-------------------------------------
[Epoch : 12/40]
Src_cls_loss	: 0.1993
-------------------------------------
[Epoch : 13/40]
Src_cls_loss	: 0.1882
-------------------------------------
[Epoch : 14/40]
Src_cls_loss	: 0.1792
-------------------------------------
[Epoch : 15/40]
Src_cls_loss	: 0.1698
-------------------------------------
[Epoch : 16/40]
Src_cls_loss	: 0.1632
-------------------------------------
[Epoch : 17/40]
Src_cls_loss	: 0.1571
-------------------------------------
[Epoch : 18/40]
Src_cls_loss	: 0.1517
-------------------------------------
[Epoch : 19/40]
Src_cls_loss	: 0.1470
-------------------------------------
[Epoch : 20/40]
Src_cls_loss	: 0.1422
-------------------------------------
[Epoch : 21/40]
Src_cls_loss	: 0.1371
-------------------------------------
[Epoch : 22/40]
Src_cls_loss	: 0.1323
-------------------------------------
[Epoch : 23/40]
Src_cls_loss	: 0.1278
-------------------------------------
[Epoch : 24/40]
Src_cls_loss	: 0.1239
-------------------------------------
[Epoch : 25/40]
Src_cls_loss	: 0.1198
-------------------------------------
[Epoch : 26/40]
Src_cls_loss	: 0.1166
-------------------------------------
[Epoch : 27/40]
Src_cls_loss	: 0.1134
-------------------------------------
[Epoch : 28/40]
Src_cls_loss	: 0.1106
-------------------------------------
[Epoch : 29/40]
Src_cls_loss	: 0.1077
-------------------------------------
[Epoch : 30/40]
Src_cls_loss	: 0.1051
-------------------------------------
[Epoch : 31/40]
Src_cls_loss	: 0.1025
-------------------------------------
[Epoch : 32/40]
Src_cls_loss	: 0.0999
-------------------------------------
[Epoch : 33/40]
Src_cls_loss	: 0.0981
-------------------------------------
[Epoch : 34/40]
Src_cls_loss	: 0.0963
-------------------------------------
[Epoch : 35/40]
Src_cls_loss	: 0.0941
-------------------------------------
[Epoch : 36/40]
Src_cls_loss	: 0.0919
-------------------------------------
[Epoch : 37/40]
Src_cls_loss	: 0.0898
-------------------------------------
[Epoch : 38/40]
Src_cls_loss	: 0.0879
-------------------------------------
[Epoch : 39/40]
Src_cls_loss	: 0.0866
-------------------------------------
[Epoch : 40/40]
Src_cls_loss	: 0.0851
-------------------------------------
