=============================================
Dataset: realworld_mobiact
Method:  Deep_Coral
=============================================
Source: df ---> Target: dp_15
Run ID: 0
=============================================
[Epoch : 1/40]
Total_loss	: 0.0360
Src_cls_loss	: 0.3543
coral_loss	: 0.0000
-------------------------------------
[Epoch : 2/40]
Total_loss	: 0.0269
Src_cls_loss	: 0.2651
coral_loss	: 0.0000
-------------------------------------
[Epoch : 3/40]
Total_loss	: 0.0228
Src_cls_loss	: 0.2246
coral_loss	: 0.0000
-------------------------------------
