=============================================
Dataset: realworld_pamap
Method:  NO_ADAPT
=============================================
Source: syn_19 ---> Target: dp_19
Run ID: 6
=============================================
[Epoch : 1/40]
Src_cls_loss	: 0.8054
-------------------------------------
[Epoch : 2/40]
Src_cls_loss	: 0.5898
-------------------------------------
[Epoch : 3/40]
Src_cls_loss	: 0.4614
-------------------------------------
[Epoch : 4/40]
Src_cls_loss	: 0.3803
-------------------------------------
[Epoch : 5/40]
Src_cls_loss	: 0.3272
-------------------------------------
[Epoch : 6/40]
Src_cls_loss	: 0.2850
-------------------------------------
[Epoch : 7/40]
Src_cls_loss	: 0.2532
-------------------------------------
[Epoch : 8/40]
Src_cls_loss	: 0.2278
-------------------------------------
[Epoch : 9/40]
Src_cls_loss	: 0.2079
-------------------------------------
[Epoch : 10/40]
Src_cls_loss	: 0.1944
-------------------------------------
[Epoch : 11/40]
Src_cls_loss	: 0.1810
-------------------------------------
[Epoch : 12/40]
Src_cls_loss	: 0.1689
-------------------------------------
[Epoch : 13/40]
Src_cls_loss	: 0.1600
-------------------------------------
[Epoch : 14/40]
Src_cls_loss	: 0.1515
-------------------------------------
[Epoch : 15/40]
Src_cls_loss	: 0.1438
-------------------------------------
[Epoch : 16/40]
Src_cls_loss	: 0.1367
-------------------------------------
[Epoch : 17/40]
Src_cls_loss	: 0.1300
-------------------------------------
[Epoch : 18/40]
Src_cls_loss	: 0.1240
-------------------------------------
[Epoch : 19/40]
Src_cls_loss	: 0.1195
-------------------------------------
[Epoch : 20/40]
Src_cls_loss	: 0.1149
-------------------------------------
[Epoch : 21/40]
Src_cls_loss	: 0.1107
-------------------------------------
[Epoch : 22/40]
Src_cls_loss	: 0.1067
-------------------------------------
[Epoch : 23/40]
Src_cls_loss	: 0.1031
-------------------------------------
[Epoch : 24/40]
Src_cls_loss	: 0.0995
-------------------------------------
[Epoch : 25/40]
Src_cls_loss	: 0.0962
-------------------------------------
[Epoch : 26/40]
Src_cls_loss	: 0.0933
-------------------------------------
[Epoch : 27/40]
Src_cls_loss	: 0.0910
-------------------------------------
[Epoch : 28/40]
Src_cls_loss	: 0.0886
-------------------------------------
[Epoch : 29/40]
Src_cls_loss	: 0.0871
-------------------------------------
[Epoch : 30/40]
Src_cls_loss	: 0.0852
-------------------------------------
[Epoch : 31/40]
Src_cls_loss	: 0.0833
-------------------------------------
[Epoch : 32/40]
Src_cls_loss	: 0.0811
-------------------------------------
[Epoch : 33/40]
Src_cls_loss	: 0.0790
-------------------------------------
[Epoch : 34/40]
Src_cls_loss	: 0.0773
-------------------------------------
[Epoch : 35/40]
Src_cls_loss	: 0.0757
-------------------------------------
[Epoch : 36/40]
Src_cls_loss	: 0.0739
-------------------------------------
[Epoch : 37/40]
Src_cls_loss	: 0.0723
-------------------------------------
[Epoch : 38/40]
Src_cls_loss	: 0.0707
-------------------------------------
[Epoch : 39/40]
Src_cls_loss	: 0.0692
-------------------------------------
[Epoch : 40/40]
Src_cls_loss	: 0.0679
-------------------------------------
