=============================================
Dataset: pamap_mobiact
Method:  DANN
=============================================
Source: df ---> Target: dp_45
Run ID: 0
=============================================
[Epoch : 1/40]
Total_loss	: 6.8741
Domain_loss	: 1.3117
Src_cls_loss	: 0.6557
-------------------------------------
[Epoch : 2/40]
Total_loss	: 6.4209
Domain_loss	: 1.3024
Src_cls_loss	: 0.5743
-------------------------------------
[Epoch : 3/40]
Total_loss	: 6.0642
Domain_loss	: 1.2948
Src_cls_loss	: 0.5104
-------------------------------------
[Epoch : 4/40]
Total_loss	: 5.8316
Domain_loss	: 1.2745
Src_cls_loss	: 0.4763
-------------------------------------
[Epoch : 5/40]
Total_loss	: 5.6458
Domain_loss	: 1.2642
Src_cls_loss	: 0.4462
-------------------------------------
[Epoch : 6/40]
Total_loss	: 5.5257
Domain_loss	: 1.2500
Src_cls_loss	: 0.4304
-------------------------------------
[Epoch : 7/40]
Total_loss	: 5.4381
Domain_loss	: 1.2491
Src_cls_loss	: 0.4143
-------------------------------------
[Epoch : 8/40]
Total_loss	: 5.3767
Domain_loss	: 1.2521
Src_cls_loss	: 0.4011
-------------------------------------
[Epoch : 9/40]
Total_loss	: 5.2879
Domain_loss	: 1.2486
Src_cls_loss	: 0.3860
-------------------------------------
[Epoch : 10/40]
Total_loss	: 5.2392
Domain_loss	: 1.2535
Src_cls_loss	: 0.3743
-------------------------------------
[Epoch : 11/40]
Total_loss	: 5.2016
Domain_loss	: 1.2542
Src_cls_loss	: 0.3669
-------------------------------------
[Epoch : 12/40]
Total_loss	: 5.1488
Domain_loss	: 1.2537
Src_cls_loss	: 0.3571
-------------------------------------
[Epoch : 13/40]
Total_loss	: 5.1199
Domain_loss	: 1.2545
Src_cls_loss	: 0.3512
-------------------------------------
[Epoch : 14/40]
Total_loss	: 5.0647
Domain_loss	: 1.2546
Src_cls_loss	: 0.3407
-------------------------------------
[Epoch : 15/40]
Total_loss	: 5.0150
Domain_loss	: 1.2515
Src_cls_loss	: 0.3328
-------------------------------------
[Epoch : 16/40]
Total_loss	: 4.9722
Domain_loss	: 1.2492
Src_cls_loss	: 0.3258
-------------------------------------
[Epoch : 17/40]
Total_loss	: 4.9560
Domain_loss	: 1.2534
Src_cls_loss	: 0.3207
-------------------------------------
[Epoch : 18/40]
Total_loss	: 4.9211
Domain_loss	: 1.2532
Src_cls_loss	: 0.3142
-------------------------------------
[Epoch : 19/40]
Total_loss	: 4.8930
Domain_loss	: 1.2543
Src_cls_loss	: 0.3083
-------------------------------------
[Epoch : 20/40]
Total_loss	: 4.8587
Domain_loss	: 1.2538
Src_cls_loss	: 0.3020
-------------------------------------
[Epoch : 21/40]
Total_loss	: 4.8410
Domain_loss	: 1.2559
Src_cls_loss	: 0.2976
-------------------------------------
[Epoch : 22/40]
Total_loss	: 4.8039
Domain_loss	: 1.2538
Src_cls_loss	: 0.2916
-------------------------------------
[Epoch : 23/40]
Total_loss	: 4.7789
Domain_loss	: 1.2531
Src_cls_loss	: 0.2872
-------------------------------------
[Epoch : 24/40]
Total_loss	: 4.7685
Domain_loss	: 1.2548
Src_cls_loss	: 0.2844
-------------------------------------
[Epoch : 25/40]
Total_loss	: 4.7571
Domain_loss	: 1.2551
Src_cls_loss	: 0.2821
-------------------------------------
[Epoch : 26/40]
Total_loss	: 4.7297
Domain_loss	: 1.2542
Src_cls_loss	: 0.2774
-------------------------------------
[Epoch : 27/40]
Total_loss	: 4.7153
Domain_loss	: 1.2541
Src_cls_loss	: 0.2747
-------------------------------------
[Epoch : 28/40]
Total_loss	: 4.6891
Domain_loss	: 1.2510
Src_cls_loss	: 0.2713
-------------------------------------
[Epoch : 29/40]
Total_loss	: 4.6735
Domain_loss	: 1.2508
Src_cls_loss	: 0.2684
-------------------------------------
[Epoch : 30/40]
Total_loss	: 4.6643
Domain_loss	: 1.2518
Src_cls_loss	: 0.2661
-------------------------------------
[Epoch : 31/40]
Total_loss	: 4.6544
Domain_loss	: 1.2535
Src_cls_loss	: 0.2634
-------------------------------------
[Epoch : 32/40]
Total_loss	: 4.6456
Domain_loss	: 1.2564
Src_cls_loss	: 0.2603
-------------------------------------
[Epoch : 33/40]
Total_loss	: 4.6319
Domain_loss	: 1.2572
Src_cls_loss	: 0.2573
-------------------------------------
[Epoch : 34/40]
Total_loss	: 4.6143
Domain_loss	: 1.2570
Src_cls_loss	: 0.2541
-------------------------------------
[Epoch : 35/40]
Total_loss	: 4.6061
Domain_loss	: 1.2587
Src_cls_loss	: 0.2517
-------------------------------------
[Epoch : 36/40]
Total_loss	: 4.5954
Domain_loss	: 1.2613
Src_cls_loss	: 0.2484
-------------------------------------
[Epoch : 37/40]
Total_loss	: 4.5823
Domain_loss	: 1.2628
Src_cls_loss	: 0.2451
-------------------------------------
[Epoch : 38/40]
Total_loss	: 4.5725
Domain_loss	: 1.2649
Src_cls_loss	: 0.2423
-------------------------------------
[Epoch : 39/40]
Total_loss	: 4.5639
Domain_loss	: 1.2660
Src_cls_loss	: 0.2401
-------------------------------------
[Epoch : 40/40]
Total_loss	: 4.5575
Domain_loss	: 1.2675
Src_cls_loss	: 0.2381
-------------------------------------
