=============================================
Dataset: realworld_mobiact
Method:  SYN
=============================================
Source: syn_wal_40 ---> Target: dp_wal_40
Run ID: 8
=============================================
[Epoch : 1/40]
Src_cls_loss	: 0.8574
-------------------------------------
[Epoch : 2/40]
Src_cls_loss	: 0.6816
-------------------------------------
[Epoch : 3/40]
Src_cls_loss	: 0.5457
-------------------------------------
[Epoch : 4/40]
Src_cls_loss	: 0.4538
-------------------------------------
[Epoch : 5/40]
Src_cls_loss	: 0.3843
-------------------------------------
[Epoch : 6/40]
Src_cls_loss	: 0.3319
-------------------------------------
[Epoch : 7/40]
Src_cls_loss	: 0.2904
-------------------------------------
[Epoch : 8/40]
Src_cls_loss	: 0.2585
-------------------------------------
[Epoch : 9/40]
Src_cls_loss	: 0.2332
-------------------------------------
[Epoch : 10/40]
Src_cls_loss	: 0.2129
-------------------------------------
[Epoch : 11/40]
Src_cls_loss	: 0.1955
-------------------------------------
[Epoch : 12/40]
Src_cls_loss	: 0.1809
-------------------------------------
[Epoch : 13/40]
Src_cls_loss	: 0.1684
-------------------------------------
[Epoch : 14/40]
Src_cls_loss	: 0.1577
-------------------------------------
[Epoch : 15/40]
Src_cls_loss	: 0.1481
-------------------------------------
[Epoch : 16/40]
Src_cls_loss	: 0.1396
-------------------------------------
[Epoch : 17/40]
Src_cls_loss	: 0.1321
-------------------------------------
[Epoch : 18/40]
Src_cls_loss	: 0.1254
-------------------------------------
[Epoch : 19/40]
Src_cls_loss	: 0.1192
-------------------------------------
[Epoch : 20/40]
Src_cls_loss	: 0.1138
-------------------------------------
[Epoch : 21/40]
Src_cls_loss	: 0.1087
-------------------------------------
[Epoch : 22/40]
Src_cls_loss	: 0.1042
-------------------------------------
[Epoch : 23/40]
Src_cls_loss	: 0.0999
-------------------------------------
[Epoch : 24/40]
Src_cls_loss	: 0.0959
-------------------------------------
[Epoch : 25/40]
Src_cls_loss	: 0.0922
-------------------------------------
[Epoch : 26/40]
Src_cls_loss	: 0.0888
-------------------------------------
[Epoch : 27/40]
Src_cls_loss	: 0.0857
-------------------------------------
[Epoch : 28/40]
Src_cls_loss	: 0.0828
-------------------------------------
[Epoch : 29/40]
Src_cls_loss	: 0.0800
-------------------------------------
[Epoch : 30/40]
Src_cls_loss	: 0.0775
-------------------------------------
[Epoch : 31/40]
Src_cls_loss	: 0.0751
-------------------------------------
[Epoch : 32/40]
Src_cls_loss	: 0.0730
-------------------------------------
[Epoch : 33/40]
Src_cls_loss	: 0.0710
-------------------------------------
[Epoch : 34/40]
Src_cls_loss	: 0.0691
-------------------------------------
[Epoch : 35/40]
Src_cls_loss	: 0.0673
-------------------------------------
[Epoch : 36/40]
Src_cls_loss	: 0.0655
-------------------------------------
[Epoch : 37/40]
Src_cls_loss	: 0.0638
-------------------------------------
[Epoch : 38/40]
Src_cls_loss	: 0.0622
-------------------------------------
[Epoch : 39/40]
Src_cls_loss	: 0.0607
-------------------------------------
[Epoch : 40/40]
Src_cls_loss	: 0.0593
-------------------------------------
