=============================================
Dataset: mobiact_realworld
Method:  NO_ADAPT
=============================================
Source: syn_61 ---> Target: dp_61
Run ID: 5
=============================================
[Epoch : 1/40]
Src_cls_loss	: 0.6131
-------------------------------------
[Epoch : 2/40]
Src_cls_loss	: 0.4315
-------------------------------------
[Epoch : 3/40]
Src_cls_loss	: 0.3407
-------------------------------------
[Epoch : 4/40]
Src_cls_loss	: 0.2879
-------------------------------------
[Epoch : 5/40]
Src_cls_loss	: 0.2492
-------------------------------------
[Epoch : 6/40]
Src_cls_loss	: 0.2227
-------------------------------------
[Epoch : 7/40]
Src_cls_loss	: 0.1997
-------------------------------------
[Epoch : 8/40]
Src_cls_loss	: 0.1825
-------------------------------------
[Epoch : 9/40]
Src_cls_loss	: 0.1688
-------------------------------------
[Epoch : 10/40]
Src_cls_loss	: 0.1574
-------------------------------------
[Epoch : 11/40]
Src_cls_loss	: 0.1468
-------------------------------------
[Epoch : 12/40]
Src_cls_loss	: 0.1383
-------------------------------------
[Epoch : 13/40]
Src_cls_loss	: 0.1305
-------------------------------------
[Epoch : 14/40]
Src_cls_loss	: 0.1240
-------------------------------------
[Epoch : 15/40]
Src_cls_loss	: 0.1179
-------------------------------------
[Epoch : 16/40]
Src_cls_loss	: 0.1131
-------------------------------------
[Epoch : 17/40]
Src_cls_loss	: 0.1093
-------------------------------------
[Epoch : 18/40]
Src_cls_loss	: 0.1052
-------------------------------------
[Epoch : 19/40]
Src_cls_loss	: 0.1012
-------------------------------------
[Epoch : 20/40]
Src_cls_loss	: 0.0977
-------------------------------------
[Epoch : 21/40]
Src_cls_loss	: 0.0941
-------------------------------------
[Epoch : 22/40]
Src_cls_loss	: 0.0911
-------------------------------------
[Epoch : 23/40]
Src_cls_loss	: 0.0880
-------------------------------------
[Epoch : 24/40]
Src_cls_loss	: 0.0852
-------------------------------------
[Epoch : 25/40]
Src_cls_loss	: 0.0830
-------------------------------------
[Epoch : 26/40]
Src_cls_loss	: 0.0807
-------------------------------------
[Epoch : 27/40]
Src_cls_loss	: 0.0787
-------------------------------------
[Epoch : 28/40]
Src_cls_loss	: 0.0767
-------------------------------------
[Epoch : 29/40]
Src_cls_loss	: 0.0748
-------------------------------------
[Epoch : 30/40]
Src_cls_loss	: 0.0734
-------------------------------------
[Epoch : 31/40]
Src_cls_loss	: 0.0719
-------------------------------------
[Epoch : 32/40]
Src_cls_loss	: 0.0704
-------------------------------------
[Epoch : 33/40]
Src_cls_loss	: 0.0688
-------------------------------------
[Epoch : 34/40]
Src_cls_loss	: 0.0672
-------------------------------------
[Epoch : 35/40]
Src_cls_loss	: 0.0657
-------------------------------------
[Epoch : 36/40]
Src_cls_loss	: 0.0645
-------------------------------------
[Epoch : 37/40]
Src_cls_loss	: 0.0634
-------------------------------------
[Epoch : 38/40]
Src_cls_loss	: 0.0624
-------------------------------------
[Epoch : 39/40]
Src_cls_loss	: 0.0613
-------------------------------------
[Epoch : 40/40]
Src_cls_loss	: 0.0603
-------------------------------------
