=============================================
Dataset: pamap_mobiact
Method:  SYN
=============================================
Source: syn_wal_61 ---> Target: dp_wal_61
Run ID: 8
=============================================
[Epoch : 1/40]
Src_cls_loss	: 0.7159
-------------------------------------
[Epoch : 2/40]
Src_cls_loss	: 0.5710
-------------------------------------
[Epoch : 3/40]
Src_cls_loss	: 0.4708
-------------------------------------
[Epoch : 4/40]
Src_cls_loss	: 0.3988
-------------------------------------
[Epoch : 5/40]
Src_cls_loss	: 0.3442
-------------------------------------
[Epoch : 6/40]
Src_cls_loss	: 0.3003
-------------------------------------
[Epoch : 7/40]
Src_cls_loss	: 0.2651
-------------------------------------
[Epoch : 8/40]
Src_cls_loss	: 0.2379
-------------------------------------
[Epoch : 9/40]
Src_cls_loss	: 0.2159
-------------------------------------
[Epoch : 10/40]
Src_cls_loss	: 0.1985
-------------------------------------
[Epoch : 11/40]
Src_cls_loss	: 0.1831
-------------------------------------
[Epoch : 12/40]
Src_cls_loss	: 0.1700
-------------------------------------
[Epoch : 13/40]
Src_cls_loss	: 0.1582
-------------------------------------
[Epoch : 14/40]
Src_cls_loss	: 0.1481
-------------------------------------
[Epoch : 15/40]
Src_cls_loss	: 0.1395
-------------------------------------
[Epoch : 16/40]
Src_cls_loss	: 0.1314
-------------------------------------
[Epoch : 17/40]
Src_cls_loss	: 0.1244
-------------------------------------
[Epoch : 18/40]
Src_cls_loss	: 0.1184
-------------------------------------
[Epoch : 19/40]
Src_cls_loss	: 0.1131
-------------------------------------
[Epoch : 20/40]
Src_cls_loss	: 0.1094
-------------------------------------
[Epoch : 21/40]
Src_cls_loss	: 0.1049
-------------------------------------
[Epoch : 22/40]
Src_cls_loss	: 0.1010
-------------------------------------
[Epoch : 23/40]
Src_cls_loss	: 0.0971
-------------------------------------
[Epoch : 24/40]
Src_cls_loss	: 0.0933
-------------------------------------
[Epoch : 25/40]
Src_cls_loss	: 0.0898
-------------------------------------
[Epoch : 26/40]
Src_cls_loss	: 0.0866
-------------------------------------
[Epoch : 27/40]
Src_cls_loss	: 0.0836
-------------------------------------
[Epoch : 28/40]
Src_cls_loss	: 0.0808
-------------------------------------
[Epoch : 29/40]
Src_cls_loss	: 0.0781
-------------------------------------
[Epoch : 30/40]
Src_cls_loss	: 0.0757
-------------------------------------
[Epoch : 31/40]
Src_cls_loss	: 0.0734
-------------------------------------
[Epoch : 32/40]
Src_cls_loss	: 0.0713
-------------------------------------
[Epoch : 33/40]
Src_cls_loss	: 0.0696
-------------------------------------
[Epoch : 34/40]
Src_cls_loss	: 0.0677
-------------------------------------
[Epoch : 35/40]
Src_cls_loss	: 0.0659
-------------------------------------
[Epoch : 36/40]
Src_cls_loss	: 0.0642
-------------------------------------
[Epoch : 37/40]
Src_cls_loss	: 0.0626
-------------------------------------
[Epoch : 38/40]
Src_cls_loss	: 0.0610
-------------------------------------
[Epoch : 39/40]
Src_cls_loss	: 0.0596
-------------------------------------
[Epoch : 40/40]
Src_cls_loss	: 0.0582
-------------------------------------
