=============================================
Dataset: realworld_mobiact
Method:  Deep_Coral
=============================================
Source: df ---> Target: dp_wal_59
Run ID: 0
=============================================
[Epoch : 1/40]
Total_loss	: 3.3772
Src_cls_loss	: 0.5060
coral_loss	: 0.0009
-------------------------------------
[Epoch : 2/40]
Total_loss	: 2.9265
Src_cls_loss	: 0.4384
coral_loss	: 0.0008
-------------------------------------
[Epoch : 3/40]
Total_loss	: 2.6574
Src_cls_loss	: 0.3981
coral_loss	: 0.0008
-------------------------------------
[Epoch : 4/40]
Total_loss	: 2.4859
Src_cls_loss	: 0.3724
coral_loss	: 0.0007
-------------------------------------
[Epoch : 5/40]
Total_loss	: 2.3530
Src_cls_loss	: 0.3525
coral_loss	: 0.0006
-------------------------------------
[Epoch : 6/40]
Total_loss	: 2.2487
Src_cls_loss	: 0.3369
coral_loss	: 0.0006
-------------------------------------
[Epoch : 7/40]
Total_loss	: 2.1557
Src_cls_loss	: 0.3230
coral_loss	: 0.0006
-------------------------------------
[Epoch : 8/40]
Total_loss	: 2.0763
Src_cls_loss	: 0.3111
coral_loss	: 0.0005
-------------------------------------
[Epoch : 9/40]
Total_loss	: 2.0036
Src_cls_loss	: 0.3002
coral_loss	: 0.0005
-------------------------------------
[Epoch : 10/40]
Total_loss	: 1.9404
Src_cls_loss	: 0.2907
coral_loss	: 0.0005
-------------------------------------
[Epoch : 11/40]
Total_loss	: 1.8802
Src_cls_loss	: 0.2817
coral_loss	: 0.0005
-------------------------------------
[Epoch : 12/40]
Total_loss	: 1.8301
Src_cls_loss	: 0.2742
coral_loss	: 0.0005
-------------------------------------
[Epoch : 13/40]
Total_loss	: 1.7899
Src_cls_loss	: 0.2682
coral_loss	: 0.0005
-------------------------------------
[Epoch : 14/40]
Total_loss	: 1.7504
Src_cls_loss	: 0.2622
coral_loss	: 0.0005
-------------------------------------
[Epoch : 15/40]
Total_loss	: 1.7118
Src_cls_loss	: 0.2565
coral_loss	: 0.0005
-------------------------------------
[Epoch : 16/40]
Total_loss	: 1.6782
Src_cls_loss	: 0.2514
coral_loss	: 0.0004
-------------------------------------
[Epoch : 17/40]
Total_loss	: 1.6495
Src_cls_loss	: 0.2471
coral_loss	: 0.0004
-------------------------------------
[Epoch : 18/40]
Total_loss	: 1.6222
Src_cls_loss	: 0.2430
coral_loss	: 0.0004
-------------------------------------
[Epoch : 19/40]
Total_loss	: 1.5940
Src_cls_loss	: 0.2388
coral_loss	: 0.0004
-------------------------------------
[Epoch : 20/40]
Total_loss	: 1.5709
Src_cls_loss	: 0.2353
coral_loss	: 0.0004
-------------------------------------
[Epoch : 21/40]
Total_loss	: 1.5485
Src_cls_loss	: 0.2320
coral_loss	: 0.0004
-------------------------------------
[Epoch : 22/40]
Total_loss	: 1.5265
Src_cls_loss	: 0.2287
coral_loss	: 0.0004
-------------------------------------
[Epoch : 23/40]
Total_loss	: 1.5058
Src_cls_loss	: 0.2256
coral_loss	: 0.0004
-------------------------------------
[Epoch : 24/40]
Total_loss	: 1.4855
Src_cls_loss	: 0.2225
coral_loss	: 0.0004
-------------------------------------
[Epoch : 25/40]
Total_loss	: 1.4652
Src_cls_loss	: 0.2195
coral_loss	: 0.0004
-------------------------------------
[Epoch : 26/40]
Total_loss	: 1.4457
Src_cls_loss	: 0.2166
coral_loss	: 0.0004
-------------------------------------
[Epoch : 27/40]
Total_loss	: 1.4287
Src_cls_loss	: 0.2140
coral_loss	: 0.0004
-------------------------------------
[Epoch : 28/40]
Total_loss	: 1.4099
Src_cls_loss	: 0.2112
coral_loss	: 0.0004
-------------------------------------
[Epoch : 29/40]
Total_loss	: 1.3930
Src_cls_loss	: 0.2087
coral_loss	: 0.0004
-------------------------------------
[Epoch : 30/40]
Total_loss	: 1.3780
Src_cls_loss	: 0.2064
coral_loss	: 0.0004
-------------------------------------
[Epoch : 31/40]
Total_loss	: 1.3635
Src_cls_loss	: 0.2042
coral_loss	: 0.0004
-------------------------------------
[Epoch : 32/40]
Total_loss	: 1.3498
Src_cls_loss	: 0.2022
coral_loss	: 0.0004
-------------------------------------
[Epoch : 33/40]
Total_loss	: 1.3341
Src_cls_loss	: 0.1998
coral_loss	: 0.0004
-------------------------------------
[Epoch : 34/40]
Total_loss	: 1.3206
Src_cls_loss	: 0.1978
coral_loss	: 0.0004
-------------------------------------
[Epoch : 35/40]
Total_loss	: 1.3071
Src_cls_loss	: 0.1958
coral_loss	: 0.0004
-------------------------------------
[Epoch : 36/40]
Total_loss	: 1.2954
Src_cls_loss	: 0.1940
coral_loss	: 0.0004
-------------------------------------
[Epoch : 37/40]
Total_loss	: 1.2827
Src_cls_loss	: 0.1921
coral_loss	: 0.0004
-------------------------------------
[Epoch : 38/40]
Total_loss	: 1.2712
Src_cls_loss	: 0.1904
coral_loss	: 0.0004
-------------------------------------
[Epoch : 39/40]
Total_loss	: 1.2602
Src_cls_loss	: 0.1888
coral_loss	: 0.0004
-------------------------------------
[Epoch : 40/40]
Total_loss	: 1.2496
Src_cls_loss	: 0.1872
coral_loss	: 0.0004
-------------------------------------
