=============================================
Dataset: pamap_mobiact
Method:  NO_ADAPT
=============================================
Source: syn_59 ---> Target: dp_59
Run ID: 7
=============================================
[Epoch : 1/40]
Src_cls_loss	: 0.5768
-------------------------------------
[Epoch : 2/40]
Src_cls_loss	: 0.4174
-------------------------------------
[Epoch : 3/40]
Src_cls_loss	: 0.3299
-------------------------------------
[Epoch : 4/40]
Src_cls_loss	: 0.2775
-------------------------------------
[Epoch : 5/40]
Src_cls_loss	: 0.2411
-------------------------------------
[Epoch : 6/40]
Src_cls_loss	: 0.2115
-------------------------------------
[Epoch : 7/40]
Src_cls_loss	: 0.1902
-------------------------------------
[Epoch : 8/40]
Src_cls_loss	: 0.1715
-------------------------------------
[Epoch : 9/40]
Src_cls_loss	: 0.1562
-------------------------------------
[Epoch : 10/40]
Src_cls_loss	: 0.1473
-------------------------------------
[Epoch : 11/40]
Src_cls_loss	: 0.1365
-------------------------------------
[Epoch : 12/40]
Src_cls_loss	: 0.1269
-------------------------------------
[Epoch : 13/40]
Src_cls_loss	: 0.1193
-------------------------------------
[Epoch : 14/40]
Src_cls_loss	: 0.1123
-------------------------------------
[Epoch : 15/40]
Src_cls_loss	: 0.1064
-------------------------------------
[Epoch : 16/40]
Src_cls_loss	: 0.1019
-------------------------------------
[Epoch : 17/40]
Src_cls_loss	: 0.0976
-------------------------------------
[Epoch : 18/40]
Src_cls_loss	: 0.0933
-------------------------------------
[Epoch : 19/40]
Src_cls_loss	: 0.0893
-------------------------------------
[Epoch : 20/40]
Src_cls_loss	: 0.0857
-------------------------------------
[Epoch : 21/40]
Src_cls_loss	: 0.0825
-------------------------------------
[Epoch : 22/40]
Src_cls_loss	: 0.0797
-------------------------------------
[Epoch : 23/40]
Src_cls_loss	: 0.0769
-------------------------------------
[Epoch : 24/40]
Src_cls_loss	: 0.0743
-------------------------------------
[Epoch : 25/40]
Src_cls_loss	: 0.0720
-------------------------------------
[Epoch : 26/40]
Src_cls_loss	: 0.0699
-------------------------------------
[Epoch : 27/40]
Src_cls_loss	: 0.0677
-------------------------------------
[Epoch : 28/40]
Src_cls_loss	: 0.0658
-------------------------------------
[Epoch : 29/40]
Src_cls_loss	: 0.0641
-------------------------------------
[Epoch : 30/40]
Src_cls_loss	: 0.0624
-------------------------------------
[Epoch : 31/40]
Src_cls_loss	: 0.0606
-------------------------------------
[Epoch : 32/40]
Src_cls_loss	: 0.0589
-------------------------------------
[Epoch : 33/40]
Src_cls_loss	: 0.0574
-------------------------------------
[Epoch : 34/40]
Src_cls_loss	: 0.0559
-------------------------------------
[Epoch : 35/40]
Src_cls_loss	: 0.0545
-------------------------------------
[Epoch : 36/40]
Src_cls_loss	: 0.0534
-------------------------------------
[Epoch : 37/40]
Src_cls_loss	: 0.0527
-------------------------------------
[Epoch : 38/40]
Src_cls_loss	: 0.0516
-------------------------------------
[Epoch : 39/40]
Src_cls_loss	: 0.0506
-------------------------------------
[Epoch : 40/40]
Src_cls_loss	: 0.0496
-------------------------------------
