=============================================
Dataset: realworld_mobiact
Method:  DANN
=============================================
Source: df ---> Target: dp_67
Run ID: 0
=============================================
[Epoch : 1/40]
Total_loss	: 5.3403
Domain_loss	: 1.1841
Src_cls_loss	: 0.4278
-------------------------------------
[Epoch : 2/40]
Total_loss	: 5.0424
Domain_loss	: 1.2124
Src_cls_loss	: 0.3573
-------------------------------------
[Epoch : 3/40]
Total_loss	: 4.8808
Domain_loss	: 1.2284
Src_cls_loss	: 0.3187
-------------------------------------
[Epoch : 4/40]
Total_loss	: 4.7826
Domain_loss	: 1.2290
Src_cls_loss	: 0.2998
-------------------------------------
[Epoch : 5/40]
Total_loss	: 4.7281
Domain_loss	: 1.2357
Src_cls_loss	: 0.2862
-------------------------------------
[Epoch : 6/40]
Total_loss	: 4.6734
Domain_loss	: 1.2391
Src_cls_loss	: 0.2741
-------------------------------------
[Epoch : 7/40]
Total_loss	: 4.6284
Domain_loss	: 1.2390
Src_cls_loss	: 0.2657
-------------------------------------
[Epoch : 8/40]
Total_loss	: 4.5832
Domain_loss	: 1.2416
Src_cls_loss	: 0.2558
-------------------------------------
[Epoch : 9/40]
Total_loss	: 4.5611
Domain_loss	: 1.2497
Src_cls_loss	: 0.2476
-------------------------------------
[Epoch : 10/40]
Total_loss	: 4.5467
Domain_loss	: 1.2599
Src_cls_loss	: 0.2398
-------------------------------------
[Epoch : 11/40]
Total_loss	: 4.5277
Domain_loss	: 1.2665
Src_cls_loss	: 0.2330
-------------------------------------
[Epoch : 12/40]
Total_loss	: 4.5065
Domain_loss	: 1.2688
Src_cls_loss	: 0.2278
-------------------------------------
[Epoch : 13/40]
Total_loss	: 4.4814
Domain_loss	: 1.2711
Src_cls_loss	: 0.2219
-------------------------------------
[Epoch : 14/40]
Total_loss	: 4.4650
Domain_loss	: 1.2738
Src_cls_loss	: 0.2175
-------------------------------------
[Epoch : 15/40]
Total_loss	: 4.4535
Domain_loss	: 1.2775
Src_cls_loss	: 0.2134
-------------------------------------
[Epoch : 16/40]
Total_loss	: 4.4383
Domain_loss	: 1.2801
Src_cls_loss	: 0.2093
-------------------------------------
[Epoch : 17/40]
Total_loss	: 4.4271
Domain_loss	: 1.2839
Src_cls_loss	: 0.2053
-------------------------------------
[Epoch : 18/40]
Total_loss	: 4.4142
Domain_loss	: 1.2865
Src_cls_loss	: 0.2016
-------------------------------------
[Epoch : 19/40]
Total_loss	: 4.4021
Domain_loss	: 1.2887
Src_cls_loss	: 0.1982
-------------------------------------
[Epoch : 20/40]
Total_loss	: 4.3923
Domain_loss	: 1.2917
Src_cls_loss	: 0.1948
-------------------------------------
[Epoch : 21/40]
Total_loss	: 4.3822
Domain_loss	: 1.2949
Src_cls_loss	: 0.1914
-------------------------------------
[Epoch : 22/40]
Total_loss	: 4.3716
Domain_loss	: 1.2970
Src_cls_loss	: 0.1883
-------------------------------------
[Epoch : 23/40]
Total_loss	: 4.3599
Domain_loss	: 1.2992
Src_cls_loss	: 0.1850
-------------------------------------
[Epoch : 24/40]
Total_loss	: 4.3508
Domain_loss	: 1.3013
Src_cls_loss	: 0.1822
-------------------------------------
[Epoch : 25/40]
Total_loss	: 4.3406
Domain_loss	: 1.3007
Src_cls_loss	: 0.1806
-------------------------------------
[Epoch : 26/40]
Total_loss	: 4.3339
Domain_loss	: 1.3029
Src_cls_loss	: 0.1783
-------------------------------------
[Epoch : 27/40]
Total_loss	: 4.3259
Domain_loss	: 1.3045
Src_cls_loss	: 0.1759
-------------------------------------
[Epoch : 28/40]
Total_loss	: 4.3171
Domain_loss	: 1.3051
Src_cls_loss	: 0.1740
-------------------------------------
[Epoch : 29/40]
Total_loss	: 4.3108
Domain_loss	: 1.3065
Src_cls_loss	: 0.1721
-------------------------------------
[Epoch : 30/40]
Total_loss	: 4.3037
Domain_loss	: 1.3083
Src_cls_loss	: 0.1698
-------------------------------------
[Epoch : 31/40]
Total_loss	: 4.2966
Domain_loss	: 1.3105
Src_cls_loss	: 0.1674
-------------------------------------
[Epoch : 32/40]
Total_loss	: 4.2891
Domain_loss	: 1.3126
Src_cls_loss	: 0.1649
-------------------------------------
[Epoch : 33/40]
Total_loss	: 4.2840
Domain_loss	: 1.3148
Src_cls_loss	: 0.1629
-------------------------------------
[Epoch : 34/40]
Total_loss	: 4.2773
Domain_loss	: 1.3168
Src_cls_loss	: 0.1606
-------------------------------------
[Epoch : 35/40]
Total_loss	: 4.2710
Domain_loss	: 1.3187
Src_cls_loss	: 0.1585
-------------------------------------
[Epoch : 36/40]
Total_loss	: 4.2641
Domain_loss	: 1.3200
Src_cls_loss	: 0.1565
-------------------------------------
[Epoch : 37/40]
Total_loss	: 4.2580
Domain_loss	: 1.3216
Src_cls_loss	: 0.1546
-------------------------------------
[Epoch : 38/40]
Total_loss	: 4.2516
Domain_loss	: 1.3232
Src_cls_loss	: 0.1526
-------------------------------------
[Epoch : 39/40]
Total_loss	: 4.2453
Domain_loss	: 1.3244
Src_cls_loss	: 0.1508
-------------------------------------
[Epoch : 40/40]
Total_loss	: 4.2390
Domain_loss	: 1.3257
Src_cls_loss	: 0.1490
-------------------------------------
