=============================================
Dataset: mobiact_realworld
Method:  DSAN
=============================================
Source: df ---> Target: dp_72
Run ID: 0
=============================================
[Epoch : 1/40]
Total_loss	: 0.4741
LMMD_loss	: 0.7509
Src_cls_loss	: 0.3074
-------------------------------------
[Epoch : 2/40]
Total_loss	: 0.3512
LMMD_loss	: 0.7179
Src_cls_loss	: 0.2152
-------------------------------------
[Epoch : 3/40]
Total_loss	: 0.2902
LMMD_loss	: 0.6645
Src_cls_loss	: 0.1724
-------------------------------------
[Epoch : 4/40]
Total_loss	: 0.2529
LMMD_loss	: 0.6368
Src_cls_loss	: 0.1458
-------------------------------------
[Epoch : 5/40]
Total_loss	: 0.2277
LMMD_loss	: 0.6069
Src_cls_loss	: 0.1286
-------------------------------------
[Epoch : 6/40]
Total_loss	: 0.2088
LMMD_loss	: 0.5826
Src_cls_loss	: 0.1160
-------------------------------------
[Epoch : 7/40]
Total_loss	: 0.1923
LMMD_loss	: 0.5616
Src_cls_loss	: 0.1048
-------------------------------------
[Epoch : 8/40]
Total_loss	: 0.1808
LMMD_loss	: 0.5476
Src_cls_loss	: 0.0971
-------------------------------------
[Epoch : 9/40]
Total_loss	: 0.1718
LMMD_loss	: 0.5325
Src_cls_loss	: 0.0913
-------------------------------------
[Epoch : 10/40]
Total_loss	: 0.1634
LMMD_loss	: 0.5191
Src_cls_loss	: 0.0859
-------------------------------------
[Epoch : 11/40]
Total_loss	: 0.1563
LMMD_loss	: 0.5078
Src_cls_loss	: 0.0813
-------------------------------------
[Epoch : 12/40]
Total_loss	: 0.1509
LMMD_loss	: 0.4979
Src_cls_loss	: 0.0779
-------------------------------------
[Epoch : 13/40]
Total_loss	: 0.1452
LMMD_loss	: 0.4890
Src_cls_loss	: 0.0742
-------------------------------------
[Epoch : 14/40]
Total_loss	: 0.1404
LMMD_loss	: 0.4793
Src_cls_loss	: 0.0712
-------------------------------------
[Epoch : 15/40]
Total_loss	: 0.1363
LMMD_loss	: 0.4712
Src_cls_loss	: 0.0687
-------------------------------------
[Epoch : 16/40]
Total_loss	: 0.1326
LMMD_loss	: 0.4646
Src_cls_loss	: 0.0664
-------------------------------------
[Epoch : 17/40]
Total_loss	: 0.1292
LMMD_loss	: 0.4583
Src_cls_loss	: 0.0642
-------------------------------------
[Epoch : 18/40]
Total_loss	: 0.1265
LMMD_loss	: 0.4531
Src_cls_loss	: 0.0626
-------------------------------------
[Epoch : 19/40]
Total_loss	: 0.1239
LMMD_loss	: 0.4476
Src_cls_loss	: 0.0610
-------------------------------------
[Epoch : 20/40]
Total_loss	: 0.1209
LMMD_loss	: 0.4415
Src_cls_loss	: 0.0592
-------------------------------------
[Epoch : 21/40]
Total_loss	: 0.1185
LMMD_loss	: 0.4359
Src_cls_loss	: 0.0577
-------------------------------------
[Epoch : 22/40]
Total_loss	: 0.1162
LMMD_loss	: 0.4306
Src_cls_loss	: 0.0563
-------------------------------------
[Epoch : 23/40]
Total_loss	: 0.1139
LMMD_loss	: 0.4255
Src_cls_loss	: 0.0549
-------------------------------------
[Epoch : 24/40]
Total_loss	: 0.1119
LMMD_loss	: 0.4212
Src_cls_loss	: 0.0538
-------------------------------------
[Epoch : 25/40]
Total_loss	: 0.1098
LMMD_loss	: 0.4163
Src_cls_loss	: 0.0526
-------------------------------------
[Epoch : 26/40]
Total_loss	: 0.1079
LMMD_loss	: 0.4124
Src_cls_loss	: 0.0514
-------------------------------------
[Epoch : 27/40]
Total_loss	: 0.1063
LMMD_loss	: 0.4095
Src_cls_loss	: 0.0503
-------------------------------------
[Epoch : 28/40]
Total_loss	: 0.1050
LMMD_loss	: 0.4058
Src_cls_loss	: 0.0497
-------------------------------------
[Epoch : 29/40]
Total_loss	: 0.1037
LMMD_loss	: 0.4027
Src_cls_loss	: 0.0488
-------------------------------------
[Epoch : 30/40]
Total_loss	: 0.1022
LMMD_loss	: 0.3992
Src_cls_loss	: 0.0480
-------------------------------------
[Epoch : 31/40]
Total_loss	: 0.1009
LMMD_loss	: 0.3959
Src_cls_loss	: 0.0473
-------------------------------------
[Epoch : 32/40]
Total_loss	: 0.0998
LMMD_loss	: 0.3923
Src_cls_loss	: 0.0466
-------------------------------------
[Epoch : 33/40]
Total_loss	: 0.0987
LMMD_loss	: 0.3898
Src_cls_loss	: 0.0460
-------------------------------------
[Epoch : 34/40]
Total_loss	: 0.0974
LMMD_loss	: 0.3867
Src_cls_loss	: 0.0453
-------------------------------------
[Epoch : 35/40]
Total_loss	: 0.0964
LMMD_loss	: 0.3842
Src_cls_loss	: 0.0447
-------------------------------------
[Epoch : 36/40]
Total_loss	: 0.0955
LMMD_loss	: 0.3819
Src_cls_loss	: 0.0442
-------------------------------------
[Epoch : 37/40]
Total_loss	: 0.0945
LMMD_loss	: 0.3788
Src_cls_loss	: 0.0436
-------------------------------------
[Epoch : 38/40]
Total_loss	: 0.0935
LMMD_loss	: 0.3768
Src_cls_loss	: 0.0430
-------------------------------------
[Epoch : 39/40]
Total_loss	: 0.0925
LMMD_loss	: 0.3742
Src_cls_loss	: 0.0425
-------------------------------------
[Epoch : 40/40]
Total_loss	: 0.0919
LMMD_loss	: 0.3728
Src_cls_loss	: 0.0421
-------------------------------------
