=============================================
Dataset: mobiact_realworld
Method:  SYN
=============================================
Source: syn_wal_64 ---> Target: dp_wal_64
Run ID: 8
=============================================
[Epoch : 1/40]
Src_cls_loss	: 0.7417
-------------------------------------
[Epoch : 2/40]
Src_cls_loss	: 0.5558
-------------------------------------
[Epoch : 3/40]
Src_cls_loss	: 0.4421
-------------------------------------
[Epoch : 4/40]
Src_cls_loss	: 0.3665
-------------------------------------
[Epoch : 5/40]
Src_cls_loss	: 0.3106
-------------------------------------
[Epoch : 6/40]
Src_cls_loss	: 0.2699
-------------------------------------
[Epoch : 7/40]
Src_cls_loss	: 0.2391
-------------------------------------
[Epoch : 8/40]
Src_cls_loss	: 0.2160
-------------------------------------
[Epoch : 9/40]
Src_cls_loss	: 0.1967
-------------------------------------
[Epoch : 10/40]
Src_cls_loss	: 0.1798
-------------------------------------
[Epoch : 11/40]
Src_cls_loss	: 0.1663
-------------------------------------
[Epoch : 12/40]
Src_cls_loss	: 0.1544
-------------------------------------
[Epoch : 13/40]
Src_cls_loss	: 0.1439
-------------------------------------
[Epoch : 14/40]
Src_cls_loss	: 0.1351
-------------------------------------
[Epoch : 15/40]
Src_cls_loss	: 0.1271
-------------------------------------
[Epoch : 16/40]
Src_cls_loss	: 0.1201
-------------------------------------
[Epoch : 17/40]
Src_cls_loss	: 0.1137
-------------------------------------
[Epoch : 18/40]
Src_cls_loss	: 0.1079
-------------------------------------
[Epoch : 19/40]
Src_cls_loss	: 0.1026
-------------------------------------
[Epoch : 20/40]
Src_cls_loss	: 0.0978
-------------------------------------
[Epoch : 21/40]
Src_cls_loss	: 0.0938
-------------------------------------
[Epoch : 22/40]
Src_cls_loss	: 0.0900
-------------------------------------
[Epoch : 23/40]
Src_cls_loss	: 0.0864
-------------------------------------
[Epoch : 24/40]
Src_cls_loss	: 0.0831
-------------------------------------
[Epoch : 25/40]
Src_cls_loss	: 0.0800
-------------------------------------
[Epoch : 26/40]
Src_cls_loss	: 0.0773
-------------------------------------
[Epoch : 27/40]
Src_cls_loss	: 0.0748
-------------------------------------
[Epoch : 28/40]
Src_cls_loss	: 0.0723
-------------------------------------
[Epoch : 29/40]
Src_cls_loss	: 0.0701
-------------------------------------
[Epoch : 30/40]
Src_cls_loss	: 0.0680
-------------------------------------
[Epoch : 31/40]
Src_cls_loss	: 0.0663
-------------------------------------
[Epoch : 32/40]
Src_cls_loss	: 0.0645
-------------------------------------
[Epoch : 33/40]
Src_cls_loss	: 0.0628
-------------------------------------
[Epoch : 34/40]
Src_cls_loss	: 0.0612
-------------------------------------
[Epoch : 35/40]
Src_cls_loss	: 0.0597
-------------------------------------
[Epoch : 36/40]
Src_cls_loss	: 0.0582
-------------------------------------
[Epoch : 37/40]
Src_cls_loss	: 0.0569
-------------------------------------
[Epoch : 38/40]
Src_cls_loss	: 0.0556
-------------------------------------
[Epoch : 39/40]
Src_cls_loss	: 0.0543
-------------------------------------
[Epoch : 40/40]
Src_cls_loss	: 0.0532
-------------------------------------
