=============================================
Dataset: pamap_mobiact
Method:  Deep_Coral
=============================================
Source: df ---> Target: dp_34
Run ID: 0
=============================================
[Epoch : 1/40]
Total_loss	: 4.4210
Src_cls_loss	: 0.6633
coral_loss	: 0.0002
-------------------------------------
[Epoch : 2/40]
Total_loss	: 3.8503
Src_cls_loss	: 0.5776
coral_loss	: 0.0002
-------------------------------------
[Epoch : 3/40]
Total_loss	: 3.4194
Src_cls_loss	: 0.5129
coral_loss	: 0.0003
-------------------------------------
[Epoch : 4/40]
Total_loss	: 3.1668
Src_cls_loss	: 0.4749
coral_loss	: 0.0004
-------------------------------------
[Epoch : 5/40]
Total_loss	: 2.8987
Src_cls_loss	: 0.4346
coral_loss	: 0.0004
-------------------------------------
[Epoch : 6/40]
Total_loss	: 2.7352
Src_cls_loss	: 0.4101
coral_loss	: 0.0004
-------------------------------------
[Epoch : 7/40]
Total_loss	: 2.5802
Src_cls_loss	: 0.3868
coral_loss	: 0.0004
-------------------------------------
[Epoch : 8/40]
Total_loss	: 2.4206
Src_cls_loss	: 0.3628
coral_loss	: 0.0005
-------------------------------------
[Epoch : 9/40]
Total_loss	: 2.2934
Src_cls_loss	: 0.3437
coral_loss	: 0.0005
-------------------------------------
[Epoch : 10/40]
Total_loss	: 2.1933
Src_cls_loss	: 0.3287
coral_loss	: 0.0005
-------------------------------------
[Epoch : 11/40]
Total_loss	: 2.1053
Src_cls_loss	: 0.3155
coral_loss	: 0.0005
-------------------------------------
[Epoch : 12/40]
Total_loss	: 2.0207
Src_cls_loss	: 0.3028
coral_loss	: 0.0005
-------------------------------------
[Epoch : 13/40]
Total_loss	: 1.9458
Src_cls_loss	: 0.2916
coral_loss	: 0.0005
-------------------------------------
[Epoch : 14/40]
Total_loss	: 1.8712
Src_cls_loss	: 0.2804
coral_loss	: 0.0005
-------------------------------------
[Epoch : 15/40]
Total_loss	: 1.8121
Src_cls_loss	: 0.2715
coral_loss	: 0.0005
-------------------------------------
[Epoch : 16/40]
Total_loss	: 1.7545
Src_cls_loss	: 0.2629
coral_loss	: 0.0004
-------------------------------------
[Epoch : 17/40]
Total_loss	: 1.7045
Src_cls_loss	: 0.2554
coral_loss	: 0.0004
-------------------------------------
[Epoch : 18/40]
Total_loss	: 1.6603
Src_cls_loss	: 0.2488
coral_loss	: 0.0004
-------------------------------------
[Epoch : 19/40]
Total_loss	: 1.6152
Src_cls_loss	: 0.2420
coral_loss	: 0.0004
-------------------------------------
[Epoch : 20/40]
Total_loss	: 1.5730
Src_cls_loss	: 0.2357
coral_loss	: 0.0004
-------------------------------------
[Epoch : 21/40]
Total_loss	: 1.5329
Src_cls_loss	: 0.2297
coral_loss	: 0.0004
-------------------------------------
[Epoch : 22/40]
Total_loss	: 1.4952
Src_cls_loss	: 0.2240
coral_loss	: 0.0004
-------------------------------------
[Epoch : 23/40]
Total_loss	: 1.4607
Src_cls_loss	: 0.2188
coral_loss	: 0.0004
-------------------------------------
[Epoch : 24/40]
Total_loss	: 1.4337
Src_cls_loss	: 0.2148
coral_loss	: 0.0004
-------------------------------------
[Epoch : 25/40]
Total_loss	: 1.4053
Src_cls_loss	: 0.2105
coral_loss	: 0.0004
-------------------------------------
[Epoch : 26/40]
Total_loss	: 1.3763
Src_cls_loss	: 0.2062
coral_loss	: 0.0004
-------------------------------------
[Epoch : 27/40]
Total_loss	: 1.3527
Src_cls_loss	: 0.2026
coral_loss	: 0.0004
-------------------------------------
[Epoch : 28/40]
Total_loss	: 1.3323
Src_cls_loss	: 0.1996
coral_loss	: 0.0004
-------------------------------------
[Epoch : 29/40]
Total_loss	: 1.3081
Src_cls_loss	: 0.1960
coral_loss	: 0.0004
-------------------------------------
[Epoch : 30/40]
Total_loss	: 1.2924
Src_cls_loss	: 0.1936
coral_loss	: 0.0004
-------------------------------------
[Epoch : 31/40]
Total_loss	: 1.2795
Src_cls_loss	: 0.1917
coral_loss	: 0.0004
-------------------------------------
[Epoch : 32/40]
Total_loss	: 1.2593
Src_cls_loss	: 0.1886
coral_loss	: 0.0004
-------------------------------------
[Epoch : 33/40]
Total_loss	: 1.2394
Src_cls_loss	: 0.1857
coral_loss	: 0.0004
-------------------------------------
[Epoch : 34/40]
Total_loss	: 1.2191
Src_cls_loss	: 0.1826
coral_loss	: 0.0004
-------------------------------------
[Epoch : 35/40]
Total_loss	: 1.2040
Src_cls_loss	: 0.1804
coral_loss	: 0.0004
-------------------------------------
[Epoch : 36/40]
Total_loss	: 1.1864
Src_cls_loss	: 0.1777
coral_loss	: 0.0004
-------------------------------------
[Epoch : 37/40]
Total_loss	: 1.1690
Src_cls_loss	: 0.1751
coral_loss	: 0.0004
-------------------------------------
[Epoch : 38/40]
Total_loss	: 1.1525
Src_cls_loss	: 0.1726
coral_loss	: 0.0004
-------------------------------------
[Epoch : 39/40]
Total_loss	: 1.1378
Src_cls_loss	: 0.1704
coral_loss	: 0.0003
-------------------------------------
[Epoch : 40/40]
Total_loss	: 1.1242
Src_cls_loss	: 0.1684
coral_loss	: 0.0003
-------------------------------------
