=============================================
Dataset: realworld_mobiact
Method:  NO_ADAPT
=============================================
Source: syn_30 ---> Target: dp_30
Run ID: 7
=============================================
[Epoch : 1/40]
Src_cls_loss	: 0.9729
-------------------------------------
[Epoch : 2/40]
Src_cls_loss	: 0.8733
-------------------------------------
[Epoch : 3/40]
Src_cls_loss	: 0.8067
-------------------------------------
[Epoch : 4/40]
Src_cls_loss	: 0.7378
-------------------------------------
[Epoch : 5/40]
Src_cls_loss	: 0.6701
-------------------------------------
[Epoch : 6/40]
Src_cls_loss	: 0.6142
-------------------------------------
[Epoch : 7/40]
Src_cls_loss	: 0.5611
-------------------------------------
[Epoch : 8/40]
Src_cls_loss	: 0.5180
-------------------------------------
[Epoch : 9/40]
Src_cls_loss	: 0.4823
-------------------------------------
[Epoch : 10/40]
Src_cls_loss	: 0.4517
-------------------------------------
[Epoch : 11/40]
Src_cls_loss	: 0.4248
-------------------------------------
[Epoch : 12/40]
Src_cls_loss	: 0.3987
-------------------------------------
[Epoch : 13/40]
Src_cls_loss	: 0.3758
-------------------------------------
[Epoch : 14/40]
Src_cls_loss	: 0.3559
-------------------------------------
[Epoch : 15/40]
Src_cls_loss	: 0.3387
-------------------------------------
[Epoch : 16/40]
Src_cls_loss	: 0.3235
-------------------------------------
[Epoch : 17/40]
Src_cls_loss	: 0.3092
-------------------------------------
[Epoch : 18/40]
Src_cls_loss	: 0.2979
-------------------------------------
[Epoch : 19/40]
Src_cls_loss	: 0.2857
-------------------------------------
[Epoch : 20/40]
Src_cls_loss	: 0.2744
-------------------------------------
[Epoch : 21/40]
Src_cls_loss	: 0.2648
-------------------------------------
[Epoch : 22/40]
Src_cls_loss	: 0.2565
-------------------------------------
[Epoch : 23/40]
Src_cls_loss	: 0.2488
-------------------------------------
[Epoch : 24/40]
Src_cls_loss	: 0.2412
-------------------------------------
[Epoch : 25/40]
Src_cls_loss	: 0.2337
-------------------------------------
[Epoch : 26/40]
Src_cls_loss	: 0.2269
-------------------------------------
[Epoch : 27/40]
Src_cls_loss	: 0.2198
-------------------------------------
[Epoch : 28/40]
Src_cls_loss	: 0.2133
-------------------------------------
[Epoch : 29/40]
Src_cls_loss	: 0.2076
-------------------------------------
[Epoch : 30/40]
Src_cls_loss	: 0.2031
-------------------------------------
[Epoch : 31/40]
Src_cls_loss	: 0.1995
-------------------------------------
[Epoch : 32/40]
Src_cls_loss	: 0.1945
-------------------------------------
[Epoch : 33/40]
Src_cls_loss	: 0.1894
-------------------------------------
[Epoch : 34/40]
Src_cls_loss	: 0.1846
-------------------------------------
[Epoch : 35/40]
Src_cls_loss	: 0.1799
-------------------------------------
[Epoch : 36/40]
Src_cls_loss	: 0.1757
-------------------------------------
[Epoch : 37/40]
Src_cls_loss	: 0.1720
-------------------------------------
[Epoch : 38/40]
Src_cls_loss	: 0.1683
-------------------------------------
[Epoch : 39/40]
Src_cls_loss	: 0.1648
-------------------------------------
[Epoch : 40/40]
Src_cls_loss	: 0.1615
-------------------------------------
