=============================================
Dataset: pamap_mobiact
Method:  NO_ADAPT
=============================================
Source: syn_31 ---> Target: dp_31
Run ID: 4
=============================================
[Epoch : 1/40]
Src_cls_loss	: 0.7267
-------------------------------------
[Epoch : 2/40]
Src_cls_loss	: 0.5841
-------------------------------------
[Epoch : 3/40]
Src_cls_loss	: 0.4872
-------------------------------------
[Epoch : 4/40]
Src_cls_loss	: 0.4169
-------------------------------------
[Epoch : 5/40]
Src_cls_loss	: 0.3581
-------------------------------------
[Epoch : 6/40]
Src_cls_loss	: 0.3157
-------------------------------------
[Epoch : 7/40]
Src_cls_loss	: 0.2830
-------------------------------------
[Epoch : 8/40]
Src_cls_loss	: 0.2566
-------------------------------------
[Epoch : 9/40]
Src_cls_loss	: 0.2337
-------------------------------------
[Epoch : 10/40]
Src_cls_loss	: 0.2198
-------------------------------------
[Epoch : 11/40]
Src_cls_loss	: 0.2041
-------------------------------------
[Epoch : 12/40]
Src_cls_loss	: 0.1902
-------------------------------------
[Epoch : 13/40]
Src_cls_loss	: 0.1781
-------------------------------------
[Epoch : 14/40]
Src_cls_loss	: 0.1671
-------------------------------------
[Epoch : 15/40]
Src_cls_loss	: 0.1572
-------------------------------------
[Epoch : 16/40]
Src_cls_loss	: 0.1486
-------------------------------------
[Epoch : 17/40]
Src_cls_loss	: 0.1410
-------------------------------------
[Epoch : 18/40]
Src_cls_loss	: 0.1347
-------------------------------------
[Epoch : 19/40]
Src_cls_loss	: 0.1286
-------------------------------------
[Epoch : 20/40]
Src_cls_loss	: 0.1233
-------------------------------------
[Epoch : 21/40]
Src_cls_loss	: 0.1184
-------------------------------------
[Epoch : 22/40]
Src_cls_loss	: 0.1137
-------------------------------------
[Epoch : 23/40]
Src_cls_loss	: 0.1091
-------------------------------------
[Epoch : 24/40]
Src_cls_loss	: 0.1051
-------------------------------------
[Epoch : 25/40]
Src_cls_loss	: 0.1014
-------------------------------------
[Epoch : 26/40]
Src_cls_loss	: 0.0980
-------------------------------------
[Epoch : 27/40]
Src_cls_loss	: 0.0948
-------------------------------------
[Epoch : 28/40]
Src_cls_loss	: 0.0922
-------------------------------------
[Epoch : 29/40]
Src_cls_loss	: 0.0901
-------------------------------------
[Epoch : 30/40]
Src_cls_loss	: 0.0879
-------------------------------------
[Epoch : 31/40]
Src_cls_loss	: 0.0859
-------------------------------------
[Epoch : 32/40]
Src_cls_loss	: 0.0837
-------------------------------------
[Epoch : 33/40]
Src_cls_loss	: 0.0814
-------------------------------------
[Epoch : 34/40]
Src_cls_loss	: 0.0793
-------------------------------------
[Epoch : 35/40]
Src_cls_loss	: 0.0773
-------------------------------------
[Epoch : 36/40]
Src_cls_loss	: 0.0755
-------------------------------------
[Epoch : 37/40]
Src_cls_loss	: 0.0737
-------------------------------------
[Epoch : 38/40]
Src_cls_loss	: 0.0719
-------------------------------------
[Epoch : 39/40]
Src_cls_loss	: 0.0702
-------------------------------------
[Epoch : 40/40]
Src_cls_loss	: 0.0687
-------------------------------------
