=============================================
Dataset: realworld_pamap
Method:  SYN
=============================================
Source: syn_wal_18 ---> Target: dp_wal_18
Run ID: 3
=============================================
[Epoch : 1/40]
Src_cls_loss	: 0.9075
-------------------------------------
[Epoch : 2/40]
Src_cls_loss	: 0.7847
-------------------------------------
[Epoch : 3/40]
Src_cls_loss	: 0.6719
-------------------------------------
[Epoch : 4/40]
Src_cls_loss	: 0.5780
-------------------------------------
[Epoch : 5/40]
Src_cls_loss	: 0.5023
-------------------------------------
[Epoch : 6/40]
Src_cls_loss	: 0.4458
-------------------------------------
[Epoch : 7/40]
Src_cls_loss	: 0.3988
-------------------------------------
[Epoch : 8/40]
Src_cls_loss	: 0.3580
-------------------------------------
[Epoch : 9/40]
Src_cls_loss	: 0.3243
-------------------------------------
[Epoch : 10/40]
Src_cls_loss	: 0.2961
-------------------------------------
[Epoch : 11/40]
Src_cls_loss	: 0.2725
-------------------------------------
[Epoch : 12/40]
Src_cls_loss	: 0.2522
-------------------------------------
[Epoch : 13/40]
Src_cls_loss	: 0.2354
-------------------------------------
[Epoch : 14/40]
Src_cls_loss	: 0.2204
-------------------------------------
[Epoch : 15/40]
Src_cls_loss	: 0.2072
-------------------------------------
[Epoch : 16/40]
Src_cls_loss	: 0.1957
-------------------------------------
[Epoch : 17/40]
Src_cls_loss	: 0.1852
-------------------------------------
[Epoch : 18/40]
Src_cls_loss	: 0.1759
-------------------------------------
[Epoch : 19/40]
Src_cls_loss	: 0.1673
-------------------------------------
[Epoch : 20/40]
Src_cls_loss	: 0.1603
-------------------------------------
[Epoch : 21/40]
Src_cls_loss	: 0.1540
-------------------------------------
[Epoch : 22/40]
Src_cls_loss	: 0.1480
-------------------------------------
[Epoch : 23/40]
Src_cls_loss	: 0.1422
-------------------------------------
[Epoch : 24/40]
Src_cls_loss	: 0.1373
-------------------------------------
[Epoch : 25/40]
Src_cls_loss	: 0.1324
-------------------------------------
[Epoch : 26/40]
Src_cls_loss	: 0.1276
-------------------------------------
[Epoch : 27/40]
Src_cls_loss	: 0.1233
-------------------------------------
[Epoch : 28/40]
Src_cls_loss	: 0.1192
-------------------------------------
[Epoch : 29/40]
Src_cls_loss	: 0.1152
-------------------------------------
[Epoch : 30/40]
Src_cls_loss	: 0.1117
-------------------------------------
[Epoch : 31/40]
Src_cls_loss	: 0.1082
-------------------------------------
[Epoch : 32/40]
Src_cls_loss	: 0.1050
-------------------------------------
[Epoch : 33/40]
Src_cls_loss	: 0.1019
-------------------------------------
[Epoch : 34/40]
Src_cls_loss	: 0.0990
-------------------------------------
[Epoch : 35/40]
Src_cls_loss	: 0.0963
-------------------------------------
[Epoch : 36/40]
Src_cls_loss	: 0.0937
-------------------------------------
[Epoch : 37/40]
Src_cls_loss	: 0.0913
-------------------------------------
[Epoch : 38/40]
Src_cls_loss	: 0.0889
-------------------------------------
[Epoch : 39/40]
Src_cls_loss	: 0.0867
-------------------------------------
[Epoch : 40/40]
Src_cls_loss	: 0.0846
-------------------------------------
