=============================================
Dataset: pamap_mobiact
Method:  NO_ADAPT
=============================================
Source: syn_49 ---> Target: dp_49
Run ID: 1
=============================================
[Epoch : 1/40]
Src_cls_loss	: 0.8571
-------------------------------------
[Epoch : 2/40]
Src_cls_loss	: 0.7534
-------------------------------------
[Epoch : 3/40]
Src_cls_loss	: 0.6740
-------------------------------------
[Epoch : 4/40]
Src_cls_loss	: 0.6022
-------------------------------------
[Epoch : 5/40]
Src_cls_loss	: 0.5457
-------------------------------------
[Epoch : 6/40]
Src_cls_loss	: 0.4902
-------------------------------------
[Epoch : 7/40]
Src_cls_loss	: 0.4424
-------------------------------------
[Epoch : 8/40]
Src_cls_loss	: 0.4053
-------------------------------------
[Epoch : 9/40]
Src_cls_loss	: 0.3698
-------------------------------------
[Epoch : 10/40]
Src_cls_loss	: 0.3391
-------------------------------------
[Epoch : 11/40]
Src_cls_loss	: 0.3127
-------------------------------------
[Epoch : 12/40]
Src_cls_loss	: 0.2910
-------------------------------------
[Epoch : 13/40]
Src_cls_loss	: 0.2714
-------------------------------------
[Epoch : 14/40]
Src_cls_loss	: 0.2550
-------------------------------------
[Epoch : 15/40]
Src_cls_loss	: 0.2402
-------------------------------------
[Epoch : 16/40]
Src_cls_loss	: 0.2269
-------------------------------------
[Epoch : 17/40]
Src_cls_loss	: 0.2148
-------------------------------------
[Epoch : 18/40]
Src_cls_loss	: 0.2052
-------------------------------------
[Epoch : 19/40]
Src_cls_loss	: 0.1968
-------------------------------------
[Epoch : 20/40]
Src_cls_loss	: 0.1883
-------------------------------------
[Epoch : 21/40]
Src_cls_loss	: 0.1802
-------------------------------------
[Epoch : 22/40]
Src_cls_loss	: 0.1726
-------------------------------------
[Epoch : 23/40]
Src_cls_loss	: 0.1658
-------------------------------------
[Epoch : 24/40]
Src_cls_loss	: 0.1595
-------------------------------------
[Epoch : 25/40]
Src_cls_loss	: 0.1543
-------------------------------------
[Epoch : 26/40]
Src_cls_loss	: 0.1491
-------------------------------------
[Epoch : 27/40]
Src_cls_loss	: 0.1441
-------------------------------------
[Epoch : 28/40]
Src_cls_loss	: 0.1395
-------------------------------------
[Epoch : 29/40]
Src_cls_loss	: 0.1350
-------------------------------------
[Epoch : 30/40]
Src_cls_loss	: 0.1311
-------------------------------------
[Epoch : 31/40]
Src_cls_loss	: 0.1274
-------------------------------------
[Epoch : 32/40]
Src_cls_loss	: 0.1238
-------------------------------------
[Epoch : 33/40]
Src_cls_loss	: 0.1203
-------------------------------------
[Epoch : 34/40]
Src_cls_loss	: 0.1173
-------------------------------------
[Epoch : 35/40]
Src_cls_loss	: 0.1142
-------------------------------------
[Epoch : 36/40]
Src_cls_loss	: 0.1113
-------------------------------------
[Epoch : 37/40]
Src_cls_loss	: 0.1085
-------------------------------------
[Epoch : 38/40]
Src_cls_loss	: 0.1058
-------------------------------------
[Epoch : 39/40]
Src_cls_loss	: 0.1033
-------------------------------------
[Epoch : 40/40]
Src_cls_loss	: 0.1010
-------------------------------------
