=============================================
Dataset: mobiact_realworld
Method:  DANN
=============================================
Source: df ---> Target: dp_wal_65
Run ID: 0
=============================================
[Epoch : 1/40]
Total_loss	: 6.3251
Domain_loss	: 1.2790
Src_cls_loss	: 0.5677
-------------------------------------
[Epoch : 2/40]
Total_loss	: 5.8806
Domain_loss	: 1.3032
Src_cls_loss	: 0.4714
-------------------------------------
[Epoch : 3/40]
Total_loss	: 5.5988
Domain_loss	: 1.3167
Src_cls_loss	: 0.4113
-------------------------------------
[Epoch : 4/40]
Total_loss	: 5.3885
Domain_loss	: 1.3258
Src_cls_loss	: 0.3669
-------------------------------------
[Epoch : 5/40]
Total_loss	: 5.2251
Domain_loss	: 1.3324
Src_cls_loss	: 0.3327
-------------------------------------
[Epoch : 6/40]
Total_loss	: 5.0861
Domain_loss	: 1.3352
Src_cls_loss	: 0.3049
-------------------------------------
[Epoch : 7/40]
Total_loss	: 4.9899
Domain_loss	: 1.3398
Src_cls_loss	: 0.2844
-------------------------------------
[Epoch : 8/40]
Total_loss	: 4.8978
Domain_loss	: 1.3434
Src_cls_loss	: 0.2652
-------------------------------------
[Epoch : 9/40]
Total_loss	: 4.8232
Domain_loss	: 1.3453
Src_cls_loss	: 0.2501
-------------------------------------
[Epoch : 10/40]
Total_loss	: 4.7585
Domain_loss	: 1.3470
Src_cls_loss	: 0.2369
-------------------------------------
[Epoch : 11/40]
Total_loss	: 4.7044
Domain_loss	: 1.3474
Src_cls_loss	: 0.2265
-------------------------------------
[Epoch : 12/40]
Total_loss	: 4.6532
Domain_loss	: 1.3484
Src_cls_loss	: 0.2163
-------------------------------------
[Epoch : 13/40]
Total_loss	: 4.6150
Domain_loss	: 1.3497
Src_cls_loss	: 0.2084
-------------------------------------
[Epoch : 14/40]
Total_loss	: 4.5776
Domain_loss	: 1.3505
Src_cls_loss	: 0.2009
-------------------------------------
[Epoch : 15/40]
Total_loss	: 4.5403
Domain_loss	: 1.3512
Src_cls_loss	: 0.1935
-------------------------------------
[Epoch : 16/40]
Total_loss	: 4.5073
Domain_loss	: 1.3518
Src_cls_loss	: 0.1870
-------------------------------------
[Epoch : 17/40]
Total_loss	: 4.4793
Domain_loss	: 1.3524
Src_cls_loss	: 0.1813
-------------------------------------
[Epoch : 18/40]
Total_loss	: 4.4570
Domain_loss	: 1.3532
Src_cls_loss	: 0.1767
-------------------------------------
[Epoch : 19/40]
Total_loss	: 4.4343
Domain_loss	: 1.3537
Src_cls_loss	: 0.1721
-------------------------------------
[Epoch : 20/40]
Total_loss	: 4.4124
Domain_loss	: 1.3548
Src_cls_loss	: 0.1675
-------------------------------------
[Epoch : 21/40]
Total_loss	: 4.3917
Domain_loss	: 1.3557
Src_cls_loss	: 0.1631
-------------------------------------
[Epoch : 22/40]
Total_loss	: 4.3728
Domain_loss	: 1.3565
Src_cls_loss	: 0.1591
-------------------------------------
[Epoch : 23/40]
Total_loss	: 4.3555
Domain_loss	: 1.3572
Src_cls_loss	: 0.1555
-------------------------------------
[Epoch : 24/40]
Total_loss	: 4.3376
Domain_loss	: 1.3573
Src_cls_loss	: 0.1521
-------------------------------------
[Epoch : 25/40]
Total_loss	: 4.3208
Domain_loss	: 1.3575
Src_cls_loss	: 0.1488
-------------------------------------
[Epoch : 26/40]
Total_loss	: 4.3069
Domain_loss	: 1.3585
Src_cls_loss	: 0.1457
-------------------------------------
[Epoch : 27/40]
Total_loss	: 4.2945
Domain_loss	: 1.3595
Src_cls_loss	: 0.1428
-------------------------------------
[Epoch : 28/40]
Total_loss	: 4.2794
Domain_loss	: 1.3598
Src_cls_loss	: 0.1398
-------------------------------------
[Epoch : 29/40]
Total_loss	: 4.2677
Domain_loss	: 1.3593
Src_cls_loss	: 0.1378
-------------------------------------
[Epoch : 30/40]
Total_loss	: 4.2552
Domain_loss	: 1.3590
Src_cls_loss	: 0.1356
-------------------------------------
[Epoch : 31/40]
Total_loss	: 4.2423
Domain_loss	: 1.3589
Src_cls_loss	: 0.1332
-------------------------------------
[Epoch : 32/40]
Total_loss	: 4.2339
Domain_loss	: 1.3595
Src_cls_loss	: 0.1313
-------------------------------------
[Epoch : 33/40]
Total_loss	: 4.2243
Domain_loss	: 1.3601
Src_cls_loss	: 0.1292
-------------------------------------
[Epoch : 34/40]
Total_loss	: 4.2174
Domain_loss	: 1.3607
Src_cls_loss	: 0.1276
-------------------------------------
[Epoch : 35/40]
Total_loss	: 4.2080
Domain_loss	: 1.3610
Src_cls_loss	: 0.1256
-------------------------------------
[Epoch : 36/40]
Total_loss	: 4.1965
Domain_loss	: 1.3611
Src_cls_loss	: 0.1234
-------------------------------------
[Epoch : 37/40]
Total_loss	: 4.1888
Domain_loss	: 1.3615
Src_cls_loss	: 0.1217
-------------------------------------
[Epoch : 38/40]
Total_loss	: 4.1811
Domain_loss	: 1.3620
Src_cls_loss	: 0.1200
-------------------------------------
[Epoch : 39/40]
Total_loss	: 4.1741
Domain_loss	: 1.3626
Src_cls_loss	: 0.1184
-------------------------------------
[Epoch : 40/40]
Total_loss	: 4.1653
Domain_loss	: 1.3623
Src_cls_loss	: 0.1169
-------------------------------------
