=============================================
Dataset: mobiact_realworld
Method:  DANN
=============================================
Source: df ---> Target: dp_wal_64
Run ID: 0
=============================================
[Epoch : 1/40]
Total_loss	: 6.1909
Domain_loss	: 1.2433
Src_cls_loss	: 0.5599
-------------------------------------
[Epoch : 2/40]
Total_loss	: 5.8134
Domain_loss	: 1.2737
Src_cls_loss	: 0.4733
-------------------------------------
[Epoch : 3/40]
Total_loss	: 5.5814
Domain_loss	: 1.2893
Src_cls_loss	: 0.4216
-------------------------------------
[Epoch : 4/40]
Total_loss	: 5.3929
Domain_loss	: 1.3019
Src_cls_loss	: 0.3795
-------------------------------------
[Epoch : 5/40]
Total_loss	: 5.2307
Domain_loss	: 1.3122
Src_cls_loss	: 0.3437
-------------------------------------
[Epoch : 6/40]
Total_loss	: 5.1072
Domain_loss	: 1.3182
Src_cls_loss	: 0.3174
-------------------------------------
[Epoch : 7/40]
Total_loss	: 5.0060
Domain_loss	: 1.3217
Src_cls_loss	: 0.2964
-------------------------------------
[Epoch : 8/40]
Total_loss	: 4.9155
Domain_loss	: 1.3254
Src_cls_loss	: 0.2774
-------------------------------------
[Epoch : 9/40]
Total_loss	: 4.8558
Domain_loss	: 1.3301
Src_cls_loss	: 0.2638
-------------------------------------
[Epoch : 10/40]
Total_loss	: 4.7868
Domain_loss	: 1.3329
Src_cls_loss	: 0.2493
-------------------------------------
[Epoch : 11/40]
Total_loss	: 4.7284
Domain_loss	: 1.3346
Src_cls_loss	: 0.2374
-------------------------------------
[Epoch : 12/40]
Total_loss	: 4.6799
Domain_loss	: 1.3376
Src_cls_loss	: 0.2267
-------------------------------------
[Epoch : 13/40]
Total_loss	: 4.6431
Domain_loss	: 1.3401
Src_cls_loss	: 0.2185
-------------------------------------
[Epoch : 14/40]
Total_loss	: 4.6056
Domain_loss	: 1.3419
Src_cls_loss	: 0.2105
-------------------------------------
[Epoch : 15/40]
Total_loss	: 4.5705
Domain_loss	: 1.3442
Src_cls_loss	: 0.2027
-------------------------------------
[Epoch : 16/40]
Total_loss	: 4.5385
Domain_loss	: 1.3464
Src_cls_loss	: 0.1956
-------------------------------------
[Epoch : 17/40]
Total_loss	: 4.5099
Domain_loss	: 1.3472
Src_cls_loss	: 0.1897
-------------------------------------
[Epoch : 18/40]
Total_loss	: 4.4831
Domain_loss	: 1.3480
Src_cls_loss	: 0.1842
-------------------------------------
[Epoch : 19/40]
Total_loss	: 4.4603
Domain_loss	: 1.3487
Src_cls_loss	: 0.1796
-------------------------------------
[Epoch : 20/40]
Total_loss	: 4.4391
Domain_loss	: 1.3498
Src_cls_loss	: 0.1750
-------------------------------------
[Epoch : 21/40]
Total_loss	: 4.4162
Domain_loss	: 1.3500
Src_cls_loss	: 0.1705
-------------------------------------
[Epoch : 22/40]
Total_loss	: 4.3979
Domain_loss	: 1.3509
Src_cls_loss	: 0.1666
-------------------------------------
[Epoch : 23/40]
Total_loss	: 4.3783
Domain_loss	: 1.3519
Src_cls_loss	: 0.1624
-------------------------------------
[Epoch : 24/40]
Total_loss	: 4.3615
Domain_loss	: 1.3531
Src_cls_loss	: 0.1587
-------------------------------------
[Epoch : 25/40]
Total_loss	: 4.3475
Domain_loss	: 1.3542
Src_cls_loss	: 0.1554
-------------------------------------
[Epoch : 26/40]
Total_loss	: 4.3305
Domain_loss	: 1.3543
Src_cls_loss	: 0.1522
-------------------------------------
[Epoch : 27/40]
Total_loss	: 4.3164
Domain_loss	: 1.3544
Src_cls_loss	: 0.1495
-------------------------------------
[Epoch : 28/40]
Total_loss	: 4.3017
Domain_loss	: 1.3548
Src_cls_loss	: 0.1465
-------------------------------------
[Epoch : 29/40]
Total_loss	: 4.2908
Domain_loss	: 1.3554
Src_cls_loss	: 0.1441
-------------------------------------
[Epoch : 30/40]
Total_loss	: 4.2780
Domain_loss	: 1.3556
Src_cls_loss	: 0.1416
-------------------------------------
[Epoch : 31/40]
Total_loss	: 4.2673
Domain_loss	: 1.3559
Src_cls_loss	: 0.1394
-------------------------------------
[Epoch : 32/40]
Total_loss	: 4.2563
Domain_loss	: 1.3561
Src_cls_loss	: 0.1372
-------------------------------------
[Epoch : 33/40]
Total_loss	: 4.2451
Domain_loss	: 1.3565
Src_cls_loss	: 0.1349
-------------------------------------
[Epoch : 34/40]
Total_loss	: 4.2349
Domain_loss	: 1.3569
Src_cls_loss	: 0.1328
-------------------------------------
[Epoch : 35/40]
Total_loss	: 4.2235
Domain_loss	: 1.3566
Src_cls_loss	: 0.1307
-------------------------------------
[Epoch : 36/40]
Total_loss	: 4.2126
Domain_loss	: 1.3567
Src_cls_loss	: 0.1287
-------------------------------------
[Epoch : 37/40]
Total_loss	: 4.2041
Domain_loss	: 1.3568
Src_cls_loss	: 0.1269
-------------------------------------
[Epoch : 38/40]
Total_loss	: 4.1953
Domain_loss	: 1.3570
Src_cls_loss	: 0.1252
-------------------------------------
[Epoch : 39/40]
Total_loss	: 4.1865
Domain_loss	: 1.3572
Src_cls_loss	: 0.1234
-------------------------------------
[Epoch : 40/40]
Total_loss	: 4.1797
Domain_loss	: 1.3577
Src_cls_loss	: 0.1219
-------------------------------------
