=============================================
Dataset: pamap_realworld
Method:  NO_ADAPT
=============================================
Source: syn_11 ---> Target: dp_11
Run ID: 3
=============================================
[Epoch : 1/40]
Src_cls_loss	: 0.3907
-------------------------------------
[Epoch : 2/40]
Src_cls_loss	: 0.2418
-------------------------------------
[Epoch : 3/40]
Src_cls_loss	: 0.1805
-------------------------------------
[Epoch : 4/40]
Src_cls_loss	: 0.1481
-------------------------------------
[Epoch : 5/40]
Src_cls_loss	: 0.1239
-------------------------------------
[Epoch : 6/40]
Src_cls_loss	: 0.1073
-------------------------------------
[Epoch : 7/40]
Src_cls_loss	: 0.0952
-------------------------------------
[Epoch : 8/40]
Src_cls_loss	: 0.0866
-------------------------------------
[Epoch : 9/40]
Src_cls_loss	: 0.0787
-------------------------------------
[Epoch : 10/40]
Src_cls_loss	: 0.0725
-------------------------------------
[Epoch : 11/40]
Src_cls_loss	: 0.0675
-------------------------------------
[Epoch : 12/40]
Src_cls_loss	: 0.0629
-------------------------------------
[Epoch : 13/40]
Src_cls_loss	: 0.0589
-------------------------------------
[Epoch : 14/40]
Src_cls_loss	: 0.0551
-------------------------------------
[Epoch : 15/40]
Src_cls_loss	: 0.0520
-------------------------------------
[Epoch : 16/40]
Src_cls_loss	: 0.0493
-------------------------------------
[Epoch : 17/40]
Src_cls_loss	: 0.0467
-------------------------------------
[Epoch : 18/40]
Src_cls_loss	: 0.0443
-------------------------------------
[Epoch : 19/40]
Src_cls_loss	: 0.0426
-------------------------------------
[Epoch : 20/40]
Src_cls_loss	: 0.0407
-------------------------------------
[Epoch : 21/40]
Src_cls_loss	: 0.0391
-------------------------------------
[Epoch : 22/40]
Src_cls_loss	: 0.0375
-------------------------------------
[Epoch : 23/40]
Src_cls_loss	: 0.0369
-------------------------------------
[Epoch : 24/40]
Src_cls_loss	: 0.0360
-------------------------------------
[Epoch : 25/40]
Src_cls_loss	: 0.0351
-------------------------------------
[Epoch : 26/40]
Src_cls_loss	: 0.0340
-------------------------------------
[Epoch : 27/40]
Src_cls_loss	: 0.0331
-------------------------------------
[Epoch : 28/40]
Src_cls_loss	: 0.0321
-------------------------------------
[Epoch : 29/40]
Src_cls_loss	: 0.0312
-------------------------------------
[Epoch : 30/40]
Src_cls_loss	: 0.0303
-------------------------------------
[Epoch : 31/40]
Src_cls_loss	: 0.0295
-------------------------------------
[Epoch : 32/40]
Src_cls_loss	: 0.0288
-------------------------------------
[Epoch : 33/40]
Src_cls_loss	: 0.0280
-------------------------------------
[Epoch : 34/40]
Src_cls_loss	: 0.0272
-------------------------------------
[Epoch : 35/40]
Src_cls_loss	: 0.0266
-------------------------------------
[Epoch : 36/40]
Src_cls_loss	: 0.0260
-------------------------------------
[Epoch : 37/40]
Src_cls_loss	: 0.0255
-------------------------------------
[Epoch : 38/40]
Src_cls_loss	: 0.0250
-------------------------------------
[Epoch : 39/40]
Src_cls_loss	: 0.0245
-------------------------------------
[Epoch : 40/40]
Src_cls_loss	: 0.0240
-------------------------------------
