=============================================
Dataset: mobiact_realworld
Method:  NO_ADAPT
=============================================
Source: syn_74 ---> Target: dp_74
Run ID: 2
=============================================
[Epoch : 1/40]
Src_cls_loss	: 0.6858
-------------------------------------
[Epoch : 2/40]
Src_cls_loss	: 0.5245
-------------------------------------
[Epoch : 3/40]
Src_cls_loss	: 0.4282
-------------------------------------
[Epoch : 4/40]
Src_cls_loss	: 0.3624
-------------------------------------
[Epoch : 5/40]
Src_cls_loss	: 0.3190
-------------------------------------
[Epoch : 6/40]
Src_cls_loss	: 0.2845
-------------------------------------
[Epoch : 7/40]
Src_cls_loss	: 0.2565
-------------------------------------
[Epoch : 8/40]
Src_cls_loss	: 0.2343
-------------------------------------
[Epoch : 9/40]
Src_cls_loss	: 0.2174
-------------------------------------
[Epoch : 10/40]
Src_cls_loss	: 0.2015
-------------------------------------
[Epoch : 11/40]
Src_cls_loss	: 0.1875
-------------------------------------
[Epoch : 12/40]
Src_cls_loss	: 0.1765
-------------------------------------
[Epoch : 13/40]
Src_cls_loss	: 0.1663
-------------------------------------
[Epoch : 14/40]
Src_cls_loss	: 0.1574
-------------------------------------
[Epoch : 15/40]
Src_cls_loss	: 0.1494
-------------------------------------
[Epoch : 16/40]
Src_cls_loss	: 0.1429
-------------------------------------
[Epoch : 17/40]
Src_cls_loss	: 0.1365
-------------------------------------
[Epoch : 18/40]
Src_cls_loss	: 0.1303
-------------------------------------
[Epoch : 19/40]
Src_cls_loss	: 0.1249
-------------------------------------
[Epoch : 20/40]
Src_cls_loss	: 0.1204
-------------------------------------
[Epoch : 21/40]
Src_cls_loss	: 0.1165
-------------------------------------
[Epoch : 22/40]
Src_cls_loss	: 0.1128
-------------------------------------
[Epoch : 23/40]
Src_cls_loss	: 0.1092
-------------------------------------
[Epoch : 24/40]
Src_cls_loss	: 0.1058
-------------------------------------
[Epoch : 25/40]
Src_cls_loss	: 0.1024
-------------------------------------
[Epoch : 26/40]
Src_cls_loss	: 0.0992
-------------------------------------
[Epoch : 27/40]
Src_cls_loss	: 0.0964
-------------------------------------
[Epoch : 28/40]
Src_cls_loss	: 0.0936
-------------------------------------
[Epoch : 29/40]
Src_cls_loss	: 0.0914
-------------------------------------
[Epoch : 30/40]
Src_cls_loss	: 0.0892
-------------------------------------
[Epoch : 31/40]
Src_cls_loss	: 0.0870
-------------------------------------
[Epoch : 32/40]
Src_cls_loss	: 0.0851
-------------------------------------
[Epoch : 33/40]
Src_cls_loss	: 0.0832
-------------------------------------
[Epoch : 34/40]
Src_cls_loss	: 0.0814
-------------------------------------
[Epoch : 35/40]
Src_cls_loss	: 0.0798
-------------------------------------
[Epoch : 36/40]
Src_cls_loss	: 0.0782
-------------------------------------
[Epoch : 37/40]
Src_cls_loss	: 0.0766
-------------------------------------
[Epoch : 38/40]
Src_cls_loss	: 0.0752
-------------------------------------
[Epoch : 39/40]
Src_cls_loss	: 0.0738
-------------------------------------
[Epoch : 40/40]
Src_cls_loss	: 0.0727
-------------------------------------
