=============================================
Dataset: pamap_mobiact
Method:  NO_ADAPT
=============================================
Source: syn_23 ---> Target: dp_23
Run ID: 5
=============================================
[Epoch : 1/40]
Src_cls_loss	: 0.6503
-------------------------------------
[Epoch : 2/40]
Src_cls_loss	: 0.5154
-------------------------------------
[Epoch : 3/40]
Src_cls_loss	: 0.4299
-------------------------------------
[Epoch : 4/40]
Src_cls_loss	: 0.3709
-------------------------------------
[Epoch : 5/40]
Src_cls_loss	: 0.3256
-------------------------------------
[Epoch : 6/40]
Src_cls_loss	: 0.2900
-------------------------------------
[Epoch : 7/40]
Src_cls_loss	: 0.2611
-------------------------------------
[Epoch : 8/40]
Src_cls_loss	: 0.2392
-------------------------------------
[Epoch : 9/40]
Src_cls_loss	: 0.2192
-------------------------------------
[Epoch : 10/40]
Src_cls_loss	: 0.2041
-------------------------------------
[Epoch : 11/40]
Src_cls_loss	: 0.1898
-------------------------------------
[Epoch : 12/40]
Src_cls_loss	: 0.1779
-------------------------------------
[Epoch : 13/40]
Src_cls_loss	: 0.1693
-------------------------------------
[Epoch : 14/40]
Src_cls_loss	: 0.1621
-------------------------------------
[Epoch : 15/40]
Src_cls_loss	: 0.1542
-------------------------------------
[Epoch : 16/40]
Src_cls_loss	: 0.1470
-------------------------------------
[Epoch : 17/40]
Src_cls_loss	: 0.1410
-------------------------------------
[Epoch : 18/40]
Src_cls_loss	: 0.1348
-------------------------------------
[Epoch : 19/40]
Src_cls_loss	: 0.1290
-------------------------------------
[Epoch : 20/40]
Src_cls_loss	: 0.1237
-------------------------------------
[Epoch : 21/40]
Src_cls_loss	: 0.1187
-------------------------------------
[Epoch : 22/40]
Src_cls_loss	: 0.1143
-------------------------------------
[Epoch : 23/40]
Src_cls_loss	: 0.1100
-------------------------------------
[Epoch : 24/40]
Src_cls_loss	: 0.1061
-------------------------------------
[Epoch : 25/40]
Src_cls_loss	: 0.1030
-------------------------------------
[Epoch : 26/40]
Src_cls_loss	: 0.0995
-------------------------------------
[Epoch : 27/40]
Src_cls_loss	: 0.0962
-------------------------------------
[Epoch : 28/40]
Src_cls_loss	: 0.0936
-------------------------------------
[Epoch : 29/40]
Src_cls_loss	: 0.0916
-------------------------------------
[Epoch : 30/40]
Src_cls_loss	: 0.0891
-------------------------------------
[Epoch : 31/40]
Src_cls_loss	: 0.0865
-------------------------------------
[Epoch : 32/40]
Src_cls_loss	: 0.0840
-------------------------------------
[Epoch : 33/40]
Src_cls_loss	: 0.0817
-------------------------------------
[Epoch : 34/40]
Src_cls_loss	: 0.0795
-------------------------------------
[Epoch : 35/40]
Src_cls_loss	: 0.0775
-------------------------------------
[Epoch : 36/40]
Src_cls_loss	: 0.0761
-------------------------------------
[Epoch : 37/40]
Src_cls_loss	: 0.0743
-------------------------------------
[Epoch : 38/40]
Src_cls_loss	: 0.0726
-------------------------------------
[Epoch : 39/40]
Src_cls_loss	: 0.0709
-------------------------------------
[Epoch : 40/40]
Src_cls_loss	: 0.0694
-------------------------------------
