=============================================
Dataset: realworld_mobiact
Method:  SYN
=============================================
Source: syn_wal_47 ---> Target: dp_wal_47
Run ID: 7
=============================================
[Epoch : 1/40]
Src_cls_loss	: 0.8551
-------------------------------------
[Epoch : 2/40]
Src_cls_loss	: 0.7112
-------------------------------------
[Epoch : 3/40]
Src_cls_loss	: 0.5681
-------------------------------------
[Epoch : 4/40]
Src_cls_loss	: 0.4668
-------------------------------------
[Epoch : 5/40]
Src_cls_loss	: 0.3970
-------------------------------------
[Epoch : 6/40]
Src_cls_loss	: 0.3436
-------------------------------------
[Epoch : 7/40]
Src_cls_loss	: 0.3030
-------------------------------------
[Epoch : 8/40]
Src_cls_loss	: 0.2705
-------------------------------------
[Epoch : 9/40]
Src_cls_loss	: 0.2439
-------------------------------------
[Epoch : 10/40]
Src_cls_loss	: 0.2224
-------------------------------------
[Epoch : 11/40]
Src_cls_loss	: 0.2041
-------------------------------------
[Epoch : 12/40]
Src_cls_loss	: 0.1886
-------------------------------------
[Epoch : 13/40]
Src_cls_loss	: 0.1754
-------------------------------------
[Epoch : 14/40]
Src_cls_loss	: 0.1642
-------------------------------------
[Epoch : 15/40]
Src_cls_loss	: 0.1548
-------------------------------------
[Epoch : 16/40]
Src_cls_loss	: 0.1459
-------------------------------------
[Epoch : 17/40]
Src_cls_loss	: 0.1378
-------------------------------------
[Epoch : 18/40]
Src_cls_loss	: 0.1308
-------------------------------------
[Epoch : 19/40]
Src_cls_loss	: 0.1244
-------------------------------------
[Epoch : 20/40]
Src_cls_loss	: 0.1185
-------------------------------------
[Epoch : 21/40]
Src_cls_loss	: 0.1132
-------------------------------------
[Epoch : 22/40]
Src_cls_loss	: 0.1086
-------------------------------------
[Epoch : 23/40]
Src_cls_loss	: 0.1045
-------------------------------------
[Epoch : 24/40]
Src_cls_loss	: 0.1005
-------------------------------------
[Epoch : 25/40]
Src_cls_loss	: 0.0968
-------------------------------------
[Epoch : 26/40]
Src_cls_loss	: 0.0932
-------------------------------------
[Epoch : 27/40]
Src_cls_loss	: 0.0902
-------------------------------------
[Epoch : 28/40]
Src_cls_loss	: 0.0872
-------------------------------------
[Epoch : 29/40]
Src_cls_loss	: 0.0843
-------------------------------------
[Epoch : 30/40]
Src_cls_loss	: 0.0817
-------------------------------------
[Epoch : 31/40]
Src_cls_loss	: 0.0794
-------------------------------------
[Epoch : 32/40]
Src_cls_loss	: 0.0772
-------------------------------------
[Epoch : 33/40]
Src_cls_loss	: 0.0751
-------------------------------------
[Epoch : 34/40]
Src_cls_loss	: 0.0732
-------------------------------------
[Epoch : 35/40]
Src_cls_loss	: 0.0712
-------------------------------------
[Epoch : 36/40]
Src_cls_loss	: 0.0693
-------------------------------------
[Epoch : 37/40]
Src_cls_loss	: 0.0675
-------------------------------------
[Epoch : 38/40]
Src_cls_loss	: 0.0659
-------------------------------------
[Epoch : 39/40]
Src_cls_loss	: 0.0643
-------------------------------------
[Epoch : 40/40]
Src_cls_loss	: 0.0628
-------------------------------------
