=============================================
Dataset: realworld_mobiact
Method:  DANN
=============================================
Source: df ---> Target: dp_wal_41
Run ID: 0
=============================================
[Epoch : 1/40]
Total_loss	: 6.1956
Domain_loss	: 1.1722
Src_cls_loss	: 0.5959
-------------------------------------
[Epoch : 2/40]
Total_loss	: 5.8942
Domain_loss	: 1.2107
Src_cls_loss	: 0.5197
-------------------------------------
[Epoch : 3/40]
Total_loss	: 5.7490
Domain_loss	: 1.2353
Src_cls_loss	: 0.4800
-------------------------------------
[Epoch : 4/40]
Total_loss	: 5.6287
Domain_loss	: 1.2492
Src_cls_loss	: 0.4503
-------------------------------------
[Epoch : 5/40]
Total_loss	: 5.5201
Domain_loss	: 1.2491
Src_cls_loss	: 0.4298
-------------------------------------
[Epoch : 6/40]
Total_loss	: 5.4458
Domain_loss	: 1.2552
Src_cls_loss	: 0.4127
-------------------------------------
[Epoch : 7/40]
Total_loss	: 5.3879
Domain_loss	: 1.2620
Src_cls_loss	: 0.3983
-------------------------------------
[Epoch : 8/40]
Total_loss	: 5.3268
Domain_loss	: 1.2694
Src_cls_loss	: 0.3831
-------------------------------------
[Epoch : 9/40]
Total_loss	: 5.2764
Domain_loss	: 1.2771
Src_cls_loss	: 0.3697
-------------------------------------
[Epoch : 10/40]
Total_loss	: 5.2323
Domain_loss	: 1.2813
Src_cls_loss	: 0.3593
-------------------------------------
[Epoch : 11/40]
Total_loss	: 5.1999
Domain_loss	: 1.2858
Src_cls_loss	: 0.3509
-------------------------------------
[Epoch : 12/40]
Total_loss	: 5.1638
Domain_loss	: 1.2874
Src_cls_loss	: 0.3433
-------------------------------------
[Epoch : 13/40]
Total_loss	: 5.1319
Domain_loss	: 1.2891
Src_cls_loss	: 0.3364
-------------------------------------
[Epoch : 14/40]
Total_loss	: 5.1023
Domain_loss	: 1.2913
Src_cls_loss	: 0.3297
-------------------------------------
[Epoch : 15/40]
Total_loss	: 5.0751
Domain_loss	: 1.2906
Src_cls_loss	: 0.3249
-------------------------------------
[Epoch : 16/40]
Total_loss	: 5.0560
Domain_loss	: 1.2933
Src_cls_loss	: 0.3199
-------------------------------------
[Epoch : 17/40]
Total_loss	: 5.0344
Domain_loss	: 1.2947
Src_cls_loss	: 0.3152
-------------------------------------
[Epoch : 18/40]
Total_loss	: 5.0147
Domain_loss	: 1.2975
Src_cls_loss	: 0.3100
-------------------------------------
[Epoch : 19/40]
Total_loss	: 4.9949
Domain_loss	: 1.2998
Src_cls_loss	: 0.3051
-------------------------------------
[Epoch : 20/40]
Total_loss	: 4.9788
Domain_loss	: 1.3031
Src_cls_loss	: 0.3004
-------------------------------------
[Epoch : 21/40]
Total_loss	: 4.9594
Domain_loss	: 1.3047
Src_cls_loss	: 0.2960
-------------------------------------
[Epoch : 22/40]
Total_loss	: 4.9443
Domain_loss	: 1.3065
Src_cls_loss	: 0.2922
-------------------------------------
[Epoch : 23/40]
Total_loss	: 4.9303
Domain_loss	: 1.3077
Src_cls_loss	: 0.2890
-------------------------------------
[Epoch : 24/40]
Total_loss	: 4.9164
Domain_loss	: 1.3094
Src_cls_loss	: 0.2855
-------------------------------------
[Epoch : 25/40]
Total_loss	: 4.9062
Domain_loss	: 1.3116
Src_cls_loss	: 0.2824
-------------------------------------
[Epoch : 26/40]
Total_loss	: 4.8936
Domain_loss	: 1.3127
Src_cls_loss	: 0.2795
-------------------------------------
[Epoch : 27/40]
Total_loss	: 4.8785
Domain_loss	: 1.3137
Src_cls_loss	: 0.2762
-------------------------------------
[Epoch : 28/40]
Total_loss	: 4.8644
Domain_loss	: 1.3136
Src_cls_loss	: 0.2736
-------------------------------------
[Epoch : 29/40]
Total_loss	: 4.8539
Domain_loss	: 1.3146
Src_cls_loss	: 0.2711
-------------------------------------
[Epoch : 30/40]
Total_loss	: 4.8411
Domain_loss	: 1.3154
Src_cls_loss	: 0.2682
-------------------------------------
[Epoch : 31/40]
Total_loss	: 4.8298
Domain_loss	: 1.3158
Src_cls_loss	: 0.2659
-------------------------------------
[Epoch : 32/40]
Total_loss	: 4.8170
Domain_loss	: 1.3158
Src_cls_loss	: 0.2635
-------------------------------------
[Epoch : 33/40]
Total_loss	: 4.8072
Domain_loss	: 1.3165
Src_cls_loss	: 0.2613
-------------------------------------
[Epoch : 34/40]
Total_loss	: 4.7985
Domain_loss	: 1.3173
Src_cls_loss	: 0.2592
-------------------------------------
[Epoch : 35/40]
Total_loss	: 4.7888
Domain_loss	: 1.3182
Src_cls_loss	: 0.2569
-------------------------------------
[Epoch : 36/40]
Total_loss	: 4.7817
Domain_loss	: 1.3189
Src_cls_loss	: 0.2553
-------------------------------------
[Epoch : 37/40]
Total_loss	: 4.7730
Domain_loss	: 1.3196
Src_cls_loss	: 0.2533
-------------------------------------
[Epoch : 38/40]
Total_loss	: 4.7640
Domain_loss	: 1.3201
Src_cls_loss	: 0.2513
-------------------------------------
[Epoch : 39/40]
Total_loss	: 4.7562
Domain_loss	: 1.3207
Src_cls_loss	: 0.2495
-------------------------------------
[Epoch : 40/40]
Total_loss	: 4.7494
Domain_loss	: 1.3211
Src_cls_loss	: 0.2481
-------------------------------------
