=============================================
Dataset: mobiact_realworld
Method:  SYN
=============================================
Source: syn_wal_64 ---> Target: dp_wal_64
Run ID: 6
=============================================
[Epoch : 1/40]
Src_cls_loss	: 0.7370
-------------------------------------
[Epoch : 2/40]
Src_cls_loss	: 0.5491
-------------------------------------
[Epoch : 3/40]
Src_cls_loss	: 0.4307
-------------------------------------
[Epoch : 4/40]
Src_cls_loss	: 0.3530
-------------------------------------
[Epoch : 5/40]
Src_cls_loss	: 0.3000
-------------------------------------
[Epoch : 6/40]
Src_cls_loss	: 0.2615
-------------------------------------
[Epoch : 7/40]
Src_cls_loss	: 0.2343
-------------------------------------
[Epoch : 8/40]
Src_cls_loss	: 0.2116
-------------------------------------
[Epoch : 9/40]
Src_cls_loss	: 0.1923
-------------------------------------
[Epoch : 10/40]
Src_cls_loss	: 0.1759
-------------------------------------
[Epoch : 11/40]
Src_cls_loss	: 0.1628
-------------------------------------
[Epoch : 12/40]
Src_cls_loss	: 0.1520
-------------------------------------
[Epoch : 13/40]
Src_cls_loss	: 0.1422
-------------------------------------
[Epoch : 14/40]
Src_cls_loss	: 0.1334
-------------------------------------
[Epoch : 15/40]
Src_cls_loss	: 0.1255
-------------------------------------
[Epoch : 16/40]
Src_cls_loss	: 0.1189
-------------------------------------
[Epoch : 17/40]
Src_cls_loss	: 0.1131
-------------------------------------
[Epoch : 18/40]
Src_cls_loss	: 0.1082
-------------------------------------
[Epoch : 19/40]
Src_cls_loss	: 0.1032
-------------------------------------
[Epoch : 20/40]
Src_cls_loss	: 0.0986
-------------------------------------
[Epoch : 21/40]
Src_cls_loss	: 0.0944
-------------------------------------
[Epoch : 22/40]
Src_cls_loss	: 0.0907
-------------------------------------
[Epoch : 23/40]
Src_cls_loss	: 0.0875
-------------------------------------
[Epoch : 24/40]
Src_cls_loss	: 0.0844
-------------------------------------
[Epoch : 25/40]
Src_cls_loss	: 0.0815
-------------------------------------
[Epoch : 26/40]
Src_cls_loss	: 0.0786
-------------------------------------
[Epoch : 27/40]
Src_cls_loss	: 0.0771
-------------------------------------
[Epoch : 28/40]
Src_cls_loss	: 0.0749
-------------------------------------
[Epoch : 29/40]
Src_cls_loss	: 0.0726
-------------------------------------
[Epoch : 30/40]
Src_cls_loss	: 0.0704
-------------------------------------
[Epoch : 31/40]
Src_cls_loss	: 0.0683
-------------------------------------
[Epoch : 32/40]
Src_cls_loss	: 0.0663
-------------------------------------
[Epoch : 33/40]
Src_cls_loss	: 0.0646
-------------------------------------
[Epoch : 34/40]
Src_cls_loss	: 0.0629
-------------------------------------
[Epoch : 35/40]
Src_cls_loss	: 0.0612
-------------------------------------
[Epoch : 36/40]
Src_cls_loss	: 0.0598
-------------------------------------
[Epoch : 37/40]
Src_cls_loss	: 0.0584
-------------------------------------
[Epoch : 38/40]
Src_cls_loss	: 0.0571
-------------------------------------
[Epoch : 39/40]
Src_cls_loss	: 0.0557
-------------------------------------
[Epoch : 40/40]
Src_cls_loss	: 0.0545
-------------------------------------
