=============================================
Dataset: pamap_realworld
Method:  SYN
=============================================
Source: syn_wal_20 ---> Target: dp_wal_20
Run ID: 7
=============================================
[Epoch : 1/40]
Src_cls_loss	: 0.4495
-------------------------------------
[Epoch : 2/40]
Src_cls_loss	: 0.3095
-------------------------------------
[Epoch : 3/40]
Src_cls_loss	: 0.2326
-------------------------------------
[Epoch : 4/40]
Src_cls_loss	: 0.1851
-------------------------------------
[Epoch : 5/40]
Src_cls_loss	: 0.1525
-------------------------------------
[Epoch : 6/40]
Src_cls_loss	: 0.1313
-------------------------------------
[Epoch : 7/40]
Src_cls_loss	: 0.1150
-------------------------------------
[Epoch : 8/40]
Src_cls_loss	: 0.1022
-------------------------------------
[Epoch : 9/40]
Src_cls_loss	: 0.0923
-------------------------------------
[Epoch : 10/40]
Src_cls_loss	: 0.0840
-------------------------------------
[Epoch : 11/40]
Src_cls_loss	: 0.0770
-------------------------------------
[Epoch : 12/40]
Src_cls_loss	: 0.0712
-------------------------------------
[Epoch : 13/40]
Src_cls_loss	: 0.0662
-------------------------------------
[Epoch : 14/40]
Src_cls_loss	: 0.0621
-------------------------------------
[Epoch : 15/40]
Src_cls_loss	: 0.0584
-------------------------------------
[Epoch : 16/40]
Src_cls_loss	: 0.0550
-------------------------------------
[Epoch : 17/40]
Src_cls_loss	: 0.0521
-------------------------------------
[Epoch : 18/40]
Src_cls_loss	: 0.0493
-------------------------------------
[Epoch : 19/40]
Src_cls_loss	: 0.0469
-------------------------------------
[Epoch : 20/40]
Src_cls_loss	: 0.0448
-------------------------------------
[Epoch : 21/40]
Src_cls_loss	: 0.0429
-------------------------------------
[Epoch : 22/40]
Src_cls_loss	: 0.0411
-------------------------------------
[Epoch : 23/40]
Src_cls_loss	: 0.0395
-------------------------------------
[Epoch : 24/40]
Src_cls_loss	: 0.0379
-------------------------------------
[Epoch : 25/40]
Src_cls_loss	: 0.0365
-------------------------------------
[Epoch : 26/40]
Src_cls_loss	: 0.0351
-------------------------------------
[Epoch : 27/40]
Src_cls_loss	: 0.0339
-------------------------------------
[Epoch : 28/40]
Src_cls_loss	: 0.0327
-------------------------------------
[Epoch : 29/40]
Src_cls_loss	: 0.0317
-------------------------------------
[Epoch : 30/40]
Src_cls_loss	: 0.0307
-------------------------------------
[Epoch : 31/40]
Src_cls_loss	: 0.0297
-------------------------------------
[Epoch : 32/40]
Src_cls_loss	: 0.0288
-------------------------------------
[Epoch : 33/40]
Src_cls_loss	: 0.0280
-------------------------------------
[Epoch : 34/40]
Src_cls_loss	: 0.0272
-------------------------------------
[Epoch : 35/40]
Src_cls_loss	: 0.0265
-------------------------------------
[Epoch : 36/40]
Src_cls_loss	: 0.0258
-------------------------------------
[Epoch : 37/40]
Src_cls_loss	: 0.0251
-------------------------------------
[Epoch : 38/40]
Src_cls_loss	: 0.0245
-------------------------------------
[Epoch : 39/40]
Src_cls_loss	: 0.0240
-------------------------------------
[Epoch : 40/40]
Src_cls_loss	: 0.0234
-------------------------------------
