=============================================
Dataset: pamap_mobiact
Method:  SYN
=============================================
Source: syn_wal_11 ---> Target: dp_wal_11
Run ID: 0
=============================================
[Epoch : 1/40]
Src_cls_loss	: 0.5942
-------------------------------------
[Epoch : 2/40]
Src_cls_loss	: 0.4266
-------------------------------------
[Epoch : 3/40]
Src_cls_loss	: 0.3391
-------------------------------------
[Epoch : 4/40]
Src_cls_loss	: 0.2813
-------------------------------------
[Epoch : 5/40]
Src_cls_loss	: 0.2410
-------------------------------------
[Epoch : 6/40]
Src_cls_loss	: 0.2110
-------------------------------------
[Epoch : 7/40]
Src_cls_loss	: 0.1888
-------------------------------------
[Epoch : 8/40]
Src_cls_loss	: 0.1705
-------------------------------------
[Epoch : 9/40]
Src_cls_loss	: 0.1554
-------------------------------------
[Epoch : 10/40]
Src_cls_loss	: 0.1422
-------------------------------------
[Epoch : 11/40]
Src_cls_loss	: 0.1314
-------------------------------------
[Epoch : 12/40]
Src_cls_loss	: 0.1233
-------------------------------------
[Epoch : 13/40]
Src_cls_loss	: 0.1159
-------------------------------------
[Epoch : 14/40]
Src_cls_loss	: 0.1090
-------------------------------------
[Epoch : 15/40]
Src_cls_loss	: 0.1026
-------------------------------------
[Epoch : 16/40]
Src_cls_loss	: 0.0972
-------------------------------------
[Epoch : 17/40]
Src_cls_loss	: 0.0923
-------------------------------------
[Epoch : 18/40]
Src_cls_loss	: 0.0883
-------------------------------------
[Epoch : 19/40]
Src_cls_loss	: 0.0846
-------------------------------------
[Epoch : 20/40]
Src_cls_loss	: 0.0809
-------------------------------------
[Epoch : 21/40]
Src_cls_loss	: 0.0779
-------------------------------------
[Epoch : 22/40]
Src_cls_loss	: 0.0754
-------------------------------------
[Epoch : 23/40]
Src_cls_loss	: 0.0726
-------------------------------------
[Epoch : 24/40]
Src_cls_loss	: 0.0699
-------------------------------------
[Epoch : 25/40]
Src_cls_loss	: 0.0674
-------------------------------------
[Epoch : 26/40]
Src_cls_loss	: 0.0650
-------------------------------------
[Epoch : 27/40]
Src_cls_loss	: 0.0628
-------------------------------------
[Epoch : 28/40]
Src_cls_loss	: 0.0609
-------------------------------------
[Epoch : 29/40]
Src_cls_loss	: 0.0590
-------------------------------------
[Epoch : 30/40]
Src_cls_loss	: 0.0572
-------------------------------------
[Epoch : 31/40]
Src_cls_loss	: 0.0555
-------------------------------------
[Epoch : 32/40]
Src_cls_loss	: 0.0540
-------------------------------------
[Epoch : 33/40]
Src_cls_loss	: 0.0525
-------------------------------------
[Epoch : 34/40]
Src_cls_loss	: 0.0510
-------------------------------------
[Epoch : 35/40]
Src_cls_loss	: 0.0496
-------------------------------------
[Epoch : 36/40]
Src_cls_loss	: 0.0484
-------------------------------------
[Epoch : 37/40]
Src_cls_loss	: 0.0472
-------------------------------------
[Epoch : 38/40]
Src_cls_loss	: 0.0460
-------------------------------------
[Epoch : 39/40]
Src_cls_loss	: 0.0450
-------------------------------------
[Epoch : 40/40]
Src_cls_loss	: 0.0439
-------------------------------------
