=============================================
Dataset: mobiact_realworld
Method:  NO_ADAPT
=============================================
Source: syn_71 ---> Target: dp_71
Run ID: 9
=============================================
[Epoch : 1/40]
Src_cls_loss	: 0.4899
-------------------------------------
[Epoch : 2/40]
Src_cls_loss	: 0.3166
-------------------------------------
[Epoch : 3/40]
Src_cls_loss	: 0.2426
-------------------------------------
[Epoch : 4/40]
Src_cls_loss	: 0.2008
-------------------------------------
[Epoch : 5/40]
Src_cls_loss	: 0.1717
-------------------------------------
[Epoch : 6/40]
Src_cls_loss	: 0.1531
-------------------------------------
[Epoch : 7/40]
Src_cls_loss	: 0.1366
-------------------------------------
[Epoch : 8/40]
Src_cls_loss	: 0.1233
-------------------------------------
[Epoch : 9/40]
Src_cls_loss	: 0.1123
-------------------------------------
[Epoch : 10/40]
Src_cls_loss	: 0.1035
-------------------------------------
[Epoch : 11/40]
Src_cls_loss	: 0.0967
-------------------------------------
[Epoch : 12/40]
Src_cls_loss	: 0.0905
-------------------------------------
[Epoch : 13/40]
Src_cls_loss	: 0.0850
-------------------------------------
[Epoch : 14/40]
Src_cls_loss	: 0.0801
-------------------------------------
[Epoch : 15/40]
Src_cls_loss	: 0.0764
-------------------------------------
[Epoch : 16/40]
Src_cls_loss	: 0.0728
-------------------------------------
[Epoch : 17/40]
Src_cls_loss	: 0.0696
-------------------------------------
[Epoch : 18/40]
Src_cls_loss	: 0.0665
-------------------------------------
[Epoch : 19/40]
Src_cls_loss	: 0.0637
-------------------------------------
[Epoch : 20/40]
Src_cls_loss	: 0.0610
-------------------------------------
[Epoch : 21/40]
Src_cls_loss	: 0.0586
-------------------------------------
[Epoch : 22/40]
Src_cls_loss	: 0.0564
-------------------------------------
[Epoch : 23/40]
Src_cls_loss	: 0.0545
-------------------------------------
[Epoch : 24/40]
Src_cls_loss	: 0.0529
-------------------------------------
[Epoch : 25/40]
Src_cls_loss	: 0.0518
-------------------------------------
[Epoch : 26/40]
Src_cls_loss	: 0.0501
-------------------------------------
[Epoch : 27/40]
Src_cls_loss	: 0.0486
-------------------------------------
[Epoch : 28/40]
Src_cls_loss	: 0.0470
-------------------------------------
[Epoch : 29/40]
Src_cls_loss	: 0.0461
-------------------------------------
[Epoch : 30/40]
Src_cls_loss	: 0.0449
-------------------------------------
[Epoch : 31/40]
Src_cls_loss	: 0.0438
-------------------------------------
[Epoch : 32/40]
Src_cls_loss	: 0.0427
-------------------------------------
[Epoch : 33/40]
Src_cls_loss	: 0.0417
-------------------------------------
[Epoch : 34/40]
Src_cls_loss	: 0.0407
-------------------------------------
[Epoch : 35/40]
Src_cls_loss	: 0.0397
-------------------------------------
[Epoch : 36/40]
Src_cls_loss	: 0.0390
-------------------------------------
[Epoch : 37/40]
Src_cls_loss	: 0.0382
-------------------------------------
[Epoch : 38/40]
Src_cls_loss	: 0.0374
-------------------------------------
[Epoch : 39/40]
Src_cls_loss	: 0.0366
-------------------------------------
[Epoch : 40/40]
Src_cls_loss	: 0.0363
-------------------------------------
