=============================================
Dataset: realworld_mobiact
Method:  Deep_Coral
=============================================
Source: df ---> Target: dp_66
Run ID: 0
=============================================
[Epoch : 1/40]
Total_loss	: 3.3746
Src_cls_loss	: 0.5058
coral_loss	: 0.0007
-------------------------------------
[Epoch : 2/40]
Total_loss	: 2.9261
Src_cls_loss	: 0.4386
coral_loss	: 0.0006
-------------------------------------
[Epoch : 3/40]
Total_loss	: 2.6581
Src_cls_loss	: 0.3984
coral_loss	: 0.0006
-------------------------------------
[Epoch : 4/40]
Total_loss	: 2.4865
Src_cls_loss	: 0.3727
coral_loss	: 0.0005
-------------------------------------
[Epoch : 5/40]
Total_loss	: 2.3535
Src_cls_loss	: 0.3527
coral_loss	: 0.0005
-------------------------------------
[Epoch : 6/40]
Total_loss	: 2.2497
Src_cls_loss	: 0.3372
coral_loss	: 0.0005
-------------------------------------
[Epoch : 7/40]
Total_loss	: 2.1572
Src_cls_loss	: 0.3233
coral_loss	: 0.0004
-------------------------------------
[Epoch : 8/40]
Total_loss	: 2.0792
Src_cls_loss	: 0.3117
coral_loss	: 0.0004
-------------------------------------
[Epoch : 9/40]
Total_loss	: 2.0065
Src_cls_loss	: 0.3008
coral_loss	: 0.0004
-------------------------------------
[Epoch : 10/40]
Total_loss	: 1.9426
Src_cls_loss	: 0.2912
coral_loss	: 0.0004
-------------------------------------
[Epoch : 11/40]
Total_loss	: 1.8826
Src_cls_loss	: 0.2822
coral_loss	: 0.0004
-------------------------------------
[Epoch : 12/40]
Total_loss	: 1.8317
Src_cls_loss	: 0.2746
coral_loss	: 0.0003
-------------------------------------
[Epoch : 13/40]
Total_loss	: 1.7915
Src_cls_loss	: 0.2685
coral_loss	: 0.0003
-------------------------------------
[Epoch : 14/40]
Total_loss	: 1.7520
Src_cls_loss	: 0.2626
coral_loss	: 0.0003
-------------------------------------
[Epoch : 15/40]
Total_loss	: 1.7133
Src_cls_loss	: 0.2568
coral_loss	: 0.0003
-------------------------------------
[Epoch : 16/40]
Total_loss	: 1.6797
Src_cls_loss	: 0.2518
coral_loss	: 0.0003
-------------------------------------
[Epoch : 17/40]
Total_loss	: 1.6512
Src_cls_loss	: 0.2475
coral_loss	: 0.0003
-------------------------------------
[Epoch : 18/40]
Total_loss	: 1.6238
Src_cls_loss	: 0.2434
coral_loss	: 0.0003
-------------------------------------
[Epoch : 19/40]
Total_loss	: 1.5953
Src_cls_loss	: 0.2391
coral_loss	: 0.0003
-------------------------------------
[Epoch : 20/40]
Total_loss	: 1.5719
Src_cls_loss	: 0.2356
coral_loss	: 0.0003
-------------------------------------
[Epoch : 21/40]
Total_loss	: 1.5494
Src_cls_loss	: 0.2323
coral_loss	: 0.0003
-------------------------------------
[Epoch : 22/40]
Total_loss	: 1.5275
Src_cls_loss	: 0.2290
coral_loss	: 0.0003
-------------------------------------
[Epoch : 23/40]
Total_loss	: 1.5063
Src_cls_loss	: 0.2258
coral_loss	: 0.0003
-------------------------------------
[Epoch : 24/40]
Total_loss	: 1.4859
Src_cls_loss	: 0.2227
coral_loss	: 0.0003
-------------------------------------
[Epoch : 25/40]
Total_loss	: 1.4656
Src_cls_loss	: 0.2197
coral_loss	: 0.0003
-------------------------------------
[Epoch : 26/40]
Total_loss	: 1.4461
Src_cls_loss	: 0.2168
coral_loss	: 0.0003
-------------------------------------
[Epoch : 27/40]
Total_loss	: 1.4290
Src_cls_loss	: 0.2142
coral_loss	: 0.0003
-------------------------------------
[Epoch : 28/40]
Total_loss	: 1.4101
Src_cls_loss	: 0.2114
coral_loss	: 0.0003
-------------------------------------
[Epoch : 29/40]
Total_loss	: 1.3933
Src_cls_loss	: 0.2089
coral_loss	: 0.0003
-------------------------------------
[Epoch : 30/40]
Total_loss	: 1.3782
Src_cls_loss	: 0.2066
coral_loss	: 0.0002
-------------------------------------
[Epoch : 31/40]
Total_loss	: 1.3635
Src_cls_loss	: 0.2044
coral_loss	: 0.0002
-------------------------------------
[Epoch : 32/40]
Total_loss	: 1.3499
Src_cls_loss	: 0.2023
coral_loss	: 0.0002
-------------------------------------
[Epoch : 33/40]
Total_loss	: 1.3340
Src_cls_loss	: 0.2000
coral_loss	: 0.0002
-------------------------------------
[Epoch : 34/40]
Total_loss	: 1.3204
Src_cls_loss	: 0.1979
coral_loss	: 0.0002
-------------------------------------
[Epoch : 35/40]
Total_loss	: 1.3072
Src_cls_loss	: 0.1960
coral_loss	: 0.0002
-------------------------------------
[Epoch : 36/40]
Total_loss	: 1.2954
Src_cls_loss	: 0.1942
coral_loss	: 0.0002
-------------------------------------
[Epoch : 37/40]
Total_loss	: 1.2828
Src_cls_loss	: 0.1923
coral_loss	: 0.0002
-------------------------------------
[Epoch : 38/40]
Total_loss	: 1.2713
Src_cls_loss	: 0.1906
coral_loss	: 0.0002
-------------------------------------
[Epoch : 39/40]
Total_loss	: 1.2603
Src_cls_loss	: 0.1889
coral_loss	: 0.0002
-------------------------------------
[Epoch : 40/40]
Total_loss	: 1.2497
Src_cls_loss	: 0.1873
coral_loss	: 0.0002
-------------------------------------
