=============================================
Dataset: pamap_mobiact
Method:  DANN
=============================================
Source: df ---> Target: dp_26
Run ID: 0
=============================================
[Epoch : 1/40]
Total_loss	: 5.8756
Domain_loss	: 1.2996
Src_cls_loss	: 0.4723
-------------------------------------
[Epoch : 2/40]
Total_loss	: 5.1562
Domain_loss	: 1.2270
Src_cls_loss	: 0.3717
-------------------------------------
[Epoch : 3/40]
Total_loss	: 4.7651
Domain_loss	: 1.1936
Src_cls_loss	: 0.3140
-------------------------------------
[Epoch : 4/40]
Total_loss	: 4.5109
Domain_loss	: 1.1310
Src_cls_loss	: 0.2967
-------------------------------------
[Epoch : 5/40]
Total_loss	: 4.2633
Domain_loss	: 1.0737
Src_cls_loss	: 0.2781
-------------------------------------
[Epoch : 6/40]
Total_loss	: 4.1746
Domain_loss	: 1.0731
Src_cls_loss	: 0.2616
-------------------------------------
[Epoch : 7/40]
Total_loss	: 4.0968
Domain_loss	: 1.0653
Src_cls_loss	: 0.2507
-------------------------------------
[Epoch : 8/40]
Total_loss	: 3.9954
Domain_loss	: 1.0510
Src_cls_loss	: 0.2385
-------------------------------------
[Epoch : 9/40]
Total_loss	: 3.8841
Domain_loss	: 1.0214
Src_cls_loss	: 0.2320
-------------------------------------
[Epoch : 10/40]
Total_loss	: 3.7363
Domain_loss	: 0.9813
Src_cls_loss	: 0.2238
-------------------------------------
[Epoch : 11/40]
Total_loss	: 3.7455
Domain_loss	: 0.9722
Src_cls_loss	: 0.2300
-------------------------------------
[Epoch : 12/40]
Total_loss	: 3.6663
Domain_loss	: 0.9511
Src_cls_loss	: 0.2254
-------------------------------------
[Epoch : 13/40]
Total_loss	: 3.6113
Domain_loss	: 0.9407
Src_cls_loss	: 0.2202
-------------------------------------
[Epoch : 14/40]
Total_loss	: 3.6253
Domain_loss	: 0.9521
Src_cls_loss	: 0.2171
-------------------------------------
[Epoch : 15/40]
Total_loss	: 3.5832
Domain_loss	: 0.9482
Src_cls_loss	: 0.2111
-------------------------------------
[Epoch : 16/40]
Total_loss	: 3.5950
Domain_loss	: 0.9620
Src_cls_loss	: 0.2065
-------------------------------------
[Epoch : 17/40]
Total_loss	: 3.5851
Domain_loss	: 0.9701
Src_cls_loss	: 0.2007
-------------------------------------
[Epoch : 18/40]
Total_loss	: 3.5966
Domain_loss	: 0.9819
Src_cls_loss	: 0.1970
-------------------------------------
[Epoch : 19/40]
Total_loss	: 3.5781
Domain_loss	: 0.9839
Src_cls_loss	: 0.1925
-------------------------------------
[Epoch : 20/40]
Total_loss	: 3.5802
Domain_loss	: 0.9939
Src_cls_loss	: 0.1879
-------------------------------------
[Epoch : 21/40]
Total_loss	: 3.5724
Domain_loss	: 0.9988
Src_cls_loss	: 0.1841
-------------------------------------
[Epoch : 22/40]
Total_loss	: 3.5806
Domain_loss	: 1.0093
Src_cls_loss	: 0.1804
-------------------------------------
[Epoch : 23/40]
Total_loss	: 3.5667
Domain_loss	: 1.0120
Src_cls_loss	: 0.1764
-------------------------------------
[Epoch : 24/40]
Total_loss	: 3.5580
Domain_loss	: 1.0165
Src_cls_loss	: 0.1726
-------------------------------------
[Epoch : 25/40]
Total_loss	: 3.5618
Domain_loss	: 1.0250
Src_cls_loss	: 0.1691
-------------------------------------
[Epoch : 26/40]
Total_loss	: 3.5709
Domain_loss	: 1.0353
Src_cls_loss	: 0.1657
-------------------------------------
[Epoch : 27/40]
Total_loss	: 3.5722
Domain_loss	: 1.0421
Src_cls_loss	: 0.1626
-------------------------------------
[Epoch : 28/40]
Total_loss	: 3.5726
Domain_loss	: 1.0483
Src_cls_loss	: 0.1596
-------------------------------------
[Epoch : 29/40]
Total_loss	: 3.5703
Domain_loss	: 1.0522
Src_cls_loss	: 0.1573
-------------------------------------
[Epoch : 30/40]
Total_loss	: 3.5734
Domain_loss	: 1.0578
Src_cls_loss	: 0.1551
-------------------------------------
[Epoch : 31/40]
Total_loss	: 3.5735
Domain_loss	: 1.0635
Src_cls_loss	: 0.1523
-------------------------------------
[Epoch : 32/40]
Total_loss	: 3.5747
Domain_loss	: 1.0689
Src_cls_loss	: 0.1499
-------------------------------------
[Epoch : 33/40]
Total_loss	: 3.5787
Domain_loss	: 1.0754
Src_cls_loss	: 0.1474
-------------------------------------
[Epoch : 34/40]
Total_loss	: 3.5826
Domain_loss	: 1.0808
Src_cls_loss	: 0.1454
-------------------------------------
[Epoch : 35/40]
Total_loss	: 3.5880
Domain_loss	: 1.0850
Src_cls_loss	: 0.1444
-------------------------------------
[Epoch : 36/40]
Total_loss	: 3.5869
Domain_loss	: 1.0889
Src_cls_loss	: 0.1423
-------------------------------------
[Epoch : 37/40]
Total_loss	: 3.5859
Domain_loss	: 1.0931
Src_cls_loss	: 0.1400
-------------------------------------
[Epoch : 38/40]
Total_loss	: 3.5929
Domain_loss	: 1.0996
Src_cls_loss	: 0.1381
-------------------------------------
[Epoch : 39/40]
Total_loss	: 3.5962
Domain_loss	: 1.1044
Src_cls_loss	: 0.1364
-------------------------------------
[Epoch : 40/40]
Total_loss	: 3.5999
Domain_loss	: 1.1099
Src_cls_loss	: 0.1344
-------------------------------------
