=============================================
Dataset: pamap_realworld
Method:  SYN
=============================================
Source: syn_wal_18 ---> Target: dp_wal_18
Run ID: 4
=============================================
[Epoch : 1/40]
Src_cls_loss	: 0.5193
-------------------------------------
[Epoch : 2/40]
Src_cls_loss	: 0.3780
-------------------------------------
[Epoch : 3/40]
Src_cls_loss	: 0.2885
-------------------------------------
[Epoch : 4/40]
Src_cls_loss	: 0.2355
-------------------------------------
[Epoch : 5/40]
Src_cls_loss	: 0.1978
-------------------------------------
[Epoch : 6/40]
Src_cls_loss	: 0.1729
-------------------------------------
[Epoch : 7/40]
Src_cls_loss	: 0.1521
-------------------------------------
[Epoch : 8/40]
Src_cls_loss	: 0.1354
-------------------------------------
[Epoch : 9/40]
Src_cls_loss	: 0.1223
-------------------------------------
[Epoch : 10/40]
Src_cls_loss	: 0.1113
-------------------------------------
[Epoch : 11/40]
Src_cls_loss	: 0.1020
-------------------------------------
[Epoch : 12/40]
Src_cls_loss	: 0.0948
-------------------------------------
[Epoch : 13/40]
Src_cls_loss	: 0.0885
-------------------------------------
[Epoch : 14/40]
Src_cls_loss	: 0.0836
-------------------------------------
[Epoch : 15/40]
Src_cls_loss	: 0.0791
-------------------------------------
[Epoch : 16/40]
Src_cls_loss	: 0.0748
-------------------------------------
[Epoch : 17/40]
Src_cls_loss	: 0.0707
-------------------------------------
[Epoch : 18/40]
Src_cls_loss	: 0.0671
-------------------------------------
[Epoch : 19/40]
Src_cls_loss	: 0.0639
-------------------------------------
[Epoch : 20/40]
Src_cls_loss	: 0.0611
-------------------------------------
[Epoch : 21/40]
Src_cls_loss	: 0.0585
-------------------------------------
[Epoch : 22/40]
Src_cls_loss	: 0.0560
-------------------------------------
[Epoch : 23/40]
Src_cls_loss	: 0.0537
-------------------------------------
[Epoch : 24/40]
Src_cls_loss	: 0.0516
-------------------------------------
[Epoch : 25/40]
Src_cls_loss	: 0.0497
-------------------------------------
[Epoch : 26/40]
Src_cls_loss	: 0.0478
-------------------------------------
[Epoch : 27/40]
Src_cls_loss	: 0.0462
-------------------------------------
[Epoch : 28/40]
Src_cls_loss	: 0.0448
-------------------------------------
[Epoch : 29/40]
Src_cls_loss	: 0.0434
-------------------------------------
[Epoch : 30/40]
Src_cls_loss	: 0.0421
-------------------------------------
[Epoch : 31/40]
Src_cls_loss	: 0.0409
-------------------------------------
[Epoch : 32/40]
Src_cls_loss	: 0.0397
-------------------------------------
[Epoch : 33/40]
Src_cls_loss	: 0.0386
-------------------------------------
[Epoch : 34/40]
Src_cls_loss	: 0.0375
-------------------------------------
[Epoch : 35/40]
Src_cls_loss	: 0.0365
-------------------------------------
[Epoch : 36/40]
Src_cls_loss	: 0.0355
-------------------------------------
[Epoch : 37/40]
Src_cls_loss	: 0.0348
-------------------------------------
[Epoch : 38/40]
Src_cls_loss	: 0.0341
-------------------------------------
[Epoch : 39/40]
Src_cls_loss	: 0.0333
-------------------------------------
[Epoch : 40/40]
Src_cls_loss	: 0.0325
-------------------------------------
