=============================================
Dataset: pamap_mobiact
Method:  SYN
=============================================
Source: syn_wal_64 ---> Target: dp_wal_64
Run ID: 8
=============================================
[Epoch : 1/40]
Src_cls_loss	: 0.5870
-------------------------------------
[Epoch : 2/40]
Src_cls_loss	: 0.4387
-------------------------------------
[Epoch : 3/40]
Src_cls_loss	: 0.3596
-------------------------------------
[Epoch : 4/40]
Src_cls_loss	: 0.3118
-------------------------------------
[Epoch : 5/40]
Src_cls_loss	: 0.2704
-------------------------------------
[Epoch : 6/40]
Src_cls_loss	: 0.2376
-------------------------------------
[Epoch : 7/40]
Src_cls_loss	: 0.2116
-------------------------------------
[Epoch : 8/40]
Src_cls_loss	: 0.1906
-------------------------------------
[Epoch : 9/40]
Src_cls_loss	: 0.1729
-------------------------------------
[Epoch : 10/40]
Src_cls_loss	: 0.1595
-------------------------------------
[Epoch : 11/40]
Src_cls_loss	: 0.1475
-------------------------------------
[Epoch : 12/40]
Src_cls_loss	: 0.1366
-------------------------------------
[Epoch : 13/40]
Src_cls_loss	: 0.1273
-------------------------------------
[Epoch : 14/40]
Src_cls_loss	: 0.1192
-------------------------------------
[Epoch : 15/40]
Src_cls_loss	: 0.1121
-------------------------------------
[Epoch : 16/40]
Src_cls_loss	: 0.1056
-------------------------------------
[Epoch : 17/40]
Src_cls_loss	: 0.1000
-------------------------------------
[Epoch : 18/40]
Src_cls_loss	: 0.0951
-------------------------------------
[Epoch : 19/40]
Src_cls_loss	: 0.0908
-------------------------------------
[Epoch : 20/40]
Src_cls_loss	: 0.0868
-------------------------------------
[Epoch : 21/40]
Src_cls_loss	: 0.0830
-------------------------------------
[Epoch : 22/40]
Src_cls_loss	: 0.0797
-------------------------------------
[Epoch : 23/40]
Src_cls_loss	: 0.0765
-------------------------------------
[Epoch : 24/40]
Src_cls_loss	: 0.0735
-------------------------------------
[Epoch : 25/40]
Src_cls_loss	: 0.0707
-------------------------------------
[Epoch : 26/40]
Src_cls_loss	: 0.0682
-------------------------------------
[Epoch : 27/40]
Src_cls_loss	: 0.0658
-------------------------------------
[Epoch : 28/40]
Src_cls_loss	: 0.0636
-------------------------------------
[Epoch : 29/40]
Src_cls_loss	: 0.0616
-------------------------------------
[Epoch : 30/40]
Src_cls_loss	: 0.0597
-------------------------------------
[Epoch : 31/40]
Src_cls_loss	: 0.0580
-------------------------------------
[Epoch : 32/40]
Src_cls_loss	: 0.0564
-------------------------------------
[Epoch : 33/40]
Src_cls_loss	: 0.0548
-------------------------------------
[Epoch : 34/40]
Src_cls_loss	: 0.0534
-------------------------------------
[Epoch : 35/40]
Src_cls_loss	: 0.0520
-------------------------------------
[Epoch : 36/40]
Src_cls_loss	: 0.0506
-------------------------------------
[Epoch : 37/40]
Src_cls_loss	: 0.0494
-------------------------------------
[Epoch : 38/40]
Src_cls_loss	: 0.0481
-------------------------------------
[Epoch : 39/40]
Src_cls_loss	: 0.0470
-------------------------------------
[Epoch : 40/40]
Src_cls_loss	: 0.0459
-------------------------------------
