=============================================
Dataset: realworld_mobiact
Method:  SYN
=============================================
Source: syn_wal_26 ---> Target: dp_wal_26
Run ID: 0
=============================================
[Epoch : 1/40]
Src_cls_loss	: 0.8256
-------------------------------------
[Epoch : 2/40]
Src_cls_loss	: 0.6559
-------------------------------------
[Epoch : 3/40]
Src_cls_loss	: 0.5310
-------------------------------------
[Epoch : 4/40]
Src_cls_loss	: 0.4327
-------------------------------------
[Epoch : 5/40]
Src_cls_loss	: 0.3677
-------------------------------------
[Epoch : 6/40]
Src_cls_loss	: 0.3202
-------------------------------------
[Epoch : 7/40]
Src_cls_loss	: 0.2837
-------------------------------------
[Epoch : 8/40]
Src_cls_loss	: 0.2554
-------------------------------------
[Epoch : 9/40]
Src_cls_loss	: 0.2326
-------------------------------------
[Epoch : 10/40]
Src_cls_loss	: 0.2131
-------------------------------------
[Epoch : 11/40]
Src_cls_loss	: 0.1968
-------------------------------------
[Epoch : 12/40]
Src_cls_loss	: 0.1830
-------------------------------------
[Epoch : 13/40]
Src_cls_loss	: 0.1715
-------------------------------------
[Epoch : 14/40]
Src_cls_loss	: 0.1615
-------------------------------------
[Epoch : 15/40]
Src_cls_loss	: 0.1526
-------------------------------------
[Epoch : 16/40]
Src_cls_loss	: 0.1447
-------------------------------------
[Epoch : 17/40]
Src_cls_loss	: 0.1382
-------------------------------------
[Epoch : 18/40]
Src_cls_loss	: 0.1321
-------------------------------------
[Epoch : 19/40]
Src_cls_loss	: 0.1265
-------------------------------------
[Epoch : 20/40]
Src_cls_loss	: 0.1212
-------------------------------------
[Epoch : 21/40]
Src_cls_loss	: 0.1163
-------------------------------------
[Epoch : 22/40]
Src_cls_loss	: 0.1123
-------------------------------------
[Epoch : 23/40]
Src_cls_loss	: 0.1097
-------------------------------------
[Epoch : 24/40]
Src_cls_loss	: 0.1069
-------------------------------------
[Epoch : 25/40]
Src_cls_loss	: 0.1042
-------------------------------------
[Epoch : 26/40]
Src_cls_loss	: 0.1013
-------------------------------------
[Epoch : 27/40]
Src_cls_loss	: 0.0984
-------------------------------------
[Epoch : 28/40]
Src_cls_loss	: 0.0956
-------------------------------------
[Epoch : 29/40]
Src_cls_loss	: 0.0930
-------------------------------------
[Epoch : 30/40]
Src_cls_loss	: 0.0904
-------------------------------------
[Epoch : 31/40]
Src_cls_loss	: 0.0880
-------------------------------------
[Epoch : 32/40]
Src_cls_loss	: 0.0856
-------------------------------------
[Epoch : 33/40]
Src_cls_loss	: 0.0835
-------------------------------------
[Epoch : 34/40]
Src_cls_loss	: 0.0816
-------------------------------------
[Epoch : 35/40]
Src_cls_loss	: 0.0797
-------------------------------------
[Epoch : 36/40]
Src_cls_loss	: 0.0778
-------------------------------------
[Epoch : 37/40]
Src_cls_loss	: 0.0761
-------------------------------------
[Epoch : 38/40]
Src_cls_loss	: 0.0744
-------------------------------------
[Epoch : 39/40]
Src_cls_loss	: 0.0729
-------------------------------------
[Epoch : 40/40]
Src_cls_loss	: 0.0714
-------------------------------------
