=============================================
Dataset: realworld_mobiact
Method:  NO_ADAPT
=============================================
Source: src_nowal ---> Target: trg_nowal
Run ID: 1
=============================================
[Epoch : 1/100]
Src_cls_loss	: 0.3648
-------------------------------------
[Epoch : 2/100]
Src_cls_loss	: 0.2451
-------------------------------------
[Epoch : 3/100]
Src_cls_loss	: 0.1947
-------------------------------------
[Epoch : 4/100]
Src_cls_loss	: 0.1653
-------------------------------------
[Epoch : 5/100]
Src_cls_loss	: 0.1461
-------------------------------------
[Epoch : 6/100]
Src_cls_loss	: 0.1311
-------------------------------------
[Epoch : 7/100]
Src_cls_loss	: 0.1195
-------------------------------------
[Epoch : 8/100]
Src_cls_loss	: 0.1102
-------------------------------------
[Epoch : 9/100]
Src_cls_loss	: 0.1028
-------------------------------------
[Epoch : 10/100]
Src_cls_loss	: 0.0962
-------------------------------------
[Epoch : 11/100]
Src_cls_loss	: 0.0905
-------------------------------------
[Epoch : 12/100]
Src_cls_loss	: 0.0866
-------------------------------------
[Epoch : 13/100]
Src_cls_loss	: 0.0826
-------------------------------------
[Epoch : 14/100]
Src_cls_loss	: 0.0782
-------------------------------------
[Epoch : 15/100]
Src_cls_loss	: 0.0744
-------------------------------------
[Epoch : 16/100]
Src_cls_loss	: 0.0710
-------------------------------------
[Epoch : 17/100]
Src_cls_loss	: 0.0678
-------------------------------------
[Epoch : 18/100]
Src_cls_loss	: 0.0649
-------------------------------------
[Epoch : 19/100]
Src_cls_loss	: 0.0623
-------------------------------------
[Epoch : 20/100]
Src_cls_loss	: 0.0598
-------------------------------------
[Epoch : 21/100]
Src_cls_loss	: 0.0577
-------------------------------------
[Epoch : 22/100]
Src_cls_loss	: 0.0556
-------------------------------------
[Epoch : 23/100]
Src_cls_loss	: 0.0536
-------------------------------------
[Epoch : 24/100]
Src_cls_loss	: 0.0517
-------------------------------------
[Epoch : 25/100]
Src_cls_loss	: 0.0499
-------------------------------------
[Epoch : 26/100]
Src_cls_loss	: 0.0482
-------------------------------------
[Epoch : 27/100]
Src_cls_loss	: 0.0465
-------------------------------------
[Epoch : 28/100]
Src_cls_loss	: 0.0451
-------------------------------------
[Epoch : 29/100]
Src_cls_loss	: 0.0437
-------------------------------------
[Epoch : 30/100]
Src_cls_loss	: 0.0424
-------------------------------------
[Epoch : 31/100]
Src_cls_loss	: 0.0417
-------------------------------------
[Epoch : 32/100]
Src_cls_loss	: 0.0408
-------------------------------------
[Epoch : 33/100]
Src_cls_loss	: 0.0398
-------------------------------------
[Epoch : 34/100]
Src_cls_loss	: 0.0387
-------------------------------------
[Epoch : 35/100]
Src_cls_loss	: 0.0377
-------------------------------------
[Epoch : 36/100]
Src_cls_loss	: 0.0369
-------------------------------------
[Epoch : 37/100]
Src_cls_loss	: 0.0362
-------------------------------------
[Epoch : 38/100]
Src_cls_loss	: 0.0353
-------------------------------------
[Epoch : 39/100]
Src_cls_loss	: 0.0345
-------------------------------------
[Epoch : 40/100]
Src_cls_loss	: 0.0338
-------------------------------------
[Epoch : 41/100]
Src_cls_loss	: 0.0330
-------------------------------------
[Epoch : 42/100]
Src_cls_loss	: 0.0323
-------------------------------------
[Epoch : 43/100]
Src_cls_loss	: 0.0317
-------------------------------------
[Epoch : 44/100]
Src_cls_loss	: 0.0311
-------------------------------------
[Epoch : 45/100]
Src_cls_loss	: 0.0306
-------------------------------------
[Epoch : 46/100]
Src_cls_loss	: 0.0300
-------------------------------------
[Epoch : 47/100]
Src_cls_loss	: 0.0294
-------------------------------------
[Epoch : 48/100]
Src_cls_loss	: 0.0288
-------------------------------------
[Epoch : 49/100]
Src_cls_loss	: 0.0283
-------------------------------------
[Epoch : 50/100]
Src_cls_loss	: 0.0277
-------------------------------------
[Epoch : 51/100]
Src_cls_loss	: 0.0272
-------------------------------------
[Epoch : 52/100]
Src_cls_loss	: 0.0267
-------------------------------------
[Epoch : 53/100]
Src_cls_loss	: 0.0262
-------------------------------------
[Epoch : 54/100]
Src_cls_loss	: 0.0258
-------------------------------------
[Epoch : 55/100]
Src_cls_loss	: 0.0254
-------------------------------------
[Epoch : 56/100]
Src_cls_loss	: 0.0250
-------------------------------------
[Epoch : 57/100]
Src_cls_loss	: 0.0246
-------------------------------------
[Epoch : 58/100]
Src_cls_loss	: 0.0242
-------------------------------------
[Epoch : 59/100]
Src_cls_loss	: 0.0238
-------------------------------------
[Epoch : 60/100]
Src_cls_loss	: 0.0234
-------------------------------------
[Epoch : 61/100]
Src_cls_loss	: 0.0231
-------------------------------------
[Epoch : 62/100]
Src_cls_loss	: 0.0227
-------------------------------------
[Epoch : 63/100]
Src_cls_loss	: 0.0232
-------------------------------------
[Epoch : 64/100]
Src_cls_loss	: 0.0231
-------------------------------------
[Epoch : 65/100]
Src_cls_loss	: 0.0228
-------------------------------------
[Epoch : 66/100]
Src_cls_loss	: 0.0226
-------------------------------------
[Epoch : 67/100]
Src_cls_loss	: 0.0223
-------------------------------------
[Epoch : 68/100]
Src_cls_loss	: 0.0220
-------------------------------------
[Epoch : 69/100]
Src_cls_loss	: 0.0216
-------------------------------------
[Epoch : 70/100]
Src_cls_loss	: 0.0213
-------------------------------------
[Epoch : 71/100]
Src_cls_loss	: 0.0211
-------------------------------------
[Epoch : 72/100]
Src_cls_loss	: 0.0208
-------------------------------------
[Epoch : 73/100]
Src_cls_loss	: 0.0205
-------------------------------------
[Epoch : 74/100]
Src_cls_loss	: 0.0202
-------------------------------------
[Epoch : 75/100]
Src_cls_loss	: 0.0200
-------------------------------------
[Epoch : 76/100]
Src_cls_loss	: 0.0197
-------------------------------------
[Epoch : 77/100]
Src_cls_loss	: 0.0195
-------------------------------------
[Epoch : 78/100]
Src_cls_loss	: 0.0192
-------------------------------------
[Epoch : 79/100]
Src_cls_loss	: 0.0190
-------------------------------------
[Epoch : 80/100]
Src_cls_loss	: 0.0188
-------------------------------------
[Epoch : 81/100]
Src_cls_loss	: 0.0185
-------------------------------------
[Epoch : 82/100]
Src_cls_loss	: 0.0183
-------------------------------------
[Epoch : 83/100]
Src_cls_loss	: 0.0181
-------------------------------------
[Epoch : 84/100]
Src_cls_loss	: 0.0179
-------------------------------------
[Epoch : 85/100]
Src_cls_loss	: 0.0177
-------------------------------------
[Epoch : 86/100]
Src_cls_loss	: 0.0175
-------------------------------------
[Epoch : 87/100]
Src_cls_loss	: 0.0173
-------------------------------------
[Epoch : 88/100]
Src_cls_loss	: 0.0171
-------------------------------------
[Epoch : 89/100]
Src_cls_loss	: 0.0169
-------------------------------------
[Epoch : 90/100]
Src_cls_loss	: 0.0168
-------------------------------------
[Epoch : 91/100]
Src_cls_loss	: 0.0166
-------------------------------------
[Epoch : 92/100]
Src_cls_loss	: 0.0164
-------------------------------------
[Epoch : 93/100]
Src_cls_loss	: 0.0162
-------------------------------------
[Epoch : 94/100]
Src_cls_loss	: 0.0161
-------------------------------------
[Epoch : 95/100]
Src_cls_loss	: 0.0160
-------------------------------------
[Epoch : 96/100]
Src_cls_loss	: 0.0158
-------------------------------------
[Epoch : 97/100]
Src_cls_loss	: 0.0157
-------------------------------------
[Epoch : 98/100]
Src_cls_loss	: 0.0155
-------------------------------------
[Epoch : 99/100]
Src_cls_loss	: 0.0154
-------------------------------------
[Epoch : 100/100]
Src_cls_loss	: 0.0152
-------------------------------------
