=============================================
Dataset: realworld_pamap
Method:  ROT
=============================================
Source: df ---> Target: dp_20
Run ID: 3
=============================================
[Epoch : 1/40]
Src_cls_loss	: 0.5153
-------------------------------------
[Epoch : 2/40]
Src_cls_loss	: 0.4444
-------------------------------------
[Epoch : 3/40]
Src_cls_loss	: 0.4087
-------------------------------------
[Epoch : 4/40]
Src_cls_loss	: 0.3800
-------------------------------------
[Epoch : 5/40]
Src_cls_loss	: 0.3598
-------------------------------------
[Epoch : 6/40]
Src_cls_loss	: 0.3428
-------------------------------------
[Epoch : 7/40]
Src_cls_loss	: 0.3292
-------------------------------------
[Epoch : 8/40]
Src_cls_loss	: 0.3180
-------------------------------------
[Epoch : 9/40]
Src_cls_loss	: 0.3074
-------------------------------------
[Epoch : 10/40]
Src_cls_loss	: 0.2986
-------------------------------------
[Epoch : 11/40]
Src_cls_loss	: 0.2909
-------------------------------------
[Epoch : 12/40]
Src_cls_loss	: 0.2838
-------------------------------------
[Epoch : 13/40]
Src_cls_loss	: 0.2777
-------------------------------------
[Epoch : 14/40]
Src_cls_loss	: 0.2715
-------------------------------------
[Epoch : 15/40]
Src_cls_loss	: 0.2657
-------------------------------------
[Epoch : 16/40]
Src_cls_loss	: 0.2607
-------------------------------------
[Epoch : 17/40]
Src_cls_loss	: 0.2560
-------------------------------------
[Epoch : 18/40]
Src_cls_loss	: 0.2520
-------------------------------------
[Epoch : 19/40]
Src_cls_loss	: 0.2477
-------------------------------------
[Epoch : 20/40]
Src_cls_loss	: 0.2442
-------------------------------------
[Epoch : 21/40]
Src_cls_loss	: 0.2406
-------------------------------------
[Epoch : 22/40]
Src_cls_loss	: 0.2371
-------------------------------------
[Epoch : 23/40]
Src_cls_loss	: 0.2339
-------------------------------------
[Epoch : 24/40]
Src_cls_loss	: 0.2311
-------------------------------------
[Epoch : 25/40]
Src_cls_loss	: 0.2286
-------------------------------------
[Epoch : 26/40]
Src_cls_loss	: 0.2256
-------------------------------------
[Epoch : 27/40]
Src_cls_loss	: 0.2231
-------------------------------------
[Epoch : 28/40]
Src_cls_loss	: 0.2204
-------------------------------------
[Epoch : 29/40]
Src_cls_loss	: 0.2181
-------------------------------------
[Epoch : 30/40]
Src_cls_loss	: 0.2158
-------------------------------------
[Epoch : 31/40]
Src_cls_loss	: 0.2136
-------------------------------------
[Epoch : 32/40]
Src_cls_loss	: 0.2115
-------------------------------------
[Epoch : 33/40]
Src_cls_loss	: 0.2096
-------------------------------------
[Epoch : 34/40]
Src_cls_loss	: 0.2076
-------------------------------------
[Epoch : 35/40]
Src_cls_loss	: 0.2057
-------------------------------------
[Epoch : 36/40]
Src_cls_loss	: 0.2041
-------------------------------------
[Epoch : 37/40]
Src_cls_loss	: 0.2025
-------------------------------------
[Epoch : 38/40]
Src_cls_loss	: 0.2006
-------------------------------------
[Epoch : 39/40]
Src_cls_loss	: 0.1991
-------------------------------------
[Epoch : 40/40]
Src_cls_loss	: 0.1976
-------------------------------------
