=============================================
Dataset: pamap_realworld
Method:  NO_ADAPT
=============================================
Source: syn_17 ---> Target: dp_17
Run ID: 1
=============================================
[Epoch : 1/40]
Src_cls_loss	: 0.3584
-------------------------------------
[Epoch : 2/40]
Src_cls_loss	: 0.2143
-------------------------------------
[Epoch : 3/40]
Src_cls_loss	: 0.1622
-------------------------------------
[Epoch : 4/40]
Src_cls_loss	: 0.1300
-------------------------------------
[Epoch : 5/40]
Src_cls_loss	: 0.1113
-------------------------------------
[Epoch : 6/40]
Src_cls_loss	: 0.0962
-------------------------------------
[Epoch : 7/40]
Src_cls_loss	: 0.0861
-------------------------------------
[Epoch : 8/40]
Src_cls_loss	: 0.0782
-------------------------------------
[Epoch : 9/40]
Src_cls_loss	: 0.0711
-------------------------------------
[Epoch : 10/40]
Src_cls_loss	: 0.0648
-------------------------------------
[Epoch : 11/40]
Src_cls_loss	: 0.0598
-------------------------------------
[Epoch : 12/40]
Src_cls_loss	: 0.0562
-------------------------------------
[Epoch : 13/40]
Src_cls_loss	: 0.0531
-------------------------------------
[Epoch : 14/40]
Src_cls_loss	: 0.0502
-------------------------------------
[Epoch : 15/40]
Src_cls_loss	: 0.0476
-------------------------------------
[Epoch : 16/40]
Src_cls_loss	: 0.0455
-------------------------------------
[Epoch : 17/40]
Src_cls_loss	: 0.0432
-------------------------------------
[Epoch : 18/40]
Src_cls_loss	: 0.0412
-------------------------------------
[Epoch : 19/40]
Src_cls_loss	: 0.0393
-------------------------------------
[Epoch : 20/40]
Src_cls_loss	: 0.0375
-------------------------------------
[Epoch : 21/40]
Src_cls_loss	: 0.0359
-------------------------------------
[Epoch : 22/40]
Src_cls_loss	: 0.0345
-------------------------------------
[Epoch : 23/40]
Src_cls_loss	: 0.0331
-------------------------------------
[Epoch : 24/40]
Src_cls_loss	: 0.0318
-------------------------------------
[Epoch : 25/40]
Src_cls_loss	: 0.0307
-------------------------------------
[Epoch : 26/40]
Src_cls_loss	: 0.0298
-------------------------------------
[Epoch : 27/40]
Src_cls_loss	: 0.0291
-------------------------------------
[Epoch : 28/40]
Src_cls_loss	: 0.0283
-------------------------------------
[Epoch : 29/40]
Src_cls_loss	: 0.0276
-------------------------------------
[Epoch : 30/40]
Src_cls_loss	: 0.0269
-------------------------------------
[Epoch : 31/40]
Src_cls_loss	: 0.0262
-------------------------------------
[Epoch : 32/40]
Src_cls_loss	: 0.0255
-------------------------------------
[Epoch : 33/40]
Src_cls_loss	: 0.0250
-------------------------------------
[Epoch : 34/40]
Src_cls_loss	: 0.0243
-------------------------------------
[Epoch : 35/40]
Src_cls_loss	: 0.0237
-------------------------------------
[Epoch : 36/40]
Src_cls_loss	: 0.0231
-------------------------------------
[Epoch : 37/40]
Src_cls_loss	: 0.0226
-------------------------------------
[Epoch : 38/40]
Src_cls_loss	: 0.0222
-------------------------------------
[Epoch : 39/40]
Src_cls_loss	: 0.0217
-------------------------------------
[Epoch : 40/40]
Src_cls_loss	: 0.0212
-------------------------------------
