=============================================
Dataset: realworld_mobiact
Method:  NO_ADAPT
=============================================
Source: syn_27 ---> Target: dp_27
Run ID: 6
=============================================
[Epoch : 1/40]
Src_cls_loss	: 0.9049
-------------------------------------
[Epoch : 2/40]
Src_cls_loss	: 0.7922
-------------------------------------
[Epoch : 3/40]
Src_cls_loss	: 0.7017
-------------------------------------
[Epoch : 4/40]
Src_cls_loss	: 0.5990
-------------------------------------
[Epoch : 5/40]
Src_cls_loss	: 0.5129
-------------------------------------
[Epoch : 6/40]
Src_cls_loss	: 0.4590
-------------------------------------
[Epoch : 7/40]
Src_cls_loss	: 0.4118
-------------------------------------
[Epoch : 8/40]
Src_cls_loss	: 0.3704
-------------------------------------
[Epoch : 9/40]
Src_cls_loss	: 0.3360
-------------------------------------
[Epoch : 10/40]
Src_cls_loss	: 0.3089
-------------------------------------
[Epoch : 11/40]
Src_cls_loss	: 0.2863
-------------------------------------
[Epoch : 12/40]
Src_cls_loss	: 0.2672
-------------------------------------
[Epoch : 13/40]
Src_cls_loss	: 0.2498
-------------------------------------
[Epoch : 14/40]
Src_cls_loss	: 0.2350
-------------------------------------
[Epoch : 15/40]
Src_cls_loss	: 0.2224
-------------------------------------
[Epoch : 16/40]
Src_cls_loss	: 0.2104
-------------------------------------
[Epoch : 17/40]
Src_cls_loss	: 0.1996
-------------------------------------
[Epoch : 18/40]
Src_cls_loss	: 0.1905
-------------------------------------
[Epoch : 19/40]
Src_cls_loss	: 0.1822
-------------------------------------
[Epoch : 20/40]
Src_cls_loss	: 0.1746
-------------------------------------
[Epoch : 21/40]
Src_cls_loss	: 0.1674
-------------------------------------
[Epoch : 22/40]
Src_cls_loss	: 0.1609
-------------------------------------
[Epoch : 23/40]
Src_cls_loss	: 0.1546
-------------------------------------
[Epoch : 24/40]
Src_cls_loss	: 0.1489
-------------------------------------
[Epoch : 25/40]
Src_cls_loss	: 0.1434
-------------------------------------
[Epoch : 26/40]
Src_cls_loss	: 0.1388
-------------------------------------
[Epoch : 27/40]
Src_cls_loss	: 0.1345
-------------------------------------
[Epoch : 28/40]
Src_cls_loss	: 0.1305
-------------------------------------
[Epoch : 29/40]
Src_cls_loss	: 0.1266
-------------------------------------
[Epoch : 30/40]
Src_cls_loss	: 0.1227
-------------------------------------
[Epoch : 31/40]
Src_cls_loss	: 0.1190
-------------------------------------
[Epoch : 32/40]
Src_cls_loss	: 0.1156
-------------------------------------
[Epoch : 33/40]
Src_cls_loss	: 0.1128
-------------------------------------
[Epoch : 34/40]
Src_cls_loss	: 0.1099
-------------------------------------
[Epoch : 35/40]
Src_cls_loss	: 0.1069
-------------------------------------
[Epoch : 36/40]
Src_cls_loss	: 0.1043
-------------------------------------
[Epoch : 37/40]
Src_cls_loss	: 0.1018
-------------------------------------
[Epoch : 38/40]
Src_cls_loss	: 0.0994
-------------------------------------
[Epoch : 39/40]
Src_cls_loss	: 0.0971
-------------------------------------
[Epoch : 40/40]
Src_cls_loss	: 0.0949
-------------------------------------
