=============================================
Dataset: realworld_mobiact
Method:  NO_ADAPT
=============================================
Source: syn_75 ---> Target: dp_75
Run ID: 4
=============================================
[Epoch : 1/40]
Src_cls_loss	: 0.8274
-------------------------------------
[Epoch : 2/40]
Src_cls_loss	: 0.6677
-------------------------------------
[Epoch : 3/40]
Src_cls_loss	: 0.5314
-------------------------------------
[Epoch : 4/40]
Src_cls_loss	: 0.4364
-------------------------------------
[Epoch : 5/40]
Src_cls_loss	: 0.3673
-------------------------------------
[Epoch : 6/40]
Src_cls_loss	: 0.3169
-------------------------------------
[Epoch : 7/40]
Src_cls_loss	: 0.2783
-------------------------------------
[Epoch : 8/40]
Src_cls_loss	: 0.2499
-------------------------------------
[Epoch : 9/40]
Src_cls_loss	: 0.2265
-------------------------------------
[Epoch : 10/40]
Src_cls_loss	: 0.2071
-------------------------------------
[Epoch : 11/40]
Src_cls_loss	: 0.1897
-------------------------------------
[Epoch : 12/40]
Src_cls_loss	: 0.1755
-------------------------------------
[Epoch : 13/40]
Src_cls_loss	: 0.1639
-------------------------------------
[Epoch : 14/40]
Src_cls_loss	: 0.1541
-------------------------------------
[Epoch : 15/40]
Src_cls_loss	: 0.1449
-------------------------------------
[Epoch : 16/40]
Src_cls_loss	: 0.1365
-------------------------------------
[Epoch : 17/40]
Src_cls_loss	: 0.1294
-------------------------------------
[Epoch : 18/40]
Src_cls_loss	: 0.1227
-------------------------------------
[Epoch : 19/40]
Src_cls_loss	: 0.1168
-------------------------------------
[Epoch : 20/40]
Src_cls_loss	: 0.1113
-------------------------------------
[Epoch : 21/40]
Src_cls_loss	: 0.1063
-------------------------------------
[Epoch : 22/40]
Src_cls_loss	: 0.1018
-------------------------------------
[Epoch : 23/40]
Src_cls_loss	: 0.0976
-------------------------------------
[Epoch : 24/40]
Src_cls_loss	: 0.0938
-------------------------------------
[Epoch : 25/40]
Src_cls_loss	: 0.0902
-------------------------------------
[Epoch : 26/40]
Src_cls_loss	: 0.0870
-------------------------------------
[Epoch : 27/40]
Src_cls_loss	: 0.0840
-------------------------------------
[Epoch : 28/40]
Src_cls_loss	: 0.0811
-------------------------------------
[Epoch : 29/40]
Src_cls_loss	: 0.0785
-------------------------------------
[Epoch : 30/40]
Src_cls_loss	: 0.0760
-------------------------------------
[Epoch : 31/40]
Src_cls_loss	: 0.0741
-------------------------------------
[Epoch : 32/40]
Src_cls_loss	: 0.0724
-------------------------------------
[Epoch : 33/40]
Src_cls_loss	: 0.0706
-------------------------------------
[Epoch : 34/40]
Src_cls_loss	: 0.0687
-------------------------------------
[Epoch : 35/40]
Src_cls_loss	: 0.0670
-------------------------------------
[Epoch : 36/40]
Src_cls_loss	: 0.0652
-------------------------------------
[Epoch : 37/40]
Src_cls_loss	: 0.0636
-------------------------------------
[Epoch : 38/40]
Src_cls_loss	: 0.0620
-------------------------------------
[Epoch : 39/40]
Src_cls_loss	: 0.0605
-------------------------------------
[Epoch : 40/40]
Src_cls_loss	: 0.0591
-------------------------------------
