=============================================
Dataset: realworld_mobiact
Method:  NO_ADAPT
=============================================
Source: syn_37 ---> Target: dp_37
Run ID: 1
=============================================
[Epoch : 1/40]
Src_cls_loss	: 0.8771
-------------------------------------
[Epoch : 2/40]
Src_cls_loss	: 0.7300
-------------------------------------
[Epoch : 3/40]
Src_cls_loss	: 0.6023
-------------------------------------
[Epoch : 4/40]
Src_cls_loss	: 0.5001
-------------------------------------
[Epoch : 5/40]
Src_cls_loss	: 0.4302
-------------------------------------
[Epoch : 6/40]
Src_cls_loss	: 0.3744
-------------------------------------
[Epoch : 7/40]
Src_cls_loss	: 0.3299
-------------------------------------
[Epoch : 8/40]
Src_cls_loss	: 0.2950
-------------------------------------
[Epoch : 9/40]
Src_cls_loss	: 0.2662
-------------------------------------
[Epoch : 10/40]
Src_cls_loss	: 0.2425
-------------------------------------
[Epoch : 11/40]
Src_cls_loss	: 0.2229
-------------------------------------
[Epoch : 12/40]
Src_cls_loss	: 0.2064
-------------------------------------
[Epoch : 13/40]
Src_cls_loss	: 0.1920
-------------------------------------
[Epoch : 14/40]
Src_cls_loss	: 0.1799
-------------------------------------
[Epoch : 15/40]
Src_cls_loss	: 0.1690
-------------------------------------
[Epoch : 16/40]
Src_cls_loss	: 0.1594
-------------------------------------
[Epoch : 17/40]
Src_cls_loss	: 0.1508
-------------------------------------
[Epoch : 18/40]
Src_cls_loss	: 0.1431
-------------------------------------
[Epoch : 19/40]
Src_cls_loss	: 0.1363
-------------------------------------
[Epoch : 20/40]
Src_cls_loss	: 0.1308
-------------------------------------
[Epoch : 21/40]
Src_cls_loss	: 0.1262
-------------------------------------
[Epoch : 22/40]
Src_cls_loss	: 0.1213
-------------------------------------
[Epoch : 23/40]
Src_cls_loss	: 0.1167
-------------------------------------
[Epoch : 24/40]
Src_cls_loss	: 0.1122
-------------------------------------
[Epoch : 25/40]
Src_cls_loss	: 0.1081
-------------------------------------
[Epoch : 26/40]
Src_cls_loss	: 0.1041
-------------------------------------
[Epoch : 27/40]
Src_cls_loss	: 0.1005
-------------------------------------
[Epoch : 28/40]
Src_cls_loss	: 0.0971
-------------------------------------
[Epoch : 29/40]
Src_cls_loss	: 0.0939
-------------------------------------
[Epoch : 30/40]
Src_cls_loss	: 0.0909
-------------------------------------
[Epoch : 31/40]
Src_cls_loss	: 0.0882
-------------------------------------
[Epoch : 32/40]
Src_cls_loss	: 0.0856
-------------------------------------
[Epoch : 33/40]
Src_cls_loss	: 0.0831
-------------------------------------
[Epoch : 34/40]
Src_cls_loss	: 0.0809
-------------------------------------
[Epoch : 35/40]
Src_cls_loss	: 0.0788
-------------------------------------
[Epoch : 36/40]
Src_cls_loss	: 0.0767
-------------------------------------
[Epoch : 37/40]
Src_cls_loss	: 0.0750
-------------------------------------
[Epoch : 38/40]
Src_cls_loss	: 0.0733
-------------------------------------
[Epoch : 39/40]
Src_cls_loss	: 0.0719
-------------------------------------
[Epoch : 40/40]
Src_cls_loss	: 0.0704
-------------------------------------
