=============================================
Dataset: pamap_mobiact
Method:  SYN
=============================================
Source: syn_wal_41 ---> Target: dp_wal_41
Run ID: 3
=============================================
[Epoch : 1/40]
Src_cls_loss	: 0.5275
-------------------------------------
[Epoch : 2/40]
Src_cls_loss	: 0.3871
-------------------------------------
[Epoch : 3/40]
Src_cls_loss	: 0.3187
-------------------------------------
[Epoch : 4/40]
Src_cls_loss	: 0.2661
-------------------------------------
[Epoch : 5/40]
Src_cls_loss	: 0.2343
-------------------------------------
[Epoch : 6/40]
Src_cls_loss	: 0.2090
-------------------------------------
[Epoch : 7/40]
Src_cls_loss	: 0.1904
-------------------------------------
[Epoch : 8/40]
Src_cls_loss	: 0.1746
-------------------------------------
[Epoch : 9/40]
Src_cls_loss	: 0.1600
-------------------------------------
[Epoch : 10/40]
Src_cls_loss	: 0.1489
-------------------------------------
[Epoch : 11/40]
Src_cls_loss	: 0.1389
-------------------------------------
[Epoch : 12/40]
Src_cls_loss	: 0.1308
-------------------------------------
[Epoch : 13/40]
Src_cls_loss	: 0.1244
-------------------------------------
[Epoch : 14/40]
Src_cls_loss	: 0.1176
-------------------------------------
[Epoch : 15/40]
Src_cls_loss	: 0.1121
-------------------------------------
[Epoch : 16/40]
Src_cls_loss	: 0.1067
-------------------------------------
[Epoch : 17/40]
Src_cls_loss	: 0.1020
-------------------------------------
[Epoch : 18/40]
Src_cls_loss	: 0.0981
-------------------------------------
[Epoch : 19/40]
Src_cls_loss	: 0.0943
-------------------------------------
[Epoch : 20/40]
Src_cls_loss	: 0.0906
-------------------------------------
[Epoch : 21/40]
Src_cls_loss	: 0.0873
-------------------------------------
[Epoch : 22/40]
Src_cls_loss	: 0.0859
-------------------------------------
[Epoch : 23/40]
Src_cls_loss	: 0.0836
-------------------------------------
[Epoch : 24/40]
Src_cls_loss	: 0.0812
-------------------------------------
[Epoch : 25/40]
Src_cls_loss	: 0.0788
-------------------------------------
[Epoch : 26/40]
Src_cls_loss	: 0.0762
-------------------------------------
[Epoch : 27/40]
Src_cls_loss	: 0.0739
-------------------------------------
[Epoch : 28/40]
Src_cls_loss	: 0.0718
-------------------------------------
[Epoch : 29/40]
Src_cls_loss	: 0.0699
-------------------------------------
[Epoch : 30/40]
Src_cls_loss	: 0.0679
-------------------------------------
[Epoch : 31/40]
Src_cls_loss	: 0.0660
-------------------------------------
[Epoch : 32/40]
Src_cls_loss	: 0.0645
-------------------------------------
[Epoch : 33/40]
Src_cls_loss	: 0.0629
-------------------------------------
[Epoch : 34/40]
Src_cls_loss	: 0.0612
-------------------------------------
[Epoch : 35/40]
Src_cls_loss	: 0.0596
-------------------------------------
[Epoch : 36/40]
Src_cls_loss	: 0.0582
-------------------------------------
[Epoch : 37/40]
Src_cls_loss	: 0.0568
-------------------------------------
[Epoch : 38/40]
Src_cls_loss	: 0.0554
-------------------------------------
[Epoch : 39/40]
Src_cls_loss	: 0.0541
-------------------------------------
[Epoch : 40/40]
Src_cls_loss	: 0.0530
-------------------------------------
