=============================================
Dataset: realworld_mobiact
Method:  SYN
=============================================
Source: syn_wal_35 ---> Target: dp_wal_35
Run ID: 3
=============================================
[Epoch : 1/40]
Src_cls_loss	: 0.8840
-------------------------------------
[Epoch : 2/40]
Src_cls_loss	: 0.7706
-------------------------------------
[Epoch : 3/40]
Src_cls_loss	: 0.6445
-------------------------------------
[Epoch : 4/40]
Src_cls_loss	: 0.5324
-------------------------------------
[Epoch : 5/40]
Src_cls_loss	: 0.4503
-------------------------------------
[Epoch : 6/40]
Src_cls_loss	: 0.3867
-------------------------------------
[Epoch : 7/40]
Src_cls_loss	: 0.3376
-------------------------------------
[Epoch : 8/40]
Src_cls_loss	: 0.3009
-------------------------------------
[Epoch : 9/40]
Src_cls_loss	: 0.2708
-------------------------------------
[Epoch : 10/40]
Src_cls_loss	: 0.2468
-------------------------------------
[Epoch : 11/40]
Src_cls_loss	: 0.2270
-------------------------------------
[Epoch : 12/40]
Src_cls_loss	: 0.2099
-------------------------------------
[Epoch : 13/40]
Src_cls_loss	: 0.1947
-------------------------------------
[Epoch : 14/40]
Src_cls_loss	: 0.1817
-------------------------------------
[Epoch : 15/40]
Src_cls_loss	: 0.1705
-------------------------------------
[Epoch : 16/40]
Src_cls_loss	: 0.1603
-------------------------------------
[Epoch : 17/40]
Src_cls_loss	: 0.1515
-------------------------------------
[Epoch : 18/40]
Src_cls_loss	: 0.1437
-------------------------------------
[Epoch : 19/40]
Src_cls_loss	: 0.1366
-------------------------------------
[Epoch : 20/40]
Src_cls_loss	: 0.1300
-------------------------------------
[Epoch : 21/40]
Src_cls_loss	: 0.1243
-------------------------------------
[Epoch : 22/40]
Src_cls_loss	: 0.1191
-------------------------------------
[Epoch : 23/40]
Src_cls_loss	: 0.1141
-------------------------------------
[Epoch : 24/40]
Src_cls_loss	: 0.1096
-------------------------------------
[Epoch : 25/40]
Src_cls_loss	: 0.1054
-------------------------------------
[Epoch : 26/40]
Src_cls_loss	: 0.1016
-------------------------------------
[Epoch : 27/40]
Src_cls_loss	: 0.0979
-------------------------------------
[Epoch : 28/40]
Src_cls_loss	: 0.0945
-------------------------------------
[Epoch : 29/40]
Src_cls_loss	: 0.0914
-------------------------------------
[Epoch : 30/40]
Src_cls_loss	: 0.0884
-------------------------------------
[Epoch : 31/40]
Src_cls_loss	: 0.0857
-------------------------------------
[Epoch : 32/40]
Src_cls_loss	: 0.0833
-------------------------------------
[Epoch : 33/40]
Src_cls_loss	: 0.0808
-------------------------------------
[Epoch : 34/40]
Src_cls_loss	: 0.0785
-------------------------------------
[Epoch : 35/40]
Src_cls_loss	: 0.0764
-------------------------------------
[Epoch : 36/40]
Src_cls_loss	: 0.0743
-------------------------------------
[Epoch : 37/40]
Src_cls_loss	: 0.0724
-------------------------------------
[Epoch : 38/40]
Src_cls_loss	: 0.0705
-------------------------------------
[Epoch : 39/40]
Src_cls_loss	: 0.0688
-------------------------------------
[Epoch : 40/40]
Src_cls_loss	: 0.0671
-------------------------------------
