=============================================
Dataset: realworld_mobiact
Method:  DANN
=============================================
Source: df ---> Target: dp_59
Run ID: 0
=============================================
[Epoch : 1/40]
Total_loss	: 6.2252
Domain_loss	: 1.2993
Src_cls_loss	: 0.5387
-------------------------------------
[Epoch : 2/40]
Total_loss	: 5.9192
Domain_loss	: 1.2925
Src_cls_loss	: 0.4840
-------------------------------------
[Epoch : 3/40]
Total_loss	: 5.7282
Domain_loss	: 1.2858
Src_cls_loss	: 0.4511
-------------------------------------
[Epoch : 4/40]
Total_loss	: 5.6208
Domain_loss	: 1.2945
Src_cls_loss	: 0.4265
-------------------------------------
[Epoch : 5/40]
Total_loss	: 5.5377
Domain_loss	: 1.2954
Src_cls_loss	: 0.4102
-------------------------------------
[Epoch : 6/40]
Total_loss	: 5.4710
Domain_loss	: 1.3029
Src_cls_loss	: 0.3939
-------------------------------------
[Epoch : 7/40]
Total_loss	: 5.4096
Domain_loss	: 1.3094
Src_cls_loss	: 0.3790
-------------------------------------
[Epoch : 8/40]
Total_loss	: 5.3390
Domain_loss	: 1.3063
Src_cls_loss	: 0.3672
-------------------------------------
[Epoch : 9/40]
Total_loss	: 5.2784
Domain_loss	: 1.3032
Src_cls_loss	: 0.3572
-------------------------------------
[Epoch : 10/40]
Total_loss	: 5.2387
Domain_loss	: 1.3070
Src_cls_loss	: 0.3478
-------------------------------------
[Epoch : 11/40]
Total_loss	: 5.2044
Domain_loss	: 1.3115
Src_cls_loss	: 0.3391
-------------------------------------
[Epoch : 12/40]
Total_loss	: 5.1704
Domain_loss	: 1.3135
Src_cls_loss	: 0.3316
-------------------------------------
[Epoch : 13/40]
Total_loss	: 5.1435
Domain_loss	: 1.3159
Src_cls_loss	: 0.3253
-------------------------------------
[Epoch : 14/40]
Total_loss	: 5.1160
Domain_loss	: 1.3178
Src_cls_loss	: 0.3192
-------------------------------------
[Epoch : 15/40]
Total_loss	: 5.0898
Domain_loss	: 1.3185
Src_cls_loss	: 0.3139
-------------------------------------
[Epoch : 16/40]
Total_loss	: 5.0670
Domain_loss	: 1.3198
Src_cls_loss	: 0.3089
-------------------------------------
[Epoch : 17/40]
Total_loss	: 5.0444
Domain_loss	: 1.3215
Src_cls_loss	: 0.3038
-------------------------------------
[Epoch : 18/40]
Total_loss	: 5.0237
Domain_loss	: 1.3234
Src_cls_loss	: 0.2989
-------------------------------------
[Epoch : 19/40]
Total_loss	: 5.0024
Domain_loss	: 1.3247
Src_cls_loss	: 0.2942
-------------------------------------
[Epoch : 20/40]
Total_loss	: 4.9859
Domain_loss	: 1.3270
Src_cls_loss	: 0.2900
-------------------------------------
[Epoch : 21/40]
Total_loss	: 4.9671
Domain_loss	: 1.3292
Src_cls_loss	: 0.2853
-------------------------------------
[Epoch : 22/40]
Total_loss	: 4.9491
Domain_loss	: 1.3310
Src_cls_loss	: 0.2810
-------------------------------------
[Epoch : 23/40]
Total_loss	: 4.9369
Domain_loss	: 1.3332
Src_cls_loss	: 0.2776
-------------------------------------
[Epoch : 24/40]
Total_loss	: 4.9217
Domain_loss	: 1.3345
Src_cls_loss	: 0.2741
-------------------------------------
[Epoch : 25/40]
Total_loss	: 4.9076
Domain_loss	: 1.3352
Src_cls_loss	: 0.2711
-------------------------------------
[Epoch : 26/40]
Total_loss	: 4.8949
Domain_loss	: 1.3364
Src_cls_loss	: 0.2681
-------------------------------------
[Epoch : 27/40]
Total_loss	: 4.8792
Domain_loss	: 1.3368
Src_cls_loss	: 0.2649
-------------------------------------
[Epoch : 28/40]
Total_loss	: 4.8664
Domain_loss	: 1.3382
Src_cls_loss	: 0.2618
-------------------------------------
[Epoch : 29/40]
Total_loss	: 4.8558
Domain_loss	: 1.3397
Src_cls_loss	: 0.2591
-------------------------------------
[Epoch : 30/40]
Total_loss	: 4.8423
Domain_loss	: 1.3403
Src_cls_loss	: 0.2562
-------------------------------------
[Epoch : 31/40]
Total_loss	: 4.8304
Domain_loss	: 1.3402
Src_cls_loss	: 0.2539
-------------------------------------
[Epoch : 32/40]
Total_loss	: 4.8191
Domain_loss	: 1.3412
Src_cls_loss	: 0.2513
-------------------------------------
[Epoch : 33/40]
Total_loss	: 4.8076
Domain_loss	: 1.3413
Src_cls_loss	: 0.2491
-------------------------------------
[Epoch : 34/40]
Total_loss	: 4.7980
Domain_loss	: 1.3416
Src_cls_loss	: 0.2471
-------------------------------------
[Epoch : 35/40]
Total_loss	: 4.7868
Domain_loss	: 1.3418
Src_cls_loss	: 0.2449
-------------------------------------
[Epoch : 36/40]
Total_loss	: 4.7791
Domain_loss	: 1.3415
Src_cls_loss	: 0.2436
-------------------------------------
[Epoch : 37/40]
Total_loss	: 4.7713
Domain_loss	: 1.3423
Src_cls_loss	: 0.2417
-------------------------------------
[Epoch : 38/40]
Total_loss	: 4.7627
Domain_loss	: 1.3429
Src_cls_loss	: 0.2398
-------------------------------------
[Epoch : 39/40]
Total_loss	: 4.7545
Domain_loss	: 1.3435
Src_cls_loss	: 0.2379
-------------------------------------
[Epoch : 40/40]
Total_loss	: 4.7472
Domain_loss	: 1.3441
Src_cls_loss	: 0.2362
-------------------------------------
