=============================================
Dataset: realworld_mobiact
Method:  Deep_Coral
=============================================
Source: df ---> Target: dp_28
Run ID: 0
=============================================
[Epoch : 1/40]
Total_loss	: 2.4502
Src_cls_loss	: 0.3673
coral_loss	: 0.0004
-------------------------------------
[Epoch : 2/40]
Total_loss	: 2.0007
Src_cls_loss	: 0.2999
coral_loss	: 0.0004
-------------------------------------
[Epoch : 3/40]
Total_loss	: 1.7590
Src_cls_loss	: 0.2636
coral_loss	: 0.0004
-------------------------------------
[Epoch : 4/40]
Total_loss	: 1.6036
Src_cls_loss	: 0.2403
coral_loss	: 0.0004
-------------------------------------
[Epoch : 5/40]
Total_loss	: 1.4916
Src_cls_loss	: 0.2235
coral_loss	: 0.0004
-------------------------------------
[Epoch : 6/40]
Total_loss	: 1.4096
Src_cls_loss	: 0.2112
coral_loss	: 0.0004
-------------------------------------
[Epoch : 7/40]
Total_loss	: 1.3449
Src_cls_loss	: 0.2015
coral_loss	: 0.0004
-------------------------------------
[Epoch : 8/40]
Total_loss	: 1.2853
Src_cls_loss	: 0.1926
coral_loss	: 0.0004
-------------------------------------
[Epoch : 9/40]
Total_loss	: 1.2275
Src_cls_loss	: 0.1839
coral_loss	: 0.0003
-------------------------------------
[Epoch : 10/40]
Total_loss	: 1.1801
Src_cls_loss	: 0.1768
coral_loss	: 0.0003
-------------------------------------
[Epoch : 11/40]
Total_loss	: 1.1372
Src_cls_loss	: 0.1703
coral_loss	: 0.0003
-------------------------------------
[Epoch : 12/40]
Total_loss	: 1.0983
Src_cls_loss	: 0.1645
coral_loss	: 0.0003
-------------------------------------
[Epoch : 13/40]
Total_loss	: 1.0633
Src_cls_loss	: 0.1593
coral_loss	: 0.0003
-------------------------------------
[Epoch : 14/40]
Total_loss	: 1.0313
Src_cls_loss	: 0.1545
coral_loss	: 0.0003
-------------------------------------
[Epoch : 15/40]
Total_loss	: 1.0016
Src_cls_loss	: 0.1500
coral_loss	: 0.0003
-------------------------------------
[Epoch : 16/40]
Total_loss	: 0.9732
Src_cls_loss	: 0.1458
coral_loss	: 0.0003
-------------------------------------
[Epoch : 17/40]
Total_loss	: 0.9466
Src_cls_loss	: 0.1418
coral_loss	: 0.0003
-------------------------------------
[Epoch : 18/40]
Total_loss	: 0.9226
Src_cls_loss	: 0.1382
coral_loss	: 0.0003
-------------------------------------
[Epoch : 19/40]
Total_loss	: 0.8989
Src_cls_loss	: 0.1346
coral_loss	: 0.0003
-------------------------------------
[Epoch : 20/40]
Total_loss	: 0.8766
Src_cls_loss	: 0.1313
coral_loss	: 0.0003
-------------------------------------
[Epoch : 21/40]
Total_loss	: 0.8548
Src_cls_loss	: 0.1280
coral_loss	: 0.0003
-------------------------------------
[Epoch : 22/40]
Total_loss	: 0.8343
Src_cls_loss	: 0.1249
coral_loss	: 0.0003
-------------------------------------
[Epoch : 23/40]
Total_loss	: 0.8149
Src_cls_loss	: 0.1220
coral_loss	: 0.0003
-------------------------------------
[Epoch : 24/40]
Total_loss	: 0.7964
Src_cls_loss	: 0.1193
coral_loss	: 0.0003
-------------------------------------
[Epoch : 25/40]
Total_loss	: 0.7784
Src_cls_loss	: 0.1166
coral_loss	: 0.0003
-------------------------------------
[Epoch : 26/40]
Total_loss	: 0.7606
Src_cls_loss	: 0.1139
coral_loss	: 0.0003
-------------------------------------
[Epoch : 27/40]
Total_loss	: 0.7445
Src_cls_loss	: 0.1115
coral_loss	: 0.0003
-------------------------------------
[Epoch : 28/40]
Total_loss	: 0.7285
Src_cls_loss	: 0.1091
coral_loss	: 0.0003
-------------------------------------
[Epoch : 29/40]
Total_loss	: 0.7135
Src_cls_loss	: 0.1068
coral_loss	: 0.0003
-------------------------------------
[Epoch : 30/40]
Total_loss	: 0.6993
Src_cls_loss	: 0.1047
coral_loss	: 0.0003
-------------------------------------
[Epoch : 31/40]
Total_loss	: 0.6851
Src_cls_loss	: 0.1026
coral_loss	: 0.0002
-------------------------------------
[Epoch : 32/40]
Total_loss	: 0.6711
Src_cls_loss	: 0.1005
coral_loss	: 0.0002
-------------------------------------
[Epoch : 33/40]
Total_loss	: 0.6585
Src_cls_loss	: 0.0986
coral_loss	: 0.0002
-------------------------------------
[Epoch : 34/40]
Total_loss	: 0.6464
Src_cls_loss	: 0.0968
coral_loss	: 0.0002
-------------------------------------
[Epoch : 35/40]
Total_loss	: 0.6334
Src_cls_loss	: 0.0948
coral_loss	: 0.0002
-------------------------------------
[Epoch : 36/40]
Total_loss	: 0.6225
Src_cls_loss	: 0.0932
coral_loss	: 0.0002
-------------------------------------
[Epoch : 37/40]
Total_loss	: 0.6109
Src_cls_loss	: 0.0915
coral_loss	: 0.0002
-------------------------------------
[Epoch : 38/40]
Total_loss	: 0.5998
Src_cls_loss	: 0.0898
coral_loss	: 0.0002
-------------------------------------
[Epoch : 39/40]
Total_loss	: 0.5895
Src_cls_loss	: 0.0882
coral_loss	: 0.0002
-------------------------------------
[Epoch : 40/40]
Total_loss	: 0.5798
Src_cls_loss	: 0.0868
coral_loss	: 0.0002
-------------------------------------
