=============================================
Dataset: realworld_mobiact
Method:  NO_ADAPT
=============================================
Source: syn_55 ---> Target: dp_55
Run ID: 0
=============================================
[Epoch : 1/40]
Src_cls_loss	: 0.8025
-------------------------------------
[Epoch : 2/40]
Src_cls_loss	: 0.6094
-------------------------------------
[Epoch : 3/40]
Src_cls_loss	: 0.4765
-------------------------------------
[Epoch : 4/40]
Src_cls_loss	: 0.3916
-------------------------------------
[Epoch : 5/40]
Src_cls_loss	: 0.3319
-------------------------------------
[Epoch : 6/40]
Src_cls_loss	: 0.2940
-------------------------------------
[Epoch : 7/40]
Src_cls_loss	: 0.2598
-------------------------------------
[Epoch : 8/40]
Src_cls_loss	: 0.2337
-------------------------------------
[Epoch : 9/40]
Src_cls_loss	: 0.2139
-------------------------------------
[Epoch : 10/40]
Src_cls_loss	: 0.1972
-------------------------------------
[Epoch : 11/40]
Src_cls_loss	: 0.1828
-------------------------------------
[Epoch : 12/40]
Src_cls_loss	: 0.1698
-------------------------------------
[Epoch : 13/40]
Src_cls_loss	: 0.1588
-------------------------------------
[Epoch : 14/40]
Src_cls_loss	: 0.1490
-------------------------------------
[Epoch : 15/40]
Src_cls_loss	: 0.1404
-------------------------------------
[Epoch : 16/40]
Src_cls_loss	: 0.1329
-------------------------------------
[Epoch : 17/40]
Src_cls_loss	: 0.1264
-------------------------------------
[Epoch : 18/40]
Src_cls_loss	: 0.1203
-------------------------------------
[Epoch : 19/40]
Src_cls_loss	: 0.1151
-------------------------------------
[Epoch : 20/40]
Src_cls_loss	: 0.1102
-------------------------------------
[Epoch : 21/40]
Src_cls_loss	: 0.1055
-------------------------------------
[Epoch : 22/40]
Src_cls_loss	: 0.1014
-------------------------------------
[Epoch : 23/40]
Src_cls_loss	: 0.0976
-------------------------------------
[Epoch : 24/40]
Src_cls_loss	: 0.0942
-------------------------------------
[Epoch : 25/40]
Src_cls_loss	: 0.0909
-------------------------------------
[Epoch : 26/40]
Src_cls_loss	: 0.0888
-------------------------------------
[Epoch : 27/40]
Src_cls_loss	: 0.0863
-------------------------------------
[Epoch : 28/40]
Src_cls_loss	: 0.0839
-------------------------------------
[Epoch : 29/40]
Src_cls_loss	: 0.0815
-------------------------------------
[Epoch : 30/40]
Src_cls_loss	: 0.0792
-------------------------------------
[Epoch : 31/40]
Src_cls_loss	: 0.0770
-------------------------------------
[Epoch : 32/40]
Src_cls_loss	: 0.0749
-------------------------------------
[Epoch : 33/40]
Src_cls_loss	: 0.0731
-------------------------------------
[Epoch : 34/40]
Src_cls_loss	: 0.0717
-------------------------------------
[Epoch : 35/40]
Src_cls_loss	: 0.0700
-------------------------------------
[Epoch : 36/40]
Src_cls_loss	: 0.0684
-------------------------------------
[Epoch : 37/40]
Src_cls_loss	: 0.0669
-------------------------------------
[Epoch : 38/40]
Src_cls_loss	: 0.0654
-------------------------------------
[Epoch : 39/40]
Src_cls_loss	: 0.0640
-------------------------------------
[Epoch : 40/40]
Src_cls_loss	: 0.0627
-------------------------------------
