=============================================
Dataset: realworld_pamap
Method:  NO_ADAPT
=============================================
Source: syn_20 ---> Target: dp_20
Run ID: 4
=============================================
[Epoch : 1/40]
Src_cls_loss	: 0.7627
-------------------------------------
[Epoch : 2/40]
Src_cls_loss	: 0.5424
-------------------------------------
[Epoch : 3/40]
Src_cls_loss	: 0.4145
-------------------------------------
[Epoch : 4/40]
Src_cls_loss	: 0.3405
-------------------------------------
[Epoch : 5/40]
Src_cls_loss	: 0.2896
-------------------------------------
[Epoch : 6/40]
Src_cls_loss	: 0.2543
-------------------------------------
[Epoch : 7/40]
Src_cls_loss	: 0.2254
-------------------------------------
[Epoch : 8/40]
Src_cls_loss	: 0.2033
-------------------------------------
[Epoch : 9/40]
Src_cls_loss	: 0.1848
-------------------------------------
[Epoch : 10/40]
Src_cls_loss	: 0.1704
-------------------------------------
[Epoch : 11/40]
Src_cls_loss	: 0.1583
-------------------------------------
[Epoch : 12/40]
Src_cls_loss	: 0.1478
-------------------------------------
[Epoch : 13/40]
Src_cls_loss	: 0.1392
-------------------------------------
[Epoch : 14/40]
Src_cls_loss	: 0.1310
-------------------------------------
[Epoch : 15/40]
Src_cls_loss	: 0.1239
-------------------------------------
[Epoch : 16/40]
Src_cls_loss	: 0.1172
-------------------------------------
[Epoch : 17/40]
Src_cls_loss	: 0.1115
-------------------------------------
[Epoch : 18/40]
Src_cls_loss	: 0.1067
-------------------------------------
[Epoch : 19/40]
Src_cls_loss	: 0.1022
-------------------------------------
[Epoch : 20/40]
Src_cls_loss	: 0.0981
-------------------------------------
[Epoch : 21/40]
Src_cls_loss	: 0.0946
-------------------------------------
[Epoch : 22/40]
Src_cls_loss	: 0.0911
-------------------------------------
[Epoch : 23/40]
Src_cls_loss	: 0.0878
-------------------------------------
[Epoch : 24/40]
Src_cls_loss	: 0.0857
-------------------------------------
[Epoch : 25/40]
Src_cls_loss	: 0.0833
-------------------------------------
[Epoch : 26/40]
Src_cls_loss	: 0.0811
-------------------------------------
[Epoch : 27/40]
Src_cls_loss	: 0.0790
-------------------------------------
[Epoch : 28/40]
Src_cls_loss	: 0.0767
-------------------------------------
[Epoch : 29/40]
Src_cls_loss	: 0.0747
-------------------------------------
[Epoch : 30/40]
Src_cls_loss	: 0.0727
-------------------------------------
[Epoch : 31/40]
Src_cls_loss	: 0.0708
-------------------------------------
[Epoch : 32/40]
Src_cls_loss	: 0.0694
-------------------------------------
[Epoch : 33/40]
Src_cls_loss	: 0.0677
-------------------------------------
[Epoch : 34/40]
Src_cls_loss	: 0.0663
-------------------------------------
[Epoch : 35/40]
Src_cls_loss	: 0.0647
-------------------------------------
[Epoch : 36/40]
Src_cls_loss	: 0.0632
-------------------------------------
[Epoch : 37/40]
Src_cls_loss	: 0.0618
-------------------------------------
[Epoch : 38/40]
Src_cls_loss	: 0.0605
-------------------------------------
[Epoch : 39/40]
Src_cls_loss	: 0.0593
-------------------------------------
[Epoch : 40/40]
Src_cls_loss	: 0.0580
-------------------------------------
