=============================================
Dataset: pamap_mobiact
Method:  NO_ADAPT
=============================================
Source: syn_53 ---> Target: dp_53
Run ID: 7
=============================================
[Epoch : 1/40]
Src_cls_loss	: 0.6414
-------------------------------------
[Epoch : 2/40]
Src_cls_loss	: 0.4514
-------------------------------------
[Epoch : 3/40]
Src_cls_loss	: 0.3454
-------------------------------------
[Epoch : 4/40]
Src_cls_loss	: 0.2833
-------------------------------------
[Epoch : 5/40]
Src_cls_loss	: 0.2394
-------------------------------------
[Epoch : 6/40]
Src_cls_loss	: 0.2107
-------------------------------------
[Epoch : 7/40]
Src_cls_loss	: 0.1875
-------------------------------------
[Epoch : 8/40]
Src_cls_loss	: 0.1684
-------------------------------------
[Epoch : 9/40]
Src_cls_loss	: 0.1522
-------------------------------------
[Epoch : 10/40]
Src_cls_loss	: 0.1396
-------------------------------------
[Epoch : 11/40]
Src_cls_loss	: 0.1292
-------------------------------------
[Epoch : 12/40]
Src_cls_loss	: 0.1210
-------------------------------------
[Epoch : 13/40]
Src_cls_loss	: 0.1134
-------------------------------------
[Epoch : 14/40]
Src_cls_loss	: 0.1065
-------------------------------------
[Epoch : 15/40]
Src_cls_loss	: 0.1015
-------------------------------------
[Epoch : 16/40]
Src_cls_loss	: 0.0964
-------------------------------------
[Epoch : 17/40]
Src_cls_loss	: 0.0921
-------------------------------------
[Epoch : 18/40]
Src_cls_loss	: 0.0877
-------------------------------------
[Epoch : 19/40]
Src_cls_loss	: 0.0835
-------------------------------------
[Epoch : 20/40]
Src_cls_loss	: 0.0798
-------------------------------------
[Epoch : 21/40]
Src_cls_loss	: 0.0764
-------------------------------------
[Epoch : 22/40]
Src_cls_loss	: 0.0732
-------------------------------------
[Epoch : 23/40]
Src_cls_loss	: 0.0703
-------------------------------------
[Epoch : 24/40]
Src_cls_loss	: 0.0675
-------------------------------------
[Epoch : 25/40]
Src_cls_loss	: 0.0651
-------------------------------------
[Epoch : 26/40]
Src_cls_loss	: 0.0628
-------------------------------------
[Epoch : 27/40]
Src_cls_loss	: 0.0613
-------------------------------------
[Epoch : 28/40]
Src_cls_loss	: 0.0598
-------------------------------------
[Epoch : 29/40]
Src_cls_loss	: 0.0582
-------------------------------------
[Epoch : 30/40]
Src_cls_loss	: 0.0566
-------------------------------------
[Epoch : 31/40]
Src_cls_loss	: 0.0551
-------------------------------------
[Epoch : 32/40]
Src_cls_loss	: 0.0534
-------------------------------------
[Epoch : 33/40]
Src_cls_loss	: 0.0519
-------------------------------------
[Epoch : 34/40]
Src_cls_loss	: 0.0506
-------------------------------------
[Epoch : 35/40]
Src_cls_loss	: 0.0493
-------------------------------------
[Epoch : 36/40]
Src_cls_loss	: 0.0481
-------------------------------------
[Epoch : 37/40]
Src_cls_loss	: 0.0468
-------------------------------------
[Epoch : 38/40]
Src_cls_loss	: 0.0457
-------------------------------------
[Epoch : 39/40]
Src_cls_loss	: 0.0447
-------------------------------------
[Epoch : 40/40]
Src_cls_loss	: 0.0438
-------------------------------------
