=============================================
Dataset: realworld_mobiact
Method:  SYN
=============================================
Source: syn_wal_63 ---> Target: dp_wal_63
Run ID: 8
=============================================
[Epoch : 1/40]
Src_cls_loss	: 0.8637
-------------------------------------
[Epoch : 2/40]
Src_cls_loss	: 0.7035
-------------------------------------
[Epoch : 3/40]
Src_cls_loss	: 0.5621
-------------------------------------
[Epoch : 4/40]
Src_cls_loss	: 0.4646
-------------------------------------
[Epoch : 5/40]
Src_cls_loss	: 0.3914
-------------------------------------
[Epoch : 6/40]
Src_cls_loss	: 0.3369
-------------------------------------
[Epoch : 7/40]
Src_cls_loss	: 0.2952
-------------------------------------
[Epoch : 8/40]
Src_cls_loss	: 0.2627
-------------------------------------
[Epoch : 9/40]
Src_cls_loss	: 0.2371
-------------------------------------
[Epoch : 10/40]
Src_cls_loss	: 0.2161
-------------------------------------
[Epoch : 11/40]
Src_cls_loss	: 0.1980
-------------------------------------
[Epoch : 12/40]
Src_cls_loss	: 0.1834
-------------------------------------
[Epoch : 13/40]
Src_cls_loss	: 0.1702
-------------------------------------
[Epoch : 14/40]
Src_cls_loss	: 0.1591
-------------------------------------
[Epoch : 15/40]
Src_cls_loss	: 0.1493
-------------------------------------
[Epoch : 16/40]
Src_cls_loss	: 0.1405
-------------------------------------
[Epoch : 17/40]
Src_cls_loss	: 0.1327
-------------------------------------
[Epoch : 18/40]
Src_cls_loss	: 0.1259
-------------------------------------
[Epoch : 19/40]
Src_cls_loss	: 0.1197
-------------------------------------
[Epoch : 20/40]
Src_cls_loss	: 0.1142
-------------------------------------
[Epoch : 21/40]
Src_cls_loss	: 0.1091
-------------------------------------
[Epoch : 22/40]
Src_cls_loss	: 0.1044
-------------------------------------
[Epoch : 23/40]
Src_cls_loss	: 0.1001
-------------------------------------
[Epoch : 24/40]
Src_cls_loss	: 0.0960
-------------------------------------
[Epoch : 25/40]
Src_cls_loss	: 0.0926
-------------------------------------
[Epoch : 26/40]
Src_cls_loss	: 0.0892
-------------------------------------
[Epoch : 27/40]
Src_cls_loss	: 0.0861
-------------------------------------
[Epoch : 28/40]
Src_cls_loss	: 0.0832
-------------------------------------
[Epoch : 29/40]
Src_cls_loss	: 0.0804
-------------------------------------
[Epoch : 30/40]
Src_cls_loss	: 0.0778
-------------------------------------
[Epoch : 31/40]
Src_cls_loss	: 0.0754
-------------------------------------
[Epoch : 32/40]
Src_cls_loss	: 0.0732
-------------------------------------
[Epoch : 33/40]
Src_cls_loss	: 0.0712
-------------------------------------
[Epoch : 34/40]
Src_cls_loss	: 0.0692
-------------------------------------
[Epoch : 35/40]
Src_cls_loss	: 0.0673
-------------------------------------
[Epoch : 36/40]
Src_cls_loss	: 0.0655
-------------------------------------
[Epoch : 37/40]
Src_cls_loss	: 0.0638
-------------------------------------
[Epoch : 38/40]
Src_cls_loss	: 0.0621
-------------------------------------
[Epoch : 39/40]
Src_cls_loss	: 0.0606
-------------------------------------
[Epoch : 40/40]
Src_cls_loss	: 0.0591
-------------------------------------
