=============================================
Dataset: pamap_mobiact
Method:  SYN
=============================================
Source: syn_wal_57 ---> Target: dp_wal_57
Run ID: 8
=============================================
[Epoch : 1/40]
Src_cls_loss	: 0.5649
-------------------------------------
[Epoch : 2/40]
Src_cls_loss	: 0.3897
-------------------------------------
[Epoch : 3/40]
Src_cls_loss	: 0.3038
-------------------------------------
[Epoch : 4/40]
Src_cls_loss	: 0.2527
-------------------------------------
[Epoch : 5/40]
Src_cls_loss	: 0.2151
-------------------------------------
[Epoch : 6/40]
Src_cls_loss	: 0.1894
-------------------------------------
[Epoch : 7/40]
Src_cls_loss	: 0.1694
-------------------------------------
[Epoch : 8/40]
Src_cls_loss	: 0.1525
-------------------------------------
[Epoch : 9/40]
Src_cls_loss	: 0.1383
-------------------------------------
[Epoch : 10/40]
Src_cls_loss	: 0.1279
-------------------------------------
[Epoch : 11/40]
Src_cls_loss	: 0.1183
-------------------------------------
[Epoch : 12/40]
Src_cls_loss	: 0.1102
-------------------------------------
[Epoch : 13/40]
Src_cls_loss	: 0.1031
-------------------------------------
[Epoch : 14/40]
Src_cls_loss	: 0.0972
-------------------------------------
[Epoch : 15/40]
Src_cls_loss	: 0.0919
-------------------------------------
[Epoch : 16/40]
Src_cls_loss	: 0.0869
-------------------------------------
[Epoch : 17/40]
Src_cls_loss	: 0.0825
-------------------------------------
[Epoch : 18/40]
Src_cls_loss	: 0.0786
-------------------------------------
[Epoch : 19/40]
Src_cls_loss	: 0.0752
-------------------------------------
[Epoch : 20/40]
Src_cls_loss	: 0.0727
-------------------------------------
[Epoch : 21/40]
Src_cls_loss	: 0.0698
-------------------------------------
[Epoch : 22/40]
Src_cls_loss	: 0.0679
-------------------------------------
[Epoch : 23/40]
Src_cls_loss	: 0.0655
-------------------------------------
[Epoch : 24/40]
Src_cls_loss	: 0.0630
-------------------------------------
[Epoch : 25/40]
Src_cls_loss	: 0.0607
-------------------------------------
[Epoch : 26/40]
Src_cls_loss	: 0.0589
-------------------------------------
[Epoch : 27/40]
Src_cls_loss	: 0.0571
-------------------------------------
[Epoch : 28/40]
Src_cls_loss	: 0.0554
-------------------------------------
[Epoch : 29/40]
Src_cls_loss	: 0.0538
-------------------------------------
[Epoch : 30/40]
Src_cls_loss	: 0.0522
-------------------------------------
[Epoch : 31/40]
Src_cls_loss	: 0.0508
-------------------------------------
[Epoch : 32/40]
Src_cls_loss	: 0.0497
-------------------------------------
[Epoch : 33/40]
Src_cls_loss	: 0.0489
-------------------------------------
[Epoch : 34/40]
Src_cls_loss	: 0.0477
-------------------------------------
[Epoch : 35/40]
Src_cls_loss	: 0.0465
-------------------------------------
[Epoch : 36/40]
Src_cls_loss	: 0.0453
-------------------------------------
[Epoch : 37/40]
Src_cls_loss	: 0.0443
-------------------------------------
[Epoch : 38/40]
Src_cls_loss	: 0.0433
-------------------------------------
[Epoch : 39/40]
Src_cls_loss	: 0.0423
-------------------------------------
[Epoch : 40/40]
Src_cls_loss	: 0.0413
-------------------------------------
