=============================================
Dataset: realworld_mobiact
Method:  SYN
=============================================
Source: syn_wal_32 ---> Target: dp_wal_32
Run ID: 0
=============================================
[Epoch : 1/40]
Src_cls_loss	: 0.8021
-------------------------------------
[Epoch : 2/40]
Src_cls_loss	: 0.6143
-------------------------------------
[Epoch : 3/40]
Src_cls_loss	: 0.4856
-------------------------------------
[Epoch : 4/40]
Src_cls_loss	: 0.3915
-------------------------------------
[Epoch : 5/40]
Src_cls_loss	: 0.3300
-------------------------------------
[Epoch : 6/40]
Src_cls_loss	: 0.2847
-------------------------------------
[Epoch : 7/40]
Src_cls_loss	: 0.2496
-------------------------------------
[Epoch : 8/40]
Src_cls_loss	: 0.2225
-------------------------------------
[Epoch : 9/40]
Src_cls_loss	: 0.2009
-------------------------------------
[Epoch : 10/40]
Src_cls_loss	: 0.1832
-------------------------------------
[Epoch : 11/40]
Src_cls_loss	: 0.1681
-------------------------------------
[Epoch : 12/40]
Src_cls_loss	: 0.1553
-------------------------------------
[Epoch : 13/40]
Src_cls_loss	: 0.1442
-------------------------------------
[Epoch : 14/40]
Src_cls_loss	: 0.1348
-------------------------------------
[Epoch : 15/40]
Src_cls_loss	: 0.1267
-------------------------------------
[Epoch : 16/40]
Src_cls_loss	: 0.1195
-------------------------------------
[Epoch : 17/40]
Src_cls_loss	: 0.1132
-------------------------------------
[Epoch : 18/40]
Src_cls_loss	: 0.1074
-------------------------------------
[Epoch : 19/40]
Src_cls_loss	: 0.1025
-------------------------------------
[Epoch : 20/40]
Src_cls_loss	: 0.0979
-------------------------------------
[Epoch : 21/40]
Src_cls_loss	: 0.0937
-------------------------------------
[Epoch : 22/40]
Src_cls_loss	: 0.0899
-------------------------------------
[Epoch : 23/40]
Src_cls_loss	: 0.0867
-------------------------------------
[Epoch : 24/40]
Src_cls_loss	: 0.0835
-------------------------------------
[Epoch : 25/40]
Src_cls_loss	: 0.0808
-------------------------------------
[Epoch : 26/40]
Src_cls_loss	: 0.0779
-------------------------------------
[Epoch : 27/40]
Src_cls_loss	: 0.0753
-------------------------------------
[Epoch : 28/40]
Src_cls_loss	: 0.0729
-------------------------------------
[Epoch : 29/40]
Src_cls_loss	: 0.0706
-------------------------------------
[Epoch : 30/40]
Src_cls_loss	: 0.0684
-------------------------------------
[Epoch : 31/40]
Src_cls_loss	: 0.0662
-------------------------------------
[Epoch : 32/40]
Src_cls_loss	: 0.0643
-------------------------------------
[Epoch : 33/40]
Src_cls_loss	: 0.0625
-------------------------------------
[Epoch : 34/40]
Src_cls_loss	: 0.0607
-------------------------------------
[Epoch : 35/40]
Src_cls_loss	: 0.0591
-------------------------------------
[Epoch : 36/40]
Src_cls_loss	: 0.0575
-------------------------------------
[Epoch : 37/40]
Src_cls_loss	: 0.0560
-------------------------------------
[Epoch : 38/40]
Src_cls_loss	: 0.0546
-------------------------------------
[Epoch : 39/40]
Src_cls_loss	: 0.0534
-------------------------------------
[Epoch : 40/40]
Src_cls_loss	: 0.0523
-------------------------------------
