=============================================
Dataset: pamap_realworld
Method:  NO_ADAPT
=============================================
Source: syn_6 ---> Target: dp_6
Run ID: 3
=============================================
[Epoch : 1/40]
Src_cls_loss	: 0.3898
-------------------------------------
[Epoch : 2/40]
Src_cls_loss	: 0.2451
-------------------------------------
[Epoch : 3/40]
Src_cls_loss	: 0.1860
-------------------------------------
[Epoch : 4/40]
Src_cls_loss	: 0.1493
-------------------------------------
[Epoch : 5/40]
Src_cls_loss	: 0.1264
-------------------------------------
[Epoch : 6/40]
Src_cls_loss	: 0.1111
-------------------------------------
[Epoch : 7/40]
Src_cls_loss	: 0.1000
-------------------------------------
[Epoch : 8/40]
Src_cls_loss	: 0.0911
-------------------------------------
[Epoch : 9/40]
Src_cls_loss	: 0.0828
-------------------------------------
[Epoch : 10/40]
Src_cls_loss	: 0.0765
-------------------------------------
[Epoch : 11/40]
Src_cls_loss	: 0.0707
-------------------------------------
[Epoch : 12/40]
Src_cls_loss	: 0.0662
-------------------------------------
[Epoch : 13/40]
Src_cls_loss	: 0.0623
-------------------------------------
[Epoch : 14/40]
Src_cls_loss	: 0.0587
-------------------------------------
[Epoch : 15/40]
Src_cls_loss	: 0.0557
-------------------------------------
[Epoch : 16/40]
Src_cls_loss	: 0.0529
-------------------------------------
[Epoch : 17/40]
Src_cls_loss	: 0.0507
-------------------------------------
[Epoch : 18/40]
Src_cls_loss	: 0.0485
-------------------------------------
[Epoch : 19/40]
Src_cls_loss	: 0.0466
-------------------------------------
[Epoch : 20/40]
Src_cls_loss	: 0.0446
-------------------------------------
[Epoch : 21/40]
Src_cls_loss	: 0.0430
-------------------------------------
[Epoch : 22/40]
Src_cls_loss	: 0.0419
-------------------------------------
[Epoch : 23/40]
Src_cls_loss	: 0.0405
-------------------------------------
[Epoch : 24/40]
Src_cls_loss	: 0.0391
-------------------------------------
[Epoch : 25/40]
Src_cls_loss	: 0.0378
-------------------------------------
[Epoch : 26/40]
Src_cls_loss	: 0.0366
-------------------------------------
[Epoch : 27/40]
Src_cls_loss	: 0.0354
-------------------------------------
[Epoch : 28/40]
Src_cls_loss	: 0.0346
-------------------------------------
[Epoch : 29/40]
Src_cls_loss	: 0.0336
-------------------------------------
[Epoch : 30/40]
Src_cls_loss	: 0.0328
-------------------------------------
[Epoch : 31/40]
Src_cls_loss	: 0.0319
-------------------------------------
[Epoch : 32/40]
Src_cls_loss	: 0.0313
-------------------------------------
[Epoch : 33/40]
Src_cls_loss	: 0.0306
-------------------------------------
[Epoch : 34/40]
Src_cls_loss	: 0.0299
-------------------------------------
[Epoch : 35/40]
Src_cls_loss	: 0.0293
-------------------------------------
[Epoch : 36/40]
Src_cls_loss	: 0.0286
-------------------------------------
[Epoch : 37/40]
Src_cls_loss	: 0.0280
-------------------------------------
[Epoch : 38/40]
Src_cls_loss	: 0.0275
-------------------------------------
[Epoch : 39/40]
Src_cls_loss	: 0.0269
-------------------------------------
[Epoch : 40/40]
Src_cls_loss	: 0.0264
-------------------------------------
