=============================================
Dataset: pamap_realworld
Method:  NO_ADAPT
=============================================
Source: syn_16 ---> Target: dp_16
Run ID: 5
=============================================
[Epoch : 1/40]
Src_cls_loss	: 0.3895
-------------------------------------
[Epoch : 2/40]
Src_cls_loss	: 0.2344
-------------------------------------
[Epoch : 3/40]
Src_cls_loss	: 0.1707
-------------------------------------
[Epoch : 4/40]
Src_cls_loss	: 0.1373
-------------------------------------
[Epoch : 5/40]
Src_cls_loss	: 0.1149
-------------------------------------
[Epoch : 6/40]
Src_cls_loss	: 0.0978
-------------------------------------
[Epoch : 7/40]
Src_cls_loss	: 0.0855
-------------------------------------
[Epoch : 8/40]
Src_cls_loss	: 0.0765
-------------------------------------
[Epoch : 9/40]
Src_cls_loss	: 0.0698
-------------------------------------
[Epoch : 10/40]
Src_cls_loss	: 0.0643
-------------------------------------
[Epoch : 11/40]
Src_cls_loss	: 0.0593
-------------------------------------
[Epoch : 12/40]
Src_cls_loss	: 0.0549
-------------------------------------
[Epoch : 13/40]
Src_cls_loss	: 0.0511
-------------------------------------
[Epoch : 14/40]
Src_cls_loss	: 0.0480
-------------------------------------
[Epoch : 15/40]
Src_cls_loss	: 0.0452
-------------------------------------
[Epoch : 16/40]
Src_cls_loss	: 0.0430
-------------------------------------
[Epoch : 17/40]
Src_cls_loss	: 0.0408
-------------------------------------
[Epoch : 18/40]
Src_cls_loss	: 0.0388
-------------------------------------
[Epoch : 19/40]
Src_cls_loss	: 0.0370
-------------------------------------
[Epoch : 20/40]
Src_cls_loss	: 0.0356
-------------------------------------
[Epoch : 21/40]
Src_cls_loss	: 0.0344
-------------------------------------
[Epoch : 22/40]
Src_cls_loss	: 0.0333
-------------------------------------
[Epoch : 23/40]
Src_cls_loss	: 0.0320
-------------------------------------
[Epoch : 24/40]
Src_cls_loss	: 0.0309
-------------------------------------
[Epoch : 25/40]
Src_cls_loss	: 0.0299
-------------------------------------
[Epoch : 26/40]
Src_cls_loss	: 0.0288
-------------------------------------
[Epoch : 27/40]
Src_cls_loss	: 0.0278
-------------------------------------
[Epoch : 28/40]
Src_cls_loss	: 0.0271
-------------------------------------
[Epoch : 29/40]
Src_cls_loss	: 0.0263
-------------------------------------
[Epoch : 30/40]
Src_cls_loss	: 0.0255
-------------------------------------
[Epoch : 31/40]
Src_cls_loss	: 0.0248
-------------------------------------
[Epoch : 32/40]
Src_cls_loss	: 0.0241
-------------------------------------
[Epoch : 33/40]
Src_cls_loss	: 0.0235
-------------------------------------
[Epoch : 34/40]
Src_cls_loss	: 0.0229
-------------------------------------
[Epoch : 35/40]
Src_cls_loss	: 0.0223
-------------------------------------
[Epoch : 36/40]
Src_cls_loss	: 0.0220
-------------------------------------
[Epoch : 37/40]
Src_cls_loss	: 0.0217
-------------------------------------
[Epoch : 38/40]
Src_cls_loss	: 0.0212
-------------------------------------
[Epoch : 39/40]
Src_cls_loss	: 0.0207
-------------------------------------
[Epoch : 40/40]
Src_cls_loss	: 0.0203
-------------------------------------
