=============================================
Dataset: realworld_mobiact
Method:  SYN
=============================================
Source: syn_wal_19 ---> Target: dp_wal_19
Run ID: 7
=============================================
[Epoch : 1/40]
Src_cls_loss	: 0.8470
-------------------------------------
[Epoch : 2/40]
Src_cls_loss	: 0.6953
-------------------------------------
[Epoch : 3/40]
Src_cls_loss	: 0.5587
-------------------------------------
[Epoch : 4/40]
Src_cls_loss	: 0.4544
-------------------------------------
[Epoch : 5/40]
Src_cls_loss	: 0.3802
-------------------------------------
[Epoch : 6/40]
Src_cls_loss	: 0.3260
-------------------------------------
[Epoch : 7/40]
Src_cls_loss	: 0.2849
-------------------------------------
[Epoch : 8/40]
Src_cls_loss	: 0.2521
-------------------------------------
[Epoch : 9/40]
Src_cls_loss	: 0.2259
-------------------------------------
[Epoch : 10/40]
Src_cls_loss	: 0.2050
-------------------------------------
[Epoch : 11/40]
Src_cls_loss	: 0.1874
-------------------------------------
[Epoch : 12/40]
Src_cls_loss	: 0.1726
-------------------------------------
[Epoch : 13/40]
Src_cls_loss	: 0.1601
-------------------------------------
[Epoch : 14/40]
Src_cls_loss	: 0.1494
-------------------------------------
[Epoch : 15/40]
Src_cls_loss	: 0.1399
-------------------------------------
[Epoch : 16/40]
Src_cls_loss	: 0.1316
-------------------------------------
[Epoch : 17/40]
Src_cls_loss	: 0.1242
-------------------------------------
[Epoch : 18/40]
Src_cls_loss	: 0.1177
-------------------------------------
[Epoch : 19/40]
Src_cls_loss	: 0.1118
-------------------------------------
[Epoch : 20/40]
Src_cls_loss	: 0.1065
-------------------------------------
[Epoch : 21/40]
Src_cls_loss	: 0.1016
-------------------------------------
[Epoch : 22/40]
Src_cls_loss	: 0.0972
-------------------------------------
[Epoch : 23/40]
Src_cls_loss	: 0.0931
-------------------------------------
[Epoch : 24/40]
Src_cls_loss	: 0.0893
-------------------------------------
[Epoch : 25/40]
Src_cls_loss	: 0.0858
-------------------------------------
[Epoch : 26/40]
Src_cls_loss	: 0.0826
-------------------------------------
[Epoch : 27/40]
Src_cls_loss	: 0.0797
-------------------------------------
[Epoch : 28/40]
Src_cls_loss	: 0.0769
-------------------------------------
[Epoch : 29/40]
Src_cls_loss	: 0.0744
-------------------------------------
[Epoch : 30/40]
Src_cls_loss	: 0.0719
-------------------------------------
[Epoch : 31/40]
Src_cls_loss	: 0.0697
-------------------------------------
[Epoch : 32/40]
Src_cls_loss	: 0.0676
-------------------------------------
[Epoch : 33/40]
Src_cls_loss	: 0.0656
-------------------------------------
[Epoch : 34/40]
Src_cls_loss	: 0.0637
-------------------------------------
[Epoch : 35/40]
Src_cls_loss	: 0.0620
-------------------------------------
[Epoch : 36/40]
Src_cls_loss	: 0.0603
-------------------------------------
[Epoch : 37/40]
Src_cls_loss	: 0.0587
-------------------------------------
[Epoch : 38/40]
Src_cls_loss	: 0.0572
-------------------------------------
[Epoch : 39/40]
Src_cls_loss	: 0.0558
-------------------------------------
[Epoch : 40/40]
Src_cls_loss	: 0.0544
-------------------------------------
