=============================================
Dataset: realworld_mobiact
Method:  SYN
=============================================
Source: syn_wal_17 ---> Target: dp_wal_17
Run ID: 5
=============================================
[Epoch : 1/40]
Src_cls_loss	: 0.8880
-------------------------------------
[Epoch : 2/40]
Src_cls_loss	: 0.7712
-------------------------------------
[Epoch : 3/40]
Src_cls_loss	: 0.6537
-------------------------------------
[Epoch : 4/40]
Src_cls_loss	: 0.5523
-------------------------------------
[Epoch : 5/40]
Src_cls_loss	: 0.4692
-------------------------------------
[Epoch : 6/40]
Src_cls_loss	: 0.4041
-------------------------------------
[Epoch : 7/40]
Src_cls_loss	: 0.3584
-------------------------------------
[Epoch : 8/40]
Src_cls_loss	: 0.3228
-------------------------------------
[Epoch : 9/40]
Src_cls_loss	: 0.2926
-------------------------------------
[Epoch : 10/40]
Src_cls_loss	: 0.2676
-------------------------------------
[Epoch : 11/40]
Src_cls_loss	: 0.2456
-------------------------------------
[Epoch : 12/40]
Src_cls_loss	: 0.2267
-------------------------------------
[Epoch : 13/40]
Src_cls_loss	: 0.2109
-------------------------------------
[Epoch : 14/40]
Src_cls_loss	: 0.1969
-------------------------------------
[Epoch : 15/40]
Src_cls_loss	: 0.1850
-------------------------------------
[Epoch : 16/40]
Src_cls_loss	: 0.1748
-------------------------------------
[Epoch : 17/40]
Src_cls_loss	: 0.1655
-------------------------------------
[Epoch : 18/40]
Src_cls_loss	: 0.1573
-------------------------------------
[Epoch : 19/40]
Src_cls_loss	: 0.1504
-------------------------------------
[Epoch : 20/40]
Src_cls_loss	: 0.1434
-------------------------------------
[Epoch : 21/40]
Src_cls_loss	: 0.1371
-------------------------------------
[Epoch : 22/40]
Src_cls_loss	: 0.1311
-------------------------------------
[Epoch : 23/40]
Src_cls_loss	: 0.1257
-------------------------------------
[Epoch : 24/40]
Src_cls_loss	: 0.1207
-------------------------------------
[Epoch : 25/40]
Src_cls_loss	: 0.1162
-------------------------------------
[Epoch : 26/40]
Src_cls_loss	: 0.1121
-------------------------------------
[Epoch : 27/40]
Src_cls_loss	: 0.1081
-------------------------------------
[Epoch : 28/40]
Src_cls_loss	: 0.1044
-------------------------------------
[Epoch : 29/40]
Src_cls_loss	: 0.1010
-------------------------------------
[Epoch : 30/40]
Src_cls_loss	: 0.0977
-------------------------------------
[Epoch : 31/40]
Src_cls_loss	: 0.0947
-------------------------------------
[Epoch : 32/40]
Src_cls_loss	: 0.0918
-------------------------------------
[Epoch : 33/40]
Src_cls_loss	: 0.0891
-------------------------------------
[Epoch : 34/40]
Src_cls_loss	: 0.0866
-------------------------------------
[Epoch : 35/40]
Src_cls_loss	: 0.0842
-------------------------------------
[Epoch : 36/40]
Src_cls_loss	: 0.0819
-------------------------------------
[Epoch : 37/40]
Src_cls_loss	: 0.0798
-------------------------------------
[Epoch : 38/40]
Src_cls_loss	: 0.0780
-------------------------------------
[Epoch : 39/40]
Src_cls_loss	: 0.0762
-------------------------------------
[Epoch : 40/40]
Src_cls_loss	: 0.0747
-------------------------------------
