=============================================
Dataset: mobiact_pamap
Method:  NO_ADAPT
=============================================
Source: df ---> Target: dp_66
Run ID: 4
=============================================
[Epoch : 1/40]
Src_cls_loss	: 0.3531
-------------------------------------
[Epoch : 2/40]
Src_cls_loss	: 0.2488
-------------------------------------
[Epoch : 3/40]
Src_cls_loss	: 0.1971
-------------------------------------
[Epoch : 4/40]
Src_cls_loss	: 0.1668
-------------------------------------
[Epoch : 5/40]
Src_cls_loss	: 0.1452
-------------------------------------
[Epoch : 6/40]
Src_cls_loss	: 0.1287
-------------------------------------
[Epoch : 7/40]
Src_cls_loss	: 0.1159
-------------------------------------
[Epoch : 8/40]
Src_cls_loss	: 0.1056
-------------------------------------
[Epoch : 9/40]
Src_cls_loss	: 0.0979
-------------------------------------
[Epoch : 10/40]
Src_cls_loss	: 0.0908
-------------------------------------
[Epoch : 11/40]
Src_cls_loss	: 0.0848
-------------------------------------
[Epoch : 12/40]
Src_cls_loss	: 0.0797
-------------------------------------
[Epoch : 13/40]
Src_cls_loss	: 0.0751
-------------------------------------
[Epoch : 14/40]
Src_cls_loss	: 0.0710
-------------------------------------
[Epoch : 15/40]
Src_cls_loss	: 0.0678
-------------------------------------
[Epoch : 16/40]
Src_cls_loss	: 0.0643
-------------------------------------
[Epoch : 17/40]
Src_cls_loss	: 0.0616
-------------------------------------
[Epoch : 18/40]
Src_cls_loss	: 0.0593
-------------------------------------
[Epoch : 19/40]
Src_cls_loss	: 0.0570
-------------------------------------
[Epoch : 20/40]
Src_cls_loss	: 0.0549
-------------------------------------
[Epoch : 21/40]
Src_cls_loss	: 0.0527
-------------------------------------
[Epoch : 22/40]
Src_cls_loss	: 0.0509
-------------------------------------
[Epoch : 23/40]
Src_cls_loss	: 0.0495
-------------------------------------
[Epoch : 24/40]
Src_cls_loss	: 0.0480
-------------------------------------
[Epoch : 25/40]
Src_cls_loss	: 0.0464
-------------------------------------
[Epoch : 26/40]
Src_cls_loss	: 0.0453
-------------------------------------
[Epoch : 27/40]
Src_cls_loss	: 0.0439
-------------------------------------
[Epoch : 28/40]
Src_cls_loss	: 0.0428
-------------------------------------
[Epoch : 29/40]
Src_cls_loss	: 0.0415
-------------------------------------
[Epoch : 30/40]
Src_cls_loss	: 0.0405
-------------------------------------
[Epoch : 31/40]
Src_cls_loss	: 0.0397
-------------------------------------
[Epoch : 32/40]
Src_cls_loss	: 0.0388
-------------------------------------
[Epoch : 33/40]
Src_cls_loss	: 0.0380
-------------------------------------
[Epoch : 34/40]
Src_cls_loss	: 0.0371
-------------------------------------
[Epoch : 35/40]
Src_cls_loss	: 0.0363
-------------------------------------
[Epoch : 36/40]
Src_cls_loss	: 0.0356
-------------------------------------
[Epoch : 37/40]
Src_cls_loss	: 0.0350
-------------------------------------
[Epoch : 38/40]
Src_cls_loss	: 0.0343
-------------------------------------
[Epoch : 39/40]
Src_cls_loss	: 0.0337
-------------------------------------
[Epoch : 40/40]
Src_cls_loss	: 0.0330
-------------------------------------
