=============================================
Dataset: realworld_mobiact
Method:  Deep_Coral
=============================================
Source: df ---> Target: dp_wal_58
Run ID: 0
=============================================
[Epoch : 1/40]
Total_loss	: 3.3757
Src_cls_loss	: 0.5059
coral_loss	: 0.0007
-------------------------------------
[Epoch : 2/40]
Total_loss	: 2.9257
Src_cls_loss	: 0.4384
coral_loss	: 0.0007
-------------------------------------
[Epoch : 3/40]
Total_loss	: 2.6572
Src_cls_loss	: 0.3981
coral_loss	: 0.0007
-------------------------------------
[Epoch : 4/40]
Total_loss	: 2.4866
Src_cls_loss	: 0.3726
coral_loss	: 0.0006
-------------------------------------
[Epoch : 5/40]
Total_loss	: 2.3534
Src_cls_loss	: 0.3526
coral_loss	: 0.0006
-------------------------------------
[Epoch : 6/40]
Total_loss	: 2.2490
Src_cls_loss	: 0.3370
coral_loss	: 0.0006
-------------------------------------
[Epoch : 7/40]
Total_loss	: 2.1567
Src_cls_loss	: 0.3232
coral_loss	: 0.0005
-------------------------------------
[Epoch : 8/40]
Total_loss	: 2.0778
Src_cls_loss	: 0.3113
coral_loss	: 0.0005
-------------------------------------
[Epoch : 9/40]
Total_loss	: 2.0054
Src_cls_loss	: 0.3005
coral_loss	: 0.0005
-------------------------------------
[Epoch : 10/40]
Total_loss	: 1.9416
Src_cls_loss	: 0.2909
coral_loss	: 0.0005
-------------------------------------
[Epoch : 11/40]
Total_loss	: 1.8815
Src_cls_loss	: 0.2819
coral_loss	: 0.0005
-------------------------------------
[Epoch : 12/40]
Total_loss	: 1.8309
Src_cls_loss	: 0.2743
coral_loss	: 0.0005
-------------------------------------
[Epoch : 13/40]
Total_loss	: 1.7909
Src_cls_loss	: 0.2683
coral_loss	: 0.0004
-------------------------------------
[Epoch : 14/40]
Total_loss	: 1.7514
Src_cls_loss	: 0.2624
coral_loss	: 0.0004
-------------------------------------
[Epoch : 15/40]
Total_loss	: 1.7129
Src_cls_loss	: 0.2567
coral_loss	: 0.0004
-------------------------------------
[Epoch : 16/40]
Total_loss	: 1.6796
Src_cls_loss	: 0.2517
coral_loss	: 0.0004
-------------------------------------
[Epoch : 17/40]
Total_loss	: 1.6510
Src_cls_loss	: 0.2474
coral_loss	: 0.0004
-------------------------------------
[Epoch : 18/40]
Total_loss	: 1.6237
Src_cls_loss	: 0.2433
coral_loss	: 0.0004
-------------------------------------
[Epoch : 19/40]
Total_loss	: 1.5953
Src_cls_loss	: 0.2390
coral_loss	: 0.0004
-------------------------------------
[Epoch : 20/40]
Total_loss	: 1.5719
Src_cls_loss	: 0.2355
coral_loss	: 0.0004
-------------------------------------
[Epoch : 21/40]
Total_loss	: 1.5495
Src_cls_loss	: 0.2322
coral_loss	: 0.0004
-------------------------------------
[Epoch : 22/40]
Total_loss	: 1.5276
Src_cls_loss	: 0.2289
coral_loss	: 0.0004
-------------------------------------
[Epoch : 23/40]
Total_loss	: 1.5063
Src_cls_loss	: 0.2257
coral_loss	: 0.0004
-------------------------------------
[Epoch : 24/40]
Total_loss	: 1.4861
Src_cls_loss	: 0.2227
coral_loss	: 0.0004
-------------------------------------
[Epoch : 25/40]
Total_loss	: 1.4655
Src_cls_loss	: 0.2196
coral_loss	: 0.0004
-------------------------------------
[Epoch : 26/40]
Total_loss	: 1.4455
Src_cls_loss	: 0.2166
coral_loss	: 0.0004
-------------------------------------
[Epoch : 27/40]
Total_loss	: 1.4289
Src_cls_loss	: 0.2141
coral_loss	: 0.0004
-------------------------------------
[Epoch : 28/40]
Total_loss	: 1.4100
Src_cls_loss	: 0.2112
coral_loss	: 0.0004
-------------------------------------
[Epoch : 29/40]
Total_loss	: 1.3929
Src_cls_loss	: 0.2087
coral_loss	: 0.0004
-------------------------------------
[Epoch : 30/40]
Total_loss	: 1.3781
Src_cls_loss	: 0.2065
coral_loss	: 0.0004
-------------------------------------
[Epoch : 31/40]
Total_loss	: 1.3635
Src_cls_loss	: 0.2043
coral_loss	: 0.0004
-------------------------------------
[Epoch : 32/40]
Total_loss	: 1.3497
Src_cls_loss	: 0.2022
coral_loss	: 0.0004
-------------------------------------
[Epoch : 33/40]
Total_loss	: 1.3343
Src_cls_loss	: 0.1999
coral_loss	: 0.0004
-------------------------------------
[Epoch : 34/40]
Total_loss	: 1.3206
Src_cls_loss	: 0.1978
coral_loss	: 0.0004
-------------------------------------
[Epoch : 35/40]
Total_loss	: 1.3072
Src_cls_loss	: 0.1958
coral_loss	: 0.0004
-------------------------------------
[Epoch : 36/40]
Total_loss	: 1.2953
Src_cls_loss	: 0.1940
coral_loss	: 0.0004
-------------------------------------
[Epoch : 37/40]
Total_loss	: 1.2828
Src_cls_loss	: 0.1922
coral_loss	: 0.0004
-------------------------------------
[Epoch : 38/40]
Total_loss	: 1.2714
Src_cls_loss	: 0.1905
coral_loss	: 0.0004
-------------------------------------
[Epoch : 39/40]
Total_loss	: 1.2604
Src_cls_loss	: 0.1888
coral_loss	: 0.0004
-------------------------------------
[Epoch : 40/40]
Total_loss	: 1.2500
Src_cls_loss	: 0.1873
coral_loss	: 0.0004
-------------------------------------
