=============================================
Dataset: pamap_mobiact
Method:  NO_ADAPT
=============================================
Source: syn_36 ---> Target: dp_36
Run ID: 0
=============================================
[Epoch : 1/40]
Src_cls_loss	: 0.6169
-------------------------------------
[Epoch : 2/40]
Src_cls_loss	: 0.4532
-------------------------------------
[Epoch : 3/40]
Src_cls_loss	: 0.3535
-------------------------------------
[Epoch : 4/40]
Src_cls_loss	: 0.2914
-------------------------------------
[Epoch : 5/40]
Src_cls_loss	: 0.2498
-------------------------------------
[Epoch : 6/40]
Src_cls_loss	: 0.2205
-------------------------------------
[Epoch : 7/40]
Src_cls_loss	: 0.1979
-------------------------------------
[Epoch : 8/40]
Src_cls_loss	: 0.1798
-------------------------------------
[Epoch : 9/40]
Src_cls_loss	: 0.1651
-------------------------------------
[Epoch : 10/40]
Src_cls_loss	: 0.1506
-------------------------------------
[Epoch : 11/40]
Src_cls_loss	: 0.1395
-------------------------------------
[Epoch : 12/40]
Src_cls_loss	: 0.1296
-------------------------------------
[Epoch : 13/40]
Src_cls_loss	: 0.1213
-------------------------------------
[Epoch : 14/40]
Src_cls_loss	: 0.1143
-------------------------------------
[Epoch : 15/40]
Src_cls_loss	: 0.1081
-------------------------------------
[Epoch : 16/40]
Src_cls_loss	: 0.1038
-------------------------------------
[Epoch : 17/40]
Src_cls_loss	: 0.0989
-------------------------------------
[Epoch : 18/40]
Src_cls_loss	: 0.0946
-------------------------------------
[Epoch : 19/40]
Src_cls_loss	: 0.0903
-------------------------------------
[Epoch : 20/40]
Src_cls_loss	: 0.0874
-------------------------------------
[Epoch : 21/40]
Src_cls_loss	: 0.0847
-------------------------------------
[Epoch : 22/40]
Src_cls_loss	: 0.0816
-------------------------------------
[Epoch : 23/40]
Src_cls_loss	: 0.0784
-------------------------------------
[Epoch : 24/40]
Src_cls_loss	: 0.0754
-------------------------------------
[Epoch : 25/40]
Src_cls_loss	: 0.0728
-------------------------------------
[Epoch : 26/40]
Src_cls_loss	: 0.0704
-------------------------------------
[Epoch : 27/40]
Src_cls_loss	: 0.0681
-------------------------------------
[Epoch : 28/40]
Src_cls_loss	: 0.0661
-------------------------------------
[Epoch : 29/40]
Src_cls_loss	: 0.0639
-------------------------------------
[Epoch : 30/40]
Src_cls_loss	: 0.0620
-------------------------------------
[Epoch : 31/40]
Src_cls_loss	: 0.0601
-------------------------------------
[Epoch : 32/40]
Src_cls_loss	: 0.0587
-------------------------------------
[Epoch : 33/40]
Src_cls_loss	: 0.0572
-------------------------------------
[Epoch : 34/40]
Src_cls_loss	: 0.0556
-------------------------------------
[Epoch : 35/40]
Src_cls_loss	: 0.0541
-------------------------------------
[Epoch : 36/40]
Src_cls_loss	: 0.0528
-------------------------------------
[Epoch : 37/40]
Src_cls_loss	: 0.0516
-------------------------------------
[Epoch : 38/40]
Src_cls_loss	: 0.0505
-------------------------------------
[Epoch : 39/40]
Src_cls_loss	: 0.0493
-------------------------------------
[Epoch : 40/40]
Src_cls_loss	: 0.0482
-------------------------------------
