=============================================
Dataset: pamap_mobiact
Method:  SYN
=============================================
Source: syn_wal_36 ---> Target: dp_wal_36
Run ID: 2
=============================================
[Epoch : 1/40]
Src_cls_loss	: 0.6521
-------------------------------------
[Epoch : 2/40]
Src_cls_loss	: 0.4525
-------------------------------------
[Epoch : 3/40]
Src_cls_loss	: 0.3448
-------------------------------------
[Epoch : 4/40]
Src_cls_loss	: 0.2823
-------------------------------------
[Epoch : 5/40]
Src_cls_loss	: 0.2421
-------------------------------------
[Epoch : 6/40]
Src_cls_loss	: 0.2098
-------------------------------------
[Epoch : 7/40]
Src_cls_loss	: 0.1857
-------------------------------------
[Epoch : 8/40]
Src_cls_loss	: 0.1677
-------------------------------------
[Epoch : 9/40]
Src_cls_loss	: 0.1517
-------------------------------------
[Epoch : 10/40]
Src_cls_loss	: 0.1387
-------------------------------------
[Epoch : 11/40]
Src_cls_loss	: 0.1284
-------------------------------------
[Epoch : 12/40]
Src_cls_loss	: 0.1193
-------------------------------------
[Epoch : 13/40]
Src_cls_loss	: 0.1115
-------------------------------------
[Epoch : 14/40]
Src_cls_loss	: 0.1047
-------------------------------------
[Epoch : 15/40]
Src_cls_loss	: 0.0984
-------------------------------------
[Epoch : 16/40]
Src_cls_loss	: 0.0931
-------------------------------------
[Epoch : 17/40]
Src_cls_loss	: 0.0883
-------------------------------------
[Epoch : 18/40]
Src_cls_loss	: 0.0837
-------------------------------------
[Epoch : 19/40]
Src_cls_loss	: 0.0796
-------------------------------------
[Epoch : 20/40]
Src_cls_loss	: 0.0760
-------------------------------------
[Epoch : 21/40]
Src_cls_loss	: 0.0727
-------------------------------------
[Epoch : 22/40]
Src_cls_loss	: 0.0696
-------------------------------------
[Epoch : 23/40]
Src_cls_loss	: 0.0670
-------------------------------------
[Epoch : 24/40]
Src_cls_loss	: 0.0645
-------------------------------------
[Epoch : 25/40]
Src_cls_loss	: 0.0622
-------------------------------------
[Epoch : 26/40]
Src_cls_loss	: 0.0601
-------------------------------------
[Epoch : 27/40]
Src_cls_loss	: 0.0580
-------------------------------------
[Epoch : 28/40]
Src_cls_loss	: 0.0561
-------------------------------------
[Epoch : 29/40]
Src_cls_loss	: 0.0543
-------------------------------------
[Epoch : 30/40]
Src_cls_loss	: 0.0526
-------------------------------------
[Epoch : 31/40]
Src_cls_loss	: 0.0510
-------------------------------------
[Epoch : 32/40]
Src_cls_loss	: 0.0495
-------------------------------------
[Epoch : 33/40]
Src_cls_loss	: 0.0480
-------------------------------------
[Epoch : 34/40]
Src_cls_loss	: 0.0467
-------------------------------------
[Epoch : 35/40]
Src_cls_loss	: 0.0454
-------------------------------------
[Epoch : 36/40]
Src_cls_loss	: 0.0442
-------------------------------------
[Epoch : 37/40]
Src_cls_loss	: 0.0431
-------------------------------------
[Epoch : 38/40]
Src_cls_loss	: 0.0420
-------------------------------------
[Epoch : 39/40]
Src_cls_loss	: 0.0410
-------------------------------------
[Epoch : 40/40]
Src_cls_loss	: 0.0400
-------------------------------------
