=============================================
Dataset: realworld_pamap
Method:  NO_ADAPT
=============================================
Source: syn_15 ---> Target: dp_15
Run ID: 3
=============================================
[Epoch : 1/40]
Src_cls_loss	: 0.7028
-------------------------------------
[Epoch : 2/40]
Src_cls_loss	: 0.4929
-------------------------------------
[Epoch : 3/40]
Src_cls_loss	: 0.3843
-------------------------------------
[Epoch : 4/40]
Src_cls_loss	: 0.3140
-------------------------------------
[Epoch : 5/40]
Src_cls_loss	: 0.2643
-------------------------------------
[Epoch : 6/40]
Src_cls_loss	: 0.2292
-------------------------------------
[Epoch : 7/40]
Src_cls_loss	: 0.2027
-------------------------------------
[Epoch : 8/40]
Src_cls_loss	: 0.1833
-------------------------------------
[Epoch : 9/40]
Src_cls_loss	: 0.1668
-------------------------------------
[Epoch : 10/40]
Src_cls_loss	: 0.1538
-------------------------------------
[Epoch : 11/40]
Src_cls_loss	: 0.1424
-------------------------------------
[Epoch : 12/40]
Src_cls_loss	: 0.1325
-------------------------------------
[Epoch : 13/40]
Src_cls_loss	: 0.1252
-------------------------------------
[Epoch : 14/40]
Src_cls_loss	: 0.1182
-------------------------------------
[Epoch : 15/40]
Src_cls_loss	: 0.1117
-------------------------------------
[Epoch : 16/40]
Src_cls_loss	: 0.1064
-------------------------------------
[Epoch : 17/40]
Src_cls_loss	: 0.1017
-------------------------------------
[Epoch : 18/40]
Src_cls_loss	: 0.0972
-------------------------------------
[Epoch : 19/40]
Src_cls_loss	: 0.0934
-------------------------------------
[Epoch : 20/40]
Src_cls_loss	: 0.0897
-------------------------------------
[Epoch : 21/40]
Src_cls_loss	: 0.0864
-------------------------------------
[Epoch : 22/40]
Src_cls_loss	: 0.0832
-------------------------------------
[Epoch : 23/40]
Src_cls_loss	: 0.0804
-------------------------------------
[Epoch : 24/40]
Src_cls_loss	: 0.0778
-------------------------------------
[Epoch : 25/40]
Src_cls_loss	: 0.0753
-------------------------------------
[Epoch : 26/40]
Src_cls_loss	: 0.0728
-------------------------------------
[Epoch : 27/40]
Src_cls_loss	: 0.0705
-------------------------------------
[Epoch : 28/40]
Src_cls_loss	: 0.0684
-------------------------------------
[Epoch : 29/40]
Src_cls_loss	: 0.0666
-------------------------------------
[Epoch : 30/40]
Src_cls_loss	: 0.0649
-------------------------------------
[Epoch : 31/40]
Src_cls_loss	: 0.0632
-------------------------------------
[Epoch : 32/40]
Src_cls_loss	: 0.0616
-------------------------------------
[Epoch : 33/40]
Src_cls_loss	: 0.0608
-------------------------------------
[Epoch : 34/40]
Src_cls_loss	: 0.0595
-------------------------------------
[Epoch : 35/40]
Src_cls_loss	: 0.0582
-------------------------------------
[Epoch : 36/40]
Src_cls_loss	: 0.0568
-------------------------------------
[Epoch : 37/40]
Src_cls_loss	: 0.0555
-------------------------------------
[Epoch : 38/40]
Src_cls_loss	: 0.0543
-------------------------------------
[Epoch : 39/40]
Src_cls_loss	: 0.0531
-------------------------------------
[Epoch : 40/40]
Src_cls_loss	: 0.0520
-------------------------------------
