=============================================
Dataset: realworld_mobiact
Method:  NO_ADAPT
=============================================
Source: syn_48 ---> Target: dp_48
Run ID: 6
=============================================
[Epoch : 1/40]
Src_cls_loss	: 0.8578
-------------------------------------
[Epoch : 2/40]
Src_cls_loss	: 0.6568
-------------------------------------
[Epoch : 3/40]
Src_cls_loss	: 0.5274
-------------------------------------
[Epoch : 4/40]
Src_cls_loss	: 0.4334
-------------------------------------
[Epoch : 5/40]
Src_cls_loss	: 0.3674
-------------------------------------
[Epoch : 6/40]
Src_cls_loss	: 0.3205
-------------------------------------
[Epoch : 7/40]
Src_cls_loss	: 0.2850
-------------------------------------
[Epoch : 8/40]
Src_cls_loss	: 0.2568
-------------------------------------
[Epoch : 9/40]
Src_cls_loss	: 0.2345
-------------------------------------
[Epoch : 10/40]
Src_cls_loss	: 0.2154
-------------------------------------
[Epoch : 11/40]
Src_cls_loss	: 0.1981
-------------------------------------
[Epoch : 12/40]
Src_cls_loss	: 0.1839
-------------------------------------
[Epoch : 13/40]
Src_cls_loss	: 0.1716
-------------------------------------
[Epoch : 14/40]
Src_cls_loss	: 0.1609
-------------------------------------
[Epoch : 15/40]
Src_cls_loss	: 0.1510
-------------------------------------
[Epoch : 16/40]
Src_cls_loss	: 0.1427
-------------------------------------
[Epoch : 17/40]
Src_cls_loss	: 0.1352
-------------------------------------
[Epoch : 18/40]
Src_cls_loss	: 0.1283
-------------------------------------
[Epoch : 19/40]
Src_cls_loss	: 0.1221
-------------------------------------
[Epoch : 20/40]
Src_cls_loss	: 0.1168
-------------------------------------
[Epoch : 21/40]
Src_cls_loss	: 0.1124
-------------------------------------
[Epoch : 22/40]
Src_cls_loss	: 0.1079
-------------------------------------
[Epoch : 23/40]
Src_cls_loss	: 0.1037
-------------------------------------
[Epoch : 24/40]
Src_cls_loss	: 0.0998
-------------------------------------
[Epoch : 25/40]
Src_cls_loss	: 0.0961
-------------------------------------
[Epoch : 26/40]
Src_cls_loss	: 0.0926
-------------------------------------
[Epoch : 27/40]
Src_cls_loss	: 0.0895
-------------------------------------
[Epoch : 28/40]
Src_cls_loss	: 0.0867
-------------------------------------
[Epoch : 29/40]
Src_cls_loss	: 0.0839
-------------------------------------
[Epoch : 30/40]
Src_cls_loss	: 0.0813
-------------------------------------
[Epoch : 31/40]
Src_cls_loss	: 0.0790
-------------------------------------
[Epoch : 32/40]
Src_cls_loss	: 0.0768
-------------------------------------
[Epoch : 33/40]
Src_cls_loss	: 0.0746
-------------------------------------
[Epoch : 34/40]
Src_cls_loss	: 0.0726
-------------------------------------
[Epoch : 35/40]
Src_cls_loss	: 0.0706
-------------------------------------
[Epoch : 36/40]
Src_cls_loss	: 0.0687
-------------------------------------
[Epoch : 37/40]
Src_cls_loss	: 0.0670
-------------------------------------
[Epoch : 38/40]
Src_cls_loss	: 0.0654
-------------------------------------
[Epoch : 39/40]
Src_cls_loss	: 0.0639
-------------------------------------
[Epoch : 40/40]
Src_cls_loss	: 0.0624
-------------------------------------
