=============================================
Dataset: pamap_realworld
Method:  Deep_Coral
=============================================
Source: df ---> Target: dp_14
Run ID: 0
=============================================
[Epoch : 1/40]
Total_loss	: 4.4045
Src_cls_loss	: 0.6609
coral_loss	: 0.0002
-------------------------------------
[Epoch : 2/40]
Total_loss	: 3.8897
Src_cls_loss	: 0.5836
coral_loss	: 0.0002
-------------------------------------
[Epoch : 3/40]
Total_loss	: 3.4410
Src_cls_loss	: 0.5162
coral_loss	: 0.0002
-------------------------------------
[Epoch : 4/40]
Total_loss	: 3.2016
Src_cls_loss	: 0.4802
coral_loss	: 0.0003
-------------------------------------
[Epoch : 5/40]
Total_loss	: 2.9593
Src_cls_loss	: 0.4439
coral_loss	: 0.0003
-------------------------------------
[Epoch : 6/40]
Total_loss	: 2.7511
Src_cls_loss	: 0.4126
coral_loss	: 0.0003
-------------------------------------
[Epoch : 7/40]
Total_loss	: 2.5568
Src_cls_loss	: 0.3834
coral_loss	: 0.0003
-------------------------------------
[Epoch : 8/40]
Total_loss	: 2.4144
Src_cls_loss	: 0.3620
coral_loss	: 0.0003
-------------------------------------
[Epoch : 9/40]
Total_loss	: 2.2886
Src_cls_loss	: 0.3432
coral_loss	: 0.0003
-------------------------------------
[Epoch : 10/40]
Total_loss	: 2.1726
Src_cls_loss	: 0.3258
coral_loss	: 0.0003
-------------------------------------
[Epoch : 11/40]
Total_loss	: 2.1018
Src_cls_loss	: 0.3151
coral_loss	: 0.0003
-------------------------------------
[Epoch : 12/40]
Total_loss	: 2.0359
Src_cls_loss	: 0.3052
coral_loss	: 0.0003
-------------------------------------
[Epoch : 13/40]
Total_loss	: 1.9680
Src_cls_loss	: 0.2950
coral_loss	: 0.0003
-------------------------------------
[Epoch : 14/40]
Total_loss	: 1.8981
Src_cls_loss	: 0.2846
coral_loss	: 0.0003
-------------------------------------
[Epoch : 15/40]
Total_loss	: 1.8378
Src_cls_loss	: 0.2755
coral_loss	: 0.0003
-------------------------------------
[Epoch : 16/40]
Total_loss	: 1.7863
Src_cls_loss	: 0.2678
coral_loss	: 0.0003
-------------------------------------
[Epoch : 17/40]
Total_loss	: 1.7369
Src_cls_loss	: 0.2604
coral_loss	: 0.0003
-------------------------------------
[Epoch : 18/40]
Total_loss	: 1.6893
Src_cls_loss	: 0.2532
coral_loss	: 0.0003
-------------------------------------
[Epoch : 19/40]
Total_loss	: 1.6490
Src_cls_loss	: 0.2472
coral_loss	: 0.0003
-------------------------------------
[Epoch : 20/40]
Total_loss	: 1.6119
Src_cls_loss	: 0.2416
coral_loss	: 0.0003
-------------------------------------
[Epoch : 21/40]
Total_loss	: 1.5719
Src_cls_loss	: 0.2356
coral_loss	: 0.0003
-------------------------------------
[Epoch : 22/40]
Total_loss	: 1.5375
Src_cls_loss	: 0.2304
coral_loss	: 0.0003
-------------------------------------
[Epoch : 23/40]
Total_loss	: 1.5063
Src_cls_loss	: 0.2257
coral_loss	: 0.0003
-------------------------------------
[Epoch : 24/40]
Total_loss	: 1.4729
Src_cls_loss	: 0.2207
coral_loss	: 0.0003
-------------------------------------
[Epoch : 25/40]
Total_loss	: 1.4461
Src_cls_loss	: 0.2167
coral_loss	: 0.0003
-------------------------------------
[Epoch : 26/40]
Total_loss	: 1.4156
Src_cls_loss	: 0.2121
coral_loss	: 0.0003
-------------------------------------
[Epoch : 27/40]
Total_loss	: 1.3959
Src_cls_loss	: 0.2092
coral_loss	: 0.0003
-------------------------------------
[Epoch : 28/40]
Total_loss	: 1.3713
Src_cls_loss	: 0.2055
coral_loss	: 0.0003
-------------------------------------
[Epoch : 29/40]
Total_loss	: 1.3476
Src_cls_loss	: 0.2019
coral_loss	: 0.0003
-------------------------------------
[Epoch : 30/40]
Total_loss	: 1.3296
Src_cls_loss	: 0.1992
coral_loss	: 0.0003
-------------------------------------
[Epoch : 31/40]
Total_loss	: 1.3140
Src_cls_loss	: 0.1969
coral_loss	: 0.0003
-------------------------------------
[Epoch : 32/40]
Total_loss	: 1.2951
Src_cls_loss	: 0.1941
coral_loss	: 0.0003
-------------------------------------
[Epoch : 33/40]
Total_loss	: 1.2780
Src_cls_loss	: 0.1915
coral_loss	: 0.0003
-------------------------------------
[Epoch : 34/40]
Total_loss	: 1.2552
Src_cls_loss	: 0.1881
coral_loss	: 0.0003
-------------------------------------
[Epoch : 35/40]
Total_loss	: 1.2387
Src_cls_loss	: 0.1856
coral_loss	: 0.0003
-------------------------------------
[Epoch : 36/40]
Total_loss	: 1.2231
Src_cls_loss	: 0.1833
coral_loss	: 0.0003
-------------------------------------
[Epoch : 37/40]
Total_loss	: 1.2096
Src_cls_loss	: 0.1812
coral_loss	: 0.0003
-------------------------------------
[Epoch : 38/40]
Total_loss	: 1.1959
Src_cls_loss	: 0.1792
coral_loss	: 0.0003
-------------------------------------
[Epoch : 39/40]
Total_loss	: 1.1807
Src_cls_loss	: 0.1769
coral_loss	: 0.0003
-------------------------------------
[Epoch : 40/40]
Total_loss	: 1.1669
Src_cls_loss	: 0.1748
coral_loss	: 0.0003
-------------------------------------
