=============================================
Dataset: pamap_realworld
Method:  SYN
=============================================
Source: syn_wal_16 ---> Target: dp_wal_16
Run ID: 8
=============================================
[Epoch : 1/40]
Src_cls_loss	: 0.5444
-------------------------------------
[Epoch : 2/40]
Src_cls_loss	: 0.3908
-------------------------------------
[Epoch : 3/40]
Src_cls_loss	: 0.2989
-------------------------------------
[Epoch : 4/40]
Src_cls_loss	: 0.2383
-------------------------------------
[Epoch : 5/40]
Src_cls_loss	: 0.1987
-------------------------------------
[Epoch : 6/40]
Src_cls_loss	: 0.1705
-------------------------------------
[Epoch : 7/40]
Src_cls_loss	: 0.1496
-------------------------------------
[Epoch : 8/40]
Src_cls_loss	: 0.1328
-------------------------------------
[Epoch : 9/40]
Src_cls_loss	: 0.1194
-------------------------------------
[Epoch : 10/40]
Src_cls_loss	: 0.1086
-------------------------------------
[Epoch : 11/40]
Src_cls_loss	: 0.1000
-------------------------------------
[Epoch : 12/40]
Src_cls_loss	: 0.0929
-------------------------------------
[Epoch : 13/40]
Src_cls_loss	: 0.0867
-------------------------------------
[Epoch : 14/40]
Src_cls_loss	: 0.0810
-------------------------------------
[Epoch : 15/40]
Src_cls_loss	: 0.0759
-------------------------------------
[Epoch : 16/40]
Src_cls_loss	: 0.0718
-------------------------------------
[Epoch : 17/40]
Src_cls_loss	: 0.0682
-------------------------------------
[Epoch : 18/40]
Src_cls_loss	: 0.0649
-------------------------------------
[Epoch : 19/40]
Src_cls_loss	: 0.0619
-------------------------------------
[Epoch : 20/40]
Src_cls_loss	: 0.0590
-------------------------------------
[Epoch : 21/40]
Src_cls_loss	: 0.0564
-------------------------------------
[Epoch : 22/40]
Src_cls_loss	: 0.0540
-------------------------------------
[Epoch : 23/40]
Src_cls_loss	: 0.0518
-------------------------------------
[Epoch : 24/40]
Src_cls_loss	: 0.0498
-------------------------------------
[Epoch : 25/40]
Src_cls_loss	: 0.0481
-------------------------------------
[Epoch : 26/40]
Src_cls_loss	: 0.0465
-------------------------------------
[Epoch : 27/40]
Src_cls_loss	: 0.0448
-------------------------------------
[Epoch : 28/40]
Src_cls_loss	: 0.0433
-------------------------------------
[Epoch : 29/40]
Src_cls_loss	: 0.0419
-------------------------------------
[Epoch : 30/40]
Src_cls_loss	: 0.0406
-------------------------------------
[Epoch : 31/40]
Src_cls_loss	: 0.0395
-------------------------------------
[Epoch : 32/40]
Src_cls_loss	: 0.0385
-------------------------------------
[Epoch : 33/40]
Src_cls_loss	: 0.0374
-------------------------------------
[Epoch : 34/40]
Src_cls_loss	: 0.0363
-------------------------------------
[Epoch : 35/40]
Src_cls_loss	: 0.0353
-------------------------------------
[Epoch : 36/40]
Src_cls_loss	: 0.0344
-------------------------------------
[Epoch : 37/40]
Src_cls_loss	: 0.0335
-------------------------------------
[Epoch : 38/40]
Src_cls_loss	: 0.0327
-------------------------------------
[Epoch : 39/40]
Src_cls_loss	: 0.0319
-------------------------------------
[Epoch : 40/40]
Src_cls_loss	: 0.0311
-------------------------------------
