=============================================
Dataset: realworld_mobiact
Method:  Deep_Coral
=============================================
Source: df ---> Target: dp_51
Run ID: 0
=============================================
[Epoch : 1/40]
Total_loss	: 2.4514
Src_cls_loss	: 0.3674
coral_loss	: 0.0005
-------------------------------------
[Epoch : 2/40]
Total_loss	: 2.0023
Src_cls_loss	: 0.3000
coral_loss	: 0.0005
-------------------------------------
[Epoch : 3/40]
Total_loss	: 1.7609
Src_cls_loss	: 0.2638
coral_loss	: 0.0005
-------------------------------------
[Epoch : 4/40]
Total_loss	: 1.6049
Src_cls_loss	: 0.2404
coral_loss	: 0.0005
-------------------------------------
[Epoch : 5/40]
Total_loss	: 1.4928
Src_cls_loss	: 0.2236
coral_loss	: 0.0004
-------------------------------------
[Epoch : 6/40]
Total_loss	: 1.4105
Src_cls_loss	: 0.2113
coral_loss	: 0.0004
-------------------------------------
[Epoch : 7/40]
Total_loss	: 1.3456
Src_cls_loss	: 0.2015
coral_loss	: 0.0004
-------------------------------------
[Epoch : 8/40]
Total_loss	: 1.2862
Src_cls_loss	: 0.1926
coral_loss	: 0.0004
-------------------------------------
[Epoch : 9/40]
Total_loss	: 1.2286
Src_cls_loss	: 0.1840
coral_loss	: 0.0004
-------------------------------------
[Epoch : 10/40]
Total_loss	: 1.1810
Src_cls_loss	: 0.1769
coral_loss	: 0.0004
-------------------------------------
[Epoch : 11/40]
Total_loss	: 1.1376
Src_cls_loss	: 0.1704
coral_loss	: 0.0004
-------------------------------------
[Epoch : 12/40]
Total_loss	: 1.0981
Src_cls_loss	: 0.1645
coral_loss	: 0.0004
-------------------------------------
[Epoch : 13/40]
Total_loss	: 1.0627
Src_cls_loss	: 0.1591
coral_loss	: 0.0004
-------------------------------------
[Epoch : 14/40]
Total_loss	: 1.0305
Src_cls_loss	: 0.1543
coral_loss	: 0.0003
-------------------------------------
[Epoch : 15/40]
Total_loss	: 1.0006
Src_cls_loss	: 0.1498
coral_loss	: 0.0003
-------------------------------------
[Epoch : 16/40]
Total_loss	: 0.9721
Src_cls_loss	: 0.1456
coral_loss	: 0.0003
-------------------------------------
[Epoch : 17/40]
Total_loss	: 0.9454
Src_cls_loss	: 0.1416
coral_loss	: 0.0003
-------------------------------------
[Epoch : 18/40]
Total_loss	: 0.9218
Src_cls_loss	: 0.1380
coral_loss	: 0.0003
-------------------------------------
[Epoch : 19/40]
Total_loss	: 0.8976
Src_cls_loss	: 0.1344
coral_loss	: 0.0003
-------------------------------------
[Epoch : 20/40]
Total_loss	: 0.8753
Src_cls_loss	: 0.1311
coral_loss	: 0.0003
-------------------------------------
[Epoch : 21/40]
Total_loss	: 0.8536
Src_cls_loss	: 0.1278
coral_loss	: 0.0003
-------------------------------------
[Epoch : 22/40]
Total_loss	: 0.8331
Src_cls_loss	: 0.1247
coral_loss	: 0.0003
-------------------------------------
[Epoch : 23/40]
Total_loss	: 0.8139
Src_cls_loss	: 0.1219
coral_loss	: 0.0003
-------------------------------------
[Epoch : 24/40]
Total_loss	: 0.7951
Src_cls_loss	: 0.1190
coral_loss	: 0.0003
-------------------------------------
[Epoch : 25/40]
Total_loss	: 0.7773
Src_cls_loss	: 0.1164
coral_loss	: 0.0003
-------------------------------------
[Epoch : 26/40]
Total_loss	: 0.7596
Src_cls_loss	: 0.1137
coral_loss	: 0.0003
-------------------------------------
[Epoch : 27/40]
Total_loss	: 0.7432
Src_cls_loss	: 0.1113
coral_loss	: 0.0003
-------------------------------------
[Epoch : 28/40]
Total_loss	: 0.7280
Src_cls_loss	: 0.1090
coral_loss	: 0.0003
-------------------------------------
[Epoch : 29/40]
Total_loss	: 0.7127
Src_cls_loss	: 0.1067
coral_loss	: 0.0003
-------------------------------------
[Epoch : 30/40]
Total_loss	: 0.6988
Src_cls_loss	: 0.1046
coral_loss	: 0.0003
-------------------------------------
[Epoch : 31/40]
Total_loss	: 0.6843
Src_cls_loss	: 0.1024
coral_loss	: 0.0003
-------------------------------------
[Epoch : 32/40]
Total_loss	: 0.6702
Src_cls_loss	: 0.1003
coral_loss	: 0.0003
-------------------------------------
[Epoch : 33/40]
Total_loss	: 0.6572
Src_cls_loss	: 0.0984
coral_loss	: 0.0003
-------------------------------------
[Epoch : 34/40]
Total_loss	: 0.6454
Src_cls_loss	: 0.0966
coral_loss	: 0.0003
-------------------------------------
[Epoch : 35/40]
Total_loss	: 0.6328
Src_cls_loss	: 0.0947
coral_loss	: 0.0003
-------------------------------------
[Epoch : 36/40]
Total_loss	: 0.6217
Src_cls_loss	: 0.0931
coral_loss	: 0.0003
-------------------------------------
[Epoch : 37/40]
Total_loss	: 0.6100
Src_cls_loss	: 0.0913
coral_loss	: 0.0003
-------------------------------------
[Epoch : 38/40]
Total_loss	: 0.5988
Src_cls_loss	: 0.0896
coral_loss	: 0.0003
-------------------------------------
[Epoch : 39/40]
Total_loss	: 0.5885
Src_cls_loss	: 0.0881
coral_loss	: 0.0003
-------------------------------------
[Epoch : 40/40]
Total_loss	: 0.5786
Src_cls_loss	: 0.0866
coral_loss	: 0.0003
-------------------------------------
