=============================================
Dataset: pamap_mobiact
Method:  SYN
=============================================
Source: syn_wal_44 ---> Target: dp_wal_44
Run ID: 4
=============================================
[Epoch : 1/40]
Src_cls_loss	: 0.6453
-------------------------------------
[Epoch : 2/40]
Src_cls_loss	: 0.4777
-------------------------------------
[Epoch : 3/40]
Src_cls_loss	: 0.3922
-------------------------------------
[Epoch : 4/40]
Src_cls_loss	: 0.3341
-------------------------------------
[Epoch : 5/40]
Src_cls_loss	: 0.2859
-------------------------------------
[Epoch : 6/40]
Src_cls_loss	: 0.2491
-------------------------------------
[Epoch : 7/40]
Src_cls_loss	: 0.2206
-------------------------------------
[Epoch : 8/40]
Src_cls_loss	: 0.1996
-------------------------------------
[Epoch : 9/40]
Src_cls_loss	: 0.1811
-------------------------------------
[Epoch : 10/40]
Src_cls_loss	: 0.1652
-------------------------------------
[Epoch : 11/40]
Src_cls_loss	: 0.1532
-------------------------------------
[Epoch : 12/40]
Src_cls_loss	: 0.1421
-------------------------------------
[Epoch : 13/40]
Src_cls_loss	: 0.1323
-------------------------------------
[Epoch : 14/40]
Src_cls_loss	: 0.1237
-------------------------------------
[Epoch : 15/40]
Src_cls_loss	: 0.1169
-------------------------------------
[Epoch : 16/40]
Src_cls_loss	: 0.1111
-------------------------------------
[Epoch : 17/40]
Src_cls_loss	: 0.1054
-------------------------------------
[Epoch : 18/40]
Src_cls_loss	: 0.1001
-------------------------------------
[Epoch : 19/40]
Src_cls_loss	: 0.0955
-------------------------------------
[Epoch : 20/40]
Src_cls_loss	: 0.0912
-------------------------------------
[Epoch : 21/40]
Src_cls_loss	: 0.0871
-------------------------------------
[Epoch : 22/40]
Src_cls_loss	: 0.0835
-------------------------------------
[Epoch : 23/40]
Src_cls_loss	: 0.0802
-------------------------------------
[Epoch : 24/40]
Src_cls_loss	: 0.0772
-------------------------------------
[Epoch : 25/40]
Src_cls_loss	: 0.0745
-------------------------------------
[Epoch : 26/40]
Src_cls_loss	: 0.0718
-------------------------------------
[Epoch : 27/40]
Src_cls_loss	: 0.0694
-------------------------------------
[Epoch : 28/40]
Src_cls_loss	: 0.0674
-------------------------------------
[Epoch : 29/40]
Src_cls_loss	: 0.0655
-------------------------------------
[Epoch : 30/40]
Src_cls_loss	: 0.0637
-------------------------------------
[Epoch : 31/40]
Src_cls_loss	: 0.0618
-------------------------------------
[Epoch : 32/40]
Src_cls_loss	: 0.0600
-------------------------------------
[Epoch : 33/40]
Src_cls_loss	: 0.0584
-------------------------------------
[Epoch : 34/40]
Src_cls_loss	: 0.0567
-------------------------------------
[Epoch : 35/40]
Src_cls_loss	: 0.0552
-------------------------------------
[Epoch : 36/40]
Src_cls_loss	: 0.0538
-------------------------------------
[Epoch : 37/40]
Src_cls_loss	: 0.0524
-------------------------------------
[Epoch : 38/40]
Src_cls_loss	: 0.0512
-------------------------------------
[Epoch : 39/40]
Src_cls_loss	: 0.0499
-------------------------------------
[Epoch : 40/40]
Src_cls_loss	: 0.0487
-------------------------------------
