=============================================
Dataset: pamap_mobiact
Method:  SYN
=============================================
Source: syn_wal_36 ---> Target: dp_wal_36
Run ID: 5
=============================================
[Epoch : 1/40]
Src_cls_loss	: 0.6218
-------------------------------------
[Epoch : 2/40]
Src_cls_loss	: 0.4228
-------------------------------------
[Epoch : 3/40]
Src_cls_loss	: 0.3226
-------------------------------------
[Epoch : 4/40]
Src_cls_loss	: 0.2627
-------------------------------------
[Epoch : 5/40]
Src_cls_loss	: 0.2217
-------------------------------------
[Epoch : 6/40]
Src_cls_loss	: 0.1921
-------------------------------------
[Epoch : 7/40]
Src_cls_loss	: 0.1702
-------------------------------------
[Epoch : 8/40]
Src_cls_loss	: 0.1530
-------------------------------------
[Epoch : 9/40]
Src_cls_loss	: 0.1388
-------------------------------------
[Epoch : 10/40]
Src_cls_loss	: 0.1272
-------------------------------------
[Epoch : 11/40]
Src_cls_loss	: 0.1175
-------------------------------------
[Epoch : 12/40]
Src_cls_loss	: 0.1095
-------------------------------------
[Epoch : 13/40]
Src_cls_loss	: 0.1035
-------------------------------------
[Epoch : 14/40]
Src_cls_loss	: 0.0970
-------------------------------------
[Epoch : 15/40]
Src_cls_loss	: 0.0913
-------------------------------------
[Epoch : 16/40]
Src_cls_loss	: 0.0866
-------------------------------------
[Epoch : 17/40]
Src_cls_loss	: 0.0821
-------------------------------------
[Epoch : 18/40]
Src_cls_loss	: 0.0782
-------------------------------------
[Epoch : 19/40]
Src_cls_loss	: 0.0755
-------------------------------------
[Epoch : 20/40]
Src_cls_loss	: 0.0725
-------------------------------------
[Epoch : 21/40]
Src_cls_loss	: 0.0694
-------------------------------------
[Epoch : 22/40]
Src_cls_loss	: 0.0664
-------------------------------------
[Epoch : 23/40]
Src_cls_loss	: 0.0637
-------------------------------------
[Epoch : 24/40]
Src_cls_loss	: 0.0613
-------------------------------------
[Epoch : 25/40]
Src_cls_loss	: 0.0590
-------------------------------------
[Epoch : 26/40]
Src_cls_loss	: 0.0569
-------------------------------------
[Epoch : 27/40]
Src_cls_loss	: 0.0548
-------------------------------------
[Epoch : 28/40]
Src_cls_loss	: 0.0530
-------------------------------------
[Epoch : 29/40]
Src_cls_loss	: 0.0513
-------------------------------------
[Epoch : 30/40]
Src_cls_loss	: 0.0497
-------------------------------------
[Epoch : 31/40]
Src_cls_loss	: 0.0482
-------------------------------------
[Epoch : 32/40]
Src_cls_loss	: 0.0468
-------------------------------------
[Epoch : 33/40]
Src_cls_loss	: 0.0454
-------------------------------------
[Epoch : 34/40]
Src_cls_loss	: 0.0442
-------------------------------------
[Epoch : 35/40]
Src_cls_loss	: 0.0430
-------------------------------------
[Epoch : 36/40]
Src_cls_loss	: 0.0419
-------------------------------------
[Epoch : 37/40]
Src_cls_loss	: 0.0409
-------------------------------------
[Epoch : 38/40]
Src_cls_loss	: 0.0399
-------------------------------------
[Epoch : 39/40]
Src_cls_loss	: 0.0389
-------------------------------------
[Epoch : 40/40]
Src_cls_loss	: 0.0380
-------------------------------------
