=============================================
Dataset: pamap_mobiact
Method:  NO_ADAPT
=============================================
Source: syn_20 ---> Target: dp_20
Run ID: 5
=============================================
[Epoch : 1/40]
Src_cls_loss	: 0.5207
-------------------------------------
[Epoch : 2/40]
Src_cls_loss	: 0.3593
-------------------------------------
[Epoch : 3/40]
Src_cls_loss	: 0.2825
-------------------------------------
[Epoch : 4/40]
Src_cls_loss	: 0.2377
-------------------------------------
[Epoch : 5/40]
Src_cls_loss	: 0.2037
-------------------------------------
[Epoch : 6/40]
Src_cls_loss	: 0.1797
-------------------------------------
[Epoch : 7/40]
Src_cls_loss	: 0.1595
-------------------------------------
[Epoch : 8/40]
Src_cls_loss	: 0.1444
-------------------------------------
[Epoch : 9/40]
Src_cls_loss	: 0.1316
-------------------------------------
[Epoch : 10/40]
Src_cls_loss	: 0.1208
-------------------------------------
[Epoch : 11/40]
Src_cls_loss	: 0.1140
-------------------------------------
[Epoch : 12/40]
Src_cls_loss	: 0.1069
-------------------------------------
[Epoch : 13/40]
Src_cls_loss	: 0.1010
-------------------------------------
[Epoch : 14/40]
Src_cls_loss	: 0.0950
-------------------------------------
[Epoch : 15/40]
Src_cls_loss	: 0.0896
-------------------------------------
[Epoch : 16/40]
Src_cls_loss	: 0.0850
-------------------------------------
[Epoch : 17/40]
Src_cls_loss	: 0.0808
-------------------------------------
[Epoch : 18/40]
Src_cls_loss	: 0.0768
-------------------------------------
[Epoch : 19/40]
Src_cls_loss	: 0.0732
-------------------------------------
[Epoch : 20/40]
Src_cls_loss	: 0.0701
-------------------------------------
[Epoch : 21/40]
Src_cls_loss	: 0.0677
-------------------------------------
[Epoch : 22/40]
Src_cls_loss	: 0.0650
-------------------------------------
[Epoch : 23/40]
Src_cls_loss	: 0.0627
-------------------------------------
[Epoch : 24/40]
Src_cls_loss	: 0.0606
-------------------------------------
[Epoch : 25/40]
Src_cls_loss	: 0.0584
-------------------------------------
[Epoch : 26/40]
Src_cls_loss	: 0.0564
-------------------------------------
[Epoch : 27/40]
Src_cls_loss	: 0.0545
-------------------------------------
[Epoch : 28/40]
Src_cls_loss	: 0.0529
-------------------------------------
[Epoch : 29/40]
Src_cls_loss	: 0.0513
-------------------------------------
[Epoch : 30/40]
Src_cls_loss	: 0.0497
-------------------------------------
[Epoch : 31/40]
Src_cls_loss	: 0.0486
-------------------------------------
[Epoch : 32/40]
Src_cls_loss	: 0.0472
-------------------------------------
[Epoch : 33/40]
Src_cls_loss	: 0.0461
-------------------------------------
[Epoch : 34/40]
Src_cls_loss	: 0.0450
-------------------------------------
[Epoch : 35/40]
Src_cls_loss	: 0.0439
-------------------------------------
[Epoch : 36/40]
Src_cls_loss	: 0.0435
-------------------------------------
[Epoch : 37/40]
Src_cls_loss	: 0.0426
-------------------------------------
[Epoch : 38/40]
Src_cls_loss	: 0.0417
-------------------------------------
[Epoch : 39/40]
Src_cls_loss	: 0.0407
-------------------------------------
[Epoch : 40/40]
Src_cls_loss	: 0.0398
-------------------------------------
