=============================================
Dataset: realworld_mobiact
Method:  NO_ADAPT
=============================================
Source: syn_65 ---> Target: dp_65
Run ID: 5
=============================================
[Epoch : 1/40]
Src_cls_loss	: 0.8837
-------------------------------------
[Epoch : 2/40]
Src_cls_loss	: 0.7830
-------------------------------------
[Epoch : 3/40]
Src_cls_loss	: 0.6843
-------------------------------------
[Epoch : 4/40]
Src_cls_loss	: 0.5950
-------------------------------------
[Epoch : 5/40]
Src_cls_loss	: 0.5180
-------------------------------------
[Epoch : 6/40]
Src_cls_loss	: 0.4581
-------------------------------------
[Epoch : 7/40]
Src_cls_loss	: 0.4145
-------------------------------------
[Epoch : 8/40]
Src_cls_loss	: 0.3759
-------------------------------------
[Epoch : 9/40]
Src_cls_loss	: 0.3457
-------------------------------------
[Epoch : 10/40]
Src_cls_loss	: 0.3211
-------------------------------------
[Epoch : 11/40]
Src_cls_loss	: 0.2997
-------------------------------------
[Epoch : 12/40]
Src_cls_loss	: 0.2790
-------------------------------------
[Epoch : 13/40]
Src_cls_loss	: 0.2617
-------------------------------------
[Epoch : 14/40]
Src_cls_loss	: 0.2458
-------------------------------------
[Epoch : 15/40]
Src_cls_loss	: 0.2319
-------------------------------------
[Epoch : 16/40]
Src_cls_loss	: 0.2192
-------------------------------------
[Epoch : 17/40]
Src_cls_loss	: 0.2081
-------------------------------------
[Epoch : 18/40]
Src_cls_loss	: 0.1982
-------------------------------------
[Epoch : 19/40]
Src_cls_loss	: 0.1911
-------------------------------------
[Epoch : 20/40]
Src_cls_loss	: 0.1849
-------------------------------------
[Epoch : 21/40]
Src_cls_loss	: 0.1785
-------------------------------------
[Epoch : 22/40]
Src_cls_loss	: 0.1716
-------------------------------------
[Epoch : 23/40]
Src_cls_loss	: 0.1653
-------------------------------------
[Epoch : 24/40]
Src_cls_loss	: 0.1594
-------------------------------------
[Epoch : 25/40]
Src_cls_loss	: 0.1539
-------------------------------------
[Epoch : 26/40]
Src_cls_loss	: 0.1489
-------------------------------------
[Epoch : 27/40]
Src_cls_loss	: 0.1446
-------------------------------------
[Epoch : 28/40]
Src_cls_loss	: 0.1407
-------------------------------------
[Epoch : 29/40]
Src_cls_loss	: 0.1368
-------------------------------------
[Epoch : 30/40]
Src_cls_loss	: 0.1329
-------------------------------------
[Epoch : 31/40]
Src_cls_loss	: 0.1292
-------------------------------------
[Epoch : 32/40]
Src_cls_loss	: 0.1265
-------------------------------------
[Epoch : 33/40]
Src_cls_loss	: 0.1234
-------------------------------------
[Epoch : 34/40]
Src_cls_loss	: 0.1205
-------------------------------------
[Epoch : 35/40]
Src_cls_loss	: 0.1174
-------------------------------------
[Epoch : 36/40]
Src_cls_loss	: 0.1147
-------------------------------------
[Epoch : 37/40]
Src_cls_loss	: 0.1119
-------------------------------------
[Epoch : 38/40]
Src_cls_loss	: 0.1093
-------------------------------------
[Epoch : 39/40]
Src_cls_loss	: 0.1075
-------------------------------------
[Epoch : 40/40]
Src_cls_loss	: 0.1056
-------------------------------------
