=============================================
Dataset: pamap_mobiact
Method:  NO_ADAPT
=============================================
Source: syn_39 ---> Target: dp_39
Run ID: 5
=============================================
[Epoch : 1/40]
Src_cls_loss	: 0.5342
-------------------------------------
[Epoch : 2/40]
Src_cls_loss	: 0.4065
-------------------------------------
[Epoch : 3/40]
Src_cls_loss	: 0.3329
-------------------------------------
[Epoch : 4/40]
Src_cls_loss	: 0.2861
-------------------------------------
[Epoch : 5/40]
Src_cls_loss	: 0.2520
-------------------------------------
[Epoch : 6/40]
Src_cls_loss	: 0.2234
-------------------------------------
[Epoch : 7/40]
Src_cls_loss	: 0.2019
-------------------------------------
[Epoch : 8/40]
Src_cls_loss	: 0.1831
-------------------------------------
[Epoch : 9/40]
Src_cls_loss	: 0.1671
-------------------------------------
[Epoch : 10/40]
Src_cls_loss	: 0.1544
-------------------------------------
[Epoch : 11/40]
Src_cls_loss	: 0.1426
-------------------------------------
[Epoch : 12/40]
Src_cls_loss	: 0.1336
-------------------------------------
[Epoch : 13/40]
Src_cls_loss	: 0.1261
-------------------------------------
[Epoch : 14/40]
Src_cls_loss	: 0.1190
-------------------------------------
[Epoch : 15/40]
Src_cls_loss	: 0.1119
-------------------------------------
[Epoch : 16/40]
Src_cls_loss	: 0.1065
-------------------------------------
[Epoch : 17/40]
Src_cls_loss	: 0.1012
-------------------------------------
[Epoch : 18/40]
Src_cls_loss	: 0.0964
-------------------------------------
[Epoch : 19/40]
Src_cls_loss	: 0.0918
-------------------------------------
[Epoch : 20/40]
Src_cls_loss	: 0.0880
-------------------------------------
[Epoch : 21/40]
Src_cls_loss	: 0.0844
-------------------------------------
[Epoch : 22/40]
Src_cls_loss	: 0.0814
-------------------------------------
[Epoch : 23/40]
Src_cls_loss	: 0.0785
-------------------------------------
[Epoch : 24/40]
Src_cls_loss	: 0.0761
-------------------------------------
[Epoch : 25/40]
Src_cls_loss	: 0.0736
-------------------------------------
[Epoch : 26/40]
Src_cls_loss	: 0.0726
-------------------------------------
[Epoch : 27/40]
Src_cls_loss	: 0.0707
-------------------------------------
[Epoch : 28/40]
Src_cls_loss	: 0.0689
-------------------------------------
[Epoch : 29/40]
Src_cls_loss	: 0.0670
-------------------------------------
[Epoch : 30/40]
Src_cls_loss	: 0.0651
-------------------------------------
[Epoch : 31/40]
Src_cls_loss	: 0.0631
-------------------------------------
[Epoch : 32/40]
Src_cls_loss	: 0.0613
-------------------------------------
[Epoch : 33/40]
Src_cls_loss	: 0.0598
-------------------------------------
[Epoch : 34/40]
Src_cls_loss	: 0.0582
-------------------------------------
[Epoch : 35/40]
Src_cls_loss	: 0.0568
-------------------------------------
[Epoch : 36/40]
Src_cls_loss	: 0.0554
-------------------------------------
[Epoch : 37/40]
Src_cls_loss	: 0.0541
-------------------------------------
[Epoch : 38/40]
Src_cls_loss	: 0.0528
-------------------------------------
[Epoch : 39/40]
Src_cls_loss	: 0.0515
-------------------------------------
[Epoch : 40/40]
Src_cls_loss	: 0.0502
-------------------------------------
