=============================================
Dataset: pamap_mobiact
Method:  NO_ADAPT
=============================================
Source: syn_61 ---> Target: dp_61
Run ID: 8
=============================================
[Epoch : 1/40]
Src_cls_loss	: 0.6595
-------------------------------------
[Epoch : 2/40]
Src_cls_loss	: 0.5288
-------------------------------------
[Epoch : 3/40]
Src_cls_loss	: 0.4318
-------------------------------------
[Epoch : 4/40]
Src_cls_loss	: 0.3664
-------------------------------------
[Epoch : 5/40]
Src_cls_loss	: 0.3145
-------------------------------------
[Epoch : 6/40]
Src_cls_loss	: 0.2746
-------------------------------------
[Epoch : 7/40]
Src_cls_loss	: 0.2439
-------------------------------------
[Epoch : 8/40]
Src_cls_loss	: 0.2191
-------------------------------------
[Epoch : 9/40]
Src_cls_loss	: 0.1991
-------------------------------------
[Epoch : 10/40]
Src_cls_loss	: 0.1830
-------------------------------------
[Epoch : 11/40]
Src_cls_loss	: 0.1691
-------------------------------------
[Epoch : 12/40]
Src_cls_loss	: 0.1593
-------------------------------------
[Epoch : 13/40]
Src_cls_loss	: 0.1499
-------------------------------------
[Epoch : 14/40]
Src_cls_loss	: 0.1403
-------------------------------------
[Epoch : 15/40]
Src_cls_loss	: 0.1327
-------------------------------------
[Epoch : 16/40]
Src_cls_loss	: 0.1252
-------------------------------------
[Epoch : 17/40]
Src_cls_loss	: 0.1188
-------------------------------------
[Epoch : 18/40]
Src_cls_loss	: 0.1130
-------------------------------------
[Epoch : 19/40]
Src_cls_loss	: 0.1086
-------------------------------------
[Epoch : 20/40]
Src_cls_loss	: 0.1040
-------------------------------------
[Epoch : 21/40]
Src_cls_loss	: 0.0999
-------------------------------------
[Epoch : 22/40]
Src_cls_loss	: 0.0959
-------------------------------------
[Epoch : 23/40]
Src_cls_loss	: 0.0921
-------------------------------------
[Epoch : 24/40]
Src_cls_loss	: 0.0885
-------------------------------------
[Epoch : 25/40]
Src_cls_loss	: 0.0854
-------------------------------------
[Epoch : 26/40]
Src_cls_loss	: 0.0829
-------------------------------------
[Epoch : 27/40]
Src_cls_loss	: 0.0809
-------------------------------------
[Epoch : 28/40]
Src_cls_loss	: 0.0784
-------------------------------------
[Epoch : 29/40]
Src_cls_loss	: 0.0760
-------------------------------------
[Epoch : 30/40]
Src_cls_loss	: 0.0737
-------------------------------------
[Epoch : 31/40]
Src_cls_loss	: 0.0715
-------------------------------------
[Epoch : 32/40]
Src_cls_loss	: 0.0694
-------------------------------------
[Epoch : 33/40]
Src_cls_loss	: 0.0676
-------------------------------------
[Epoch : 34/40]
Src_cls_loss	: 0.0657
-------------------------------------
[Epoch : 35/40]
Src_cls_loss	: 0.0640
-------------------------------------
[Epoch : 36/40]
Src_cls_loss	: 0.0623
-------------------------------------
[Epoch : 37/40]
Src_cls_loss	: 0.0629
-------------------------------------
[Epoch : 38/40]
Src_cls_loss	: 0.0619
-------------------------------------
[Epoch : 39/40]
Src_cls_loss	: 0.0606
-------------------------------------
[Epoch : 40/40]
Src_cls_loss	: 0.0594
-------------------------------------
