=============================================
Dataset: pamap_realworld
Method:  Deep_Coral
=============================================
Source: df ---> Target: dp_wal_10
Run ID: 0
=============================================
[Epoch : 1/40]
Total_loss	: 4.4091
Src_cls_loss	: 0.6610
coral_loss	: 0.0007
-------------------------------------
[Epoch : 2/40]
Total_loss	: 3.8962
Src_cls_loss	: 0.5840
coral_loss	: 0.0008
-------------------------------------
[Epoch : 3/40]
Total_loss	: 3.4472
Src_cls_loss	: 0.5165
coral_loss	: 0.0009
-------------------------------------
[Epoch : 4/40]
Total_loss	: 3.2076
Src_cls_loss	: 0.4805
coral_loss	: 0.0009
-------------------------------------
[Epoch : 5/40]
Total_loss	: 2.9670
Src_cls_loss	: 0.4444
coral_loss	: 0.0009
-------------------------------------
[Epoch : 6/40]
Total_loss	: 2.7584
Src_cls_loss	: 0.4131
coral_loss	: 0.0009
-------------------------------------
[Epoch : 7/40]
Total_loss	: 2.5634
Src_cls_loss	: 0.3839
coral_loss	: 0.0009
-------------------------------------
[Epoch : 8/40]
Total_loss	: 2.4195
Src_cls_loss	: 0.3623
coral_loss	: 0.0009
-------------------------------------
[Epoch : 9/40]
Total_loss	: 2.2929
Src_cls_loss	: 0.3433
coral_loss	: 0.0009
-------------------------------------
[Epoch : 10/40]
Total_loss	: 2.1772
Src_cls_loss	: 0.3259
coral_loss	: 0.0009
-------------------------------------
[Epoch : 11/40]
Total_loss	: 2.1063
Src_cls_loss	: 0.3153
coral_loss	: 0.0009
-------------------------------------
[Epoch : 12/40]
Total_loss	: 2.0401
Src_cls_loss	: 0.3053
coral_loss	: 0.0009
-------------------------------------
[Epoch : 13/40]
Total_loss	: 1.9723
Src_cls_loss	: 0.2952
coral_loss	: 0.0009
-------------------------------------
[Epoch : 14/40]
Total_loss	: 1.9023
Src_cls_loss	: 0.2846
coral_loss	: 0.0009
-------------------------------------
[Epoch : 15/40]
Total_loss	: 1.8417
Src_cls_loss	: 0.2756
coral_loss	: 0.0009
-------------------------------------
[Epoch : 16/40]
Total_loss	: 1.7900
Src_cls_loss	: 0.2678
coral_loss	: 0.0009
-------------------------------------
[Epoch : 17/40]
Total_loss	: 1.7409
Src_cls_loss	: 0.2604
coral_loss	: 0.0009
-------------------------------------
[Epoch : 18/40]
Total_loss	: 1.6930
Src_cls_loss	: 0.2532
coral_loss	: 0.0009
-------------------------------------
[Epoch : 19/40]
Total_loss	: 1.6529
Src_cls_loss	: 0.2472
coral_loss	: 0.0009
-------------------------------------
[Epoch : 20/40]
Total_loss	: 1.6154
Src_cls_loss	: 0.2416
coral_loss	: 0.0009
-------------------------------------
[Epoch : 21/40]
Total_loss	: 1.5753
Src_cls_loss	: 0.2356
coral_loss	: 0.0009
-------------------------------------
[Epoch : 22/40]
Total_loss	: 1.5411
Src_cls_loss	: 0.2305
coral_loss	: 0.0009
-------------------------------------
[Epoch : 23/40]
Total_loss	: 1.5100
Src_cls_loss	: 0.2258
coral_loss	: 0.0009
-------------------------------------
[Epoch : 24/40]
Total_loss	: 1.4768
Src_cls_loss	: 0.2208
coral_loss	: 0.0009
-------------------------------------
[Epoch : 25/40]
Total_loss	: 1.4499
Src_cls_loss	: 0.2168
coral_loss	: 0.0009
-------------------------------------
[Epoch : 26/40]
Total_loss	: 1.4191
Src_cls_loss	: 0.2122
coral_loss	: 0.0008
-------------------------------------
[Epoch : 27/40]
Total_loss	: 1.3994
Src_cls_loss	: 0.2092
coral_loss	: 0.0008
-------------------------------------
[Epoch : 28/40]
Total_loss	: 1.3747
Src_cls_loss	: 0.2055
coral_loss	: 0.0008
-------------------------------------
[Epoch : 29/40]
Total_loss	: 1.3510
Src_cls_loss	: 0.2019
coral_loss	: 0.0008
-------------------------------------
[Epoch : 30/40]
Total_loss	: 1.3331
Src_cls_loss	: 0.1993
coral_loss	: 0.0008
-------------------------------------
[Epoch : 31/40]
Total_loss	: 1.3179
Src_cls_loss	: 0.1970
coral_loss	: 0.0008
-------------------------------------
[Epoch : 32/40]
Total_loss	: 1.2985
Src_cls_loss	: 0.1941
coral_loss	: 0.0008
-------------------------------------
[Epoch : 33/40]
Total_loss	: 1.2813
Src_cls_loss	: 0.1915
coral_loss	: 0.0008
-------------------------------------
[Epoch : 34/40]
Total_loss	: 1.2582
Src_cls_loss	: 0.1880
coral_loss	: 0.0008
-------------------------------------
[Epoch : 35/40]
Total_loss	: 1.2417
Src_cls_loss	: 0.1856
coral_loss	: 0.0008
-------------------------------------
[Epoch : 36/40]
Total_loss	: 1.2265
Src_cls_loss	: 0.1833
coral_loss	: 0.0008
-------------------------------------
[Epoch : 37/40]
Total_loss	: 1.2132
Src_cls_loss	: 0.1813
coral_loss	: 0.0008
-------------------------------------
[Epoch : 38/40]
Total_loss	: 1.1993
Src_cls_loss	: 0.1792
coral_loss	: 0.0008
-------------------------------------
[Epoch : 39/40]
Total_loss	: 1.1842
Src_cls_loss	: 0.1769
coral_loss	: 0.0008
-------------------------------------
[Epoch : 40/40]
Total_loss	: 1.1705
Src_cls_loss	: 0.1749
coral_loss	: 0.0008
-------------------------------------
