=============================================
Dataset: realworld_mobiact
Method:  SYN
=============================================
Source: syn_wal_42 ---> Target: dp_wal_42
Run ID: 3
=============================================
[Epoch : 1/40]
Src_cls_loss	: 0.8267
-------------------------------------
[Epoch : 2/40]
Src_cls_loss	: 0.6423
-------------------------------------
[Epoch : 3/40]
Src_cls_loss	: 0.5051
-------------------------------------
[Epoch : 4/40]
Src_cls_loss	: 0.4078
-------------------------------------
[Epoch : 5/40]
Src_cls_loss	: 0.3415
-------------------------------------
[Epoch : 6/40]
Src_cls_loss	: 0.2933
-------------------------------------
[Epoch : 7/40]
Src_cls_loss	: 0.2565
-------------------------------------
[Epoch : 8/40]
Src_cls_loss	: 0.2288
-------------------------------------
[Epoch : 9/40]
Src_cls_loss	: 0.2067
-------------------------------------
[Epoch : 10/40]
Src_cls_loss	: 0.1884
-------------------------------------
[Epoch : 11/40]
Src_cls_loss	: 0.1736
-------------------------------------
[Epoch : 12/40]
Src_cls_loss	: 0.1607
-------------------------------------
[Epoch : 13/40]
Src_cls_loss	: 0.1495
-------------------------------------
[Epoch : 14/40]
Src_cls_loss	: 0.1397
-------------------------------------
[Epoch : 15/40]
Src_cls_loss	: 0.1310
-------------------------------------
[Epoch : 16/40]
Src_cls_loss	: 0.1233
-------------------------------------
[Epoch : 17/40]
Src_cls_loss	: 0.1165
-------------------------------------
[Epoch : 18/40]
Src_cls_loss	: 0.1104
-------------------------------------
[Epoch : 19/40]
Src_cls_loss	: 0.1049
-------------------------------------
[Epoch : 20/40]
Src_cls_loss	: 0.1002
-------------------------------------
[Epoch : 21/40]
Src_cls_loss	: 0.0958
-------------------------------------
[Epoch : 22/40]
Src_cls_loss	: 0.0918
-------------------------------------
[Epoch : 23/40]
Src_cls_loss	: 0.0881
-------------------------------------
[Epoch : 24/40]
Src_cls_loss	: 0.0847
-------------------------------------
[Epoch : 25/40]
Src_cls_loss	: 0.0816
-------------------------------------
[Epoch : 26/40]
Src_cls_loss	: 0.0787
-------------------------------------
[Epoch : 27/40]
Src_cls_loss	: 0.0760
-------------------------------------
[Epoch : 28/40]
Src_cls_loss	: 0.0735
-------------------------------------
[Epoch : 29/40]
Src_cls_loss	: 0.0712
-------------------------------------
[Epoch : 30/40]
Src_cls_loss	: 0.0690
-------------------------------------
[Epoch : 31/40]
Src_cls_loss	: 0.0668
-------------------------------------
[Epoch : 32/40]
Src_cls_loss	: 0.0648
-------------------------------------
[Epoch : 33/40]
Src_cls_loss	: 0.0629
-------------------------------------
[Epoch : 34/40]
Src_cls_loss	: 0.0611
-------------------------------------
[Epoch : 35/40]
Src_cls_loss	: 0.0595
-------------------------------------
[Epoch : 36/40]
Src_cls_loss	: 0.0579
-------------------------------------
[Epoch : 37/40]
Src_cls_loss	: 0.0564
-------------------------------------
[Epoch : 38/40]
Src_cls_loss	: 0.0550
-------------------------------------
[Epoch : 39/40]
Src_cls_loss	: 0.0537
-------------------------------------
[Epoch : 40/40]
Src_cls_loss	: 0.0524
-------------------------------------
