=============================================
Dataset: pamap_realworld
Method:  NO_ADAPT
=============================================
Source: syn_7 ---> Target: dp_7
Run ID: 7
=============================================
[Epoch : 1/40]
Src_cls_loss	: 0.4096
-------------------------------------
[Epoch : 2/40]
Src_cls_loss	: 0.2748
-------------------------------------
[Epoch : 3/40]
Src_cls_loss	: 0.2119
-------------------------------------
[Epoch : 4/40]
Src_cls_loss	: 0.1772
-------------------------------------
[Epoch : 5/40]
Src_cls_loss	: 0.1524
-------------------------------------
[Epoch : 6/40]
Src_cls_loss	: 0.1347
-------------------------------------
[Epoch : 7/40]
Src_cls_loss	: 0.1220
-------------------------------------
[Epoch : 8/40]
Src_cls_loss	: 0.1111
-------------------------------------
[Epoch : 9/40]
Src_cls_loss	: 0.1020
-------------------------------------
[Epoch : 10/40]
Src_cls_loss	: 0.0953
-------------------------------------
[Epoch : 11/40]
Src_cls_loss	: 0.0895
-------------------------------------
[Epoch : 12/40]
Src_cls_loss	: 0.0840
-------------------------------------
[Epoch : 13/40]
Src_cls_loss	: 0.0793
-------------------------------------
[Epoch : 14/40]
Src_cls_loss	: 0.0751
-------------------------------------
[Epoch : 15/40]
Src_cls_loss	: 0.0719
-------------------------------------
[Epoch : 16/40]
Src_cls_loss	: 0.0688
-------------------------------------
[Epoch : 17/40]
Src_cls_loss	: 0.0664
-------------------------------------
[Epoch : 18/40]
Src_cls_loss	: 0.0638
-------------------------------------
[Epoch : 19/40]
Src_cls_loss	: 0.0610
-------------------------------------
[Epoch : 20/40]
Src_cls_loss	: 0.0585
-------------------------------------
[Epoch : 21/40]
Src_cls_loss	: 0.0561
-------------------------------------
[Epoch : 22/40]
Src_cls_loss	: 0.0545
-------------------------------------
[Epoch : 23/40]
Src_cls_loss	: 0.0530
-------------------------------------
[Epoch : 24/40]
Src_cls_loss	: 0.0512
-------------------------------------
[Epoch : 25/40]
Src_cls_loss	: 0.0501
-------------------------------------
[Epoch : 26/40]
Src_cls_loss	: 0.0488
-------------------------------------
[Epoch : 27/40]
Src_cls_loss	: 0.0474
-------------------------------------
[Epoch : 28/40]
Src_cls_loss	: 0.0460
-------------------------------------
[Epoch : 29/40]
Src_cls_loss	: 0.0450
-------------------------------------
[Epoch : 30/40]
Src_cls_loss	: 0.0441
-------------------------------------
[Epoch : 31/40]
Src_cls_loss	: 0.0430
-------------------------------------
[Epoch : 32/40]
Src_cls_loss	: 0.0418
-------------------------------------
[Epoch : 33/40]
Src_cls_loss	: 0.0408
-------------------------------------
[Epoch : 34/40]
Src_cls_loss	: 0.0398
-------------------------------------
[Epoch : 35/40]
Src_cls_loss	: 0.0391
-------------------------------------
[Epoch : 36/40]
Src_cls_loss	: 0.0384
-------------------------------------
[Epoch : 37/40]
Src_cls_loss	: 0.0376
-------------------------------------
[Epoch : 38/40]
Src_cls_loss	: 0.0368
-------------------------------------
[Epoch : 39/40]
Src_cls_loss	: 0.0361
-------------------------------------
[Epoch : 40/40]
Src_cls_loss	: 0.0354
-------------------------------------
