=============================================
Dataset: realworld_mobiact
Method:  DANN
=============================================
Source: df ---> Target: dp_wal_63
Run ID: 0
=============================================
[Epoch : 1/40]
Total_loss	: 6.1265
Domain_loss	: 1.1588
Src_cls_loss	: 0.5894
-------------------------------------
[Epoch : 2/40]
Total_loss	: 5.8509
Domain_loss	: 1.2104
Src_cls_loss	: 0.5116
-------------------------------------
[Epoch : 3/40]
Total_loss	: 5.7053
Domain_loss	: 1.2411
Src_cls_loss	: 0.4689
-------------------------------------
[Epoch : 4/40]
Total_loss	: 5.5847
Domain_loss	: 1.2562
Src_cls_loss	: 0.4385
-------------------------------------
[Epoch : 5/40]
Total_loss	: 5.5024
Domain_loss	: 1.2734
Src_cls_loss	: 0.4144
-------------------------------------
[Epoch : 6/40]
Total_loss	: 5.4173
Domain_loss	: 1.2832
Src_cls_loss	: 0.3935
-------------------------------------
[Epoch : 7/40]
Total_loss	: 5.3595
Domain_loss	: 1.2922
Src_cls_loss	: 0.3780
-------------------------------------
[Epoch : 8/40]
Total_loss	: 5.2972
Domain_loss	: 1.2998
Src_cls_loss	: 0.3625
-------------------------------------
[Epoch : 9/40]
Total_loss	: 5.2386
Domain_loss	: 1.3044
Src_cls_loss	: 0.3491
-------------------------------------
[Epoch : 10/40]
Total_loss	: 5.1940
Domain_loss	: 1.3082
Src_cls_loss	: 0.3387
-------------------------------------
[Epoch : 11/40]
Total_loss	: 5.1551
Domain_loss	: 1.3114
Src_cls_loss	: 0.3298
-------------------------------------
[Epoch : 12/40]
Total_loss	: 5.1242
Domain_loss	: 1.3143
Src_cls_loss	: 0.3225
-------------------------------------
[Epoch : 13/40]
Total_loss	: 5.0924
Domain_loss	: 1.3159
Src_cls_loss	: 0.3157
-------------------------------------
[Epoch : 14/40]
Total_loss	: 5.0617
Domain_loss	: 1.3186
Src_cls_loss	: 0.3085
-------------------------------------
[Epoch : 15/40]
Total_loss	: 5.0355
Domain_loss	: 1.3204
Src_cls_loss	: 0.3027
-------------------------------------
[Epoch : 16/40]
Total_loss	: 5.0116
Domain_loss	: 1.3217
Src_cls_loss	: 0.2975
-------------------------------------
[Epoch : 17/40]
Total_loss	: 4.9904
Domain_loss	: 1.3231
Src_cls_loss	: 0.2927
-------------------------------------
[Epoch : 18/40]
Total_loss	: 4.9724
Domain_loss	: 1.3250
Src_cls_loss	: 0.2884
-------------------------------------
[Epoch : 19/40]
Total_loss	: 4.9537
Domain_loss	: 1.3271
Src_cls_loss	: 0.2838
-------------------------------------
[Epoch : 20/40]
Total_loss	: 4.9338
Domain_loss	: 1.3279
Src_cls_loss	: 0.2797
-------------------------------------
[Epoch : 21/40]
Total_loss	: 4.9132
Domain_loss	: 1.3284
Src_cls_loss	: 0.2755
-------------------------------------
[Epoch : 22/40]
Total_loss	: 4.8963
Domain_loss	: 1.3295
Src_cls_loss	: 0.2718
-------------------------------------
[Epoch : 23/40]
Total_loss	: 4.8835
Domain_loss	: 1.3309
Src_cls_loss	: 0.2686
-------------------------------------
[Epoch : 24/40]
Total_loss	: 4.8715
Domain_loss	: 1.3321
Src_cls_loss	: 0.2658
-------------------------------------
[Epoch : 25/40]
Total_loss	: 4.8581
Domain_loss	: 1.3329
Src_cls_loss	: 0.2628
-------------------------------------
[Epoch : 26/40]
Total_loss	: 4.8462
Domain_loss	: 1.3339
Src_cls_loss	: 0.2601
-------------------------------------
[Epoch : 27/40]
Total_loss	: 4.8325
Domain_loss	: 1.3342
Src_cls_loss	: 0.2573
-------------------------------------
[Epoch : 28/40]
Total_loss	: 4.8189
Domain_loss	: 1.3344
Src_cls_loss	: 0.2546
-------------------------------------
[Epoch : 29/40]
Total_loss	: 4.8081
Domain_loss	: 1.3345
Src_cls_loss	: 0.2525
-------------------------------------
[Epoch : 30/40]
Total_loss	: 4.7974
Domain_loss	: 1.3357
Src_cls_loss	: 0.2499
-------------------------------------
[Epoch : 31/40]
Total_loss	: 4.7882
Domain_loss	: 1.3366
Src_cls_loss	: 0.2477
-------------------------------------
[Epoch : 32/40]
Total_loss	: 4.7774
Domain_loss	: 1.3374
Src_cls_loss	: 0.2453
-------------------------------------
[Epoch : 33/40]
Total_loss	: 4.7665
Domain_loss	: 1.3382
Src_cls_loss	: 0.2429
-------------------------------------
[Epoch : 34/40]
Total_loss	: 4.7565
Domain_loss	: 1.3389
Src_cls_loss	: 0.2406
-------------------------------------
[Epoch : 35/40]
Total_loss	: 4.7468
Domain_loss	: 1.3397
Src_cls_loss	: 0.2383
-------------------------------------
[Epoch : 36/40]
Total_loss	: 4.7375
Domain_loss	: 1.3394
Src_cls_loss	: 0.2368
-------------------------------------
[Epoch : 37/40]
Total_loss	: 4.7304
Domain_loss	: 1.3401
Src_cls_loss	: 0.2350
-------------------------------------
[Epoch : 38/40]
Total_loss	: 4.7221
Domain_loss	: 1.3406
Src_cls_loss	: 0.2332
-------------------------------------
[Epoch : 39/40]
Total_loss	: 4.7133
Domain_loss	: 1.3408
Src_cls_loss	: 0.2315
-------------------------------------
[Epoch : 40/40]
Total_loss	: 4.7067
Domain_loss	: 1.3410
Src_cls_loss	: 0.2301
-------------------------------------
