=============================================
Dataset: pamap_mobiact
Method:  NO_ADAPT
=============================================
Source: syn_20 ---> Target: dp_20
Run ID: 3
=============================================
[Epoch : 1/40]
Src_cls_loss	: 0.5066
-------------------------------------
[Epoch : 2/40]
Src_cls_loss	: 0.3668
-------------------------------------
[Epoch : 3/40]
Src_cls_loss	: 0.2902
-------------------------------------
[Epoch : 4/40]
Src_cls_loss	: 0.2388
-------------------------------------
[Epoch : 5/40]
Src_cls_loss	: 0.2051
-------------------------------------
[Epoch : 6/40]
Src_cls_loss	: 0.1819
-------------------------------------
[Epoch : 7/40]
Src_cls_loss	: 0.1643
-------------------------------------
[Epoch : 8/40]
Src_cls_loss	: 0.1488
-------------------------------------
[Epoch : 9/40]
Src_cls_loss	: 0.1351
-------------------------------------
[Epoch : 10/40]
Src_cls_loss	: 0.1248
-------------------------------------
[Epoch : 11/40]
Src_cls_loss	: 0.1174
-------------------------------------
[Epoch : 12/40]
Src_cls_loss	: 0.1093
-------------------------------------
[Epoch : 13/40]
Src_cls_loss	: 0.1024
-------------------------------------
[Epoch : 14/40]
Src_cls_loss	: 0.0965
-------------------------------------
[Epoch : 15/40]
Src_cls_loss	: 0.0909
-------------------------------------
[Epoch : 16/40]
Src_cls_loss	: 0.0863
-------------------------------------
[Epoch : 17/40]
Src_cls_loss	: 0.0820
-------------------------------------
[Epoch : 18/40]
Src_cls_loss	: 0.0781
-------------------------------------
[Epoch : 19/40]
Src_cls_loss	: 0.0743
-------------------------------------
[Epoch : 20/40]
Src_cls_loss	: 0.0710
-------------------------------------
[Epoch : 21/40]
Src_cls_loss	: 0.0680
-------------------------------------
[Epoch : 22/40]
Src_cls_loss	: 0.0653
-------------------------------------
[Epoch : 23/40]
Src_cls_loss	: 0.0628
-------------------------------------
[Epoch : 24/40]
Src_cls_loss	: 0.0605
-------------------------------------
[Epoch : 25/40]
Src_cls_loss	: 0.0583
-------------------------------------
[Epoch : 26/40]
Src_cls_loss	: 0.0563
-------------------------------------
[Epoch : 27/40]
Src_cls_loss	: 0.0548
-------------------------------------
[Epoch : 28/40]
Src_cls_loss	: 0.0531
-------------------------------------
[Epoch : 29/40]
Src_cls_loss	: 0.0514
-------------------------------------
[Epoch : 30/40]
Src_cls_loss	: 0.0499
-------------------------------------
[Epoch : 31/40]
Src_cls_loss	: 0.0487
-------------------------------------
[Epoch : 32/40]
Src_cls_loss	: 0.0475
-------------------------------------
[Epoch : 33/40]
Src_cls_loss	: 0.0462
-------------------------------------
[Epoch : 34/40]
Src_cls_loss	: 0.0451
-------------------------------------
[Epoch : 35/40]
Src_cls_loss	: 0.0441
-------------------------------------
[Epoch : 36/40]
Src_cls_loss	: 0.0431
-------------------------------------
[Epoch : 37/40]
Src_cls_loss	: 0.0421
-------------------------------------
[Epoch : 38/40]
Src_cls_loss	: 0.0411
-------------------------------------
[Epoch : 39/40]
Src_cls_loss	: 0.0403
-------------------------------------
[Epoch : 40/40]
Src_cls_loss	: 0.0394
-------------------------------------
