=============================================
Dataset: realworld_mobiact
Method:  SYN
=============================================
Source: syn_wal_59 ---> Target: dp_wal_59
Run ID: 5
=============================================
[Epoch : 1/40]
Src_cls_loss	: 0.8120
-------------------------------------
[Epoch : 2/40]
Src_cls_loss	: 0.6095
-------------------------------------
[Epoch : 3/40]
Src_cls_loss	: 0.4739
-------------------------------------
[Epoch : 4/40]
Src_cls_loss	: 0.3824
-------------------------------------
[Epoch : 5/40]
Src_cls_loss	: 0.3181
-------------------------------------
[Epoch : 6/40]
Src_cls_loss	: 0.2724
-------------------------------------
[Epoch : 7/40]
Src_cls_loss	: 0.2390
-------------------------------------
[Epoch : 8/40]
Src_cls_loss	: 0.2131
-------------------------------------
[Epoch : 9/40]
Src_cls_loss	: 0.1918
-------------------------------------
[Epoch : 10/40]
Src_cls_loss	: 0.1744
-------------------------------------
[Epoch : 11/40]
Src_cls_loss	: 0.1598
-------------------------------------
[Epoch : 12/40]
Src_cls_loss	: 0.1474
-------------------------------------
[Epoch : 13/40]
Src_cls_loss	: 0.1373
-------------------------------------
[Epoch : 14/40]
Src_cls_loss	: 0.1282
-------------------------------------
[Epoch : 15/40]
Src_cls_loss	: 0.1203
-------------------------------------
[Epoch : 16/40]
Src_cls_loss	: 0.1134
-------------------------------------
[Epoch : 17/40]
Src_cls_loss	: 0.1074
-------------------------------------
[Epoch : 18/40]
Src_cls_loss	: 0.1019
-------------------------------------
[Epoch : 19/40]
Src_cls_loss	: 0.0973
-------------------------------------
[Epoch : 20/40]
Src_cls_loss	: 0.0928
-------------------------------------
[Epoch : 21/40]
Src_cls_loss	: 0.0888
-------------------------------------
[Epoch : 22/40]
Src_cls_loss	: 0.0849
-------------------------------------
[Epoch : 23/40]
Src_cls_loss	: 0.0814
-------------------------------------
[Epoch : 24/40]
Src_cls_loss	: 0.0782
-------------------------------------
[Epoch : 25/40]
Src_cls_loss	: 0.0752
-------------------------------------
[Epoch : 26/40]
Src_cls_loss	: 0.0726
-------------------------------------
[Epoch : 27/40]
Src_cls_loss	: 0.0700
-------------------------------------
[Epoch : 28/40]
Src_cls_loss	: 0.0677
-------------------------------------
[Epoch : 29/40]
Src_cls_loss	: 0.0657
-------------------------------------
[Epoch : 30/40]
Src_cls_loss	: 0.0637
-------------------------------------
[Epoch : 31/40]
Src_cls_loss	: 0.0617
-------------------------------------
[Epoch : 32/40]
Src_cls_loss	: 0.0599
-------------------------------------
[Epoch : 33/40]
Src_cls_loss	: 0.0581
-------------------------------------
[Epoch : 34/40]
Src_cls_loss	: 0.0565
-------------------------------------
[Epoch : 35/40]
Src_cls_loss	: 0.0549
-------------------------------------
[Epoch : 36/40]
Src_cls_loss	: 0.0535
-------------------------------------
[Epoch : 37/40]
Src_cls_loss	: 0.0521
-------------------------------------
[Epoch : 38/40]
Src_cls_loss	: 0.0508
-------------------------------------
[Epoch : 39/40]
Src_cls_loss	: 0.0495
-------------------------------------
[Epoch : 40/40]
Src_cls_loss	: 0.0483
-------------------------------------
