=============================================
Dataset: realworld_mobiact
Method:  SYN
=============================================
Source: syn_wal_67 ---> Target: dp_wal_67
Run ID: 4
=============================================
[Epoch : 1/40]
Src_cls_loss	: 0.8583
-------------------------------------
[Epoch : 2/40]
Src_cls_loss	: 0.7135
-------------------------------------
[Epoch : 3/40]
Src_cls_loss	: 0.5986
-------------------------------------
[Epoch : 4/40]
Src_cls_loss	: 0.5073
-------------------------------------
[Epoch : 5/40]
Src_cls_loss	: 0.4353
-------------------------------------
[Epoch : 6/40]
Src_cls_loss	: 0.3805
-------------------------------------
[Epoch : 7/40]
Src_cls_loss	: 0.3374
-------------------------------------
[Epoch : 8/40]
Src_cls_loss	: 0.3068
-------------------------------------
[Epoch : 9/40]
Src_cls_loss	: 0.2814
-------------------------------------
[Epoch : 10/40]
Src_cls_loss	: 0.2587
-------------------------------------
[Epoch : 11/40]
Src_cls_loss	: 0.2401
-------------------------------------
[Epoch : 12/40]
Src_cls_loss	: 0.2237
-------------------------------------
[Epoch : 13/40]
Src_cls_loss	: 0.2093
-------------------------------------
[Epoch : 14/40]
Src_cls_loss	: 0.1969
-------------------------------------
[Epoch : 15/40]
Src_cls_loss	: 0.1865
-------------------------------------
[Epoch : 16/40]
Src_cls_loss	: 0.1774
-------------------------------------
[Epoch : 17/40]
Src_cls_loss	: 0.1689
-------------------------------------
[Epoch : 18/40]
Src_cls_loss	: 0.1612
-------------------------------------
[Epoch : 19/40]
Src_cls_loss	: 0.1545
-------------------------------------
[Epoch : 20/40]
Src_cls_loss	: 0.1483
-------------------------------------
[Epoch : 21/40]
Src_cls_loss	: 0.1422
-------------------------------------
[Epoch : 22/40]
Src_cls_loss	: 0.1369
-------------------------------------
[Epoch : 23/40]
Src_cls_loss	: 0.1324
-------------------------------------
[Epoch : 24/40]
Src_cls_loss	: 0.1287
-------------------------------------
[Epoch : 25/40]
Src_cls_loss	: 0.1248
-------------------------------------
[Epoch : 26/40]
Src_cls_loss	: 0.1210
-------------------------------------
[Epoch : 27/40]
Src_cls_loss	: 0.1175
-------------------------------------
[Epoch : 28/40]
Src_cls_loss	: 0.1143
-------------------------------------
[Epoch : 29/40]
Src_cls_loss	: 0.1111
-------------------------------------
[Epoch : 30/40]
Src_cls_loss	: 0.1082
-------------------------------------
[Epoch : 31/40]
Src_cls_loss	: 0.1054
-------------------------------------
[Epoch : 32/40]
Src_cls_loss	: 0.1028
-------------------------------------
[Epoch : 33/40]
Src_cls_loss	: 0.1004
-------------------------------------
[Epoch : 34/40]
Src_cls_loss	: 0.0980
-------------------------------------
[Epoch : 35/40]
Src_cls_loss	: 0.0958
-------------------------------------
[Epoch : 36/40]
Src_cls_loss	: 0.0938
-------------------------------------
[Epoch : 37/40]
Src_cls_loss	: 0.0919
-------------------------------------
[Epoch : 38/40]
Src_cls_loss	: 0.0901
-------------------------------------
[Epoch : 39/40]
Src_cls_loss	: 0.0883
-------------------------------------
[Epoch : 40/40]
Src_cls_loss	: 0.0866
-------------------------------------
