=============================================
Dataset: pamap_realworld
Method:  NO_ADAPT
=============================================
Source: syn_8 ---> Target: dp_8
Run ID: 9
=============================================
[Epoch : 1/40]
Src_cls_loss	: 0.3851
-------------------------------------
[Epoch : 2/40]
Src_cls_loss	: 0.2284
-------------------------------------
[Epoch : 3/40]
Src_cls_loss	: 0.1648
-------------------------------------
[Epoch : 4/40]
Src_cls_loss	: 0.1297
-------------------------------------
[Epoch : 5/40]
Src_cls_loss	: 0.1080
-------------------------------------
[Epoch : 6/40]
Src_cls_loss	: 0.0940
-------------------------------------
[Epoch : 7/40]
Src_cls_loss	: 0.0828
-------------------------------------
[Epoch : 8/40]
Src_cls_loss	: 0.0739
-------------------------------------
[Epoch : 9/40]
Src_cls_loss	: 0.0675
-------------------------------------
[Epoch : 10/40]
Src_cls_loss	: 0.0619
-------------------------------------
[Epoch : 11/40]
Src_cls_loss	: 0.0569
-------------------------------------
[Epoch : 12/40]
Src_cls_loss	: 0.0527
-------------------------------------
[Epoch : 13/40]
Src_cls_loss	: 0.0491
-------------------------------------
[Epoch : 14/40]
Src_cls_loss	: 0.0462
-------------------------------------
[Epoch : 15/40]
Src_cls_loss	: 0.0435
-------------------------------------
[Epoch : 16/40]
Src_cls_loss	: 0.0413
-------------------------------------
[Epoch : 17/40]
Src_cls_loss	: 0.0393
-------------------------------------
[Epoch : 18/40]
Src_cls_loss	: 0.0373
-------------------------------------
[Epoch : 19/40]
Src_cls_loss	: 0.0356
-------------------------------------
[Epoch : 20/40]
Src_cls_loss	: 0.0349
-------------------------------------
[Epoch : 21/40]
Src_cls_loss	: 0.0338
-------------------------------------
[Epoch : 22/40]
Src_cls_loss	: 0.0325
-------------------------------------
[Epoch : 23/40]
Src_cls_loss	: 0.0314
-------------------------------------
[Epoch : 24/40]
Src_cls_loss	: 0.0303
-------------------------------------
[Epoch : 25/40]
Src_cls_loss	: 0.0292
-------------------------------------
[Epoch : 26/40]
Src_cls_loss	: 0.0282
-------------------------------------
[Epoch : 27/40]
Src_cls_loss	: 0.0273
-------------------------------------
[Epoch : 28/40]
Src_cls_loss	: 0.0265
-------------------------------------
[Epoch : 29/40]
Src_cls_loss	: 0.0258
-------------------------------------
[Epoch : 30/40]
Src_cls_loss	: 0.0250
-------------------------------------
[Epoch : 31/40]
Src_cls_loss	: 0.0244
-------------------------------------
[Epoch : 32/40]
Src_cls_loss	: 0.0237
-------------------------------------
[Epoch : 33/40]
Src_cls_loss	: 0.0231
-------------------------------------
[Epoch : 34/40]
Src_cls_loss	: 0.0226
-------------------------------------
[Epoch : 35/40]
Src_cls_loss	: 0.0224
-------------------------------------
[Epoch : 36/40]
Src_cls_loss	: 0.0220
-------------------------------------
[Epoch : 37/40]
Src_cls_loss	: 0.0216
-------------------------------------
[Epoch : 38/40]
Src_cls_loss	: 0.0212
-------------------------------------
[Epoch : 39/40]
Src_cls_loss	: 0.0209
-------------------------------------
[Epoch : 40/40]
Src_cls_loss	: 0.0204
-------------------------------------
