=============================================
Dataset: pamap_realworld
Method:  NO_ADAPT
=============================================
Source: syn_17 ---> Target: dp_17
Run ID: 4
=============================================
[Epoch : 1/40]
Src_cls_loss	: 0.3736
-------------------------------------
[Epoch : 2/40]
Src_cls_loss	: 0.2402
-------------------------------------
[Epoch : 3/40]
Src_cls_loss	: 0.1784
-------------------------------------
[Epoch : 4/40]
Src_cls_loss	: 0.1445
-------------------------------------
[Epoch : 5/40]
Src_cls_loss	: 0.1216
-------------------------------------
[Epoch : 6/40]
Src_cls_loss	: 0.1055
-------------------------------------
[Epoch : 7/40]
Src_cls_loss	: 0.0958
-------------------------------------
[Epoch : 8/40]
Src_cls_loss	: 0.0853
-------------------------------------
[Epoch : 9/40]
Src_cls_loss	: 0.0770
-------------------------------------
[Epoch : 10/40]
Src_cls_loss	: 0.0708
-------------------------------------
[Epoch : 11/40]
Src_cls_loss	: 0.0655
-------------------------------------
[Epoch : 12/40]
Src_cls_loss	: 0.0609
-------------------------------------
[Epoch : 13/40]
Src_cls_loss	: 0.0570
-------------------------------------
[Epoch : 14/40]
Src_cls_loss	: 0.0539
-------------------------------------
[Epoch : 15/40]
Src_cls_loss	: 0.0509
-------------------------------------
[Epoch : 16/40]
Src_cls_loss	: 0.0480
-------------------------------------
[Epoch : 17/40]
Src_cls_loss	: 0.0456
-------------------------------------
[Epoch : 18/40]
Src_cls_loss	: 0.0438
-------------------------------------
[Epoch : 19/40]
Src_cls_loss	: 0.0422
-------------------------------------
[Epoch : 20/40]
Src_cls_loss	: 0.0405
-------------------------------------
[Epoch : 21/40]
Src_cls_loss	: 0.0388
-------------------------------------
[Epoch : 22/40]
Src_cls_loss	: 0.0373
-------------------------------------
[Epoch : 23/40]
Src_cls_loss	: 0.0360
-------------------------------------
[Epoch : 24/40]
Src_cls_loss	: 0.0346
-------------------------------------
[Epoch : 25/40]
Src_cls_loss	: 0.0333
-------------------------------------
[Epoch : 26/40]
Src_cls_loss	: 0.0322
-------------------------------------
[Epoch : 27/40]
Src_cls_loss	: 0.0311
-------------------------------------
[Epoch : 28/40]
Src_cls_loss	: 0.0301
-------------------------------------
[Epoch : 29/40]
Src_cls_loss	: 0.0292
-------------------------------------
[Epoch : 30/40]
Src_cls_loss	: 0.0286
-------------------------------------
[Epoch : 31/40]
Src_cls_loss	: 0.0278
-------------------------------------
[Epoch : 32/40]
Src_cls_loss	: 0.0270
-------------------------------------
[Epoch : 33/40]
Src_cls_loss	: 0.0263
-------------------------------------
[Epoch : 34/40]
Src_cls_loss	: 0.0256
-------------------------------------
[Epoch : 35/40]
Src_cls_loss	: 0.0254
-------------------------------------
[Epoch : 36/40]
Src_cls_loss	: 0.0251
-------------------------------------
[Epoch : 37/40]
Src_cls_loss	: 0.0246
-------------------------------------
[Epoch : 38/40]
Src_cls_loss	: 0.0240
-------------------------------------
[Epoch : 39/40]
Src_cls_loss	: 0.0234
-------------------------------------
[Epoch : 40/40]
Src_cls_loss	: 0.0229
-------------------------------------
