=============================================
Dataset: pamap_mobiact
Method:  NO_ADAPT
=============================================
Source: syn_34 ---> Target: dp_34
Run ID: 2
=============================================
[Epoch : 1/40]
Src_cls_loss	: 0.6921
-------------------------------------
[Epoch : 2/40]
Src_cls_loss	: 0.5446
-------------------------------------
[Epoch : 3/40]
Src_cls_loss	: 0.4676
-------------------------------------
[Epoch : 4/40]
Src_cls_loss	: 0.4075
-------------------------------------
[Epoch : 5/40]
Src_cls_loss	: 0.3662
-------------------------------------
[Epoch : 6/40]
Src_cls_loss	: 0.3356
-------------------------------------
[Epoch : 7/40]
Src_cls_loss	: 0.3104
-------------------------------------
[Epoch : 8/40]
Src_cls_loss	: 0.2884
-------------------------------------
[Epoch : 9/40]
Src_cls_loss	: 0.2681
-------------------------------------
[Epoch : 10/40]
Src_cls_loss	: 0.2501
-------------------------------------
[Epoch : 11/40]
Src_cls_loss	: 0.2351
-------------------------------------
[Epoch : 12/40]
Src_cls_loss	: 0.2212
-------------------------------------
[Epoch : 13/40]
Src_cls_loss	: 0.2092
-------------------------------------
[Epoch : 14/40]
Src_cls_loss	: 0.1999
-------------------------------------
[Epoch : 15/40]
Src_cls_loss	: 0.1926
-------------------------------------
[Epoch : 16/40]
Src_cls_loss	: 0.1840
-------------------------------------
[Epoch : 17/40]
Src_cls_loss	: 0.1763
-------------------------------------
[Epoch : 18/40]
Src_cls_loss	: 0.1697
-------------------------------------
[Epoch : 19/40]
Src_cls_loss	: 0.1629
-------------------------------------
[Epoch : 20/40]
Src_cls_loss	: 0.1572
-------------------------------------
[Epoch : 21/40]
Src_cls_loss	: 0.1518
-------------------------------------
[Epoch : 22/40]
Src_cls_loss	: 0.1462
-------------------------------------
[Epoch : 23/40]
Src_cls_loss	: 0.1419
-------------------------------------
[Epoch : 24/40]
Src_cls_loss	: 0.1384
-------------------------------------
[Epoch : 25/40]
Src_cls_loss	: 0.1344
-------------------------------------
[Epoch : 26/40]
Src_cls_loss	: 0.1299
-------------------------------------
[Epoch : 27/40]
Src_cls_loss	: 0.1261
-------------------------------------
[Epoch : 28/40]
Src_cls_loss	: 0.1225
-------------------------------------
[Epoch : 29/40]
Src_cls_loss	: 0.1193
-------------------------------------
[Epoch : 30/40]
Src_cls_loss	: 0.1161
-------------------------------------
[Epoch : 31/40]
Src_cls_loss	: 0.1130
-------------------------------------
[Epoch : 32/40]
Src_cls_loss	: 0.1099
-------------------------------------
[Epoch : 33/40]
Src_cls_loss	: 0.1070
-------------------------------------
[Epoch : 34/40]
Src_cls_loss	: 0.1046
-------------------------------------
[Epoch : 35/40]
Src_cls_loss	: 0.1021
-------------------------------------
[Epoch : 36/40]
Src_cls_loss	: 0.0996
-------------------------------------
[Epoch : 37/40]
Src_cls_loss	: 0.0972
-------------------------------------
[Epoch : 38/40]
Src_cls_loss	: 0.0949
-------------------------------------
[Epoch : 39/40]
Src_cls_loss	: 0.0928
-------------------------------------
[Epoch : 40/40]
Src_cls_loss	: 0.0907
-------------------------------------
