=============================================
Dataset: mobiact_realworld
Method:  DANN
=============================================
Source: df ---> Target: dp_wal_69
Run ID: 0
=============================================
[Epoch : 1/40]
Total_loss	: 6.3886
Domain_loss	: 1.3328
Src_cls_loss	: 0.5532
-------------------------------------
[Epoch : 2/40]
Total_loss	: 5.9278
Domain_loss	: 1.3430
Src_cls_loss	: 0.4607
-------------------------------------
[Epoch : 3/40]
Total_loss	: 5.6434
Domain_loss	: 1.3414
Src_cls_loss	: 0.4076
-------------------------------------
[Epoch : 4/40]
Total_loss	: 5.4260
Domain_loss	: 1.3463
Src_cls_loss	: 0.3639
-------------------------------------
[Epoch : 5/40]
Total_loss	: 5.2478
Domain_loss	: 1.3478
Src_cls_loss	: 0.3294
-------------------------------------
[Epoch : 6/40]
Total_loss	: 5.1052
Domain_loss	: 1.3494
Src_cls_loss	: 0.3015
-------------------------------------
[Epoch : 7/40]
Total_loss	: 4.9992
Domain_loss	: 1.3505
Src_cls_loss	: 0.2809
-------------------------------------
[Epoch : 8/40]
Total_loss	: 4.9029
Domain_loss	: 1.3506
Src_cls_loss	: 0.2626
-------------------------------------
[Epoch : 9/40]
Total_loss	: 4.8286
Domain_loss	: 1.3514
Src_cls_loss	: 0.2481
-------------------------------------
[Epoch : 10/40]
Total_loss	: 4.7589
Domain_loss	: 1.3529
Src_cls_loss	: 0.2341
-------------------------------------
[Epoch : 11/40]
Total_loss	: 4.6977
Domain_loss	: 1.3534
Src_cls_loss	: 0.2223
-------------------------------------
[Epoch : 12/40]
Total_loss	: 4.6432
Domain_loss	: 1.3536
Src_cls_loss	: 0.2118
-------------------------------------
[Epoch : 13/40]
Total_loss	: 4.6039
Domain_loss	: 1.3547
Src_cls_loss	: 0.2038
-------------------------------------
[Epoch : 14/40]
Total_loss	: 4.5667
Domain_loss	: 1.3554
Src_cls_loss	: 0.1964
-------------------------------------
[Epoch : 15/40]
Total_loss	: 4.5294
Domain_loss	: 1.3561
Src_cls_loss	: 0.1890
-------------------------------------
[Epoch : 16/40]
Total_loss	: 4.4949
Domain_loss	: 1.3570
Src_cls_loss	: 0.1820
-------------------------------------
[Epoch : 17/40]
Total_loss	: 4.4665
Domain_loss	: 1.3572
Src_cls_loss	: 0.1765
-------------------------------------
[Epoch : 18/40]
Total_loss	: 4.4394
Domain_loss	: 1.3570
Src_cls_loss	: 0.1715
-------------------------------------
[Epoch : 19/40]
Total_loss	: 4.4174
Domain_loss	: 1.3573
Src_cls_loss	: 0.1672
-------------------------------------
[Epoch : 20/40]
Total_loss	: 4.3941
Domain_loss	: 1.3578
Src_cls_loss	: 0.1625
-------------------------------------
[Epoch : 21/40]
Total_loss	: 4.3722
Domain_loss	: 1.3586
Src_cls_loss	: 0.1580
-------------------------------------
[Epoch : 22/40]
Total_loss	: 4.3542
Domain_loss	: 1.3595
Src_cls_loss	: 0.1541
-------------------------------------
[Epoch : 23/40]
Total_loss	: 4.3374
Domain_loss	: 1.3600
Src_cls_loss	: 0.1507
-------------------------------------
[Epoch : 24/40]
Total_loss	: 4.3207
Domain_loss	: 1.3602
Src_cls_loss	: 0.1474
-------------------------------------
[Epoch : 25/40]
Total_loss	: 4.3058
Domain_loss	: 1.3603
Src_cls_loss	: 0.1445
-------------------------------------
[Epoch : 26/40]
Total_loss	: 4.2911
Domain_loss	: 1.3601
Src_cls_loss	: 0.1419
-------------------------------------
[Epoch : 27/40]
Total_loss	: 4.2762
Domain_loss	: 1.3598
Src_cls_loss	: 0.1392
-------------------------------------
[Epoch : 28/40]
Total_loss	: 4.2614
Domain_loss	: 1.3600
Src_cls_loss	: 0.1363
-------------------------------------
[Epoch : 29/40]
Total_loss	: 4.2500
Domain_loss	: 1.3601
Src_cls_loss	: 0.1341
-------------------------------------
[Epoch : 30/40]
Total_loss	: 4.2391
Domain_loss	: 1.3601
Src_cls_loss	: 0.1320
-------------------------------------
[Epoch : 31/40]
Total_loss	: 4.2292
Domain_loss	: 1.3600
Src_cls_loss	: 0.1302
-------------------------------------
[Epoch : 32/40]
Total_loss	: 4.2195
Domain_loss	: 1.3600
Src_cls_loss	: 0.1283
-------------------------------------
[Epoch : 33/40]
Total_loss	: 4.2084
Domain_loss	: 1.3599
Src_cls_loss	: 0.1263
-------------------------------------
[Epoch : 34/40]
Total_loss	: 4.1998
Domain_loss	: 1.3601
Src_cls_loss	: 0.1245
-------------------------------------
[Epoch : 35/40]
Total_loss	: 4.1920
Domain_loss	: 1.3601
Src_cls_loss	: 0.1230
-------------------------------------
[Epoch : 36/40]
Total_loss	: 4.1813
Domain_loss	: 1.3602
Src_cls_loss	: 0.1210
-------------------------------------
[Epoch : 37/40]
Total_loss	: 4.1737
Domain_loss	: 1.3604
Src_cls_loss	: 0.1194
-------------------------------------
[Epoch : 38/40]
Total_loss	: 4.1660
Domain_loss	: 1.3609
Src_cls_loss	: 0.1177
-------------------------------------
[Epoch : 39/40]
Total_loss	: 4.1586
Domain_loss	: 1.3610
Src_cls_loss	: 0.1163
-------------------------------------
[Epoch : 40/40]
Total_loss	: 4.1525
Domain_loss	: 1.3609
Src_cls_loss	: 0.1151
-------------------------------------
