=============================================
Dataset: pamap_mobiact
Method:  NO_ADAPT
=============================================
Source: syn_57 ---> Target: dp_57
Run ID: 1
=============================================
[Epoch : 1/40]
Src_cls_loss	: 0.7139
-------------------------------------
[Epoch : 2/40]
Src_cls_loss	: 0.5465
-------------------------------------
[Epoch : 3/40]
Src_cls_loss	: 0.4551
-------------------------------------
[Epoch : 4/40]
Src_cls_loss	: 0.4004
-------------------------------------
[Epoch : 5/40]
Src_cls_loss	: 0.3610
-------------------------------------
[Epoch : 6/40]
Src_cls_loss	: 0.3301
-------------------------------------
[Epoch : 7/40]
Src_cls_loss	: 0.3041
-------------------------------------
[Epoch : 8/40]
Src_cls_loss	: 0.2803
-------------------------------------
[Epoch : 9/40]
Src_cls_loss	: 0.2636
-------------------------------------
[Epoch : 10/40]
Src_cls_loss	: 0.2467
-------------------------------------
[Epoch : 11/40]
Src_cls_loss	: 0.2316
-------------------------------------
[Epoch : 12/40]
Src_cls_loss	: 0.2179
-------------------------------------
[Epoch : 13/40]
Src_cls_loss	: 0.2067
-------------------------------------
[Epoch : 14/40]
Src_cls_loss	: 0.1973
-------------------------------------
[Epoch : 15/40]
Src_cls_loss	: 0.1889
-------------------------------------
[Epoch : 16/40]
Src_cls_loss	: 0.1808
-------------------------------------
[Epoch : 17/40]
Src_cls_loss	: 0.1750
-------------------------------------
[Epoch : 18/40]
Src_cls_loss	: 0.1694
-------------------------------------
[Epoch : 19/40]
Src_cls_loss	: 0.1626
-------------------------------------
[Epoch : 20/40]
Src_cls_loss	: 0.1562
-------------------------------------
[Epoch : 21/40]
Src_cls_loss	: 0.1506
-------------------------------------
[Epoch : 22/40]
Src_cls_loss	: 0.1451
-------------------------------------
[Epoch : 23/40]
Src_cls_loss	: 0.1408
-------------------------------------
[Epoch : 24/40]
Src_cls_loss	: 0.1363
-------------------------------------
[Epoch : 25/40]
Src_cls_loss	: 0.1323
-------------------------------------
[Epoch : 26/40]
Src_cls_loss	: 0.1282
-------------------------------------
[Epoch : 27/40]
Src_cls_loss	: 0.1241
-------------------------------------
[Epoch : 28/40]
Src_cls_loss	: 0.1204
-------------------------------------
[Epoch : 29/40]
Src_cls_loss	: 0.1169
-------------------------------------
[Epoch : 30/40]
Src_cls_loss	: 0.1136
-------------------------------------
[Epoch : 31/40]
Src_cls_loss	: 0.1107
-------------------------------------
[Epoch : 32/40]
Src_cls_loss	: 0.1082
-------------------------------------
[Epoch : 33/40]
Src_cls_loss	: 0.1062
-------------------------------------
[Epoch : 34/40]
Src_cls_loss	: 0.1042
-------------------------------------
[Epoch : 35/40]
Src_cls_loss	: 0.1016
-------------------------------------
[Epoch : 36/40]
Src_cls_loss	: 0.0994
-------------------------------------
[Epoch : 37/40]
Src_cls_loss	: 0.0970
-------------------------------------
[Epoch : 38/40]
Src_cls_loss	: 0.0949
-------------------------------------
[Epoch : 39/40]
Src_cls_loss	: 0.0931
-------------------------------------
[Epoch : 40/40]
Src_cls_loss	: 0.0917
-------------------------------------
