=============================================
Dataset: realworld_mobiact
Method:  SYN
=============================================
Source: syn_wal_18 ---> Target: dp_wal_18
Run ID: 6
=============================================
[Epoch : 1/40]
Src_cls_loss	: 0.8585
-------------------------------------
[Epoch : 2/40]
Src_cls_loss	: 0.6752
-------------------------------------
[Epoch : 3/40]
Src_cls_loss	: 0.5312
-------------------------------------
[Epoch : 4/40]
Src_cls_loss	: 0.4329
-------------------------------------
[Epoch : 5/40]
Src_cls_loss	: 0.3646
-------------------------------------
[Epoch : 6/40]
Src_cls_loss	: 0.3134
-------------------------------------
[Epoch : 7/40]
Src_cls_loss	: 0.2742
-------------------------------------
[Epoch : 8/40]
Src_cls_loss	: 0.2433
-------------------------------------
[Epoch : 9/40]
Src_cls_loss	: 0.2190
-------------------------------------
[Epoch : 10/40]
Src_cls_loss	: 0.1996
-------------------------------------
[Epoch : 11/40]
Src_cls_loss	: 0.1834
-------------------------------------
[Epoch : 12/40]
Src_cls_loss	: 0.1698
-------------------------------------
[Epoch : 13/40]
Src_cls_loss	: 0.1581
-------------------------------------
[Epoch : 14/40]
Src_cls_loss	: 0.1479
-------------------------------------
[Epoch : 15/40]
Src_cls_loss	: 0.1388
-------------------------------------
[Epoch : 16/40]
Src_cls_loss	: 0.1308
-------------------------------------
[Epoch : 17/40]
Src_cls_loss	: 0.1236
-------------------------------------
[Epoch : 18/40]
Src_cls_loss	: 0.1173
-------------------------------------
[Epoch : 19/40]
Src_cls_loss	: 0.1118
-------------------------------------
[Epoch : 20/40]
Src_cls_loss	: 0.1066
-------------------------------------
[Epoch : 21/40]
Src_cls_loss	: 0.1018
-------------------------------------
[Epoch : 22/40]
Src_cls_loss	: 0.0975
-------------------------------------
[Epoch : 23/40]
Src_cls_loss	: 0.0935
-------------------------------------
[Epoch : 24/40]
Src_cls_loss	: 0.0897
-------------------------------------
[Epoch : 25/40]
Src_cls_loss	: 0.0863
-------------------------------------
[Epoch : 26/40]
Src_cls_loss	: 0.0832
-------------------------------------
[Epoch : 27/40]
Src_cls_loss	: 0.0804
-------------------------------------
[Epoch : 28/40]
Src_cls_loss	: 0.0777
-------------------------------------
[Epoch : 29/40]
Src_cls_loss	: 0.0754
-------------------------------------
[Epoch : 30/40]
Src_cls_loss	: 0.0731
-------------------------------------
[Epoch : 31/40]
Src_cls_loss	: 0.0709
-------------------------------------
[Epoch : 32/40]
Src_cls_loss	: 0.0689
-------------------------------------
[Epoch : 33/40]
Src_cls_loss	: 0.0669
-------------------------------------
[Epoch : 34/40]
Src_cls_loss	: 0.0650
-------------------------------------
[Epoch : 35/40]
Src_cls_loss	: 0.0633
-------------------------------------
[Epoch : 36/40]
Src_cls_loss	: 0.0616
-------------------------------------
[Epoch : 37/40]
Src_cls_loss	: 0.0600
-------------------------------------
[Epoch : 38/40]
Src_cls_loss	: 0.0585
-------------------------------------
[Epoch : 39/40]
Src_cls_loss	: 0.0571
-------------------------------------
[Epoch : 40/40]
Src_cls_loss	: 0.0557
-------------------------------------
