=============================================
Dataset: realworld_mobiact
Method:  SYN
=============================================
Source: syn_wal_69 ---> Target: dp_wal_69
Run ID: 6
=============================================
[Epoch : 1/40]
Src_cls_loss	: 0.8765
-------------------------------------
[Epoch : 2/40]
Src_cls_loss	: 0.6789
-------------------------------------
[Epoch : 3/40]
Src_cls_loss	: 0.5407
-------------------------------------
[Epoch : 4/40]
Src_cls_loss	: 0.4397
-------------------------------------
[Epoch : 5/40]
Src_cls_loss	: 0.3714
-------------------------------------
[Epoch : 6/40]
Src_cls_loss	: 0.3198
-------------------------------------
[Epoch : 7/40]
Src_cls_loss	: 0.2819
-------------------------------------
[Epoch : 8/40]
Src_cls_loss	: 0.2528
-------------------------------------
[Epoch : 9/40]
Src_cls_loss	: 0.2292
-------------------------------------
[Epoch : 10/40]
Src_cls_loss	: 0.2088
-------------------------------------
[Epoch : 11/40]
Src_cls_loss	: 0.1918
-------------------------------------
[Epoch : 12/40]
Src_cls_loss	: 0.1781
-------------------------------------
[Epoch : 13/40]
Src_cls_loss	: 0.1657
-------------------------------------
[Epoch : 14/40]
Src_cls_loss	: 0.1550
-------------------------------------
[Epoch : 15/40]
Src_cls_loss	: 0.1455
-------------------------------------
[Epoch : 16/40]
Src_cls_loss	: 0.1371
-------------------------------------
[Epoch : 17/40]
Src_cls_loss	: 0.1296
-------------------------------------
[Epoch : 18/40]
Src_cls_loss	: 0.1233
-------------------------------------
[Epoch : 19/40]
Src_cls_loss	: 0.1173
-------------------------------------
[Epoch : 20/40]
Src_cls_loss	: 0.1120
-------------------------------------
[Epoch : 21/40]
Src_cls_loss	: 0.1070
-------------------------------------
[Epoch : 22/40]
Src_cls_loss	: 0.1024
-------------------------------------
[Epoch : 23/40]
Src_cls_loss	: 0.0983
-------------------------------------
[Epoch : 24/40]
Src_cls_loss	: 0.0944
-------------------------------------
[Epoch : 25/40]
Src_cls_loss	: 0.0910
-------------------------------------
[Epoch : 26/40]
Src_cls_loss	: 0.0878
-------------------------------------
[Epoch : 27/40]
Src_cls_loss	: 0.0847
-------------------------------------
[Epoch : 28/40]
Src_cls_loss	: 0.0818
-------------------------------------
[Epoch : 29/40]
Src_cls_loss	: 0.0792
-------------------------------------
[Epoch : 30/40]
Src_cls_loss	: 0.0766
-------------------------------------
[Epoch : 31/40]
Src_cls_loss	: 0.0742
-------------------------------------
[Epoch : 32/40]
Src_cls_loss	: 0.0720
-------------------------------------
[Epoch : 33/40]
Src_cls_loss	: 0.0699
-------------------------------------
[Epoch : 34/40]
Src_cls_loss	: 0.0680
-------------------------------------
[Epoch : 35/40]
Src_cls_loss	: 0.0662
-------------------------------------
[Epoch : 36/40]
Src_cls_loss	: 0.0645
-------------------------------------
[Epoch : 37/40]
Src_cls_loss	: 0.0629
-------------------------------------
[Epoch : 38/40]
Src_cls_loss	: 0.0614
-------------------------------------
[Epoch : 39/40]
Src_cls_loss	: 0.0600
-------------------------------------
[Epoch : 40/40]
Src_cls_loss	: 0.0586
-------------------------------------
