=============================================
Dataset: pamap_realworld
Method:  Deep_Coral
=============================================
Source: df ---> Target: dp_wal_14
Run ID: 0
=============================================
[Epoch : 1/40]
Total_loss	: 3.3048
Src_cls_loss	: 0.4953
coral_loss	: 0.0007
-------------------------------------
[Epoch : 2/40]
Total_loss	: 2.3736
Src_cls_loss	: 0.3556
coral_loss	: 0.0006
-------------------------------------
[Epoch : 3/40]
Total_loss	: 1.8768
Src_cls_loss	: 0.2810
coral_loss	: 0.0007
-------------------------------------
[Epoch : 4/40]
Total_loss	: 1.6336
Src_cls_loss	: 0.2445
coral_loss	: 0.0006
-------------------------------------
[Epoch : 5/40]
Total_loss	: 1.4616
Src_cls_loss	: 0.2187
coral_loss	: 0.0006
-------------------------------------
[Epoch : 6/40]
Total_loss	: 1.2977
Src_cls_loss	: 0.1941
coral_loss	: 0.0007
-------------------------------------
[Epoch : 7/40]
Total_loss	: 1.1858
Src_cls_loss	: 0.1773
coral_loss	: 0.0007
-------------------------------------
[Epoch : 8/40]
Total_loss	: 1.1019
Src_cls_loss	: 0.1647
coral_loss	: 0.0007
-------------------------------------
[Epoch : 9/40]
Total_loss	: 1.0220
Src_cls_loss	: 0.1527
coral_loss	: 0.0007
-------------------------------------
[Epoch : 10/40]
Total_loss	: 0.9501
Src_cls_loss	: 0.1419
coral_loss	: 0.0007
-------------------------------------
[Epoch : 11/40]
Total_loss	: 0.8952
Src_cls_loss	: 0.1337
coral_loss	: 0.0007
-------------------------------------
[Epoch : 12/40]
Total_loss	: 0.8449
Src_cls_loss	: 0.1261
coral_loss	: 0.0007
-------------------------------------
[Epoch : 13/40]
Total_loss	: 0.8089
Src_cls_loss	: 0.1207
coral_loss	: 0.0007
-------------------------------------
[Epoch : 14/40]
Total_loss	: 0.7719
Src_cls_loss	: 0.1152
coral_loss	: 0.0007
-------------------------------------
[Epoch : 15/40]
Total_loss	: 0.7374
Src_cls_loss	: 0.1100
coral_loss	: 0.0007
-------------------------------------
[Epoch : 16/40]
Total_loss	: 0.7113
Src_cls_loss	: 0.1061
coral_loss	: 0.0007
-------------------------------------
[Epoch : 17/40]
Total_loss	: 0.6874
Src_cls_loss	: 0.1025
coral_loss	: 0.0007
-------------------------------------
[Epoch : 18/40]
Total_loss	: 0.6618
Src_cls_loss	: 0.0987
coral_loss	: 0.0007
-------------------------------------
[Epoch : 19/40]
Total_loss	: 0.6385
Src_cls_loss	: 0.0952
coral_loss	: 0.0007
-------------------------------------
[Epoch : 20/40]
Total_loss	: 0.6171
Src_cls_loss	: 0.0920
coral_loss	: 0.0007
-------------------------------------
[Epoch : 21/40]
Total_loss	: 0.5979
Src_cls_loss	: 0.0891
coral_loss	: 0.0007
-------------------------------------
[Epoch : 22/40]
Total_loss	: 0.5786
Src_cls_loss	: 0.0862
coral_loss	: 0.0007
-------------------------------------
[Epoch : 23/40]
Total_loss	: 0.5611
Src_cls_loss	: 0.0836
coral_loss	: 0.0007
-------------------------------------
[Epoch : 24/40]
Total_loss	: 0.5429
Src_cls_loss	: 0.0808
coral_loss	: 0.0007
-------------------------------------
[Epoch : 25/40]
Total_loss	: 0.5290
Src_cls_loss	: 0.0787
coral_loss	: 0.0007
-------------------------------------
[Epoch : 26/40]
Total_loss	: 0.5146
Src_cls_loss	: 0.0766
coral_loss	: 0.0007
-------------------------------------
[Epoch : 27/40]
Total_loss	: 0.5024
Src_cls_loss	: 0.0747
coral_loss	: 0.0007
-------------------------------------
[Epoch : 28/40]
Total_loss	: 0.4895
Src_cls_loss	: 0.0728
coral_loss	: 0.0007
-------------------------------------
[Epoch : 29/40]
Total_loss	: 0.4775
Src_cls_loss	: 0.0710
coral_loss	: 0.0007
-------------------------------------
[Epoch : 30/40]
Total_loss	: 0.4669
Src_cls_loss	: 0.0694
coral_loss	: 0.0007
-------------------------------------
[Epoch : 31/40]
Total_loss	: 0.4578
Src_cls_loss	: 0.0681
coral_loss	: 0.0007
-------------------------------------
[Epoch : 32/40]
Total_loss	: 0.4491
Src_cls_loss	: 0.0668
coral_loss	: 0.0007
-------------------------------------
[Epoch : 33/40]
Total_loss	: 0.4396
Src_cls_loss	: 0.0653
coral_loss	: 0.0007
-------------------------------------
[Epoch : 34/40]
Total_loss	: 0.4292
Src_cls_loss	: 0.0638
coral_loss	: 0.0007
-------------------------------------
[Epoch : 35/40]
Total_loss	: 0.4208
Src_cls_loss	: 0.0625
coral_loss	: 0.0007
-------------------------------------
[Epoch : 36/40]
Total_loss	: 0.4119
Src_cls_loss	: 0.0612
coral_loss	: 0.0007
-------------------------------------
[Epoch : 37/40]
Total_loss	: 0.4038
Src_cls_loss	: 0.0600
coral_loss	: 0.0007
-------------------------------------
[Epoch : 38/40]
Total_loss	: 0.3975
Src_cls_loss	: 0.0590
coral_loss	: 0.0007
-------------------------------------
[Epoch : 39/40]
Total_loss	: 0.3909
Src_cls_loss	: 0.0580
coral_loss	: 0.0006
-------------------------------------
[Epoch : 40/40]
Total_loss	: 0.3841
Src_cls_loss	: 0.0570
coral_loss	: 0.0006
-------------------------------------
