=============================================
Dataset: pamap_mobiact
Method:  SYN
=============================================
Source: syn_wal_37 ---> Target: dp_wal_37
Run ID: 0
=============================================
[Epoch : 1/40]
Src_cls_loss	: 0.6475
-------------------------------------
[Epoch : 2/40]
Src_cls_loss	: 0.4494
-------------------------------------
[Epoch : 3/40]
Src_cls_loss	: 0.3447
-------------------------------------
[Epoch : 4/40]
Src_cls_loss	: 0.2856
-------------------------------------
[Epoch : 5/40]
Src_cls_loss	: 0.2405
-------------------------------------
[Epoch : 6/40]
Src_cls_loss	: 0.2087
-------------------------------------
[Epoch : 7/40]
Src_cls_loss	: 0.1844
-------------------------------------
[Epoch : 8/40]
Src_cls_loss	: 0.1658
-------------------------------------
[Epoch : 9/40]
Src_cls_loss	: 0.1498
-------------------------------------
[Epoch : 10/40]
Src_cls_loss	: 0.1370
-------------------------------------
[Epoch : 11/40]
Src_cls_loss	: 0.1260
-------------------------------------
[Epoch : 12/40]
Src_cls_loss	: 0.1165
-------------------------------------
[Epoch : 13/40]
Src_cls_loss	: 0.1083
-------------------------------------
[Epoch : 14/40]
Src_cls_loss	: 0.1014
-------------------------------------
[Epoch : 15/40]
Src_cls_loss	: 0.0958
-------------------------------------
[Epoch : 16/40]
Src_cls_loss	: 0.0905
-------------------------------------
[Epoch : 17/40]
Src_cls_loss	: 0.0857
-------------------------------------
[Epoch : 18/40]
Src_cls_loss	: 0.0813
-------------------------------------
[Epoch : 19/40]
Src_cls_loss	: 0.0774
-------------------------------------
[Epoch : 20/40]
Src_cls_loss	: 0.0741
-------------------------------------
[Epoch : 21/40]
Src_cls_loss	: 0.0709
-------------------------------------
[Epoch : 22/40]
Src_cls_loss	: 0.0681
-------------------------------------
[Epoch : 23/40]
Src_cls_loss	: 0.0654
-------------------------------------
[Epoch : 24/40]
Src_cls_loss	: 0.0629
-------------------------------------
[Epoch : 25/40]
Src_cls_loss	: 0.0606
-------------------------------------
[Epoch : 26/40]
Src_cls_loss	: 0.0584
-------------------------------------
[Epoch : 27/40]
Src_cls_loss	: 0.0565
-------------------------------------
[Epoch : 28/40]
Src_cls_loss	: 0.0546
-------------------------------------
[Epoch : 29/40]
Src_cls_loss	: 0.0531
-------------------------------------
[Epoch : 30/40]
Src_cls_loss	: 0.0515
-------------------------------------
[Epoch : 31/40]
Src_cls_loss	: 0.0499
-------------------------------------
[Epoch : 32/40]
Src_cls_loss	: 0.0485
-------------------------------------
[Epoch : 33/40]
Src_cls_loss	: 0.0472
-------------------------------------
[Epoch : 34/40]
Src_cls_loss	: 0.0459
-------------------------------------
[Epoch : 35/40]
Src_cls_loss	: 0.0446
-------------------------------------
[Epoch : 36/40]
Src_cls_loss	: 0.0436
-------------------------------------
[Epoch : 37/40]
Src_cls_loss	: 0.0426
-------------------------------------
[Epoch : 38/40]
Src_cls_loss	: 0.0416
-------------------------------------
[Epoch : 39/40]
Src_cls_loss	: 0.0406
-------------------------------------
[Epoch : 40/40]
Src_cls_loss	: 0.0396
-------------------------------------
