=============================================
Dataset: pamap_mobiact
Method:  Deep_Coral
=============================================
Source: df ---> Target: dp_6
Run ID: 0
=============================================
[Epoch : 1/40]
Total_loss	: 3.4185
Src_cls_loss	: 0.5128
coral_loss	: 0.0003
-------------------------------------
[Epoch : 2/40]
Total_loss	: 2.4408
Src_cls_loss	: 0.3659
coral_loss	: 0.0004
-------------------------------------
[Epoch : 3/40]
Total_loss	: 1.9746
Src_cls_loss	: 0.2959
coral_loss	: 0.0005
-------------------------------------
[Epoch : 4/40]
Total_loss	: 1.6775
Src_cls_loss	: 0.2513
coral_loss	: 0.0004
-------------------------------------
[Epoch : 5/40]
Total_loss	: 1.4701
Src_cls_loss	: 0.2202
coral_loss	: 0.0004
-------------------------------------
[Epoch : 6/40]
Total_loss	: 1.3270
Src_cls_loss	: 0.1988
coral_loss	: 0.0004
-------------------------------------
[Epoch : 7/40]
Total_loss	: 1.2222
Src_cls_loss	: 0.1831
coral_loss	: 0.0004
-------------------------------------
[Epoch : 8/40]
Total_loss	: 1.1198
Src_cls_loss	: 0.1677
coral_loss	: 0.0004
-------------------------------------
[Epoch : 9/40]
Total_loss	: 1.0440
Src_cls_loss	: 0.1563
coral_loss	: 0.0004
-------------------------------------
[Epoch : 10/40]
Total_loss	: 0.9705
Src_cls_loss	: 0.1453
coral_loss	: 0.0004
-------------------------------------
[Epoch : 11/40]
Total_loss	: 0.9116
Src_cls_loss	: 0.1365
coral_loss	: 0.0004
-------------------------------------
[Epoch : 12/40]
Total_loss	: 0.8616
Src_cls_loss	: 0.1290
coral_loss	: 0.0004
-------------------------------------
[Epoch : 13/40]
Total_loss	: 0.8205
Src_cls_loss	: 0.1228
coral_loss	: 0.0004
-------------------------------------
[Epoch : 14/40]
Total_loss	: 0.7822
Src_cls_loss	: 0.1171
coral_loss	: 0.0003
-------------------------------------
[Epoch : 15/40]
Total_loss	: 0.7520
Src_cls_loss	: 0.1125
coral_loss	: 0.0003
-------------------------------------
[Epoch : 16/40]
Total_loss	: 0.7172
Src_cls_loss	: 0.1073
coral_loss	: 0.0003
-------------------------------------
[Epoch : 17/40]
Total_loss	: 0.6912
Src_cls_loss	: 0.1034
coral_loss	: 0.0003
-------------------------------------
[Epoch : 18/40]
Total_loss	: 0.6649
Src_cls_loss	: 0.0995
coral_loss	: 0.0003
-------------------------------------
[Epoch : 19/40]
Total_loss	: 0.6392
Src_cls_loss	: 0.0956
coral_loss	: 0.0003
-------------------------------------
[Epoch : 20/40]
Total_loss	: 0.6151
Src_cls_loss	: 0.0920
coral_loss	: 0.0003
-------------------------------------
[Epoch : 21/40]
Total_loss	: 0.5925
Src_cls_loss	: 0.0886
coral_loss	: 0.0003
-------------------------------------
[Epoch : 22/40]
Total_loss	: 0.5750
Src_cls_loss	: 0.0860
coral_loss	: 0.0003
-------------------------------------
[Epoch : 23/40]
Total_loss	: 0.5561
Src_cls_loss	: 0.0832
coral_loss	: 0.0003
-------------------------------------
[Epoch : 24/40]
Total_loss	: 0.5414
Src_cls_loss	: 0.0810
coral_loss	: 0.0003
-------------------------------------
[Epoch : 25/40]
Total_loss	: 0.5252
Src_cls_loss	: 0.0785
coral_loss	: 0.0003
-------------------------------------
[Epoch : 26/40]
Total_loss	: 0.5094
Src_cls_loss	: 0.0762
coral_loss	: 0.0003
-------------------------------------
[Epoch : 27/40]
Total_loss	: 0.4947
Src_cls_loss	: 0.0740
coral_loss	: 0.0003
-------------------------------------
[Epoch : 28/40]
Total_loss	: 0.4821
Src_cls_loss	: 0.0721
coral_loss	: 0.0003
-------------------------------------
[Epoch : 29/40]
Total_loss	: 0.4707
Src_cls_loss	: 0.0704
coral_loss	: 0.0003
-------------------------------------
[Epoch : 30/40]
Total_loss	: 0.4587
Src_cls_loss	: 0.0686
coral_loss	: 0.0003
-------------------------------------
[Epoch : 31/40]
Total_loss	: 0.4493
Src_cls_loss	: 0.0672
coral_loss	: 0.0003
-------------------------------------
[Epoch : 32/40]
Total_loss	: 0.4393
Src_cls_loss	: 0.0657
coral_loss	: 0.0003
-------------------------------------
[Epoch : 33/40]
Total_loss	: 0.4307
Src_cls_loss	: 0.0644
coral_loss	: 0.0003
-------------------------------------
[Epoch : 34/40]
Total_loss	: 0.4222
Src_cls_loss	: 0.0631
coral_loss	: 0.0003
-------------------------------------
[Epoch : 35/40]
Total_loss	: 0.4124
Src_cls_loss	: 0.0616
coral_loss	: 0.0003
-------------------------------------
[Epoch : 36/40]
Total_loss	: 0.4051
Src_cls_loss	: 0.0605
coral_loss	: 0.0003
-------------------------------------
[Epoch : 37/40]
Total_loss	: 0.3986
Src_cls_loss	: 0.0595
coral_loss	: 0.0003
-------------------------------------
[Epoch : 38/40]
Total_loss	: 0.3907
Src_cls_loss	: 0.0584
coral_loss	: 0.0003
-------------------------------------
[Epoch : 39/40]
Total_loss	: 0.3830
Src_cls_loss	: 0.0572
coral_loss	: 0.0003
-------------------------------------
[Epoch : 40/40]
Total_loss	: 0.3777
Src_cls_loss	: 0.0564
coral_loss	: 0.0003
-------------------------------------
