=============================================
Dataset: realworld_mobiact
Method:  SYN
=============================================
Source: syn_wal_68 ---> Target: dp_wal_68
Run ID: 2
=============================================
[Epoch : 1/40]
Src_cls_loss	: 0.8430
-------------------------------------
[Epoch : 2/40]
Src_cls_loss	: 0.6592
-------------------------------------
[Epoch : 3/40]
Src_cls_loss	: 0.5291
-------------------------------------
[Epoch : 4/40]
Src_cls_loss	: 0.4354
-------------------------------------
[Epoch : 5/40]
Src_cls_loss	: 0.3691
-------------------------------------
[Epoch : 6/40]
Src_cls_loss	: 0.3205
-------------------------------------
[Epoch : 7/40]
Src_cls_loss	: 0.2834
-------------------------------------
[Epoch : 8/40]
Src_cls_loss	: 0.2544
-------------------------------------
[Epoch : 9/40]
Src_cls_loss	: 0.2301
-------------------------------------
[Epoch : 10/40]
Src_cls_loss	: 0.2101
-------------------------------------
[Epoch : 11/40]
Src_cls_loss	: 0.1938
-------------------------------------
[Epoch : 12/40]
Src_cls_loss	: 0.1797
-------------------------------------
[Epoch : 13/40]
Src_cls_loss	: 0.1676
-------------------------------------
[Epoch : 14/40]
Src_cls_loss	: 0.1575
-------------------------------------
[Epoch : 15/40]
Src_cls_loss	: 0.1483
-------------------------------------
[Epoch : 16/40]
Src_cls_loss	: 0.1404
-------------------------------------
[Epoch : 17/40]
Src_cls_loss	: 0.1334
-------------------------------------
[Epoch : 18/40]
Src_cls_loss	: 0.1270
-------------------------------------
[Epoch : 19/40]
Src_cls_loss	: 0.1211
-------------------------------------
[Epoch : 20/40]
Src_cls_loss	: 0.1161
-------------------------------------
[Epoch : 21/40]
Src_cls_loss	: 0.1113
-------------------------------------
[Epoch : 22/40]
Src_cls_loss	: 0.1069
-------------------------------------
[Epoch : 23/40]
Src_cls_loss	: 0.1030
-------------------------------------
[Epoch : 24/40]
Src_cls_loss	: 0.0994
-------------------------------------
[Epoch : 25/40]
Src_cls_loss	: 0.0960
-------------------------------------
[Epoch : 26/40]
Src_cls_loss	: 0.0928
-------------------------------------
[Epoch : 27/40]
Src_cls_loss	: 0.0899
-------------------------------------
[Epoch : 28/40]
Src_cls_loss	: 0.0871
-------------------------------------
[Epoch : 29/40]
Src_cls_loss	: 0.0846
-------------------------------------
[Epoch : 30/40]
Src_cls_loss	: 0.0822
-------------------------------------
[Epoch : 31/40]
Src_cls_loss	: 0.0799
-------------------------------------
[Epoch : 32/40]
Src_cls_loss	: 0.0776
-------------------------------------
[Epoch : 33/40]
Src_cls_loss	: 0.0756
-------------------------------------
[Epoch : 34/40]
Src_cls_loss	: 0.0737
-------------------------------------
[Epoch : 35/40]
Src_cls_loss	: 0.0720
-------------------------------------
[Epoch : 36/40]
Src_cls_loss	: 0.0703
-------------------------------------
[Epoch : 37/40]
Src_cls_loss	: 0.0687
-------------------------------------
[Epoch : 38/40]
Src_cls_loss	: 0.0672
-------------------------------------
[Epoch : 39/40]
Src_cls_loss	: 0.0658
-------------------------------------
[Epoch : 40/40]
Src_cls_loss	: 0.0644
-------------------------------------
