=============================================
Dataset: pamap_mobiact
Method:  NO_ADAPT
=============================================
Source: syn_32 ---> Target: dp_32
Run ID: 2
=============================================
[Epoch : 1/40]
Src_cls_loss	: 0.8038
-------------------------------------
[Epoch : 2/40]
Src_cls_loss	: 0.6986
-------------------------------------
[Epoch : 3/40]
Src_cls_loss	: 0.6199
-------------------------------------
[Epoch : 4/40]
Src_cls_loss	: 0.5481
-------------------------------------
[Epoch : 5/40]
Src_cls_loss	: 0.4877
-------------------------------------
[Epoch : 6/40]
Src_cls_loss	: 0.4378
-------------------------------------
[Epoch : 7/40]
Src_cls_loss	: 0.3988
-------------------------------------
[Epoch : 8/40]
Src_cls_loss	: 0.3683
-------------------------------------
[Epoch : 9/40]
Src_cls_loss	: 0.3431
-------------------------------------
[Epoch : 10/40]
Src_cls_loss	: 0.3223
-------------------------------------
[Epoch : 11/40]
Src_cls_loss	: 0.3022
-------------------------------------
[Epoch : 12/40]
Src_cls_loss	: 0.2880
-------------------------------------
[Epoch : 13/40]
Src_cls_loss	: 0.2728
-------------------------------------
[Epoch : 14/40]
Src_cls_loss	: 0.2584
-------------------------------------
[Epoch : 15/40]
Src_cls_loss	: 0.2487
-------------------------------------
[Epoch : 16/40]
Src_cls_loss	: 0.2379
-------------------------------------
[Epoch : 17/40]
Src_cls_loss	: 0.2276
-------------------------------------
[Epoch : 18/40]
Src_cls_loss	: 0.2185
-------------------------------------
[Epoch : 19/40]
Src_cls_loss	: 0.2109
-------------------------------------
[Epoch : 20/40]
Src_cls_loss	: 0.2038
-------------------------------------
[Epoch : 21/40]
Src_cls_loss	: 0.1972
-------------------------------------
[Epoch : 22/40]
Src_cls_loss	: 0.1908
-------------------------------------
[Epoch : 23/40]
Src_cls_loss	: 0.1851
-------------------------------------
[Epoch : 24/40]
Src_cls_loss	: 0.1793
-------------------------------------
[Epoch : 25/40]
Src_cls_loss	: 0.1737
-------------------------------------
[Epoch : 26/40]
Src_cls_loss	: 0.1688
-------------------------------------
[Epoch : 27/40]
Src_cls_loss	: 0.1654
-------------------------------------
[Epoch : 28/40]
Src_cls_loss	: 0.1617
-------------------------------------
[Epoch : 29/40]
Src_cls_loss	: 0.1577
-------------------------------------
[Epoch : 30/40]
Src_cls_loss	: 0.1539
-------------------------------------
[Epoch : 31/40]
Src_cls_loss	: 0.1501
-------------------------------------
[Epoch : 32/40]
Src_cls_loss	: 0.1472
-------------------------------------
[Epoch : 33/40]
Src_cls_loss	: 0.1445
-------------------------------------
[Epoch : 34/40]
Src_cls_loss	: 0.1417
-------------------------------------
[Epoch : 35/40]
Src_cls_loss	: 0.1386
-------------------------------------
[Epoch : 36/40]
Src_cls_loss	: 0.1356
-------------------------------------
[Epoch : 37/40]
Src_cls_loss	: 0.1333
-------------------------------------
[Epoch : 38/40]
Src_cls_loss	: 0.1307
-------------------------------------
[Epoch : 39/40]
Src_cls_loss	: 0.1283
-------------------------------------
[Epoch : 40/40]
Src_cls_loss	: 0.1256
-------------------------------------
