=============================================
Dataset: realworld_pamap
Method:  Deep_Coral
=============================================
Source: df ---> Target: dp_wal_17
Run ID: 0
=============================================
[Epoch : 1/40]
Total_loss	: 2.4523
Src_cls_loss	: 0.3674
coral_loss	: 0.0007
-------------------------------------
[Epoch : 2/40]
Total_loss	: 2.0043
Src_cls_loss	: 0.3002
coral_loss	: 0.0007
-------------------------------------
[Epoch : 3/40]
Total_loss	: 1.7614
Src_cls_loss	: 0.2637
coral_loss	: 0.0006
-------------------------------------
[Epoch : 4/40]
Total_loss	: 1.6052
Src_cls_loss	: 0.2403
coral_loss	: 0.0006
-------------------------------------
[Epoch : 5/40]
Total_loss	: 1.4931
Src_cls_loss	: 0.2235
coral_loss	: 0.0006
-------------------------------------
[Epoch : 6/40]
Total_loss	: 1.4110
Src_cls_loss	: 0.2112
coral_loss	: 0.0006
-------------------------------------
[Epoch : 7/40]
Total_loss	: 1.3457
Src_cls_loss	: 0.2014
coral_loss	: 0.0005
-------------------------------------
[Epoch : 8/40]
Total_loss	: 1.2861
Src_cls_loss	: 0.1925
coral_loss	: 0.0005
-------------------------------------
[Epoch : 9/40]
Total_loss	: 1.2287
Src_cls_loss	: 0.1839
coral_loss	: 0.0005
-------------------------------------
[Epoch : 10/40]
Total_loss	: 1.1810
Src_cls_loss	: 0.1768
coral_loss	: 0.0005
-------------------------------------
[Epoch : 11/40]
Total_loss	: 1.1379
Src_cls_loss	: 0.1703
coral_loss	: 0.0005
-------------------------------------
[Epoch : 12/40]
Total_loss	: 1.0987
Src_cls_loss	: 0.1644
coral_loss	: 0.0005
-------------------------------------
[Epoch : 13/40]
Total_loss	: 1.0628
Src_cls_loss	: 0.1591
coral_loss	: 0.0005
-------------------------------------
[Epoch : 14/40]
Total_loss	: 1.0305
Src_cls_loss	: 0.1542
coral_loss	: 0.0004
-------------------------------------
[Epoch : 15/40]
Total_loss	: 1.0010
Src_cls_loss	: 0.1498
coral_loss	: 0.0004
-------------------------------------
[Epoch : 16/40]
Total_loss	: 0.9724
Src_cls_loss	: 0.1455
coral_loss	: 0.0004
-------------------------------------
[Epoch : 17/40]
Total_loss	: 0.9457
Src_cls_loss	: 0.1415
coral_loss	: 0.0004
-------------------------------------
[Epoch : 18/40]
Total_loss	: 0.9217
Src_cls_loss	: 0.1379
coral_loss	: 0.0004
-------------------------------------
[Epoch : 19/40]
Total_loss	: 0.8974
Src_cls_loss	: 0.1343
coral_loss	: 0.0004
-------------------------------------
[Epoch : 20/40]
Total_loss	: 0.8748
Src_cls_loss	: 0.1309
coral_loss	: 0.0004
-------------------------------------
[Epoch : 21/40]
Total_loss	: 0.8529
Src_cls_loss	: 0.1276
coral_loss	: 0.0004
-------------------------------------
[Epoch : 22/40]
Total_loss	: 0.8319
Src_cls_loss	: 0.1245
coral_loss	: 0.0004
-------------------------------------
[Epoch : 23/40]
Total_loss	: 0.8127
Src_cls_loss	: 0.1216
coral_loss	: 0.0004
-------------------------------------
[Epoch : 24/40]
Total_loss	: 0.7940
Src_cls_loss	: 0.1188
coral_loss	: 0.0004
-------------------------------------
[Epoch : 25/40]
Total_loss	: 0.7758
Src_cls_loss	: 0.1161
coral_loss	: 0.0004
-------------------------------------
[Epoch : 26/40]
Total_loss	: 0.7579
Src_cls_loss	: 0.1134
coral_loss	: 0.0003
-------------------------------------
[Epoch : 27/40]
Total_loss	: 0.7416
Src_cls_loss	: 0.1110
coral_loss	: 0.0003
-------------------------------------
[Epoch : 28/40]
Total_loss	: 0.7256
Src_cls_loss	: 0.1086
coral_loss	: 0.0003
-------------------------------------
[Epoch : 29/40]
Total_loss	: 0.7107
Src_cls_loss	: 0.1063
coral_loss	: 0.0003
-------------------------------------
[Epoch : 30/40]
Total_loss	: 0.6967
Src_cls_loss	: 0.1042
coral_loss	: 0.0003
-------------------------------------
[Epoch : 31/40]
Total_loss	: 0.6821
Src_cls_loss	: 0.1021
coral_loss	: 0.0003
-------------------------------------
[Epoch : 32/40]
Total_loss	: 0.6681
Src_cls_loss	: 0.0999
coral_loss	: 0.0003
-------------------------------------
[Epoch : 33/40]
Total_loss	: 0.6552
Src_cls_loss	: 0.0980
coral_loss	: 0.0003
-------------------------------------
[Epoch : 34/40]
Total_loss	: 0.6433
Src_cls_loss	: 0.0962
coral_loss	: 0.0003
-------------------------------------
[Epoch : 35/40]
Total_loss	: 0.6309
Src_cls_loss	: 0.0944
coral_loss	: 0.0003
-------------------------------------
[Epoch : 36/40]
Total_loss	: 0.6196
Src_cls_loss	: 0.0927
coral_loss	: 0.0003
-------------------------------------
[Epoch : 37/40]
Total_loss	: 0.6078
Src_cls_loss	: 0.0909
coral_loss	: 0.0003
-------------------------------------
[Epoch : 38/40]
Total_loss	: 0.5968
Src_cls_loss	: 0.0893
coral_loss	: 0.0003
-------------------------------------
[Epoch : 39/40]
Total_loss	: 0.5863
Src_cls_loss	: 0.0877
coral_loss	: 0.0003
-------------------------------------
[Epoch : 40/40]
Total_loss	: 0.5765
Src_cls_loss	: 0.0862
coral_loss	: 0.0003
-------------------------------------
