=============================================
Dataset: mobiact_realworld
Method:  NO_ADAPT
=============================================
Source: syn_63 ---> Target: dp_63
Run ID: 3
=============================================
[Epoch : 1/40]
Src_cls_loss	: 0.5624
-------------------------------------
[Epoch : 2/40]
Src_cls_loss	: 0.3851
-------------------------------------
[Epoch : 3/40]
Src_cls_loss	: 0.2987
-------------------------------------
[Epoch : 4/40]
Src_cls_loss	: 0.2514
-------------------------------------
[Epoch : 5/40]
Src_cls_loss	: 0.2204
-------------------------------------
[Epoch : 6/40]
Src_cls_loss	: 0.1951
-------------------------------------
[Epoch : 7/40]
Src_cls_loss	: 0.1762
-------------------------------------
[Epoch : 8/40]
Src_cls_loss	: 0.1623
-------------------------------------
[Epoch : 9/40]
Src_cls_loss	: 0.1511
-------------------------------------
[Epoch : 10/40]
Src_cls_loss	: 0.1412
-------------------------------------
[Epoch : 11/40]
Src_cls_loss	: 0.1326
-------------------------------------
[Epoch : 12/40]
Src_cls_loss	: 0.1252
-------------------------------------
[Epoch : 13/40]
Src_cls_loss	: 0.1190
-------------------------------------
[Epoch : 14/40]
Src_cls_loss	: 0.1132
-------------------------------------
[Epoch : 15/40]
Src_cls_loss	: 0.1084
-------------------------------------
[Epoch : 16/40]
Src_cls_loss	: 0.1031
-------------------------------------
[Epoch : 17/40]
Src_cls_loss	: 0.0991
-------------------------------------
[Epoch : 18/40]
Src_cls_loss	: 0.0952
-------------------------------------
[Epoch : 19/40]
Src_cls_loss	: 0.0918
-------------------------------------
[Epoch : 20/40]
Src_cls_loss	: 0.0886
-------------------------------------
[Epoch : 21/40]
Src_cls_loss	: 0.0859
-------------------------------------
[Epoch : 22/40]
Src_cls_loss	: 0.0832
-------------------------------------
[Epoch : 23/40]
Src_cls_loss	: 0.0805
-------------------------------------
[Epoch : 24/40]
Src_cls_loss	: 0.0780
-------------------------------------
[Epoch : 25/40]
Src_cls_loss	: 0.0758
-------------------------------------
[Epoch : 26/40]
Src_cls_loss	: 0.0739
-------------------------------------
[Epoch : 27/40]
Src_cls_loss	: 0.0719
-------------------------------------
[Epoch : 28/40]
Src_cls_loss	: 0.0703
-------------------------------------
[Epoch : 29/40]
Src_cls_loss	: 0.0685
-------------------------------------
[Epoch : 30/40]
Src_cls_loss	: 0.0670
-------------------------------------
[Epoch : 31/40]
Src_cls_loss	: 0.0652
-------------------------------------
[Epoch : 32/40]
Src_cls_loss	: 0.0639
-------------------------------------
[Epoch : 33/40]
Src_cls_loss	: 0.0625
-------------------------------------
[Epoch : 34/40]
Src_cls_loss	: 0.0615
-------------------------------------
[Epoch : 35/40]
Src_cls_loss	: 0.0603
-------------------------------------
[Epoch : 36/40]
Src_cls_loss	: 0.0588
-------------------------------------
[Epoch : 37/40]
Src_cls_loss	: 0.0576
-------------------------------------
[Epoch : 38/40]
Src_cls_loss	: 0.0565
-------------------------------------
[Epoch : 39/40]
Src_cls_loss	: 0.0554
-------------------------------------
[Epoch : 40/40]
Src_cls_loss	: 0.0543
-------------------------------------
