=============================================
Dataset: realworld_mobiact
Method:  TARGET_ONLY
=============================================
Source: src ---> Target: trg
Run ID: 5
=============================================
[Epoch : 1/100]
Trg_cls_loss	: 0.6699
-------------------------------------
[Epoch : 2/100]
Trg_cls_loss	: 0.5354
-------------------------------------
[Epoch : 3/100]
Trg_cls_loss	: 0.4514
-------------------------------------
[Epoch : 4/100]
Trg_cls_loss	: 0.3891
-------------------------------------
[Epoch : 5/100]
Trg_cls_loss	: 0.3424
-------------------------------------
[Epoch : 6/100]
Trg_cls_loss	: 0.3048
-------------------------------------
[Epoch : 7/100]
Trg_cls_loss	: 0.2743
-------------------------------------
[Epoch : 8/100]
Trg_cls_loss	: 0.2494
-------------------------------------
[Epoch : 9/100]
Trg_cls_loss	: 0.2283
Src_cls_loss	: 0.0000
-------------------------------------
[Epoch : 10/100]
Trg_cls_loss	: 0.2108
Src_cls_loss	: 0.0000
-------------------------------------
[Epoch : 11/100]
Trg_cls_loss	: 0.1955
Src_cls_loss	: 0.0000
-------------------------------------
[Epoch : 12/100]
Trg_cls_loss	: 0.1824
Src_cls_loss	: 0.0000
-------------------------------------
[Epoch : 13/100]
Trg_cls_loss	: 0.1709
Src_cls_loss	: 0.0000
-------------------------------------
[Epoch : 14/100]
Trg_cls_loss	: 0.1607
Src_cls_loss	: 0.0000
-------------------------------------
[Epoch : 15/100]
Trg_cls_loss	: 0.1517
Src_cls_loss	: 0.0000
-------------------------------------
[Epoch : 16/100]
Trg_cls_loss	: 0.1434
Src_cls_loss	: 0.0000
-------------------------------------
[Epoch : 17/100]
Trg_cls_loss	: 0.1361
Src_cls_loss	: 0.0000
-------------------------------------
[Epoch : 18/100]
Trg_cls_loss	: 0.1294
Src_cls_loss	: 0.0000
-------------------------------------
[Epoch : 19/100]
Trg_cls_loss	: 0.1233
Src_cls_loss	: 0.0000
-------------------------------------
[Epoch : 20/100]
Trg_cls_loss	: 0.1178
Src_cls_loss	: 0.0000
-------------------------------------
[Epoch : 21/100]
Trg_cls_loss	: 0.1127
Src_cls_loss	: 0.0000
-------------------------------------
[Epoch : 22/100]
Trg_cls_loss	: 0.1080
Src_cls_loss	: 0.0000
-------------------------------------
[Epoch : 23/100]
Trg_cls_loss	: 0.1037
Src_cls_loss	: 0.0000
-------------------------------------
[Epoch : 24/100]
Trg_cls_loss	: 0.0998
Src_cls_loss	: 0.0000
-------------------------------------
[Epoch : 25/100]
Trg_cls_loss	: 0.0961
Src_cls_loss	: 0.0000
-------------------------------------
[Epoch : 26/100]
Trg_cls_loss	: 0.0927
Src_cls_loss	: 0.0000
-------------------------------------
[Epoch : 27/100]
Trg_cls_loss	: 0.0895
Src_cls_loss	: 0.0000
-------------------------------------
[Epoch : 28/100]
Trg_cls_loss	: 0.0866
Src_cls_loss	: 0.0000
-------------------------------------
[Epoch : 29/100]
Trg_cls_loss	: 0.0838
Src_cls_loss	: 0.0000
-------------------------------------
[Epoch : 30/100]
Trg_cls_loss	: 0.0812
Src_cls_loss	: 0.0000
-------------------------------------
[Epoch : 31/100]
Trg_cls_loss	: 0.0787
Src_cls_loss	: 0.0000
-------------------------------------
[Epoch : 32/100]
Trg_cls_loss	: 0.0764
Src_cls_loss	: 0.0000
-------------------------------------
[Epoch : 33/100]
Trg_cls_loss	: 0.0742
Src_cls_loss	: 0.0000
-------------------------------------
[Epoch : 34/100]
Trg_cls_loss	: 0.0721
Src_cls_loss	: 0.0000
-------------------------------------
[Epoch : 35/100]
Trg_cls_loss	: 0.0702
Src_cls_loss	: 0.0000
-------------------------------------
[Epoch : 36/100]
Trg_cls_loss	: 0.0685
Src_cls_loss	: 0.0000
-------------------------------------
[Epoch : 37/100]
Trg_cls_loss	: 0.0667
Src_cls_loss	: 0.0000
-------------------------------------
[Epoch : 38/100]
Trg_cls_loss	: 0.0650
Src_cls_loss	: 0.0000
-------------------------------------
[Epoch : 39/100]
Trg_cls_loss	: 0.0634
Src_cls_loss	: 0.0000
-------------------------------------
[Epoch : 40/100]
Trg_cls_loss	: 0.0619
Src_cls_loss	: 0.0000
-------------------------------------
[Epoch : 41/100]
Trg_cls_loss	: 0.0605
Src_cls_loss	: 0.0000
-------------------------------------
[Epoch : 42/100]
Trg_cls_loss	: 0.0591
Src_cls_loss	: 0.0000
-------------------------------------
[Epoch : 43/100]
Trg_cls_loss	: 0.0578
Src_cls_loss	: 0.0000
-------------------------------------
[Epoch : 44/100]
Trg_cls_loss	: 0.0566
Src_cls_loss	: 0.0000
-------------------------------------
[Epoch : 45/100]
Trg_cls_loss	: 0.0553
Src_cls_loss	: 0.0000
-------------------------------------
[Epoch : 46/100]
Trg_cls_loss	: 0.0542
Src_cls_loss	: 0.0000
-------------------------------------
[Epoch : 47/100]
Trg_cls_loss	: 0.0530
Src_cls_loss	: 0.0000
-------------------------------------
[Epoch : 48/100]
Trg_cls_loss	: 0.0520
Src_cls_loss	: 0.0000
-------------------------------------
[Epoch : 49/100]
Trg_cls_loss	: 0.0509
Src_cls_loss	: 0.0000
-------------------------------------
[Epoch : 50/100]
Trg_cls_loss	: 0.0499
Src_cls_loss	: 0.0000
-------------------------------------
[Epoch : 51/100]
Trg_cls_loss	: 0.0490
Src_cls_loss	: 0.0000
-------------------------------------
[Epoch : 52/100]
Trg_cls_loss	: 0.0481
Src_cls_loss	: 0.0000
-------------------------------------
[Epoch : 53/100]
Trg_cls_loss	: 0.0472
Src_cls_loss	: 0.0000
-------------------------------------
[Epoch : 54/100]
Trg_cls_loss	: 0.0464
Src_cls_loss	: 0.0000
-------------------------------------
[Epoch : 55/100]
Trg_cls_loss	: 0.0456
Src_cls_loss	: 0.0000
-------------------------------------
[Epoch : 56/100]
Trg_cls_loss	: 0.0448
Src_cls_loss	: 0.0000
-------------------------------------
[Epoch : 57/100]
Trg_cls_loss	: 0.0440
Src_cls_loss	: 0.0000
-------------------------------------
[Epoch : 58/100]
Trg_cls_loss	: 0.0433
Src_cls_loss	: 0.0000
-------------------------------------
[Epoch : 59/100]
Trg_cls_loss	: 0.0426
Src_cls_loss	: 0.0000
-------------------------------------
[Epoch : 60/100]
Trg_cls_loss	: 0.0419
Src_cls_loss	: 0.0000
-------------------------------------
[Epoch : 61/100]
Trg_cls_loss	: 0.0412
Src_cls_loss	: 0.0000
-------------------------------------
[Epoch : 62/100]
Trg_cls_loss	: 0.0406
Src_cls_loss	: 0.0000
-------------------------------------
[Epoch : 63/100]
Trg_cls_loss	: 0.0399
Src_cls_loss	: 0.0000
-------------------------------------
[Epoch : 64/100]
Trg_cls_loss	: 0.0393
Src_cls_loss	: 0.0000
-------------------------------------
[Epoch : 65/100]
Trg_cls_loss	: 0.0387
Src_cls_loss	: 0.0000
-------------------------------------
[Epoch : 66/100]
Trg_cls_loss	: 0.0382
Src_cls_loss	: 0.0000
-------------------------------------
[Epoch : 67/100]
Trg_cls_loss	: 0.0377
Src_cls_loss	: 0.0000
-------------------------------------
[Epoch : 68/100]
Trg_cls_loss	: 0.0371
Src_cls_loss	: 0.0000
-------------------------------------
[Epoch : 69/100]
Trg_cls_loss	: 0.0366
Src_cls_loss	: 0.0000
-------------------------------------
[Epoch : 70/100]
Trg_cls_loss	: 0.0361
Src_cls_loss	: 0.0000
-------------------------------------
[Epoch : 71/100]
Trg_cls_loss	: 0.0356
Src_cls_loss	: 0.0000
-------------------------------------
[Epoch : 72/100]
Trg_cls_loss	: 0.0351
Src_cls_loss	: 0.0000
-------------------------------------
[Epoch : 73/100]
Trg_cls_loss	: 0.0346
Src_cls_loss	: 0.0000
-------------------------------------
[Epoch : 74/100]
Trg_cls_loss	: 0.0342
Src_cls_loss	: 0.0000
-------------------------------------
[Epoch : 75/100]
Trg_cls_loss	: 0.0337
Src_cls_loss	: 0.0000
-------------------------------------
[Epoch : 76/100]
Trg_cls_loss	: 0.0333
Src_cls_loss	: 0.0000
-------------------------------------
[Epoch : 77/100]
Trg_cls_loss	: 0.0329
Src_cls_loss	: 0.0000
-------------------------------------
[Epoch : 78/100]
Trg_cls_loss	: 0.0324
Src_cls_loss	: 0.0000
-------------------------------------
[Epoch : 79/100]
Trg_cls_loss	: 0.0320
Src_cls_loss	: 0.0000
-------------------------------------
[Epoch : 80/100]
Trg_cls_loss	: 0.0316
Src_cls_loss	: 0.0000
-------------------------------------
[Epoch : 81/100]
Trg_cls_loss	: 0.0313
Src_cls_loss	: 0.0000
-------------------------------------
[Epoch : 82/100]
Trg_cls_loss	: 0.0310
Src_cls_loss	: 0.0000
-------------------------------------
[Epoch : 83/100]
Trg_cls_loss	: 0.0306
Src_cls_loss	: 0.0000
-------------------------------------
[Epoch : 84/100]
Trg_cls_loss	: 0.0303
Src_cls_loss	: 0.0000
-------------------------------------
[Epoch : 85/100]
Trg_cls_loss	: 0.0299
Src_cls_loss	: 0.0000
-------------------------------------
[Epoch : 86/100]
Trg_cls_loss	: 0.0296
Src_cls_loss	: 0.0000
-------------------------------------
[Epoch : 87/100]
Trg_cls_loss	: 0.0292
Src_cls_loss	: 0.0000
-------------------------------------
[Epoch : 88/100]
Trg_cls_loss	: 0.0289
Src_cls_loss	: 0.0000
-------------------------------------
[Epoch : 89/100]
Trg_cls_loss	: 0.0286
Src_cls_loss	: 0.0000
-------------------------------------
[Epoch : 90/100]
Trg_cls_loss	: 0.0283
Src_cls_loss	: 0.0000
-------------------------------------
[Epoch : 91/100]
Trg_cls_loss	: 0.0279
Src_cls_loss	: 0.0000
-------------------------------------
[Epoch : 92/100]
Trg_cls_loss	: 0.0276
Src_cls_loss	: 0.0000
-------------------------------------
[Epoch : 93/100]
Trg_cls_loss	: 0.0274
Src_cls_loss	: 0.0000
-------------------------------------
[Epoch : 94/100]
Trg_cls_loss	: 0.0271
Src_cls_loss	: 0.0000
-------------------------------------
[Epoch : 95/100]
Trg_cls_loss	: 0.0268
Src_cls_loss	: 0.0000
-------------------------------------
[Epoch : 96/100]
Trg_cls_loss	: 0.0266
Src_cls_loss	: 0.0000
-------------------------------------
[Epoch : 97/100]
Trg_cls_loss	: 0.0263
Src_cls_loss	: 0.0000
-------------------------------------
[Epoch : 98/100]
Trg_cls_loss	: 0.0260
Src_cls_loss	: 0.0000
-------------------------------------
[Epoch : 99/100]
Trg_cls_loss	: 0.0258
Src_cls_loss	: 0.0000
-------------------------------------
[Epoch : 100/100]
Trg_cls_loss	: 0.0255
Src_cls_loss	: 0.0000
-------------------------------------
