=============================================
Dataset: realworld_mobiact
Method:  SYN
=============================================
Source: syn_wal_63 ---> Target: dp_wal_63
Run ID: 6
=============================================
[Epoch : 1/40]
Src_cls_loss	: 0.8717
-------------------------------------
[Epoch : 2/40]
Src_cls_loss	: 0.6700
-------------------------------------
[Epoch : 3/40]
Src_cls_loss	: 0.5303
-------------------------------------
[Epoch : 4/40]
Src_cls_loss	: 0.4333
-------------------------------------
[Epoch : 5/40]
Src_cls_loss	: 0.3669
-------------------------------------
[Epoch : 6/40]
Src_cls_loss	: 0.3191
-------------------------------------
[Epoch : 7/40]
Src_cls_loss	: 0.2823
-------------------------------------
[Epoch : 8/40]
Src_cls_loss	: 0.2529
-------------------------------------
[Epoch : 9/40]
Src_cls_loss	: 0.2296
-------------------------------------
[Epoch : 10/40]
Src_cls_loss	: 0.2095
-------------------------------------
[Epoch : 11/40]
Src_cls_loss	: 0.1929
-------------------------------------
[Epoch : 12/40]
Src_cls_loss	: 0.1789
-------------------------------------
[Epoch : 13/40]
Src_cls_loss	: 0.1664
-------------------------------------
[Epoch : 14/40]
Src_cls_loss	: 0.1554
-------------------------------------
[Epoch : 15/40]
Src_cls_loss	: 0.1460
-------------------------------------
[Epoch : 16/40]
Src_cls_loss	: 0.1375
-------------------------------------
[Epoch : 17/40]
Src_cls_loss	: 0.1301
-------------------------------------
[Epoch : 18/40]
Src_cls_loss	: 0.1237
-------------------------------------
[Epoch : 19/40]
Src_cls_loss	: 0.1177
-------------------------------------
[Epoch : 20/40]
Src_cls_loss	: 0.1122
-------------------------------------
[Epoch : 21/40]
Src_cls_loss	: 0.1072
-------------------------------------
[Epoch : 22/40]
Src_cls_loss	: 0.1029
-------------------------------------
[Epoch : 23/40]
Src_cls_loss	: 0.0988
-------------------------------------
[Epoch : 24/40]
Src_cls_loss	: 0.0949
-------------------------------------
[Epoch : 25/40]
Src_cls_loss	: 0.0917
-------------------------------------
[Epoch : 26/40]
Src_cls_loss	: 0.0886
-------------------------------------
[Epoch : 27/40]
Src_cls_loss	: 0.0856
-------------------------------------
[Epoch : 28/40]
Src_cls_loss	: 0.0828
-------------------------------------
[Epoch : 29/40]
Src_cls_loss	: 0.0801
-------------------------------------
[Epoch : 30/40]
Src_cls_loss	: 0.0776
-------------------------------------
[Epoch : 31/40]
Src_cls_loss	: 0.0752
-------------------------------------
[Epoch : 32/40]
Src_cls_loss	: 0.0730
-------------------------------------
[Epoch : 33/40]
Src_cls_loss	: 0.0709
-------------------------------------
[Epoch : 34/40]
Src_cls_loss	: 0.0689
-------------------------------------
[Epoch : 35/40]
Src_cls_loss	: 0.0671
-------------------------------------
[Epoch : 36/40]
Src_cls_loss	: 0.0654
-------------------------------------
[Epoch : 37/40]
Src_cls_loss	: 0.0638
-------------------------------------
[Epoch : 38/40]
Src_cls_loss	: 0.0622
-------------------------------------
[Epoch : 39/40]
Src_cls_loss	: 0.0607
-------------------------------------
[Epoch : 40/40]
Src_cls_loss	: 0.0592
-------------------------------------
