=============================================
Dataset: realworld_mobiact
Method:  NO_ADAPT
=============================================
Source: syn_74 ---> Target: dp_74
Run ID: 8
=============================================
[Epoch : 1/40]
Src_cls_loss	: 0.8478
-------------------------------------
[Epoch : 2/40]
Src_cls_loss	: 0.6696
-------------------------------------
[Epoch : 3/40]
Src_cls_loss	: 0.5436
-------------------------------------
[Epoch : 4/40]
Src_cls_loss	: 0.4485
-------------------------------------
[Epoch : 5/40]
Src_cls_loss	: 0.3788
-------------------------------------
[Epoch : 6/40]
Src_cls_loss	: 0.3304
-------------------------------------
[Epoch : 7/40]
Src_cls_loss	: 0.2948
-------------------------------------
[Epoch : 8/40]
Src_cls_loss	: 0.2665
-------------------------------------
[Epoch : 9/40]
Src_cls_loss	: 0.2430
-------------------------------------
[Epoch : 10/40]
Src_cls_loss	: 0.2227
-------------------------------------
[Epoch : 11/40]
Src_cls_loss	: 0.2055
-------------------------------------
[Epoch : 12/40]
Src_cls_loss	: 0.1916
-------------------------------------
[Epoch : 13/40]
Src_cls_loss	: 0.1786
-------------------------------------
[Epoch : 14/40]
Src_cls_loss	: 0.1677
-------------------------------------
[Epoch : 15/40]
Src_cls_loss	: 0.1580
-------------------------------------
[Epoch : 16/40]
Src_cls_loss	: 0.1491
-------------------------------------
[Epoch : 17/40]
Src_cls_loss	: 0.1411
-------------------------------------
[Epoch : 18/40]
Src_cls_loss	: 0.1341
-------------------------------------
[Epoch : 19/40]
Src_cls_loss	: 0.1278
-------------------------------------
[Epoch : 20/40]
Src_cls_loss	: 0.1221
-------------------------------------
[Epoch : 21/40]
Src_cls_loss	: 0.1178
-------------------------------------
[Epoch : 22/40]
Src_cls_loss	: 0.1132
-------------------------------------
[Epoch : 23/40]
Src_cls_loss	: 0.1087
-------------------------------------
[Epoch : 24/40]
Src_cls_loss	: 0.1046
-------------------------------------
[Epoch : 25/40]
Src_cls_loss	: 0.1008
-------------------------------------
[Epoch : 26/40]
Src_cls_loss	: 0.0972
-------------------------------------
[Epoch : 27/40]
Src_cls_loss	: 0.0939
-------------------------------------
[Epoch : 28/40]
Src_cls_loss	: 0.0909
-------------------------------------
[Epoch : 29/40]
Src_cls_loss	: 0.0886
-------------------------------------
[Epoch : 30/40]
Src_cls_loss	: 0.0866
-------------------------------------
[Epoch : 31/40]
Src_cls_loss	: 0.0849
-------------------------------------
[Epoch : 32/40]
Src_cls_loss	: 0.0828
-------------------------------------
[Epoch : 33/40]
Src_cls_loss	: 0.0807
-------------------------------------
[Epoch : 34/40]
Src_cls_loss	: 0.0784
-------------------------------------
[Epoch : 35/40]
Src_cls_loss	: 0.0764
-------------------------------------
[Epoch : 36/40]
Src_cls_loss	: 0.0744
-------------------------------------
[Epoch : 37/40]
Src_cls_loss	: 0.0725
-------------------------------------
[Epoch : 38/40]
Src_cls_loss	: 0.0707
-------------------------------------
[Epoch : 39/40]
Src_cls_loss	: 0.0690
-------------------------------------
[Epoch : 40/40]
Src_cls_loss	: 0.0675
-------------------------------------
