=============================================
Dataset: realworld_mobiact
Method:  NO_ADAPT
=============================================
Source: syn_18 ---> Target: real_18
Run ID: 0
=============================================
[Epoch : 1/100]
Src_cls_loss	: 1.5063
-------------------------------------
[Epoch : 2/100]
Src_cls_loss	: 1.3708
-------------------------------------
[Epoch : 3/100]
Src_cls_loss	: 1.2706
-------------------------------------
[Epoch : 4/100]
Src_cls_loss	: 1.1903
-------------------------------------
[Epoch : 5/100]
Src_cls_loss	: 1.1212
-------------------------------------
[Epoch : 6/100]
Src_cls_loss	: 1.0657
-------------------------------------
[Epoch : 7/100]
Src_cls_loss	: 1.0202
-------------------------------------
[Epoch : 8/100]
Src_cls_loss	: 0.9805
-------------------------------------
[Epoch : 9/100]
Src_cls_loss	: 0.9457
-------------------------------------
[Epoch : 10/100]
Src_cls_loss	: 0.9132
-------------------------------------
[Epoch : 11/100]
Src_cls_loss	: 0.8841
-------------------------------------
[Epoch : 12/100]
Src_cls_loss	: 0.8551
-------------------------------------
[Epoch : 13/100]
Src_cls_loss	: 0.8292
-------------------------------------
[Epoch : 14/100]
Src_cls_loss	: 0.8051
-------------------------------------
[Epoch : 15/100]
Src_cls_loss	: 0.7812
-------------------------------------
[Epoch : 16/100]
Src_cls_loss	: 0.7584
-------------------------------------
[Epoch : 17/100]
Src_cls_loss	: 0.7365
-------------------------------------
[Epoch : 18/100]
Src_cls_loss	: 0.7160
-------------------------------------
[Epoch : 19/100]
Src_cls_loss	: 0.6961
-------------------------------------
[Epoch : 20/100]
Src_cls_loss	: 0.6759
-------------------------------------
[Epoch : 21/100]
Src_cls_loss	: 0.6570
-------------------------------------
[Epoch : 22/100]
Src_cls_loss	: 0.6383
-------------------------------------
[Epoch : 23/100]
Src_cls_loss	: 0.6203
-------------------------------------
[Epoch : 24/100]
Src_cls_loss	: 0.6032
-------------------------------------
[Epoch : 25/100]
Src_cls_loss	: 0.5870
-------------------------------------
[Epoch : 26/100]
Src_cls_loss	: 0.5711
-------------------------------------
[Epoch : 27/100]
Src_cls_loss	: 0.5560
-------------------------------------
[Epoch : 28/100]
Src_cls_loss	: 0.5414
-------------------------------------
[Epoch : 29/100]
Src_cls_loss	: 0.5277
-------------------------------------
[Epoch : 30/100]
Src_cls_loss	: 0.5144
-------------------------------------
[Epoch : 31/100]
Src_cls_loss	: 0.5013
-------------------------------------
[Epoch : 32/100]
Src_cls_loss	: 0.4891
-------------------------------------
[Epoch : 33/100]
Src_cls_loss	: 0.4776
-------------------------------------
[Epoch : 34/100]
Src_cls_loss	: 0.4661
-------------------------------------
[Epoch : 35/100]
Src_cls_loss	: 0.4552
-------------------------------------
[Epoch : 36/100]
Src_cls_loss	: 0.4448
-------------------------------------
[Epoch : 37/100]
Src_cls_loss	: 0.4349
-------------------------------------
[Epoch : 38/100]
Src_cls_loss	: 0.4252
-------------------------------------
[Epoch : 39/100]
Src_cls_loss	: 0.4159
-------------------------------------
[Epoch : 40/100]
Src_cls_loss	: 0.4070
-------------------------------------
[Epoch : 41/100]
Src_cls_loss	: 0.3983
-------------------------------------
[Epoch : 42/100]
Src_cls_loss	: 0.3900
-------------------------------------
[Epoch : 43/100]
Src_cls_loss	: 0.3823
-------------------------------------
[Epoch : 44/100]
Src_cls_loss	: 0.3746
-------------------------------------
[Epoch : 45/100]
Src_cls_loss	: 0.3672
-------------------------------------
[Epoch : 46/100]
Src_cls_loss	: 0.3600
-------------------------------------
[Epoch : 47/100]
Src_cls_loss	: 0.3531
-------------------------------------
[Epoch : 48/100]
Src_cls_loss	: 0.3466
-------------------------------------
[Epoch : 49/100]
Src_cls_loss	: 0.3403
-------------------------------------
[Epoch : 50/100]
Src_cls_loss	: 0.3341
-------------------------------------
[Epoch : 51/100]
Src_cls_loss	: 0.3281
-------------------------------------
[Epoch : 52/100]
Src_cls_loss	: 0.3224
-------------------------------------
[Epoch : 53/100]
Src_cls_loss	: 0.3168
-------------------------------------
[Epoch : 54/100]
Src_cls_loss	: 0.3115
-------------------------------------
[Epoch : 55/100]
Src_cls_loss	: 0.3062
-------------------------------------
[Epoch : 56/100]
Src_cls_loss	: 0.3012
-------------------------------------
[Epoch : 57/100]
Src_cls_loss	: 0.2963
-------------------------------------
[Epoch : 58/100]
Src_cls_loss	: 0.2916
-------------------------------------
[Epoch : 59/100]
Src_cls_loss	: 0.2870
-------------------------------------
[Epoch : 60/100]
Src_cls_loss	: 0.2826
-------------------------------------
[Epoch : 61/100]
Src_cls_loss	: 0.2782
-------------------------------------
[Epoch : 62/100]
Src_cls_loss	: 0.2741
-------------------------------------
[Epoch : 63/100]
Src_cls_loss	: 0.2700
-------------------------------------
[Epoch : 64/100]
Src_cls_loss	: 0.2661
-------------------------------------
[Epoch : 65/100]
Src_cls_loss	: 0.2622
-------------------------------------
[Epoch : 66/100]
Src_cls_loss	: 0.2585
-------------------------------------
[Epoch : 67/100]
Src_cls_loss	: 0.2548
-------------------------------------
[Epoch : 68/100]
Src_cls_loss	: 0.2513
-------------------------------------
[Epoch : 69/100]
Src_cls_loss	: 0.2479
-------------------------------------
[Epoch : 70/100]
Src_cls_loss	: 0.2445
-------------------------------------
[Epoch : 71/100]
Src_cls_loss	: 0.2412
-------------------------------------
[Epoch : 72/100]
Src_cls_loss	: 0.2381
-------------------------------------
[Epoch : 73/100]
Src_cls_loss	: 0.2350
-------------------------------------
[Epoch : 74/100]
Src_cls_loss	: 0.2320
-------------------------------------
[Epoch : 75/100]
Src_cls_loss	: 0.2290
-------------------------------------
[Epoch : 76/100]
Src_cls_loss	: 0.2262
-------------------------------------
[Epoch : 77/100]
Src_cls_loss	: 0.2234
-------------------------------------
[Epoch : 78/100]
Src_cls_loss	: 0.2207
-------------------------------------
[Epoch : 79/100]
Src_cls_loss	: 0.2180
-------------------------------------
[Epoch : 80/100]
Src_cls_loss	: 0.2154
-------------------------------------
[Epoch : 81/100]
Src_cls_loss	: 0.2129
-------------------------------------
[Epoch : 82/100]
Src_cls_loss	: 0.2104
-------------------------------------
[Epoch : 83/100]
Src_cls_loss	: 0.2079
-------------------------------------
[Epoch : 84/100]
Src_cls_loss	: 0.2056
-------------------------------------
[Epoch : 85/100]
Src_cls_loss	: 0.2033
-------------------------------------
[Epoch : 86/100]
Src_cls_loss	: 0.2011
-------------------------------------
[Epoch : 87/100]
Src_cls_loss	: 0.1989
-------------------------------------
[Epoch : 88/100]
Src_cls_loss	: 0.1967
-------------------------------------
[Epoch : 89/100]
Src_cls_loss	: 0.1946
-------------------------------------
[Epoch : 90/100]
Src_cls_loss	: 0.1925
-------------------------------------
[Epoch : 91/100]
Src_cls_loss	: 0.1905
-------------------------------------
[Epoch : 92/100]
Src_cls_loss	: 0.1885
-------------------------------------
[Epoch : 93/100]
Src_cls_loss	: 0.1866
-------------------------------------
[Epoch : 94/100]
Src_cls_loss	: 0.1846
-------------------------------------
[Epoch : 95/100]
Src_cls_loss	: 0.1828
-------------------------------------
[Epoch : 96/100]
Src_cls_loss	: 0.1809
-------------------------------------
[Epoch : 97/100]
Src_cls_loss	: 0.1792
-------------------------------------
[Epoch : 98/100]
Src_cls_loss	: 0.1774
-------------------------------------
[Epoch : 99/100]
Src_cls_loss	: 0.1757
-------------------------------------
[Epoch : 100/100]
Src_cls_loss	: 0.1740
-------------------------------------
