=============================================
Dataset: pamap_mobiact
Method:  SYN
=============================================
Source: syn_wal_45 ---> Target: dp_wal_45
Run ID: 7
=============================================
[Epoch : 1/40]
Src_cls_loss	: 0.7087
-------------------------------------
[Epoch : 2/40]
Src_cls_loss	: 0.5313
-------------------------------------
[Epoch : 3/40]
Src_cls_loss	: 0.4304
-------------------------------------
[Epoch : 4/40]
Src_cls_loss	: 0.3611
-------------------------------------
[Epoch : 5/40]
Src_cls_loss	: 0.3159
-------------------------------------
[Epoch : 6/40]
Src_cls_loss	: 0.2792
-------------------------------------
[Epoch : 7/40]
Src_cls_loss	: 0.2494
-------------------------------------
[Epoch : 8/40]
Src_cls_loss	: 0.2243
-------------------------------------
[Epoch : 9/40]
Src_cls_loss	: 0.2042
-------------------------------------
[Epoch : 10/40]
Src_cls_loss	: 0.1878
-------------------------------------
[Epoch : 11/40]
Src_cls_loss	: 0.1730
-------------------------------------
[Epoch : 12/40]
Src_cls_loss	: 0.1605
-------------------------------------
[Epoch : 13/40]
Src_cls_loss	: 0.1508
-------------------------------------
[Epoch : 14/40]
Src_cls_loss	: 0.1423
-------------------------------------
[Epoch : 15/40]
Src_cls_loss	: 0.1341
-------------------------------------
[Epoch : 16/40]
Src_cls_loss	: 0.1279
-------------------------------------
[Epoch : 17/40]
Src_cls_loss	: 0.1226
-------------------------------------
[Epoch : 18/40]
Src_cls_loss	: 0.1169
-------------------------------------
[Epoch : 19/40]
Src_cls_loss	: 0.1114
-------------------------------------
[Epoch : 20/40]
Src_cls_loss	: 0.1063
-------------------------------------
[Epoch : 21/40]
Src_cls_loss	: 0.1016
-------------------------------------
[Epoch : 22/40]
Src_cls_loss	: 0.0973
-------------------------------------
[Epoch : 23/40]
Src_cls_loss	: 0.0933
-------------------------------------
[Epoch : 24/40]
Src_cls_loss	: 0.0897
-------------------------------------
[Epoch : 25/40]
Src_cls_loss	: 0.0864
-------------------------------------
[Epoch : 26/40]
Src_cls_loss	: 0.0832
-------------------------------------
[Epoch : 27/40]
Src_cls_loss	: 0.0807
-------------------------------------
[Epoch : 28/40]
Src_cls_loss	: 0.0780
-------------------------------------
[Epoch : 29/40]
Src_cls_loss	: 0.0756
-------------------------------------
[Epoch : 30/40]
Src_cls_loss	: 0.0732
-------------------------------------
[Epoch : 31/40]
Src_cls_loss	: 0.0710
-------------------------------------
[Epoch : 32/40]
Src_cls_loss	: 0.0689
-------------------------------------
[Epoch : 33/40]
Src_cls_loss	: 0.0669
-------------------------------------
[Epoch : 34/40]
Src_cls_loss	: 0.0651
-------------------------------------
[Epoch : 35/40]
Src_cls_loss	: 0.0633
-------------------------------------
[Epoch : 36/40]
Src_cls_loss	: 0.0616
-------------------------------------
[Epoch : 37/40]
Src_cls_loss	: 0.0600
-------------------------------------
[Epoch : 38/40]
Src_cls_loss	: 0.0585
-------------------------------------
[Epoch : 39/40]
Src_cls_loss	: 0.0570
-------------------------------------
[Epoch : 40/40]
Src_cls_loss	: 0.0557
-------------------------------------
