=============================================
Dataset: pamap_mobiact
Method:  SYN
=============================================
Source: syn_wal_41 ---> Target: dp_wal_41
Run ID: 8
=============================================
[Epoch : 1/40]
Src_cls_loss	: 0.5638
-------------------------------------
[Epoch : 2/40]
Src_cls_loss	: 0.3975
-------------------------------------
[Epoch : 3/40]
Src_cls_loss	: 0.3118
-------------------------------------
[Epoch : 4/40]
Src_cls_loss	: 0.2639
-------------------------------------
[Epoch : 5/40]
Src_cls_loss	: 0.2270
-------------------------------------
[Epoch : 6/40]
Src_cls_loss	: 0.2016
-------------------------------------
[Epoch : 7/40]
Src_cls_loss	: 0.1813
-------------------------------------
[Epoch : 8/40]
Src_cls_loss	: 0.1658
-------------------------------------
[Epoch : 9/40]
Src_cls_loss	: 0.1524
-------------------------------------
[Epoch : 10/40]
Src_cls_loss	: 0.1416
-------------------------------------
[Epoch : 11/40]
Src_cls_loss	: 0.1317
-------------------------------------
[Epoch : 12/40]
Src_cls_loss	: 0.1238
-------------------------------------
[Epoch : 13/40]
Src_cls_loss	: 0.1167
-------------------------------------
[Epoch : 14/40]
Src_cls_loss	: 0.1114
-------------------------------------
[Epoch : 15/40]
Src_cls_loss	: 0.1062
-------------------------------------
[Epoch : 16/40]
Src_cls_loss	: 0.1014
-------------------------------------
[Epoch : 17/40]
Src_cls_loss	: 0.0969
-------------------------------------
[Epoch : 18/40]
Src_cls_loss	: 0.0929
-------------------------------------
[Epoch : 19/40]
Src_cls_loss	: 0.0893
-------------------------------------
[Epoch : 20/40]
Src_cls_loss	: 0.0860
-------------------------------------
[Epoch : 21/40]
Src_cls_loss	: 0.0827
-------------------------------------
[Epoch : 22/40]
Src_cls_loss	: 0.0800
-------------------------------------
[Epoch : 23/40]
Src_cls_loss	: 0.0773
-------------------------------------
[Epoch : 24/40]
Src_cls_loss	: 0.0746
-------------------------------------
[Epoch : 25/40]
Src_cls_loss	: 0.0722
-------------------------------------
[Epoch : 26/40]
Src_cls_loss	: 0.0699
-------------------------------------
[Epoch : 27/40]
Src_cls_loss	: 0.0678
-------------------------------------
[Epoch : 28/40]
Src_cls_loss	: 0.0656
-------------------------------------
[Epoch : 29/40]
Src_cls_loss	: 0.0636
-------------------------------------
[Epoch : 30/40]
Src_cls_loss	: 0.0619
-------------------------------------
[Epoch : 31/40]
Src_cls_loss	: 0.0602
-------------------------------------
[Epoch : 32/40]
Src_cls_loss	: 0.0591
-------------------------------------
[Epoch : 33/40]
Src_cls_loss	: 0.0579
-------------------------------------
[Epoch : 34/40]
Src_cls_loss	: 0.0569
-------------------------------------
[Epoch : 35/40]
Src_cls_loss	: 0.0556
-------------------------------------
[Epoch : 36/40]
Src_cls_loss	: 0.0543
-------------------------------------
[Epoch : 37/40]
Src_cls_loss	: 0.0530
-------------------------------------
[Epoch : 38/40]
Src_cls_loss	: 0.0518
-------------------------------------
[Epoch : 39/40]
Src_cls_loss	: 0.0506
-------------------------------------
[Epoch : 40/40]
Src_cls_loss	: 0.0495
-------------------------------------
