=============================================
Dataset: mobiact_realworld
Method:  SYN
=============================================
Source: syn_wal_63 ---> Target: dp_wal_63
Run ID: 1
=============================================
[Epoch : 1/40]
Src_cls_loss	: 0.7146
-------------------------------------
[Epoch : 2/40]
Src_cls_loss	: 0.5142
-------------------------------------
[Epoch : 3/40]
Src_cls_loss	: 0.4045
-------------------------------------
[Epoch : 4/40]
Src_cls_loss	: 0.3322
-------------------------------------
[Epoch : 5/40]
Src_cls_loss	: 0.2849
-------------------------------------
[Epoch : 6/40]
Src_cls_loss	: 0.2474
-------------------------------------
[Epoch : 7/40]
Src_cls_loss	: 0.2200
-------------------------------------
[Epoch : 8/40]
Src_cls_loss	: 0.1987
-------------------------------------
[Epoch : 9/40]
Src_cls_loss	: 0.1799
-------------------------------------
[Epoch : 10/40]
Src_cls_loss	: 0.1656
-------------------------------------
[Epoch : 11/40]
Src_cls_loss	: 0.1541
-------------------------------------
[Epoch : 12/40]
Src_cls_loss	: 0.1439
-------------------------------------
[Epoch : 13/40]
Src_cls_loss	: 0.1347
-------------------------------------
[Epoch : 14/40]
Src_cls_loss	: 0.1270
-------------------------------------
[Epoch : 15/40]
Src_cls_loss	: 0.1200
-------------------------------------
[Epoch : 16/40]
Src_cls_loss	: 0.1138
-------------------------------------
[Epoch : 17/40]
Src_cls_loss	: 0.1081
-------------------------------------
[Epoch : 18/40]
Src_cls_loss	: 0.1036
-------------------------------------
[Epoch : 19/40]
Src_cls_loss	: 0.0994
-------------------------------------
[Epoch : 20/40]
Src_cls_loss	: 0.0956
-------------------------------------
[Epoch : 21/40]
Src_cls_loss	: 0.0917
-------------------------------------
[Epoch : 22/40]
Src_cls_loss	: 0.0880
-------------------------------------
[Epoch : 23/40]
Src_cls_loss	: 0.0848
-------------------------------------
[Epoch : 24/40]
Src_cls_loss	: 0.0819
-------------------------------------
[Epoch : 25/40]
Src_cls_loss	: 0.0794
-------------------------------------
[Epoch : 26/40]
Src_cls_loss	: 0.0770
-------------------------------------
[Epoch : 27/40]
Src_cls_loss	: 0.0747
-------------------------------------
[Epoch : 28/40]
Src_cls_loss	: 0.0726
-------------------------------------
[Epoch : 29/40]
Src_cls_loss	: 0.0703
-------------------------------------
[Epoch : 30/40]
Src_cls_loss	: 0.0684
-------------------------------------
[Epoch : 31/40]
Src_cls_loss	: 0.0665
-------------------------------------
[Epoch : 32/40]
Src_cls_loss	: 0.0648
-------------------------------------
[Epoch : 33/40]
Src_cls_loss	: 0.0632
-------------------------------------
[Epoch : 34/40]
Src_cls_loss	: 0.0615
-------------------------------------
[Epoch : 35/40]
Src_cls_loss	: 0.0600
-------------------------------------
[Epoch : 36/40]
Src_cls_loss	: 0.0586
-------------------------------------
[Epoch : 37/40]
Src_cls_loss	: 0.0571
-------------------------------------
[Epoch : 38/40]
Src_cls_loss	: 0.0559
-------------------------------------
[Epoch : 39/40]
Src_cls_loss	: 0.0547
-------------------------------------
[Epoch : 40/40]
Src_cls_loss	: 0.0535
-------------------------------------
