=============================================
Dataset: realworld_mobiact
Method:  NO_ADAPT
=============================================
Source: syn_49 ---> Target: dp_49
Run ID: 8
=============================================
[Epoch : 1/40]
Src_cls_loss	: 0.7715
-------------------------------------
[Epoch : 2/40]
Src_cls_loss	: 0.5577
-------------------------------------
[Epoch : 3/40]
Src_cls_loss	: 0.4274
-------------------------------------
[Epoch : 4/40]
Src_cls_loss	: 0.3475
-------------------------------------
[Epoch : 5/40]
Src_cls_loss	: 0.2922
-------------------------------------
[Epoch : 6/40]
Src_cls_loss	: 0.2516
-------------------------------------
[Epoch : 7/40]
Src_cls_loss	: 0.2221
-------------------------------------
[Epoch : 8/40]
Src_cls_loss	: 0.1985
-------------------------------------
[Epoch : 9/40]
Src_cls_loss	: 0.1799
-------------------------------------
[Epoch : 10/40]
Src_cls_loss	: 0.1638
-------------------------------------
[Epoch : 11/40]
Src_cls_loss	: 0.1502
-------------------------------------
[Epoch : 12/40]
Src_cls_loss	: 0.1388
-------------------------------------
[Epoch : 13/40]
Src_cls_loss	: 0.1291
-------------------------------------
[Epoch : 14/40]
Src_cls_loss	: 0.1208
-------------------------------------
[Epoch : 15/40]
Src_cls_loss	: 0.1138
-------------------------------------
[Epoch : 16/40]
Src_cls_loss	: 0.1087
-------------------------------------
[Epoch : 17/40]
Src_cls_loss	: 0.1031
-------------------------------------
[Epoch : 18/40]
Src_cls_loss	: 0.0993
-------------------------------------
[Epoch : 19/40]
Src_cls_loss	: 0.0950
-------------------------------------
[Epoch : 20/40]
Src_cls_loss	: 0.0906
-------------------------------------
[Epoch : 21/40]
Src_cls_loss	: 0.0866
-------------------------------------
[Epoch : 22/40]
Src_cls_loss	: 0.0831
-------------------------------------
[Epoch : 23/40]
Src_cls_loss	: 0.0799
-------------------------------------
[Epoch : 24/40]
Src_cls_loss	: 0.0768
-------------------------------------
[Epoch : 25/40]
Src_cls_loss	: 0.0742
-------------------------------------
[Epoch : 26/40]
Src_cls_loss	: 0.0716
-------------------------------------
[Epoch : 27/40]
Src_cls_loss	: 0.0691
-------------------------------------
[Epoch : 28/40]
Src_cls_loss	: 0.0668
-------------------------------------
[Epoch : 29/40]
Src_cls_loss	: 0.0645
-------------------------------------
[Epoch : 30/40]
Src_cls_loss	: 0.0626
-------------------------------------
[Epoch : 31/40]
Src_cls_loss	: 0.0607
-------------------------------------
[Epoch : 32/40]
Src_cls_loss	: 0.0589
-------------------------------------
[Epoch : 33/40]
Src_cls_loss	: 0.0571
-------------------------------------
[Epoch : 34/40]
Src_cls_loss	: 0.0555
-------------------------------------
[Epoch : 35/40]
Src_cls_loss	: 0.0541
-------------------------------------
[Epoch : 36/40]
Src_cls_loss	: 0.0526
-------------------------------------
[Epoch : 37/40]
Src_cls_loss	: 0.0513
-------------------------------------
[Epoch : 38/40]
Src_cls_loss	: 0.0500
-------------------------------------
[Epoch : 39/40]
Src_cls_loss	: 0.0488
-------------------------------------
[Epoch : 40/40]
Src_cls_loss	: 0.0476
-------------------------------------
