=============================================
Dataset: realworld_mobiact
Method:  SYN
=============================================
Source: syn_wal_64 ---> Target: dp_wal_64
Run ID: 4
=============================================
[Epoch : 1/40]
Src_cls_loss	: 0.8620
-------------------------------------
[Epoch : 2/40]
Src_cls_loss	: 0.6791
-------------------------------------
[Epoch : 3/40]
Src_cls_loss	: 0.5284
-------------------------------------
[Epoch : 4/40]
Src_cls_loss	: 0.4260
-------------------------------------
[Epoch : 5/40]
Src_cls_loss	: 0.3571
-------------------------------------
[Epoch : 6/40]
Src_cls_loss	: 0.3063
-------------------------------------
[Epoch : 7/40]
Src_cls_loss	: 0.2679
-------------------------------------
[Epoch : 8/40]
Src_cls_loss	: 0.2380
-------------------------------------
[Epoch : 9/40]
Src_cls_loss	: 0.2137
-------------------------------------
[Epoch : 10/40]
Src_cls_loss	: 0.1937
-------------------------------------
[Epoch : 11/40]
Src_cls_loss	: 0.1773
-------------------------------------
[Epoch : 12/40]
Src_cls_loss	: 0.1638
-------------------------------------
[Epoch : 13/40]
Src_cls_loss	: 0.1521
-------------------------------------
[Epoch : 14/40]
Src_cls_loss	: 0.1419
-------------------------------------
[Epoch : 15/40]
Src_cls_loss	: 0.1330
-------------------------------------
[Epoch : 16/40]
Src_cls_loss	: 0.1252
-------------------------------------
[Epoch : 17/40]
Src_cls_loss	: 0.1182
-------------------------------------
[Epoch : 18/40]
Src_cls_loss	: 0.1121
-------------------------------------
[Epoch : 19/40]
Src_cls_loss	: 0.1065
-------------------------------------
[Epoch : 20/40]
Src_cls_loss	: 0.1015
-------------------------------------
[Epoch : 21/40]
Src_cls_loss	: 0.0970
-------------------------------------
[Epoch : 22/40]
Src_cls_loss	: 0.0928
-------------------------------------
[Epoch : 23/40]
Src_cls_loss	: 0.0890
-------------------------------------
[Epoch : 24/40]
Src_cls_loss	: 0.0854
-------------------------------------
[Epoch : 25/40]
Src_cls_loss	: 0.0822
-------------------------------------
[Epoch : 26/40]
Src_cls_loss	: 0.0792
-------------------------------------
[Epoch : 27/40]
Src_cls_loss	: 0.0764
-------------------------------------
[Epoch : 28/40]
Src_cls_loss	: 0.0738
-------------------------------------
[Epoch : 29/40]
Src_cls_loss	: 0.0713
-------------------------------------
[Epoch : 30/40]
Src_cls_loss	: 0.0691
-------------------------------------
[Epoch : 31/40]
Src_cls_loss	: 0.0671
-------------------------------------
[Epoch : 32/40]
Src_cls_loss	: 0.0650
-------------------------------------
[Epoch : 33/40]
Src_cls_loss	: 0.0633
-------------------------------------
[Epoch : 34/40]
Src_cls_loss	: 0.0616
-------------------------------------
[Epoch : 35/40]
Src_cls_loss	: 0.0600
-------------------------------------
[Epoch : 36/40]
Src_cls_loss	: 0.0584
-------------------------------------
[Epoch : 37/40]
Src_cls_loss	: 0.0569
-------------------------------------
[Epoch : 38/40]
Src_cls_loss	: 0.0555
-------------------------------------
[Epoch : 39/40]
Src_cls_loss	: 0.0541
-------------------------------------
[Epoch : 40/40]
Src_cls_loss	: 0.0528
-------------------------------------
