=============================================
Dataset: realworld_mobiact
Method:  ROT
=============================================
Source: df ---> Target: dp_75
Run ID: 5
=============================================
[Epoch : 1/40]
Src_cls_loss	: 0.5210
-------------------------------------
[Epoch : 2/40]
Src_cls_loss	: 0.4462
-------------------------------------
[Epoch : 3/40]
Src_cls_loss	: 0.4070
-------------------------------------
[Epoch : 4/40]
Src_cls_loss	: 0.3815
-------------------------------------
[Epoch : 5/40]
Src_cls_loss	: 0.3603
-------------------------------------
[Epoch : 6/40]
Src_cls_loss	: 0.3435
-------------------------------------
[Epoch : 7/40]
Src_cls_loss	: 0.3311
-------------------------------------
[Epoch : 8/40]
Src_cls_loss	: 0.3196
-------------------------------------
[Epoch : 9/40]
Src_cls_loss	: 0.3088
-------------------------------------
[Epoch : 10/40]
Src_cls_loss	: 0.3011
-------------------------------------
[Epoch : 11/40]
Src_cls_loss	: 0.2931
-------------------------------------
[Epoch : 12/40]
Src_cls_loss	: 0.2859
-------------------------------------
[Epoch : 13/40]
Src_cls_loss	: 0.2790
-------------------------------------
[Epoch : 14/40]
Src_cls_loss	: 0.2731
-------------------------------------
[Epoch : 15/40]
Src_cls_loss	: 0.2677
-------------------------------------
[Epoch : 16/40]
Src_cls_loss	: 0.2628
-------------------------------------
[Epoch : 17/40]
Src_cls_loss	: 0.2582
-------------------------------------
[Epoch : 18/40]
Src_cls_loss	: 0.2539
-------------------------------------
[Epoch : 19/40]
Src_cls_loss	: 0.2501
-------------------------------------
[Epoch : 20/40]
Src_cls_loss	: 0.2461
-------------------------------------
[Epoch : 21/40]
Src_cls_loss	: 0.2426
-------------------------------------
[Epoch : 22/40]
Src_cls_loss	: 0.2393
-------------------------------------
[Epoch : 23/40]
Src_cls_loss	: 0.2363
-------------------------------------
[Epoch : 24/40]
Src_cls_loss	: 0.2335
-------------------------------------
[Epoch : 25/40]
Src_cls_loss	: 0.2306
-------------------------------------
[Epoch : 26/40]
Src_cls_loss	: 0.2276
-------------------------------------
[Epoch : 27/40]
Src_cls_loss	: 0.2249
-------------------------------------
[Epoch : 28/40]
Src_cls_loss	: 0.2224
-------------------------------------
[Epoch : 29/40]
Src_cls_loss	: 0.2202
-------------------------------------
[Epoch : 30/40]
Src_cls_loss	: 0.2179
-------------------------------------
[Epoch : 31/40]
Src_cls_loss	: 0.2157
-------------------------------------
[Epoch : 32/40]
Src_cls_loss	: 0.2134
-------------------------------------
[Epoch : 33/40]
Src_cls_loss	: 0.2117
-------------------------------------
[Epoch : 34/40]
Src_cls_loss	: 0.2097
-------------------------------------
[Epoch : 35/40]
Src_cls_loss	: 0.2079
-------------------------------------
[Epoch : 36/40]
Src_cls_loss	: 0.2060
-------------------------------------
[Epoch : 37/40]
Src_cls_loss	: 0.2043
-------------------------------------
[Epoch : 38/40]
Src_cls_loss	: 0.2026
-------------------------------------
[Epoch : 39/40]
Src_cls_loss	: 0.2010
-------------------------------------
[Epoch : 40/40]
Src_cls_loss	: 0.1994
-------------------------------------
