=============================================
Dataset: realworld_mobiact
Method:  NO_ADAPT
=============================================
Source: src ---> Target: trg
Run ID: 4
=============================================
[Epoch : 1/100]
Src_cls_loss	: 0.7026
-------------------------------------
[Epoch : 2/100]
Src_cls_loss	: 0.5452
-------------------------------------
[Epoch : 3/100]
Src_cls_loss	: 0.4594
-------------------------------------
[Epoch : 4/100]
Src_cls_loss	: 0.4042
-------------------------------------
[Epoch : 5/100]
Src_cls_loss	: 0.3648
-------------------------------------
[Epoch : 6/100]
Src_cls_loss	: 0.3346
-------------------------------------
[Epoch : 7/100]
Src_cls_loss	: 0.3097
-------------------------------------
[Epoch : 8/100]
Src_cls_loss	: 0.2899
-------------------------------------
[Epoch : 9/100]
Src_cls_loss	: 0.2728
-------------------------------------
[Epoch : 10/100]
Src_cls_loss	: 0.2586
-------------------------------------
[Epoch : 11/100]
Src_cls_loss	: 0.2459
-------------------------------------
[Epoch : 12/100]
Src_cls_loss	: 0.2345
-------------------------------------
[Epoch : 13/100]
Src_cls_loss	: 0.2246
-------------------------------------
[Epoch : 14/100]
Src_cls_loss	: 0.2153
-------------------------------------
[Epoch : 15/100]
Src_cls_loss	: 0.2069
-------------------------------------
[Epoch : 16/100]
Src_cls_loss	: 0.1992
-------------------------------------
[Epoch : 17/100]
Src_cls_loss	: 0.1921
-------------------------------------
[Epoch : 18/100]
Src_cls_loss	: 0.1856
-------------------------------------
[Epoch : 19/100]
Src_cls_loss	: 0.1794
-------------------------------------
[Epoch : 20/100]
Src_cls_loss	: 0.1736
-------------------------------------
[Epoch : 21/100]
Src_cls_loss	: 0.1681
-------------------------------------
[Epoch : 22/100]
Src_cls_loss	: 0.1631
-------------------------------------
[Epoch : 23/100]
Src_cls_loss	: 0.1583
-------------------------------------
[Epoch : 24/100]
Src_cls_loss	: 0.1539
-------------------------------------
[Epoch : 25/100]
Src_cls_loss	: 0.1497
-------------------------------------
[Epoch : 26/100]
Src_cls_loss	: 0.1457
-------------------------------------
[Epoch : 27/100]
Src_cls_loss	: 0.1418
-------------------------------------
[Epoch : 28/100]
Src_cls_loss	: 0.1381
-------------------------------------
[Epoch : 29/100]
Src_cls_loss	: 0.1345
-------------------------------------
[Epoch : 30/100]
Src_cls_loss	: 0.1312
-------------------------------------
[Epoch : 31/100]
Src_cls_loss	: 0.1279
-------------------------------------
[Epoch : 32/100]
Src_cls_loss	: 0.1248
-------------------------------------
[Epoch : 33/100]
Src_cls_loss	: 0.1219
-------------------------------------
[Epoch : 34/100]
Src_cls_loss	: 0.1191
-------------------------------------
[Epoch : 35/100]
Src_cls_loss	: 0.1164
-------------------------------------
[Epoch : 36/100]
Src_cls_loss	: 0.1138
-------------------------------------
[Epoch : 37/100]
Src_cls_loss	: 0.1113
-------------------------------------
[Epoch : 38/100]
Src_cls_loss	: 0.1089
-------------------------------------
[Epoch : 39/100]
Src_cls_loss	: 0.1066
-------------------------------------
[Epoch : 40/100]
Src_cls_loss	: 0.1043
-------------------------------------
[Epoch : 41/100]
Src_cls_loss	: 0.1022
-------------------------------------
[Epoch : 42/100]
Src_cls_loss	: 0.1001
-------------------------------------
[Epoch : 43/100]
Src_cls_loss	: 0.0982
-------------------------------------
[Epoch : 44/100]
Src_cls_loss	: 0.0962
-------------------------------------
[Epoch : 45/100]
Src_cls_loss	: 0.0944
-------------------------------------
[Epoch : 46/100]
Src_cls_loss	: 0.0926
-------------------------------------
[Epoch : 47/100]
Src_cls_loss	: 0.0908
-------------------------------------
[Epoch : 48/100]
Src_cls_loss	: 0.0894
-------------------------------------
[Epoch : 49/100]
Src_cls_loss	: 0.0878
-------------------------------------
[Epoch : 50/100]
Src_cls_loss	: 0.0863
-------------------------------------
[Epoch : 51/100]
Src_cls_loss	: 0.0848
-------------------------------------
[Epoch : 52/100]
Src_cls_loss	: 0.0833
-------------------------------------
[Epoch : 53/100]
Src_cls_loss	: 0.0820
-------------------------------------
[Epoch : 54/100]
Src_cls_loss	: 0.0807
-------------------------------------
[Epoch : 55/100]
Src_cls_loss	: 0.0794
-------------------------------------
[Epoch : 56/100]
Src_cls_loss	: 0.0781
-------------------------------------
[Epoch : 57/100]
Src_cls_loss	: 0.0769
-------------------------------------
[Epoch : 58/100]
Src_cls_loss	: 0.0757
-------------------------------------
[Epoch : 59/100]
Src_cls_loss	: 0.0746
-------------------------------------
[Epoch : 60/100]
Src_cls_loss	: 0.0735
-------------------------------------
[Epoch : 61/100]
Src_cls_loss	: 0.0724
-------------------------------------
[Epoch : 62/100]
Src_cls_loss	: 0.0713
-------------------------------------
[Epoch : 63/100]
Src_cls_loss	: 0.0703
-------------------------------------
[Epoch : 64/100]
Src_cls_loss	: 0.0693
-------------------------------------
[Epoch : 65/100]
Src_cls_loss	: 0.0683
-------------------------------------
[Epoch : 66/100]
Src_cls_loss	: 0.0673
-------------------------------------
[Epoch : 67/100]
Src_cls_loss	: 0.0664
-------------------------------------
[Epoch : 68/100]
Src_cls_loss	: 0.0655
-------------------------------------
[Epoch : 69/100]
Src_cls_loss	: 0.0646
-------------------------------------
[Epoch : 70/100]
Src_cls_loss	: 0.0638
-------------------------------------
[Epoch : 71/100]
Src_cls_loss	: 0.0629
-------------------------------------
[Epoch : 72/100]
Src_cls_loss	: 0.0621
-------------------------------------
[Epoch : 73/100]
Src_cls_loss	: 0.0614
-------------------------------------
[Epoch : 74/100]
Src_cls_loss	: 0.0606
-------------------------------------
[Epoch : 75/100]
Src_cls_loss	: 0.0599
-------------------------------------
[Epoch : 76/100]
Src_cls_loss	: 0.0592
-------------------------------------
[Epoch : 77/100]
Src_cls_loss	: 0.0585
-------------------------------------
[Epoch : 78/100]
Src_cls_loss	: 0.0578
-------------------------------------
[Epoch : 79/100]
Src_cls_loss	: 0.0572
-------------------------------------
[Epoch : 80/100]
Src_cls_loss	: 0.0565
-------------------------------------
[Epoch : 81/100]
Src_cls_loss	: 0.0559
-------------------------------------
[Epoch : 82/100]
Src_cls_loss	: 0.0552
-------------------------------------
[Epoch : 83/100]
Src_cls_loss	: 0.0546
-------------------------------------
[Epoch : 84/100]
Src_cls_loss	: 0.0540
-------------------------------------
[Epoch : 85/100]
Src_cls_loss	: 0.0534
-------------------------------------
[Epoch : 86/100]
Src_cls_loss	: 0.0529
-------------------------------------
[Epoch : 87/100]
Src_cls_loss	: 0.0524
-------------------------------------
[Epoch : 88/100]
Src_cls_loss	: 0.0518
-------------------------------------
[Epoch : 89/100]
Src_cls_loss	: 0.0513
-------------------------------------
[Epoch : 90/100]
Src_cls_loss	: 0.0507
-------------------------------------
[Epoch : 91/100]
Src_cls_loss	: 0.0502
-------------------------------------
[Epoch : 92/100]
Src_cls_loss	: 0.0497
-------------------------------------
[Epoch : 93/100]
Src_cls_loss	: 0.0492
-------------------------------------
[Epoch : 94/100]
Src_cls_loss	: 0.0487
-------------------------------------
[Epoch : 95/100]
Src_cls_loss	: 0.0482
-------------------------------------
[Epoch : 96/100]
Src_cls_loss	: 0.0478
-------------------------------------
[Epoch : 97/100]
Src_cls_loss	: 0.0473
-------------------------------------
[Epoch : 98/100]
Src_cls_loss	: 0.0469
-------------------------------------
[Epoch : 99/100]
Src_cls_loss	: 0.0465
-------------------------------------
[Epoch : 100/100]
Src_cls_loss	: 0.0460
-------------------------------------
