=============================================
Dataset: realworld_mobiact
Method:  NO_ADAPT
=============================================
Source: syn_51 ---> Target: real_51
Run ID: 0
=============================================
[Epoch : 1/100]
Src_cls_loss	: 1.3791
-------------------------------------
[Epoch : 2/100]
Src_cls_loss	: 1.2624
-------------------------------------
[Epoch : 3/100]
Src_cls_loss	: 1.1832
-------------------------------------
[Epoch : 4/100]
Src_cls_loss	: 1.1110
-------------------------------------
[Epoch : 5/100]
Src_cls_loss	: 1.0557
-------------------------------------
[Epoch : 6/100]
Src_cls_loss	: 1.0127
-------------------------------------
[Epoch : 7/100]
Src_cls_loss	: 0.9768
-------------------------------------
[Epoch : 8/100]
Src_cls_loss	: 0.9439
-------------------------------------
[Epoch : 9/100]
Src_cls_loss	: 0.9147
-------------------------------------
[Epoch : 10/100]
Src_cls_loss	: 0.8869
-------------------------------------
[Epoch : 11/100]
Src_cls_loss	: 0.8651
-------------------------------------
[Epoch : 12/100]
Src_cls_loss	: 0.8422
-------------------------------------
[Epoch : 13/100]
Src_cls_loss	: 0.8210
-------------------------------------
[Epoch : 14/100]
Src_cls_loss	: 0.8002
-------------------------------------
[Epoch : 15/100]
Src_cls_loss	: 0.7795
-------------------------------------
[Epoch : 16/100]
Src_cls_loss	: 0.7598
-------------------------------------
[Epoch : 17/100]
Src_cls_loss	: 0.7412
-------------------------------------
[Epoch : 18/100]
Src_cls_loss	: 0.7225
-------------------------------------
[Epoch : 19/100]
Src_cls_loss	: 0.7040
-------------------------------------
[Epoch : 20/100]
Src_cls_loss	: 0.6855
-------------------------------------
[Epoch : 21/100]
Src_cls_loss	: 0.6676
-------------------------------------
[Epoch : 22/100]
Src_cls_loss	: 0.6494
-------------------------------------
[Epoch : 23/100]
Src_cls_loss	: 0.6319
-------------------------------------
[Epoch : 24/100]
Src_cls_loss	: 0.6150
-------------------------------------
[Epoch : 25/100]
Src_cls_loss	: 0.5985
-------------------------------------
[Epoch : 26/100]
Src_cls_loss	: 0.5826
-------------------------------------
[Epoch : 27/100]
Src_cls_loss	: 0.5670
-------------------------------------
[Epoch : 28/100]
Src_cls_loss	: 0.5517
-------------------------------------
[Epoch : 29/100]
Src_cls_loss	: 0.5373
-------------------------------------
[Epoch : 30/100]
Src_cls_loss	: 0.5232
-------------------------------------
[Epoch : 31/100]
Src_cls_loss	: 0.5100
-------------------------------------
[Epoch : 32/100]
Src_cls_loss	: 0.4973
-------------------------------------
[Epoch : 33/100]
Src_cls_loss	: 0.4851
-------------------------------------
[Epoch : 34/100]
Src_cls_loss	: 0.4733
-------------------------------------
[Epoch : 35/100]
Src_cls_loss	: 0.4619
-------------------------------------
[Epoch : 36/100]
Src_cls_loss	: 0.4510
-------------------------------------
[Epoch : 37/100]
Src_cls_loss	: 0.4407
-------------------------------------
[Epoch : 38/100]
Src_cls_loss	: 0.4306
-------------------------------------
[Epoch : 39/100]
Src_cls_loss	: 0.4211
-------------------------------------
[Epoch : 40/100]
Src_cls_loss	: 0.4119
-------------------------------------
[Epoch : 41/100]
Src_cls_loss	: 0.4030
-------------------------------------
[Epoch : 42/100]
Src_cls_loss	: 0.3945
-------------------------------------
[Epoch : 43/100]
Src_cls_loss	: 0.3863
-------------------------------------
[Epoch : 44/100]
Src_cls_loss	: 0.3784
-------------------------------------
[Epoch : 45/100]
Src_cls_loss	: 0.3709
-------------------------------------
[Epoch : 46/100]
Src_cls_loss	: 0.3636
-------------------------------------
[Epoch : 47/100]
Src_cls_loss	: 0.3565
-------------------------------------
[Epoch : 48/100]
Src_cls_loss	: 0.3498
-------------------------------------
[Epoch : 49/100]
Src_cls_loss	: 0.3432
-------------------------------------
[Epoch : 50/100]
Src_cls_loss	: 0.3369
-------------------------------------
[Epoch : 51/100]
Src_cls_loss	: 0.3309
-------------------------------------
[Epoch : 52/100]
Src_cls_loss	: 0.3250
-------------------------------------
[Epoch : 53/100]
Src_cls_loss	: 0.3193
-------------------------------------
[Epoch : 54/100]
Src_cls_loss	: 0.3139
-------------------------------------
[Epoch : 55/100]
Src_cls_loss	: 0.3086
-------------------------------------
[Epoch : 56/100]
Src_cls_loss	: 0.3034
-------------------------------------
[Epoch : 57/100]
Src_cls_loss	: 0.2985
-------------------------------------
[Epoch : 58/100]
Src_cls_loss	: 0.2936
-------------------------------------
[Epoch : 59/100]
Src_cls_loss	: 0.2891
-------------------------------------
[Epoch : 60/100]
Src_cls_loss	: 0.2846
-------------------------------------
[Epoch : 61/100]
Src_cls_loss	: 0.2802
-------------------------------------
[Epoch : 62/100]
Src_cls_loss	: 0.2760
-------------------------------------
[Epoch : 63/100]
Src_cls_loss	: 0.2718
-------------------------------------
[Epoch : 64/100]
Src_cls_loss	: 0.2678
-------------------------------------
[Epoch : 65/100]
Src_cls_loss	: 0.2639
-------------------------------------
[Epoch : 66/100]
Src_cls_loss	: 0.2602
-------------------------------------
[Epoch : 67/100]
Src_cls_loss	: 0.2565
-------------------------------------
[Epoch : 68/100]
Src_cls_loss	: 0.2530
-------------------------------------
[Epoch : 69/100]
Src_cls_loss	: 0.2495
-------------------------------------
[Epoch : 70/100]
Src_cls_loss	: 0.2461
-------------------------------------
[Epoch : 71/100]
Src_cls_loss	: 0.2428
-------------------------------------
[Epoch : 72/100]
Src_cls_loss	: 0.2396
-------------------------------------
[Epoch : 73/100]
Src_cls_loss	: 0.2365
-------------------------------------
[Epoch : 74/100]
Src_cls_loss	: 0.2335
-------------------------------------
[Epoch : 75/100]
Src_cls_loss	: 0.2305
-------------------------------------
[Epoch : 76/100]
Src_cls_loss	: 0.2276
-------------------------------------
[Epoch : 77/100]
Src_cls_loss	: 0.2248
-------------------------------------
[Epoch : 78/100]
Src_cls_loss	: 0.2221
-------------------------------------
[Epoch : 79/100]
Src_cls_loss	: 0.2194
-------------------------------------
[Epoch : 80/100]
Src_cls_loss	: 0.2168
-------------------------------------
[Epoch : 81/100]
Src_cls_loss	: 0.2142
-------------------------------------
[Epoch : 82/100]
Src_cls_loss	: 0.2118
-------------------------------------
[Epoch : 83/100]
Src_cls_loss	: 0.2093
-------------------------------------
[Epoch : 84/100]
Src_cls_loss	: 0.2070
-------------------------------------
[Epoch : 85/100]
Src_cls_loss	: 0.2046
-------------------------------------
[Epoch : 86/100]
Src_cls_loss	: 0.2023
-------------------------------------
[Epoch : 87/100]
Src_cls_loss	: 0.2001
-------------------------------------
[Epoch : 88/100]
Src_cls_loss	: 0.1979
-------------------------------------
[Epoch : 89/100]
Src_cls_loss	: 0.1958
-------------------------------------
[Epoch : 90/100]
Src_cls_loss	: 0.1937
-------------------------------------
[Epoch : 91/100]
Src_cls_loss	: 0.1916
-------------------------------------
[Epoch : 92/100]
Src_cls_loss	: 0.1896
-------------------------------------
[Epoch : 93/100]
Src_cls_loss	: 0.1877
-------------------------------------
[Epoch : 94/100]
Src_cls_loss	: 0.1857
-------------------------------------
[Epoch : 95/100]
Src_cls_loss	: 0.1839
-------------------------------------
[Epoch : 96/100]
Src_cls_loss	: 0.1820
-------------------------------------
[Epoch : 97/100]
Src_cls_loss	: 0.1802
-------------------------------------
[Epoch : 98/100]
Src_cls_loss	: 0.1784
-------------------------------------
[Epoch : 99/100]
Src_cls_loss	: 0.1767
-------------------------------------
[Epoch : 100/100]
Src_cls_loss	: 0.1750
-------------------------------------
