=============================================
Dataset: pamap_realworld
Method:  SYN
=============================================
Source: syn_wal_15 ---> Target: dp_wal_15
Run ID: 1
=============================================
[Epoch : 1/40]
Src_cls_loss	: 0.5412
-------------------------------------
[Epoch : 2/40]
Src_cls_loss	: 0.4013
-------------------------------------
[Epoch : 3/40]
Src_cls_loss	: 0.3091
-------------------------------------
[Epoch : 4/40]
Src_cls_loss	: 0.2446
-------------------------------------
[Epoch : 5/40]
Src_cls_loss	: 0.2023
-------------------------------------
[Epoch : 6/40]
Src_cls_loss	: 0.1727
-------------------------------------
[Epoch : 7/40]
Src_cls_loss	: 0.1514
-------------------------------------
[Epoch : 8/40]
Src_cls_loss	: 0.1344
-------------------------------------
[Epoch : 9/40]
Src_cls_loss	: 0.1206
-------------------------------------
[Epoch : 10/40]
Src_cls_loss	: 0.1094
-------------------------------------
[Epoch : 11/40]
Src_cls_loss	: 0.1003
-------------------------------------
[Epoch : 12/40]
Src_cls_loss	: 0.0925
-------------------------------------
[Epoch : 13/40]
Src_cls_loss	: 0.0861
-------------------------------------
[Epoch : 14/40]
Src_cls_loss	: 0.0811
-------------------------------------
[Epoch : 15/40]
Src_cls_loss	: 0.0762
-------------------------------------
[Epoch : 16/40]
Src_cls_loss	: 0.0717
-------------------------------------
[Epoch : 17/40]
Src_cls_loss	: 0.0678
-------------------------------------
[Epoch : 18/40]
Src_cls_loss	: 0.0642
-------------------------------------
[Epoch : 19/40]
Src_cls_loss	: 0.0611
-------------------------------------
[Epoch : 20/40]
Src_cls_loss	: 0.0581
-------------------------------------
[Epoch : 21/40]
Src_cls_loss	: 0.0555
-------------------------------------
[Epoch : 22/40]
Src_cls_loss	: 0.0531
-------------------------------------
[Epoch : 23/40]
Src_cls_loss	: 0.0509
-------------------------------------
[Epoch : 24/40]
Src_cls_loss	: 0.0489
-------------------------------------
[Epoch : 25/40]
Src_cls_loss	: 0.0471
-------------------------------------
[Epoch : 26/40]
Src_cls_loss	: 0.0454
-------------------------------------
[Epoch : 27/40]
Src_cls_loss	: 0.0437
-------------------------------------
[Epoch : 28/40]
Src_cls_loss	: 0.0422
-------------------------------------
[Epoch : 29/40]
Src_cls_loss	: 0.0409
-------------------------------------
[Epoch : 30/40]
Src_cls_loss	: 0.0396
-------------------------------------
[Epoch : 31/40]
Src_cls_loss	: 0.0386
-------------------------------------
[Epoch : 32/40]
Src_cls_loss	: 0.0377
-------------------------------------
[Epoch : 33/40]
Src_cls_loss	: 0.0367
-------------------------------------
[Epoch : 34/40]
Src_cls_loss	: 0.0357
-------------------------------------
[Epoch : 35/40]
Src_cls_loss	: 0.0347
-------------------------------------
[Epoch : 36/40]
Src_cls_loss	: 0.0338
-------------------------------------
[Epoch : 37/40]
Src_cls_loss	: 0.0330
-------------------------------------
[Epoch : 38/40]
Src_cls_loss	: 0.0323
-------------------------------------
[Epoch : 39/40]
Src_cls_loss	: 0.0315
-------------------------------------
[Epoch : 40/40]
Src_cls_loss	: 0.0309
-------------------------------------
