=============================================
Dataset: pamap_mobiact
Method:  NO_ADAPT
=============================================
Source: syn_18 ---> Target: dp_18
Run ID: 8
=============================================
[Epoch : 1/40]
Src_cls_loss	: 0.7715
-------------------------------------
[Epoch : 2/40]
Src_cls_loss	: 0.6431
-------------------------------------
[Epoch : 3/40]
Src_cls_loss	: 0.5368
-------------------------------------
[Epoch : 4/40]
Src_cls_loss	: 0.4551
-------------------------------------
[Epoch : 5/40]
Src_cls_loss	: 0.3937
-------------------------------------
[Epoch : 6/40]
Src_cls_loss	: 0.3451
-------------------------------------
[Epoch : 7/40]
Src_cls_loss	: 0.3056
-------------------------------------
[Epoch : 8/40]
Src_cls_loss	: 0.2756
-------------------------------------
[Epoch : 9/40]
Src_cls_loss	: 0.2504
-------------------------------------
[Epoch : 10/40]
Src_cls_loss	: 0.2295
-------------------------------------
[Epoch : 11/40]
Src_cls_loss	: 0.2126
-------------------------------------
[Epoch : 12/40]
Src_cls_loss	: 0.1976
-------------------------------------
[Epoch : 13/40]
Src_cls_loss	: 0.1843
-------------------------------------
[Epoch : 14/40]
Src_cls_loss	: 0.1732
-------------------------------------
[Epoch : 15/40]
Src_cls_loss	: 0.1629
-------------------------------------
[Epoch : 16/40]
Src_cls_loss	: 0.1540
-------------------------------------
[Epoch : 17/40]
Src_cls_loss	: 0.1469
-------------------------------------
[Epoch : 18/40]
Src_cls_loss	: 0.1403
-------------------------------------
[Epoch : 19/40]
Src_cls_loss	: 0.1340
-------------------------------------
[Epoch : 20/40]
Src_cls_loss	: 0.1278
-------------------------------------
[Epoch : 21/40]
Src_cls_loss	: 0.1222
-------------------------------------
[Epoch : 22/40]
Src_cls_loss	: 0.1170
-------------------------------------
[Epoch : 23/40]
Src_cls_loss	: 0.1125
-------------------------------------
[Epoch : 24/40]
Src_cls_loss	: 0.1083
-------------------------------------
[Epoch : 25/40]
Src_cls_loss	: 0.1042
-------------------------------------
[Epoch : 26/40]
Src_cls_loss	: 0.1005
-------------------------------------
[Epoch : 27/40]
Src_cls_loss	: 0.0970
-------------------------------------
[Epoch : 28/40]
Src_cls_loss	: 0.0943
-------------------------------------
[Epoch : 29/40]
Src_cls_loss	: 0.0920
-------------------------------------
[Epoch : 30/40]
Src_cls_loss	: 0.0898
-------------------------------------
[Epoch : 31/40]
Src_cls_loss	: 0.0873
-------------------------------------
[Epoch : 32/40]
Src_cls_loss	: 0.0853
-------------------------------------
[Epoch : 33/40]
Src_cls_loss	: 0.0831
-------------------------------------
[Epoch : 34/40]
Src_cls_loss	: 0.0809
-------------------------------------
[Epoch : 35/40]
Src_cls_loss	: 0.0787
-------------------------------------
[Epoch : 36/40]
Src_cls_loss	: 0.0767
-------------------------------------
[Epoch : 37/40]
Src_cls_loss	: 0.0748
-------------------------------------
[Epoch : 38/40]
Src_cls_loss	: 0.0729
-------------------------------------
[Epoch : 39/40]
Src_cls_loss	: 0.0712
-------------------------------------
[Epoch : 40/40]
Src_cls_loss	: 0.0696
-------------------------------------
