=============================================
Dataset: pamap_mobiact
Method:  SYN
=============================================
Source: syn_wal_19 ---> Target: dp_wal_19
Run ID: 0
=============================================
[Epoch : 1/40]
Src_cls_loss	: 0.6854
-------------------------------------
[Epoch : 2/40]
Src_cls_loss	: 0.5599
-------------------------------------
[Epoch : 3/40]
Src_cls_loss	: 0.4701
-------------------------------------
[Epoch : 4/40]
Src_cls_loss	: 0.3958
-------------------------------------
[Epoch : 5/40]
Src_cls_loss	: 0.3413
-------------------------------------
[Epoch : 6/40]
Src_cls_loss	: 0.2995
-------------------------------------
[Epoch : 7/40]
Src_cls_loss	: 0.2689
-------------------------------------
[Epoch : 8/40]
Src_cls_loss	: 0.2433
-------------------------------------
[Epoch : 9/40]
Src_cls_loss	: 0.2221
-------------------------------------
[Epoch : 10/40]
Src_cls_loss	: 0.2036
-------------------------------------
[Epoch : 11/40]
Src_cls_loss	: 0.1884
-------------------------------------
[Epoch : 12/40]
Src_cls_loss	: 0.1763
-------------------------------------
[Epoch : 13/40]
Src_cls_loss	: 0.1659
-------------------------------------
[Epoch : 14/40]
Src_cls_loss	: 0.1567
-------------------------------------
[Epoch : 15/40]
Src_cls_loss	: 0.1474
-------------------------------------
[Epoch : 16/40]
Src_cls_loss	: 0.1392
-------------------------------------
[Epoch : 17/40]
Src_cls_loss	: 0.1318
-------------------------------------
[Epoch : 18/40]
Src_cls_loss	: 0.1252
-------------------------------------
[Epoch : 19/40]
Src_cls_loss	: 0.1192
-------------------------------------
[Epoch : 20/40]
Src_cls_loss	: 0.1137
-------------------------------------
[Epoch : 21/40]
Src_cls_loss	: 0.1090
-------------------------------------
[Epoch : 22/40]
Src_cls_loss	: 0.1047
-------------------------------------
[Epoch : 23/40]
Src_cls_loss	: 0.1008
-------------------------------------
[Epoch : 24/40]
Src_cls_loss	: 0.0971
-------------------------------------
[Epoch : 25/40]
Src_cls_loss	: 0.0938
-------------------------------------
[Epoch : 26/40]
Src_cls_loss	: 0.0907
-------------------------------------
[Epoch : 27/40]
Src_cls_loss	: 0.0878
-------------------------------------
[Epoch : 28/40]
Src_cls_loss	: 0.0852
-------------------------------------
[Epoch : 29/40]
Src_cls_loss	: 0.0826
-------------------------------------
[Epoch : 30/40]
Src_cls_loss	: 0.0800
-------------------------------------
[Epoch : 31/40]
Src_cls_loss	: 0.0776
-------------------------------------
[Epoch : 32/40]
Src_cls_loss	: 0.0753
-------------------------------------
[Epoch : 33/40]
Src_cls_loss	: 0.0731
-------------------------------------
[Epoch : 34/40]
Src_cls_loss	: 0.0711
-------------------------------------
[Epoch : 35/40]
Src_cls_loss	: 0.0692
-------------------------------------
[Epoch : 36/40]
Src_cls_loss	: 0.0676
-------------------------------------
[Epoch : 37/40]
Src_cls_loss	: 0.0659
-------------------------------------
[Epoch : 38/40]
Src_cls_loss	: 0.0643
-------------------------------------
[Epoch : 39/40]
Src_cls_loss	: 0.0628
-------------------------------------
[Epoch : 40/40]
Src_cls_loss	: 0.0612
-------------------------------------
