=============================================
Dataset: pamap_mobiact
Method:  SYN
=============================================
Source: syn_wal_56 ---> Target: dp_wal_56
Run ID: 4
=============================================
[Epoch : 1/40]
Src_cls_loss	: 0.7240
-------------------------------------
[Epoch : 2/40]
Src_cls_loss	: 0.5722
-------------------------------------
[Epoch : 3/40]
Src_cls_loss	: 0.4761
-------------------------------------
[Epoch : 4/40]
Src_cls_loss	: 0.4050
-------------------------------------
[Epoch : 5/40]
Src_cls_loss	: 0.3469
-------------------------------------
[Epoch : 6/40]
Src_cls_loss	: 0.3036
-------------------------------------
[Epoch : 7/40]
Src_cls_loss	: 0.2695
-------------------------------------
[Epoch : 8/40]
Src_cls_loss	: 0.2445
-------------------------------------
[Epoch : 9/40]
Src_cls_loss	: 0.2222
-------------------------------------
[Epoch : 10/40]
Src_cls_loss	: 0.2035
-------------------------------------
[Epoch : 11/40]
Src_cls_loss	: 0.1885
-------------------------------------
[Epoch : 12/40]
Src_cls_loss	: 0.1748
-------------------------------------
[Epoch : 13/40]
Src_cls_loss	: 0.1630
-------------------------------------
[Epoch : 14/40]
Src_cls_loss	: 0.1524
-------------------------------------
[Epoch : 15/40]
Src_cls_loss	: 0.1433
-------------------------------------
[Epoch : 16/40]
Src_cls_loss	: 0.1358
-------------------------------------
[Epoch : 17/40]
Src_cls_loss	: 0.1292
-------------------------------------
[Epoch : 18/40]
Src_cls_loss	: 0.1234
-------------------------------------
[Epoch : 19/40]
Src_cls_loss	: 0.1193
-------------------------------------
[Epoch : 20/40]
Src_cls_loss	: 0.1146
-------------------------------------
[Epoch : 21/40]
Src_cls_loss	: 0.1096
-------------------------------------
[Epoch : 22/40]
Src_cls_loss	: 0.1052
-------------------------------------
[Epoch : 23/40]
Src_cls_loss	: 0.1011
-------------------------------------
[Epoch : 24/40]
Src_cls_loss	: 0.0972
-------------------------------------
[Epoch : 25/40]
Src_cls_loss	: 0.0936
-------------------------------------
[Epoch : 26/40]
Src_cls_loss	: 0.0901
-------------------------------------
[Epoch : 27/40]
Src_cls_loss	: 0.0871
-------------------------------------
[Epoch : 28/40]
Src_cls_loss	: 0.0844
-------------------------------------
[Epoch : 29/40]
Src_cls_loss	: 0.0817
-------------------------------------
[Epoch : 30/40]
Src_cls_loss	: 0.0794
-------------------------------------
[Epoch : 31/40]
Src_cls_loss	: 0.0770
-------------------------------------
[Epoch : 32/40]
Src_cls_loss	: 0.0747
-------------------------------------
[Epoch : 33/40]
Src_cls_loss	: 0.0741
-------------------------------------
[Epoch : 34/40]
Src_cls_loss	: 0.0737
-------------------------------------
[Epoch : 35/40]
Src_cls_loss	: 0.0725
-------------------------------------
[Epoch : 36/40]
Src_cls_loss	: 0.0710
-------------------------------------
[Epoch : 37/40]
Src_cls_loss	: 0.0695
-------------------------------------
[Epoch : 38/40]
Src_cls_loss	: 0.0680
-------------------------------------
[Epoch : 39/40]
Src_cls_loss	: 0.0665
-------------------------------------
[Epoch : 40/40]
Src_cls_loss	: 0.0649
-------------------------------------
