=============================================
Dataset: pamap_mobiact
Method:  SYN
=============================================
Source: syn_wal_48 ---> Target: dp_wal_48
Run ID: 4
=============================================
[Epoch : 1/40]
Src_cls_loss	: 0.6210
-------------------------------------
[Epoch : 2/40]
Src_cls_loss	: 0.4453
-------------------------------------
[Epoch : 3/40]
Src_cls_loss	: 0.3511
-------------------------------------
[Epoch : 4/40]
Src_cls_loss	: 0.2919
-------------------------------------
[Epoch : 5/40]
Src_cls_loss	: 0.2499
-------------------------------------
[Epoch : 6/40]
Src_cls_loss	: 0.2199
-------------------------------------
[Epoch : 7/40]
Src_cls_loss	: 0.1946
-------------------------------------
[Epoch : 8/40]
Src_cls_loss	: 0.1756
-------------------------------------
[Epoch : 9/40]
Src_cls_loss	: 0.1591
-------------------------------------
[Epoch : 10/40]
Src_cls_loss	: 0.1455
-------------------------------------
[Epoch : 11/40]
Src_cls_loss	: 0.1347
-------------------------------------
[Epoch : 12/40]
Src_cls_loss	: 0.1258
-------------------------------------
[Epoch : 13/40]
Src_cls_loss	: 0.1173
-------------------------------------
[Epoch : 14/40]
Src_cls_loss	: 0.1099
-------------------------------------
[Epoch : 15/40]
Src_cls_loss	: 0.1041
-------------------------------------
[Epoch : 16/40]
Src_cls_loss	: 0.0989
-------------------------------------
[Epoch : 17/40]
Src_cls_loss	: 0.0939
-------------------------------------
[Epoch : 18/40]
Src_cls_loss	: 0.0894
-------------------------------------
[Epoch : 19/40]
Src_cls_loss	: 0.0853
-------------------------------------
[Epoch : 20/40]
Src_cls_loss	: 0.0814
-------------------------------------
[Epoch : 21/40]
Src_cls_loss	: 0.0777
-------------------------------------
[Epoch : 22/40]
Src_cls_loss	: 0.0745
-------------------------------------
[Epoch : 23/40]
Src_cls_loss	: 0.0716
-------------------------------------
[Epoch : 24/40]
Src_cls_loss	: 0.0691
-------------------------------------
[Epoch : 25/40]
Src_cls_loss	: 0.0666
-------------------------------------
[Epoch : 26/40]
Src_cls_loss	: 0.0642
-------------------------------------
[Epoch : 27/40]
Src_cls_loss	: 0.0620
-------------------------------------
[Epoch : 28/40]
Src_cls_loss	: 0.0600
-------------------------------------
[Epoch : 29/40]
Src_cls_loss	: 0.0581
-------------------------------------
[Epoch : 30/40]
Src_cls_loss	: 0.0563
-------------------------------------
[Epoch : 31/40]
Src_cls_loss	: 0.0547
-------------------------------------
[Epoch : 32/40]
Src_cls_loss	: 0.0531
-------------------------------------
[Epoch : 33/40]
Src_cls_loss	: 0.0519
-------------------------------------
[Epoch : 34/40]
Src_cls_loss	: 0.0507
-------------------------------------
[Epoch : 35/40]
Src_cls_loss	: 0.0494
-------------------------------------
[Epoch : 36/40]
Src_cls_loss	: 0.0482
-------------------------------------
[Epoch : 37/40]
Src_cls_loss	: 0.0470
-------------------------------------
[Epoch : 38/40]
Src_cls_loss	: 0.0459
-------------------------------------
[Epoch : 39/40]
Src_cls_loss	: 0.0448
-------------------------------------
[Epoch : 40/40]
Src_cls_loss	: 0.0437
-------------------------------------
