=============================================
Dataset: realworld_mobiact
Method:  SYN
=============================================
Source: syn_wal_43 ---> Target: dp_wal_43
Run ID: 0
=============================================
[Epoch : 1/40]
Src_cls_loss	: 0.5492
-------------------------------------
[Epoch : 2/40]
Src_cls_loss	: 0.3841
-------------------------------------
[Epoch : 3/40]
Src_cls_loss	: 0.2956
-------------------------------------
[Epoch : 4/40]
Src_cls_loss	: 0.2430
-------------------------------------
[Epoch : 5/40]
Src_cls_loss	: 0.2079
-------------------------------------
[Epoch : 6/40]
Src_cls_loss	: 0.1818
-------------------------------------
[Epoch : 7/40]
Src_cls_loss	: 0.1628
-------------------------------------
[Epoch : 8/40]
Src_cls_loss	: 0.1476
-------------------------------------
[Epoch : 9/40]
Src_cls_loss	: 0.1349
-------------------------------------
[Epoch : 10/40]
Src_cls_loss	: 0.1238
-------------------------------------
[Epoch : 11/40]
Src_cls_loss	: 0.1150
-------------------------------------
[Epoch : 12/40]
Src_cls_loss	: 0.1083
-------------------------------------
[Epoch : 13/40]
Src_cls_loss	: 0.1013
-------------------------------------
[Epoch : 14/40]
Src_cls_loss	: 0.0954
-------------------------------------
[Epoch : 15/40]
Src_cls_loss	: 0.0901
-------------------------------------
[Epoch : 16/40]
Src_cls_loss	: 0.0863
-------------------------------------
[Epoch : 17/40]
Src_cls_loss	: 0.0829
-------------------------------------
[Epoch : 18/40]
Src_cls_loss	: 0.0796
-------------------------------------
[Epoch : 19/40]
Src_cls_loss	: 0.0770
-------------------------------------
[Epoch : 20/40]
Src_cls_loss	: 0.0737
-------------------------------------
[Epoch : 21/40]
Src_cls_loss	: 0.0708
-------------------------------------
[Epoch : 22/40]
Src_cls_loss	: 0.0683
-------------------------------------
[Epoch : 23/40]
Src_cls_loss	: 0.0659
-------------------------------------
[Epoch : 24/40]
Src_cls_loss	: 0.0635
-------------------------------------
[Epoch : 25/40]
Src_cls_loss	: 0.0613
-------------------------------------
[Epoch : 26/40]
Src_cls_loss	: 0.0592
-------------------------------------
[Epoch : 27/40]
Src_cls_loss	: 0.0572
-------------------------------------
[Epoch : 28/40]
Src_cls_loss	: 0.0563
-------------------------------------
[Epoch : 29/40]
Src_cls_loss	: 0.0547
-------------------------------------
[Epoch : 30/40]
Src_cls_loss	: 0.0531
-------------------------------------
[Epoch : 31/40]
Src_cls_loss	: 0.0516
-------------------------------------
[Epoch : 32/40]
Src_cls_loss	: 0.0501
-------------------------------------
[Epoch : 33/40]
Src_cls_loss	: 0.0487
-------------------------------------
[Epoch : 34/40]
Src_cls_loss	: 0.0474
-------------------------------------
[Epoch : 35/40]
Src_cls_loss	: 0.0461
-------------------------------------
[Epoch : 36/40]
Src_cls_loss	: 0.0450
-------------------------------------
[Epoch : 37/40]
Src_cls_loss	: 0.0440
-------------------------------------
[Epoch : 38/40]
Src_cls_loss	: 0.0429
-------------------------------------
[Epoch : 39/40]
Src_cls_loss	: 0.0420
-------------------------------------
[Epoch : 40/40]
Src_cls_loss	: 0.0416
-------------------------------------
