=============================================
Dataset: CWRU_Ball
Method:  NO_ADAPT
=============================================
Source: 0 ---> Target: 7
Run ID: 3
=============================================
[Epoch : 1/40]
Src_cls_loss	: 0.0710
-------------------------------------
[Epoch : 2/40]
Src_cls_loss	: 0.0376
-------------------------------------
[Epoch : 3/40]
Src_cls_loss	: 0.0257
-------------------------------------
[Epoch : 4/40]
Src_cls_loss	: 0.0196
-------------------------------------
[Epoch : 5/40]
Src_cls_loss	: 0.0158
-------------------------------------
[Epoch : 6/40]
Src_cls_loss	: 0.0134
-------------------------------------
[Epoch : 7/40]
Src_cls_loss	: 0.0115
-------------------------------------
[Epoch : 8/40]
Src_cls_loss	: 0.0102
-------------------------------------
[Epoch : 9/40]
Src_cls_loss	: 0.0091
-------------------------------------
[Epoch : 10/40]
Src_cls_loss	: 0.0083
-------------------------------------
[Epoch : 11/40]
Src_cls_loss	: 0.0076
-------------------------------------
[Epoch : 12/40]
Src_cls_loss	: 0.0070
-------------------------------------
[Epoch : 13/40]
Src_cls_loss	: 0.0068
-------------------------------------
[Epoch : 14/40]
Src_cls_loss	: 0.0063
-------------------------------------
[Epoch : 15/40]
Src_cls_loss	: 0.0059
-------------------------------------
[Epoch : 16/40]
Src_cls_loss	: 0.0056
-------------------------------------
[Epoch : 17/40]
Src_cls_loss	: 0.0053
-------------------------------------
[Epoch : 18/40]
Src_cls_loss	: 0.0051
-------------------------------------
[Epoch : 19/40]
Src_cls_loss	: 0.0048
-------------------------------------
[Epoch : 20/40]
Src_cls_loss	: 0.0046
-------------------------------------
[Epoch : 21/40]
Src_cls_loss	: 0.0044
-------------------------------------
[Epoch : 22/40]
Src_cls_loss	: 0.0042
-------------------------------------
[Epoch : 23/40]
Src_cls_loss	: 0.0041
-------------------------------------
[Epoch : 24/40]
Src_cls_loss	: 0.0040
-------------------------------------
[Epoch : 25/40]
Src_cls_loss	: 0.0039
-------------------------------------
[Epoch : 26/40]
Src_cls_loss	: 0.0038
-------------------------------------
[Epoch : 27/40]
Src_cls_loss	: 0.0037
-------------------------------------
[Epoch : 28/40]
Src_cls_loss	: 0.0035
-------------------------------------
[Epoch : 29/40]
Src_cls_loss	: 0.0034
-------------------------------------
[Epoch : 30/40]
Src_cls_loss	: 0.0033
-------------------------------------
[Epoch : 31/40]
Src_cls_loss	: 0.0032
-------------------------------------
[Epoch : 32/40]
Src_cls_loss	: 0.0031
-------------------------------------
[Epoch : 33/40]
Src_cls_loss	: 0.0030
-------------------------------------
[Epoch : 34/40]
Src_cls_loss	: 0.0030
-------------------------------------
[Epoch : 35/40]
Src_cls_loss	: 0.0029
-------------------------------------
[Epoch : 36/40]
Src_cls_loss	: 0.0028
-------------------------------------
[Epoch : 37/40]
Src_cls_loss	: 0.0028
-------------------------------------
[Epoch : 38/40]
Src_cls_loss	: 0.0028
-------------------------------------
[Epoch : 39/40]
Src_cls_loss	: 0.0027
-------------------------------------
[Epoch : 40/40]
Src_cls_loss	: 0.0027
-------------------------------------
