=============================================
Dataset: realworld_mobiact
Method:  ROT
=============================================
Source: src ---> Target: trg
Run ID: 8
=============================================
[Epoch : 1/100]
Src_cls_loss	: 0.8509
-------------------------------------
[Epoch : 2/100]
Src_cls_loss	: 0.7251
-------------------------------------
[Epoch : 3/100]
Src_cls_loss	: 0.6423
-------------------------------------
[Epoch : 4/100]
Src_cls_loss	: 0.5833
-------------------------------------
[Epoch : 5/100]
Src_cls_loss	: 0.5404
-------------------------------------
[Epoch : 6/100]
Src_cls_loss	: 0.5094
-------------------------------------
[Epoch : 7/100]
Src_cls_loss	: 0.4859
-------------------------------------
[Epoch : 8/100]
Src_cls_loss	: 0.4644
-------------------------------------
[Epoch : 9/100]
Src_cls_loss	: 0.4470
-------------------------------------
[Epoch : 10/100]
Src_cls_loss	: 0.4315
-------------------------------------
[Epoch : 11/100]
Src_cls_loss	: 0.4176
-------------------------------------
[Epoch : 12/100]
Src_cls_loss	: 0.4058
-------------------------------------
[Epoch : 13/100]
Src_cls_loss	: 0.3954
-------------------------------------
[Epoch : 14/100]
Src_cls_loss	: 0.3852
-------------------------------------
[Epoch : 15/100]
Src_cls_loss	: 0.3760
-------------------------------------
[Epoch : 16/100]
Src_cls_loss	: 0.3671
-------------------------------------
[Epoch : 17/100]
Src_cls_loss	: 0.3591
-------------------------------------
[Epoch : 18/100]
Src_cls_loss	: 0.3515
-------------------------------------
[Epoch : 19/100]
Src_cls_loss	: 0.3443
-------------------------------------
[Epoch : 20/100]
Src_cls_loss	: 0.3377
-------------------------------------
[Epoch : 21/100]
Src_cls_loss	: 0.3320
-------------------------------------
[Epoch : 22/100]
Src_cls_loss	: 0.3266
-------------------------------------
[Epoch : 23/100]
Src_cls_loss	: 0.3217
-------------------------------------
[Epoch : 24/100]
Src_cls_loss	: 0.3170
-------------------------------------
[Epoch : 25/100]
Src_cls_loss	: 0.3123
-------------------------------------
[Epoch : 26/100]
Src_cls_loss	: 0.3076
-------------------------------------
[Epoch : 27/100]
Src_cls_loss	: 0.3037
-------------------------------------
[Epoch : 28/100]
Src_cls_loss	: 0.2998
-------------------------------------
[Epoch : 29/100]
Src_cls_loss	: 0.2960
-------------------------------------
[Epoch : 30/100]
Src_cls_loss	: 0.2924
-------------------------------------
[Epoch : 31/100]
Src_cls_loss	: 0.2891
-------------------------------------
[Epoch : 32/100]
Src_cls_loss	: 0.2859
-------------------------------------
[Epoch : 33/100]
Src_cls_loss	: 0.2828
-------------------------------------
[Epoch : 34/100]
Src_cls_loss	: 0.2800
-------------------------------------
[Epoch : 35/100]
Src_cls_loss	: 0.2771
-------------------------------------
[Epoch : 36/100]
Src_cls_loss	: 0.2741
-------------------------------------
[Epoch : 37/100]
Src_cls_loss	: 0.2716
-------------------------------------
[Epoch : 38/100]
Src_cls_loss	: 0.2690
-------------------------------------
[Epoch : 39/100]
Src_cls_loss	: 0.2665
-------------------------------------
[Epoch : 40/100]
Src_cls_loss	: 0.2643
-------------------------------------
[Epoch : 41/100]
Src_cls_loss	: 0.2619
-------------------------------------
[Epoch : 42/100]
Src_cls_loss	: 0.2594
-------------------------------------
[Epoch : 43/100]
Src_cls_loss	: 0.2569
-------------------------------------
[Epoch : 44/100]
Src_cls_loss	: 0.2548
-------------------------------------
[Epoch : 45/100]
Src_cls_loss	: 0.2525
-------------------------------------
[Epoch : 46/100]
Src_cls_loss	: 0.2504
-------------------------------------
[Epoch : 47/100]
Src_cls_loss	: 0.2483
-------------------------------------
[Epoch : 48/100]
Src_cls_loss	: 0.2463
-------------------------------------
[Epoch : 49/100]
Src_cls_loss	: 0.2444
-------------------------------------
[Epoch : 50/100]
Src_cls_loss	: 0.2424
-------------------------------------
[Epoch : 51/100]
Src_cls_loss	: 0.2407
-------------------------------------
[Epoch : 52/100]
Src_cls_loss	: 0.2390
-------------------------------------
[Epoch : 53/100]
Src_cls_loss	: 0.2373
-------------------------------------
[Epoch : 54/100]
Src_cls_loss	: 0.2355
-------------------------------------
[Epoch : 55/100]
Src_cls_loss	: 0.2338
-------------------------------------
[Epoch : 56/100]
Src_cls_loss	: 0.2323
-------------------------------------
[Epoch : 57/100]
Src_cls_loss	: 0.2306
-------------------------------------
[Epoch : 58/100]
Src_cls_loss	: 0.2291
-------------------------------------
[Epoch : 59/100]
Src_cls_loss	: 0.2275
-------------------------------------
[Epoch : 60/100]
Src_cls_loss	: 0.2261
-------------------------------------
[Epoch : 61/100]
Src_cls_loss	: 0.2245
-------------------------------------
[Epoch : 62/100]
Src_cls_loss	: 0.2232
-------------------------------------
[Epoch : 63/100]
Src_cls_loss	: 0.2217
-------------------------------------
[Epoch : 64/100]
Src_cls_loss	: 0.2203
-------------------------------------
[Epoch : 65/100]
Src_cls_loss	: 0.2189
-------------------------------------
[Epoch : 66/100]
Src_cls_loss	: 0.2176
-------------------------------------
[Epoch : 67/100]
Src_cls_loss	: 0.2163
-------------------------------------
[Epoch : 68/100]
Src_cls_loss	: 0.2152
-------------------------------------
[Epoch : 69/100]
Src_cls_loss	: 0.2140
-------------------------------------
[Epoch : 70/100]
Src_cls_loss	: 0.2128
-------------------------------------
[Epoch : 71/100]
Src_cls_loss	: 0.2117
-------------------------------------
[Epoch : 72/100]
Src_cls_loss	: 0.2105
-------------------------------------
[Epoch : 73/100]
Src_cls_loss	: 0.2094
-------------------------------------
[Epoch : 74/100]
Src_cls_loss	: 0.2083
-------------------------------------
[Epoch : 75/100]
Src_cls_loss	: 0.2071
-------------------------------------
[Epoch : 76/100]
Src_cls_loss	: 0.2060
-------------------------------------
[Epoch : 77/100]
Src_cls_loss	: 0.2049
-------------------------------------
[Epoch : 78/100]
Src_cls_loss	: 0.2038
-------------------------------------
[Epoch : 79/100]
Src_cls_loss	: 0.2029
-------------------------------------
[Epoch : 80/100]
Src_cls_loss	: 0.2019
-------------------------------------
[Epoch : 81/100]
Src_cls_loss	: 0.2009
-------------------------------------
[Epoch : 82/100]
Src_cls_loss	: 0.1999
-------------------------------------
[Epoch : 83/100]
Src_cls_loss	: 0.1989
-------------------------------------
[Epoch : 84/100]
Src_cls_loss	: 0.1980
-------------------------------------
[Epoch : 85/100]
Src_cls_loss	: 0.1970
-------------------------------------
[Epoch : 86/100]
Src_cls_loss	: 0.1960
-------------------------------------
[Epoch : 87/100]
Src_cls_loss	: 0.1951
-------------------------------------
[Epoch : 88/100]
Src_cls_loss	: 0.1941
-------------------------------------
[Epoch : 89/100]
Src_cls_loss	: 0.1932
-------------------------------------
[Epoch : 90/100]
Src_cls_loss	: 0.1922
-------------------------------------
[Epoch : 91/100]
Src_cls_loss	: 0.1914
-------------------------------------
[Epoch : 92/100]
Src_cls_loss	: 0.1905
-------------------------------------
[Epoch : 93/100]
Src_cls_loss	: 0.1895
-------------------------------------
[Epoch : 94/100]
Src_cls_loss	: 0.1886
-------------------------------------
[Epoch : 95/100]
Src_cls_loss	: 0.1878
-------------------------------------
[Epoch : 96/100]
Src_cls_loss	: 0.1869
-------------------------------------
[Epoch : 97/100]
Src_cls_loss	: 0.1861
-------------------------------------
[Epoch : 98/100]
Src_cls_loss	: 0.1852
-------------------------------------
[Epoch : 99/100]
Src_cls_loss	: 0.1844
-------------------------------------
[Epoch : 100/100]
Src_cls_loss	: 0.1836
-------------------------------------
