=============================================
Dataset: CWRU_OR_orthogonal
Method:  Deep_Coral
=============================================
Source: 0 ---> Target: 4
Run ID: 4
=============================================
[Epoch : 1/40]
Total_loss	: 0.0179
Src_cls_loss	: 0.1685
coral_loss	: 0.0002
-------------------------------------
[Epoch : 2/40]
Total_loss	: 0.0107
Src_cls_loss	: 0.0977
coral_loss	: 0.0002
-------------------------------------
[Epoch : 3/40]
Total_loss	: 0.0079
Src_cls_loss	: 0.0703
coral_loss	: 0.0002
-------------------------------------
[Epoch : 4/40]
Total_loss	: 0.0063
Src_cls_loss	: 0.0560
coral_loss	: 0.0002
-------------------------------------
[Epoch : 5/40]
Total_loss	: 0.0053
Src_cls_loss	: 0.0466
coral_loss	: 0.0001
-------------------------------------
[Epoch : 6/40]
Total_loss	: 0.0046
Src_cls_loss	: 0.0399
coral_loss	: 0.0001
-------------------------------------
[Epoch : 7/40]
Total_loss	: 0.0041
Src_cls_loss	: 0.0353
coral_loss	: 0.0001
-------------------------------------
[Epoch : 8/40]
Total_loss	: 0.0037
Src_cls_loss	: 0.0316
coral_loss	: 0.0001
-------------------------------------
[Epoch : 9/40]
Total_loss	: 0.0034
Src_cls_loss	: 0.0291
coral_loss	: 0.0001
-------------------------------------
[Epoch : 10/40]
Total_loss	: 0.0032
Src_cls_loss	: 0.0267
coral_loss	: 0.0001
-------------------------------------
[Epoch : 11/40]
Total_loss	: 0.0029
Src_cls_loss	: 0.0248
coral_loss	: 0.0001
-------------------------------------
[Epoch : 12/40]
Total_loss	: 0.0027
Src_cls_loss	: 0.0232
coral_loss	: 0.0001
-------------------------------------
[Epoch : 13/40]
Total_loss	: 0.0026
Src_cls_loss	: 0.0217
coral_loss	: 0.0001
-------------------------------------
[Epoch : 14/40]
Total_loss	: 0.0024
Src_cls_loss	: 0.0205
coral_loss	: 0.0001
-------------------------------------
[Epoch : 15/40]
Total_loss	: 0.0023
Src_cls_loss	: 0.0194
coral_loss	: 0.0001
-------------------------------------
[Epoch : 16/40]
Total_loss	: 0.0022
Src_cls_loss	: 0.0186
coral_loss	: 0.0001
-------------------------------------
[Epoch : 17/40]
Total_loss	: 0.0021
Src_cls_loss	: 0.0179
coral_loss	: 0.0001
-------------------------------------
[Epoch : 18/40]
Total_loss	: 0.0020
Src_cls_loss	: 0.0171
coral_loss	: 0.0001
-------------------------------------
[Epoch : 19/40]
Total_loss	: 0.0020
Src_cls_loss	: 0.0168
coral_loss	: 0.0001
-------------------------------------
[Epoch : 20/40]
Total_loss	: 0.0019
Src_cls_loss	: 0.0162
coral_loss	: 0.0001
-------------------------------------
[Epoch : 21/40]
Total_loss	: 0.0019
Src_cls_loss	: 0.0157
coral_loss	: 0.0001
-------------------------------------
[Epoch : 22/40]
Total_loss	: 0.0018
Src_cls_loss	: 0.0153
coral_loss	: 0.0001
-------------------------------------
[Epoch : 23/40]
Total_loss	: 0.0018
Src_cls_loss	: 0.0149
coral_loss	: 0.0001
-------------------------------------
[Epoch : 24/40]
Total_loss	: 0.0017
Src_cls_loss	: 0.0144
coral_loss	: 0.0001
-------------------------------------
[Epoch : 25/40]
Total_loss	: 0.0017
Src_cls_loss	: 0.0140
coral_loss	: 0.0001
-------------------------------------
[Epoch : 26/40]
Total_loss	: 0.0016
Src_cls_loss	: 0.0136
coral_loss	: 0.0001
-------------------------------------
[Epoch : 27/40]
Total_loss	: 0.0016
Src_cls_loss	: 0.0132
coral_loss	: 0.0001
-------------------------------------
[Epoch : 28/40]
Total_loss	: 0.0015
Src_cls_loss	: 0.0129
coral_loss	: 0.0001
-------------------------------------
[Epoch : 29/40]
Total_loss	: 0.0015
Src_cls_loss	: 0.0126
coral_loss	: 0.0001
-------------------------------------
[Epoch : 30/40]
Total_loss	: 0.0015
Src_cls_loss	: 0.0123
coral_loss	: 0.0001
-------------------------------------
[Epoch : 31/40]
Total_loss	: 0.0014
Src_cls_loss	: 0.0120
coral_loss	: 0.0000
-------------------------------------
[Epoch : 32/40]
Total_loss	: 0.0014
Src_cls_loss	: 0.0118
coral_loss	: 0.0000
-------------------------------------
[Epoch : 33/40]
Total_loss	: 0.0014
Src_cls_loss	: 0.0116
coral_loss	: 0.0000
-------------------------------------
[Epoch : 34/40]
Total_loss	: 0.0013
Src_cls_loss	: 0.0113
coral_loss	: 0.0000
-------------------------------------
[Epoch : 35/40]
Total_loss	: 0.0013
Src_cls_loss	: 0.0111
coral_loss	: 0.0000
-------------------------------------
[Epoch : 36/40]
Total_loss	: 0.0013
Src_cls_loss	: 0.0109
coral_loss	: 0.0000
-------------------------------------
[Epoch : 37/40]
Total_loss	: 0.0013
Src_cls_loss	: 0.0107
coral_loss	: 0.0000
-------------------------------------
[Epoch : 38/40]
Total_loss	: 0.0012
Src_cls_loss	: 0.0105
coral_loss	: 0.0000
-------------------------------------
[Epoch : 39/40]
Total_loss	: 0.0012
Src_cls_loss	: 0.0103
coral_loss	: 0.0000
-------------------------------------
[Epoch : 40/40]
Total_loss	: 0.0012
Src_cls_loss	: 0.0102
coral_loss	: 0.0000
-------------------------------------
