=============================================
Dataset: realworld_mobiact
Method:  SYN
=============================================
Source: syn_wal_24 ---> Target: dp_wal_24
Run ID: 3
=============================================
[Epoch : 1/40]
Src_cls_loss	: 0.8241
-------------------------------------
[Epoch : 2/40]
Src_cls_loss	: 0.6401
-------------------------------------
[Epoch : 3/40]
Src_cls_loss	: 0.5104
-------------------------------------
[Epoch : 4/40]
Src_cls_loss	: 0.4131
-------------------------------------
[Epoch : 5/40]
Src_cls_loss	: 0.3494
-------------------------------------
[Epoch : 6/40]
Src_cls_loss	: 0.3014
-------------------------------------
[Epoch : 7/40]
Src_cls_loss	: 0.2650
-------------------------------------
[Epoch : 8/40]
Src_cls_loss	: 0.2362
-------------------------------------
[Epoch : 9/40]
Src_cls_loss	: 0.2127
-------------------------------------
[Epoch : 10/40]
Src_cls_loss	: 0.1942
-------------------------------------
[Epoch : 11/40]
Src_cls_loss	: 0.1788
-------------------------------------
[Epoch : 12/40]
Src_cls_loss	: 0.1659
-------------------------------------
[Epoch : 13/40]
Src_cls_loss	: 0.1543
-------------------------------------
[Epoch : 14/40]
Src_cls_loss	: 0.1442
-------------------------------------
[Epoch : 15/40]
Src_cls_loss	: 0.1355
-------------------------------------
[Epoch : 16/40]
Src_cls_loss	: 0.1275
-------------------------------------
[Epoch : 17/40]
Src_cls_loss	: 0.1207
-------------------------------------
[Epoch : 18/40]
Src_cls_loss	: 0.1146
-------------------------------------
[Epoch : 19/40]
Src_cls_loss	: 0.1091
-------------------------------------
[Epoch : 20/40]
Src_cls_loss	: 0.1040
-------------------------------------
[Epoch : 21/40]
Src_cls_loss	: 0.1001
-------------------------------------
[Epoch : 22/40]
Src_cls_loss	: 0.0970
-------------------------------------
[Epoch : 23/40]
Src_cls_loss	: 0.0934
-------------------------------------
[Epoch : 24/40]
Src_cls_loss	: 0.0898
-------------------------------------
[Epoch : 25/40]
Src_cls_loss	: 0.0865
-------------------------------------
[Epoch : 26/40]
Src_cls_loss	: 0.0833
-------------------------------------
[Epoch : 27/40]
Src_cls_loss	: 0.0804
-------------------------------------
[Epoch : 28/40]
Src_cls_loss	: 0.0777
-------------------------------------
[Epoch : 29/40]
Src_cls_loss	: 0.0751
-------------------------------------
[Epoch : 30/40]
Src_cls_loss	: 0.0728
-------------------------------------
[Epoch : 31/40]
Src_cls_loss	: 0.0705
-------------------------------------
[Epoch : 32/40]
Src_cls_loss	: 0.0686
-------------------------------------
[Epoch : 33/40]
Src_cls_loss	: 0.0666
-------------------------------------
[Epoch : 34/40]
Src_cls_loss	: 0.0647
-------------------------------------
[Epoch : 35/40]
Src_cls_loss	: 0.0630
-------------------------------------
[Epoch : 36/40]
Src_cls_loss	: 0.0613
-------------------------------------
[Epoch : 37/40]
Src_cls_loss	: 0.0597
-------------------------------------
[Epoch : 38/40]
Src_cls_loss	: 0.0582
-------------------------------------
[Epoch : 39/40]
Src_cls_loss	: 0.0567
-------------------------------------
[Epoch : 40/40]
Src_cls_loss	: 0.0554
-------------------------------------
