=============================================
Dataset: pamap_mobiact
Method:  SYN
=============================================
Source: syn_wal_40 ---> Target: dp_wal_40
Run ID: 7
=============================================
[Epoch : 1/40]
Src_cls_loss	: 0.5605
-------------------------------------
[Epoch : 2/40]
Src_cls_loss	: 0.3709
-------------------------------------
[Epoch : 3/40]
Src_cls_loss	: 0.2821
-------------------------------------
[Epoch : 4/40]
Src_cls_loss	: 0.2272
-------------------------------------
[Epoch : 5/40]
Src_cls_loss	: 0.1940
-------------------------------------
[Epoch : 6/40]
Src_cls_loss	: 0.1680
-------------------------------------
[Epoch : 7/40]
Src_cls_loss	: 0.1476
-------------------------------------
[Epoch : 8/40]
Src_cls_loss	: 0.1314
-------------------------------------
[Epoch : 9/40]
Src_cls_loss	: 0.1189
-------------------------------------
[Epoch : 10/40]
Src_cls_loss	: 0.1093
-------------------------------------
[Epoch : 11/40]
Src_cls_loss	: 0.1005
-------------------------------------
[Epoch : 12/40]
Src_cls_loss	: 0.0930
-------------------------------------
[Epoch : 13/40]
Src_cls_loss	: 0.0873
-------------------------------------
[Epoch : 14/40]
Src_cls_loss	: 0.0826
-------------------------------------
[Epoch : 15/40]
Src_cls_loss	: 0.0781
-------------------------------------
[Epoch : 16/40]
Src_cls_loss	: 0.0738
-------------------------------------
[Epoch : 17/40]
Src_cls_loss	: 0.0701
-------------------------------------
[Epoch : 18/40]
Src_cls_loss	: 0.0667
-------------------------------------
[Epoch : 19/40]
Src_cls_loss	: 0.0634
-------------------------------------
[Epoch : 20/40]
Src_cls_loss	: 0.0605
-------------------------------------
[Epoch : 21/40]
Src_cls_loss	: 0.0578
-------------------------------------
[Epoch : 22/40]
Src_cls_loss	: 0.0554
-------------------------------------
[Epoch : 23/40]
Src_cls_loss	: 0.0534
-------------------------------------
[Epoch : 24/40]
Src_cls_loss	: 0.0513
-------------------------------------
[Epoch : 25/40]
Src_cls_loss	: 0.0494
-------------------------------------
[Epoch : 26/40]
Src_cls_loss	: 0.0476
-------------------------------------
[Epoch : 27/40]
Src_cls_loss	: 0.0461
-------------------------------------
[Epoch : 28/40]
Src_cls_loss	: 0.0446
-------------------------------------
[Epoch : 29/40]
Src_cls_loss	: 0.0432
-------------------------------------
[Epoch : 30/40]
Src_cls_loss	: 0.0419
-------------------------------------
[Epoch : 31/40]
Src_cls_loss	: 0.0406
-------------------------------------
[Epoch : 32/40]
Src_cls_loss	: 0.0394
-------------------------------------
[Epoch : 33/40]
Src_cls_loss	: 0.0383
-------------------------------------
[Epoch : 34/40]
Src_cls_loss	: 0.0373
-------------------------------------
[Epoch : 35/40]
Src_cls_loss	: 0.0363
-------------------------------------
[Epoch : 36/40]
Src_cls_loss	: 0.0353
-------------------------------------
[Epoch : 37/40]
Src_cls_loss	: 0.0344
-------------------------------------
[Epoch : 38/40]
Src_cls_loss	: 0.0336
-------------------------------------
[Epoch : 39/40]
Src_cls_loss	: 0.0327
-------------------------------------
[Epoch : 40/40]
Src_cls_loss	: 0.0320
-------------------------------------
