=============================================
Dataset: realworld_mobiact
Method:  NO_ADAPT
=============================================
Source: syn_27 ---> Target: dp_27
Run ID: 3
=============================================
[Epoch : 1/40]
Src_cls_loss	: 0.8766
-------------------------------------
[Epoch : 2/40]
Src_cls_loss	: 0.7328
-------------------------------------
[Epoch : 3/40]
Src_cls_loss	: 0.6018
-------------------------------------
[Epoch : 4/40]
Src_cls_loss	: 0.5093
-------------------------------------
[Epoch : 5/40]
Src_cls_loss	: 0.4432
-------------------------------------
[Epoch : 6/40]
Src_cls_loss	: 0.3903
-------------------------------------
[Epoch : 7/40]
Src_cls_loss	: 0.3476
-------------------------------------
[Epoch : 8/40]
Src_cls_loss	: 0.3155
-------------------------------------
[Epoch : 9/40]
Src_cls_loss	: 0.2907
-------------------------------------
[Epoch : 10/40]
Src_cls_loss	: 0.2692
-------------------------------------
[Epoch : 11/40]
Src_cls_loss	: 0.2509
-------------------------------------
[Epoch : 12/40]
Src_cls_loss	: 0.2340
-------------------------------------
[Epoch : 13/40]
Src_cls_loss	: 0.2199
-------------------------------------
[Epoch : 14/40]
Src_cls_loss	: 0.2059
-------------------------------------
[Epoch : 15/40]
Src_cls_loss	: 0.1941
-------------------------------------
[Epoch : 16/40]
Src_cls_loss	: 0.1843
-------------------------------------
[Epoch : 17/40]
Src_cls_loss	: 0.1769
-------------------------------------
[Epoch : 18/40]
Src_cls_loss	: 0.1688
-------------------------------------
[Epoch : 19/40]
Src_cls_loss	: 0.1616
-------------------------------------
[Epoch : 20/40]
Src_cls_loss	: 0.1546
-------------------------------------
[Epoch : 21/40]
Src_cls_loss	: 0.1480
-------------------------------------
[Epoch : 22/40]
Src_cls_loss	: 0.1418
-------------------------------------
[Epoch : 23/40]
Src_cls_loss	: 0.1360
-------------------------------------
[Epoch : 24/40]
Src_cls_loss	: 0.1311
-------------------------------------
[Epoch : 25/40]
Src_cls_loss	: 0.1262
-------------------------------------
[Epoch : 26/40]
Src_cls_loss	: 0.1219
-------------------------------------
[Epoch : 27/40]
Src_cls_loss	: 0.1180
-------------------------------------
[Epoch : 28/40]
Src_cls_loss	: 0.1144
-------------------------------------
[Epoch : 29/40]
Src_cls_loss	: 0.1107
-------------------------------------
[Epoch : 30/40]
Src_cls_loss	: 0.1073
-------------------------------------
[Epoch : 31/40]
Src_cls_loss	: 0.1040
-------------------------------------
[Epoch : 32/40]
Src_cls_loss	: 0.1009
-------------------------------------
[Epoch : 33/40]
Src_cls_loss	: 0.0981
-------------------------------------
[Epoch : 34/40]
Src_cls_loss	: 0.0957
-------------------------------------
[Epoch : 35/40]
Src_cls_loss	: 0.0933
-------------------------------------
[Epoch : 36/40]
Src_cls_loss	: 0.0909
-------------------------------------
[Epoch : 37/40]
Src_cls_loss	: 0.0886
-------------------------------------
[Epoch : 38/40]
Src_cls_loss	: 0.0865
-------------------------------------
[Epoch : 39/40]
Src_cls_loss	: 0.0845
-------------------------------------
[Epoch : 40/40]
Src_cls_loss	: 0.0825
-------------------------------------
