=============================================
Dataset: realworld_pamap
Method:  ROT
=============================================
Source: df ---> Target: dp_20
Run ID: 0
=============================================
[Epoch : 1/40]
Src_cls_loss	: 0.5059
-------------------------------------
[Epoch : 2/40]
Src_cls_loss	: 0.4407
-------------------------------------
[Epoch : 3/40]
Src_cls_loss	: 0.4017
-------------------------------------
[Epoch : 4/40]
Src_cls_loss	: 0.3752
-------------------------------------
[Epoch : 5/40]
Src_cls_loss	: 0.3548
-------------------------------------
[Epoch : 6/40]
Src_cls_loss	: 0.3379
-------------------------------------
[Epoch : 7/40]
Src_cls_loss	: 0.3253
-------------------------------------
[Epoch : 8/40]
Src_cls_loss	: 0.3128
-------------------------------------
[Epoch : 9/40]
Src_cls_loss	: 0.3024
-------------------------------------
[Epoch : 10/40]
Src_cls_loss	: 0.2936
-------------------------------------
[Epoch : 11/40]
Src_cls_loss	: 0.2857
-------------------------------------
[Epoch : 12/40]
Src_cls_loss	: 0.2784
-------------------------------------
[Epoch : 13/40]
Src_cls_loss	: 0.2722
-------------------------------------
[Epoch : 14/40]
Src_cls_loss	: 0.2670
-------------------------------------
[Epoch : 15/40]
Src_cls_loss	: 0.2620
-------------------------------------
[Epoch : 16/40]
Src_cls_loss	: 0.2571
-------------------------------------
[Epoch : 17/40]
Src_cls_loss	: 0.2522
-------------------------------------
[Epoch : 18/40]
Src_cls_loss	: 0.2484
-------------------------------------
[Epoch : 19/40]
Src_cls_loss	: 0.2443
-------------------------------------
[Epoch : 20/40]
Src_cls_loss	: 0.2406
-------------------------------------
[Epoch : 21/40]
Src_cls_loss	: 0.2376
-------------------------------------
[Epoch : 22/40]
Src_cls_loss	: 0.2345
-------------------------------------
[Epoch : 23/40]
Src_cls_loss	: 0.2312
-------------------------------------
[Epoch : 24/40]
Src_cls_loss	: 0.2283
-------------------------------------
[Epoch : 25/40]
Src_cls_loss	: 0.2255
-------------------------------------
[Epoch : 26/40]
Src_cls_loss	: 0.2230
-------------------------------------
[Epoch : 27/40]
Src_cls_loss	: 0.2205
-------------------------------------
[Epoch : 28/40]
Src_cls_loss	: 0.2177
-------------------------------------
[Epoch : 29/40]
Src_cls_loss	: 0.2153
-------------------------------------
[Epoch : 30/40]
Src_cls_loss	: 0.2130
-------------------------------------
[Epoch : 31/40]
Src_cls_loss	: 0.2108
-------------------------------------
[Epoch : 32/40]
Src_cls_loss	: 0.2090
-------------------------------------
[Epoch : 33/40]
Src_cls_loss	: 0.2069
-------------------------------------
[Epoch : 34/40]
Src_cls_loss	: 0.2051
-------------------------------------
[Epoch : 35/40]
Src_cls_loss	: 0.2031
-------------------------------------
[Epoch : 36/40]
Src_cls_loss	: 0.2016
-------------------------------------
[Epoch : 37/40]
Src_cls_loss	: 0.1999
-------------------------------------
[Epoch : 38/40]
Src_cls_loss	: 0.1984
-------------------------------------
[Epoch : 39/40]
Src_cls_loss	: 0.1968
-------------------------------------
[Epoch : 40/40]
Src_cls_loss	: 0.1952
-------------------------------------
