=============================================
Dataset: mobiact_realworld
Method:  NO_ADAPT
=============================================
Source: syn_75 ---> Target: dp_75
Run ID: 8
=============================================
[Epoch : 1/40]
Src_cls_loss	: 0.5597
-------------------------------------
[Epoch : 2/40]
Src_cls_loss	: 0.3864
-------------------------------------
[Epoch : 3/40]
Src_cls_loss	: 0.3024
-------------------------------------
[Epoch : 4/40]
Src_cls_loss	: 0.2502
-------------------------------------
[Epoch : 5/40]
Src_cls_loss	: 0.2140
-------------------------------------
[Epoch : 6/40]
Src_cls_loss	: 0.1897
-------------------------------------
[Epoch : 7/40]
Src_cls_loss	: 0.1711
-------------------------------------
[Epoch : 8/40]
Src_cls_loss	: 0.1562
-------------------------------------
[Epoch : 9/40]
Src_cls_loss	: 0.1443
-------------------------------------
[Epoch : 10/40]
Src_cls_loss	: 0.1350
-------------------------------------
[Epoch : 11/40]
Src_cls_loss	: 0.1263
-------------------------------------
[Epoch : 12/40]
Src_cls_loss	: 0.1190
-------------------------------------
[Epoch : 13/40]
Src_cls_loss	: 0.1123
-------------------------------------
[Epoch : 14/40]
Src_cls_loss	: 0.1069
-------------------------------------
[Epoch : 15/40]
Src_cls_loss	: 0.1029
-------------------------------------
[Epoch : 16/40]
Src_cls_loss	: 0.0985
-------------------------------------
[Epoch : 17/40]
Src_cls_loss	: 0.0942
-------------------------------------
[Epoch : 18/40]
Src_cls_loss	: 0.0910
-------------------------------------
[Epoch : 19/40]
Src_cls_loss	: 0.0877
-------------------------------------
[Epoch : 20/40]
Src_cls_loss	: 0.0842
-------------------------------------
[Epoch : 21/40]
Src_cls_loss	: 0.0811
-------------------------------------
[Epoch : 22/40]
Src_cls_loss	: 0.0785
-------------------------------------
[Epoch : 23/40]
Src_cls_loss	: 0.0763
-------------------------------------
[Epoch : 24/40]
Src_cls_loss	: 0.0743
-------------------------------------
[Epoch : 25/40]
Src_cls_loss	: 0.0721
-------------------------------------
[Epoch : 26/40]
Src_cls_loss	: 0.0704
-------------------------------------
[Epoch : 27/40]
Src_cls_loss	: 0.0686
-------------------------------------
[Epoch : 28/40]
Src_cls_loss	: 0.0667
-------------------------------------
[Epoch : 29/40]
Src_cls_loss	: 0.0652
-------------------------------------
[Epoch : 30/40]
Src_cls_loss	: 0.0637
-------------------------------------
[Epoch : 31/40]
Src_cls_loss	: 0.0623
-------------------------------------
[Epoch : 32/40]
Src_cls_loss	: 0.0609
-------------------------------------
[Epoch : 33/40]
Src_cls_loss	: 0.0595
-------------------------------------
[Epoch : 34/40]
Src_cls_loss	: 0.0582
-------------------------------------
[Epoch : 35/40]
Src_cls_loss	: 0.0570
-------------------------------------
[Epoch : 36/40]
Src_cls_loss	: 0.0559
-------------------------------------
[Epoch : 37/40]
Src_cls_loss	: 0.0549
-------------------------------------
[Epoch : 38/40]
Src_cls_loss	: 0.0542
-------------------------------------
[Epoch : 39/40]
Src_cls_loss	: 0.0534
-------------------------------------
[Epoch : 40/40]
Src_cls_loss	: 0.0525
-------------------------------------
