=============================================
Dataset: realworld_mobiact
Method:  SYN
=============================================
Source: syn_wal_72 ---> Target: dp_wal_72
Run ID: 7
=============================================
[Epoch : 1/40]
Src_cls_loss	: 0.8337
-------------------------------------
[Epoch : 2/40]
Src_cls_loss	: 0.6631
-------------------------------------
[Epoch : 3/40]
Src_cls_loss	: 0.5200
-------------------------------------
[Epoch : 4/40]
Src_cls_loss	: 0.4211
-------------------------------------
[Epoch : 5/40]
Src_cls_loss	: 0.3533
-------------------------------------
[Epoch : 6/40]
Src_cls_loss	: 0.3023
-------------------------------------
[Epoch : 7/40]
Src_cls_loss	: 0.2650
-------------------------------------
[Epoch : 8/40]
Src_cls_loss	: 0.2352
-------------------------------------
[Epoch : 9/40]
Src_cls_loss	: 0.2115
-------------------------------------
[Epoch : 10/40]
Src_cls_loss	: 0.1924
-------------------------------------
[Epoch : 11/40]
Src_cls_loss	: 0.1763
-------------------------------------
[Epoch : 12/40]
Src_cls_loss	: 0.1627
-------------------------------------
[Epoch : 13/40]
Src_cls_loss	: 0.1513
-------------------------------------
[Epoch : 14/40]
Src_cls_loss	: 0.1412
-------------------------------------
[Epoch : 15/40]
Src_cls_loss	: 0.1325
-------------------------------------
[Epoch : 16/40]
Src_cls_loss	: 0.1249
-------------------------------------
[Epoch : 17/40]
Src_cls_loss	: 0.1182
-------------------------------------
[Epoch : 18/40]
Src_cls_loss	: 0.1122
-------------------------------------
[Epoch : 19/40]
Src_cls_loss	: 0.1065
-------------------------------------
[Epoch : 20/40]
Src_cls_loss	: 0.1014
-------------------------------------
[Epoch : 21/40]
Src_cls_loss	: 0.0968
-------------------------------------
[Epoch : 22/40]
Src_cls_loss	: 0.0926
-------------------------------------
[Epoch : 23/40]
Src_cls_loss	: 0.0888
-------------------------------------
[Epoch : 24/40]
Src_cls_loss	: 0.0852
-------------------------------------
[Epoch : 25/40]
Src_cls_loss	: 0.0819
-------------------------------------
[Epoch : 26/40]
Src_cls_loss	: 0.0789
-------------------------------------
[Epoch : 27/40]
Src_cls_loss	: 0.0762
-------------------------------------
[Epoch : 28/40]
Src_cls_loss	: 0.0736
-------------------------------------
[Epoch : 29/40]
Src_cls_loss	: 0.0711
-------------------------------------
[Epoch : 30/40]
Src_cls_loss	: 0.0688
-------------------------------------
[Epoch : 31/40]
Src_cls_loss	: 0.0666
-------------------------------------
[Epoch : 32/40]
Src_cls_loss	: 0.0647
-------------------------------------
[Epoch : 33/40]
Src_cls_loss	: 0.0634
-------------------------------------
[Epoch : 34/40]
Src_cls_loss	: 0.0625
-------------------------------------
[Epoch : 35/40]
Src_cls_loss	: 0.0615
-------------------------------------
[Epoch : 36/40]
Src_cls_loss	: 0.0600
-------------------------------------
[Epoch : 37/40]
Src_cls_loss	: 0.0585
-------------------------------------
[Epoch : 38/40]
Src_cls_loss	: 0.0571
-------------------------------------
[Epoch : 39/40]
Src_cls_loss	: 0.0557
-------------------------------------
[Epoch : 40/40]
Src_cls_loss	: 0.0544
-------------------------------------
