=============================================
Dataset: realworld_pamap
Method:  SYN
=============================================
Source: syn_wal_19 ---> Target: dp_wal_19
Run ID: 6
=============================================
[Epoch : 1/40]
Src_cls_loss	: 0.9134
-------------------------------------
[Epoch : 2/40]
Src_cls_loss	: 0.7098
-------------------------------------
[Epoch : 3/40]
Src_cls_loss	: 0.5611
-------------------------------------
[Epoch : 4/40]
Src_cls_loss	: 0.4636
-------------------------------------
[Epoch : 5/40]
Src_cls_loss	: 0.3927
-------------------------------------
[Epoch : 6/40]
Src_cls_loss	: 0.3484
-------------------------------------
[Epoch : 7/40]
Src_cls_loss	: 0.3094
-------------------------------------
[Epoch : 8/40]
Src_cls_loss	: 0.2782
-------------------------------------
[Epoch : 9/40]
Src_cls_loss	: 0.2526
-------------------------------------
[Epoch : 10/40]
Src_cls_loss	: 0.2359
-------------------------------------
[Epoch : 11/40]
Src_cls_loss	: 0.2206
-------------------------------------
[Epoch : 12/40]
Src_cls_loss	: 0.2056
-------------------------------------
[Epoch : 13/40]
Src_cls_loss	: 0.1933
-------------------------------------
[Epoch : 14/40]
Src_cls_loss	: 0.1824
-------------------------------------
[Epoch : 15/40]
Src_cls_loss	: 0.1731
-------------------------------------
[Epoch : 16/40]
Src_cls_loss	: 0.1641
-------------------------------------
[Epoch : 17/40]
Src_cls_loss	: 0.1562
-------------------------------------
[Epoch : 18/40]
Src_cls_loss	: 0.1486
-------------------------------------
[Epoch : 19/40]
Src_cls_loss	: 0.1419
-------------------------------------
[Epoch : 20/40]
Src_cls_loss	: 0.1358
-------------------------------------
[Epoch : 21/40]
Src_cls_loss	: 0.1303
-------------------------------------
[Epoch : 22/40]
Src_cls_loss	: 0.1252
-------------------------------------
[Epoch : 23/40]
Src_cls_loss	: 0.1213
-------------------------------------
[Epoch : 24/40]
Src_cls_loss	: 0.1194
-------------------------------------
[Epoch : 25/40]
Src_cls_loss	: 0.1162
-------------------------------------
[Epoch : 26/40]
Src_cls_loss	: 0.1128
-------------------------------------
[Epoch : 27/40]
Src_cls_loss	: 0.1093
-------------------------------------
[Epoch : 28/40]
Src_cls_loss	: 0.1059
-------------------------------------
[Epoch : 29/40]
Src_cls_loss	: 0.1027
-------------------------------------
[Epoch : 30/40]
Src_cls_loss	: 0.0996
-------------------------------------
[Epoch : 31/40]
Src_cls_loss	: 0.0967
-------------------------------------
[Epoch : 32/40]
Src_cls_loss	: 0.0944
-------------------------------------
[Epoch : 33/40]
Src_cls_loss	: 0.0922
-------------------------------------
[Epoch : 34/40]
Src_cls_loss	: 0.0899
-------------------------------------
[Epoch : 35/40]
Src_cls_loss	: 0.0877
-------------------------------------
[Epoch : 36/40]
Src_cls_loss	: 0.0855
-------------------------------------
[Epoch : 37/40]
Src_cls_loss	: 0.0833
-------------------------------------
[Epoch : 38/40]
Src_cls_loss	: 0.0812
-------------------------------------
[Epoch : 39/40]
Src_cls_loss	: 0.0793
-------------------------------------
[Epoch : 40/40]
Src_cls_loss	: 0.0774
-------------------------------------
