=============================================
Dataset: realworld_mobiact
Method:  NO_ADAPT
=============================================
Source: syn_24 ---> Target: dp_24
Run ID: 9
=============================================
[Epoch : 1/40]
Src_cls_loss	: 0.8442
-------------------------------------
[Epoch : 2/40]
Src_cls_loss	: 0.7086
-------------------------------------
[Epoch : 3/40]
Src_cls_loss	: 0.5773
-------------------------------------
[Epoch : 4/40]
Src_cls_loss	: 0.4790
-------------------------------------
[Epoch : 5/40]
Src_cls_loss	: 0.4089
-------------------------------------
[Epoch : 6/40]
Src_cls_loss	: 0.3605
-------------------------------------
[Epoch : 7/40]
Src_cls_loss	: 0.3180
-------------------------------------
[Epoch : 8/40]
Src_cls_loss	: 0.2874
-------------------------------------
[Epoch : 9/40]
Src_cls_loss	: 0.2610
-------------------------------------
[Epoch : 10/40]
Src_cls_loss	: 0.2400
-------------------------------------
[Epoch : 11/40]
Src_cls_loss	: 0.2212
-------------------------------------
[Epoch : 12/40]
Src_cls_loss	: 0.2049
-------------------------------------
[Epoch : 13/40]
Src_cls_loss	: 0.1907
-------------------------------------
[Epoch : 14/40]
Src_cls_loss	: 0.1789
-------------------------------------
[Epoch : 15/40]
Src_cls_loss	: 0.1683
-------------------------------------
[Epoch : 16/40]
Src_cls_loss	: 0.1599
-------------------------------------
[Epoch : 17/40]
Src_cls_loss	: 0.1521
-------------------------------------
[Epoch : 18/40]
Src_cls_loss	: 0.1449
-------------------------------------
[Epoch : 19/40]
Src_cls_loss	: 0.1389
-------------------------------------
[Epoch : 20/40]
Src_cls_loss	: 0.1339
-------------------------------------
[Epoch : 21/40]
Src_cls_loss	: 0.1287
-------------------------------------
[Epoch : 22/40]
Src_cls_loss	: 0.1235
-------------------------------------
[Epoch : 23/40]
Src_cls_loss	: 0.1186
-------------------------------------
[Epoch : 24/40]
Src_cls_loss	: 0.1143
-------------------------------------
[Epoch : 25/40]
Src_cls_loss	: 0.1106
-------------------------------------
[Epoch : 26/40]
Src_cls_loss	: 0.1069
-------------------------------------
[Epoch : 27/40]
Src_cls_loss	: 0.1033
-------------------------------------
[Epoch : 28/40]
Src_cls_loss	: 0.1001
-------------------------------------
[Epoch : 29/40]
Src_cls_loss	: 0.0973
-------------------------------------
[Epoch : 30/40]
Src_cls_loss	: 0.0946
-------------------------------------
[Epoch : 31/40]
Src_cls_loss	: 0.0919
-------------------------------------
[Epoch : 32/40]
Src_cls_loss	: 0.0893
-------------------------------------
[Epoch : 33/40]
Src_cls_loss	: 0.0869
-------------------------------------
[Epoch : 34/40]
Src_cls_loss	: 0.0846
-------------------------------------
[Epoch : 35/40]
Src_cls_loss	: 0.0823
-------------------------------------
[Epoch : 36/40]
Src_cls_loss	: 0.0802
-------------------------------------
[Epoch : 37/40]
Src_cls_loss	: 0.0782
-------------------------------------
[Epoch : 38/40]
Src_cls_loss	: 0.0762
-------------------------------------
[Epoch : 39/40]
Src_cls_loss	: 0.0744
-------------------------------------
[Epoch : 40/40]
Src_cls_loss	: 0.0729
-------------------------------------
