=============================================
Dataset: pamap_mobiact
Method:  SYN
=============================================
Source: syn_wal_7 ---> Target: dp_wal_7
Run ID: 9
=============================================
[Epoch : 1/40]
Src_cls_loss	: 0.6862
-------------------------------------
[Epoch : 2/40]
Src_cls_loss	: 0.5329
-------------------------------------
[Epoch : 3/40]
Src_cls_loss	: 0.4425
-------------------------------------
[Epoch : 4/40]
Src_cls_loss	: 0.3791
-------------------------------------
[Epoch : 5/40]
Src_cls_loss	: 0.3293
-------------------------------------
[Epoch : 6/40]
Src_cls_loss	: 0.2894
-------------------------------------
[Epoch : 7/40]
Src_cls_loss	: 0.2582
-------------------------------------
[Epoch : 8/40]
Src_cls_loss	: 0.2330
-------------------------------------
[Epoch : 9/40]
Src_cls_loss	: 0.2118
-------------------------------------
[Epoch : 10/40]
Src_cls_loss	: 0.1935
-------------------------------------
[Epoch : 11/40]
Src_cls_loss	: 0.1784
-------------------------------------
[Epoch : 12/40]
Src_cls_loss	: 0.1658
-------------------------------------
[Epoch : 13/40]
Src_cls_loss	: 0.1550
-------------------------------------
[Epoch : 14/40]
Src_cls_loss	: 0.1455
-------------------------------------
[Epoch : 15/40]
Src_cls_loss	: 0.1369
-------------------------------------
[Epoch : 16/40]
Src_cls_loss	: 0.1290
-------------------------------------
[Epoch : 17/40]
Src_cls_loss	: 0.1223
-------------------------------------
[Epoch : 18/40]
Src_cls_loss	: 0.1169
-------------------------------------
[Epoch : 19/40]
Src_cls_loss	: 0.1117
-------------------------------------
[Epoch : 20/40]
Src_cls_loss	: 0.1066
-------------------------------------
[Epoch : 21/40]
Src_cls_loss	: 0.1019
-------------------------------------
[Epoch : 22/40]
Src_cls_loss	: 0.0978
-------------------------------------
[Epoch : 23/40]
Src_cls_loss	: 0.0937
-------------------------------------
[Epoch : 24/40]
Src_cls_loss	: 0.0901
-------------------------------------
[Epoch : 25/40]
Src_cls_loss	: 0.0871
-------------------------------------
[Epoch : 26/40]
Src_cls_loss	: 0.0846
-------------------------------------
[Epoch : 27/40]
Src_cls_loss	: 0.0819
-------------------------------------
[Epoch : 28/40]
Src_cls_loss	: 0.0794
-------------------------------------
[Epoch : 29/40]
Src_cls_loss	: 0.0769
-------------------------------------
[Epoch : 30/40]
Src_cls_loss	: 0.0745
-------------------------------------
[Epoch : 31/40]
Src_cls_loss	: 0.0722
-------------------------------------
[Epoch : 32/40]
Src_cls_loss	: 0.0701
-------------------------------------
[Epoch : 33/40]
Src_cls_loss	: 0.0682
-------------------------------------
[Epoch : 34/40]
Src_cls_loss	: 0.0664
-------------------------------------
[Epoch : 35/40]
Src_cls_loss	: 0.0646
-------------------------------------
[Epoch : 36/40]
Src_cls_loss	: 0.0629
-------------------------------------
[Epoch : 37/40]
Src_cls_loss	: 0.0613
-------------------------------------
[Epoch : 38/40]
Src_cls_loss	: 0.0598
-------------------------------------
[Epoch : 39/40]
Src_cls_loss	: 0.0583
-------------------------------------
[Epoch : 40/40]
Src_cls_loss	: 0.0569
-------------------------------------
