=============================================
Dataset: realworld_mobiact
Method:  SYN
=============================================
Source: syn_wal_54 ---> Target: dp_wal_54
Run ID: 1
=============================================
[Epoch : 1/40]
Src_cls_loss	: 0.9014
-------------------------------------
[Epoch : 2/40]
Src_cls_loss	: 0.7733
-------------------------------------
[Epoch : 3/40]
Src_cls_loss	: 0.6314
-------------------------------------
[Epoch : 4/40]
Src_cls_loss	: 0.5145
-------------------------------------
[Epoch : 5/40]
Src_cls_loss	: 0.4332
-------------------------------------
[Epoch : 6/40]
Src_cls_loss	: 0.3713
-------------------------------------
[Epoch : 7/40]
Src_cls_loss	: 0.3241
-------------------------------------
[Epoch : 8/40]
Src_cls_loss	: 0.2880
-------------------------------------
[Epoch : 9/40]
Src_cls_loss	: 0.2587
-------------------------------------
[Epoch : 10/40]
Src_cls_loss	: 0.2356
-------------------------------------
[Epoch : 11/40]
Src_cls_loss	: 0.2161
-------------------------------------
[Epoch : 12/40]
Src_cls_loss	: 0.1994
-------------------------------------
[Epoch : 13/40]
Src_cls_loss	: 0.1850
-------------------------------------
[Epoch : 14/40]
Src_cls_loss	: 0.1738
-------------------------------------
[Epoch : 15/40]
Src_cls_loss	: 0.1633
-------------------------------------
[Epoch : 16/40]
Src_cls_loss	: 0.1538
-------------------------------------
[Epoch : 17/40]
Src_cls_loss	: 0.1454
-------------------------------------
[Epoch : 18/40]
Src_cls_loss	: 0.1381
-------------------------------------
[Epoch : 19/40]
Src_cls_loss	: 0.1312
-------------------------------------
[Epoch : 20/40]
Src_cls_loss	: 0.1250
-------------------------------------
[Epoch : 21/40]
Src_cls_loss	: 0.1193
-------------------------------------
[Epoch : 22/40]
Src_cls_loss	: 0.1142
-------------------------------------
[Epoch : 23/40]
Src_cls_loss	: 0.1094
-------------------------------------
[Epoch : 24/40]
Src_cls_loss	: 0.1050
-------------------------------------
[Epoch : 25/40]
Src_cls_loss	: 0.1010
-------------------------------------
[Epoch : 26/40]
Src_cls_loss	: 0.0972
-------------------------------------
[Epoch : 27/40]
Src_cls_loss	: 0.0937
-------------------------------------
[Epoch : 28/40]
Src_cls_loss	: 0.0905
-------------------------------------
[Epoch : 29/40]
Src_cls_loss	: 0.0875
-------------------------------------
[Epoch : 30/40]
Src_cls_loss	: 0.0847
-------------------------------------
[Epoch : 31/40]
Src_cls_loss	: 0.0820
-------------------------------------
[Epoch : 32/40]
Src_cls_loss	: 0.0795
-------------------------------------
[Epoch : 33/40]
Src_cls_loss	: 0.0772
-------------------------------------
[Epoch : 34/40]
Src_cls_loss	: 0.0750
-------------------------------------
[Epoch : 35/40]
Src_cls_loss	: 0.0729
-------------------------------------
[Epoch : 36/40]
Src_cls_loss	: 0.0709
-------------------------------------
[Epoch : 37/40]
Src_cls_loss	: 0.0691
-------------------------------------
[Epoch : 38/40]
Src_cls_loss	: 0.0673
-------------------------------------
[Epoch : 39/40]
Src_cls_loss	: 0.0658
-------------------------------------
[Epoch : 40/40]
Src_cls_loss	: 0.0643
-------------------------------------
