=============================================
Dataset: mobiact_realworld
Method:  SYN
=============================================
Source: syn_wal_64 ---> Target: dp_wal_64
Run ID: 1
=============================================
[Epoch : 1/40]
Src_cls_loss	: 0.6485
-------------------------------------
[Epoch : 2/40]
Src_cls_loss	: 0.4870
-------------------------------------
[Epoch : 3/40]
Src_cls_loss	: 0.3885
-------------------------------------
[Epoch : 4/40]
Src_cls_loss	: 0.3212
-------------------------------------
[Epoch : 5/40]
Src_cls_loss	: 0.2718
-------------------------------------
[Epoch : 6/40]
Src_cls_loss	: 0.2376
-------------------------------------
[Epoch : 7/40]
Src_cls_loss	: 0.2112
-------------------------------------
[Epoch : 8/40]
Src_cls_loss	: 0.1898
-------------------------------------
[Epoch : 9/40]
Src_cls_loss	: 0.1720
-------------------------------------
[Epoch : 10/40]
Src_cls_loss	: 0.1579
-------------------------------------
[Epoch : 11/40]
Src_cls_loss	: 0.1462
-------------------------------------
[Epoch : 12/40]
Src_cls_loss	: 0.1362
-------------------------------------
[Epoch : 13/40]
Src_cls_loss	: 0.1273
-------------------------------------
[Epoch : 14/40]
Src_cls_loss	: 0.1197
-------------------------------------
[Epoch : 15/40]
Src_cls_loss	: 0.1127
-------------------------------------
[Epoch : 16/40]
Src_cls_loss	: 0.1078
-------------------------------------
[Epoch : 17/40]
Src_cls_loss	: 0.1028
-------------------------------------
[Epoch : 18/40]
Src_cls_loss	: 0.0978
-------------------------------------
[Epoch : 19/40]
Src_cls_loss	: 0.0934
-------------------------------------
[Epoch : 20/40]
Src_cls_loss	: 0.0891
-------------------------------------
[Epoch : 21/40]
Src_cls_loss	: 0.0853
-------------------------------------
[Epoch : 22/40]
Src_cls_loss	: 0.0821
-------------------------------------
[Epoch : 23/40]
Src_cls_loss	: 0.0791
-------------------------------------
[Epoch : 24/40]
Src_cls_loss	: 0.0761
-------------------------------------
[Epoch : 25/40]
Src_cls_loss	: 0.0736
-------------------------------------
[Epoch : 26/40]
Src_cls_loss	: 0.0713
-------------------------------------
[Epoch : 27/40]
Src_cls_loss	: 0.0693
-------------------------------------
[Epoch : 28/40]
Src_cls_loss	: 0.0670
-------------------------------------
[Epoch : 29/40]
Src_cls_loss	: 0.0649
-------------------------------------
[Epoch : 30/40]
Src_cls_loss	: 0.0629
-------------------------------------
[Epoch : 31/40]
Src_cls_loss	: 0.0610
-------------------------------------
[Epoch : 32/40]
Src_cls_loss	: 0.0593
-------------------------------------
[Epoch : 33/40]
Src_cls_loss	: 0.0577
-------------------------------------
[Epoch : 34/40]
Src_cls_loss	: 0.0561
-------------------------------------
[Epoch : 35/40]
Src_cls_loss	: 0.0546
-------------------------------------
[Epoch : 36/40]
Src_cls_loss	: 0.0533
-------------------------------------
[Epoch : 37/40]
Src_cls_loss	: 0.0519
-------------------------------------
[Epoch : 38/40]
Src_cls_loss	: 0.0506
-------------------------------------
[Epoch : 39/40]
Src_cls_loss	: 0.0494
-------------------------------------
[Epoch : 40/40]
Src_cls_loss	: 0.0483
-------------------------------------
