=============================================
Dataset: realworld_mobiact
Method:  NO_ADAPT
=============================================
Source: syn_26 ---> Target: dp_26
Run ID: 7
=============================================
[Epoch : 1/40]
Src_cls_loss	: 0.8690
-------------------------------------
[Epoch : 2/40]
Src_cls_loss	: 0.7095
-------------------------------------
[Epoch : 3/40]
Src_cls_loss	: 0.5799
-------------------------------------
[Epoch : 4/40]
Src_cls_loss	: 0.4834
-------------------------------------
[Epoch : 5/40]
Src_cls_loss	: 0.4153
-------------------------------------
[Epoch : 6/40]
Src_cls_loss	: 0.3692
-------------------------------------
[Epoch : 7/40]
Src_cls_loss	: 0.3328
-------------------------------------
[Epoch : 8/40]
Src_cls_loss	: 0.3019
-------------------------------------
[Epoch : 9/40]
Src_cls_loss	: 0.2763
-------------------------------------
[Epoch : 10/40]
Src_cls_loss	: 0.2549
-------------------------------------
[Epoch : 11/40]
Src_cls_loss	: 0.2364
-------------------------------------
[Epoch : 12/40]
Src_cls_loss	: 0.2212
-------------------------------------
[Epoch : 13/40]
Src_cls_loss	: 0.2079
-------------------------------------
[Epoch : 14/40]
Src_cls_loss	: 0.1955
-------------------------------------
[Epoch : 15/40]
Src_cls_loss	: 0.1847
-------------------------------------
[Epoch : 16/40]
Src_cls_loss	: 0.1761
-------------------------------------
[Epoch : 17/40]
Src_cls_loss	: 0.1682
-------------------------------------
[Epoch : 18/40]
Src_cls_loss	: 0.1617
-------------------------------------
[Epoch : 19/40]
Src_cls_loss	: 0.1548
-------------------------------------
[Epoch : 20/40]
Src_cls_loss	: 0.1482
-------------------------------------
[Epoch : 21/40]
Src_cls_loss	: 0.1423
-------------------------------------
[Epoch : 22/40]
Src_cls_loss	: 0.1368
-------------------------------------
[Epoch : 23/40]
Src_cls_loss	: 0.1321
-------------------------------------
[Epoch : 24/40]
Src_cls_loss	: 0.1283
-------------------------------------
[Epoch : 25/40]
Src_cls_loss	: 0.1247
-------------------------------------
[Epoch : 26/40]
Src_cls_loss	: 0.1215
-------------------------------------
[Epoch : 27/40]
Src_cls_loss	: 0.1182
-------------------------------------
[Epoch : 28/40]
Src_cls_loss	: 0.1147
-------------------------------------
[Epoch : 29/40]
Src_cls_loss	: 0.1114
-------------------------------------
[Epoch : 30/40]
Src_cls_loss	: 0.1083
-------------------------------------
[Epoch : 31/40]
Src_cls_loss	: 0.1053
-------------------------------------
[Epoch : 32/40]
Src_cls_loss	: 0.1024
-------------------------------------
[Epoch : 33/40]
Src_cls_loss	: 0.0997
-------------------------------------
[Epoch : 34/40]
Src_cls_loss	: 0.0972
-------------------------------------
[Epoch : 35/40]
Src_cls_loss	: 0.0950
-------------------------------------
[Epoch : 36/40]
Src_cls_loss	: 0.0930
-------------------------------------
[Epoch : 37/40]
Src_cls_loss	: 0.0909
-------------------------------------
[Epoch : 38/40]
Src_cls_loss	: 0.0890
-------------------------------------
[Epoch : 39/40]
Src_cls_loss	: 0.0874
-------------------------------------
[Epoch : 40/40]
Src_cls_loss	: 0.0856
-------------------------------------
