=============================================
Dataset: mobiact_realworld
Method:  NO_ADAPT
=============================================
Source: syn_75 ---> Target: dp_75
Run ID: 1
=============================================
[Epoch : 1/40]
Src_cls_loss	: 0.5546
-------------------------------------
[Epoch : 2/40]
Src_cls_loss	: 0.3781
-------------------------------------
[Epoch : 3/40]
Src_cls_loss	: 0.2913
-------------------------------------
[Epoch : 4/40]
Src_cls_loss	: 0.2433
-------------------------------------
[Epoch : 5/40]
Src_cls_loss	: 0.2106
-------------------------------------
[Epoch : 6/40]
Src_cls_loss	: 0.1881
-------------------------------------
[Epoch : 7/40]
Src_cls_loss	: 0.1696
-------------------------------------
[Epoch : 8/40]
Src_cls_loss	: 0.1551
-------------------------------------
[Epoch : 9/40]
Src_cls_loss	: 0.1425
-------------------------------------
[Epoch : 10/40]
Src_cls_loss	: 0.1322
-------------------------------------
[Epoch : 11/40]
Src_cls_loss	: 0.1241
-------------------------------------
[Epoch : 12/40]
Src_cls_loss	: 0.1174
-------------------------------------
[Epoch : 13/40]
Src_cls_loss	: 0.1113
-------------------------------------
[Epoch : 14/40]
Src_cls_loss	: 0.1060
-------------------------------------
[Epoch : 15/40]
Src_cls_loss	: 0.1013
-------------------------------------
[Epoch : 16/40]
Src_cls_loss	: 0.0967
-------------------------------------
[Epoch : 17/40]
Src_cls_loss	: 0.0926
-------------------------------------
[Epoch : 18/40]
Src_cls_loss	: 0.0890
-------------------------------------
[Epoch : 19/40]
Src_cls_loss	: 0.0859
-------------------------------------
[Epoch : 20/40]
Src_cls_loss	: 0.0833
-------------------------------------
[Epoch : 21/40]
Src_cls_loss	: 0.0806
-------------------------------------
[Epoch : 22/40]
Src_cls_loss	: 0.0781
-------------------------------------
[Epoch : 23/40]
Src_cls_loss	: 0.0757
-------------------------------------
[Epoch : 24/40]
Src_cls_loss	: 0.0734
-------------------------------------
[Epoch : 25/40]
Src_cls_loss	: 0.0717
-------------------------------------
[Epoch : 26/40]
Src_cls_loss	: 0.0704
-------------------------------------
[Epoch : 27/40]
Src_cls_loss	: 0.0686
-------------------------------------
[Epoch : 28/40]
Src_cls_loss	: 0.0666
-------------------------------------
[Epoch : 29/40]
Src_cls_loss	: 0.0651
-------------------------------------
[Epoch : 30/40]
Src_cls_loss	: 0.0638
-------------------------------------
[Epoch : 31/40]
Src_cls_loss	: 0.0624
-------------------------------------
[Epoch : 32/40]
Src_cls_loss	: 0.0610
-------------------------------------
[Epoch : 33/40]
Src_cls_loss	: 0.0595
-------------------------------------
[Epoch : 34/40]
Src_cls_loss	: 0.0584
-------------------------------------
[Epoch : 35/40]
Src_cls_loss	: 0.0572
-------------------------------------
[Epoch : 36/40]
Src_cls_loss	: 0.0560
-------------------------------------
[Epoch : 37/40]
Src_cls_loss	: 0.0551
-------------------------------------
[Epoch : 38/40]
Src_cls_loss	: 0.0543
-------------------------------------
[Epoch : 39/40]
Src_cls_loss	: 0.0533
-------------------------------------
[Epoch : 40/40]
Src_cls_loss	: 0.0523
-------------------------------------
