=============================================
Dataset: CWRU_OR_orthogonal
Method:  NO_ADAPT
=============================================
Source: 0 ---> Target: 6
Run ID: 3
=============================================
[Epoch : 1/40]
Src_cls_loss	: 0.1312
-------------------------------------
[Epoch : 2/40]
Src_cls_loss	: 0.0701
-------------------------------------
[Epoch : 3/40]
Src_cls_loss	: 0.0496
-------------------------------------
[Epoch : 4/40]
Src_cls_loss	: 0.0380
-------------------------------------
[Epoch : 5/40]
Src_cls_loss	: 0.0309
-------------------------------------
[Epoch : 6/40]
Src_cls_loss	: 0.0264
-------------------------------------
[Epoch : 7/40]
Src_cls_loss	: 0.0229
-------------------------------------
[Epoch : 8/40]
Src_cls_loss	: 0.0204
-------------------------------------
[Epoch : 9/40]
Src_cls_loss	: 0.0190
-------------------------------------
[Epoch : 10/40]
Src_cls_loss	: 0.0174
-------------------------------------
[Epoch : 11/40]
Src_cls_loss	: 0.0159
-------------------------------------
[Epoch : 12/40]
Src_cls_loss	: 0.0147
-------------------------------------
[Epoch : 13/40]
Src_cls_loss	: 0.0136
-------------------------------------
[Epoch : 14/40]
Src_cls_loss	: 0.0127
-------------------------------------
[Epoch : 15/40]
Src_cls_loss	: 0.0121
-------------------------------------
[Epoch : 16/40]
Src_cls_loss	: 0.0114
-------------------------------------
[Epoch : 17/40]
Src_cls_loss	: 0.0109
-------------------------------------
[Epoch : 18/40]
Src_cls_loss	: 0.0104
-------------------------------------
[Epoch : 19/40]
Src_cls_loss	: 0.0099
-------------------------------------
[Epoch : 20/40]
Src_cls_loss	: 0.0094
-------------------------------------
[Epoch : 21/40]
Src_cls_loss	: 0.0092
-------------------------------------
[Epoch : 22/40]
Src_cls_loss	: 0.0089
-------------------------------------
[Epoch : 23/40]
Src_cls_loss	: 0.0085
-------------------------------------
[Epoch : 24/40]
Src_cls_loss	: 0.0083
-------------------------------------
[Epoch : 25/40]
Src_cls_loss	: 0.0080
-------------------------------------
[Epoch : 26/40]
Src_cls_loss	: 0.0079
-------------------------------------
[Epoch : 27/40]
Src_cls_loss	: 0.0077
-------------------------------------
[Epoch : 28/40]
Src_cls_loss	: 0.0074
-------------------------------------
[Epoch : 29/40]
Src_cls_loss	: 0.0072
-------------------------------------
[Epoch : 30/40]
Src_cls_loss	: 0.0070
-------------------------------------
[Epoch : 31/40]
Src_cls_loss	: 0.0068
-------------------------------------
[Epoch : 32/40]
Src_cls_loss	: 0.0066
-------------------------------------
[Epoch : 33/40]
Src_cls_loss	: 0.0065
-------------------------------------
[Epoch : 34/40]
Src_cls_loss	: 0.0063
-------------------------------------
[Epoch : 35/40]
Src_cls_loss	: 0.0061
-------------------------------------
[Epoch : 36/40]
Src_cls_loss	: 0.0060
-------------------------------------
[Epoch : 37/40]
Src_cls_loss	: 0.0059
-------------------------------------
[Epoch : 38/40]
Src_cls_loss	: 0.0057
-------------------------------------
[Epoch : 39/40]
Src_cls_loss	: 0.0056
-------------------------------------
[Epoch : 40/40]
Src_cls_loss	: 0.0055
-------------------------------------
