=============================================
Dataset: realworld_mobiact
Method:  Deep_Coral
=============================================
Source: df ---> Target: dp_46
Run ID: 0
=============================================
[Epoch : 1/40]
Total_loss	: 2.4498
Src_cls_loss	: 0.3674
coral_loss	: 0.0002
-------------------------------------
[Epoch : 2/40]
Total_loss	: 2.0015
Src_cls_loss	: 0.3001
coral_loss	: 0.0003
-------------------------------------
[Epoch : 3/40]
Total_loss	: 1.7598
Src_cls_loss	: 0.2639
coral_loss	: 0.0003
-------------------------------------
[Epoch : 4/40]
Total_loss	: 1.6038
Src_cls_loss	: 0.2404
coral_loss	: 0.0003
-------------------------------------
[Epoch : 5/40]
Total_loss	: 1.4915
Src_cls_loss	: 0.2236
coral_loss	: 0.0003
-------------------------------------
[Epoch : 6/40]
Total_loss	: 1.4091
Src_cls_loss	: 0.2112
coral_loss	: 0.0003
-------------------------------------
[Epoch : 7/40]
Total_loss	: 1.3438
Src_cls_loss	: 0.2014
coral_loss	: 0.0003
-------------------------------------
[Epoch : 8/40]
Total_loss	: 1.2841
Src_cls_loss	: 0.1925
coral_loss	: 0.0002
-------------------------------------
[Epoch : 9/40]
Total_loss	: 1.2264
Src_cls_loss	: 0.1838
coral_loss	: 0.0002
-------------------------------------
[Epoch : 10/40]
Total_loss	: 1.1787
Src_cls_loss	: 0.1767
coral_loss	: 0.0002
-------------------------------------
[Epoch : 11/40]
Total_loss	: 1.1362
Src_cls_loss	: 0.1703
coral_loss	: 0.0002
-------------------------------------
[Epoch : 12/40]
Total_loss	: 1.0964
Src_cls_loss	: 0.1643
coral_loss	: 0.0002
-------------------------------------
[Epoch : 13/40]
Total_loss	: 1.0608
Src_cls_loss	: 0.1590
coral_loss	: 0.0002
-------------------------------------
[Epoch : 14/40]
Total_loss	: 1.0286
Src_cls_loss	: 0.1542
coral_loss	: 0.0002
-------------------------------------
[Epoch : 15/40]
Total_loss	: 0.9993
Src_cls_loss	: 0.1498
coral_loss	: 0.0002
-------------------------------------
[Epoch : 16/40]
Total_loss	: 0.9704
Src_cls_loss	: 0.1454
coral_loss	: 0.0002
-------------------------------------
[Epoch : 17/40]
Total_loss	: 0.9434
Src_cls_loss	: 0.1414
coral_loss	: 0.0002
-------------------------------------
[Epoch : 18/40]
Total_loss	: 0.9194
Src_cls_loss	: 0.1378
coral_loss	: 0.0002
-------------------------------------
[Epoch : 19/40]
Total_loss	: 0.8953
Src_cls_loss	: 0.1342
coral_loss	: 0.0002
-------------------------------------
[Epoch : 20/40]
Total_loss	: 0.8732
Src_cls_loss	: 0.1309
coral_loss	: 0.0002
-------------------------------------
[Epoch : 21/40]
Total_loss	: 0.8514
Src_cls_loss	: 0.1276
coral_loss	: 0.0002
-------------------------------------
[Epoch : 22/40]
Total_loss	: 0.8309
Src_cls_loss	: 0.1245
coral_loss	: 0.0002
-------------------------------------
[Epoch : 23/40]
Total_loss	: 0.8115
Src_cls_loss	: 0.1216
coral_loss	: 0.0002
-------------------------------------
[Epoch : 24/40]
Total_loss	: 0.7929
Src_cls_loss	: 0.1188
coral_loss	: 0.0002
-------------------------------------
[Epoch : 25/40]
Total_loss	: 0.7752
Src_cls_loss	: 0.1162
coral_loss	: 0.0002
-------------------------------------
[Epoch : 26/40]
Total_loss	: 0.7573
Src_cls_loss	: 0.1135
coral_loss	: 0.0002
-------------------------------------
[Epoch : 27/40]
Total_loss	: 0.7407
Src_cls_loss	: 0.1110
coral_loss	: 0.0002
-------------------------------------
[Epoch : 28/40]
Total_loss	: 0.7247
Src_cls_loss	: 0.1086
coral_loss	: 0.0002
-------------------------------------
[Epoch : 29/40]
Total_loss	: 0.7096
Src_cls_loss	: 0.1063
coral_loss	: 0.0002
-------------------------------------
[Epoch : 30/40]
Total_loss	: 0.6955
Src_cls_loss	: 0.1042
coral_loss	: 0.0002
-------------------------------------
[Epoch : 31/40]
Total_loss	: 0.6809
Src_cls_loss	: 0.1020
coral_loss	: 0.0002
-------------------------------------
[Epoch : 32/40]
Total_loss	: 0.6668
Src_cls_loss	: 0.0999
coral_loss	: 0.0002
-------------------------------------
[Epoch : 33/40]
Total_loss	: 0.6540
Src_cls_loss	: 0.0980
coral_loss	: 0.0002
-------------------------------------
[Epoch : 34/40]
Total_loss	: 0.6422
Src_cls_loss	: 0.0962
coral_loss	: 0.0002
-------------------------------------
[Epoch : 35/40]
Total_loss	: 0.6295
Src_cls_loss	: 0.0943
coral_loss	: 0.0002
-------------------------------------
[Epoch : 36/40]
Total_loss	: 0.6185
Src_cls_loss	: 0.0927
coral_loss	: 0.0002
-------------------------------------
[Epoch : 37/40]
Total_loss	: 0.6066
Src_cls_loss	: 0.0909
coral_loss	: 0.0002
-------------------------------------
[Epoch : 38/40]
Total_loss	: 0.5959
Src_cls_loss	: 0.0893
coral_loss	: 0.0002
-------------------------------------
[Epoch : 39/40]
Total_loss	: 0.5855
Src_cls_loss	: 0.0877
coral_loss	: 0.0002
-------------------------------------
[Epoch : 40/40]
Total_loss	: 0.5759
Src_cls_loss	: 0.0863
coral_loss	: 0.0002
-------------------------------------
