=============================================
Dataset: realworld_mobiact
Method:  NO_ADAPT
=============================================
Source: syn_36 ---> Target: dp_36
Run ID: 0
=============================================
[Epoch : 1/40]
Src_cls_loss	: 0.7945
-------------------------------------
[Epoch : 2/40]
Src_cls_loss	: 0.6144
-------------------------------------
[Epoch : 3/40]
Src_cls_loss	: 0.4927
-------------------------------------
[Epoch : 4/40]
Src_cls_loss	: 0.4152
-------------------------------------
[Epoch : 5/40]
Src_cls_loss	: 0.3567
-------------------------------------
[Epoch : 6/40]
Src_cls_loss	: 0.3118
-------------------------------------
[Epoch : 7/40]
Src_cls_loss	: 0.2765
-------------------------------------
[Epoch : 8/40]
Src_cls_loss	: 0.2488
-------------------------------------
[Epoch : 9/40]
Src_cls_loss	: 0.2286
-------------------------------------
[Epoch : 10/40]
Src_cls_loss	: 0.2118
-------------------------------------
[Epoch : 11/40]
Src_cls_loss	: 0.1969
-------------------------------------
[Epoch : 12/40]
Src_cls_loss	: 0.1837
-------------------------------------
[Epoch : 13/40]
Src_cls_loss	: 0.1717
-------------------------------------
[Epoch : 14/40]
Src_cls_loss	: 0.1611
-------------------------------------
[Epoch : 15/40]
Src_cls_loss	: 0.1518
-------------------------------------
[Epoch : 16/40]
Src_cls_loss	: 0.1442
-------------------------------------
[Epoch : 17/40]
Src_cls_loss	: 0.1379
-------------------------------------
[Epoch : 18/40]
Src_cls_loss	: 0.1318
-------------------------------------
[Epoch : 19/40]
Src_cls_loss	: 0.1264
-------------------------------------
[Epoch : 20/40]
Src_cls_loss	: 0.1217
-------------------------------------
[Epoch : 21/40]
Src_cls_loss	: 0.1182
-------------------------------------
[Epoch : 22/40]
Src_cls_loss	: 0.1141
-------------------------------------
[Epoch : 23/40]
Src_cls_loss	: 0.1100
-------------------------------------
[Epoch : 24/40]
Src_cls_loss	: 0.1060
-------------------------------------
[Epoch : 25/40]
Src_cls_loss	: 0.1026
-------------------------------------
[Epoch : 26/40]
Src_cls_loss	: 0.0993
-------------------------------------
[Epoch : 27/40]
Src_cls_loss	: 0.0960
-------------------------------------
[Epoch : 28/40]
Src_cls_loss	: 0.0929
-------------------------------------
[Epoch : 29/40]
Src_cls_loss	: 0.0900
-------------------------------------
[Epoch : 30/40]
Src_cls_loss	: 0.0872
-------------------------------------
[Epoch : 31/40]
Src_cls_loss	: 0.0846
-------------------------------------
[Epoch : 32/40]
Src_cls_loss	: 0.0821
-------------------------------------
[Epoch : 33/40]
Src_cls_loss	: 0.0800
-------------------------------------
[Epoch : 34/40]
Src_cls_loss	: 0.0780
-------------------------------------
[Epoch : 35/40]
Src_cls_loss	: 0.0761
-------------------------------------
[Epoch : 36/40]
Src_cls_loss	: 0.0742
-------------------------------------
[Epoch : 37/40]
Src_cls_loss	: 0.0723
-------------------------------------
[Epoch : 38/40]
Src_cls_loss	: 0.0705
-------------------------------------
[Epoch : 39/40]
Src_cls_loss	: 0.0688
-------------------------------------
[Epoch : 40/40]
Src_cls_loss	: 0.0673
-------------------------------------
