=============================================
Dataset: mobiact_realworld
Method:  NO_ADAPT
=============================================
Source: syn_75 ---> Target: dp_75
Run ID: 0
=============================================
[Epoch : 1/40]
Src_cls_loss	: 0.5583
-------------------------------------
[Epoch : 2/40]
Src_cls_loss	: 0.3945
-------------------------------------
[Epoch : 3/40]
Src_cls_loss	: 0.3076
-------------------------------------
[Epoch : 4/40]
Src_cls_loss	: 0.2545
-------------------------------------
[Epoch : 5/40]
Src_cls_loss	: 0.2218
-------------------------------------
[Epoch : 6/40]
Src_cls_loss	: 0.1969
-------------------------------------
[Epoch : 7/40]
Src_cls_loss	: 0.1776
-------------------------------------
[Epoch : 8/40]
Src_cls_loss	: 0.1616
-------------------------------------
[Epoch : 9/40]
Src_cls_loss	: 0.1488
-------------------------------------
[Epoch : 10/40]
Src_cls_loss	: 0.1391
-------------------------------------
[Epoch : 11/40]
Src_cls_loss	: 0.1301
-------------------------------------
[Epoch : 12/40]
Src_cls_loss	: 0.1232
-------------------------------------
[Epoch : 13/40]
Src_cls_loss	: 0.1164
-------------------------------------
[Epoch : 14/40]
Src_cls_loss	: 0.1105
-------------------------------------
[Epoch : 15/40]
Src_cls_loss	: 0.1055
-------------------------------------
[Epoch : 16/40]
Src_cls_loss	: 0.1017
-------------------------------------
[Epoch : 17/40]
Src_cls_loss	: 0.0975
-------------------------------------
[Epoch : 18/40]
Src_cls_loss	: 0.0934
-------------------------------------
[Epoch : 19/40]
Src_cls_loss	: 0.0901
-------------------------------------
[Epoch : 20/40]
Src_cls_loss	: 0.0872
-------------------------------------
[Epoch : 21/40]
Src_cls_loss	: 0.0845
-------------------------------------
[Epoch : 22/40]
Src_cls_loss	: 0.0821
-------------------------------------
[Epoch : 23/40]
Src_cls_loss	: 0.0797
-------------------------------------
[Epoch : 24/40]
Src_cls_loss	: 0.0774
-------------------------------------
[Epoch : 25/40]
Src_cls_loss	: 0.0750
-------------------------------------
[Epoch : 26/40]
Src_cls_loss	: 0.0729
-------------------------------------
[Epoch : 27/40]
Src_cls_loss	: 0.0710
-------------------------------------
[Epoch : 28/40]
Src_cls_loss	: 0.0695
-------------------------------------
[Epoch : 29/40]
Src_cls_loss	: 0.0680
-------------------------------------
[Epoch : 30/40]
Src_cls_loss	: 0.0663
-------------------------------------
[Epoch : 31/40]
Src_cls_loss	: 0.0649
-------------------------------------
[Epoch : 32/40]
Src_cls_loss	: 0.0633
-------------------------------------
[Epoch : 33/40]
Src_cls_loss	: 0.0620
-------------------------------------
[Epoch : 34/40]
Src_cls_loss	: 0.0608
-------------------------------------
[Epoch : 35/40]
Src_cls_loss	: 0.0596
-------------------------------------
[Epoch : 36/40]
Src_cls_loss	: 0.0585
-------------------------------------
[Epoch : 37/40]
Src_cls_loss	: 0.0574
-------------------------------------
[Epoch : 38/40]
Src_cls_loss	: 0.0565
-------------------------------------
[Epoch : 39/40]
Src_cls_loss	: 0.0555
-------------------------------------
[Epoch : 40/40]
Src_cls_loss	: 0.0545
-------------------------------------
