=============================================
Dataset: pamap_mobiact
Method:  NO_ADAPT
=============================================
Source: syn_51 ---> Target: dp_51
Run ID: 6
=============================================
[Epoch : 1/40]
Src_cls_loss	: 0.7765
-------------------------------------
[Epoch : 2/40]
Src_cls_loss	: 0.6240
-------------------------------------
[Epoch : 3/40]
Src_cls_loss	: 0.5224
-------------------------------------
[Epoch : 4/40]
Src_cls_loss	: 0.4514
-------------------------------------
[Epoch : 5/40]
Src_cls_loss	: 0.3951
-------------------------------------
[Epoch : 6/40]
Src_cls_loss	: 0.3549
-------------------------------------
[Epoch : 7/40]
Src_cls_loss	: 0.3248
-------------------------------------
[Epoch : 8/40]
Src_cls_loss	: 0.2971
-------------------------------------
[Epoch : 9/40]
Src_cls_loss	: 0.2731
-------------------------------------
[Epoch : 10/40]
Src_cls_loss	: 0.2541
-------------------------------------
[Epoch : 11/40]
Src_cls_loss	: 0.2365
-------------------------------------
[Epoch : 12/40]
Src_cls_loss	: 0.2223
-------------------------------------
[Epoch : 13/40]
Src_cls_loss	: 0.2090
-------------------------------------
[Epoch : 14/40]
Src_cls_loss	: 0.1987
-------------------------------------
[Epoch : 15/40]
Src_cls_loss	: 0.1889
-------------------------------------
[Epoch : 16/40]
Src_cls_loss	: 0.1810
-------------------------------------
[Epoch : 17/40]
Src_cls_loss	: 0.1735
-------------------------------------
[Epoch : 18/40]
Src_cls_loss	: 0.1665
-------------------------------------
[Epoch : 19/40]
Src_cls_loss	: 0.1594
-------------------------------------
[Epoch : 20/40]
Src_cls_loss	: 0.1527
-------------------------------------
[Epoch : 21/40]
Src_cls_loss	: 0.1469
-------------------------------------
[Epoch : 22/40]
Src_cls_loss	: 0.1412
-------------------------------------
[Epoch : 23/40]
Src_cls_loss	: 0.1362
-------------------------------------
[Epoch : 24/40]
Src_cls_loss	: 0.1315
-------------------------------------
[Epoch : 25/40]
Src_cls_loss	: 0.1270
-------------------------------------
[Epoch : 26/40]
Src_cls_loss	: 0.1227
-------------------------------------
[Epoch : 27/40]
Src_cls_loss	: 0.1187
-------------------------------------
[Epoch : 28/40]
Src_cls_loss	: 0.1150
-------------------------------------
[Epoch : 29/40]
Src_cls_loss	: 0.1116
-------------------------------------
[Epoch : 30/40]
Src_cls_loss	: 0.1086
-------------------------------------
[Epoch : 31/40]
Src_cls_loss	: 0.1060
-------------------------------------
[Epoch : 32/40]
Src_cls_loss	: 0.1032
-------------------------------------
[Epoch : 33/40]
Src_cls_loss	: 0.1007
-------------------------------------
[Epoch : 34/40]
Src_cls_loss	: 0.0982
-------------------------------------
[Epoch : 35/40]
Src_cls_loss	: 0.0958
-------------------------------------
[Epoch : 36/40]
Src_cls_loss	: 0.0935
-------------------------------------
[Epoch : 37/40]
Src_cls_loss	: 0.0912
-------------------------------------
[Epoch : 38/40]
Src_cls_loss	: 0.0890
-------------------------------------
[Epoch : 39/40]
Src_cls_loss	: 0.0869
-------------------------------------
[Epoch : 40/40]
Src_cls_loss	: 0.0849
-------------------------------------
