=============================================
Dataset: pamap_mobiact
Method:  NO_ADAPT
=============================================
Source: syn_15 ---> Target: dp_15
Run ID: 2
=============================================
[Epoch : 1/40]
Src_cls_loss	: 0.6266
-------------------------------------
[Epoch : 2/40]
Src_cls_loss	: 0.4791
-------------------------------------
[Epoch : 3/40]
Src_cls_loss	: 0.4004
-------------------------------------
[Epoch : 4/40]
Src_cls_loss	: 0.3437
-------------------------------------
[Epoch : 5/40]
Src_cls_loss	: 0.3035
-------------------------------------
[Epoch : 6/40]
Src_cls_loss	: 0.2707
-------------------------------------
[Epoch : 7/40]
Src_cls_loss	: 0.2490
-------------------------------------
[Epoch : 8/40]
Src_cls_loss	: 0.2350
-------------------------------------
[Epoch : 9/40]
Src_cls_loss	: 0.2205
-------------------------------------
[Epoch : 10/40]
Src_cls_loss	: 0.2067
-------------------------------------
[Epoch : 11/40]
Src_cls_loss	: 0.1949
-------------------------------------
[Epoch : 12/40]
Src_cls_loss	: 0.1836
-------------------------------------
[Epoch : 13/40]
Src_cls_loss	: 0.1732
-------------------------------------
[Epoch : 14/40]
Src_cls_loss	: 0.1646
-------------------------------------
[Epoch : 15/40]
Src_cls_loss	: 0.1564
-------------------------------------
[Epoch : 16/40]
Src_cls_loss	: 0.1499
-------------------------------------
[Epoch : 17/40]
Src_cls_loss	: 0.1435
-------------------------------------
[Epoch : 18/40]
Src_cls_loss	: 0.1374
-------------------------------------
[Epoch : 19/40]
Src_cls_loss	: 0.1313
-------------------------------------
[Epoch : 20/40]
Src_cls_loss	: 0.1255
-------------------------------------
[Epoch : 21/40]
Src_cls_loss	: 0.1204
-------------------------------------
[Epoch : 22/40]
Src_cls_loss	: 0.1158
-------------------------------------
[Epoch : 23/40]
Src_cls_loss	: 0.1116
-------------------------------------
[Epoch : 24/40]
Src_cls_loss	: 0.1075
-------------------------------------
[Epoch : 25/40]
Src_cls_loss	: 0.1040
-------------------------------------
[Epoch : 26/40]
Src_cls_loss	: 0.1009
-------------------------------------
[Epoch : 27/40]
Src_cls_loss	: 0.0979
-------------------------------------
[Epoch : 28/40]
Src_cls_loss	: 0.0969
-------------------------------------
[Epoch : 29/40]
Src_cls_loss	: 0.0947
-------------------------------------
[Epoch : 30/40]
Src_cls_loss	: 0.0924
-------------------------------------
[Epoch : 31/40]
Src_cls_loss	: 0.0902
-------------------------------------
[Epoch : 32/40]
Src_cls_loss	: 0.0879
-------------------------------------
[Epoch : 33/40]
Src_cls_loss	: 0.0855
-------------------------------------
[Epoch : 34/40]
Src_cls_loss	: 0.0833
-------------------------------------
[Epoch : 35/40]
Src_cls_loss	: 0.0812
-------------------------------------
[Epoch : 36/40]
Src_cls_loss	: 0.0796
-------------------------------------
[Epoch : 37/40]
Src_cls_loss	: 0.0777
-------------------------------------
[Epoch : 38/40]
Src_cls_loss	: 0.0761
-------------------------------------
[Epoch : 39/40]
Src_cls_loss	: 0.0743
-------------------------------------
[Epoch : 40/40]
Src_cls_loss	: 0.0727
-------------------------------------
