=============================================
Dataset: realworld_mobiact
Method:  NO_ADAPT
=============================================
Source: syn_51 ---> Target: dp_51
Run ID: 1
=============================================
[Epoch : 1/40]
Src_cls_loss	: 0.8600
-------------------------------------
[Epoch : 2/40]
Src_cls_loss	: 0.7625
-------------------------------------
[Epoch : 3/40]
Src_cls_loss	: 0.6592
-------------------------------------
[Epoch : 4/40]
Src_cls_loss	: 0.5637
-------------------------------------
[Epoch : 5/40]
Src_cls_loss	: 0.4901
-------------------------------------
[Epoch : 6/40]
Src_cls_loss	: 0.4323
-------------------------------------
[Epoch : 7/40]
Src_cls_loss	: 0.3909
-------------------------------------
[Epoch : 8/40]
Src_cls_loss	: 0.3540
-------------------------------------
[Epoch : 9/40]
Src_cls_loss	: 0.3219
-------------------------------------
[Epoch : 10/40]
Src_cls_loss	: 0.2953
-------------------------------------
[Epoch : 11/40]
Src_cls_loss	: 0.2735
-------------------------------------
[Epoch : 12/40]
Src_cls_loss	: 0.2549
-------------------------------------
[Epoch : 13/40]
Src_cls_loss	: 0.2385
-------------------------------------
[Epoch : 14/40]
Src_cls_loss	: 0.2241
-------------------------------------
[Epoch : 15/40]
Src_cls_loss	: 0.2116
-------------------------------------
[Epoch : 16/40]
Src_cls_loss	: 0.2008
-------------------------------------
[Epoch : 17/40]
Src_cls_loss	: 0.1910
-------------------------------------
[Epoch : 18/40]
Src_cls_loss	: 0.1821
-------------------------------------
[Epoch : 19/40]
Src_cls_loss	: 0.1735
-------------------------------------
[Epoch : 20/40]
Src_cls_loss	: 0.1663
-------------------------------------
[Epoch : 21/40]
Src_cls_loss	: 0.1599
-------------------------------------
[Epoch : 22/40]
Src_cls_loss	: 0.1533
-------------------------------------
[Epoch : 23/40]
Src_cls_loss	: 0.1472
-------------------------------------
[Epoch : 24/40]
Src_cls_loss	: 0.1414
-------------------------------------
[Epoch : 25/40]
Src_cls_loss	: 0.1361
-------------------------------------
[Epoch : 26/40]
Src_cls_loss	: 0.1317
-------------------------------------
[Epoch : 27/40]
Src_cls_loss	: 0.1273
-------------------------------------
[Epoch : 28/40]
Src_cls_loss	: 0.1235
-------------------------------------
[Epoch : 29/40]
Src_cls_loss	: 0.1197
-------------------------------------
[Epoch : 30/40]
Src_cls_loss	: 0.1163
-------------------------------------
[Epoch : 31/40]
Src_cls_loss	: 0.1130
-------------------------------------
[Epoch : 32/40]
Src_cls_loss	: 0.1097
-------------------------------------
[Epoch : 33/40]
Src_cls_loss	: 0.1066
-------------------------------------
[Epoch : 34/40]
Src_cls_loss	: 0.1040
-------------------------------------
[Epoch : 35/40]
Src_cls_loss	: 0.1018
-------------------------------------
[Epoch : 36/40]
Src_cls_loss	: 0.0993
-------------------------------------
[Epoch : 37/40]
Src_cls_loss	: 0.0971
-------------------------------------
[Epoch : 38/40]
Src_cls_loss	: 0.0948
-------------------------------------
[Epoch : 39/40]
Src_cls_loss	: 0.0926
-------------------------------------
[Epoch : 40/40]
Src_cls_loss	: 0.0905
-------------------------------------
