=============================================
Dataset: pamap_mobiact
Method:  SYN
=============================================
Source: syn_wal_49 ---> Target: dp_wal_49
Run ID: 6
=============================================
[Epoch : 1/40]
Src_cls_loss	: 0.7916
-------------------------------------
[Epoch : 2/40]
Src_cls_loss	: 0.6436
-------------------------------------
[Epoch : 3/40]
Src_cls_loss	: 0.5470
-------------------------------------
[Epoch : 4/40]
Src_cls_loss	: 0.4761
-------------------------------------
[Epoch : 5/40]
Src_cls_loss	: 0.4310
-------------------------------------
[Epoch : 6/40]
Src_cls_loss	: 0.3871
-------------------------------------
[Epoch : 7/40]
Src_cls_loss	: 0.3492
-------------------------------------
[Epoch : 8/40]
Src_cls_loss	: 0.3176
-------------------------------------
[Epoch : 9/40]
Src_cls_loss	: 0.2908
-------------------------------------
[Epoch : 10/40]
Src_cls_loss	: 0.2671
-------------------------------------
[Epoch : 11/40]
Src_cls_loss	: 0.2464
-------------------------------------
[Epoch : 12/40]
Src_cls_loss	: 0.2295
-------------------------------------
[Epoch : 13/40]
Src_cls_loss	: 0.2151
-------------------------------------
[Epoch : 14/40]
Src_cls_loss	: 0.2015
-------------------------------------
[Epoch : 15/40]
Src_cls_loss	: 0.1900
-------------------------------------
[Epoch : 16/40]
Src_cls_loss	: 0.1797
-------------------------------------
[Epoch : 17/40]
Src_cls_loss	: 0.1706
-------------------------------------
[Epoch : 18/40]
Src_cls_loss	: 0.1620
-------------------------------------
[Epoch : 19/40]
Src_cls_loss	: 0.1546
-------------------------------------
[Epoch : 20/40]
Src_cls_loss	: 0.1484
-------------------------------------
[Epoch : 21/40]
Src_cls_loss	: 0.1428
-------------------------------------
[Epoch : 22/40]
Src_cls_loss	: 0.1373
-------------------------------------
[Epoch : 23/40]
Src_cls_loss	: 0.1322
-------------------------------------
[Epoch : 24/40]
Src_cls_loss	: 0.1276
-------------------------------------
[Epoch : 25/40]
Src_cls_loss	: 0.1234
-------------------------------------
[Epoch : 26/40]
Src_cls_loss	: 0.1192
-------------------------------------
[Epoch : 27/40]
Src_cls_loss	: 0.1151
-------------------------------------
[Epoch : 28/40]
Src_cls_loss	: 0.1113
-------------------------------------
[Epoch : 29/40]
Src_cls_loss	: 0.1077
-------------------------------------
[Epoch : 30/40]
Src_cls_loss	: 0.1043
-------------------------------------
[Epoch : 31/40]
Src_cls_loss	: 0.1011
-------------------------------------
[Epoch : 32/40]
Src_cls_loss	: 0.0982
-------------------------------------
[Epoch : 33/40]
Src_cls_loss	: 0.0954
-------------------------------------
[Epoch : 34/40]
Src_cls_loss	: 0.0929
-------------------------------------
[Epoch : 35/40]
Src_cls_loss	: 0.0905
-------------------------------------
[Epoch : 36/40]
Src_cls_loss	: 0.0882
-------------------------------------
[Epoch : 37/40]
Src_cls_loss	: 0.0860
-------------------------------------
[Epoch : 38/40]
Src_cls_loss	: 0.0838
-------------------------------------
[Epoch : 39/40]
Src_cls_loss	: 0.0821
-------------------------------------
[Epoch : 40/40]
Src_cls_loss	: 0.0803
-------------------------------------
