=============================================
Dataset: mobiact_pamap
Method:  SYN
=============================================
Source: syn_wal_64 ---> Target: dp_wal_64
Run ID: 8
=============================================
[Epoch : 1/40]
Src_cls_loss	: 0.7998
-------------------------------------
[Epoch : 2/40]
Src_cls_loss	: 0.6051
-------------------------------------
[Epoch : 3/40]
Src_cls_loss	: 0.4924
-------------------------------------
[Epoch : 4/40]
Src_cls_loss	: 0.4146
-------------------------------------
[Epoch : 5/40]
Src_cls_loss	: 0.3654
-------------------------------------
[Epoch : 6/40]
Src_cls_loss	: 0.3220
-------------------------------------
[Epoch : 7/40]
Src_cls_loss	: 0.2860
-------------------------------------
[Epoch : 8/40]
Src_cls_loss	: 0.2583
-------------------------------------
[Epoch : 9/40]
Src_cls_loss	: 0.2343
-------------------------------------
[Epoch : 10/40]
Src_cls_loss	: 0.2141
-------------------------------------
[Epoch : 11/40]
Src_cls_loss	: 0.1977
-------------------------------------
[Epoch : 12/40]
Src_cls_loss	: 0.1832
-------------------------------------
[Epoch : 13/40]
Src_cls_loss	: 0.1706
-------------------------------------
[Epoch : 14/40]
Src_cls_loss	: 0.1597
-------------------------------------
[Epoch : 15/40]
Src_cls_loss	: 0.1501
-------------------------------------
[Epoch : 16/40]
Src_cls_loss	: 0.1415
-------------------------------------
[Epoch : 17/40]
Src_cls_loss	: 0.1341
-------------------------------------
[Epoch : 18/40]
Src_cls_loss	: 0.1275
-------------------------------------
[Epoch : 19/40]
Src_cls_loss	: 0.1214
-------------------------------------
[Epoch : 20/40]
Src_cls_loss	: 0.1159
-------------------------------------
[Epoch : 21/40]
Src_cls_loss	: 0.1107
-------------------------------------
[Epoch : 22/40]
Src_cls_loss	: 0.1062
-------------------------------------
[Epoch : 23/40]
Src_cls_loss	: 0.1019
-------------------------------------
[Epoch : 24/40]
Src_cls_loss	: 0.0979
-------------------------------------
[Epoch : 25/40]
Src_cls_loss	: 0.0943
-------------------------------------
[Epoch : 26/40]
Src_cls_loss	: 0.0909
-------------------------------------
[Epoch : 27/40]
Src_cls_loss	: 0.0878
-------------------------------------
[Epoch : 28/40]
Src_cls_loss	: 0.0848
-------------------------------------
[Epoch : 29/40]
Src_cls_loss	: 0.0821
-------------------------------------
[Epoch : 30/40]
Src_cls_loss	: 0.0795
-------------------------------------
[Epoch : 31/40]
Src_cls_loss	: 0.0772
-------------------------------------
[Epoch : 32/40]
Src_cls_loss	: 0.0749
-------------------------------------
[Epoch : 33/40]
Src_cls_loss	: 0.0728
-------------------------------------
[Epoch : 34/40]
Src_cls_loss	: 0.0708
-------------------------------------
[Epoch : 35/40]
Src_cls_loss	: 0.0689
-------------------------------------
[Epoch : 36/40]
Src_cls_loss	: 0.0672
-------------------------------------
[Epoch : 37/40]
Src_cls_loss	: 0.0655
-------------------------------------
[Epoch : 38/40]
Src_cls_loss	: 0.0639
-------------------------------------
[Epoch : 39/40]
Src_cls_loss	: 0.0624
-------------------------------------
[Epoch : 40/40]
Src_cls_loss	: 0.0609
-------------------------------------
