=============================================
Dataset: realworld_mobiact
Method:  SYN
=============================================
Source: syn_wal_64 ---> Target: dp_wal_64
Run ID: 5
=============================================
[Epoch : 1/40]
Src_cls_loss	: 0.8940
-------------------------------------
[Epoch : 2/40]
Src_cls_loss	: 0.6981
-------------------------------------
[Epoch : 3/40]
Src_cls_loss	: 0.5566
-------------------------------------
[Epoch : 4/40]
Src_cls_loss	: 0.4526
-------------------------------------
[Epoch : 5/40]
Src_cls_loss	: 0.3768
-------------------------------------
[Epoch : 6/40]
Src_cls_loss	: 0.3232
-------------------------------------
[Epoch : 7/40]
Src_cls_loss	: 0.2825
-------------------------------------
[Epoch : 8/40]
Src_cls_loss	: 0.2512
-------------------------------------
[Epoch : 9/40]
Src_cls_loss	: 0.2264
-------------------------------------
[Epoch : 10/40]
Src_cls_loss	: 0.2066
-------------------------------------
[Epoch : 11/40]
Src_cls_loss	: 0.1892
-------------------------------------
[Epoch : 12/40]
Src_cls_loss	: 0.1744
-------------------------------------
[Epoch : 13/40]
Src_cls_loss	: 0.1622
-------------------------------------
[Epoch : 14/40]
Src_cls_loss	: 0.1515
-------------------------------------
[Epoch : 15/40]
Src_cls_loss	: 0.1418
-------------------------------------
[Epoch : 16/40]
Src_cls_loss	: 0.1335
-------------------------------------
[Epoch : 17/40]
Src_cls_loss	: 0.1260
-------------------------------------
[Epoch : 18/40]
Src_cls_loss	: 0.1194
-------------------------------------
[Epoch : 19/40]
Src_cls_loss	: 0.1135
-------------------------------------
[Epoch : 20/40]
Src_cls_loss	: 0.1082
-------------------------------------
[Epoch : 21/40]
Src_cls_loss	: 0.1034
-------------------------------------
[Epoch : 22/40]
Src_cls_loss	: 0.0989
-------------------------------------
[Epoch : 23/40]
Src_cls_loss	: 0.0947
-------------------------------------
[Epoch : 24/40]
Src_cls_loss	: 0.0910
-------------------------------------
[Epoch : 25/40]
Src_cls_loss	: 0.0875
-------------------------------------
[Epoch : 26/40]
Src_cls_loss	: 0.0843
-------------------------------------
[Epoch : 27/40]
Src_cls_loss	: 0.0813
-------------------------------------
[Epoch : 28/40]
Src_cls_loss	: 0.0785
-------------------------------------
[Epoch : 29/40]
Src_cls_loss	: 0.0760
-------------------------------------
[Epoch : 30/40]
Src_cls_loss	: 0.0736
-------------------------------------
[Epoch : 31/40]
Src_cls_loss	: 0.0713
-------------------------------------
[Epoch : 32/40]
Src_cls_loss	: 0.0692
-------------------------------------
[Epoch : 33/40]
Src_cls_loss	: 0.0671
-------------------------------------
[Epoch : 34/40]
Src_cls_loss	: 0.0652
-------------------------------------
[Epoch : 35/40]
Src_cls_loss	: 0.0634
-------------------------------------
[Epoch : 36/40]
Src_cls_loss	: 0.0617
-------------------------------------
[Epoch : 37/40]
Src_cls_loss	: 0.0601
-------------------------------------
[Epoch : 38/40]
Src_cls_loss	: 0.0586
-------------------------------------
[Epoch : 39/40]
Src_cls_loss	: 0.0571
-------------------------------------
[Epoch : 40/40]
Src_cls_loss	: 0.0557
-------------------------------------
