=============================================
Dataset: pamap_mobiact
Method:  NO_ADAPT
=============================================
Source: syn_66 ---> Target: dp_66
Run ID: 3
=============================================
[Epoch : 1/40]
Src_cls_loss	: 0.5182
-------------------------------------
[Epoch : 2/40]
Src_cls_loss	: 0.3906
-------------------------------------
[Epoch : 3/40]
Src_cls_loss	: 0.3098
-------------------------------------
[Epoch : 4/40]
Src_cls_loss	: 0.2561
-------------------------------------
[Epoch : 5/40]
Src_cls_loss	: 0.2187
-------------------------------------
[Epoch : 6/40]
Src_cls_loss	: 0.1961
-------------------------------------
[Epoch : 7/40]
Src_cls_loss	: 0.1762
-------------------------------------
[Epoch : 8/40]
Src_cls_loss	: 0.1587
-------------------------------------
[Epoch : 9/40]
Src_cls_loss	: 0.1446
-------------------------------------
[Epoch : 10/40]
Src_cls_loss	: 0.1342
-------------------------------------
[Epoch : 11/40]
Src_cls_loss	: 0.1245
-------------------------------------
[Epoch : 12/40]
Src_cls_loss	: 0.1160
-------------------------------------
[Epoch : 13/40]
Src_cls_loss	: 0.1087
-------------------------------------
[Epoch : 14/40]
Src_cls_loss	: 0.1022
-------------------------------------
[Epoch : 15/40]
Src_cls_loss	: 0.0966
-------------------------------------
[Epoch : 16/40]
Src_cls_loss	: 0.0921
-------------------------------------
[Epoch : 17/40]
Src_cls_loss	: 0.0876
-------------------------------------
[Epoch : 18/40]
Src_cls_loss	: 0.0835
-------------------------------------
[Epoch : 19/40]
Src_cls_loss	: 0.0795
-------------------------------------
[Epoch : 20/40]
Src_cls_loss	: 0.0764
-------------------------------------
[Epoch : 21/40]
Src_cls_loss	: 0.0731
-------------------------------------
[Epoch : 22/40]
Src_cls_loss	: 0.0705
-------------------------------------
[Epoch : 23/40]
Src_cls_loss	: 0.0679
-------------------------------------
[Epoch : 24/40]
Src_cls_loss	: 0.0653
-------------------------------------
[Epoch : 25/40]
Src_cls_loss	: 0.0628
-------------------------------------
[Epoch : 26/40]
Src_cls_loss	: 0.0606
-------------------------------------
[Epoch : 27/40]
Src_cls_loss	: 0.0588
-------------------------------------
[Epoch : 28/40]
Src_cls_loss	: 0.0570
-------------------------------------
[Epoch : 29/40]
Src_cls_loss	: 0.0553
-------------------------------------
[Epoch : 30/40]
Src_cls_loss	: 0.0538
-------------------------------------
[Epoch : 31/40]
Src_cls_loss	: 0.0523
-------------------------------------
[Epoch : 32/40]
Src_cls_loss	: 0.0507
-------------------------------------
[Epoch : 33/40]
Src_cls_loss	: 0.0493
-------------------------------------
[Epoch : 34/40]
Src_cls_loss	: 0.0481
-------------------------------------
[Epoch : 35/40]
Src_cls_loss	: 0.0469
-------------------------------------
[Epoch : 36/40]
Src_cls_loss	: 0.0458
-------------------------------------
[Epoch : 37/40]
Src_cls_loss	: 0.0447
-------------------------------------
[Epoch : 38/40]
Src_cls_loss	: 0.0438
-------------------------------------
[Epoch : 39/40]
Src_cls_loss	: 0.0431
-------------------------------------
[Epoch : 40/40]
Src_cls_loss	: 0.0425
-------------------------------------
