=============================================
Dataset: realworld_mobiact
Method:  Deep_Coral
=============================================
Source: df ---> Target: dp_25
Run ID: 0
=============================================
[Epoch : 1/40]
Total_loss	: 3.3715
Src_cls_loss	: 0.5058
coral_loss	: 0.0002
-------------------------------------
[Epoch : 2/40]
Total_loss	: 2.9221
Src_cls_loss	: 0.4383
coral_loss	: 0.0003
-------------------------------------
[Epoch : 3/40]
Total_loss	: 2.6541
Src_cls_loss	: 0.3981
coral_loss	: 0.0003
-------------------------------------
[Epoch : 4/40]
Total_loss	: 2.4832
Src_cls_loss	: 0.3724
coral_loss	: 0.0003
-------------------------------------
[Epoch : 5/40]
Total_loss	: 2.3508
Src_cls_loss	: 0.3526
coral_loss	: 0.0003
-------------------------------------
[Epoch : 6/40]
Total_loss	: 2.2468
Src_cls_loss	: 0.3370
coral_loss	: 0.0002
-------------------------------------
[Epoch : 7/40]
Total_loss	: 2.1549
Src_cls_loss	: 0.3232
coral_loss	: 0.0002
-------------------------------------
[Epoch : 8/40]
Total_loss	: 2.0763
Src_cls_loss	: 0.3114
coral_loss	: 0.0002
-------------------------------------
[Epoch : 9/40]
Total_loss	: 2.0040
Src_cls_loss	: 0.3005
coral_loss	: 0.0002
-------------------------------------
[Epoch : 10/40]
Total_loss	: 1.9401
Src_cls_loss	: 0.2910
coral_loss	: 0.0002
-------------------------------------
[Epoch : 11/40]
Total_loss	: 1.8801
Src_cls_loss	: 0.2820
coral_loss	: 0.0002
-------------------------------------
[Epoch : 12/40]
Total_loss	: 1.8298
Src_cls_loss	: 0.2744
coral_loss	: 0.0002
-------------------------------------
[Epoch : 13/40]
Total_loss	: 1.7894
Src_cls_loss	: 0.2684
coral_loss	: 0.0002
-------------------------------------
[Epoch : 14/40]
Total_loss	: 1.7501
Src_cls_loss	: 0.2625
coral_loss	: 0.0002
-------------------------------------
[Epoch : 15/40]
Total_loss	: 1.7121
Src_cls_loss	: 0.2568
coral_loss	: 0.0002
-------------------------------------
[Epoch : 16/40]
Total_loss	: 1.6785
Src_cls_loss	: 0.2517
coral_loss	: 0.0002
-------------------------------------
[Epoch : 17/40]
Total_loss	: 1.6501
Src_cls_loss	: 0.2475
coral_loss	: 0.0002
-------------------------------------
[Epoch : 18/40]
Total_loss	: 1.6229
Src_cls_loss	: 0.2434
coral_loss	: 0.0002
-------------------------------------
[Epoch : 19/40]
Total_loss	: 1.5948
Src_cls_loss	: 0.2392
coral_loss	: 0.0002
-------------------------------------
[Epoch : 20/40]
Total_loss	: 1.5714
Src_cls_loss	: 0.2357
coral_loss	: 0.0002
-------------------------------------
[Epoch : 21/40]
Total_loss	: 1.5490
Src_cls_loss	: 0.2323
coral_loss	: 0.0002
-------------------------------------
[Epoch : 22/40]
Total_loss	: 1.5271
Src_cls_loss	: 0.2290
coral_loss	: 0.0002
-------------------------------------
[Epoch : 23/40]
Total_loss	: 1.5062
Src_cls_loss	: 0.2259
coral_loss	: 0.0002
-------------------------------------
[Epoch : 24/40]
Total_loss	: 1.4860
Src_cls_loss	: 0.2228
coral_loss	: 0.0002
-------------------------------------
[Epoch : 25/40]
Total_loss	: 1.4656
Src_cls_loss	: 0.2198
coral_loss	: 0.0002
-------------------------------------
[Epoch : 26/40]
Total_loss	: 1.4459
Src_cls_loss	: 0.2168
coral_loss	: 0.0002
-------------------------------------
[Epoch : 27/40]
Total_loss	: 1.4291
Src_cls_loss	: 0.2143
coral_loss	: 0.0002
-------------------------------------
[Epoch : 28/40]
Total_loss	: 1.4102
Src_cls_loss	: 0.2115
coral_loss	: 0.0002
-------------------------------------
[Epoch : 29/40]
Total_loss	: 1.3934
Src_cls_loss	: 0.2090
coral_loss	: 0.0002
-------------------------------------
[Epoch : 30/40]
Total_loss	: 1.3782
Src_cls_loss	: 0.2067
coral_loss	: 0.0002
-------------------------------------
[Epoch : 31/40]
Total_loss	: 1.3635
Src_cls_loss	: 0.2045
coral_loss	: 0.0002
-------------------------------------
[Epoch : 32/40]
Total_loss	: 1.3497
Src_cls_loss	: 0.2024
coral_loss	: 0.0002
-------------------------------------
[Epoch : 33/40]
Total_loss	: 1.3341
Src_cls_loss	: 0.2001
coral_loss	: 0.0002
-------------------------------------
[Epoch : 34/40]
Total_loss	: 1.3206
Src_cls_loss	: 0.1980
coral_loss	: 0.0002
-------------------------------------
[Epoch : 35/40]
Total_loss	: 1.3074
Src_cls_loss	: 0.1960
coral_loss	: 0.0002
-------------------------------------
[Epoch : 36/40]
Total_loss	: 1.2955
Src_cls_loss	: 0.1943
coral_loss	: 0.0002
-------------------------------------
[Epoch : 37/40]
Total_loss	: 1.2827
Src_cls_loss	: 0.1923
coral_loss	: 0.0002
-------------------------------------
[Epoch : 38/40]
Total_loss	: 1.2716
Src_cls_loss	: 0.1907
coral_loss	: 0.0002
-------------------------------------
[Epoch : 39/40]
Total_loss	: 1.2606
Src_cls_loss	: 0.1890
coral_loss	: 0.0002
-------------------------------------
[Epoch : 40/40]
Total_loss	: 1.2502
Src_cls_loss	: 0.1875
coral_loss	: 0.0002
-------------------------------------
