=============================================
Dataset: pamap_mobiact
Method:  Deep_Coral
=============================================
Source: df ---> Target: dp_wal_62
Run ID: 0
=============================================
[Epoch : 1/40]
Total_loss	: 3.4218
Src_cls_loss	: 0.5128
coral_loss	: 0.0008
-------------------------------------
[Epoch : 2/40]
Total_loss	: 2.4427
Src_cls_loss	: 0.3659
coral_loss	: 0.0007
-------------------------------------
[Epoch : 3/40]
Total_loss	: 1.9765
Src_cls_loss	: 0.2959
coral_loss	: 0.0007
-------------------------------------
[Epoch : 4/40]
Total_loss	: 1.6798
Src_cls_loss	: 0.2514
coral_loss	: 0.0007
-------------------------------------
[Epoch : 5/40]
Total_loss	: 1.4725
Src_cls_loss	: 0.2203
coral_loss	: 0.0007
-------------------------------------
[Epoch : 6/40]
Total_loss	: 1.3307
Src_cls_loss	: 0.1990
coral_loss	: 0.0007
-------------------------------------
[Epoch : 7/40]
Total_loss	: 1.2267
Src_cls_loss	: 0.1834
coral_loss	: 0.0007
-------------------------------------
[Epoch : 8/40]
Total_loss	: 1.1240
Src_cls_loss	: 0.1680
coral_loss	: 0.0007
-------------------------------------
[Epoch : 9/40]
Total_loss	: 1.0483
Src_cls_loss	: 0.1567
coral_loss	: 0.0007
-------------------------------------
[Epoch : 10/40]
Total_loss	: 0.9748
Src_cls_loss	: 0.1456
coral_loss	: 0.0007
-------------------------------------
[Epoch : 11/40]
Total_loss	: 0.9158
Src_cls_loss	: 0.1368
coral_loss	: 0.0007
-------------------------------------
[Epoch : 12/40]
Total_loss	: 0.8658
Src_cls_loss	: 0.1293
coral_loss	: 0.0007
-------------------------------------
[Epoch : 13/40]
Total_loss	: 0.8249
Src_cls_loss	: 0.1231
coral_loss	: 0.0007
-------------------------------------
[Epoch : 14/40]
Total_loss	: 0.7866
Src_cls_loss	: 0.1174
coral_loss	: 0.0007
-------------------------------------
[Epoch : 15/40]
Total_loss	: 0.7568
Src_cls_loss	: 0.1129
coral_loss	: 0.0007
-------------------------------------
[Epoch : 16/40]
Total_loss	: 0.7217
Src_cls_loss	: 0.1076
coral_loss	: 0.0007
-------------------------------------
[Epoch : 17/40]
Total_loss	: 0.6963
Src_cls_loss	: 0.1038
coral_loss	: 0.0007
-------------------------------------
[Epoch : 18/40]
Total_loss	: 0.6701
Src_cls_loss	: 0.0999
coral_loss	: 0.0007
-------------------------------------
[Epoch : 19/40]
Total_loss	: 0.6443
Src_cls_loss	: 0.0960
coral_loss	: 0.0007
-------------------------------------
[Epoch : 20/40]
Total_loss	: 0.6202
Src_cls_loss	: 0.0924
coral_loss	: 0.0007
-------------------------------------
[Epoch : 21/40]
Total_loss	: 0.5976
Src_cls_loss	: 0.0890
coral_loss	: 0.0007
-------------------------------------
[Epoch : 22/40]
Total_loss	: 0.5802
Src_cls_loss	: 0.0864
coral_loss	: 0.0007
-------------------------------------
[Epoch : 23/40]
Total_loss	: 0.5612
Src_cls_loss	: 0.0836
coral_loss	: 0.0007
-------------------------------------
[Epoch : 24/40]
Total_loss	: 0.5465
Src_cls_loss	: 0.0814
coral_loss	: 0.0007
-------------------------------------
[Epoch : 25/40]
Total_loss	: 0.5301
Src_cls_loss	: 0.0789
coral_loss	: 0.0007
-------------------------------------
[Epoch : 26/40]
Total_loss	: 0.5141
Src_cls_loss	: 0.0765
coral_loss	: 0.0007
-------------------------------------
[Epoch : 27/40]
Total_loss	: 0.4993
Src_cls_loss	: 0.0743
coral_loss	: 0.0007
-------------------------------------
[Epoch : 28/40]
Total_loss	: 0.4869
Src_cls_loss	: 0.0724
coral_loss	: 0.0007
-------------------------------------
[Epoch : 29/40]
Total_loss	: 0.4755
Src_cls_loss	: 0.0707
coral_loss	: 0.0007
-------------------------------------
[Epoch : 30/40]
Total_loss	: 0.4630
Src_cls_loss	: 0.0688
coral_loss	: 0.0007
-------------------------------------
[Epoch : 31/40]
Total_loss	: 0.4535
Src_cls_loss	: 0.0674
coral_loss	: 0.0007
-------------------------------------
[Epoch : 32/40]
Total_loss	: 0.4437
Src_cls_loss	: 0.0660
coral_loss	: 0.0007
-------------------------------------
[Epoch : 33/40]
Total_loss	: 0.4352
Src_cls_loss	: 0.0647
coral_loss	: 0.0007
-------------------------------------
[Epoch : 34/40]
Total_loss	: 0.4266
Src_cls_loss	: 0.0634
coral_loss	: 0.0007
-------------------------------------
[Epoch : 35/40]
Total_loss	: 0.4169
Src_cls_loss	: 0.0619
coral_loss	: 0.0007
-------------------------------------
[Epoch : 36/40]
Total_loss	: 0.4095
Src_cls_loss	: 0.0608
coral_loss	: 0.0006
-------------------------------------
[Epoch : 37/40]
Total_loss	: 0.4037
Src_cls_loss	: 0.0600
coral_loss	: 0.0006
-------------------------------------
[Epoch : 38/40]
Total_loss	: 0.3960
Src_cls_loss	: 0.0588
coral_loss	: 0.0006
-------------------------------------
[Epoch : 39/40]
Total_loss	: 0.3886
Src_cls_loss	: 0.0577
coral_loss	: 0.0006
-------------------------------------
[Epoch : 40/40]
Total_loss	: 0.3829
Src_cls_loss	: 0.0568
coral_loss	: 0.0006
-------------------------------------
