=============================================
Dataset: mobiact_realworld
Method:  DSAN
=============================================
Source: df ---> Target: dp_62
Run ID: 0
=============================================
[Epoch : 1/40]
Total_loss	: 0.4648
LMMD_loss	: 0.7869
Src_cls_loss	: 0.2975
-------------------------------------
[Epoch : 2/40]
Total_loss	: 0.3465
LMMD_loss	: 0.7339
Src_cls_loss	: 0.2104
-------------------------------------
[Epoch : 3/40]
Total_loss	: 0.2892
LMMD_loss	: 0.6941
Src_cls_loss	: 0.1693
-------------------------------------
[Epoch : 4/40]
Total_loss	: 0.2523
LMMD_loss	: 0.6522
Src_cls_loss	: 0.1441
-------------------------------------
[Epoch : 5/40]
Total_loss	: 0.2293
LMMD_loss	: 0.6261
Src_cls_loss	: 0.1284
-------------------------------------
[Epoch : 6/40]
Total_loss	: 0.2107
LMMD_loss	: 0.6042
Src_cls_loss	: 0.1158
-------------------------------------
[Epoch : 7/40]
Total_loss	: 0.1948
LMMD_loss	: 0.5814
Src_cls_loss	: 0.1053
-------------------------------------
[Epoch : 8/40]
Total_loss	: 0.1832
LMMD_loss	: 0.5625
Src_cls_loss	: 0.0978
-------------------------------------
[Epoch : 9/40]
Total_loss	: 0.1743
LMMD_loss	: 0.5461
Src_cls_loss	: 0.0922
-------------------------------------
[Epoch : 10/40]
Total_loss	: 0.1659
LMMD_loss	: 0.5318
Src_cls_loss	: 0.0869
-------------------------------------
[Epoch : 11/40]
Total_loss	: 0.1596
LMMD_loss	: 0.5213
Src_cls_loss	: 0.0828
-------------------------------------
[Epoch : 12/40]
Total_loss	: 0.1537
LMMD_loss	: 0.5102
Src_cls_loss	: 0.0791
-------------------------------------
[Epoch : 13/40]
Total_loss	: 0.1483
LMMD_loss	: 0.5002
Src_cls_loss	: 0.0757
-------------------------------------
[Epoch : 14/40]
Total_loss	: 0.1433
LMMD_loss	: 0.4917
Src_cls_loss	: 0.0725
-------------------------------------
[Epoch : 15/40]
Total_loss	: 0.1388
LMMD_loss	: 0.4829
Src_cls_loss	: 0.0697
-------------------------------------
[Epoch : 16/40]
Total_loss	: 0.1354
LMMD_loss	: 0.4770
Src_cls_loss	: 0.0676
-------------------------------------
[Epoch : 17/40]
Total_loss	: 0.1321
LMMD_loss	: 0.4712
Src_cls_loss	: 0.0654
-------------------------------------
[Epoch : 18/40]
Total_loss	: 0.1294
LMMD_loss	: 0.4653
Src_cls_loss	: 0.0638
-------------------------------------
[Epoch : 19/40]
Total_loss	: 0.1266
LMMD_loss	: 0.4609
Src_cls_loss	: 0.0620
-------------------------------------
[Epoch : 20/40]
Total_loss	: 0.1234
LMMD_loss	: 0.4549
Src_cls_loss	: 0.0600
-------------------------------------
[Epoch : 21/40]
Total_loss	: 0.1209
LMMD_loss	: 0.4493
Src_cls_loss	: 0.0585
-------------------------------------
[Epoch : 22/40]
Total_loss	: 0.1187
LMMD_loss	: 0.4448
Src_cls_loss	: 0.0572
-------------------------------------
[Epoch : 23/40]
Total_loss	: 0.1166
LMMD_loss	: 0.4398
Src_cls_loss	: 0.0559
-------------------------------------
[Epoch : 24/40]
Total_loss	: 0.1143
LMMD_loss	: 0.4347
Src_cls_loss	: 0.0546
-------------------------------------
[Epoch : 25/40]
Total_loss	: 0.1125
LMMD_loss	: 0.4296
Src_cls_loss	: 0.0535
-------------------------------------
[Epoch : 26/40]
Total_loss	: 0.1106
LMMD_loss	: 0.4249
Src_cls_loss	: 0.0524
-------------------------------------
[Epoch : 27/40]
Total_loss	: 0.1091
LMMD_loss	: 0.4209
Src_cls_loss	: 0.0516
-------------------------------------
[Epoch : 28/40]
Total_loss	: 0.1075
LMMD_loss	: 0.4172
Src_cls_loss	: 0.0506
-------------------------------------
[Epoch : 29/40]
Total_loss	: 0.1061
LMMD_loss	: 0.4142
Src_cls_loss	: 0.0498
-------------------------------------
[Epoch : 30/40]
Total_loss	: 0.1049
LMMD_loss	: 0.4118
Src_cls_loss	: 0.0491
-------------------------------------
[Epoch : 31/40]
Total_loss	: 0.1033
LMMD_loss	: 0.4088
Src_cls_loss	: 0.0481
-------------------------------------
[Epoch : 32/40]
Total_loss	: 0.1021
LMMD_loss	: 0.4057
Src_cls_loss	: 0.0474
-------------------------------------
[Epoch : 33/40]
Total_loss	: 0.1011
LMMD_loss	: 0.4036
Src_cls_loss	: 0.0468
-------------------------------------
[Epoch : 34/40]
Total_loss	: 0.0999
LMMD_loss	: 0.4012
Src_cls_loss	: 0.0460
-------------------------------------
[Epoch : 35/40]
Total_loss	: 0.0988
LMMD_loss	: 0.3984
Src_cls_loss	: 0.0454
-------------------------------------
[Epoch : 36/40]
Total_loss	: 0.0978
LMMD_loss	: 0.3962
Src_cls_loss	: 0.0448
-------------------------------------
[Epoch : 37/40]
Total_loss	: 0.0968
LMMD_loss	: 0.3935
Src_cls_loss	: 0.0442
-------------------------------------
[Epoch : 38/40]
Total_loss	: 0.0959
LMMD_loss	: 0.3911
Src_cls_loss	: 0.0437
-------------------------------------
[Epoch : 39/40]
Total_loss	: 0.0949
LMMD_loss	: 0.3888
Src_cls_loss	: 0.0432
-------------------------------------
[Epoch : 40/40]
Total_loss	: 0.0940
LMMD_loss	: 0.3871
Src_cls_loss	: 0.0426
-------------------------------------
