=============================================
Dataset: mobiact_pamap
Method:  NO_ADAPT
=============================================
Source: syn_61 ---> Target: dp_61
Run ID: 9
=============================================
[Epoch : 1/40]
Src_cls_loss	: 0.6279
-------------------------------------
[Epoch : 2/40]
Src_cls_loss	: 0.4588
-------------------------------------
[Epoch : 3/40]
Src_cls_loss	: 0.3678
-------------------------------------
[Epoch : 4/40]
Src_cls_loss	: 0.3106
-------------------------------------
[Epoch : 5/40]
Src_cls_loss	: 0.2710
-------------------------------------
[Epoch : 6/40]
Src_cls_loss	: 0.2402
-------------------------------------
[Epoch : 7/40]
Src_cls_loss	: 0.2162
-------------------------------------
[Epoch : 8/40]
Src_cls_loss	: 0.1976
-------------------------------------
[Epoch : 9/40]
Src_cls_loss	: 0.1814
-------------------------------------
[Epoch : 10/40]
Src_cls_loss	: 0.1682
-------------------------------------
[Epoch : 11/40]
Src_cls_loss	: 0.1568
-------------------------------------
[Epoch : 12/40]
Src_cls_loss	: 0.1465
-------------------------------------
[Epoch : 13/40]
Src_cls_loss	: 0.1384
-------------------------------------
[Epoch : 14/40]
Src_cls_loss	: 0.1321
-------------------------------------
[Epoch : 15/40]
Src_cls_loss	: 0.1250
-------------------------------------
[Epoch : 16/40]
Src_cls_loss	: 0.1190
-------------------------------------
[Epoch : 17/40]
Src_cls_loss	: 0.1143
-------------------------------------
[Epoch : 18/40]
Src_cls_loss	: 0.1099
-------------------------------------
[Epoch : 19/40]
Src_cls_loss	: 0.1055
-------------------------------------
[Epoch : 20/40]
Src_cls_loss	: 0.1013
-------------------------------------
[Epoch : 21/40]
Src_cls_loss	: 0.0971
-------------------------------------
[Epoch : 22/40]
Src_cls_loss	: 0.0938
-------------------------------------
[Epoch : 23/40]
Src_cls_loss	: 0.0909
-------------------------------------
[Epoch : 24/40]
Src_cls_loss	: 0.0879
-------------------------------------
[Epoch : 25/40]
Src_cls_loss	: 0.0851
-------------------------------------
[Epoch : 26/40]
Src_cls_loss	: 0.0831
-------------------------------------
[Epoch : 27/40]
Src_cls_loss	: 0.0810
-------------------------------------
[Epoch : 28/40]
Src_cls_loss	: 0.0787
-------------------------------------
[Epoch : 29/40]
Src_cls_loss	: 0.0767
-------------------------------------
[Epoch : 30/40]
Src_cls_loss	: 0.0748
-------------------------------------
[Epoch : 31/40]
Src_cls_loss	: 0.0728
-------------------------------------
[Epoch : 32/40]
Src_cls_loss	: 0.0709
-------------------------------------
[Epoch : 33/40]
Src_cls_loss	: 0.0691
-------------------------------------
[Epoch : 34/40]
Src_cls_loss	: 0.0678
-------------------------------------
[Epoch : 35/40]
Src_cls_loss	: 0.0662
-------------------------------------
[Epoch : 36/40]
Src_cls_loss	: 0.0647
-------------------------------------
[Epoch : 37/40]
Src_cls_loss	: 0.0632
-------------------------------------
[Epoch : 38/40]
Src_cls_loss	: 0.0618
-------------------------------------
[Epoch : 39/40]
Src_cls_loss	: 0.0604
-------------------------------------
[Epoch : 40/40]
Src_cls_loss	: 0.0592
-------------------------------------
