=============================================
Dataset: mobiact_pamap
Method:  SYN
=============================================
Source: syn_wal_62 ---> Target: dp_wal_62
Run ID: 1
=============================================
[Epoch : 1/40]
Src_cls_loss	: 0.7652
-------------------------------------
[Epoch : 2/40]
Src_cls_loss	: 0.5792
-------------------------------------
[Epoch : 3/40]
Src_cls_loss	: 0.4687
-------------------------------------
[Epoch : 4/40]
Src_cls_loss	: 0.3877
-------------------------------------
[Epoch : 5/40]
Src_cls_loss	: 0.3291
-------------------------------------
[Epoch : 6/40]
Src_cls_loss	: 0.2856
-------------------------------------
[Epoch : 7/40]
Src_cls_loss	: 0.2519
-------------------------------------
[Epoch : 8/40]
Src_cls_loss	: 0.2254
-------------------------------------
[Epoch : 9/40]
Src_cls_loss	: 0.2047
-------------------------------------
[Epoch : 10/40]
Src_cls_loss	: 0.1874
-------------------------------------
[Epoch : 11/40]
Src_cls_loss	: 0.1726
-------------------------------------
[Epoch : 12/40]
Src_cls_loss	: 0.1595
-------------------------------------
[Epoch : 13/40]
Src_cls_loss	: 0.1484
-------------------------------------
[Epoch : 14/40]
Src_cls_loss	: 0.1388
-------------------------------------
[Epoch : 15/40]
Src_cls_loss	: 0.1304
-------------------------------------
[Epoch : 16/40]
Src_cls_loss	: 0.1229
-------------------------------------
[Epoch : 17/40]
Src_cls_loss	: 0.1161
-------------------------------------
[Epoch : 18/40]
Src_cls_loss	: 0.1101
-------------------------------------
[Epoch : 19/40]
Src_cls_loss	: 0.1047
-------------------------------------
[Epoch : 20/40]
Src_cls_loss	: 0.0999
-------------------------------------
[Epoch : 21/40]
Src_cls_loss	: 0.0957
-------------------------------------
[Epoch : 22/40]
Src_cls_loss	: 0.0917
-------------------------------------
[Epoch : 23/40]
Src_cls_loss	: 0.0880
-------------------------------------
[Epoch : 24/40]
Src_cls_loss	: 0.0847
-------------------------------------
[Epoch : 25/40]
Src_cls_loss	: 0.0815
-------------------------------------
[Epoch : 26/40]
Src_cls_loss	: 0.0786
-------------------------------------
[Epoch : 27/40]
Src_cls_loss	: 0.0760
-------------------------------------
[Epoch : 28/40]
Src_cls_loss	: 0.0735
-------------------------------------
[Epoch : 29/40]
Src_cls_loss	: 0.0711
-------------------------------------
[Epoch : 30/40]
Src_cls_loss	: 0.0688
-------------------------------------
[Epoch : 31/40]
Src_cls_loss	: 0.0667
-------------------------------------
[Epoch : 32/40]
Src_cls_loss	: 0.0647
-------------------------------------
[Epoch : 33/40]
Src_cls_loss	: 0.0628
-------------------------------------
[Epoch : 34/40]
Src_cls_loss	: 0.0611
-------------------------------------
[Epoch : 35/40]
Src_cls_loss	: 0.0594
-------------------------------------
[Epoch : 36/40]
Src_cls_loss	: 0.0578
-------------------------------------
[Epoch : 37/40]
Src_cls_loss	: 0.0563
-------------------------------------
[Epoch : 38/40]
Src_cls_loss	: 0.0548
-------------------------------------
[Epoch : 39/40]
Src_cls_loss	: 0.0535
-------------------------------------
[Epoch : 40/40]
Src_cls_loss	: 0.0522
-------------------------------------
