=============================================
Dataset: pamap_mobiact
Method:  NO_ADAPT
=============================================
Source: syn_30 ---> Target: dp_30
Run ID: 6
=============================================
[Epoch : 1/40]
Src_cls_loss	: 0.8998
-------------------------------------
[Epoch : 2/40]
Src_cls_loss	: 0.7450
-------------------------------------
[Epoch : 3/40]
Src_cls_loss	: 0.6594
-------------------------------------
[Epoch : 4/40]
Src_cls_loss	: 0.6002
-------------------------------------
[Epoch : 5/40]
Src_cls_loss	: 0.5454
-------------------------------------
[Epoch : 6/40]
Src_cls_loss	: 0.5001
-------------------------------------
[Epoch : 7/40]
Src_cls_loss	: 0.4648
-------------------------------------
[Epoch : 8/40]
Src_cls_loss	: 0.4327
-------------------------------------
[Epoch : 9/40]
Src_cls_loss	: 0.4006
-------------------------------------
[Epoch : 10/40]
Src_cls_loss	: 0.3735
-------------------------------------
[Epoch : 11/40]
Src_cls_loss	: 0.3484
-------------------------------------
[Epoch : 12/40]
Src_cls_loss	: 0.3299
-------------------------------------
[Epoch : 13/40]
Src_cls_loss	: 0.3146
-------------------------------------
[Epoch : 14/40]
Src_cls_loss	: 0.2989
-------------------------------------
[Epoch : 15/40]
Src_cls_loss	: 0.2832
-------------------------------------
[Epoch : 16/40]
Src_cls_loss	: 0.2695
-------------------------------------
[Epoch : 17/40]
Src_cls_loss	: 0.2567
-------------------------------------
[Epoch : 18/40]
Src_cls_loss	: 0.2451
-------------------------------------
[Epoch : 19/40]
Src_cls_loss	: 0.2345
-------------------------------------
[Epoch : 20/40]
Src_cls_loss	: 0.2251
-------------------------------------
[Epoch : 21/40]
Src_cls_loss	: 0.2165
-------------------------------------
[Epoch : 22/40]
Src_cls_loss	: 0.2089
-------------------------------------
[Epoch : 23/40]
Src_cls_loss	: 0.2024
-------------------------------------
[Epoch : 24/40]
Src_cls_loss	: 0.1985
-------------------------------------
[Epoch : 25/40]
Src_cls_loss	: 0.1929
-------------------------------------
[Epoch : 26/40]
Src_cls_loss	: 0.1880
-------------------------------------
[Epoch : 27/40]
Src_cls_loss	: 0.1826
-------------------------------------
[Epoch : 28/40]
Src_cls_loss	: 0.1772
-------------------------------------
[Epoch : 29/40]
Src_cls_loss	: 0.1722
-------------------------------------
[Epoch : 30/40]
Src_cls_loss	: 0.1674
-------------------------------------
[Epoch : 31/40]
Src_cls_loss	: 0.1626
-------------------------------------
[Epoch : 32/40]
Src_cls_loss	: 0.1581
-------------------------------------
[Epoch : 33/40]
Src_cls_loss	: 0.1543
-------------------------------------
[Epoch : 34/40]
Src_cls_loss	: 0.1510
-------------------------------------
[Epoch : 35/40]
Src_cls_loss	: 0.1479
-------------------------------------
[Epoch : 36/40]
Src_cls_loss	: 0.1446
-------------------------------------
[Epoch : 37/40]
Src_cls_loss	: 0.1412
-------------------------------------
[Epoch : 38/40]
Src_cls_loss	: 0.1381
-------------------------------------
[Epoch : 39/40]
Src_cls_loss	: 0.1351
-------------------------------------
[Epoch : 40/40]
Src_cls_loss	: 0.1322
-------------------------------------
