=============================================
Dataset: pamap_mobiact
Method:  NO_ADAPT
=============================================
Source: syn_44 ---> Target: dp_44
Run ID: 8
=============================================
[Epoch : 1/40]
Src_cls_loss	: 0.7510
-------------------------------------
[Epoch : 2/40]
Src_cls_loss	: 0.6378
-------------------------------------
[Epoch : 3/40]
Src_cls_loss	: 0.5560
-------------------------------------
[Epoch : 4/40]
Src_cls_loss	: 0.5002
-------------------------------------
[Epoch : 5/40]
Src_cls_loss	: 0.4512
-------------------------------------
[Epoch : 6/40]
Src_cls_loss	: 0.4133
-------------------------------------
[Epoch : 7/40]
Src_cls_loss	: 0.3829
-------------------------------------
[Epoch : 8/40]
Src_cls_loss	: 0.3607
-------------------------------------
[Epoch : 9/40]
Src_cls_loss	: 0.3400
-------------------------------------
[Epoch : 10/40]
Src_cls_loss	: 0.3190
-------------------------------------
[Epoch : 11/40]
Src_cls_loss	: 0.3006
-------------------------------------
[Epoch : 12/40]
Src_cls_loss	: 0.2847
-------------------------------------
[Epoch : 13/40]
Src_cls_loss	: 0.2702
-------------------------------------
[Epoch : 14/40]
Src_cls_loss	: 0.2570
-------------------------------------
[Epoch : 15/40]
Src_cls_loss	: 0.2453
-------------------------------------
[Epoch : 16/40]
Src_cls_loss	: 0.2350
-------------------------------------
[Epoch : 17/40]
Src_cls_loss	: 0.2248
-------------------------------------
[Epoch : 18/40]
Src_cls_loss	: 0.2155
-------------------------------------
[Epoch : 19/40]
Src_cls_loss	: 0.2067
-------------------------------------
[Epoch : 20/40]
Src_cls_loss	: 0.1983
-------------------------------------
[Epoch : 21/40]
Src_cls_loss	: 0.1909
-------------------------------------
[Epoch : 22/40]
Src_cls_loss	: 0.1863
-------------------------------------
[Epoch : 23/40]
Src_cls_loss	: 0.1805
-------------------------------------
[Epoch : 24/40]
Src_cls_loss	: 0.1752
-------------------------------------
[Epoch : 25/40]
Src_cls_loss	: 0.1700
-------------------------------------
[Epoch : 26/40]
Src_cls_loss	: 0.1651
-------------------------------------
[Epoch : 27/40]
Src_cls_loss	: 0.1602
-------------------------------------
[Epoch : 28/40]
Src_cls_loss	: 0.1552
-------------------------------------
[Epoch : 29/40]
Src_cls_loss	: 0.1506
-------------------------------------
[Epoch : 30/40]
Src_cls_loss	: 0.1464
-------------------------------------
[Epoch : 31/40]
Src_cls_loss	: 0.1421
-------------------------------------
[Epoch : 32/40]
Src_cls_loss	: 0.1382
-------------------------------------
[Epoch : 33/40]
Src_cls_loss	: 0.1344
-------------------------------------
[Epoch : 34/40]
Src_cls_loss	: 0.1310
-------------------------------------
[Epoch : 35/40]
Src_cls_loss	: 0.1276
-------------------------------------
[Epoch : 36/40]
Src_cls_loss	: 0.1245
-------------------------------------
[Epoch : 37/40]
Src_cls_loss	: 0.1215
-------------------------------------
[Epoch : 38/40]
Src_cls_loss	: 0.1186
-------------------------------------
[Epoch : 39/40]
Src_cls_loss	: 0.1159
-------------------------------------
[Epoch : 40/40]
Src_cls_loss	: 0.1131
-------------------------------------
