=============================================
Dataset: pamap_mobiact
Method:  NO_ADAPT
=============================================
Source: syn_12 ---> Target: dp_12
Run ID: 7
=============================================
[Epoch : 1/40]
Src_cls_loss	: 0.6506
-------------------------------------
[Epoch : 2/40]
Src_cls_loss	: 0.5025
-------------------------------------
[Epoch : 3/40]
Src_cls_loss	: 0.4203
-------------------------------------
[Epoch : 4/40]
Src_cls_loss	: 0.3577
-------------------------------------
[Epoch : 5/40]
Src_cls_loss	: 0.3103
-------------------------------------
[Epoch : 6/40]
Src_cls_loss	: 0.2739
-------------------------------------
[Epoch : 7/40]
Src_cls_loss	: 0.2452
-------------------------------------
[Epoch : 8/40]
Src_cls_loss	: 0.2223
-------------------------------------
[Epoch : 9/40]
Src_cls_loss	: 0.2050
-------------------------------------
[Epoch : 10/40]
Src_cls_loss	: 0.1901
-------------------------------------
[Epoch : 11/40]
Src_cls_loss	: 0.1771
-------------------------------------
[Epoch : 12/40]
Src_cls_loss	: 0.1649
-------------------------------------
[Epoch : 13/40]
Src_cls_loss	: 0.1544
-------------------------------------
[Epoch : 14/40]
Src_cls_loss	: 0.1452
-------------------------------------
[Epoch : 15/40]
Src_cls_loss	: 0.1378
-------------------------------------
[Epoch : 16/40]
Src_cls_loss	: 0.1316
-------------------------------------
[Epoch : 17/40]
Src_cls_loss	: 0.1257
-------------------------------------
[Epoch : 18/40]
Src_cls_loss	: 0.1202
-------------------------------------
[Epoch : 19/40]
Src_cls_loss	: 0.1148
-------------------------------------
[Epoch : 20/40]
Src_cls_loss	: 0.1099
-------------------------------------
[Epoch : 21/40]
Src_cls_loss	: 0.1053
-------------------------------------
[Epoch : 22/40]
Src_cls_loss	: 0.1010
-------------------------------------
[Epoch : 23/40]
Src_cls_loss	: 0.0970
-------------------------------------
[Epoch : 24/40]
Src_cls_loss	: 0.0933
-------------------------------------
[Epoch : 25/40]
Src_cls_loss	: 0.0900
-------------------------------------
[Epoch : 26/40]
Src_cls_loss	: 0.0874
-------------------------------------
[Epoch : 27/40]
Src_cls_loss	: 0.0848
-------------------------------------
[Epoch : 28/40]
Src_cls_loss	: 0.0821
-------------------------------------
[Epoch : 29/40]
Src_cls_loss	: 0.0796
-------------------------------------
[Epoch : 30/40]
Src_cls_loss	: 0.0771
-------------------------------------
[Epoch : 31/40]
Src_cls_loss	: 0.0748
-------------------------------------
[Epoch : 32/40]
Src_cls_loss	: 0.0735
-------------------------------------
[Epoch : 33/40]
Src_cls_loss	: 0.0719
-------------------------------------
[Epoch : 34/40]
Src_cls_loss	: 0.0701
-------------------------------------
[Epoch : 35/40]
Src_cls_loss	: 0.0682
-------------------------------------
[Epoch : 36/40]
Src_cls_loss	: 0.0664
-------------------------------------
[Epoch : 37/40]
Src_cls_loss	: 0.0648
-------------------------------------
[Epoch : 38/40]
Src_cls_loss	: 0.0632
-------------------------------------
[Epoch : 39/40]
Src_cls_loss	: 0.0618
-------------------------------------
[Epoch : 40/40]
Src_cls_loss	: 0.0604
-------------------------------------
