=============================================
Dataset: realworld_pamap
Method:  Deep_Coral
=============================================
Source: df ---> Target: dp_wal_16
Run ID: 0
=============================================
[Epoch : 1/40]
Total_loss	: 3.3766
Src_cls_loss	: 0.5060
coral_loss	: 0.0008
-------------------------------------
[Epoch : 2/40]
Total_loss	: 2.9268
Src_cls_loss	: 0.4385
coral_loss	: 0.0008
-------------------------------------
[Epoch : 3/40]
Total_loss	: 2.6579
Src_cls_loss	: 0.3982
coral_loss	: 0.0007
-------------------------------------
[Epoch : 4/40]
Total_loss	: 2.4868
Src_cls_loss	: 0.3726
coral_loss	: 0.0006
-------------------------------------
[Epoch : 5/40]
Total_loss	: 2.3541
Src_cls_loss	: 0.3527
coral_loss	: 0.0006
-------------------------------------
[Epoch : 6/40]
Total_loss	: 2.2494
Src_cls_loss	: 0.3370
coral_loss	: 0.0006
-------------------------------------
[Epoch : 7/40]
Total_loss	: 2.1568
Src_cls_loss	: 0.3232
coral_loss	: 0.0006
-------------------------------------
[Epoch : 8/40]
Total_loss	: 2.0777
Src_cls_loss	: 0.3113
coral_loss	: 0.0005
-------------------------------------
[Epoch : 9/40]
Total_loss	: 2.0051
Src_cls_loss	: 0.3004
coral_loss	: 0.0005
-------------------------------------
[Epoch : 10/40]
Total_loss	: 1.9409
Src_cls_loss	: 0.2908
coral_loss	: 0.0005
-------------------------------------
[Epoch : 11/40]
Total_loss	: 1.8811
Src_cls_loss	: 0.2819
coral_loss	: 0.0005
-------------------------------------
[Epoch : 12/40]
Total_loss	: 1.8309
Src_cls_loss	: 0.2743
coral_loss	: 0.0005
-------------------------------------
[Epoch : 13/40]
Total_loss	: 1.7904
Src_cls_loss	: 0.2683
coral_loss	: 0.0005
-------------------------------------
[Epoch : 14/40]
Total_loss	: 1.7513
Src_cls_loss	: 0.2624
coral_loss	: 0.0005
-------------------------------------
[Epoch : 15/40]
Total_loss	: 1.7130
Src_cls_loss	: 0.2567
coral_loss	: 0.0004
-------------------------------------
[Epoch : 16/40]
Total_loss	: 1.6794
Src_cls_loss	: 0.2516
coral_loss	: 0.0004
-------------------------------------
[Epoch : 17/40]
Total_loss	: 1.6508
Src_cls_loss	: 0.2473
coral_loss	: 0.0004
-------------------------------------
[Epoch : 18/40]
Total_loss	: 1.6236
Src_cls_loss	: 0.2433
coral_loss	: 0.0004
-------------------------------------
[Epoch : 19/40]
Total_loss	: 1.5955
Src_cls_loss	: 0.2390
coral_loss	: 0.0004
-------------------------------------
[Epoch : 20/40]
Total_loss	: 1.5720
Src_cls_loss	: 0.2355
coral_loss	: 0.0004
-------------------------------------
[Epoch : 21/40]
Total_loss	: 1.5497
Src_cls_loss	: 0.2322
coral_loss	: 0.0004
-------------------------------------
[Epoch : 22/40]
Total_loss	: 1.5280
Src_cls_loss	: 0.2289
coral_loss	: 0.0004
-------------------------------------
[Epoch : 23/40]
Total_loss	: 1.5072
Src_cls_loss	: 0.2258
coral_loss	: 0.0004
-------------------------------------
[Epoch : 24/40]
Total_loss	: 1.4873
Src_cls_loss	: 0.2228
coral_loss	: 0.0004
-------------------------------------
[Epoch : 25/40]
Total_loss	: 1.4670
Src_cls_loss	: 0.2198
coral_loss	: 0.0004
-------------------------------------
[Epoch : 26/40]
Total_loss	: 1.4475
Src_cls_loss	: 0.2168
coral_loss	: 0.0004
-------------------------------------
[Epoch : 27/40]
Total_loss	: 1.4307
Src_cls_loss	: 0.2143
coral_loss	: 0.0004
-------------------------------------
[Epoch : 28/40]
Total_loss	: 1.4120
Src_cls_loss	: 0.2115
coral_loss	: 0.0004
-------------------------------------
[Epoch : 29/40]
Total_loss	: 1.3947
Src_cls_loss	: 0.2089
coral_loss	: 0.0004
-------------------------------------
[Epoch : 30/40]
Total_loss	: 1.3795
Src_cls_loss	: 0.2066
coral_loss	: 0.0004
-------------------------------------
[Epoch : 31/40]
Total_loss	: 1.3651
Src_cls_loss	: 0.2045
coral_loss	: 0.0004
-------------------------------------
[Epoch : 32/40]
Total_loss	: 1.3515
Src_cls_loss	: 0.2025
coral_loss	: 0.0004
-------------------------------------
[Epoch : 33/40]
Total_loss	: 1.3359
Src_cls_loss	: 0.2001
coral_loss	: 0.0004
-------------------------------------
[Epoch : 34/40]
Total_loss	: 1.3222
Src_cls_loss	: 0.1981
coral_loss	: 0.0004
-------------------------------------
[Epoch : 35/40]
Total_loss	: 1.3093
Src_cls_loss	: 0.1961
coral_loss	: 0.0004
-------------------------------------
[Epoch : 36/40]
Total_loss	: 1.2976
Src_cls_loss	: 0.1944
coral_loss	: 0.0004
-------------------------------------
[Epoch : 37/40]
Total_loss	: 1.2851
Src_cls_loss	: 0.1925
coral_loss	: 0.0004
-------------------------------------
[Epoch : 38/40]
Total_loss	: 1.2737
Src_cls_loss	: 0.1908
coral_loss	: 0.0004
-------------------------------------
[Epoch : 39/40]
Total_loss	: 1.2629
Src_cls_loss	: 0.1892
coral_loss	: 0.0004
-------------------------------------
[Epoch : 40/40]
Total_loss	: 1.2526
Src_cls_loss	: 0.1876
coral_loss	: 0.0004
-------------------------------------
