=============================================
Dataset: realworld_mobiact
Method:  SYN
=============================================
Source: syn_wal_17 ---> Target: dp_wal_17
Run ID: 2
=============================================
[Epoch : 1/40]
Src_cls_loss	: 0.9052
-------------------------------------
[Epoch : 2/40]
Src_cls_loss	: 0.7956
-------------------------------------
[Epoch : 3/40]
Src_cls_loss	: 0.6789
-------------------------------------
[Epoch : 4/40]
Src_cls_loss	: 0.5737
-------------------------------------
[Epoch : 5/40]
Src_cls_loss	: 0.4911
-------------------------------------
[Epoch : 6/40]
Src_cls_loss	: 0.4255
-------------------------------------
[Epoch : 7/40]
Src_cls_loss	: 0.3754
-------------------------------------
[Epoch : 8/40]
Src_cls_loss	: 0.3376
-------------------------------------
[Epoch : 9/40]
Src_cls_loss	: 0.3059
-------------------------------------
[Epoch : 10/40]
Src_cls_loss	: 0.2792
-------------------------------------
[Epoch : 11/40]
Src_cls_loss	: 0.2577
-------------------------------------
[Epoch : 12/40]
Src_cls_loss	: 0.2378
-------------------------------------
[Epoch : 13/40]
Src_cls_loss	: 0.2216
-------------------------------------
[Epoch : 14/40]
Src_cls_loss	: 0.2076
-------------------------------------
[Epoch : 15/40]
Src_cls_loss	: 0.1950
-------------------------------------
[Epoch : 16/40]
Src_cls_loss	: 0.1841
-------------------------------------
[Epoch : 17/40]
Src_cls_loss	: 0.1744
-------------------------------------
[Epoch : 18/40]
Src_cls_loss	: 0.1652
-------------------------------------
[Epoch : 19/40]
Src_cls_loss	: 0.1569
-------------------------------------
[Epoch : 20/40]
Src_cls_loss	: 0.1496
-------------------------------------
[Epoch : 21/40]
Src_cls_loss	: 0.1428
-------------------------------------
[Epoch : 22/40]
Src_cls_loss	: 0.1367
-------------------------------------
[Epoch : 23/40]
Src_cls_loss	: 0.1310
-------------------------------------
[Epoch : 24/40]
Src_cls_loss	: 0.1261
-------------------------------------
[Epoch : 25/40]
Src_cls_loss	: 0.1214
-------------------------------------
[Epoch : 26/40]
Src_cls_loss	: 0.1171
-------------------------------------
[Epoch : 27/40]
Src_cls_loss	: 0.1131
-------------------------------------
[Epoch : 28/40]
Src_cls_loss	: 0.1093
-------------------------------------
[Epoch : 29/40]
Src_cls_loss	: 0.1057
-------------------------------------
[Epoch : 30/40]
Src_cls_loss	: 0.1024
-------------------------------------
[Epoch : 31/40]
Src_cls_loss	: 0.0993
-------------------------------------
[Epoch : 32/40]
Src_cls_loss	: 0.0963
-------------------------------------
[Epoch : 33/40]
Src_cls_loss	: 0.0935
-------------------------------------
[Epoch : 34/40]
Src_cls_loss	: 0.0908
-------------------------------------
[Epoch : 35/40]
Src_cls_loss	: 0.0883
-------------------------------------
[Epoch : 36/40]
Src_cls_loss	: 0.0860
-------------------------------------
[Epoch : 37/40]
Src_cls_loss	: 0.0838
-------------------------------------
[Epoch : 38/40]
Src_cls_loss	: 0.0823
-------------------------------------
[Epoch : 39/40]
Src_cls_loss	: 0.0807
-------------------------------------
[Epoch : 40/40]
Src_cls_loss	: 0.0789
-------------------------------------
