=============================================
Dataset: pamap_mobiact
Method:  NO_ADAPT
=============================================
Source: syn_60 ---> Target: dp_60
Run ID: 9
=============================================
[Epoch : 1/40]
Src_cls_loss	: 0.6504
-------------------------------------
[Epoch : 2/40]
Src_cls_loss	: 0.4899
-------------------------------------
[Epoch : 3/40]
Src_cls_loss	: 0.4151
-------------------------------------
[Epoch : 4/40]
Src_cls_loss	: 0.3629
-------------------------------------
[Epoch : 5/40]
Src_cls_loss	: 0.3227
-------------------------------------
[Epoch : 6/40]
Src_cls_loss	: 0.2882
-------------------------------------
[Epoch : 7/40]
Src_cls_loss	: 0.2605
-------------------------------------
[Epoch : 8/40]
Src_cls_loss	: 0.2421
-------------------------------------
[Epoch : 9/40]
Src_cls_loss	: 0.2230
-------------------------------------
[Epoch : 10/40]
Src_cls_loss	: 0.2081
-------------------------------------
[Epoch : 11/40]
Src_cls_loss	: 0.1949
-------------------------------------
[Epoch : 12/40]
Src_cls_loss	: 0.1860
-------------------------------------
[Epoch : 13/40]
Src_cls_loss	: 0.1763
-------------------------------------
[Epoch : 14/40]
Src_cls_loss	: 0.1673
-------------------------------------
[Epoch : 15/40]
Src_cls_loss	: 0.1583
-------------------------------------
[Epoch : 16/40]
Src_cls_loss	: 0.1503
-------------------------------------
[Epoch : 17/40]
Src_cls_loss	: 0.1429
-------------------------------------
[Epoch : 18/40]
Src_cls_loss	: 0.1370
-------------------------------------
[Epoch : 19/40]
Src_cls_loss	: 0.1321
-------------------------------------
[Epoch : 20/40]
Src_cls_loss	: 0.1276
-------------------------------------
[Epoch : 21/40]
Src_cls_loss	: 0.1229
-------------------------------------
[Epoch : 22/40]
Src_cls_loss	: 0.1188
-------------------------------------
[Epoch : 23/40]
Src_cls_loss	: 0.1145
-------------------------------------
[Epoch : 24/40]
Src_cls_loss	: 0.1102
-------------------------------------
[Epoch : 25/40]
Src_cls_loss	: 0.1062
-------------------------------------
[Epoch : 26/40]
Src_cls_loss	: 0.1026
-------------------------------------
[Epoch : 27/40]
Src_cls_loss	: 0.0992
-------------------------------------
[Epoch : 28/40]
Src_cls_loss	: 0.0960
-------------------------------------
[Epoch : 29/40]
Src_cls_loss	: 0.0932
-------------------------------------
[Epoch : 30/40]
Src_cls_loss	: 0.0906
-------------------------------------
[Epoch : 31/40]
Src_cls_loss	: 0.0880
-------------------------------------
[Epoch : 32/40]
Src_cls_loss	: 0.0858
-------------------------------------
[Epoch : 33/40]
Src_cls_loss	: 0.0834
-------------------------------------
[Epoch : 34/40]
Src_cls_loss	: 0.0812
-------------------------------------
[Epoch : 35/40]
Src_cls_loss	: 0.0794
-------------------------------------
[Epoch : 36/40]
Src_cls_loss	: 0.0777
-------------------------------------
[Epoch : 37/40]
Src_cls_loss	: 0.0760
-------------------------------------
[Epoch : 38/40]
Src_cls_loss	: 0.0743
-------------------------------------
[Epoch : 39/40]
Src_cls_loss	: 0.0726
-------------------------------------
[Epoch : 40/40]
Src_cls_loss	: 0.0711
-------------------------------------
