=============================================
Dataset: pamap_mobiact
Method:  NO_ADAPT
=============================================
Source: syn_29 ---> Target: dp_29
Run ID: 2
=============================================
[Epoch : 1/40]
Src_cls_loss	: 0.7708
-------------------------------------
[Epoch : 2/40]
Src_cls_loss	: 0.6427
-------------------------------------
[Epoch : 3/40]
Src_cls_loss	: 0.5624
-------------------------------------
[Epoch : 4/40]
Src_cls_loss	: 0.5064
-------------------------------------
[Epoch : 5/40]
Src_cls_loss	: 0.4589
-------------------------------------
[Epoch : 6/40]
Src_cls_loss	: 0.4210
-------------------------------------
[Epoch : 7/40]
Src_cls_loss	: 0.3927
-------------------------------------
[Epoch : 8/40]
Src_cls_loss	: 0.3683
-------------------------------------
[Epoch : 9/40]
Src_cls_loss	: 0.3463
-------------------------------------
[Epoch : 10/40]
Src_cls_loss	: 0.3271
-------------------------------------
[Epoch : 11/40]
Src_cls_loss	: 0.3096
-------------------------------------
[Epoch : 12/40]
Src_cls_loss	: 0.2968
-------------------------------------
[Epoch : 13/40]
Src_cls_loss	: 0.2835
-------------------------------------
[Epoch : 14/40]
Src_cls_loss	: 0.2700
-------------------------------------
[Epoch : 15/40]
Src_cls_loss	: 0.2585
-------------------------------------
[Epoch : 16/40]
Src_cls_loss	: 0.2489
-------------------------------------
[Epoch : 17/40]
Src_cls_loss	: 0.2400
-------------------------------------
[Epoch : 18/40]
Src_cls_loss	: 0.2312
-------------------------------------
[Epoch : 19/40]
Src_cls_loss	: 0.2233
-------------------------------------
[Epoch : 20/40]
Src_cls_loss	: 0.2176
-------------------------------------
[Epoch : 21/40]
Src_cls_loss	: 0.2141
-------------------------------------
[Epoch : 22/40]
Src_cls_loss	: 0.2084
-------------------------------------
[Epoch : 23/40]
Src_cls_loss	: 0.2021
-------------------------------------
[Epoch : 24/40]
Src_cls_loss	: 0.1964
-------------------------------------
[Epoch : 25/40]
Src_cls_loss	: 0.1916
-------------------------------------
[Epoch : 26/40]
Src_cls_loss	: 0.1873
-------------------------------------
[Epoch : 27/40]
Src_cls_loss	: 0.1826
-------------------------------------
[Epoch : 28/40]
Src_cls_loss	: 0.1776
-------------------------------------
[Epoch : 29/40]
Src_cls_loss	: 0.1731
-------------------------------------
[Epoch : 30/40]
Src_cls_loss	: 0.1687
-------------------------------------
[Epoch : 31/40]
Src_cls_loss	: 0.1645
-------------------------------------
[Epoch : 32/40]
Src_cls_loss	: 0.1606
-------------------------------------
[Epoch : 33/40]
Src_cls_loss	: 0.1570
-------------------------------------
[Epoch : 34/40]
Src_cls_loss	: 0.1534
-------------------------------------
[Epoch : 35/40]
Src_cls_loss	: 0.1502
-------------------------------------
[Epoch : 36/40]
Src_cls_loss	: 0.1470
-------------------------------------
[Epoch : 37/40]
Src_cls_loss	: 0.1441
-------------------------------------
[Epoch : 38/40]
Src_cls_loss	: 0.1411
-------------------------------------
[Epoch : 39/40]
Src_cls_loss	: 0.1388
-------------------------------------
[Epoch : 40/40]
Src_cls_loss	: 0.1367
-------------------------------------
