=============================================
Dataset: realworld_pamap
Method:  DANN
=============================================
Source: df ---> Target: dp_wal_16
Run ID: 0
=============================================
[Epoch : 1/40]
Total_loss	: 6.3134
Domain_loss	: 1.2383
Src_cls_loss	: 0.5856
-------------------------------------
[Epoch : 2/40]
Total_loss	: 5.9682
Domain_loss	: 1.2491
Src_cls_loss	: 0.5148
-------------------------------------
[Epoch : 3/40]
Total_loss	: 5.8220
Domain_loss	: 1.2730
Src_cls_loss	: 0.4752
-------------------------------------
[Epoch : 4/40]
Total_loss	: 5.6947
Domain_loss	: 1.2800
Src_cls_loss	: 0.4477
-------------------------------------
[Epoch : 5/40]
Total_loss	: 5.6081
Domain_loss	: 1.2875
Src_cls_loss	: 0.4275
-------------------------------------
[Epoch : 6/40]
Total_loss	: 5.5315
Domain_loss	: 1.2959
Src_cls_loss	: 0.4088
-------------------------------------
[Epoch : 7/40]
Total_loss	: 5.4615
Domain_loss	: 1.3027
Src_cls_loss	: 0.3922
-------------------------------------
[Epoch : 8/40]
Total_loss	: 5.3916
Domain_loss	: 1.3082
Src_cls_loss	: 0.3762
-------------------------------------
[Epoch : 9/40]
Total_loss	: 5.3367
Domain_loss	: 1.3136
Src_cls_loss	: 0.3631
-------------------------------------
[Epoch : 10/40]
Total_loss	: 5.2844
Domain_loss	: 1.3160
Src_cls_loss	: 0.3520
-------------------------------------
[Epoch : 11/40]
Total_loss	: 5.2431
Domain_loss	: 1.3195
Src_cls_loss	: 0.3424
-------------------------------------
[Epoch : 12/40]
Total_loss	: 5.2031
Domain_loss	: 1.3196
Src_cls_loss	: 0.3348
-------------------------------------
[Epoch : 13/40]
Total_loss	: 5.1689
Domain_loss	: 1.3212
Src_cls_loss	: 0.3275
-------------------------------------
[Epoch : 14/40]
Total_loss	: 5.1383
Domain_loss	: 1.3233
Src_cls_loss	: 0.3207
-------------------------------------
[Epoch : 15/40]
Total_loss	: 5.1106
Domain_loss	: 1.3247
Src_cls_loss	: 0.3147
-------------------------------------
[Epoch : 16/40]
Total_loss	: 5.0877
Domain_loss	: 1.3262
Src_cls_loss	: 0.3097
-------------------------------------
[Epoch : 17/40]
Total_loss	: 5.0631
Domain_loss	: 1.3274
Src_cls_loss	: 0.3044
-------------------------------------
[Epoch : 18/40]
Total_loss	: 5.0420
Domain_loss	: 1.3288
Src_cls_loss	: 0.2997
-------------------------------------
[Epoch : 19/40]
Total_loss	: 5.0172
Domain_loss	: 1.3291
Src_cls_loss	: 0.2949
-------------------------------------
[Epoch : 20/40]
Total_loss	: 4.9983
Domain_loss	: 1.3298
Src_cls_loss	: 0.2910
-------------------------------------
[Epoch : 21/40]
Total_loss	: 4.9782
Domain_loss	: 1.3303
Src_cls_loss	: 0.2869
-------------------------------------
[Epoch : 22/40]
Total_loss	: 4.9601
Domain_loss	: 1.3311
Src_cls_loss	: 0.2831
-------------------------------------
[Epoch : 23/40]
Total_loss	: 4.9454
Domain_loss	: 1.3318
Src_cls_loss	: 0.2799
-------------------------------------
[Epoch : 24/40]
Total_loss	: 4.9295
Domain_loss	: 1.3327
Src_cls_loss	: 0.2765
-------------------------------------
[Epoch : 25/40]
Total_loss	: 4.9160
Domain_loss	: 1.3334
Src_cls_loss	: 0.2735
-------------------------------------
[Epoch : 26/40]
Total_loss	: 4.9029
Domain_loss	: 1.3340
Src_cls_loss	: 0.2708
-------------------------------------
[Epoch : 27/40]
Total_loss	: 4.8886
Domain_loss	: 1.3349
Src_cls_loss	: 0.2676
-------------------------------------
[Epoch : 28/40]
Total_loss	: 4.8731
Domain_loss	: 1.3350
Src_cls_loss	: 0.2646
-------------------------------------
[Epoch : 29/40]
Total_loss	: 4.8617
Domain_loss	: 1.3357
Src_cls_loss	: 0.2621
-------------------------------------
[Epoch : 30/40]
Total_loss	: 4.8511
Domain_loss	: 1.3364
Src_cls_loss	: 0.2597
-------------------------------------
[Epoch : 31/40]
Total_loss	: 4.8408
Domain_loss	: 1.3370
Src_cls_loss	: 0.2575
-------------------------------------
[Epoch : 32/40]
Total_loss	: 4.8297
Domain_loss	: 1.3377
Src_cls_loss	: 0.2551
-------------------------------------
[Epoch : 33/40]
Total_loss	: 4.8176
Domain_loss	: 1.3378
Src_cls_loss	: 0.2527
-------------------------------------
[Epoch : 34/40]
Total_loss	: 4.8087
Domain_loss	: 1.3386
Src_cls_loss	: 0.2506
-------------------------------------
[Epoch : 35/40]
Total_loss	: 4.7988
Domain_loss	: 1.3393
Src_cls_loss	: 0.2484
-------------------------------------
[Epoch : 36/40]
Total_loss	: 4.7884
Domain_loss	: 1.3394
Src_cls_loss	: 0.2464
-------------------------------------
[Epoch : 37/40]
Total_loss	: 4.7802
Domain_loss	: 1.3398
Src_cls_loss	: 0.2447
-------------------------------------
[Epoch : 38/40]
Total_loss	: 4.7716
Domain_loss	: 1.3405
Src_cls_loss	: 0.2427
-------------------------------------
[Epoch : 39/40]
Total_loss	: 4.7634
Domain_loss	: 1.3409
Src_cls_loss	: 0.2409
-------------------------------------
[Epoch : 40/40]
Total_loss	: 4.7568
Domain_loss	: 1.3415
Src_cls_loss	: 0.2393
-------------------------------------
