=============================================
Dataset: mobiact_pamap
Method:  NO_ADAPT
=============================================
Source: df ---> Target: dp_66
Run ID: 8
=============================================
[Epoch : 1/40]
Src_cls_loss	: 0.5311
-------------------------------------
[Epoch : 2/40]
Src_cls_loss	: 0.4395
-------------------------------------
[Epoch : 3/40]
Src_cls_loss	: 0.3809
-------------------------------------
[Epoch : 4/40]
Src_cls_loss	: 0.3418
-------------------------------------
[Epoch : 5/40]
Src_cls_loss	: 0.3090
-------------------------------------
[Epoch : 6/40]
Src_cls_loss	: 0.2833
-------------------------------------
[Epoch : 7/40]
Src_cls_loss	: 0.2623
-------------------------------------
[Epoch : 8/40]
Src_cls_loss	: 0.2454
-------------------------------------
[Epoch : 9/40]
Src_cls_loss	: 0.2296
-------------------------------------
[Epoch : 10/40]
Src_cls_loss	: 0.2164
-------------------------------------
[Epoch : 11/40]
Src_cls_loss	: 0.2044
-------------------------------------
[Epoch : 12/40]
Src_cls_loss	: 0.1951
-------------------------------------
[Epoch : 13/40]
Src_cls_loss	: 0.1864
-------------------------------------
[Epoch : 14/40]
Src_cls_loss	: 0.1785
-------------------------------------
[Epoch : 15/40]
Src_cls_loss	: 0.1715
-------------------------------------
[Epoch : 16/40]
Src_cls_loss	: 0.1651
-------------------------------------
[Epoch : 17/40]
Src_cls_loss	: 0.1592
-------------------------------------
[Epoch : 18/40]
Src_cls_loss	: 0.1541
-------------------------------------
[Epoch : 19/40]
Src_cls_loss	: 0.1490
-------------------------------------
[Epoch : 20/40]
Src_cls_loss	: 0.1444
-------------------------------------
[Epoch : 21/40]
Src_cls_loss	: 0.1404
-------------------------------------
[Epoch : 22/40]
Src_cls_loss	: 0.1366
-------------------------------------
[Epoch : 23/40]
Src_cls_loss	: 0.1330
-------------------------------------
[Epoch : 24/40]
Src_cls_loss	: 0.1294
-------------------------------------
[Epoch : 25/40]
Src_cls_loss	: 0.1263
-------------------------------------
[Epoch : 26/40]
Src_cls_loss	: 0.1234
-------------------------------------
[Epoch : 27/40]
Src_cls_loss	: 0.1206
-------------------------------------
[Epoch : 28/40]
Src_cls_loss	: 0.1181
-------------------------------------
[Epoch : 29/40]
Src_cls_loss	: 0.1159
-------------------------------------
[Epoch : 30/40]
Src_cls_loss	: 0.1137
-------------------------------------
[Epoch : 31/40]
Src_cls_loss	: 0.1114
-------------------------------------
[Epoch : 32/40]
Src_cls_loss	: 0.1092
-------------------------------------
[Epoch : 33/40]
Src_cls_loss	: 0.1072
-------------------------------------
[Epoch : 34/40]
Src_cls_loss	: 0.1054
-------------------------------------
[Epoch : 35/40]
Src_cls_loss	: 0.1035
-------------------------------------
[Epoch : 36/40]
Src_cls_loss	: 0.1017
-------------------------------------
[Epoch : 37/40]
Src_cls_loss	: 0.1002
-------------------------------------
[Epoch : 38/40]
Src_cls_loss	: 0.0986
-------------------------------------
[Epoch : 39/40]
Src_cls_loss	: 0.0972
-------------------------------------
[Epoch : 40/40]
Src_cls_loss	: 0.0958
-------------------------------------
