=============================================
Dataset: pamap_realworld
Method:  NO_ADAPT
=============================================
Source: syn_16 ---> Target: dp_16
Run ID: 4
=============================================
[Epoch : 1/40]
Src_cls_loss	: 0.3387
-------------------------------------
[Epoch : 2/40]
Src_cls_loss	: 0.2049
-------------------------------------
[Epoch : 3/40]
Src_cls_loss	: 0.1518
-------------------------------------
[Epoch : 4/40]
Src_cls_loss	: 0.1213
-------------------------------------
[Epoch : 5/40]
Src_cls_loss	: 0.1013
-------------------------------------
[Epoch : 6/40]
Src_cls_loss	: 0.0869
-------------------------------------
[Epoch : 7/40]
Src_cls_loss	: 0.0764
-------------------------------------
[Epoch : 8/40]
Src_cls_loss	: 0.0684
-------------------------------------
[Epoch : 9/40]
Src_cls_loss	: 0.0620
-------------------------------------
[Epoch : 10/40]
Src_cls_loss	: 0.0564
-------------------------------------
[Epoch : 11/40]
Src_cls_loss	: 0.0523
-------------------------------------
[Epoch : 12/40]
Src_cls_loss	: 0.0484
-------------------------------------
[Epoch : 13/40]
Src_cls_loss	: 0.0451
-------------------------------------
[Epoch : 14/40]
Src_cls_loss	: 0.0423
-------------------------------------
[Epoch : 15/40]
Src_cls_loss	: 0.0400
-------------------------------------
[Epoch : 16/40]
Src_cls_loss	: 0.0380
-------------------------------------
[Epoch : 17/40]
Src_cls_loss	: 0.0360
-------------------------------------
[Epoch : 18/40]
Src_cls_loss	: 0.0341
-------------------------------------
[Epoch : 19/40]
Src_cls_loss	: 0.0326
-------------------------------------
[Epoch : 20/40]
Src_cls_loss	: 0.0312
-------------------------------------
[Epoch : 21/40]
Src_cls_loss	: 0.0300
-------------------------------------
[Epoch : 22/40]
Src_cls_loss	: 0.0288
-------------------------------------
[Epoch : 23/40]
Src_cls_loss	: 0.0276
-------------------------------------
[Epoch : 24/40]
Src_cls_loss	: 0.0269
-------------------------------------
[Epoch : 25/40]
Src_cls_loss	: 0.0261
-------------------------------------
[Epoch : 26/40]
Src_cls_loss	: 0.0252
-------------------------------------
[Epoch : 27/40]
Src_cls_loss	: 0.0244
-------------------------------------
[Epoch : 28/40]
Src_cls_loss	: 0.0237
-------------------------------------
[Epoch : 29/40]
Src_cls_loss	: 0.0230
-------------------------------------
[Epoch : 30/40]
Src_cls_loss	: 0.0224
-------------------------------------
[Epoch : 31/40]
Src_cls_loss	: 0.0217
-------------------------------------
[Epoch : 32/40]
Src_cls_loss	: 0.0211
-------------------------------------
[Epoch : 33/40]
Src_cls_loss	: 0.0205
-------------------------------------
[Epoch : 34/40]
Src_cls_loss	: 0.0199
-------------------------------------
[Epoch : 35/40]
Src_cls_loss	: 0.0194
-------------------------------------
[Epoch : 36/40]
Src_cls_loss	: 0.0189
-------------------------------------
[Epoch : 37/40]
Src_cls_loss	: 0.0187
-------------------------------------
[Epoch : 38/40]
Src_cls_loss	: 0.0182
-------------------------------------
[Epoch : 39/40]
Src_cls_loss	: 0.0178
-------------------------------------
[Epoch : 40/40]
Src_cls_loss	: 0.0175
-------------------------------------
