=============================================
Dataset: mobiact_pamap
Method:  SYN
=============================================
Source: syn_wal_61 ---> Target: dp_wal_61
Run ID: 0
=============================================
[Epoch : 1/40]
Src_cls_loss	: 0.8349
-------------------------------------
[Epoch : 2/40]
Src_cls_loss	: 0.6227
-------------------------------------
[Epoch : 3/40]
Src_cls_loss	: 0.5014
-------------------------------------
[Epoch : 4/40]
Src_cls_loss	: 0.4188
-------------------------------------
[Epoch : 5/40]
Src_cls_loss	: 0.3628
-------------------------------------
[Epoch : 6/40]
Src_cls_loss	: 0.3178
-------------------------------------
[Epoch : 7/40]
Src_cls_loss	: 0.2838
-------------------------------------
[Epoch : 8/40]
Src_cls_loss	: 0.2562
-------------------------------------
[Epoch : 9/40]
Src_cls_loss	: 0.2331
-------------------------------------
[Epoch : 10/40]
Src_cls_loss	: 0.2162
-------------------------------------
[Epoch : 11/40]
Src_cls_loss	: 0.1998
-------------------------------------
[Epoch : 12/40]
Src_cls_loss	: 0.1881
-------------------------------------
[Epoch : 13/40]
Src_cls_loss	: 0.1761
-------------------------------------
[Epoch : 14/40]
Src_cls_loss	: 0.1667
-------------------------------------
[Epoch : 15/40]
Src_cls_loss	: 0.1574
-------------------------------------
[Epoch : 16/40]
Src_cls_loss	: 0.1487
-------------------------------------
[Epoch : 17/40]
Src_cls_loss	: 0.1409
-------------------------------------
[Epoch : 18/40]
Src_cls_loss	: 0.1338
-------------------------------------
[Epoch : 19/40]
Src_cls_loss	: 0.1274
-------------------------------------
[Epoch : 20/40]
Src_cls_loss	: 0.1217
-------------------------------------
[Epoch : 21/40]
Src_cls_loss	: 0.1162
-------------------------------------
[Epoch : 22/40]
Src_cls_loss	: 0.1113
-------------------------------------
[Epoch : 23/40]
Src_cls_loss	: 0.1067
-------------------------------------
[Epoch : 24/40]
Src_cls_loss	: 0.1026
-------------------------------------
[Epoch : 25/40]
Src_cls_loss	: 0.0988
-------------------------------------
[Epoch : 26/40]
Src_cls_loss	: 0.0953
-------------------------------------
[Epoch : 27/40]
Src_cls_loss	: 0.0921
-------------------------------------
[Epoch : 28/40]
Src_cls_loss	: 0.0891
-------------------------------------
[Epoch : 29/40]
Src_cls_loss	: 0.0863
-------------------------------------
[Epoch : 30/40]
Src_cls_loss	: 0.0837
-------------------------------------
[Epoch : 31/40]
Src_cls_loss	: 0.0813
-------------------------------------
[Epoch : 32/40]
Src_cls_loss	: 0.0791
-------------------------------------
[Epoch : 33/40]
Src_cls_loss	: 0.0770
-------------------------------------
[Epoch : 34/40]
Src_cls_loss	: 0.0749
-------------------------------------
[Epoch : 35/40]
Src_cls_loss	: 0.0731
-------------------------------------
[Epoch : 36/40]
Src_cls_loss	: 0.0712
-------------------------------------
[Epoch : 37/40]
Src_cls_loss	: 0.0694
-------------------------------------
[Epoch : 38/40]
Src_cls_loss	: 0.0677
-------------------------------------
[Epoch : 39/40]
Src_cls_loss	: 0.0661
-------------------------------------
[Epoch : 40/40]
Src_cls_loss	: 0.0645
-------------------------------------
