=============================================
Dataset: realworld_mobiact
Method:  SYN
=============================================
Source: syn_wal_45 ---> Target: dp_wal_45
Run ID: 3
=============================================
[Epoch : 1/40]
Src_cls_loss	: 0.8565
-------------------------------------
[Epoch : 2/40]
Src_cls_loss	: 0.6609
-------------------------------------
[Epoch : 3/40]
Src_cls_loss	: 0.5136
-------------------------------------
[Epoch : 4/40]
Src_cls_loss	: 0.4083
-------------------------------------
[Epoch : 5/40]
Src_cls_loss	: 0.3409
-------------------------------------
[Epoch : 6/40]
Src_cls_loss	: 0.2915
-------------------------------------
[Epoch : 7/40]
Src_cls_loss	: 0.2538
-------------------------------------
[Epoch : 8/40]
Src_cls_loss	: 0.2254
-------------------------------------
[Epoch : 9/40]
Src_cls_loss	: 0.2028
-------------------------------------
[Epoch : 10/40]
Src_cls_loss	: 0.1845
-------------------------------------
[Epoch : 11/40]
Src_cls_loss	: 0.1692
-------------------------------------
[Epoch : 12/40]
Src_cls_loss	: 0.1562
-------------------------------------
[Epoch : 13/40]
Src_cls_loss	: 0.1450
-------------------------------------
[Epoch : 14/40]
Src_cls_loss	: 0.1353
-------------------------------------
[Epoch : 15/40]
Src_cls_loss	: 0.1270
-------------------------------------
[Epoch : 16/40]
Src_cls_loss	: 0.1194
-------------------------------------
[Epoch : 17/40]
Src_cls_loss	: 0.1128
-------------------------------------
[Epoch : 18/40]
Src_cls_loss	: 0.1070
-------------------------------------
[Epoch : 19/40]
Src_cls_loss	: 0.1017
-------------------------------------
[Epoch : 20/40]
Src_cls_loss	: 0.0969
-------------------------------------
[Epoch : 21/40]
Src_cls_loss	: 0.0927
-------------------------------------
[Epoch : 22/40]
Src_cls_loss	: 0.0888
-------------------------------------
[Epoch : 23/40]
Src_cls_loss	: 0.0851
-------------------------------------
[Epoch : 24/40]
Src_cls_loss	: 0.0817
-------------------------------------
[Epoch : 25/40]
Src_cls_loss	: 0.0786
-------------------------------------
[Epoch : 26/40]
Src_cls_loss	: 0.0757
-------------------------------------
[Epoch : 27/40]
Src_cls_loss	: 0.0731
-------------------------------------
[Epoch : 28/40]
Src_cls_loss	: 0.0706
-------------------------------------
[Epoch : 29/40]
Src_cls_loss	: 0.0682
-------------------------------------
[Epoch : 30/40]
Src_cls_loss	: 0.0660
-------------------------------------
[Epoch : 31/40]
Src_cls_loss	: 0.0640
-------------------------------------
[Epoch : 32/40]
Src_cls_loss	: 0.0621
-------------------------------------
[Epoch : 33/40]
Src_cls_loss	: 0.0603
-------------------------------------
[Epoch : 34/40]
Src_cls_loss	: 0.0586
-------------------------------------
[Epoch : 35/40]
Src_cls_loss	: 0.0570
-------------------------------------
[Epoch : 36/40]
Src_cls_loss	: 0.0554
-------------------------------------
[Epoch : 37/40]
Src_cls_loss	: 0.0540
-------------------------------------
[Epoch : 38/40]
Src_cls_loss	: 0.0526
-------------------------------------
[Epoch : 39/40]
Src_cls_loss	: 0.0513
-------------------------------------
[Epoch : 40/40]
Src_cls_loss	: 0.0501
-------------------------------------
