=============================================
Dataset: pamap_realworld
Method:  DANN
=============================================
Source: df ---> Target: dp_wal_7
Run ID: 0
=============================================
[Epoch : 1/40]
Total_loss	: 6.8591
Domain_loss	: 1.0982
Src_cls_loss	: 0.7583
-------------------------------------
[Epoch : 2/40]
Total_loss	: 6.5231
Domain_loss	: 1.1398
Src_cls_loss	: 0.6740
-------------------------------------
[Epoch : 3/40]
Total_loss	: 6.3556
Domain_loss	: 1.1684
Src_cls_loss	: 0.6281
-------------------------------------
[Epoch : 4/40]
Total_loss	: 6.0676
Domain_loss	: 1.1732
Src_cls_loss	: 0.5712
-------------------------------------
[Epoch : 5/40]
Total_loss	: 5.8890
Domain_loss	: 1.1787
Src_cls_loss	: 0.5345
-------------------------------------
[Epoch : 6/40]
Total_loss	: 5.7575
Domain_loss	: 1.1843
Src_cls_loss	: 0.5068
-------------------------------------
[Epoch : 7/40]
Total_loss	: 5.6564
Domain_loss	: 1.1935
Src_cls_loss	: 0.4831
-------------------------------------
[Epoch : 8/40]
Total_loss	: 5.5442
Domain_loss	: 1.2001
Src_cls_loss	: 0.4586
-------------------------------------
[Epoch : 9/40]
Total_loss	: 5.4704
Domain_loss	: 1.2045
Src_cls_loss	: 0.4424
-------------------------------------
[Epoch : 10/40]
Total_loss	: 5.3877
Domain_loss	: 1.2102
Src_cls_loss	: 0.4239
-------------------------------------
[Epoch : 11/40]
Total_loss	: 5.2874
Domain_loss	: 1.2055
Src_cls_loss	: 0.4072
-------------------------------------
[Epoch : 12/40]
Total_loss	: 5.2078
Domain_loss	: 1.2076
Src_cls_loss	: 0.3911
-------------------------------------
[Epoch : 13/40]
Total_loss	: 5.1494
Domain_loss	: 1.2094
Src_cls_loss	: 0.3791
-------------------------------------
[Epoch : 14/40]
Total_loss	: 5.0981
Domain_loss	: 1.2122
Src_cls_loss	: 0.3680
-------------------------------------
[Epoch : 15/40]
Total_loss	: 5.0622
Domain_loss	: 1.2163
Src_cls_loss	: 0.3592
-------------------------------------
[Epoch : 16/40]
Total_loss	: 5.0211
Domain_loss	: 1.2199
Src_cls_loss	: 0.3496
-------------------------------------
[Epoch : 17/40]
Total_loss	: 4.9959
Domain_loss	: 1.2250
Src_cls_loss	: 0.3423
-------------------------------------
[Epoch : 18/40]
Total_loss	: 4.9639
Domain_loss	: 1.2286
Src_cls_loss	: 0.3344
-------------------------------------
[Epoch : 19/40]
Total_loss	: 4.9419
Domain_loss	: 1.2311
Src_cls_loss	: 0.3290
-------------------------------------
[Epoch : 20/40]
Total_loss	: 4.8967
Domain_loss	: 1.2303
Src_cls_loss	: 0.3208
-------------------------------------
[Epoch : 21/40]
Total_loss	: 4.8685
Domain_loss	: 1.2307
Src_cls_loss	: 0.3153
-------------------------------------
[Epoch : 22/40]
Total_loss	: 4.8383
Domain_loss	: 1.2328
Src_cls_loss	: 0.3085
-------------------------------------
[Epoch : 23/40]
Total_loss	: 4.8198
Domain_loss	: 1.2360
Src_cls_loss	: 0.3035
-------------------------------------
[Epoch : 24/40]
Total_loss	: 4.7948
Domain_loss	: 1.2390
Src_cls_loss	: 0.2972
-------------------------------------
[Epoch : 25/40]
Total_loss	: 4.7736
Domain_loss	: 1.2412
Src_cls_loss	: 0.2921
-------------------------------------
[Epoch : 26/40]
Total_loss	: 4.7556
Domain_loss	: 1.2437
Src_cls_loss	: 0.2874
-------------------------------------
[Epoch : 27/40]
Total_loss	: 4.7337
Domain_loss	: 1.2449
Src_cls_loss	: 0.2827
-------------------------------------
[Epoch : 28/40]
Total_loss	: 4.7146
Domain_loss	: 1.2470
Src_cls_loss	: 0.2781
-------------------------------------
[Epoch : 29/40]
Total_loss	: 4.7028
Domain_loss	: 1.2505
Src_cls_loss	: 0.2741
-------------------------------------
[Epoch : 30/40]
Total_loss	: 4.6958
Domain_loss	: 1.2534
Src_cls_loss	: 0.2713
-------------------------------------
[Epoch : 31/40]
Total_loss	: 4.6747
Domain_loss	: 1.2532
Src_cls_loss	: 0.2674
-------------------------------------
[Epoch : 32/40]
Total_loss	: 4.6589
Domain_loss	: 1.2549
Src_cls_loss	: 0.2636
-------------------------------------
[Epoch : 33/40]
Total_loss	: 4.6408
Domain_loss	: 1.2546
Src_cls_loss	: 0.2603
-------------------------------------
[Epoch : 34/40]
Total_loss	: 4.6241
Domain_loss	: 1.2552
Src_cls_loss	: 0.2568
-------------------------------------
[Epoch : 35/40]
Total_loss	: 4.6172
Domain_loss	: 1.2572
Src_cls_loss	: 0.2545
-------------------------------------
[Epoch : 36/40]
Total_loss	: 4.6064
Domain_loss	: 1.2588
Src_cls_loss	: 0.2517
-------------------------------------
[Epoch : 37/40]
Total_loss	: 4.5925
Domain_loss	: 1.2599
Src_cls_loss	: 0.2485
-------------------------------------
[Epoch : 38/40]
Total_loss	: 4.5795
Domain_loss	: 1.2615
Src_cls_loss	: 0.2452
-------------------------------------
[Epoch : 39/40]
Total_loss	: 4.5661
Domain_loss	: 1.2625
Src_cls_loss	: 0.2422
-------------------------------------
[Epoch : 40/40]
Total_loss	: 4.5608
Domain_loss	: 1.2654
Src_cls_loss	: 0.2398
-------------------------------------
