=============================================
Dataset: pamap_mobiact
Method:  NO_ADAPT
=============================================
Source: syn_12 ---> Target: dp_12
Run ID: 9
=============================================
[Epoch : 1/40]
Src_cls_loss	: 0.5880
-------------------------------------
[Epoch : 2/40]
Src_cls_loss	: 0.4601
-------------------------------------
[Epoch : 3/40]
Src_cls_loss	: 0.3682
-------------------------------------
[Epoch : 4/40]
Src_cls_loss	: 0.3117
-------------------------------------
[Epoch : 5/40]
Src_cls_loss	: 0.2698
-------------------------------------
[Epoch : 6/40]
Src_cls_loss	: 0.2376
-------------------------------------
[Epoch : 7/40]
Src_cls_loss	: 0.2139
-------------------------------------
[Epoch : 8/40]
Src_cls_loss	: 0.1955
-------------------------------------
[Epoch : 9/40]
Src_cls_loss	: 0.1800
-------------------------------------
[Epoch : 10/40]
Src_cls_loss	: 0.1661
-------------------------------------
[Epoch : 11/40]
Src_cls_loss	: 0.1534
-------------------------------------
[Epoch : 12/40]
Src_cls_loss	: 0.1442
-------------------------------------
[Epoch : 13/40]
Src_cls_loss	: 0.1376
-------------------------------------
[Epoch : 14/40]
Src_cls_loss	: 0.1307
-------------------------------------
[Epoch : 15/40]
Src_cls_loss	: 0.1233
-------------------------------------
[Epoch : 16/40]
Src_cls_loss	: 0.1169
-------------------------------------
[Epoch : 17/40]
Src_cls_loss	: 0.1111
-------------------------------------
[Epoch : 18/40]
Src_cls_loss	: 0.1058
-------------------------------------
[Epoch : 19/40]
Src_cls_loss	: 0.1010
-------------------------------------
[Epoch : 20/40]
Src_cls_loss	: 0.0965
-------------------------------------
[Epoch : 21/40]
Src_cls_loss	: 0.0926
-------------------------------------
[Epoch : 22/40]
Src_cls_loss	: 0.0888
-------------------------------------
[Epoch : 23/40]
Src_cls_loss	: 0.0857
-------------------------------------
[Epoch : 24/40]
Src_cls_loss	: 0.0828
-------------------------------------
[Epoch : 25/40]
Src_cls_loss	: 0.0799
-------------------------------------
[Epoch : 26/40]
Src_cls_loss	: 0.0774
-------------------------------------
[Epoch : 27/40]
Src_cls_loss	: 0.0748
-------------------------------------
[Epoch : 28/40]
Src_cls_loss	: 0.0723
-------------------------------------
[Epoch : 29/40]
Src_cls_loss	: 0.0700
-------------------------------------
[Epoch : 30/40]
Src_cls_loss	: 0.0679
-------------------------------------
[Epoch : 31/40]
Src_cls_loss	: 0.0659
-------------------------------------
[Epoch : 32/40]
Src_cls_loss	: 0.0640
-------------------------------------
[Epoch : 33/40]
Src_cls_loss	: 0.0624
-------------------------------------
[Epoch : 34/40]
Src_cls_loss	: 0.0609
-------------------------------------
[Epoch : 35/40]
Src_cls_loss	: 0.0594
-------------------------------------
[Epoch : 36/40]
Src_cls_loss	: 0.0580
-------------------------------------
[Epoch : 37/40]
Src_cls_loss	: 0.0565
-------------------------------------
[Epoch : 38/40]
Src_cls_loss	: 0.0551
-------------------------------------
[Epoch : 39/40]
Src_cls_loss	: 0.0538
-------------------------------------
[Epoch : 40/40]
Src_cls_loss	: 0.0527
-------------------------------------
