=============================================
Dataset: realworld_mobiact
Method:  SYN
=============================================
Source: syn_wal_61 ---> Target: dp_wal_61
Run ID: 4
=============================================
[Epoch : 1/40]
Src_cls_loss	: 0.8180
-------------------------------------
[Epoch : 2/40]
Src_cls_loss	: 0.6485
-------------------------------------
[Epoch : 3/40]
Src_cls_loss	: 0.5138
-------------------------------------
[Epoch : 4/40]
Src_cls_loss	: 0.4175
-------------------------------------
[Epoch : 5/40]
Src_cls_loss	: 0.3474
-------------------------------------
[Epoch : 6/40]
Src_cls_loss	: 0.2973
-------------------------------------
[Epoch : 7/40]
Src_cls_loss	: 0.2595
-------------------------------------
[Epoch : 8/40]
Src_cls_loss	: 0.2322
-------------------------------------
[Epoch : 9/40]
Src_cls_loss	: 0.2090
-------------------------------------
[Epoch : 10/40]
Src_cls_loss	: 0.1899
-------------------------------------
[Epoch : 11/40]
Src_cls_loss	: 0.1743
-------------------------------------
[Epoch : 12/40]
Src_cls_loss	: 0.1608
-------------------------------------
[Epoch : 13/40]
Src_cls_loss	: 0.1493
-------------------------------------
[Epoch : 14/40]
Src_cls_loss	: 0.1393
-------------------------------------
[Epoch : 15/40]
Src_cls_loss	: 0.1307
-------------------------------------
[Epoch : 16/40]
Src_cls_loss	: 0.1233
-------------------------------------
[Epoch : 17/40]
Src_cls_loss	: 0.1165
-------------------------------------
[Epoch : 18/40]
Src_cls_loss	: 0.1104
-------------------------------------
[Epoch : 19/40]
Src_cls_loss	: 0.1049
-------------------------------------
[Epoch : 20/40]
Src_cls_loss	: 0.1000
-------------------------------------
[Epoch : 21/40]
Src_cls_loss	: 0.0954
-------------------------------------
[Epoch : 22/40]
Src_cls_loss	: 0.0913
-------------------------------------
[Epoch : 23/40]
Src_cls_loss	: 0.0876
-------------------------------------
[Epoch : 24/40]
Src_cls_loss	: 0.0845
-------------------------------------
[Epoch : 25/40]
Src_cls_loss	: 0.0813
-------------------------------------
[Epoch : 26/40]
Src_cls_loss	: 0.0784
-------------------------------------
[Epoch : 27/40]
Src_cls_loss	: 0.0756
-------------------------------------
[Epoch : 28/40]
Src_cls_loss	: 0.0731
-------------------------------------
[Epoch : 29/40]
Src_cls_loss	: 0.0706
-------------------------------------
[Epoch : 30/40]
Src_cls_loss	: 0.0685
-------------------------------------
[Epoch : 31/40]
Src_cls_loss	: 0.0664
-------------------------------------
[Epoch : 32/40]
Src_cls_loss	: 0.0644
-------------------------------------
[Epoch : 33/40]
Src_cls_loss	: 0.0626
-------------------------------------
[Epoch : 34/40]
Src_cls_loss	: 0.0609
-------------------------------------
[Epoch : 35/40]
Src_cls_loss	: 0.0592
-------------------------------------
[Epoch : 36/40]
Src_cls_loss	: 0.0576
-------------------------------------
[Epoch : 37/40]
Src_cls_loss	: 0.0562
-------------------------------------
[Epoch : 38/40]
Src_cls_loss	: 0.0548
-------------------------------------
[Epoch : 39/40]
Src_cls_loss	: 0.0535
-------------------------------------
[Epoch : 40/40]
Src_cls_loss	: 0.0522
-------------------------------------
