=============================================
Dataset: realworld_mobiact
Method:  DANN
=============================================
Source: df ---> Target: dp_wal_55
Run ID: 0
=============================================
[Epoch : 1/40]
Total_loss	: 5.4277
Domain_loss	: 1.1846
Src_cls_loss	: 0.4441
-------------------------------------
[Epoch : 2/40]
Total_loss	: 5.0917
Domain_loss	: 1.2139
Src_cls_loss	: 0.3659
-------------------------------------
[Epoch : 3/40]
Total_loss	: 4.9187
Domain_loss	: 1.2327
Src_cls_loss	: 0.3238
-------------------------------------
[Epoch : 4/40]
Total_loss	: 4.8330
Domain_loss	: 1.2465
Src_cls_loss	: 0.3008
-------------------------------------
[Epoch : 5/40]
Total_loss	: 4.7644
Domain_loss	: 1.2609
Src_cls_loss	: 0.2806
-------------------------------------
[Epoch : 6/40]
Total_loss	: 4.7100
Domain_loss	: 1.2698
Src_cls_loss	: 0.2659
-------------------------------------
[Epoch : 7/40]
Total_loss	: 4.6712
Domain_loss	: 1.2810
Src_cls_loss	: 0.2530
-------------------------------------
[Epoch : 8/40]
Total_loss	: 4.6193
Domain_loss	: 1.2853
Src_cls_loss	: 0.2411
-------------------------------------
[Epoch : 9/40]
Total_loss	: 4.5899
Domain_loss	: 1.2894
Src_cls_loss	: 0.2334
-------------------------------------
[Epoch : 10/40]
Total_loss	: 4.5585
Domain_loss	: 1.2932
Src_cls_loss	: 0.2256
-------------------------------------
[Epoch : 11/40]
Total_loss	: 4.5264
Domain_loss	: 1.2934
Src_cls_loss	: 0.2194
-------------------------------------
[Epoch : 12/40]
Total_loss	: 4.5057
Domain_loss	: 1.2957
Src_cls_loss	: 0.2144
-------------------------------------
[Epoch : 13/40]
Total_loss	: 4.4829
Domain_loss	: 1.2982
Src_cls_loss	: 0.2088
-------------------------------------
[Epoch : 14/40]
Total_loss	: 4.4650
Domain_loss	: 1.3029
Src_cls_loss	: 0.2031
-------------------------------------
[Epoch : 15/40]
Total_loss	: 4.4486
Domain_loss	: 1.3057
Src_cls_loss	: 0.1986
-------------------------------------
[Epoch : 16/40]
Total_loss	: 4.4287
Domain_loss	: 1.3068
Src_cls_loss	: 0.1943
-------------------------------------
[Epoch : 17/40]
Total_loss	: 4.4101
Domain_loss	: 1.3079
Src_cls_loss	: 0.1902
-------------------------------------
[Epoch : 18/40]
Total_loss	: 4.3953
Domain_loss	: 1.3107
Src_cls_loss	: 0.1860
-------------------------------------
[Epoch : 19/40]
Total_loss	: 4.3792
Domain_loss	: 1.3126
Src_cls_loss	: 0.1820
-------------------------------------
[Epoch : 20/40]
Total_loss	: 4.3647
Domain_loss	: 1.3147
Src_cls_loss	: 0.1782
-------------------------------------
[Epoch : 21/40]
Total_loss	: 4.3490
Domain_loss	: 1.3163
Src_cls_loss	: 0.1745
-------------------------------------
[Epoch : 22/40]
Total_loss	: 4.3385
Domain_loss	: 1.3181
Src_cls_loss	: 0.1716
-------------------------------------
[Epoch : 23/40]
Total_loss	: 4.3287
Domain_loss	: 1.3205
Src_cls_loss	: 0.1685
-------------------------------------
[Epoch : 24/40]
Total_loss	: 4.3175
Domain_loss	: 1.3223
Src_cls_loss	: 0.1655
-------------------------------------
[Epoch : 25/40]
Total_loss	: 4.3067
Domain_loss	: 1.3244
Src_cls_loss	: 0.1625
-------------------------------------
[Epoch : 26/40]
Total_loss	: 4.2965
Domain_loss	: 1.3262
Src_cls_loss	: 0.1596
-------------------------------------
[Epoch : 27/40]
Total_loss	: 4.2843
Domain_loss	: 1.3274
Src_cls_loss	: 0.1567
-------------------------------------
[Epoch : 28/40]
Total_loss	: 4.2751
Domain_loss	: 1.3290
Src_cls_loss	: 0.1542
-------------------------------------
[Epoch : 29/40]
Total_loss	: 4.2675
Domain_loss	: 1.3306
Src_cls_loss	: 0.1519
-------------------------------------
[Epoch : 30/40]
Total_loss	: 4.2574
Domain_loss	: 1.3315
Src_cls_loss	: 0.1496
-------------------------------------
[Epoch : 31/40]
Total_loss	: 4.2487
Domain_loss	: 1.3319
Src_cls_loss	: 0.1477
-------------------------------------
[Epoch : 32/40]
Total_loss	: 4.2408
Domain_loss	: 1.3324
Src_cls_loss	: 0.1460
-------------------------------------
[Epoch : 33/40]
Total_loss	: 4.2323
Domain_loss	: 1.3330
Src_cls_loss	: 0.1441
-------------------------------------
[Epoch : 34/40]
Total_loss	: 4.2241
Domain_loss	: 1.3339
Src_cls_loss	: 0.1421
-------------------------------------
[Epoch : 35/40]
Total_loss	: 4.2165
Domain_loss	: 1.3347
Src_cls_loss	: 0.1402
-------------------------------------
[Epoch : 36/40]
Total_loss	: 4.2101
Domain_loss	: 1.3354
Src_cls_loss	: 0.1387
-------------------------------------
[Epoch : 37/40]
Total_loss	: 4.2011
Domain_loss	: 1.3357
Src_cls_loss	: 0.1368
-------------------------------------
[Epoch : 38/40]
Total_loss	: 4.1948
Domain_loss	: 1.3368
Src_cls_loss	: 0.1351
-------------------------------------
[Epoch : 39/40]
Total_loss	: 4.1881
Domain_loss	: 1.3379
Src_cls_loss	: 0.1333
-------------------------------------
[Epoch : 40/40]
Total_loss	: 4.1809
Domain_loss	: 1.3382
Src_cls_loss	: 0.1318
-------------------------------------
