=============================================
Dataset: mobiact_realworld
Method:  NO_ADAPT
=============================================
Source: syn_61 ---> Target: dp_61
Run ID: 9
=============================================
[Epoch : 1/40]
Src_cls_loss	: 0.5704
-------------------------------------
[Epoch : 2/40]
Src_cls_loss	: 0.3959
-------------------------------------
[Epoch : 3/40]
Src_cls_loss	: 0.3119
-------------------------------------
[Epoch : 4/40]
Src_cls_loss	: 0.2596
-------------------------------------
[Epoch : 5/40]
Src_cls_loss	: 0.2261
-------------------------------------
[Epoch : 6/40]
Src_cls_loss	: 0.2008
-------------------------------------
[Epoch : 7/40]
Src_cls_loss	: 0.1812
-------------------------------------
[Epoch : 8/40]
Src_cls_loss	: 0.1669
-------------------------------------
[Epoch : 9/40]
Src_cls_loss	: 0.1538
-------------------------------------
[Epoch : 10/40]
Src_cls_loss	: 0.1425
-------------------------------------
[Epoch : 11/40]
Src_cls_loss	: 0.1342
-------------------------------------
[Epoch : 12/40]
Src_cls_loss	: 0.1269
-------------------------------------
[Epoch : 13/40]
Src_cls_loss	: 0.1201
-------------------------------------
[Epoch : 14/40]
Src_cls_loss	: 0.1143
-------------------------------------
[Epoch : 15/40]
Src_cls_loss	: 0.1092
-------------------------------------
[Epoch : 16/40]
Src_cls_loss	: 0.1046
-------------------------------------
[Epoch : 17/40]
Src_cls_loss	: 0.1001
-------------------------------------
[Epoch : 18/40]
Src_cls_loss	: 0.0962
-------------------------------------
[Epoch : 19/40]
Src_cls_loss	: 0.0924
-------------------------------------
[Epoch : 20/40]
Src_cls_loss	: 0.0892
-------------------------------------
[Epoch : 21/40]
Src_cls_loss	: 0.0866
-------------------------------------
[Epoch : 22/40]
Src_cls_loss	: 0.0842
-------------------------------------
[Epoch : 23/40]
Src_cls_loss	: 0.0815
-------------------------------------
[Epoch : 24/40]
Src_cls_loss	: 0.0788
-------------------------------------
[Epoch : 25/40]
Src_cls_loss	: 0.0767
-------------------------------------
[Epoch : 26/40]
Src_cls_loss	: 0.0745
-------------------------------------
[Epoch : 27/40]
Src_cls_loss	: 0.0725
-------------------------------------
[Epoch : 28/40]
Src_cls_loss	: 0.0707
-------------------------------------
[Epoch : 29/40]
Src_cls_loss	: 0.0689
-------------------------------------
[Epoch : 30/40]
Src_cls_loss	: 0.0672
-------------------------------------
[Epoch : 31/40]
Src_cls_loss	: 0.0656
-------------------------------------
[Epoch : 32/40]
Src_cls_loss	: 0.0642
-------------------------------------
[Epoch : 33/40]
Src_cls_loss	: 0.0627
-------------------------------------
[Epoch : 34/40]
Src_cls_loss	: 0.0613
-------------------------------------
[Epoch : 35/40]
Src_cls_loss	: 0.0600
-------------------------------------
[Epoch : 36/40]
Src_cls_loss	: 0.0591
-------------------------------------
[Epoch : 37/40]
Src_cls_loss	: 0.0581
-------------------------------------
[Epoch : 38/40]
Src_cls_loss	: 0.0570
-------------------------------------
[Epoch : 39/40]
Src_cls_loss	: 0.0559
-------------------------------------
[Epoch : 40/40]
Src_cls_loss	: 0.0550
-------------------------------------
