=============================================
Dataset: CWRU_Ball
Method:  Deep_Coral
=============================================
Source: 0 ---> Target: 6
Run ID: 4
=============================================
[Epoch : 1/40]
Total_loss	: 0.0124
Src_cls_loss	: 0.1150
coral_loss	: 0.0002
-------------------------------------
[Epoch : 2/40]
Total_loss	: 0.0073
Src_cls_loss	: 0.0645
coral_loss	: 0.0002
-------------------------------------
[Epoch : 3/40]
Total_loss	: 0.0054
Src_cls_loss	: 0.0459
coral_loss	: 0.0002
-------------------------------------
[Epoch : 4/40]
Total_loss	: 0.0043
Src_cls_loss	: 0.0361
coral_loss	: 0.0002
-------------------------------------
[Epoch : 5/40]
Total_loss	: 0.0036
Src_cls_loss	: 0.0298
coral_loss	: 0.0001
-------------------------------------
[Epoch : 6/40]
Total_loss	: 0.0031
Src_cls_loss	: 0.0257
coral_loss	: 0.0001
-------------------------------------
[Epoch : 7/40]
Total_loss	: 0.0028
Src_cls_loss	: 0.0225
coral_loss	: 0.0001
-------------------------------------
[Epoch : 8/40]
Total_loss	: 0.0025
Src_cls_loss	: 0.0203
coral_loss	: 0.0001
-------------------------------------
[Epoch : 9/40]
Total_loss	: 0.0023
Src_cls_loss	: 0.0185
coral_loss	: 0.0001
-------------------------------------
[Epoch : 10/40]
Total_loss	: 0.0022
Src_cls_loss	: 0.0171
coral_loss	: 0.0001
-------------------------------------
[Epoch : 11/40]
Total_loss	: 0.0020
Src_cls_loss	: 0.0158
coral_loss	: 0.0001
-------------------------------------
[Epoch : 12/40]
Total_loss	: 0.0019
Src_cls_loss	: 0.0149
coral_loss	: 0.0001
-------------------------------------
[Epoch : 13/40]
Total_loss	: 0.0018
Src_cls_loss	: 0.0139
coral_loss	: 0.0001
-------------------------------------
[Epoch : 14/40]
Total_loss	: 0.0017
Src_cls_loss	: 0.0132
coral_loss	: 0.0001
-------------------------------------
[Epoch : 15/40]
Total_loss	: 0.0016
Src_cls_loss	: 0.0126
coral_loss	: 0.0001
-------------------------------------
[Epoch : 16/40]
Total_loss	: 0.0015
Src_cls_loss	: 0.0121
coral_loss	: 0.0001
-------------------------------------
[Epoch : 17/40]
Total_loss	: 0.0015
Src_cls_loss	: 0.0115
coral_loss	: 0.0001
-------------------------------------
[Epoch : 18/40]
Total_loss	: 0.0014
Src_cls_loss	: 0.0110
coral_loss	: 0.0001
-------------------------------------
[Epoch : 19/40]
Total_loss	: 0.0013
Src_cls_loss	: 0.0106
coral_loss	: 0.0001
-------------------------------------
[Epoch : 20/40]
Total_loss	: 0.0013
Src_cls_loss	: 0.0102
coral_loss	: 0.0001
-------------------------------------
[Epoch : 21/40]
Total_loss	: 0.0013
Src_cls_loss	: 0.0099
coral_loss	: 0.0001
-------------------------------------
[Epoch : 22/40]
Total_loss	: 0.0012
Src_cls_loss	: 0.0096
coral_loss	: 0.0001
-------------------------------------
[Epoch : 23/40]
Total_loss	: 0.0012
Src_cls_loss	: 0.0093
coral_loss	: 0.0001
-------------------------------------
[Epoch : 24/40]
Total_loss	: 0.0011
Src_cls_loss	: 0.0090
coral_loss	: 0.0001
-------------------------------------
[Epoch : 25/40]
Total_loss	: 0.0011
Src_cls_loss	: 0.0087
coral_loss	: 0.0001
-------------------------------------
[Epoch : 26/40]
Total_loss	: 0.0011
Src_cls_loss	: 0.0085
coral_loss	: 0.0001
-------------------------------------
[Epoch : 27/40]
Total_loss	: 0.0011
Src_cls_loss	: 0.0083
coral_loss	: 0.0001
-------------------------------------
[Epoch : 28/40]
Total_loss	: 0.0010
Src_cls_loss	: 0.0081
coral_loss	: 0.0000
-------------------------------------
[Epoch : 29/40]
Total_loss	: 0.0010
Src_cls_loss	: 0.0079
coral_loss	: 0.0000
-------------------------------------
[Epoch : 30/40]
Total_loss	: 0.0010
Src_cls_loss	: 0.0077
coral_loss	: 0.0000
-------------------------------------
[Epoch : 31/40]
Total_loss	: 0.0010
Src_cls_loss	: 0.0076
coral_loss	: 0.0000
-------------------------------------
[Epoch : 32/40]
Total_loss	: 0.0009
Src_cls_loss	: 0.0074
coral_loss	: 0.0000
-------------------------------------
[Epoch : 33/40]
Total_loss	: 0.0009
Src_cls_loss	: 0.0073
coral_loss	: 0.0000
-------------------------------------
[Epoch : 34/40]
Total_loss	: 0.0009
Src_cls_loss	: 0.0071
coral_loss	: 0.0000
-------------------------------------
[Epoch : 35/40]
Total_loss	: 0.0009
Src_cls_loss	: 0.0070
coral_loss	: 0.0000
-------------------------------------
[Epoch : 36/40]
Total_loss	: 0.0009
Src_cls_loss	: 0.0069
coral_loss	: 0.0000
-------------------------------------
[Epoch : 37/40]
Total_loss	: 0.0009
Src_cls_loss	: 0.0067
coral_loss	: 0.0000
-------------------------------------
[Epoch : 38/40]
Total_loss	: 0.0008
Src_cls_loss	: 0.0066
coral_loss	: 0.0000
-------------------------------------
[Epoch : 39/40]
Total_loss	: 0.0008
Src_cls_loss	: 0.0065
coral_loss	: 0.0000
-------------------------------------
[Epoch : 40/40]
Total_loss	: 0.0008
Src_cls_loss	: 0.0064
coral_loss	: 0.0000
-------------------------------------
