=============================================
Dataset: mobiact_realworld
Method:  NO_ADAPT
=============================================
Source: syn_63 ---> Target: dp_63
Run ID: 9
=============================================
[Epoch : 1/40]
Src_cls_loss	: 0.5354
-------------------------------------
[Epoch : 2/40]
Src_cls_loss	: 0.3755
-------------------------------------
[Epoch : 3/40]
Src_cls_loss	: 0.2992
-------------------------------------
[Epoch : 4/40]
Src_cls_loss	: 0.2512
-------------------------------------
[Epoch : 5/40]
Src_cls_loss	: 0.2173
-------------------------------------
[Epoch : 6/40]
Src_cls_loss	: 0.1939
-------------------------------------
[Epoch : 7/40]
Src_cls_loss	: 0.1761
-------------------------------------
[Epoch : 8/40]
Src_cls_loss	: 0.1602
-------------------------------------
[Epoch : 9/40]
Src_cls_loss	: 0.1479
-------------------------------------
[Epoch : 10/40]
Src_cls_loss	: 0.1381
-------------------------------------
[Epoch : 11/40]
Src_cls_loss	: 0.1292
-------------------------------------
[Epoch : 12/40]
Src_cls_loss	: 0.1216
-------------------------------------
[Epoch : 13/40]
Src_cls_loss	: 0.1155
-------------------------------------
[Epoch : 14/40]
Src_cls_loss	: 0.1095
-------------------------------------
[Epoch : 15/40]
Src_cls_loss	: 0.1042
-------------------------------------
[Epoch : 16/40]
Src_cls_loss	: 0.0995
-------------------------------------
[Epoch : 17/40]
Src_cls_loss	: 0.0956
-------------------------------------
[Epoch : 18/40]
Src_cls_loss	: 0.0924
-------------------------------------
[Epoch : 19/40]
Src_cls_loss	: 0.0894
-------------------------------------
[Epoch : 20/40]
Src_cls_loss	: 0.0861
-------------------------------------
[Epoch : 21/40]
Src_cls_loss	: 0.0832
-------------------------------------
[Epoch : 22/40]
Src_cls_loss	: 0.0804
-------------------------------------
[Epoch : 23/40]
Src_cls_loss	: 0.0777
-------------------------------------
[Epoch : 24/40]
Src_cls_loss	: 0.0752
-------------------------------------
[Epoch : 25/40]
Src_cls_loss	: 0.0731
-------------------------------------
[Epoch : 26/40]
Src_cls_loss	: 0.0711
-------------------------------------
[Epoch : 27/40]
Src_cls_loss	: 0.0693
-------------------------------------
[Epoch : 28/40]
Src_cls_loss	: 0.0674
-------------------------------------
[Epoch : 29/40]
Src_cls_loss	: 0.0655
-------------------------------------
[Epoch : 30/40]
Src_cls_loss	: 0.0643
-------------------------------------
[Epoch : 31/40]
Src_cls_loss	: 0.0627
-------------------------------------
[Epoch : 32/40]
Src_cls_loss	: 0.0611
-------------------------------------
[Epoch : 33/40]
Src_cls_loss	: 0.0597
-------------------------------------
[Epoch : 34/40]
Src_cls_loss	: 0.0583
-------------------------------------
[Epoch : 35/40]
Src_cls_loss	: 0.0569
-------------------------------------
[Epoch : 36/40]
Src_cls_loss	: 0.0559
-------------------------------------
[Epoch : 37/40]
Src_cls_loss	: 0.0550
-------------------------------------
[Epoch : 38/40]
Src_cls_loss	: 0.0539
-------------------------------------
[Epoch : 39/40]
Src_cls_loss	: 0.0529
-------------------------------------
[Epoch : 40/40]
Src_cls_loss	: 0.0521
-------------------------------------
