=============================================
Dataset: mobiact_pamap
Method:  NO_ADAPT
=============================================
Source: df ---> Target: dp_66
Run ID: 7
=============================================
[Epoch : 1/40]
Src_cls_loss	: 0.5248
-------------------------------------
[Epoch : 2/40]
Src_cls_loss	: 0.4327
-------------------------------------
[Epoch : 3/40]
Src_cls_loss	: 0.3759
-------------------------------------
[Epoch : 4/40]
Src_cls_loss	: 0.3345
-------------------------------------
[Epoch : 5/40]
Src_cls_loss	: 0.3012
-------------------------------------
[Epoch : 6/40]
Src_cls_loss	: 0.2749
-------------------------------------
[Epoch : 7/40]
Src_cls_loss	: 0.2538
-------------------------------------
[Epoch : 8/40]
Src_cls_loss	: 0.2373
-------------------------------------
[Epoch : 9/40]
Src_cls_loss	: 0.2233
-------------------------------------
[Epoch : 10/40]
Src_cls_loss	: 0.2112
-------------------------------------
[Epoch : 11/40]
Src_cls_loss	: 0.2001
-------------------------------------
[Epoch : 12/40]
Src_cls_loss	: 0.1904
-------------------------------------
[Epoch : 13/40]
Src_cls_loss	: 0.1818
-------------------------------------
[Epoch : 14/40]
Src_cls_loss	: 0.1744
-------------------------------------
[Epoch : 15/40]
Src_cls_loss	: 0.1675
-------------------------------------
[Epoch : 16/40]
Src_cls_loss	: 0.1609
-------------------------------------
[Epoch : 17/40]
Src_cls_loss	: 0.1553
-------------------------------------
[Epoch : 18/40]
Src_cls_loss	: 0.1501
-------------------------------------
[Epoch : 19/40]
Src_cls_loss	: 0.1454
-------------------------------------
[Epoch : 20/40]
Src_cls_loss	: 0.1410
-------------------------------------
[Epoch : 21/40]
Src_cls_loss	: 0.1370
-------------------------------------
[Epoch : 22/40]
Src_cls_loss	: 0.1330
-------------------------------------
[Epoch : 23/40]
Src_cls_loss	: 0.1293
-------------------------------------
[Epoch : 24/40]
Src_cls_loss	: 0.1260
-------------------------------------
[Epoch : 25/40]
Src_cls_loss	: 0.1230
-------------------------------------
[Epoch : 26/40]
Src_cls_loss	: 0.1203
-------------------------------------
[Epoch : 27/40]
Src_cls_loss	: 0.1175
-------------------------------------
[Epoch : 28/40]
Src_cls_loss	: 0.1150
-------------------------------------
[Epoch : 29/40]
Src_cls_loss	: 0.1126
-------------------------------------
[Epoch : 30/40]
Src_cls_loss	: 0.1102
-------------------------------------
[Epoch : 31/40]
Src_cls_loss	: 0.1082
-------------------------------------
[Epoch : 32/40]
Src_cls_loss	: 0.1064
-------------------------------------
[Epoch : 33/40]
Src_cls_loss	: 0.1045
-------------------------------------
[Epoch : 34/40]
Src_cls_loss	: 0.1027
-------------------------------------
[Epoch : 35/40]
Src_cls_loss	: 0.1010
-------------------------------------
[Epoch : 36/40]
Src_cls_loss	: 0.0994
-------------------------------------
[Epoch : 37/40]
Src_cls_loss	: 0.0976
-------------------------------------
[Epoch : 38/40]
Src_cls_loss	: 0.0962
-------------------------------------
[Epoch : 39/40]
Src_cls_loss	: 0.0947
-------------------------------------
[Epoch : 40/40]
Src_cls_loss	: 0.0933
-------------------------------------
