=============================================
Dataset: pamap_realworld
Method:  SYN
=============================================
Source: syn_wal_6 ---> Target: dp_wal_6
Run ID: 5
=============================================
[Epoch : 1/40]
Src_cls_loss	: 0.6076
-------------------------------------
[Epoch : 2/40]
Src_cls_loss	: 0.4609
-------------------------------------
[Epoch : 3/40]
Src_cls_loss	: 0.3685
-------------------------------------
[Epoch : 4/40]
Src_cls_loss	: 0.3129
-------------------------------------
[Epoch : 5/40]
Src_cls_loss	: 0.2695
-------------------------------------
[Epoch : 6/40]
Src_cls_loss	: 0.2344
-------------------------------------
[Epoch : 7/40]
Src_cls_loss	: 0.2060
-------------------------------------
[Epoch : 8/40]
Src_cls_loss	: 0.1846
-------------------------------------
[Epoch : 9/40]
Src_cls_loss	: 0.1669
-------------------------------------
[Epoch : 10/40]
Src_cls_loss	: 0.1523
-------------------------------------
[Epoch : 11/40]
Src_cls_loss	: 0.1400
-------------------------------------
[Epoch : 12/40]
Src_cls_loss	: 0.1294
-------------------------------------
[Epoch : 13/40]
Src_cls_loss	: 0.1204
-------------------------------------
[Epoch : 14/40]
Src_cls_loss	: 0.1127
-------------------------------------
[Epoch : 15/40]
Src_cls_loss	: 0.1059
-------------------------------------
[Epoch : 16/40]
Src_cls_loss	: 0.1003
-------------------------------------
[Epoch : 17/40]
Src_cls_loss	: 0.0950
-------------------------------------
[Epoch : 18/40]
Src_cls_loss	: 0.0903
-------------------------------------
[Epoch : 19/40]
Src_cls_loss	: 0.0860
-------------------------------------
[Epoch : 20/40]
Src_cls_loss	: 0.0826
-------------------------------------
[Epoch : 21/40]
Src_cls_loss	: 0.0792
-------------------------------------
[Epoch : 22/40]
Src_cls_loss	: 0.0759
-------------------------------------
[Epoch : 23/40]
Src_cls_loss	: 0.0728
-------------------------------------
[Epoch : 24/40]
Src_cls_loss	: 0.0700
-------------------------------------
[Epoch : 25/40]
Src_cls_loss	: 0.0674
-------------------------------------
[Epoch : 26/40]
Src_cls_loss	: 0.0649
-------------------------------------
[Epoch : 27/40]
Src_cls_loss	: 0.0626
-------------------------------------
[Epoch : 28/40]
Src_cls_loss	: 0.0605
-------------------------------------
[Epoch : 29/40]
Src_cls_loss	: 0.0585
-------------------------------------
[Epoch : 30/40]
Src_cls_loss	: 0.0566
-------------------------------------
[Epoch : 31/40]
Src_cls_loss	: 0.0549
-------------------------------------
[Epoch : 32/40]
Src_cls_loss	: 0.0535
-------------------------------------
[Epoch : 33/40]
Src_cls_loss	: 0.0521
-------------------------------------
[Epoch : 34/40]
Src_cls_loss	: 0.0507
-------------------------------------
[Epoch : 35/40]
Src_cls_loss	: 0.0494
-------------------------------------
[Epoch : 36/40]
Src_cls_loss	: 0.0481
-------------------------------------
[Epoch : 37/40]
Src_cls_loss	: 0.0468
-------------------------------------
[Epoch : 38/40]
Src_cls_loss	: 0.0457
-------------------------------------
[Epoch : 39/40]
Src_cls_loss	: 0.0445
-------------------------------------
[Epoch : 40/40]
Src_cls_loss	: 0.0435
-------------------------------------
