=============================================
Dataset: pamap_mobiact
Method:  NO_ADAPT
=============================================
Source: syn_29 ---> Target: dp_29
Run ID: 7
=============================================
[Epoch : 1/40]
Src_cls_loss	: 0.8067
-------------------------------------
[Epoch : 2/40]
Src_cls_loss	: 0.6649
-------------------------------------
[Epoch : 3/40]
Src_cls_loss	: 0.5797
-------------------------------------
[Epoch : 4/40]
Src_cls_loss	: 0.5298
-------------------------------------
[Epoch : 5/40]
Src_cls_loss	: 0.4798
-------------------------------------
[Epoch : 6/40]
Src_cls_loss	: 0.4453
-------------------------------------
[Epoch : 7/40]
Src_cls_loss	: 0.4116
-------------------------------------
[Epoch : 8/40]
Src_cls_loss	: 0.3844
-------------------------------------
[Epoch : 9/40]
Src_cls_loss	: 0.3596
-------------------------------------
[Epoch : 10/40]
Src_cls_loss	: 0.3385
-------------------------------------
[Epoch : 11/40]
Src_cls_loss	: 0.3212
-------------------------------------
[Epoch : 12/40]
Src_cls_loss	: 0.3079
-------------------------------------
[Epoch : 13/40]
Src_cls_loss	: 0.2928
-------------------------------------
[Epoch : 14/40]
Src_cls_loss	: 0.2795
-------------------------------------
[Epoch : 15/40]
Src_cls_loss	: 0.2686
-------------------------------------
[Epoch : 16/40]
Src_cls_loss	: 0.2578
-------------------------------------
[Epoch : 17/40]
Src_cls_loss	: 0.2484
-------------------------------------
[Epoch : 18/40]
Src_cls_loss	: 0.2390
-------------------------------------
[Epoch : 19/40]
Src_cls_loss	: 0.2305
-------------------------------------
[Epoch : 20/40]
Src_cls_loss	: 0.2226
-------------------------------------
[Epoch : 21/40]
Src_cls_loss	: 0.2154
-------------------------------------
[Epoch : 22/40]
Src_cls_loss	: 0.2082
-------------------------------------
[Epoch : 23/40]
Src_cls_loss	: 0.2019
-------------------------------------
[Epoch : 24/40]
Src_cls_loss	: 0.1960
-------------------------------------
[Epoch : 25/40]
Src_cls_loss	: 0.1904
-------------------------------------
[Epoch : 26/40]
Src_cls_loss	: 0.1850
-------------------------------------
[Epoch : 27/40]
Src_cls_loss	: 0.1807
-------------------------------------
[Epoch : 28/40]
Src_cls_loss	: 0.1759
-------------------------------------
[Epoch : 29/40]
Src_cls_loss	: 0.1716
-------------------------------------
[Epoch : 30/40]
Src_cls_loss	: 0.1675
-------------------------------------
[Epoch : 31/40]
Src_cls_loss	: 0.1638
-------------------------------------
[Epoch : 32/40]
Src_cls_loss	: 0.1603
-------------------------------------
[Epoch : 33/40]
Src_cls_loss	: 0.1568
-------------------------------------
[Epoch : 34/40]
Src_cls_loss	: 0.1533
-------------------------------------
[Epoch : 35/40]
Src_cls_loss	: 0.1497
-------------------------------------
[Epoch : 36/40]
Src_cls_loss	: 0.1462
-------------------------------------
[Epoch : 37/40]
Src_cls_loss	: 0.1431
-------------------------------------
[Epoch : 38/40]
Src_cls_loss	: 0.1402
-------------------------------------
[Epoch : 39/40]
Src_cls_loss	: 0.1374
-------------------------------------
[Epoch : 40/40]
Src_cls_loss	: 0.1350
-------------------------------------
