=============================================
Dataset: realworld_mobiact
Method:  NO_ADAPT
=============================================
Source: syn_17 ---> Target: dp_17
Run ID: 9
=============================================
[Epoch : 1/40]
Src_cls_loss	: 0.8775
-------------------------------------
[Epoch : 2/40]
Src_cls_loss	: 0.7666
-------------------------------------
[Epoch : 3/40]
Src_cls_loss	: 0.6410
-------------------------------------
[Epoch : 4/40]
Src_cls_loss	: 0.5369
-------------------------------------
[Epoch : 5/40]
Src_cls_loss	: 0.4569
-------------------------------------
[Epoch : 6/40]
Src_cls_loss	: 0.3957
-------------------------------------
[Epoch : 7/40]
Src_cls_loss	: 0.3482
-------------------------------------
[Epoch : 8/40]
Src_cls_loss	: 0.3107
-------------------------------------
[Epoch : 9/40]
Src_cls_loss	: 0.2826
-------------------------------------
[Epoch : 10/40]
Src_cls_loss	: 0.2606
-------------------------------------
[Epoch : 11/40]
Src_cls_loss	: 0.2409
-------------------------------------
[Epoch : 12/40]
Src_cls_loss	: 0.2229
-------------------------------------
[Epoch : 13/40]
Src_cls_loss	: 0.2072
-------------------------------------
[Epoch : 14/40]
Src_cls_loss	: 0.1943
-------------------------------------
[Epoch : 15/40]
Src_cls_loss	: 0.1829
-------------------------------------
[Epoch : 16/40]
Src_cls_loss	: 0.1724
-------------------------------------
[Epoch : 17/40]
Src_cls_loss	: 0.1630
-------------------------------------
[Epoch : 18/40]
Src_cls_loss	: 0.1547
-------------------------------------
[Epoch : 19/40]
Src_cls_loss	: 0.1472
-------------------------------------
[Epoch : 20/40]
Src_cls_loss	: 0.1404
-------------------------------------
[Epoch : 21/40]
Src_cls_loss	: 0.1342
-------------------------------------
[Epoch : 22/40]
Src_cls_loss	: 0.1300
-------------------------------------
[Epoch : 23/40]
Src_cls_loss	: 0.1254
-------------------------------------
[Epoch : 24/40]
Src_cls_loss	: 0.1211
-------------------------------------
[Epoch : 25/40]
Src_cls_loss	: 0.1169
-------------------------------------
[Epoch : 26/40]
Src_cls_loss	: 0.1128
-------------------------------------
[Epoch : 27/40]
Src_cls_loss	: 0.1089
-------------------------------------
[Epoch : 28/40]
Src_cls_loss	: 0.1051
-------------------------------------
[Epoch : 29/40]
Src_cls_loss	: 0.1017
-------------------------------------
[Epoch : 30/40]
Src_cls_loss	: 0.0984
-------------------------------------
[Epoch : 31/40]
Src_cls_loss	: 0.0955
-------------------------------------
[Epoch : 32/40]
Src_cls_loss	: 0.0926
-------------------------------------
[Epoch : 33/40]
Src_cls_loss	: 0.0899
-------------------------------------
[Epoch : 34/40]
Src_cls_loss	: 0.0874
-------------------------------------
[Epoch : 35/40]
Src_cls_loss	: 0.0855
-------------------------------------
[Epoch : 36/40]
Src_cls_loss	: 0.0838
-------------------------------------
[Epoch : 37/40]
Src_cls_loss	: 0.0817
-------------------------------------
[Epoch : 38/40]
Src_cls_loss	: 0.0797
-------------------------------------
[Epoch : 39/40]
Src_cls_loss	: 0.0778
-------------------------------------
[Epoch : 40/40]
Src_cls_loss	: 0.0761
-------------------------------------
