=============================================
Dataset: pamap_realworld
Method:  SYN
=============================================
Source: syn_wal_15 ---> Target: dp_wal_15
Run ID: 8
=============================================
[Epoch : 1/40]
Src_cls_loss	: 0.5061
-------------------------------------
[Epoch : 2/40]
Src_cls_loss	: 0.3535
-------------------------------------
[Epoch : 3/40]
Src_cls_loss	: 0.2626
-------------------------------------
[Epoch : 4/40]
Src_cls_loss	: 0.2055
-------------------------------------
[Epoch : 5/40]
Src_cls_loss	: 0.1688
-------------------------------------
[Epoch : 6/40]
Src_cls_loss	: 0.1439
-------------------------------------
[Epoch : 7/40]
Src_cls_loss	: 0.1257
-------------------------------------
[Epoch : 8/40]
Src_cls_loss	: 0.1125
-------------------------------------
[Epoch : 9/40]
Src_cls_loss	: 0.1010
-------------------------------------
[Epoch : 10/40]
Src_cls_loss	: 0.0918
-------------------------------------
[Epoch : 11/40]
Src_cls_loss	: 0.0842
-------------------------------------
[Epoch : 12/40]
Src_cls_loss	: 0.0778
-------------------------------------
[Epoch : 13/40]
Src_cls_loss	: 0.0721
-------------------------------------
[Epoch : 14/40]
Src_cls_loss	: 0.0677
-------------------------------------
[Epoch : 15/40]
Src_cls_loss	: 0.0639
-------------------------------------
[Epoch : 16/40]
Src_cls_loss	: 0.0605
-------------------------------------
[Epoch : 17/40]
Src_cls_loss	: 0.0573
-------------------------------------
[Epoch : 18/40]
Src_cls_loss	: 0.0543
-------------------------------------
[Epoch : 19/40]
Src_cls_loss	: 0.0518
-------------------------------------
[Epoch : 20/40]
Src_cls_loss	: 0.0494
-------------------------------------
[Epoch : 21/40]
Src_cls_loss	: 0.0471
-------------------------------------
[Epoch : 22/40]
Src_cls_loss	: 0.0453
-------------------------------------
[Epoch : 23/40]
Src_cls_loss	: 0.0434
-------------------------------------
[Epoch : 24/40]
Src_cls_loss	: 0.0417
-------------------------------------
[Epoch : 25/40]
Src_cls_loss	: 0.0401
-------------------------------------
[Epoch : 26/40]
Src_cls_loss	: 0.0386
-------------------------------------
[Epoch : 27/40]
Src_cls_loss	: 0.0372
-------------------------------------
[Epoch : 28/40]
Src_cls_loss	: 0.0360
-------------------------------------
[Epoch : 29/40]
Src_cls_loss	: 0.0349
-------------------------------------
[Epoch : 30/40]
Src_cls_loss	: 0.0338
-------------------------------------
[Epoch : 31/40]
Src_cls_loss	: 0.0328
-------------------------------------
[Epoch : 32/40]
Src_cls_loss	: 0.0318
-------------------------------------
[Epoch : 33/40]
Src_cls_loss	: 0.0309
-------------------------------------
[Epoch : 34/40]
Src_cls_loss	: 0.0300
-------------------------------------
[Epoch : 35/40]
Src_cls_loss	: 0.0292
-------------------------------------
[Epoch : 36/40]
Src_cls_loss	: 0.0284
-------------------------------------
[Epoch : 37/40]
Src_cls_loss	: 0.0277
-------------------------------------
[Epoch : 38/40]
Src_cls_loss	: 0.0270
-------------------------------------
[Epoch : 39/40]
Src_cls_loss	: 0.0263
-------------------------------------
[Epoch : 40/40]
Src_cls_loss	: 0.0257
-------------------------------------
