=============================================
Dataset: pamap_mobiact
Method:  DANN
=============================================
Source: df ---> Target: dp_38
Run ID: 0
=============================================
[Epoch : 1/40]
Total_loss	: 5.8960
Domain_loss	: 1.3018
Src_cls_loss	: 0.4751
-------------------------------------
[Epoch : 2/40]
Total_loss	: 5.1820
Domain_loss	: 1.2694
Src_cls_loss	: 0.3556
-------------------------------------
[Epoch : 3/40]
Total_loss	: 4.7530
Domain_loss	: 1.2478
Src_cls_loss	: 0.2849
-------------------------------------
[Epoch : 4/40]
Total_loss	: 4.6094
Domain_loss	: 1.2384
Src_cls_loss	: 0.2623
-------------------------------------
[Epoch : 5/40]
Total_loss	: 4.4779
Domain_loss	: 1.2327
Src_cls_loss	: 0.2402
-------------------------------------
[Epoch : 6/40]
Total_loss	: 4.4132
Domain_loss	: 1.2400
Src_cls_loss	: 0.2243
-------------------------------------
[Epoch : 7/40]
Total_loss	: 4.3345
Domain_loss	: 1.2371
Src_cls_loss	: 0.2109
-------------------------------------
[Epoch : 8/40]
Total_loss	: 4.2650
Domain_loss	: 1.2382
Src_cls_loss	: 0.1971
-------------------------------------
[Epoch : 9/40]
Total_loss	: 4.2354
Domain_loss	: 1.2447
Src_cls_loss	: 0.1883
-------------------------------------
[Epoch : 10/40]
Total_loss	: 4.1837
Domain_loss	: 1.2437
Src_cls_loss	: 0.1790
-------------------------------------
[Epoch : 11/40]
Total_loss	: 4.1534
Domain_loss	: 1.2427
Src_cls_loss	: 0.1737
-------------------------------------
[Epoch : 12/40]
Total_loss	: 4.1262
Domain_loss	: 1.2462
Src_cls_loss	: 0.1669
-------------------------------------
[Epoch : 13/40]
Total_loss	: 4.1006
Domain_loss	: 1.2496
Src_cls_loss	: 0.1603
-------------------------------------
[Epoch : 14/40]
Total_loss	: 4.0902
Domain_loss	: 1.2532
Src_cls_loss	: 0.1566
-------------------------------------
[Epoch : 15/40]
Total_loss	: 4.0785
Domain_loss	: 1.2578
Src_cls_loss	: 0.1521
-------------------------------------
[Epoch : 16/40]
Total_loss	: 4.0634
Domain_loss	: 1.2629
Src_cls_loss	: 0.1467
-------------------------------------
[Epoch : 17/40]
Total_loss	: 4.0416
Domain_loss	: 1.2655
Src_cls_loss	: 0.1412
-------------------------------------
[Epoch : 18/40]
Total_loss	: 4.0279
Domain_loss	: 1.2680
Src_cls_loss	: 0.1374
-------------------------------------
[Epoch : 19/40]
Total_loss	: 4.0200
Domain_loss	: 1.2718
Src_cls_loss	: 0.1341
-------------------------------------
[Epoch : 20/40]
Total_loss	: 4.0097
Domain_loss	: 1.2750
Src_cls_loss	: 0.1305
-------------------------------------
[Epoch : 21/40]
Total_loss	: 3.9987
Domain_loss	: 1.2769
Src_cls_loss	: 0.1275
-------------------------------------
[Epoch : 22/40]
Total_loss	: 3.9974
Domain_loss	: 1.2793
Src_cls_loss	: 0.1261
-------------------------------------
[Epoch : 23/40]
Total_loss	: 3.9880
Domain_loss	: 1.2808
Src_cls_loss	: 0.1235
-------------------------------------
[Epoch : 24/40]
Total_loss	: 3.9772
Domain_loss	: 1.2823
Src_cls_loss	: 0.1208
-------------------------------------
[Epoch : 25/40]
Total_loss	: 3.9768
Domain_loss	: 1.2862
Src_cls_loss	: 0.1187
-------------------------------------
[Epoch : 26/40]
Total_loss	: 3.9660
Domain_loss	: 1.2876
Src_cls_loss	: 0.1160
-------------------------------------
[Epoch : 27/40]
Total_loss	: 3.9591
Domain_loss	: 1.2882
Src_cls_loss	: 0.1144
-------------------------------------
[Epoch : 28/40]
Total_loss	: 3.9539
Domain_loss	: 1.2907
Src_cls_loss	: 0.1122
-------------------------------------
[Epoch : 29/40]
Total_loss	: 3.9454
Domain_loss	: 1.2925
Src_cls_loss	: 0.1097
-------------------------------------
[Epoch : 30/40]
Total_loss	: 3.9316
Domain_loss	: 1.2920
Src_cls_loss	: 0.1073
-------------------------------------
[Epoch : 31/40]
Total_loss	: 3.9239
Domain_loss	: 1.2934
Src_cls_loss	: 0.1052
-------------------------------------
[Epoch : 32/40]
Total_loss	: 3.9189
Domain_loss	: 1.2944
Src_cls_loss	: 0.1037
-------------------------------------
[Epoch : 33/40]
Total_loss	: 3.9163
Domain_loss	: 1.2966
Src_cls_loss	: 0.1022
-------------------------------------
[Epoch : 34/40]
Total_loss	: 3.9101
Domain_loss	: 1.2977
Src_cls_loss	: 0.1004
-------------------------------------
[Epoch : 35/40]
Total_loss	: 3.9034
Domain_loss	: 1.2984
Src_cls_loss	: 0.0988
-------------------------------------
[Epoch : 36/40]
Total_loss	: 3.8985
Domain_loss	: 1.2997
Src_cls_loss	: 0.0972
-------------------------------------
[Epoch : 37/40]
Total_loss	: 3.8926
Domain_loss	: 1.3006
Src_cls_loss	: 0.0957
-------------------------------------
[Epoch : 38/40]
Total_loss	: 3.8894
Domain_loss	: 1.3017
Src_cls_loss	: 0.0945
-------------------------------------
[Epoch : 39/40]
Total_loss	: 3.8879
Domain_loss	: 1.3035
Src_cls_loss	: 0.0933
-------------------------------------
[Epoch : 40/40]
Total_loss	: 3.8819
Domain_loss	: 1.3042
Src_cls_loss	: 0.0918
-------------------------------------
