=============================================
Dataset: realworld_pamap
Method:  NO_ADAPT
=============================================
Source: df ---> Target: dp_20
Run ID: 1
=============================================
[Epoch : 1/40]
Src_cls_loss	: 0.3787
-------------------------------------
[Epoch : 2/40]
Src_cls_loss	: 0.3052
-------------------------------------
[Epoch : 3/40]
Src_cls_loss	: 0.2677
-------------------------------------
[Epoch : 4/40]
Src_cls_loss	: 0.2423
-------------------------------------
[Epoch : 5/40]
Src_cls_loss	: 0.2263
-------------------------------------
[Epoch : 6/40]
Src_cls_loss	: 0.2128
-------------------------------------
[Epoch : 7/40]
Src_cls_loss	: 0.2017
-------------------------------------
[Epoch : 8/40]
Src_cls_loss	: 0.1921
-------------------------------------
[Epoch : 9/40]
Src_cls_loss	: 0.1847
-------------------------------------
[Epoch : 10/40]
Src_cls_loss	: 0.1775
-------------------------------------
[Epoch : 11/40]
Src_cls_loss	: 0.1713
-------------------------------------
[Epoch : 12/40]
Src_cls_loss	: 0.1659
-------------------------------------
[Epoch : 13/40]
Src_cls_loss	: 0.1604
-------------------------------------
[Epoch : 14/40]
Src_cls_loss	: 0.1558
-------------------------------------
[Epoch : 15/40]
Src_cls_loss	: 0.1513
-------------------------------------
[Epoch : 16/40]
Src_cls_loss	: 0.1473
-------------------------------------
[Epoch : 17/40]
Src_cls_loss	: 0.1434
-------------------------------------
[Epoch : 18/40]
Src_cls_loss	: 0.1399
-------------------------------------
[Epoch : 19/40]
Src_cls_loss	: 0.1366
-------------------------------------
[Epoch : 20/40]
Src_cls_loss	: 0.1336
-------------------------------------
[Epoch : 21/40]
Src_cls_loss	: 0.1304
-------------------------------------
[Epoch : 22/40]
Src_cls_loss	: 0.1276
-------------------------------------
[Epoch : 23/40]
Src_cls_loss	: 0.1250
-------------------------------------
[Epoch : 24/40]
Src_cls_loss	: 0.1224
-------------------------------------
[Epoch : 25/40]
Src_cls_loss	: 0.1199
-------------------------------------
[Epoch : 26/40]
Src_cls_loss	: 0.1175
-------------------------------------
[Epoch : 27/40]
Src_cls_loss	: 0.1153
-------------------------------------
[Epoch : 28/40]
Src_cls_loss	: 0.1130
-------------------------------------
[Epoch : 29/40]
Src_cls_loss	: 0.1109
-------------------------------------
[Epoch : 30/40]
Src_cls_loss	: 0.1089
-------------------------------------
[Epoch : 31/40]
Src_cls_loss	: 0.1071
-------------------------------------
[Epoch : 32/40]
Src_cls_loss	: 0.1052
-------------------------------------
[Epoch : 33/40]
Src_cls_loss	: 0.1035
-------------------------------------
[Epoch : 34/40]
Src_cls_loss	: 0.1017
-------------------------------------
[Epoch : 35/40]
Src_cls_loss	: 0.1001
-------------------------------------
[Epoch : 36/40]
Src_cls_loss	: 0.0986
-------------------------------------
[Epoch : 37/40]
Src_cls_loss	: 0.0972
-------------------------------------
[Epoch : 38/40]
Src_cls_loss	: 0.0957
-------------------------------------
[Epoch : 39/40]
Src_cls_loss	: 0.0942
-------------------------------------
[Epoch : 40/40]
Src_cls_loss	: 0.0928
-------------------------------------
