=============================================
Dataset: pamap_realworld
Method:  NO_ADAPT
=============================================
Source: syn_18 ---> Target: dp_18
Run ID: 0
=============================================
[Epoch : 1/40]
Src_cls_loss	: 0.3670
-------------------------------------
[Epoch : 2/40]
Src_cls_loss	: 0.2255
-------------------------------------
[Epoch : 3/40]
Src_cls_loss	: 0.1660
-------------------------------------
[Epoch : 4/40]
Src_cls_loss	: 0.1355
-------------------------------------
[Epoch : 5/40]
Src_cls_loss	: 0.1123
-------------------------------------
[Epoch : 6/40]
Src_cls_loss	: 0.0977
-------------------------------------
[Epoch : 7/40]
Src_cls_loss	: 0.0865
-------------------------------------
[Epoch : 8/40]
Src_cls_loss	: 0.0781
-------------------------------------
[Epoch : 9/40]
Src_cls_loss	: 0.0717
-------------------------------------
[Epoch : 10/40]
Src_cls_loss	: 0.0654
-------------------------------------
[Epoch : 11/40]
Src_cls_loss	: 0.0606
-------------------------------------
[Epoch : 12/40]
Src_cls_loss	: 0.0564
-------------------------------------
[Epoch : 13/40]
Src_cls_loss	: 0.0529
-------------------------------------
[Epoch : 14/40]
Src_cls_loss	: 0.0499
-------------------------------------
[Epoch : 15/40]
Src_cls_loss	: 0.0473
-------------------------------------
[Epoch : 16/40]
Src_cls_loss	: 0.0449
-------------------------------------
[Epoch : 17/40]
Src_cls_loss	: 0.0433
-------------------------------------
[Epoch : 18/40]
Src_cls_loss	: 0.0413
-------------------------------------
[Epoch : 19/40]
Src_cls_loss	: 0.0400
-------------------------------------
[Epoch : 20/40]
Src_cls_loss	: 0.0384
-------------------------------------
[Epoch : 21/40]
Src_cls_loss	: 0.0368
-------------------------------------
[Epoch : 22/40]
Src_cls_loss	: 0.0353
-------------------------------------
[Epoch : 23/40]
Src_cls_loss	: 0.0339
-------------------------------------
[Epoch : 24/40]
Src_cls_loss	: 0.0329
-------------------------------------
[Epoch : 25/40]
Src_cls_loss	: 0.0319
-------------------------------------
[Epoch : 26/40]
Src_cls_loss	: 0.0308
-------------------------------------
[Epoch : 27/40]
Src_cls_loss	: 0.0300
-------------------------------------
[Epoch : 28/40]
Src_cls_loss	: 0.0290
-------------------------------------
[Epoch : 29/40]
Src_cls_loss	: 0.0280
-------------------------------------
[Epoch : 30/40]
Src_cls_loss	: 0.0272
-------------------------------------
[Epoch : 31/40]
Src_cls_loss	: 0.0264
-------------------------------------
[Epoch : 32/40]
Src_cls_loss	: 0.0256
-------------------------------------
[Epoch : 33/40]
Src_cls_loss	: 0.0250
-------------------------------------
[Epoch : 34/40]
Src_cls_loss	: 0.0245
-------------------------------------
[Epoch : 35/40]
Src_cls_loss	: 0.0240
-------------------------------------
[Epoch : 36/40]
Src_cls_loss	: 0.0237
-------------------------------------
[Epoch : 37/40]
Src_cls_loss	: 0.0232
-------------------------------------
[Epoch : 38/40]
Src_cls_loss	: 0.0227
-------------------------------------
[Epoch : 39/40]
Src_cls_loss	: 0.0222
-------------------------------------
[Epoch : 40/40]
Src_cls_loss	: 0.0218
-------------------------------------
