=============================================
Dataset: mobiact_pamap
Method:  NO_ADAPT
=============================================
Source: syn_65 ---> Target: dp_65
Run ID: 4
=============================================
[Epoch : 1/40]
Src_cls_loss	: 0.6045
-------------------------------------
[Epoch : 2/40]
Src_cls_loss	: 0.4417
-------------------------------------
[Epoch : 3/40]
Src_cls_loss	: 0.3596
-------------------------------------
[Epoch : 4/40]
Src_cls_loss	: 0.3023
-------------------------------------
[Epoch : 5/40]
Src_cls_loss	: 0.2636
-------------------------------------
[Epoch : 6/40]
Src_cls_loss	: 0.2340
-------------------------------------
[Epoch : 7/40]
Src_cls_loss	: 0.2099
-------------------------------------
[Epoch : 8/40]
Src_cls_loss	: 0.1912
-------------------------------------
[Epoch : 9/40]
Src_cls_loss	: 0.1746
-------------------------------------
[Epoch : 10/40]
Src_cls_loss	: 0.1607
-------------------------------------
[Epoch : 11/40]
Src_cls_loss	: 0.1492
-------------------------------------
[Epoch : 12/40]
Src_cls_loss	: 0.1402
-------------------------------------
[Epoch : 13/40]
Src_cls_loss	: 0.1319
-------------------------------------
[Epoch : 14/40]
Src_cls_loss	: 0.1247
-------------------------------------
[Epoch : 15/40]
Src_cls_loss	: 0.1186
-------------------------------------
[Epoch : 16/40]
Src_cls_loss	: 0.1126
-------------------------------------
[Epoch : 17/40]
Src_cls_loss	: 0.1068
-------------------------------------
[Epoch : 18/40]
Src_cls_loss	: 0.1017
-------------------------------------
[Epoch : 19/40]
Src_cls_loss	: 0.0968
-------------------------------------
[Epoch : 20/40]
Src_cls_loss	: 0.0931
-------------------------------------
[Epoch : 21/40]
Src_cls_loss	: 0.0897
-------------------------------------
[Epoch : 22/40]
Src_cls_loss	: 0.0861
-------------------------------------
[Epoch : 23/40]
Src_cls_loss	: 0.0827
-------------------------------------
[Epoch : 24/40]
Src_cls_loss	: 0.0797
-------------------------------------
[Epoch : 25/40]
Src_cls_loss	: 0.0772
-------------------------------------
[Epoch : 26/40]
Src_cls_loss	: 0.0745
-------------------------------------
[Epoch : 27/40]
Src_cls_loss	: 0.0721
-------------------------------------
[Epoch : 28/40]
Src_cls_loss	: 0.0697
-------------------------------------
[Epoch : 29/40]
Src_cls_loss	: 0.0676
-------------------------------------
[Epoch : 30/40]
Src_cls_loss	: 0.0655
-------------------------------------
[Epoch : 31/40]
Src_cls_loss	: 0.0636
-------------------------------------
[Epoch : 32/40]
Src_cls_loss	: 0.0619
-------------------------------------
[Epoch : 33/40]
Src_cls_loss	: 0.0602
-------------------------------------
[Epoch : 34/40]
Src_cls_loss	: 0.0586
-------------------------------------
[Epoch : 35/40]
Src_cls_loss	: 0.0570
-------------------------------------
[Epoch : 36/40]
Src_cls_loss	: 0.0555
-------------------------------------
[Epoch : 37/40]
Src_cls_loss	: 0.0541
-------------------------------------
[Epoch : 38/40]
Src_cls_loss	: 0.0532
-------------------------------------
[Epoch : 39/40]
Src_cls_loss	: 0.0522
-------------------------------------
[Epoch : 40/40]
Src_cls_loss	: 0.0512
-------------------------------------
