=============================================
Dataset: realworld_mobiact
Method:  SYN
=============================================
Source: syn_wal_27 ---> Target: dp_wal_27
Run ID: 1
=============================================
[Epoch : 1/40]
Src_cls_loss	: 0.8936
-------------------------------------
[Epoch : 2/40]
Src_cls_loss	: 0.7434
-------------------------------------
[Epoch : 3/40]
Src_cls_loss	: 0.6067
-------------------------------------
[Epoch : 4/40]
Src_cls_loss	: 0.5011
-------------------------------------
[Epoch : 5/40]
Src_cls_loss	: 0.4246
-------------------------------------
[Epoch : 6/40]
Src_cls_loss	: 0.3659
-------------------------------------
[Epoch : 7/40]
Src_cls_loss	: 0.3212
-------------------------------------
[Epoch : 8/40]
Src_cls_loss	: 0.2864
-------------------------------------
[Epoch : 9/40]
Src_cls_loss	: 0.2580
-------------------------------------
[Epoch : 10/40]
Src_cls_loss	: 0.2357
-------------------------------------
[Epoch : 11/40]
Src_cls_loss	: 0.2162
-------------------------------------
[Epoch : 12/40]
Src_cls_loss	: 0.1999
-------------------------------------
[Epoch : 13/40]
Src_cls_loss	: 0.1858
-------------------------------------
[Epoch : 14/40]
Src_cls_loss	: 0.1741
-------------------------------------
[Epoch : 15/40]
Src_cls_loss	: 0.1631
-------------------------------------
[Epoch : 16/40]
Src_cls_loss	: 0.1535
-------------------------------------
[Epoch : 17/40]
Src_cls_loss	: 0.1452
-------------------------------------
[Epoch : 18/40]
Src_cls_loss	: 0.1378
-------------------------------------
[Epoch : 19/40]
Src_cls_loss	: 0.1313
-------------------------------------
[Epoch : 20/40]
Src_cls_loss	: 0.1252
-------------------------------------
[Epoch : 21/40]
Src_cls_loss	: 0.1195
-------------------------------------
[Epoch : 22/40]
Src_cls_loss	: 0.1144
-------------------------------------
[Epoch : 23/40]
Src_cls_loss	: 0.1096
-------------------------------------
[Epoch : 24/40]
Src_cls_loss	: 0.1052
-------------------------------------
[Epoch : 25/40]
Src_cls_loss	: 0.1014
-------------------------------------
[Epoch : 26/40]
Src_cls_loss	: 0.0978
-------------------------------------
[Epoch : 27/40]
Src_cls_loss	: 0.0943
-------------------------------------
[Epoch : 28/40]
Src_cls_loss	: 0.0911
-------------------------------------
[Epoch : 29/40]
Src_cls_loss	: 0.0881
-------------------------------------
[Epoch : 30/40]
Src_cls_loss	: 0.0853
-------------------------------------
[Epoch : 31/40]
Src_cls_loss	: 0.0826
-------------------------------------
[Epoch : 32/40]
Src_cls_loss	: 0.0802
-------------------------------------
[Epoch : 33/40]
Src_cls_loss	: 0.0779
-------------------------------------
[Epoch : 34/40]
Src_cls_loss	: 0.0756
-------------------------------------
[Epoch : 35/40]
Src_cls_loss	: 0.0736
-------------------------------------
[Epoch : 36/40]
Src_cls_loss	: 0.0716
-------------------------------------
[Epoch : 37/40]
Src_cls_loss	: 0.0697
-------------------------------------
[Epoch : 38/40]
Src_cls_loss	: 0.0680
-------------------------------------
[Epoch : 39/40]
Src_cls_loss	: 0.0664
-------------------------------------
[Epoch : 40/40]
Src_cls_loss	: 0.0649
-------------------------------------
