=============================================
Dataset: realworld_mobiact
Method:  Deep_Coral
=============================================
Source: df ---> Target: dp_wal_25
Run ID: 0
=============================================
[Epoch : 1/40]
Total_loss	: 2.4530
Src_cls_loss	: 0.3675
coral_loss	: 0.0007
-------------------------------------
[Epoch : 2/40]
Total_loss	: 2.0046
Src_cls_loss	: 0.3002
coral_loss	: 0.0006
-------------------------------------
[Epoch : 3/40]
Total_loss	: 1.7620
Src_cls_loss	: 0.2638
coral_loss	: 0.0006
-------------------------------------
[Epoch : 4/40]
Total_loss	: 1.6062
Src_cls_loss	: 0.2405
coral_loss	: 0.0006
-------------------------------------
[Epoch : 5/40]
Total_loss	: 1.4943
Src_cls_loss	: 0.2237
coral_loss	: 0.0006
-------------------------------------
[Epoch : 6/40]
Total_loss	: 1.4116
Src_cls_loss	: 0.2113
coral_loss	: 0.0005
-------------------------------------
[Epoch : 7/40]
Total_loss	: 1.3465
Src_cls_loss	: 0.2016
coral_loss	: 0.0005
-------------------------------------
[Epoch : 8/40]
Total_loss	: 1.2866
Src_cls_loss	: 0.1926
coral_loss	: 0.0005
-------------------------------------
[Epoch : 9/40]
Total_loss	: 1.2291
Src_cls_loss	: 0.1840
coral_loss	: 0.0005
-------------------------------------
[Epoch : 10/40]
Total_loss	: 1.1811
Src_cls_loss	: 0.1768
coral_loss	: 0.0005
-------------------------------------
[Epoch : 11/40]
Total_loss	: 1.1384
Src_cls_loss	: 0.1704
coral_loss	: 0.0005
-------------------------------------
[Epoch : 12/40]
Total_loss	: 1.0994
Src_cls_loss	: 0.1645
coral_loss	: 0.0005
-------------------------------------
[Epoch : 13/40]
Total_loss	: 1.0637
Src_cls_loss	: 0.1592
coral_loss	: 0.0004
-------------------------------------
[Epoch : 14/40]
Total_loss	: 1.0313
Src_cls_loss	: 0.1544
coral_loss	: 0.0004
-------------------------------------
[Epoch : 15/40]
Total_loss	: 1.0016
Src_cls_loss	: 0.1499
coral_loss	: 0.0004
-------------------------------------
[Epoch : 16/40]
Total_loss	: 0.9733
Src_cls_loss	: 0.1457
coral_loss	: 0.0004
-------------------------------------
[Epoch : 17/40]
Total_loss	: 0.9463
Src_cls_loss	: 0.1416
coral_loss	: 0.0004
-------------------------------------
[Epoch : 18/40]
Total_loss	: 0.9224
Src_cls_loss	: 0.1380
coral_loss	: 0.0004
-------------------------------------
[Epoch : 19/40]
Total_loss	: 0.8984
Src_cls_loss	: 0.1345
coral_loss	: 0.0004
-------------------------------------
[Epoch : 20/40]
Total_loss	: 0.8759
Src_cls_loss	: 0.1311
coral_loss	: 0.0004
-------------------------------------
[Epoch : 21/40]
Total_loss	: 0.8544
Src_cls_loss	: 0.1279
coral_loss	: 0.0004
-------------------------------------
[Epoch : 22/40]
Total_loss	: 0.8338
Src_cls_loss	: 0.1248
coral_loss	: 0.0004
-------------------------------------
[Epoch : 23/40]
Total_loss	: 0.8144
Src_cls_loss	: 0.1219
coral_loss	: 0.0004
-------------------------------------
[Epoch : 24/40]
Total_loss	: 0.7954
Src_cls_loss	: 0.1190
coral_loss	: 0.0004
-------------------------------------
[Epoch : 25/40]
Total_loss	: 0.7775
Src_cls_loss	: 0.1164
coral_loss	: 0.0003
-------------------------------------
[Epoch : 26/40]
Total_loss	: 0.7594
Src_cls_loss	: 0.1136
coral_loss	: 0.0003
-------------------------------------
[Epoch : 27/40]
Total_loss	: 0.7429
Src_cls_loss	: 0.1112
coral_loss	: 0.0003
-------------------------------------
[Epoch : 28/40]
Total_loss	: 0.7271
Src_cls_loss	: 0.1088
coral_loss	: 0.0003
-------------------------------------
[Epoch : 29/40]
Total_loss	: 0.7121
Src_cls_loss	: 0.1066
coral_loss	: 0.0003
-------------------------------------
[Epoch : 30/40]
Total_loss	: 0.6981
Src_cls_loss	: 0.1045
coral_loss	: 0.0003
-------------------------------------
[Epoch : 31/40]
Total_loss	: 0.6836
Src_cls_loss	: 0.1023
coral_loss	: 0.0003
-------------------------------------
[Epoch : 32/40]
Total_loss	: 0.6694
Src_cls_loss	: 0.1002
coral_loss	: 0.0003
-------------------------------------
[Epoch : 33/40]
Total_loss	: 0.6567
Src_cls_loss	: 0.0983
coral_loss	: 0.0003
-------------------------------------
[Epoch : 34/40]
Total_loss	: 0.6446
Src_cls_loss	: 0.0964
coral_loss	: 0.0003
-------------------------------------
[Epoch : 35/40]
Total_loss	: 0.6323
Src_cls_loss	: 0.0946
coral_loss	: 0.0003
-------------------------------------
[Epoch : 36/40]
Total_loss	: 0.6213
Src_cls_loss	: 0.0929
coral_loss	: 0.0003
-------------------------------------
[Epoch : 37/40]
Total_loss	: 0.6094
Src_cls_loss	: 0.0912
coral_loss	: 0.0003
-------------------------------------
[Epoch : 38/40]
Total_loss	: 0.5984
Src_cls_loss	: 0.0895
coral_loss	: 0.0003
-------------------------------------
[Epoch : 39/40]
Total_loss	: 0.5878
Src_cls_loss	: 0.0879
coral_loss	: 0.0003
-------------------------------------
[Epoch : 40/40]
Total_loss	: 0.5782
Src_cls_loss	: 0.0865
coral_loss	: 0.0003
-------------------------------------
