=============================================
Dataset: pamap_mobiact
Method:  SYN
=============================================
Source: syn_wal_66 ---> Target: dp_wal_66
Run ID: 5
=============================================
[Epoch : 1/40]
Src_cls_loss	: 0.5006
-------------------------------------
[Epoch : 2/40]
Src_cls_loss	: 0.3267
-------------------------------------
[Epoch : 3/40]
Src_cls_loss	: 0.2457
-------------------------------------
[Epoch : 4/40]
Src_cls_loss	: 0.1996
-------------------------------------
[Epoch : 5/40]
Src_cls_loss	: 0.1693
-------------------------------------
[Epoch : 6/40]
Src_cls_loss	: 0.1469
-------------------------------------
[Epoch : 7/40]
Src_cls_loss	: 0.1305
-------------------------------------
[Epoch : 8/40]
Src_cls_loss	: 0.1183
-------------------------------------
[Epoch : 9/40]
Src_cls_loss	: 0.1072
-------------------------------------
[Epoch : 10/40]
Src_cls_loss	: 0.0987
-------------------------------------
[Epoch : 11/40]
Src_cls_loss	: 0.0913
-------------------------------------
[Epoch : 12/40]
Src_cls_loss	: 0.0847
-------------------------------------
[Epoch : 13/40]
Src_cls_loss	: 0.0794
-------------------------------------
[Epoch : 14/40]
Src_cls_loss	: 0.0744
-------------------------------------
[Epoch : 15/40]
Src_cls_loss	: 0.0700
-------------------------------------
[Epoch : 16/40]
Src_cls_loss	: 0.0663
-------------------------------------
[Epoch : 17/40]
Src_cls_loss	: 0.0630
-------------------------------------
[Epoch : 18/40]
Src_cls_loss	: 0.0602
-------------------------------------
[Epoch : 19/40]
Src_cls_loss	: 0.0575
-------------------------------------
[Epoch : 20/40]
Src_cls_loss	: 0.0549
-------------------------------------
[Epoch : 21/40]
Src_cls_loss	: 0.0526
-------------------------------------
[Epoch : 22/40]
Src_cls_loss	: 0.0505
-------------------------------------
[Epoch : 23/40]
Src_cls_loss	: 0.0484
-------------------------------------
[Epoch : 24/40]
Src_cls_loss	: 0.0466
-------------------------------------
[Epoch : 25/40]
Src_cls_loss	: 0.0448
-------------------------------------
[Epoch : 26/40]
Src_cls_loss	: 0.0433
-------------------------------------
[Epoch : 27/40]
Src_cls_loss	: 0.0419
-------------------------------------
[Epoch : 28/40]
Src_cls_loss	: 0.0408
-------------------------------------
[Epoch : 29/40]
Src_cls_loss	: 0.0397
-------------------------------------
[Epoch : 30/40]
Src_cls_loss	: 0.0386
-------------------------------------
[Epoch : 31/40]
Src_cls_loss	: 0.0375
-------------------------------------
[Epoch : 32/40]
Src_cls_loss	: 0.0364
-------------------------------------
[Epoch : 33/40]
Src_cls_loss	: 0.0354
-------------------------------------
[Epoch : 34/40]
Src_cls_loss	: 0.0345
-------------------------------------
[Epoch : 35/40]
Src_cls_loss	: 0.0335
-------------------------------------
[Epoch : 36/40]
Src_cls_loss	: 0.0327
-------------------------------------
[Epoch : 37/40]
Src_cls_loss	: 0.0318
-------------------------------------
[Epoch : 38/40]
Src_cls_loss	: 0.0310
-------------------------------------
[Epoch : 39/40]
Src_cls_loss	: 0.0303
-------------------------------------
[Epoch : 40/40]
Src_cls_loss	: 0.0296
-------------------------------------
