=============================================
Dataset: realworld_mobiact
Method:  SYN
=============================================
Source: syn_wal_39 ---> Target: dp_wal_39
Run ID: 0
=============================================
[Epoch : 1/40]
Src_cls_loss	: 0.8668
-------------------------------------
[Epoch : 2/40]
Src_cls_loss	: 0.7364
-------------------------------------
[Epoch : 3/40]
Src_cls_loss	: 0.6018
-------------------------------------
[Epoch : 4/40]
Src_cls_loss	: 0.4931
-------------------------------------
[Epoch : 5/40]
Src_cls_loss	: 0.4193
-------------------------------------
[Epoch : 6/40]
Src_cls_loss	: 0.3628
-------------------------------------
[Epoch : 7/40]
Src_cls_loss	: 0.3183
-------------------------------------
[Epoch : 8/40]
Src_cls_loss	: 0.2852
-------------------------------------
[Epoch : 9/40]
Src_cls_loss	: 0.2572
-------------------------------------
[Epoch : 10/40]
Src_cls_loss	: 0.2338
-------------------------------------
[Epoch : 11/40]
Src_cls_loss	: 0.2143
-------------------------------------
[Epoch : 12/40]
Src_cls_loss	: 0.1978
-------------------------------------
[Epoch : 13/40]
Src_cls_loss	: 0.1836
-------------------------------------
[Epoch : 14/40]
Src_cls_loss	: 0.1717
-------------------------------------
[Epoch : 15/40]
Src_cls_loss	: 0.1612
-------------------------------------
[Epoch : 16/40]
Src_cls_loss	: 0.1519
-------------------------------------
[Epoch : 17/40]
Src_cls_loss	: 0.1436
-------------------------------------
[Epoch : 18/40]
Src_cls_loss	: 0.1364
-------------------------------------
[Epoch : 19/40]
Src_cls_loss	: 0.1305
-------------------------------------
[Epoch : 20/40]
Src_cls_loss	: 0.1247
-------------------------------------
[Epoch : 21/40]
Src_cls_loss	: 0.1194
-------------------------------------
[Epoch : 22/40]
Src_cls_loss	: 0.1143
-------------------------------------
[Epoch : 23/40]
Src_cls_loss	: 0.1096
-------------------------------------
[Epoch : 24/40]
Src_cls_loss	: 0.1054
-------------------------------------
[Epoch : 25/40]
Src_cls_loss	: 0.1016
-------------------------------------
[Epoch : 26/40]
Src_cls_loss	: 0.0979
-------------------------------------
[Epoch : 27/40]
Src_cls_loss	: 0.0945
-------------------------------------
[Epoch : 28/40]
Src_cls_loss	: 0.0913
-------------------------------------
[Epoch : 29/40]
Src_cls_loss	: 0.0883
-------------------------------------
[Epoch : 30/40]
Src_cls_loss	: 0.0855
-------------------------------------
[Epoch : 31/40]
Src_cls_loss	: 0.0828
-------------------------------------
[Epoch : 32/40]
Src_cls_loss	: 0.0803
-------------------------------------
[Epoch : 33/40]
Src_cls_loss	: 0.0782
-------------------------------------
[Epoch : 34/40]
Src_cls_loss	: 0.0761
-------------------------------------
[Epoch : 35/40]
Src_cls_loss	: 0.0740
-------------------------------------
[Epoch : 36/40]
Src_cls_loss	: 0.0722
-------------------------------------
[Epoch : 37/40]
Src_cls_loss	: 0.0704
-------------------------------------
[Epoch : 38/40]
Src_cls_loss	: 0.0686
-------------------------------------
[Epoch : 39/40]
Src_cls_loss	: 0.0669
-------------------------------------
[Epoch : 40/40]
Src_cls_loss	: 0.0653
-------------------------------------
