=============================================
Dataset: realworld_mobiact
Method:  SYN
=============================================
Source: syn_wal_35 ---> Target: dp_wal_35
Run ID: 1
=============================================
[Epoch : 1/40]
Src_cls_loss	: 0.9169
-------------------------------------
[Epoch : 2/40]
Src_cls_loss	: 0.8155
-------------------------------------
[Epoch : 3/40]
Src_cls_loss	: 0.6890
-------------------------------------
[Epoch : 4/40]
Src_cls_loss	: 0.5683
-------------------------------------
[Epoch : 5/40]
Src_cls_loss	: 0.4798
-------------------------------------
[Epoch : 6/40]
Src_cls_loss	: 0.4110
-------------------------------------
[Epoch : 7/40]
Src_cls_loss	: 0.3595
-------------------------------------
[Epoch : 8/40]
Src_cls_loss	: 0.3193
-------------------------------------
[Epoch : 9/40]
Src_cls_loss	: 0.2869
-------------------------------------
[Epoch : 10/40]
Src_cls_loss	: 0.2615
-------------------------------------
[Epoch : 11/40]
Src_cls_loss	: 0.2407
-------------------------------------
[Epoch : 12/40]
Src_cls_loss	: 0.2226
-------------------------------------
[Epoch : 13/40]
Src_cls_loss	: 0.2063
-------------------------------------
[Epoch : 14/40]
Src_cls_loss	: 0.1928
-------------------------------------
[Epoch : 15/40]
Src_cls_loss	: 0.1805
-------------------------------------
[Epoch : 16/40]
Src_cls_loss	: 0.1697
-------------------------------------
[Epoch : 17/40]
Src_cls_loss	: 0.1602
-------------------------------------
[Epoch : 18/40]
Src_cls_loss	: 0.1520
-------------------------------------
[Epoch : 19/40]
Src_cls_loss	: 0.1443
-------------------------------------
[Epoch : 20/40]
Src_cls_loss	: 0.1374
-------------------------------------
[Epoch : 21/40]
Src_cls_loss	: 0.1313
-------------------------------------
[Epoch : 22/40]
Src_cls_loss	: 0.1257
-------------------------------------
[Epoch : 23/40]
Src_cls_loss	: 0.1205
-------------------------------------
[Epoch : 24/40]
Src_cls_loss	: 0.1157
-------------------------------------
[Epoch : 25/40]
Src_cls_loss	: 0.1113
-------------------------------------
[Epoch : 26/40]
Src_cls_loss	: 0.1072
-------------------------------------
[Epoch : 27/40]
Src_cls_loss	: 0.1033
-------------------------------------
[Epoch : 28/40]
Src_cls_loss	: 0.0998
-------------------------------------
[Epoch : 29/40]
Src_cls_loss	: 0.0964
-------------------------------------
[Epoch : 30/40]
Src_cls_loss	: 0.0933
-------------------------------------
[Epoch : 31/40]
Src_cls_loss	: 0.0904
-------------------------------------
[Epoch : 32/40]
Src_cls_loss	: 0.0877
-------------------------------------
[Epoch : 33/40]
Src_cls_loss	: 0.0851
-------------------------------------
[Epoch : 34/40]
Src_cls_loss	: 0.0827
-------------------------------------
[Epoch : 35/40]
Src_cls_loss	: 0.0804
-------------------------------------
[Epoch : 36/40]
Src_cls_loss	: 0.0782
-------------------------------------
[Epoch : 37/40]
Src_cls_loss	: 0.0762
-------------------------------------
[Epoch : 38/40]
Src_cls_loss	: 0.0743
-------------------------------------
[Epoch : 39/40]
Src_cls_loss	: 0.0724
-------------------------------------
[Epoch : 40/40]
Src_cls_loss	: 0.0707
-------------------------------------
