=============================================
Dataset: pamap_mobiact
Method:  NO_ADAPT
=============================================
Source: syn_53 ---> Target: dp_53
Run ID: 2
=============================================
[Epoch : 1/40]
Src_cls_loss	: 0.5784
-------------------------------------
[Epoch : 2/40]
Src_cls_loss	: 0.4075
-------------------------------------
[Epoch : 3/40]
Src_cls_loss	: 0.3191
-------------------------------------
[Epoch : 4/40]
Src_cls_loss	: 0.2626
-------------------------------------
[Epoch : 5/40]
Src_cls_loss	: 0.2222
-------------------------------------
[Epoch : 6/40]
Src_cls_loss	: 0.1921
-------------------------------------
[Epoch : 7/40]
Src_cls_loss	: 0.1714
-------------------------------------
[Epoch : 8/40]
Src_cls_loss	: 0.1537
-------------------------------------
[Epoch : 9/40]
Src_cls_loss	: 0.1399
-------------------------------------
[Epoch : 10/40]
Src_cls_loss	: 0.1283
-------------------------------------
[Epoch : 11/40]
Src_cls_loss	: 0.1190
-------------------------------------
[Epoch : 12/40]
Src_cls_loss	: 0.1103
-------------------------------------
[Epoch : 13/40]
Src_cls_loss	: 0.1032
-------------------------------------
[Epoch : 14/40]
Src_cls_loss	: 0.0970
-------------------------------------
[Epoch : 15/40]
Src_cls_loss	: 0.0919
-------------------------------------
[Epoch : 16/40]
Src_cls_loss	: 0.0870
-------------------------------------
[Epoch : 17/40]
Src_cls_loss	: 0.0824
-------------------------------------
[Epoch : 18/40]
Src_cls_loss	: 0.0781
-------------------------------------
[Epoch : 19/40]
Src_cls_loss	: 0.0745
-------------------------------------
[Epoch : 20/40]
Src_cls_loss	: 0.0711
-------------------------------------
[Epoch : 21/40]
Src_cls_loss	: 0.0699
-------------------------------------
[Epoch : 22/40]
Src_cls_loss	: 0.0676
-------------------------------------
[Epoch : 23/40]
Src_cls_loss	: 0.0652
-------------------------------------
[Epoch : 24/40]
Src_cls_loss	: 0.0629
-------------------------------------
[Epoch : 25/40]
Src_cls_loss	: 0.0607
-------------------------------------
[Epoch : 26/40]
Src_cls_loss	: 0.0590
-------------------------------------
[Epoch : 27/40]
Src_cls_loss	: 0.0575
-------------------------------------
[Epoch : 28/40]
Src_cls_loss	: 0.0556
-------------------------------------
[Epoch : 29/40]
Src_cls_loss	: 0.0539
-------------------------------------
[Epoch : 30/40]
Src_cls_loss	: 0.0523
-------------------------------------
[Epoch : 31/40]
Src_cls_loss	: 0.0507
-------------------------------------
[Epoch : 32/40]
Src_cls_loss	: 0.0492
-------------------------------------
[Epoch : 33/40]
Src_cls_loss	: 0.0478
-------------------------------------
[Epoch : 34/40]
Src_cls_loss	: 0.0465
-------------------------------------
[Epoch : 35/40]
Src_cls_loss	: 0.0453
-------------------------------------
[Epoch : 36/40]
Src_cls_loss	: 0.0442
-------------------------------------
[Epoch : 37/40]
Src_cls_loss	: 0.0431
-------------------------------------
[Epoch : 38/40]
Src_cls_loss	: 0.0420
-------------------------------------
[Epoch : 39/40]
Src_cls_loss	: 0.0410
-------------------------------------
[Epoch : 40/40]
Src_cls_loss	: 0.0400
-------------------------------------
