=============================================
Dataset: realworld_mobiact
Method:  NO_ADAPT
=============================================
Source: syn_71 ---> Target: dp_71
Run ID: 0
=============================================
[Epoch : 1/40]
Src_cls_loss	: 0.8177
-------------------------------------
[Epoch : 2/40]
Src_cls_loss	: 0.6481
-------------------------------------
[Epoch : 3/40]
Src_cls_loss	: 0.5160
-------------------------------------
[Epoch : 4/40]
Src_cls_loss	: 0.4372
-------------------------------------
[Epoch : 5/40]
Src_cls_loss	: 0.3778
-------------------------------------
[Epoch : 6/40]
Src_cls_loss	: 0.3324
-------------------------------------
[Epoch : 7/40]
Src_cls_loss	: 0.2928
-------------------------------------
[Epoch : 8/40]
Src_cls_loss	: 0.2628
-------------------------------------
[Epoch : 9/40]
Src_cls_loss	: 0.2388
-------------------------------------
[Epoch : 10/40]
Src_cls_loss	: 0.2185
-------------------------------------
[Epoch : 11/40]
Src_cls_loss	: 0.2016
-------------------------------------
[Epoch : 12/40]
Src_cls_loss	: 0.1878
-------------------------------------
[Epoch : 13/40]
Src_cls_loss	: 0.1752
-------------------------------------
[Epoch : 14/40]
Src_cls_loss	: 0.1641
-------------------------------------
[Epoch : 15/40]
Src_cls_loss	: 0.1546
-------------------------------------
[Epoch : 16/40]
Src_cls_loss	: 0.1469
-------------------------------------
[Epoch : 17/40]
Src_cls_loss	: 0.1404
-------------------------------------
[Epoch : 18/40]
Src_cls_loss	: 0.1343
-------------------------------------
[Epoch : 19/40]
Src_cls_loss	: 0.1282
-------------------------------------
[Epoch : 20/40]
Src_cls_loss	: 0.1228
-------------------------------------
[Epoch : 21/40]
Src_cls_loss	: 0.1177
-------------------------------------
[Epoch : 22/40]
Src_cls_loss	: 0.1128
-------------------------------------
[Epoch : 23/40]
Src_cls_loss	: 0.1084
-------------------------------------
[Epoch : 24/40]
Src_cls_loss	: 0.1044
-------------------------------------
[Epoch : 25/40]
Src_cls_loss	: 0.1005
-------------------------------------
[Epoch : 26/40]
Src_cls_loss	: 0.0970
-------------------------------------
[Epoch : 27/40]
Src_cls_loss	: 0.0935
-------------------------------------
[Epoch : 28/40]
Src_cls_loss	: 0.0904
-------------------------------------
[Epoch : 29/40]
Src_cls_loss	: 0.0875
-------------------------------------
[Epoch : 30/40]
Src_cls_loss	: 0.0849
-------------------------------------
[Epoch : 31/40]
Src_cls_loss	: 0.0826
-------------------------------------
[Epoch : 32/40]
Src_cls_loss	: 0.0802
-------------------------------------
[Epoch : 33/40]
Src_cls_loss	: 0.0779
-------------------------------------
[Epoch : 34/40]
Src_cls_loss	: 0.0758
-------------------------------------
[Epoch : 35/40]
Src_cls_loss	: 0.0739
-------------------------------------
[Epoch : 36/40]
Src_cls_loss	: 0.0721
-------------------------------------
[Epoch : 37/40]
Src_cls_loss	: 0.0703
-------------------------------------
[Epoch : 38/40]
Src_cls_loss	: 0.0686
-------------------------------------
[Epoch : 39/40]
Src_cls_loss	: 0.0670
-------------------------------------
[Epoch : 40/40]
Src_cls_loss	: 0.0656
-------------------------------------
