=============================================
Dataset: mobiact_realworld
Method:  NO_ADAPT
=============================================
Source: syn_63 ---> Target: dp_63
Run ID: 7
=============================================
[Epoch : 1/40]
Src_cls_loss	: 0.5685
-------------------------------------
[Epoch : 2/40]
Src_cls_loss	: 0.3966
-------------------------------------
[Epoch : 3/40]
Src_cls_loss	: 0.3100
-------------------------------------
[Epoch : 4/40]
Src_cls_loss	: 0.2613
-------------------------------------
[Epoch : 5/40]
Src_cls_loss	: 0.2269
-------------------------------------
[Epoch : 6/40]
Src_cls_loss	: 0.2011
-------------------------------------
[Epoch : 7/40]
Src_cls_loss	: 0.1814
-------------------------------------
[Epoch : 8/40]
Src_cls_loss	: 0.1682
-------------------------------------
[Epoch : 9/40]
Src_cls_loss	: 0.1563
-------------------------------------
[Epoch : 10/40]
Src_cls_loss	: 0.1459
-------------------------------------
[Epoch : 11/40]
Src_cls_loss	: 0.1366
-------------------------------------
[Epoch : 12/40]
Src_cls_loss	: 0.1284
-------------------------------------
[Epoch : 13/40]
Src_cls_loss	: 0.1217
-------------------------------------
[Epoch : 14/40]
Src_cls_loss	: 0.1160
-------------------------------------
[Epoch : 15/40]
Src_cls_loss	: 0.1108
-------------------------------------
[Epoch : 16/40]
Src_cls_loss	: 0.1062
-------------------------------------
[Epoch : 17/40]
Src_cls_loss	: 0.1017
-------------------------------------
[Epoch : 18/40]
Src_cls_loss	: 0.0977
-------------------------------------
[Epoch : 19/40]
Src_cls_loss	: 0.0935
-------------------------------------
[Epoch : 20/40]
Src_cls_loss	: 0.0900
-------------------------------------
[Epoch : 21/40]
Src_cls_loss	: 0.0867
-------------------------------------
[Epoch : 22/40]
Src_cls_loss	: 0.0837
-------------------------------------
[Epoch : 23/40]
Src_cls_loss	: 0.0814
-------------------------------------
[Epoch : 24/40]
Src_cls_loss	: 0.0791
-------------------------------------
[Epoch : 25/40]
Src_cls_loss	: 0.0770
-------------------------------------
[Epoch : 26/40]
Src_cls_loss	: 0.0750
-------------------------------------
[Epoch : 27/40]
Src_cls_loss	: 0.0729
-------------------------------------
[Epoch : 28/40]
Src_cls_loss	: 0.0709
-------------------------------------
[Epoch : 29/40]
Src_cls_loss	: 0.0689
-------------------------------------
[Epoch : 30/40]
Src_cls_loss	: 0.0671
-------------------------------------
[Epoch : 31/40]
Src_cls_loss	: 0.0653
-------------------------------------
[Epoch : 32/40]
Src_cls_loss	: 0.0638
-------------------------------------
[Epoch : 33/40]
Src_cls_loss	: 0.0622
-------------------------------------
[Epoch : 34/40]
Src_cls_loss	: 0.0608
-------------------------------------
[Epoch : 35/40]
Src_cls_loss	: 0.0598
-------------------------------------
[Epoch : 36/40]
Src_cls_loss	: 0.0586
-------------------------------------
[Epoch : 37/40]
Src_cls_loss	: 0.0575
-------------------------------------
[Epoch : 38/40]
Src_cls_loss	: 0.0563
-------------------------------------
[Epoch : 39/40]
Src_cls_loss	: 0.0553
-------------------------------------
[Epoch : 40/40]
Src_cls_loss	: 0.0545
-------------------------------------
