=============================================
Dataset: pamap_mobiact
Method:  SYN
=============================================
Source: syn_wal_40 ---> Target: dp_wal_40
Run ID: 0
=============================================
[Epoch : 1/40]
Src_cls_loss	: 0.5653
-------------------------------------
[Epoch : 2/40]
Src_cls_loss	: 0.3805
-------------------------------------
[Epoch : 3/40]
Src_cls_loss	: 0.2883
-------------------------------------
[Epoch : 4/40]
Src_cls_loss	: 0.2295
-------------------------------------
[Epoch : 5/40]
Src_cls_loss	: 0.1941
-------------------------------------
[Epoch : 6/40]
Src_cls_loss	: 0.1672
-------------------------------------
[Epoch : 7/40]
Src_cls_loss	: 0.1479
-------------------------------------
[Epoch : 8/40]
Src_cls_loss	: 0.1331
-------------------------------------
[Epoch : 9/40]
Src_cls_loss	: 0.1207
-------------------------------------
[Epoch : 10/40]
Src_cls_loss	: 0.1104
-------------------------------------
[Epoch : 11/40]
Src_cls_loss	: 0.1019
-------------------------------------
[Epoch : 12/40]
Src_cls_loss	: 0.0948
-------------------------------------
[Epoch : 13/40]
Src_cls_loss	: 0.0887
-------------------------------------
[Epoch : 14/40]
Src_cls_loss	: 0.0834
-------------------------------------
[Epoch : 15/40]
Src_cls_loss	: 0.0784
-------------------------------------
[Epoch : 16/40]
Src_cls_loss	: 0.0744
-------------------------------------
[Epoch : 17/40]
Src_cls_loss	: 0.0709
-------------------------------------
[Epoch : 18/40]
Src_cls_loss	: 0.0679
-------------------------------------
[Epoch : 19/40]
Src_cls_loss	: 0.0652
-------------------------------------
[Epoch : 20/40]
Src_cls_loss	: 0.0623
-------------------------------------
[Epoch : 21/40]
Src_cls_loss	: 0.0598
-------------------------------------
[Epoch : 22/40]
Src_cls_loss	: 0.0582
-------------------------------------
[Epoch : 23/40]
Src_cls_loss	: 0.0566
-------------------------------------
[Epoch : 24/40]
Src_cls_loss	: 0.0545
-------------------------------------
[Epoch : 25/40]
Src_cls_loss	: 0.0526
-------------------------------------
[Epoch : 26/40]
Src_cls_loss	: 0.0508
-------------------------------------
[Epoch : 27/40]
Src_cls_loss	: 0.0491
-------------------------------------
[Epoch : 28/40]
Src_cls_loss	: 0.0476
-------------------------------------
[Epoch : 29/40]
Src_cls_loss	: 0.0461
-------------------------------------
[Epoch : 30/40]
Src_cls_loss	: 0.0447
-------------------------------------
[Epoch : 31/40]
Src_cls_loss	: 0.0433
-------------------------------------
[Epoch : 32/40]
Src_cls_loss	: 0.0420
-------------------------------------
[Epoch : 33/40]
Src_cls_loss	: 0.0409
-------------------------------------
[Epoch : 34/40]
Src_cls_loss	: 0.0397
-------------------------------------
[Epoch : 35/40]
Src_cls_loss	: 0.0386
-------------------------------------
[Epoch : 36/40]
Src_cls_loss	: 0.0376
-------------------------------------
[Epoch : 37/40]
Src_cls_loss	: 0.0367
-------------------------------------
[Epoch : 38/40]
Src_cls_loss	: 0.0358
-------------------------------------
[Epoch : 39/40]
Src_cls_loss	: 0.0349
-------------------------------------
[Epoch : 40/40]
Src_cls_loss	: 0.0341
-------------------------------------
