=============================================
Dataset: realworld_mobiact
Method:  SYN
=============================================
Source: syn_wal_45 ---> Target: dp_wal_45
Run ID: 5
=============================================
[Epoch : 1/40]
Src_cls_loss	: 0.8301
-------------------------------------
[Epoch : 2/40]
Src_cls_loss	: 0.6237
-------------------------------------
[Epoch : 3/40]
Src_cls_loss	: 0.4837
-------------------------------------
[Epoch : 4/40]
Src_cls_loss	: 0.3891
-------------------------------------
[Epoch : 5/40]
Src_cls_loss	: 0.3226
-------------------------------------
[Epoch : 6/40]
Src_cls_loss	: 0.2760
-------------------------------------
[Epoch : 7/40]
Src_cls_loss	: 0.2421
-------------------------------------
[Epoch : 8/40]
Src_cls_loss	: 0.2153
-------------------------------------
[Epoch : 9/40]
Src_cls_loss	: 0.1934
-------------------------------------
[Epoch : 10/40]
Src_cls_loss	: 0.1757
-------------------------------------
[Epoch : 11/40]
Src_cls_loss	: 0.1607
-------------------------------------
[Epoch : 12/40]
Src_cls_loss	: 0.1484
-------------------------------------
[Epoch : 13/40]
Src_cls_loss	: 0.1382
-------------------------------------
[Epoch : 14/40]
Src_cls_loss	: 0.1290
-------------------------------------
[Epoch : 15/40]
Src_cls_loss	: 0.1211
-------------------------------------
[Epoch : 16/40]
Src_cls_loss	: 0.1149
-------------------------------------
[Epoch : 17/40]
Src_cls_loss	: 0.1089
-------------------------------------
[Epoch : 18/40]
Src_cls_loss	: 0.1036
-------------------------------------
[Epoch : 19/40]
Src_cls_loss	: 0.0990
-------------------------------------
[Epoch : 20/40]
Src_cls_loss	: 0.0943
-------------------------------------
[Epoch : 21/40]
Src_cls_loss	: 0.0901
-------------------------------------
[Epoch : 22/40]
Src_cls_loss	: 0.0861
-------------------------------------
[Epoch : 23/40]
Src_cls_loss	: 0.0825
-------------------------------------
[Epoch : 24/40]
Src_cls_loss	: 0.0793
-------------------------------------
[Epoch : 25/40]
Src_cls_loss	: 0.0762
-------------------------------------
[Epoch : 26/40]
Src_cls_loss	: 0.0735
-------------------------------------
[Epoch : 27/40]
Src_cls_loss	: 0.0708
-------------------------------------
[Epoch : 28/40]
Src_cls_loss	: 0.0684
-------------------------------------
[Epoch : 29/40]
Src_cls_loss	: 0.0662
-------------------------------------
[Epoch : 30/40]
Src_cls_loss	: 0.0640
-------------------------------------
[Epoch : 31/40]
Src_cls_loss	: 0.0620
-------------------------------------
[Epoch : 32/40]
Src_cls_loss	: 0.0601
-------------------------------------
[Epoch : 33/40]
Src_cls_loss	: 0.0584
-------------------------------------
[Epoch : 34/40]
Src_cls_loss	: 0.0567
-------------------------------------
[Epoch : 35/40]
Src_cls_loss	: 0.0551
-------------------------------------
[Epoch : 36/40]
Src_cls_loss	: 0.0537
-------------------------------------
[Epoch : 37/40]
Src_cls_loss	: 0.0523
-------------------------------------
[Epoch : 38/40]
Src_cls_loss	: 0.0509
-------------------------------------
[Epoch : 39/40]
Src_cls_loss	: 0.0497
-------------------------------------
[Epoch : 40/40]
Src_cls_loss	: 0.0486
-------------------------------------
