=============================================
Dataset: pamap_mobiact
Method:  NO_ADAPT
=============================================
Source: syn_34 ---> Target: dp_34
Run ID: 3
=============================================
[Epoch : 1/40]
Src_cls_loss	: 0.7264
-------------------------------------
[Epoch : 2/40]
Src_cls_loss	: 0.6141
-------------------------------------
[Epoch : 3/40]
Src_cls_loss	: 0.5286
-------------------------------------
[Epoch : 4/40]
Src_cls_loss	: 0.4591
-------------------------------------
[Epoch : 5/40]
Src_cls_loss	: 0.4096
-------------------------------------
[Epoch : 6/40]
Src_cls_loss	: 0.3698
-------------------------------------
[Epoch : 7/40]
Src_cls_loss	: 0.3430
-------------------------------------
[Epoch : 8/40]
Src_cls_loss	: 0.3220
-------------------------------------
[Epoch : 9/40]
Src_cls_loss	: 0.3002
-------------------------------------
[Epoch : 10/40]
Src_cls_loss	: 0.2810
-------------------------------------
[Epoch : 11/40]
Src_cls_loss	: 0.2635
-------------------------------------
[Epoch : 12/40]
Src_cls_loss	: 0.2487
-------------------------------------
[Epoch : 13/40]
Src_cls_loss	: 0.2345
-------------------------------------
[Epoch : 14/40]
Src_cls_loss	: 0.2223
-------------------------------------
[Epoch : 15/40]
Src_cls_loss	: 0.2115
-------------------------------------
[Epoch : 16/40]
Src_cls_loss	: 0.2009
-------------------------------------
[Epoch : 17/40]
Src_cls_loss	: 0.1927
-------------------------------------
[Epoch : 18/40]
Src_cls_loss	: 0.1841
-------------------------------------
[Epoch : 19/40]
Src_cls_loss	: 0.1764
-------------------------------------
[Epoch : 20/40]
Src_cls_loss	: 0.1696
-------------------------------------
[Epoch : 21/40]
Src_cls_loss	: 0.1631
-------------------------------------
[Epoch : 22/40]
Src_cls_loss	: 0.1579
-------------------------------------
[Epoch : 23/40]
Src_cls_loss	: 0.1531
-------------------------------------
[Epoch : 24/40]
Src_cls_loss	: 0.1479
-------------------------------------
[Epoch : 25/40]
Src_cls_loss	: 0.1434
-------------------------------------
[Epoch : 26/40]
Src_cls_loss	: 0.1386
-------------------------------------
[Epoch : 27/40]
Src_cls_loss	: 0.1348
-------------------------------------
[Epoch : 28/40]
Src_cls_loss	: 0.1313
-------------------------------------
[Epoch : 29/40]
Src_cls_loss	: 0.1275
-------------------------------------
[Epoch : 30/40]
Src_cls_loss	: 0.1243
-------------------------------------
[Epoch : 31/40]
Src_cls_loss	: 0.1213
-------------------------------------
[Epoch : 32/40]
Src_cls_loss	: 0.1181
-------------------------------------
[Epoch : 33/40]
Src_cls_loss	: 0.1152
-------------------------------------
[Epoch : 34/40]
Src_cls_loss	: 0.1125
-------------------------------------
[Epoch : 35/40]
Src_cls_loss	: 0.1099
-------------------------------------
[Epoch : 36/40]
Src_cls_loss	: 0.1072
-------------------------------------
[Epoch : 37/40]
Src_cls_loss	: 0.1049
-------------------------------------
[Epoch : 38/40]
Src_cls_loss	: 0.1028
-------------------------------------
[Epoch : 39/40]
Src_cls_loss	: 0.1006
-------------------------------------
[Epoch : 40/40]
Src_cls_loss	: 0.0983
-------------------------------------
