=============================================
Dataset: mobiact_pamap
Method:  NO_ADAPT
=============================================
Source: syn_62 ---> Target: dp_62
Run ID: 6
=============================================
[Epoch : 1/40]
Src_cls_loss	: 0.6604
-------------------------------------
[Epoch : 2/40]
Src_cls_loss	: 0.4640
-------------------------------------
[Epoch : 3/40]
Src_cls_loss	: 0.3540
-------------------------------------
[Epoch : 4/40]
Src_cls_loss	: 0.2862
-------------------------------------
[Epoch : 5/40]
Src_cls_loss	: 0.2386
-------------------------------------
[Epoch : 6/40]
Src_cls_loss	: 0.2052
-------------------------------------
[Epoch : 7/40]
Src_cls_loss	: 0.1807
-------------------------------------
[Epoch : 8/40]
Src_cls_loss	: 0.1605
-------------------------------------
[Epoch : 9/40]
Src_cls_loss	: 0.1444
-------------------------------------
[Epoch : 10/40]
Src_cls_loss	: 0.1312
-------------------------------------
[Epoch : 11/40]
Src_cls_loss	: 0.1202
-------------------------------------
[Epoch : 12/40]
Src_cls_loss	: 0.1109
-------------------------------------
[Epoch : 13/40]
Src_cls_loss	: 0.1037
-------------------------------------
[Epoch : 14/40]
Src_cls_loss	: 0.0969
-------------------------------------
[Epoch : 15/40]
Src_cls_loss	: 0.0914
-------------------------------------
[Epoch : 16/40]
Src_cls_loss	: 0.0863
-------------------------------------
[Epoch : 17/40]
Src_cls_loss	: 0.0818
-------------------------------------
[Epoch : 18/40]
Src_cls_loss	: 0.0776
-------------------------------------
[Epoch : 19/40]
Src_cls_loss	: 0.0738
-------------------------------------
[Epoch : 20/40]
Src_cls_loss	: 0.0703
-------------------------------------
[Epoch : 21/40]
Src_cls_loss	: 0.0671
-------------------------------------
[Epoch : 22/40]
Src_cls_loss	: 0.0652
-------------------------------------
[Epoch : 23/40]
Src_cls_loss	: 0.0627
-------------------------------------
[Epoch : 24/40]
Src_cls_loss	: 0.0603
-------------------------------------
[Epoch : 25/40]
Src_cls_loss	: 0.0580
-------------------------------------
[Epoch : 26/40]
Src_cls_loss	: 0.0559
-------------------------------------
[Epoch : 27/40]
Src_cls_loss	: 0.0539
-------------------------------------
[Epoch : 28/40]
Src_cls_loss	: 0.0521
-------------------------------------
[Epoch : 29/40]
Src_cls_loss	: 0.0505
-------------------------------------
[Epoch : 30/40]
Src_cls_loss	: 0.0490
-------------------------------------
[Epoch : 31/40]
Src_cls_loss	: 0.0475
-------------------------------------
[Epoch : 32/40]
Src_cls_loss	: 0.0460
-------------------------------------
[Epoch : 33/40]
Src_cls_loss	: 0.0447
-------------------------------------
[Epoch : 34/40]
Src_cls_loss	: 0.0434
-------------------------------------
[Epoch : 35/40]
Src_cls_loss	: 0.0422
-------------------------------------
[Epoch : 36/40]
Src_cls_loss	: 0.0411
-------------------------------------
[Epoch : 37/40]
Src_cls_loss	: 0.0401
-------------------------------------
[Epoch : 38/40]
Src_cls_loss	: 0.0392
-------------------------------------
[Epoch : 39/40]
Src_cls_loss	: 0.0383
-------------------------------------
[Epoch : 40/40]
Src_cls_loss	: 0.0375
-------------------------------------
