=============================================
Dataset: realworld_mobiact
Method:  NO_ADAPT
=============================================
Source: syn_44 ---> Target: dp_44
Run ID: 1
=============================================
[Epoch : 1/40]
Src_cls_loss	: 0.9052
-------------------------------------
[Epoch : 2/40]
Src_cls_loss	: 0.8055
-------------------------------------
[Epoch : 3/40]
Src_cls_loss	: 0.6855
-------------------------------------
[Epoch : 4/40]
Src_cls_loss	: 0.5807
-------------------------------------
[Epoch : 5/40]
Src_cls_loss	: 0.5006
-------------------------------------
[Epoch : 6/40]
Src_cls_loss	: 0.4365
-------------------------------------
[Epoch : 7/40]
Src_cls_loss	: 0.3893
-------------------------------------
[Epoch : 8/40]
Src_cls_loss	: 0.3482
-------------------------------------
[Epoch : 9/40]
Src_cls_loss	: 0.3165
-------------------------------------
[Epoch : 10/40]
Src_cls_loss	: 0.2896
-------------------------------------
[Epoch : 11/40]
Src_cls_loss	: 0.2681
-------------------------------------
[Epoch : 12/40]
Src_cls_loss	: 0.2507
-------------------------------------
[Epoch : 13/40]
Src_cls_loss	: 0.2342
-------------------------------------
[Epoch : 14/40]
Src_cls_loss	: 0.2195
-------------------------------------
[Epoch : 15/40]
Src_cls_loss	: 0.2066
-------------------------------------
[Epoch : 16/40]
Src_cls_loss	: 0.1950
-------------------------------------
[Epoch : 17/40]
Src_cls_loss	: 0.1854
-------------------------------------
[Epoch : 18/40]
Src_cls_loss	: 0.1767
-------------------------------------
[Epoch : 19/40]
Src_cls_loss	: 0.1683
-------------------------------------
[Epoch : 20/40]
Src_cls_loss	: 0.1607
-------------------------------------
[Epoch : 21/40]
Src_cls_loss	: 0.1537
-------------------------------------
[Epoch : 22/40]
Src_cls_loss	: 0.1473
-------------------------------------
[Epoch : 23/40]
Src_cls_loss	: 0.1424
-------------------------------------
[Epoch : 24/40]
Src_cls_loss	: 0.1373
-------------------------------------
[Epoch : 25/40]
Src_cls_loss	: 0.1323
-------------------------------------
[Epoch : 26/40]
Src_cls_loss	: 0.1277
-------------------------------------
[Epoch : 27/40]
Src_cls_loss	: 0.1233
-------------------------------------
[Epoch : 28/40]
Src_cls_loss	: 0.1192
-------------------------------------
[Epoch : 29/40]
Src_cls_loss	: 0.1153
-------------------------------------
[Epoch : 30/40]
Src_cls_loss	: 0.1116
-------------------------------------
[Epoch : 31/40]
Src_cls_loss	: 0.1083
-------------------------------------
[Epoch : 32/40]
Src_cls_loss	: 0.1051
-------------------------------------
[Epoch : 33/40]
Src_cls_loss	: 0.1023
-------------------------------------
[Epoch : 34/40]
Src_cls_loss	: 0.1002
-------------------------------------
[Epoch : 35/40]
Src_cls_loss	: 0.0979
-------------------------------------
[Epoch : 36/40]
Src_cls_loss	: 0.0958
-------------------------------------
[Epoch : 37/40]
Src_cls_loss	: 0.0935
-------------------------------------
[Epoch : 38/40]
Src_cls_loss	: 0.0912
-------------------------------------
[Epoch : 39/40]
Src_cls_loss	: 0.0895
-------------------------------------
[Epoch : 40/40]
Src_cls_loss	: 0.0875
-------------------------------------
