=============================================
Dataset: realworld_mobiact
Method:  NO_ADAPT
=============================================
Source: syn_31 ---> Target: dp_31
Run ID: 5
=============================================
[Epoch : 1/40]
Src_cls_loss	: 0.6980
-------------------------------------
[Epoch : 2/40]
Src_cls_loss	: 0.5469
-------------------------------------
[Epoch : 3/40]
Src_cls_loss	: 0.4665
-------------------------------------
[Epoch : 4/40]
Src_cls_loss	: 0.4096
-------------------------------------
[Epoch : 5/40]
Src_cls_loss	: 0.3676
-------------------------------------
[Epoch : 6/40]
Src_cls_loss	: 0.3429
-------------------------------------
[Epoch : 7/40]
Src_cls_loss	: 0.3188
-------------------------------------
[Epoch : 8/40]
Src_cls_loss	: 0.2955
-------------------------------------
[Epoch : 9/40]
Src_cls_loss	: 0.2788
-------------------------------------
[Epoch : 10/40]
Src_cls_loss	: 0.2674
-------------------------------------
[Epoch : 11/40]
Src_cls_loss	: 0.2562
-------------------------------------
[Epoch : 12/40]
Src_cls_loss	: 0.2468
-------------------------------------
[Epoch : 13/40]
Src_cls_loss	: 0.2342
-------------------------------------
[Epoch : 14/40]
Src_cls_loss	: 0.2240
-------------------------------------
[Epoch : 15/40]
Src_cls_loss	: 0.2162
-------------------------------------
[Epoch : 16/40]
Src_cls_loss	: 0.2073
-------------------------------------
[Epoch : 17/40]
Src_cls_loss	: 0.1997
-------------------------------------
[Epoch : 18/40]
Src_cls_loss	: 0.1918
-------------------------------------
[Epoch : 19/40]
Src_cls_loss	: 0.1845
-------------------------------------
[Epoch : 20/40]
Src_cls_loss	: 0.1779
-------------------------------------
[Epoch : 21/40]
Src_cls_loss	: 0.1725
-------------------------------------
[Epoch : 22/40]
Src_cls_loss	: 0.1670
-------------------------------------
[Epoch : 23/40]
Src_cls_loss	: 0.1616
-------------------------------------
[Epoch : 24/40]
Src_cls_loss	: 0.1562
-------------------------------------
[Epoch : 25/40]
Src_cls_loss	: 0.1511
-------------------------------------
[Epoch : 26/40]
Src_cls_loss	: 0.1466
-------------------------------------
[Epoch : 27/40]
Src_cls_loss	: 0.1424
-------------------------------------
[Epoch : 28/40]
Src_cls_loss	: 0.1381
-------------------------------------
[Epoch : 29/40]
Src_cls_loss	: 0.1340
-------------------------------------
[Epoch : 30/40]
Src_cls_loss	: 0.1308
-------------------------------------
[Epoch : 31/40]
Src_cls_loss	: 0.1280
-------------------------------------
[Epoch : 32/40]
Src_cls_loss	: 0.1250
-------------------------------------
[Epoch : 33/40]
Src_cls_loss	: 0.1217
-------------------------------------
[Epoch : 34/40]
Src_cls_loss	: 0.1189
-------------------------------------
[Epoch : 35/40]
Src_cls_loss	: 0.1162
-------------------------------------
[Epoch : 36/40]
Src_cls_loss	: 0.1135
-------------------------------------
[Epoch : 37/40]
Src_cls_loss	: 0.1112
-------------------------------------
[Epoch : 38/40]
Src_cls_loss	: 0.1087
-------------------------------------
[Epoch : 39/40]
Src_cls_loss	: 0.1067
-------------------------------------
[Epoch : 40/40]
Src_cls_loss	: 0.1045
-------------------------------------
