=============================================
Dataset: realworld_mobiact
Method:  DANN
=============================================
Source: df ---> Target: dp_37
Run ID: 0
=============================================
[Epoch : 1/40]
Total_loss	: 5.4240
Domain_loss	: 1.2196
Src_cls_loss	: 0.4261
-------------------------------------
[Epoch : 2/40]
Total_loss	: 5.0757
Domain_loss	: 1.1856
Src_cls_loss	: 0.3769
-------------------------------------
[Epoch : 3/40]
Total_loss	: 4.8696
Domain_loss	: 1.1751
Src_cls_loss	: 0.3430
-------------------------------------
[Epoch : 4/40]
Total_loss	: 4.8271
Domain_loss	: 1.2062
Src_cls_loss	: 0.3196
-------------------------------------
[Epoch : 5/40]
Total_loss	: 4.7798
Domain_loss	: 1.2241
Src_cls_loss	: 0.3018
-------------------------------------
[Epoch : 6/40]
Total_loss	: 4.7387
Domain_loss	: 1.2411
Src_cls_loss	: 0.2856
-------------------------------------
[Epoch : 7/40]
Total_loss	: 4.7048
Domain_loss	: 1.2578
Src_cls_loss	: 0.2709
-------------------------------------
[Epoch : 8/40]
Total_loss	: 4.6641
Domain_loss	: 1.2669
Src_cls_loss	: 0.2586
-------------------------------------
[Epoch : 9/40]
Total_loss	: 4.6238
Domain_loss	: 1.2709
Src_cls_loss	: 0.2490
-------------------------------------
[Epoch : 10/40]
Total_loss	: 4.5964
Domain_loss	: 1.2785
Src_cls_loss	: 0.2401
-------------------------------------
[Epoch : 11/40]
Total_loss	: 4.5741
Domain_loss	: 1.2848
Src_cls_loss	: 0.2327
-------------------------------------
[Epoch : 12/40]
Total_loss	: 4.5521
Domain_loss	: 1.2897
Src_cls_loss	: 0.2261
-------------------------------------
[Epoch : 13/40]
Total_loss	: 4.5256
Domain_loss	: 1.2933
Src_cls_loss	: 0.2193
-------------------------------------
[Epoch : 14/40]
Total_loss	: 4.5057
Domain_loss	: 1.2991
Src_cls_loss	: 0.2127
-------------------------------------
[Epoch : 15/40]
Total_loss	: 4.4906
Domain_loss	: 1.3049
Src_cls_loss	: 0.2070
-------------------------------------
[Epoch : 16/40]
Total_loss	: 4.4661
Domain_loss	: 1.3065
Src_cls_loss	: 0.2015
-------------------------------------
[Epoch : 17/40]
Total_loss	: 4.4402
Domain_loss	: 1.3020
Src_cls_loss	: 0.1988
-------------------------------------
[Epoch : 18/40]
Total_loss	: 4.4114
Domain_loss	: 1.2977
Src_cls_loss	: 0.1955
-------------------------------------
[Epoch : 19/40]
Total_loss	: 4.3966
Domain_loss	: 1.2981
Src_cls_loss	: 0.1925
-------------------------------------
[Epoch : 20/40]
Total_loss	: 4.3759
Domain_loss	: 1.2947
Src_cls_loss	: 0.1902
-------------------------------------
[Epoch : 21/40]
Total_loss	: 4.3619
Domain_loss	: 1.2933
Src_cls_loss	: 0.1883
-------------------------------------
[Epoch : 22/40]
Total_loss	: 4.3489
Domain_loss	: 1.2925
Src_cls_loss	: 0.1862
-------------------------------------
[Epoch : 23/40]
Total_loss	: 4.3411
Domain_loss	: 1.2937
Src_cls_loss	: 0.1841
-------------------------------------
[Epoch : 24/40]
Total_loss	: 4.3335
Domain_loss	: 1.2962
Src_cls_loss	: 0.1815
-------------------------------------
[Epoch : 25/40]
Total_loss	: 4.3221
Domain_loss	: 1.2972
Src_cls_loss	: 0.1788
-------------------------------------
[Epoch : 26/40]
Total_loss	: 4.3135
Domain_loss	: 1.2989
Src_cls_loss	: 0.1763
-------------------------------------
[Epoch : 27/40]
Total_loss	: 4.3040
Domain_loss	: 1.3008
Src_cls_loss	: 0.1736
-------------------------------------
[Epoch : 28/40]
Total_loss	: 4.2967
Domain_loss	: 1.3035
Src_cls_loss	: 0.1709
-------------------------------------
[Epoch : 29/40]
Total_loss	: 4.2871
Domain_loss	: 1.3041
Src_cls_loss	: 0.1688
-------------------------------------
[Epoch : 30/40]
Total_loss	: 4.2762
Domain_loss	: 1.3040
Src_cls_loss	: 0.1668
-------------------------------------
[Epoch : 31/40]
Total_loss	: 4.2656
Domain_loss	: 1.3035
Src_cls_loss	: 0.1650
-------------------------------------
[Epoch : 32/40]
Total_loss	: 4.2574
Domain_loss	: 1.3049
Src_cls_loss	: 0.1627
-------------------------------------
[Epoch : 33/40]
Total_loss	: 4.2473
Domain_loss	: 1.3043
Src_cls_loss	: 0.1611
-------------------------------------
[Epoch : 34/40]
Total_loss	: 4.2417
Domain_loss	: 1.3056
Src_cls_loss	: 0.1594
-------------------------------------
[Epoch : 35/40]
Total_loss	: 4.2349
Domain_loss	: 1.3067
Src_cls_loss	: 0.1576
-------------------------------------
[Epoch : 36/40]
Total_loss	: 4.2274
Domain_loss	: 1.3071
Src_cls_loss	: 0.1560
-------------------------------------
[Epoch : 37/40]
Total_loss	: 4.2220
Domain_loss	: 1.3088
Src_cls_loss	: 0.1541
-------------------------------------
[Epoch : 38/40]
Total_loss	: 4.2144
Domain_loss	: 1.3099
Src_cls_loss	: 0.1521
-------------------------------------
[Epoch : 39/40]
Total_loss	: 4.2083
Domain_loss	: 1.3115
Src_cls_loss	: 0.1502
-------------------------------------
[Epoch : 40/40]
Total_loss	: 4.2028
Domain_loss	: 1.3131
Src_cls_loss	: 0.1483
-------------------------------------
