=============================================
Dataset: pamap_mobiact
Method:  DANN
=============================================
Source: df ---> Target: dp_wal_31
Run ID: 0
=============================================
[Epoch : 1/40]
Total_loss	: 5.6667
Domain_loss	: 1.1150
Src_cls_loss	: 0.5238
-------------------------------------
[Epoch : 2/40]
Total_loss	: 5.0429
Domain_loss	: 1.1149
Src_cls_loss	: 0.4056
-------------------------------------
[Epoch : 3/40]
Total_loss	: 4.7474
Domain_loss	: 1.1282
Src_cls_loss	: 0.3430
-------------------------------------
[Epoch : 4/40]
Total_loss	: 4.5547
Domain_loss	: 1.1341
Src_cls_loss	: 0.3035
-------------------------------------
[Epoch : 5/40]
Total_loss	: 4.4750
Domain_loss	: 1.1622
Src_cls_loss	: 0.2745
-------------------------------------
[Epoch : 6/40]
Total_loss	: 4.2917
Domain_loss	: 1.1407
Src_cls_loss	: 0.2504
-------------------------------------
[Epoch : 7/40]
Total_loss	: 4.2683
Domain_loss	: 1.1608
Src_cls_loss	: 0.2360
-------------------------------------
[Epoch : 8/40]
Total_loss	: 4.2389
Domain_loss	: 1.1712
Src_cls_loss	: 0.2253
-------------------------------------
[Epoch : 9/40]
Total_loss	: 4.1691
Domain_loss	: 1.1720
Src_cls_loss	: 0.2117
-------------------------------------
[Epoch : 10/40]
Total_loss	: 4.1488
Domain_loss	: 1.1852
Src_cls_loss	: 0.2012
-------------------------------------
[Epoch : 11/40]
Total_loss	: 4.1189
Domain_loss	: 1.1932
Src_cls_loss	: 0.1917
-------------------------------------
[Epoch : 12/40]
Total_loss	: 4.1055
Domain_loss	: 1.2020
Src_cls_loss	: 0.1848
-------------------------------------
[Epoch : 13/40]
Total_loss	: 4.0716
Domain_loss	: 1.2071
Src_cls_loss	: 0.1758
-------------------------------------
[Epoch : 14/40]
Total_loss	: 4.0462
Domain_loss	: 1.2099
Src_cls_loss	: 0.1696
-------------------------------------
[Epoch : 15/40]
Total_loss	: 4.0218
Domain_loss	: 1.2133
Src_cls_loss	: 0.1633
-------------------------------------
[Epoch : 16/40]
Total_loss	: 4.0061
Domain_loss	: 1.2162
Src_cls_loss	: 0.1589
-------------------------------------
[Epoch : 17/40]
Total_loss	: 3.9845
Domain_loss	: 1.2188
Src_cls_loss	: 0.1535
-------------------------------------
[Epoch : 18/40]
Total_loss	: 3.9713
Domain_loss	: 1.2217
Src_cls_loss	: 0.1496
-------------------------------------
[Epoch : 19/40]
Total_loss	: 3.9537
Domain_loss	: 1.2225
Src_cls_loss	: 0.1458
-------------------------------------
[Epoch : 20/40]
Total_loss	: 3.9464
Domain_loss	: 1.2253
Src_cls_loss	: 0.1431
-------------------------------------
[Epoch : 21/40]
Total_loss	: 3.9286
Domain_loss	: 1.2269
Src_cls_loss	: 0.1389
-------------------------------------
[Epoch : 22/40]
Total_loss	: 3.9189
Domain_loss	: 1.2288
Src_cls_loss	: 0.1361
-------------------------------------
[Epoch : 23/40]
Total_loss	: 3.9102
Domain_loss	: 1.2309
Src_cls_loss	: 0.1334
-------------------------------------
[Epoch : 24/40]
Total_loss	: 3.9060
Domain_loss	: 1.2343
Src_cls_loss	: 0.1309
-------------------------------------
[Epoch : 25/40]
Total_loss	: 3.8961
Domain_loss	: 1.2353
Src_cls_loss	: 0.1286
-------------------------------------
[Epoch : 26/40]
Total_loss	: 3.8889
Domain_loss	: 1.2384
Src_cls_loss	: 0.1257
-------------------------------------
[Epoch : 27/40]
Total_loss	: 3.8821
Domain_loss	: 1.2412
Src_cls_loss	: 0.1230
-------------------------------------
[Epoch : 28/40]
Total_loss	: 3.8760
Domain_loss	: 1.2427
Src_cls_loss	: 0.1211
-------------------------------------
[Epoch : 29/40]
Total_loss	: 3.8680
Domain_loss	: 1.2454
Src_cls_loss	: 0.1183
-------------------------------------
[Epoch : 30/40]
Total_loss	: 3.8663
Domain_loss	: 1.2497
Src_cls_loss	: 0.1158
-------------------------------------
[Epoch : 31/40]
Total_loss	: 3.8597
Domain_loss	: 1.2527
Src_cls_loss	: 0.1131
-------------------------------------
[Epoch : 32/40]
Total_loss	: 3.8553
Domain_loss	: 1.2555
Src_cls_loss	: 0.1109
-------------------------------------
[Epoch : 33/40]
Total_loss	: 3.8509
Domain_loss	: 1.2581
Src_cls_loss	: 0.1087
-------------------------------------
[Epoch : 34/40]
Total_loss	: 3.8455
Domain_loss	: 1.2598
Src_cls_loss	: 0.1069
-------------------------------------
[Epoch : 35/40]
Total_loss	: 3.8447
Domain_loss	: 1.2616
Src_cls_loss	: 0.1058
-------------------------------------
[Epoch : 36/40]
Total_loss	: 3.8417
Domain_loss	: 1.2638
Src_cls_loss	: 0.1042
-------------------------------------
[Epoch : 37/40]
Total_loss	: 3.8356
Domain_loss	: 1.2647
Src_cls_loss	: 0.1026
-------------------------------------
[Epoch : 38/40]
Total_loss	: 3.8363
Domain_loss	: 1.2665
Src_cls_loss	: 0.1018
-------------------------------------
[Epoch : 39/40]
Total_loss	: 3.8315
Domain_loss	: 1.2674
Src_cls_loss	: 0.1004
-------------------------------------
[Epoch : 40/40]
Total_loss	: 3.8258
Domain_loss	: 1.2688
Src_cls_loss	: 0.0987
-------------------------------------
