=============================================
Dataset: mobiact_realworld
Method:  DSAN
=============================================
Source: df ---> Target: dp_75
Run ID: 0
=============================================
[Epoch : 1/40]
Total_loss	: 0.4786
LMMD_loss	: 0.8189
Src_cls_loss	: 0.3056
-------------------------------------
[Epoch : 2/40]
Total_loss	: 0.3557
LMMD_loss	: 0.7553
Src_cls_loss	: 0.2158
-------------------------------------
[Epoch : 3/40]
Total_loss	: 0.2951
LMMD_loss	: 0.7093
Src_cls_loss	: 0.1727
-------------------------------------
[Epoch : 4/40]
Total_loss	: 0.2566
LMMD_loss	: 0.6656
Src_cls_loss	: 0.1464
-------------------------------------
[Epoch : 5/40]
Total_loss	: 0.2300
LMMD_loss	: 0.6288
Src_cls_loss	: 0.1288
-------------------------------------
[Epoch : 6/40]
Total_loss	: 0.2101
LMMD_loss	: 0.6013
Src_cls_loss	: 0.1155
-------------------------------------
[Epoch : 7/40]
Total_loss	: 0.1943
LMMD_loss	: 0.5828
Src_cls_loss	: 0.1048
-------------------------------------
[Epoch : 8/40]
Total_loss	: 0.1828
LMMD_loss	: 0.5634
Src_cls_loss	: 0.0974
-------------------------------------
[Epoch : 9/40]
Total_loss	: 0.1735
LMMD_loss	: 0.5507
Src_cls_loss	: 0.0912
-------------------------------------
[Epoch : 10/40]
Total_loss	: 0.1648
LMMD_loss	: 0.5343
Src_cls_loss	: 0.0858
-------------------------------------
[Epoch : 11/40]
Total_loss	: 0.1586
LMMD_loss	: 0.5236
Src_cls_loss	: 0.0819
-------------------------------------
[Epoch : 12/40]
Total_loss	: 0.1522
LMMD_loss	: 0.5111
Src_cls_loss	: 0.0779
-------------------------------------
[Epoch : 13/40]
Total_loss	: 0.1465
LMMD_loss	: 0.4995
Src_cls_loss	: 0.0744
-------------------------------------
[Epoch : 14/40]
Total_loss	: 0.1416
LMMD_loss	: 0.4900
Src_cls_loss	: 0.0714
-------------------------------------
[Epoch : 15/40]
Total_loss	: 0.1371
LMMD_loss	: 0.4813
Src_cls_loss	: 0.0686
-------------------------------------
[Epoch : 16/40]
Total_loss	: 0.1336
LMMD_loss	: 0.4743
Src_cls_loss	: 0.0664
-------------------------------------
[Epoch : 17/40]
Total_loss	: 0.1301
LMMD_loss	: 0.4676
Src_cls_loss	: 0.0642
-------------------------------------
[Epoch : 18/40]
Total_loss	: 0.1272
LMMD_loss	: 0.4617
Src_cls_loss	: 0.0624
-------------------------------------
[Epoch : 19/40]
Total_loss	: 0.1246
LMMD_loss	: 0.4559
Src_cls_loss	: 0.0608
-------------------------------------
[Epoch : 20/40]
Total_loss	: 0.1215
LMMD_loss	: 0.4497
Src_cls_loss	: 0.0590
-------------------------------------
[Epoch : 21/40]
Total_loss	: 0.1191
LMMD_loss	: 0.4447
Src_cls_loss	: 0.0575
-------------------------------------
[Epoch : 22/40]
Total_loss	: 0.1168
LMMD_loss	: 0.4395
Src_cls_loss	: 0.0561
-------------------------------------
[Epoch : 23/40]
Total_loss	: 0.1146
LMMD_loss	: 0.4340
Src_cls_loss	: 0.0548
-------------------------------------
[Epoch : 24/40]
Total_loss	: 0.1124
LMMD_loss	: 0.4289
Src_cls_loss	: 0.0536
-------------------------------------
[Epoch : 25/40]
Total_loss	: 0.1105
LMMD_loss	: 0.4242
Src_cls_loss	: 0.0525
-------------------------------------
[Epoch : 26/40]
Total_loss	: 0.1086
LMMD_loss	: 0.4199
Src_cls_loss	: 0.0513
-------------------------------------
[Epoch : 27/40]
Total_loss	: 0.1069
LMMD_loss	: 0.4158
Src_cls_loss	: 0.0503
-------------------------------------
[Epoch : 28/40]
Total_loss	: 0.1056
LMMD_loss	: 0.4125
Src_cls_loss	: 0.0496
-------------------------------------
[Epoch : 29/40]
Total_loss	: 0.1043
LMMD_loss	: 0.4090
Src_cls_loss	: 0.0488
-------------------------------------
[Epoch : 30/40]
Total_loss	: 0.1026
LMMD_loss	: 0.4050
Src_cls_loss	: 0.0479
-------------------------------------
[Epoch : 31/40]
Total_loss	: 0.1014
LMMD_loss	: 0.4015
Src_cls_loss	: 0.0472
-------------------------------------
[Epoch : 32/40]
Total_loss	: 0.1002
LMMD_loss	: 0.3983
Src_cls_loss	: 0.0465
-------------------------------------
[Epoch : 33/40]
Total_loss	: 0.0988
LMMD_loss	: 0.3947
Src_cls_loss	: 0.0457
-------------------------------------
[Epoch : 34/40]
Total_loss	: 0.0977
LMMD_loss	: 0.3914
Src_cls_loss	: 0.0451
-------------------------------------
[Epoch : 35/40]
Total_loss	: 0.0967
LMMD_loss	: 0.3885
Src_cls_loss	: 0.0445
-------------------------------------
[Epoch : 36/40]
Total_loss	: 0.0956
LMMD_loss	: 0.3860
Src_cls_loss	: 0.0439
-------------------------------------
[Epoch : 37/40]
Total_loss	: 0.0947
LMMD_loss	: 0.3834
Src_cls_loss	: 0.0434
-------------------------------------
[Epoch : 38/40]
Total_loss	: 0.0936
LMMD_loss	: 0.3801
Src_cls_loss	: 0.0428
-------------------------------------
[Epoch : 39/40]
Total_loss	: 0.0928
LMMD_loss	: 0.3777
Src_cls_loss	: 0.0424
-------------------------------------
[Epoch : 40/40]
Total_loss	: 0.0920
LMMD_loss	: 0.3756
Src_cls_loss	: 0.0419
-------------------------------------
