=============================================
Dataset: pamap_realworld
Method:  NO_ADAPT
=============================================
Source: syn_13 ---> Target: dp_13
Run ID: 1
=============================================
[Epoch : 1/40]
Src_cls_loss	: 0.4480
-------------------------------------
[Epoch : 2/40]
Src_cls_loss	: 0.2829
-------------------------------------
[Epoch : 3/40]
Src_cls_loss	: 0.2159
-------------------------------------
[Epoch : 4/40]
Src_cls_loss	: 0.1732
-------------------------------------
[Epoch : 5/40]
Src_cls_loss	: 0.1495
-------------------------------------
[Epoch : 6/40]
Src_cls_loss	: 0.1305
-------------------------------------
[Epoch : 7/40]
Src_cls_loss	: 0.1164
-------------------------------------
[Epoch : 8/40]
Src_cls_loss	: 0.1059
-------------------------------------
[Epoch : 9/40]
Src_cls_loss	: 0.0970
-------------------------------------
[Epoch : 10/40]
Src_cls_loss	: 0.0898
-------------------------------------
[Epoch : 11/40]
Src_cls_loss	: 0.0833
-------------------------------------
[Epoch : 12/40]
Src_cls_loss	: 0.0784
-------------------------------------
[Epoch : 13/40]
Src_cls_loss	: 0.0739
-------------------------------------
[Epoch : 14/40]
Src_cls_loss	: 0.0698
-------------------------------------
[Epoch : 15/40]
Src_cls_loss	: 0.0661
-------------------------------------
[Epoch : 16/40]
Src_cls_loss	: 0.0626
-------------------------------------
[Epoch : 17/40]
Src_cls_loss	: 0.0603
-------------------------------------
[Epoch : 18/40]
Src_cls_loss	: 0.0578
-------------------------------------
[Epoch : 19/40]
Src_cls_loss	: 0.0553
-------------------------------------
[Epoch : 20/40]
Src_cls_loss	: 0.0531
-------------------------------------
[Epoch : 21/40]
Src_cls_loss	: 0.0515
-------------------------------------
[Epoch : 22/40]
Src_cls_loss	: 0.0497
-------------------------------------
[Epoch : 23/40]
Src_cls_loss	: 0.0479
-------------------------------------
[Epoch : 24/40]
Src_cls_loss	: 0.0465
-------------------------------------
[Epoch : 25/40]
Src_cls_loss	: 0.0449
-------------------------------------
[Epoch : 26/40]
Src_cls_loss	: 0.0435
-------------------------------------
[Epoch : 27/40]
Src_cls_loss	: 0.0424
-------------------------------------
[Epoch : 28/40]
Src_cls_loss	: 0.0413
-------------------------------------
[Epoch : 29/40]
Src_cls_loss	: 0.0401
-------------------------------------
[Epoch : 30/40]
Src_cls_loss	: 0.0390
-------------------------------------
[Epoch : 31/40]
Src_cls_loss	: 0.0380
-------------------------------------
[Epoch : 32/40]
Src_cls_loss	: 0.0375
-------------------------------------
[Epoch : 33/40]
Src_cls_loss	: 0.0368
-------------------------------------
[Epoch : 34/40]
Src_cls_loss	: 0.0361
-------------------------------------
[Epoch : 35/40]
Src_cls_loss	: 0.0353
-------------------------------------
[Epoch : 36/40]
Src_cls_loss	: 0.0345
-------------------------------------
[Epoch : 37/40]
Src_cls_loss	: 0.0339
-------------------------------------
[Epoch : 38/40]
Src_cls_loss	: 0.0332
-------------------------------------
[Epoch : 39/40]
Src_cls_loss	: 0.0325
-------------------------------------
[Epoch : 40/40]
Src_cls_loss	: 0.0320
-------------------------------------
