=============================================
Dataset: pamap_mobiact
Method:  SYN
=============================================
Source: syn_wal_38 ---> Target: dp_wal_38
Run ID: 1
=============================================
[Epoch : 1/40]
Src_cls_loss	: 0.6568
-------------------------------------
[Epoch : 2/40]
Src_cls_loss	: 0.4816
-------------------------------------
[Epoch : 3/40]
Src_cls_loss	: 0.3871
-------------------------------------
[Epoch : 4/40]
Src_cls_loss	: 0.3209
-------------------------------------
[Epoch : 5/40]
Src_cls_loss	: 0.2812
-------------------------------------
[Epoch : 6/40]
Src_cls_loss	: 0.2501
-------------------------------------
[Epoch : 7/40]
Src_cls_loss	: 0.2236
-------------------------------------
[Epoch : 8/40]
Src_cls_loss	: 0.2034
-------------------------------------
[Epoch : 9/40]
Src_cls_loss	: 0.1849
-------------------------------------
[Epoch : 10/40]
Src_cls_loss	: 0.1726
-------------------------------------
[Epoch : 11/40]
Src_cls_loss	: 0.1602
-------------------------------------
[Epoch : 12/40]
Src_cls_loss	: 0.1492
-------------------------------------
[Epoch : 13/40]
Src_cls_loss	: 0.1391
-------------------------------------
[Epoch : 14/40]
Src_cls_loss	: 0.1312
-------------------------------------
[Epoch : 15/40]
Src_cls_loss	: 0.1234
-------------------------------------
[Epoch : 16/40]
Src_cls_loss	: 0.1169
-------------------------------------
[Epoch : 17/40]
Src_cls_loss	: 0.1114
-------------------------------------
[Epoch : 18/40]
Src_cls_loss	: 0.1074
-------------------------------------
[Epoch : 19/40]
Src_cls_loss	: 0.1031
-------------------------------------
[Epoch : 20/40]
Src_cls_loss	: 0.0988
-------------------------------------
[Epoch : 21/40]
Src_cls_loss	: 0.0947
-------------------------------------
[Epoch : 22/40]
Src_cls_loss	: 0.0909
-------------------------------------
[Epoch : 23/40]
Src_cls_loss	: 0.0873
-------------------------------------
[Epoch : 24/40]
Src_cls_loss	: 0.0840
-------------------------------------
[Epoch : 25/40]
Src_cls_loss	: 0.0811
-------------------------------------
[Epoch : 26/40]
Src_cls_loss	: 0.0785
-------------------------------------
[Epoch : 27/40]
Src_cls_loss	: 0.0759
-------------------------------------
[Epoch : 28/40]
Src_cls_loss	: 0.0734
-------------------------------------
[Epoch : 29/40]
Src_cls_loss	: 0.0712
-------------------------------------
[Epoch : 30/40]
Src_cls_loss	: 0.0689
-------------------------------------
[Epoch : 31/40]
Src_cls_loss	: 0.0668
-------------------------------------
[Epoch : 32/40]
Src_cls_loss	: 0.0649
-------------------------------------
[Epoch : 33/40]
Src_cls_loss	: 0.0632
-------------------------------------
[Epoch : 34/40]
Src_cls_loss	: 0.0614
-------------------------------------
[Epoch : 35/40]
Src_cls_loss	: 0.0598
-------------------------------------
[Epoch : 36/40]
Src_cls_loss	: 0.0583
-------------------------------------
[Epoch : 37/40]
Src_cls_loss	: 0.0569
-------------------------------------
[Epoch : 38/40]
Src_cls_loss	: 0.0555
-------------------------------------
[Epoch : 39/40]
Src_cls_loss	: 0.0543
-------------------------------------
[Epoch : 40/40]
Src_cls_loss	: 0.0531
-------------------------------------
