=============================================
Dataset: pamap_mobiact
Method:  Deep_Coral
=============================================
Source: df ---> Target: dp_wal_48
Run ID: 0
=============================================
[Epoch : 1/40]
Total_loss	: 3.4222
Src_cls_loss	: 0.5129
coral_loss	: 0.0008
-------------------------------------
[Epoch : 2/40]
Total_loss	: 2.4426
Src_cls_loss	: 0.3659
coral_loss	: 0.0007
-------------------------------------
[Epoch : 3/40]
Total_loss	: 1.9767
Src_cls_loss	: 0.2960
coral_loss	: 0.0007
-------------------------------------
[Epoch : 4/40]
Total_loss	: 1.6800
Src_cls_loss	: 0.2515
coral_loss	: 0.0007
-------------------------------------
[Epoch : 5/40]
Total_loss	: 1.4726
Src_cls_loss	: 0.2203
coral_loss	: 0.0007
-------------------------------------
[Epoch : 6/40]
Total_loss	: 1.3308
Src_cls_loss	: 0.1991
coral_loss	: 0.0007
-------------------------------------
[Epoch : 7/40]
Total_loss	: 1.2266
Src_cls_loss	: 0.1834
coral_loss	: 0.0007
-------------------------------------
[Epoch : 8/40]
Total_loss	: 1.1241
Src_cls_loss	: 0.1680
coral_loss	: 0.0007
-------------------------------------
[Epoch : 9/40]
Total_loss	: 1.0482
Src_cls_loss	: 0.1566
coral_loss	: 0.0007
-------------------------------------
[Epoch : 10/40]
Total_loss	: 0.9748
Src_cls_loss	: 0.1456
coral_loss	: 0.0007
-------------------------------------
[Epoch : 11/40]
Total_loss	: 0.9159
Src_cls_loss	: 0.1368
coral_loss	: 0.0007
-------------------------------------
[Epoch : 12/40]
Total_loss	: 0.8658
Src_cls_loss	: 0.1292
coral_loss	: 0.0007
-------------------------------------
[Epoch : 13/40]
Total_loss	: 0.8245
Src_cls_loss	: 0.1230
coral_loss	: 0.0007
-------------------------------------
[Epoch : 14/40]
Total_loss	: 0.7863
Src_cls_loss	: 0.1173
coral_loss	: 0.0007
-------------------------------------
[Epoch : 15/40]
Total_loss	: 0.7565
Src_cls_loss	: 0.1128
coral_loss	: 0.0007
-------------------------------------
[Epoch : 16/40]
Total_loss	: 0.7217
Src_cls_loss	: 0.1076
coral_loss	: 0.0007
-------------------------------------
[Epoch : 17/40]
Total_loss	: 0.6958
Src_cls_loss	: 0.1037
coral_loss	: 0.0007
-------------------------------------
[Epoch : 18/40]
Total_loss	: 0.6695
Src_cls_loss	: 0.0998
coral_loss	: 0.0007
-------------------------------------
[Epoch : 19/40]
Total_loss	: 0.6435
Src_cls_loss	: 0.0959
coral_loss	: 0.0007
-------------------------------------
[Epoch : 20/40]
Total_loss	: 0.6196
Src_cls_loss	: 0.0923
coral_loss	: 0.0007
-------------------------------------
[Epoch : 21/40]
Total_loss	: 0.5968
Src_cls_loss	: 0.0889
coral_loss	: 0.0007
-------------------------------------
[Epoch : 22/40]
Total_loss	: 0.5795
Src_cls_loss	: 0.0863
coral_loss	: 0.0007
-------------------------------------
[Epoch : 23/40]
Total_loss	: 0.5604
Src_cls_loss	: 0.0834
coral_loss	: 0.0007
-------------------------------------
[Epoch : 24/40]
Total_loss	: 0.5457
Src_cls_loss	: 0.0812
coral_loss	: 0.0007
-------------------------------------
[Epoch : 25/40]
Total_loss	: 0.5296
Src_cls_loss	: 0.0788
coral_loss	: 0.0007
-------------------------------------
[Epoch : 26/40]
Total_loss	: 0.5136
Src_cls_loss	: 0.0764
coral_loss	: 0.0007
-------------------------------------
[Epoch : 27/40]
Total_loss	: 0.4989
Src_cls_loss	: 0.0742
coral_loss	: 0.0007
-------------------------------------
[Epoch : 28/40]
Total_loss	: 0.4861
Src_cls_loss	: 0.0723
coral_loss	: 0.0007
-------------------------------------
[Epoch : 29/40]
Total_loss	: 0.4746
Src_cls_loss	: 0.0705
coral_loss	: 0.0007
-------------------------------------
[Epoch : 30/40]
Total_loss	: 0.4625
Src_cls_loss	: 0.0687
coral_loss	: 0.0007
-------------------------------------
[Epoch : 31/40]
Total_loss	: 0.4530
Src_cls_loss	: 0.0673
coral_loss	: 0.0007
-------------------------------------
[Epoch : 32/40]
Total_loss	: 0.4431
Src_cls_loss	: 0.0658
coral_loss	: 0.0007
-------------------------------------
[Epoch : 33/40]
Total_loss	: 0.4342
Src_cls_loss	: 0.0645
coral_loss	: 0.0007
-------------------------------------
[Epoch : 34/40]
Total_loss	: 0.4255
Src_cls_loss	: 0.0632
coral_loss	: 0.0007
-------------------------------------
[Epoch : 35/40]
Total_loss	: 0.4156
Src_cls_loss	: 0.0617
coral_loss	: 0.0007
-------------------------------------
[Epoch : 36/40]
Total_loss	: 0.4082
Src_cls_loss	: 0.0606
coral_loss	: 0.0007
-------------------------------------
[Epoch : 37/40]
Total_loss	: 0.4028
Src_cls_loss	: 0.0598
coral_loss	: 0.0007
-------------------------------------
[Epoch : 38/40]
Total_loss	: 0.3951
Src_cls_loss	: 0.0586
coral_loss	: 0.0007
-------------------------------------
[Epoch : 39/40]
Total_loss	: 0.3876
Src_cls_loss	: 0.0575
coral_loss	: 0.0007
-------------------------------------
[Epoch : 40/40]
Total_loss	: 0.3822
Src_cls_loss	: 0.0567
coral_loss	: 0.0007
-------------------------------------
