=============================================
Dataset: realworld_mobiact
Method:  SYN
=============================================
Source: syn_wal_28 ---> Target: dp_wal_28
Run ID: 7
=============================================
[Epoch : 1/40]
Src_cls_loss	: 0.8362
-------------------------------------
[Epoch : 2/40]
Src_cls_loss	: 0.6733
-------------------------------------
[Epoch : 3/40]
Src_cls_loss	: 0.5370
-------------------------------------
[Epoch : 4/40]
Src_cls_loss	: 0.4363
-------------------------------------
[Epoch : 5/40]
Src_cls_loss	: 0.3678
-------------------------------------
[Epoch : 6/40]
Src_cls_loss	: 0.3156
-------------------------------------
[Epoch : 7/40]
Src_cls_loss	: 0.2768
-------------------------------------
[Epoch : 8/40]
Src_cls_loss	: 0.2460
-------------------------------------
[Epoch : 9/40]
Src_cls_loss	: 0.2213
-------------------------------------
[Epoch : 10/40]
Src_cls_loss	: 0.2014
-------------------------------------
[Epoch : 11/40]
Src_cls_loss	: 0.1843
-------------------------------------
[Epoch : 12/40]
Src_cls_loss	: 0.1700
-------------------------------------
[Epoch : 13/40]
Src_cls_loss	: 0.1583
-------------------------------------
[Epoch : 14/40]
Src_cls_loss	: 0.1482
-------------------------------------
[Epoch : 15/40]
Src_cls_loss	: 0.1389
-------------------------------------
[Epoch : 16/40]
Src_cls_loss	: 0.1308
-------------------------------------
[Epoch : 17/40]
Src_cls_loss	: 0.1237
-------------------------------------
[Epoch : 18/40]
Src_cls_loss	: 0.1175
-------------------------------------
[Epoch : 19/40]
Src_cls_loss	: 0.1118
-------------------------------------
[Epoch : 20/40]
Src_cls_loss	: 0.1065
-------------------------------------
[Epoch : 21/40]
Src_cls_loss	: 0.1017
-------------------------------------
[Epoch : 22/40]
Src_cls_loss	: 0.0974
-------------------------------------
[Epoch : 23/40]
Src_cls_loss	: 0.0934
-------------------------------------
[Epoch : 24/40]
Src_cls_loss	: 0.0896
-------------------------------------
[Epoch : 25/40]
Src_cls_loss	: 0.0862
-------------------------------------
[Epoch : 26/40]
Src_cls_loss	: 0.0830
-------------------------------------
[Epoch : 27/40]
Src_cls_loss	: 0.0802
-------------------------------------
[Epoch : 28/40]
Src_cls_loss	: 0.0774
-------------------------------------
[Epoch : 29/40]
Src_cls_loss	: 0.0749
-------------------------------------
[Epoch : 30/40]
Src_cls_loss	: 0.0725
-------------------------------------
[Epoch : 31/40]
Src_cls_loss	: 0.0702
-------------------------------------
[Epoch : 32/40]
Src_cls_loss	: 0.0681
-------------------------------------
[Epoch : 33/40]
Src_cls_loss	: 0.0661
-------------------------------------
[Epoch : 34/40]
Src_cls_loss	: 0.0643
-------------------------------------
[Epoch : 35/40]
Src_cls_loss	: 0.0626
-------------------------------------
[Epoch : 36/40]
Src_cls_loss	: 0.0609
-------------------------------------
[Epoch : 37/40]
Src_cls_loss	: 0.0593
-------------------------------------
[Epoch : 38/40]
Src_cls_loss	: 0.0578
-------------------------------------
[Epoch : 39/40]
Src_cls_loss	: 0.0564
-------------------------------------
[Epoch : 40/40]
Src_cls_loss	: 0.0550
-------------------------------------
