=============================================
Dataset: pamap_mobiact
Method:  SYN
=============================================
Source: syn_wal_45 ---> Target: dp_wal_45
Run ID: 0
=============================================
[Epoch : 1/40]
Src_cls_loss	: 0.7034
-------------------------------------
[Epoch : 2/40]
Src_cls_loss	: 0.5617
-------------------------------------
[Epoch : 3/40]
Src_cls_loss	: 0.4635
-------------------------------------
[Epoch : 4/40]
Src_cls_loss	: 0.3944
-------------------------------------
[Epoch : 5/40]
Src_cls_loss	: 0.3435
-------------------------------------
[Epoch : 6/40]
Src_cls_loss	: 0.3057
-------------------------------------
[Epoch : 7/40]
Src_cls_loss	: 0.2753
-------------------------------------
[Epoch : 8/40]
Src_cls_loss	: 0.2479
-------------------------------------
[Epoch : 9/40]
Src_cls_loss	: 0.2259
-------------------------------------
[Epoch : 10/40]
Src_cls_loss	: 0.2070
-------------------------------------
[Epoch : 11/40]
Src_cls_loss	: 0.1913
-------------------------------------
[Epoch : 12/40]
Src_cls_loss	: 0.1780
-------------------------------------
[Epoch : 13/40]
Src_cls_loss	: 0.1666
-------------------------------------
[Epoch : 14/40]
Src_cls_loss	: 0.1577
-------------------------------------
[Epoch : 15/40]
Src_cls_loss	: 0.1492
-------------------------------------
[Epoch : 16/40]
Src_cls_loss	: 0.1418
-------------------------------------
[Epoch : 17/40]
Src_cls_loss	: 0.1345
-------------------------------------
[Epoch : 18/40]
Src_cls_loss	: 0.1280
-------------------------------------
[Epoch : 19/40]
Src_cls_loss	: 0.1224
-------------------------------------
[Epoch : 20/40]
Src_cls_loss	: 0.1168
-------------------------------------
[Epoch : 21/40]
Src_cls_loss	: 0.1119
-------------------------------------
[Epoch : 22/40]
Src_cls_loss	: 0.1080
-------------------------------------
[Epoch : 23/40]
Src_cls_loss	: 0.1045
-------------------------------------
[Epoch : 24/40]
Src_cls_loss	: 0.1009
-------------------------------------
[Epoch : 25/40]
Src_cls_loss	: 0.0975
-------------------------------------
[Epoch : 26/40]
Src_cls_loss	: 0.0942
-------------------------------------
[Epoch : 27/40]
Src_cls_loss	: 0.0910
-------------------------------------
[Epoch : 28/40]
Src_cls_loss	: 0.0883
-------------------------------------
[Epoch : 29/40]
Src_cls_loss	: 0.0855
-------------------------------------
[Epoch : 30/40]
Src_cls_loss	: 0.0830
-------------------------------------
[Epoch : 31/40]
Src_cls_loss	: 0.0804
-------------------------------------
[Epoch : 32/40]
Src_cls_loss	: 0.0781
-------------------------------------
[Epoch : 33/40]
Src_cls_loss	: 0.0758
-------------------------------------
[Epoch : 34/40]
Src_cls_loss	: 0.0737
-------------------------------------
[Epoch : 35/40]
Src_cls_loss	: 0.0716
-------------------------------------
[Epoch : 36/40]
Src_cls_loss	: 0.0697
-------------------------------------
[Epoch : 37/40]
Src_cls_loss	: 0.0680
-------------------------------------
[Epoch : 38/40]
Src_cls_loss	: 0.0662
-------------------------------------
[Epoch : 39/40]
Src_cls_loss	: 0.0650
-------------------------------------
[Epoch : 40/40]
Src_cls_loss	: 0.0634
-------------------------------------
