=============================================
Dataset: pamap_mobiact
Method:  SYN
=============================================
Source: syn_wal_27 ---> Target: dp_wal_27
Run ID: 3
=============================================
[Epoch : 1/40]
Src_cls_loss	: 0.5586
-------------------------------------
[Epoch : 2/40]
Src_cls_loss	: 0.3909
-------------------------------------
[Epoch : 3/40]
Src_cls_loss	: 0.3069
-------------------------------------
[Epoch : 4/40]
Src_cls_loss	: 0.2529
-------------------------------------
[Epoch : 5/40]
Src_cls_loss	: 0.2145
-------------------------------------
[Epoch : 6/40]
Src_cls_loss	: 0.1872
-------------------------------------
[Epoch : 7/40]
Src_cls_loss	: 0.1665
-------------------------------------
[Epoch : 8/40]
Src_cls_loss	: 0.1503
-------------------------------------
[Epoch : 9/40]
Src_cls_loss	: 0.1378
-------------------------------------
[Epoch : 10/40]
Src_cls_loss	: 0.1268
-------------------------------------
[Epoch : 11/40]
Src_cls_loss	: 0.1179
-------------------------------------
[Epoch : 12/40]
Src_cls_loss	: 0.1101
-------------------------------------
[Epoch : 13/40]
Src_cls_loss	: 0.1027
-------------------------------------
[Epoch : 14/40]
Src_cls_loss	: 0.0961
-------------------------------------
[Epoch : 15/40]
Src_cls_loss	: 0.0905
-------------------------------------
[Epoch : 16/40]
Src_cls_loss	: 0.0856
-------------------------------------
[Epoch : 17/40]
Src_cls_loss	: 0.0812
-------------------------------------
[Epoch : 18/40]
Src_cls_loss	: 0.0771
-------------------------------------
[Epoch : 19/40]
Src_cls_loss	: 0.0733
-------------------------------------
[Epoch : 20/40]
Src_cls_loss	: 0.0700
-------------------------------------
[Epoch : 21/40]
Src_cls_loss	: 0.0670
-------------------------------------
[Epoch : 22/40]
Src_cls_loss	: 0.0642
-------------------------------------
[Epoch : 23/40]
Src_cls_loss	: 0.0617
-------------------------------------
[Epoch : 24/40]
Src_cls_loss	: 0.0594
-------------------------------------
[Epoch : 25/40]
Src_cls_loss	: 0.0575
-------------------------------------
[Epoch : 26/40]
Src_cls_loss	: 0.0556
-------------------------------------
[Epoch : 27/40]
Src_cls_loss	: 0.0537
-------------------------------------
[Epoch : 28/40]
Src_cls_loss	: 0.0521
-------------------------------------
[Epoch : 29/40]
Src_cls_loss	: 0.0505
-------------------------------------
[Epoch : 30/40]
Src_cls_loss	: 0.0490
-------------------------------------
[Epoch : 31/40]
Src_cls_loss	: 0.0475
-------------------------------------
[Epoch : 32/40]
Src_cls_loss	: 0.0462
-------------------------------------
[Epoch : 33/40]
Src_cls_loss	: 0.0449
-------------------------------------
[Epoch : 34/40]
Src_cls_loss	: 0.0436
-------------------------------------
[Epoch : 35/40]
Src_cls_loss	: 0.0424
-------------------------------------
[Epoch : 36/40]
Src_cls_loss	: 0.0413
-------------------------------------
[Epoch : 37/40]
Src_cls_loss	: 0.0403
-------------------------------------
[Epoch : 38/40]
Src_cls_loss	: 0.0393
-------------------------------------
[Epoch : 39/40]
Src_cls_loss	: 0.0385
-------------------------------------
[Epoch : 40/40]
Src_cls_loss	: 0.0376
-------------------------------------
