=============================================
Dataset: realworld_mobiact
Method:  SYN
=============================================
Source: syn_wal_69 ---> Target: dp_wal_69
Run ID: 2
=============================================
[Epoch : 1/40]
Src_cls_loss	: 0.8616
-------------------------------------
[Epoch : 2/40]
Src_cls_loss	: 0.6860
-------------------------------------
[Epoch : 3/40]
Src_cls_loss	: 0.5366
-------------------------------------
[Epoch : 4/40]
Src_cls_loss	: 0.4402
-------------------------------------
[Epoch : 5/40]
Src_cls_loss	: 0.3712
-------------------------------------
[Epoch : 6/40]
Src_cls_loss	: 0.3195
-------------------------------------
[Epoch : 7/40]
Src_cls_loss	: 0.2809
-------------------------------------
[Epoch : 8/40]
Src_cls_loss	: 0.2527
-------------------------------------
[Epoch : 9/40]
Src_cls_loss	: 0.2291
-------------------------------------
[Epoch : 10/40]
Src_cls_loss	: 0.2090
-------------------------------------
[Epoch : 11/40]
Src_cls_loss	: 0.1925
-------------------------------------
[Epoch : 12/40]
Src_cls_loss	: 0.1779
-------------------------------------
[Epoch : 13/40]
Src_cls_loss	: 0.1659
-------------------------------------
[Epoch : 14/40]
Src_cls_loss	: 0.1552
-------------------------------------
[Epoch : 15/40]
Src_cls_loss	: 0.1459
-------------------------------------
[Epoch : 16/40]
Src_cls_loss	: 0.1377
-------------------------------------
[Epoch : 17/40]
Src_cls_loss	: 0.1305
-------------------------------------
[Epoch : 18/40]
Src_cls_loss	: 0.1238
-------------------------------------
[Epoch : 19/40]
Src_cls_loss	: 0.1177
-------------------------------------
[Epoch : 20/40]
Src_cls_loss	: 0.1123
-------------------------------------
[Epoch : 21/40]
Src_cls_loss	: 0.1073
-------------------------------------
[Epoch : 22/40]
Src_cls_loss	: 0.1027
-------------------------------------
[Epoch : 23/40]
Src_cls_loss	: 0.0985
-------------------------------------
[Epoch : 24/40]
Src_cls_loss	: 0.0949
-------------------------------------
[Epoch : 25/40]
Src_cls_loss	: 0.0913
-------------------------------------
[Epoch : 26/40]
Src_cls_loss	: 0.0880
-------------------------------------
[Epoch : 27/40]
Src_cls_loss	: 0.0849
-------------------------------------
[Epoch : 28/40]
Src_cls_loss	: 0.0821
-------------------------------------
[Epoch : 29/40]
Src_cls_loss	: 0.0795
-------------------------------------
[Epoch : 30/40]
Src_cls_loss	: 0.0769
-------------------------------------
[Epoch : 31/40]
Src_cls_loss	: 0.0747
-------------------------------------
[Epoch : 32/40]
Src_cls_loss	: 0.0724
-------------------------------------
[Epoch : 33/40]
Src_cls_loss	: 0.0704
-------------------------------------
[Epoch : 34/40]
Src_cls_loss	: 0.0684
-------------------------------------
[Epoch : 35/40]
Src_cls_loss	: 0.0665
-------------------------------------
[Epoch : 36/40]
Src_cls_loss	: 0.0648
-------------------------------------
[Epoch : 37/40]
Src_cls_loss	: 0.0631
-------------------------------------
[Epoch : 38/40]
Src_cls_loss	: 0.0615
-------------------------------------
[Epoch : 39/40]
Src_cls_loss	: 0.0599
-------------------------------------
[Epoch : 40/40]
Src_cls_loss	: 0.0585
-------------------------------------
