=============================================
Dataset: pamap_realworld
Method:  NO_ADAPT
=============================================
Source: syn_19 ---> Target: dp_19
Run ID: 6
=============================================
[Epoch : 1/40]
Src_cls_loss	: 0.5125
-------------------------------------
[Epoch : 2/40]
Src_cls_loss	: 0.3692
-------------------------------------
[Epoch : 3/40]
Src_cls_loss	: 0.2889
-------------------------------------
[Epoch : 4/40]
Src_cls_loss	: 0.2469
-------------------------------------
[Epoch : 5/40]
Src_cls_loss	: 0.2181
-------------------------------------
[Epoch : 6/40]
Src_cls_loss	: 0.1948
-------------------------------------
[Epoch : 7/40]
Src_cls_loss	: 0.1785
-------------------------------------
[Epoch : 8/40]
Src_cls_loss	: 0.1644
-------------------------------------
[Epoch : 9/40]
Src_cls_loss	: 0.1503
-------------------------------------
[Epoch : 10/40]
Src_cls_loss	: 0.1417
-------------------------------------
[Epoch : 11/40]
Src_cls_loss	: 0.1335
-------------------------------------
[Epoch : 12/40]
Src_cls_loss	: 0.1256
-------------------------------------
[Epoch : 13/40]
Src_cls_loss	: 0.1192
-------------------------------------
[Epoch : 14/40]
Src_cls_loss	: 0.1127
-------------------------------------
[Epoch : 15/40]
Src_cls_loss	: 0.1077
-------------------------------------
[Epoch : 16/40]
Src_cls_loss	: 0.1030
-------------------------------------
[Epoch : 17/40]
Src_cls_loss	: 0.0988
-------------------------------------
[Epoch : 18/40]
Src_cls_loss	: 0.0951
-------------------------------------
[Epoch : 19/40]
Src_cls_loss	: 0.0915
-------------------------------------
[Epoch : 20/40]
Src_cls_loss	: 0.0881
-------------------------------------
[Epoch : 21/40]
Src_cls_loss	: 0.0856
-------------------------------------
[Epoch : 22/40]
Src_cls_loss	: 0.0829
-------------------------------------
[Epoch : 23/40]
Src_cls_loss	: 0.0803
-------------------------------------
[Epoch : 24/40]
Src_cls_loss	: 0.0782
-------------------------------------
[Epoch : 25/40]
Src_cls_loss	: 0.0759
-------------------------------------
[Epoch : 26/40]
Src_cls_loss	: 0.0737
-------------------------------------
[Epoch : 27/40]
Src_cls_loss	: 0.0719
-------------------------------------
[Epoch : 28/40]
Src_cls_loss	: 0.0703
-------------------------------------
[Epoch : 29/40]
Src_cls_loss	: 0.0685
-------------------------------------
[Epoch : 30/40]
Src_cls_loss	: 0.0669
-------------------------------------
[Epoch : 31/40]
Src_cls_loss	: 0.0660
-------------------------------------
[Epoch : 32/40]
Src_cls_loss	: 0.0645
-------------------------------------
[Epoch : 33/40]
Src_cls_loss	: 0.0631
-------------------------------------
[Epoch : 34/40]
Src_cls_loss	: 0.0617
-------------------------------------
[Epoch : 35/40]
Src_cls_loss	: 0.0604
-------------------------------------
[Epoch : 36/40]
Src_cls_loss	: 0.0592
-------------------------------------
[Epoch : 37/40]
Src_cls_loss	: 0.0581
-------------------------------------
[Epoch : 38/40]
Src_cls_loss	: 0.0571
-------------------------------------
[Epoch : 39/40]
Src_cls_loss	: 0.0563
-------------------------------------
[Epoch : 40/40]
Src_cls_loss	: 0.0554
-------------------------------------
