=============================================
Dataset: pamap_mobiact
Method:  NO_ADAPT
=============================================
Source: syn_50 ---> Target: dp_50
Run ID: 8
=============================================
[Epoch : 1/40]
Src_cls_loss	: 0.5634
-------------------------------------
[Epoch : 2/40]
Src_cls_loss	: 0.4016
-------------------------------------
[Epoch : 3/40]
Src_cls_loss	: 0.3179
-------------------------------------
[Epoch : 4/40]
Src_cls_loss	: 0.2704
-------------------------------------
[Epoch : 5/40]
Src_cls_loss	: 0.2341
-------------------------------------
[Epoch : 6/40]
Src_cls_loss	: 0.2062
-------------------------------------
[Epoch : 7/40]
Src_cls_loss	: 0.1832
-------------------------------------
[Epoch : 8/40]
Src_cls_loss	: 0.1693
-------------------------------------
[Epoch : 9/40]
Src_cls_loss	: 0.1549
-------------------------------------
[Epoch : 10/40]
Src_cls_loss	: 0.1441
-------------------------------------
[Epoch : 11/40]
Src_cls_loss	: 0.1344
-------------------------------------
[Epoch : 12/40]
Src_cls_loss	: 0.1254
-------------------------------------
[Epoch : 13/40]
Src_cls_loss	: 0.1173
-------------------------------------
[Epoch : 14/40]
Src_cls_loss	: 0.1100
-------------------------------------
[Epoch : 15/40]
Src_cls_loss	: 0.1052
-------------------------------------
[Epoch : 16/40]
Src_cls_loss	: 0.0998
-------------------------------------
[Epoch : 17/40]
Src_cls_loss	: 0.0948
-------------------------------------
[Epoch : 18/40]
Src_cls_loss	: 0.0905
-------------------------------------
[Epoch : 19/40]
Src_cls_loss	: 0.0862
-------------------------------------
[Epoch : 20/40]
Src_cls_loss	: 0.0822
-------------------------------------
[Epoch : 21/40]
Src_cls_loss	: 0.0791
-------------------------------------
[Epoch : 22/40]
Src_cls_loss	: 0.0759
-------------------------------------
[Epoch : 23/40]
Src_cls_loss	: 0.0729
-------------------------------------
[Epoch : 24/40]
Src_cls_loss	: 0.0705
-------------------------------------
[Epoch : 25/40]
Src_cls_loss	: 0.0692
-------------------------------------
[Epoch : 26/40]
Src_cls_loss	: 0.0671
-------------------------------------
[Epoch : 27/40]
Src_cls_loss	: 0.0650
-------------------------------------
[Epoch : 28/40]
Src_cls_loss	: 0.0630
-------------------------------------
[Epoch : 29/40]
Src_cls_loss	: 0.0611
-------------------------------------
[Epoch : 30/40]
Src_cls_loss	: 0.0594
-------------------------------------
[Epoch : 31/40]
Src_cls_loss	: 0.0578
-------------------------------------
[Epoch : 32/40]
Src_cls_loss	: 0.0561
-------------------------------------
[Epoch : 33/40]
Src_cls_loss	: 0.0546
-------------------------------------
[Epoch : 34/40]
Src_cls_loss	: 0.0531
-------------------------------------
[Epoch : 35/40]
Src_cls_loss	: 0.0518
-------------------------------------
[Epoch : 36/40]
Src_cls_loss	: 0.0506
-------------------------------------
[Epoch : 37/40]
Src_cls_loss	: 0.0493
-------------------------------------
[Epoch : 38/40]
Src_cls_loss	: 0.0481
-------------------------------------
[Epoch : 39/40]
Src_cls_loss	: 0.0471
-------------------------------------
[Epoch : 40/40]
Src_cls_loss	: 0.0460
-------------------------------------
