=============================================
Dataset: pamap_mobiact
Method:  NO_ADAPT
=============================================
Source: syn_51 ---> Target: dp_51
Run ID: 1
=============================================
[Epoch : 1/40]
Src_cls_loss	: 0.7626
-------------------------------------
[Epoch : 2/40]
Src_cls_loss	: 0.6082
-------------------------------------
[Epoch : 3/40]
Src_cls_loss	: 0.5211
-------------------------------------
[Epoch : 4/40]
Src_cls_loss	: 0.4544
-------------------------------------
[Epoch : 5/40]
Src_cls_loss	: 0.3995
-------------------------------------
[Epoch : 6/40]
Src_cls_loss	: 0.3560
-------------------------------------
[Epoch : 7/40]
Src_cls_loss	: 0.3219
-------------------------------------
[Epoch : 8/40]
Src_cls_loss	: 0.2978
-------------------------------------
[Epoch : 9/40]
Src_cls_loss	: 0.2768
-------------------------------------
[Epoch : 10/40]
Src_cls_loss	: 0.2573
-------------------------------------
[Epoch : 11/40]
Src_cls_loss	: 0.2422
-------------------------------------
[Epoch : 12/40]
Src_cls_loss	: 0.2272
-------------------------------------
[Epoch : 13/40]
Src_cls_loss	: 0.2143
-------------------------------------
[Epoch : 14/40]
Src_cls_loss	: 0.2035
-------------------------------------
[Epoch : 15/40]
Src_cls_loss	: 0.1953
-------------------------------------
[Epoch : 16/40]
Src_cls_loss	: 0.1863
-------------------------------------
[Epoch : 17/40]
Src_cls_loss	: 0.1779
-------------------------------------
[Epoch : 18/40]
Src_cls_loss	: 0.1702
-------------------------------------
[Epoch : 19/40]
Src_cls_loss	: 0.1631
-------------------------------------
[Epoch : 20/40]
Src_cls_loss	: 0.1566
-------------------------------------
[Epoch : 21/40]
Src_cls_loss	: 0.1506
-------------------------------------
[Epoch : 22/40]
Src_cls_loss	: 0.1448
-------------------------------------
[Epoch : 23/40]
Src_cls_loss	: 0.1392
-------------------------------------
[Epoch : 24/40]
Src_cls_loss	: 0.1347
-------------------------------------
[Epoch : 25/40]
Src_cls_loss	: 0.1311
-------------------------------------
[Epoch : 26/40]
Src_cls_loss	: 0.1278
-------------------------------------
[Epoch : 27/40]
Src_cls_loss	: 0.1244
-------------------------------------
[Epoch : 28/40]
Src_cls_loss	: 0.1207
-------------------------------------
[Epoch : 29/40]
Src_cls_loss	: 0.1170
-------------------------------------
[Epoch : 30/40]
Src_cls_loss	: 0.1136
-------------------------------------
[Epoch : 31/40]
Src_cls_loss	: 0.1108
-------------------------------------
[Epoch : 32/40]
Src_cls_loss	: 0.1083
-------------------------------------
[Epoch : 33/40]
Src_cls_loss	: 0.1055
-------------------------------------
[Epoch : 34/40]
Src_cls_loss	: 0.1031
-------------------------------------
[Epoch : 35/40]
Src_cls_loss	: 0.1009
-------------------------------------
[Epoch : 36/40]
Src_cls_loss	: 0.0987
-------------------------------------
[Epoch : 37/40]
Src_cls_loss	: 0.0966
-------------------------------------
[Epoch : 38/40]
Src_cls_loss	: 0.0946
-------------------------------------
[Epoch : 39/40]
Src_cls_loss	: 0.0926
-------------------------------------
[Epoch : 40/40]
Src_cls_loss	: 0.0905
-------------------------------------
