=============================================
Dataset: pamap_realworld
Method:  NO_ADAPT
=============================================
Source: syn_19 ---> Target: dp_19
Run ID: 2
=============================================
[Epoch : 1/40]
Src_cls_loss	: 0.5064
-------------------------------------
[Epoch : 2/40]
Src_cls_loss	: 0.3676
-------------------------------------
[Epoch : 3/40]
Src_cls_loss	: 0.2966
-------------------------------------
[Epoch : 4/40]
Src_cls_loss	: 0.2478
-------------------------------------
[Epoch : 5/40]
Src_cls_loss	: 0.2183
-------------------------------------
[Epoch : 6/40]
Src_cls_loss	: 0.1948
-------------------------------------
[Epoch : 7/40]
Src_cls_loss	: 0.1758
-------------------------------------
[Epoch : 8/40]
Src_cls_loss	: 0.1598
-------------------------------------
[Epoch : 9/40]
Src_cls_loss	: 0.1476
-------------------------------------
[Epoch : 10/40]
Src_cls_loss	: 0.1377
-------------------------------------
[Epoch : 11/40]
Src_cls_loss	: 0.1295
-------------------------------------
[Epoch : 12/40]
Src_cls_loss	: 0.1221
-------------------------------------
[Epoch : 13/40]
Src_cls_loss	: 0.1152
-------------------------------------
[Epoch : 14/40]
Src_cls_loss	: 0.1089
-------------------------------------
[Epoch : 15/40]
Src_cls_loss	: 0.1034
-------------------------------------
[Epoch : 16/40]
Src_cls_loss	: 0.0987
-------------------------------------
[Epoch : 17/40]
Src_cls_loss	: 0.0943
-------------------------------------
[Epoch : 18/40]
Src_cls_loss	: 0.0908
-------------------------------------
[Epoch : 19/40]
Src_cls_loss	: 0.0884
-------------------------------------
[Epoch : 20/40]
Src_cls_loss	: 0.0855
-------------------------------------
[Epoch : 21/40]
Src_cls_loss	: 0.0827
-------------------------------------
[Epoch : 22/40]
Src_cls_loss	: 0.0800
-------------------------------------
[Epoch : 23/40]
Src_cls_loss	: 0.0776
-------------------------------------
[Epoch : 24/40]
Src_cls_loss	: 0.0759
-------------------------------------
[Epoch : 25/40]
Src_cls_loss	: 0.0742
-------------------------------------
[Epoch : 26/40]
Src_cls_loss	: 0.0722
-------------------------------------
[Epoch : 27/40]
Src_cls_loss	: 0.0702
-------------------------------------
[Epoch : 28/40]
Src_cls_loss	: 0.0681
-------------------------------------
[Epoch : 29/40]
Src_cls_loss	: 0.0665
-------------------------------------
[Epoch : 30/40]
Src_cls_loss	: 0.0648
-------------------------------------
[Epoch : 31/40]
Src_cls_loss	: 0.0637
-------------------------------------
[Epoch : 32/40]
Src_cls_loss	: 0.0628
-------------------------------------
[Epoch : 33/40]
Src_cls_loss	: 0.0618
-------------------------------------
[Epoch : 34/40]
Src_cls_loss	: 0.0607
-------------------------------------
[Epoch : 35/40]
Src_cls_loss	: 0.0595
-------------------------------------
[Epoch : 36/40]
Src_cls_loss	: 0.0582
-------------------------------------
[Epoch : 37/40]
Src_cls_loss	: 0.0570
-------------------------------------
[Epoch : 38/40]
Src_cls_loss	: 0.0559
-------------------------------------
[Epoch : 39/40]
Src_cls_loss	: 0.0549
-------------------------------------
[Epoch : 40/40]
Src_cls_loss	: 0.0540
-------------------------------------
