=============================================
Dataset: pamap_realworld
Method:  SYN
=============================================
Source: syn_wal_11 ---> Target: dp_wal_11
Run ID: 9
=============================================
[Epoch : 1/40]
Src_cls_loss	: 0.5848
-------------------------------------
[Epoch : 2/40]
Src_cls_loss	: 0.4207
-------------------------------------
[Epoch : 3/40]
Src_cls_loss	: 0.3205
-------------------------------------
[Epoch : 4/40]
Src_cls_loss	: 0.2571
-------------------------------------
[Epoch : 5/40]
Src_cls_loss	: 0.2161
-------------------------------------
[Epoch : 6/40]
Src_cls_loss	: 0.1858
-------------------------------------
[Epoch : 7/40]
Src_cls_loss	: 0.1629
-------------------------------------
[Epoch : 8/40]
Src_cls_loss	: 0.1454
-------------------------------------
[Epoch : 9/40]
Src_cls_loss	: 0.1310
-------------------------------------
[Epoch : 10/40]
Src_cls_loss	: 0.1191
-------------------------------------
[Epoch : 11/40]
Src_cls_loss	: 0.1094
-------------------------------------
[Epoch : 12/40]
Src_cls_loss	: 0.1015
-------------------------------------
[Epoch : 13/40]
Src_cls_loss	: 0.0944
-------------------------------------
[Epoch : 14/40]
Src_cls_loss	: 0.0883
-------------------------------------
[Epoch : 15/40]
Src_cls_loss	: 0.0829
-------------------------------------
[Epoch : 16/40]
Src_cls_loss	: 0.0780
-------------------------------------
[Epoch : 17/40]
Src_cls_loss	: 0.0740
-------------------------------------
[Epoch : 18/40]
Src_cls_loss	: 0.0705
-------------------------------------
[Epoch : 19/40]
Src_cls_loss	: 0.0671
-------------------------------------
[Epoch : 20/40]
Src_cls_loss	: 0.0642
-------------------------------------
[Epoch : 21/40]
Src_cls_loss	: 0.0619
-------------------------------------
[Epoch : 22/40]
Src_cls_loss	: 0.0594
-------------------------------------
[Epoch : 23/40]
Src_cls_loss	: 0.0570
-------------------------------------
[Epoch : 24/40]
Src_cls_loss	: 0.0548
-------------------------------------
[Epoch : 25/40]
Src_cls_loss	: 0.0533
-------------------------------------
[Epoch : 26/40]
Src_cls_loss	: 0.0518
-------------------------------------
[Epoch : 27/40]
Src_cls_loss	: 0.0500
-------------------------------------
[Epoch : 28/40]
Src_cls_loss	: 0.0483
-------------------------------------
[Epoch : 29/40]
Src_cls_loss	: 0.0469
-------------------------------------
[Epoch : 30/40]
Src_cls_loss	: 0.0455
-------------------------------------
[Epoch : 31/40]
Src_cls_loss	: 0.0442
-------------------------------------
[Epoch : 32/40]
Src_cls_loss	: 0.0428
-------------------------------------
[Epoch : 33/40]
Src_cls_loss	: 0.0416
-------------------------------------
[Epoch : 34/40]
Src_cls_loss	: 0.0404
-------------------------------------
[Epoch : 35/40]
Src_cls_loss	: 0.0393
-------------------------------------
[Epoch : 36/40]
Src_cls_loss	: 0.0383
-------------------------------------
[Epoch : 37/40]
Src_cls_loss	: 0.0373
-------------------------------------
[Epoch : 38/40]
Src_cls_loss	: 0.0364
-------------------------------------
[Epoch : 39/40]
Src_cls_loss	: 0.0355
-------------------------------------
[Epoch : 40/40]
Src_cls_loss	: 0.0347
-------------------------------------
