=============================================
Dataset: pamap_mobiact
Method:  NO_ADAPT
=============================================
Source: syn_57 ---> Target: dp_57
Run ID: 8
=============================================
[Epoch : 1/40]
Src_cls_loss	: 0.6604
-------------------------------------
[Epoch : 2/40]
Src_cls_loss	: 0.5097
-------------------------------------
[Epoch : 3/40]
Src_cls_loss	: 0.4290
-------------------------------------
[Epoch : 4/40]
Src_cls_loss	: 0.3715
-------------------------------------
[Epoch : 5/40]
Src_cls_loss	: 0.3294
-------------------------------------
[Epoch : 6/40]
Src_cls_loss	: 0.2949
-------------------------------------
[Epoch : 7/40]
Src_cls_loss	: 0.2670
-------------------------------------
[Epoch : 8/40]
Src_cls_loss	: 0.2470
-------------------------------------
[Epoch : 9/40]
Src_cls_loss	: 0.2306
-------------------------------------
[Epoch : 10/40]
Src_cls_loss	: 0.2169
-------------------------------------
[Epoch : 11/40]
Src_cls_loss	: 0.2041
-------------------------------------
[Epoch : 12/40]
Src_cls_loss	: 0.1925
-------------------------------------
[Epoch : 13/40]
Src_cls_loss	: 0.1826
-------------------------------------
[Epoch : 14/40]
Src_cls_loss	: 0.1722
-------------------------------------
[Epoch : 15/40]
Src_cls_loss	: 0.1643
-------------------------------------
[Epoch : 16/40]
Src_cls_loss	: 0.1563
-------------------------------------
[Epoch : 17/40]
Src_cls_loss	: 0.1497
-------------------------------------
[Epoch : 18/40]
Src_cls_loss	: 0.1441
-------------------------------------
[Epoch : 19/40]
Src_cls_loss	: 0.1395
-------------------------------------
[Epoch : 20/40]
Src_cls_loss	: 0.1341
-------------------------------------
[Epoch : 21/40]
Src_cls_loss	: 0.1298
-------------------------------------
[Epoch : 22/40]
Src_cls_loss	: 0.1256
-------------------------------------
[Epoch : 23/40]
Src_cls_loss	: 0.1217
-------------------------------------
[Epoch : 24/40]
Src_cls_loss	: 0.1176
-------------------------------------
[Epoch : 25/40]
Src_cls_loss	: 0.1138
-------------------------------------
[Epoch : 26/40]
Src_cls_loss	: 0.1104
-------------------------------------
[Epoch : 27/40]
Src_cls_loss	: 0.1069
-------------------------------------
[Epoch : 28/40]
Src_cls_loss	: 0.1038
-------------------------------------
[Epoch : 29/40]
Src_cls_loss	: 0.1010
-------------------------------------
[Epoch : 30/40]
Src_cls_loss	: 0.0981
-------------------------------------
[Epoch : 31/40]
Src_cls_loss	: 0.0953
-------------------------------------
[Epoch : 32/40]
Src_cls_loss	: 0.0928
-------------------------------------
[Epoch : 33/40]
Src_cls_loss	: 0.0904
-------------------------------------
[Epoch : 34/40]
Src_cls_loss	: 0.0882
-------------------------------------
[Epoch : 35/40]
Src_cls_loss	: 0.0859
-------------------------------------
[Epoch : 36/40]
Src_cls_loss	: 0.0839
-------------------------------------
[Epoch : 37/40]
Src_cls_loss	: 0.0827
-------------------------------------
[Epoch : 38/40]
Src_cls_loss	: 0.0809
-------------------------------------
[Epoch : 39/40]
Src_cls_loss	: 0.0790
-------------------------------------
[Epoch : 40/40]
Src_cls_loss	: 0.0772
-------------------------------------
