=============================================
Dataset: pamap_mobiact
Method:  SYN
=============================================
Source: syn_wal_35 ---> Target: dp_wal_35
Run ID: 9
=============================================
[Epoch : 1/40]
Src_cls_loss	: 0.6613
-------------------------------------
[Epoch : 2/40]
Src_cls_loss	: 0.4869
-------------------------------------
[Epoch : 3/40]
Src_cls_loss	: 0.3990
-------------------------------------
[Epoch : 4/40]
Src_cls_loss	: 0.3366
-------------------------------------
[Epoch : 5/40]
Src_cls_loss	: 0.2891
-------------------------------------
[Epoch : 6/40]
Src_cls_loss	: 0.2542
-------------------------------------
[Epoch : 7/40]
Src_cls_loss	: 0.2275
-------------------------------------
[Epoch : 8/40]
Src_cls_loss	: 0.2064
-------------------------------------
[Epoch : 9/40]
Src_cls_loss	: 0.1881
-------------------------------------
[Epoch : 10/40]
Src_cls_loss	: 0.1729
-------------------------------------
[Epoch : 11/40]
Src_cls_loss	: 0.1610
-------------------------------------
[Epoch : 12/40]
Src_cls_loss	: 0.1500
-------------------------------------
[Epoch : 13/40]
Src_cls_loss	: 0.1401
-------------------------------------
[Epoch : 14/40]
Src_cls_loss	: 0.1315
-------------------------------------
[Epoch : 15/40]
Src_cls_loss	: 0.1251
-------------------------------------
[Epoch : 16/40]
Src_cls_loss	: 0.1182
-------------------------------------
[Epoch : 17/40]
Src_cls_loss	: 0.1124
-------------------------------------
[Epoch : 18/40]
Src_cls_loss	: 0.1068
-------------------------------------
[Epoch : 19/40]
Src_cls_loss	: 0.1026
-------------------------------------
[Epoch : 20/40]
Src_cls_loss	: 0.0981
-------------------------------------
[Epoch : 21/40]
Src_cls_loss	: 0.0937
-------------------------------------
[Epoch : 22/40]
Src_cls_loss	: 0.0901
-------------------------------------
[Epoch : 23/40]
Src_cls_loss	: 0.0866
-------------------------------------
[Epoch : 24/40]
Src_cls_loss	: 0.0838
-------------------------------------
[Epoch : 25/40]
Src_cls_loss	: 0.0813
-------------------------------------
[Epoch : 26/40]
Src_cls_loss	: 0.0787
-------------------------------------
[Epoch : 27/40]
Src_cls_loss	: 0.0762
-------------------------------------
[Epoch : 28/40]
Src_cls_loss	: 0.0739
-------------------------------------
[Epoch : 29/40]
Src_cls_loss	: 0.0718
-------------------------------------
[Epoch : 30/40]
Src_cls_loss	: 0.0696
-------------------------------------
[Epoch : 31/40]
Src_cls_loss	: 0.0675
-------------------------------------
[Epoch : 32/40]
Src_cls_loss	: 0.0656
-------------------------------------
[Epoch : 33/40]
Src_cls_loss	: 0.0637
-------------------------------------
[Epoch : 34/40]
Src_cls_loss	: 0.0620
-------------------------------------
[Epoch : 35/40]
Src_cls_loss	: 0.0603
-------------------------------------
[Epoch : 36/40]
Src_cls_loss	: 0.0588
-------------------------------------
[Epoch : 37/40]
Src_cls_loss	: 0.0579
-------------------------------------
[Epoch : 38/40]
Src_cls_loss	: 0.0567
-------------------------------------
[Epoch : 39/40]
Src_cls_loss	: 0.0557
-------------------------------------
[Epoch : 40/40]
Src_cls_loss	: 0.0545
-------------------------------------
