=============================================
Dataset: pamap_mobiact
Method:  SYN
=============================================
Source: syn_wal_17 ---> Target: dp_wal_17
Run ID: 2
=============================================
[Epoch : 1/40]
Src_cls_loss	: 0.5200
-------------------------------------
[Epoch : 2/40]
Src_cls_loss	: 0.3621
-------------------------------------
[Epoch : 3/40]
Src_cls_loss	: 0.2878
-------------------------------------
[Epoch : 4/40]
Src_cls_loss	: 0.2427
-------------------------------------
[Epoch : 5/40]
Src_cls_loss	: 0.2121
-------------------------------------
[Epoch : 6/40]
Src_cls_loss	: 0.1867
-------------------------------------
[Epoch : 7/40]
Src_cls_loss	: 0.1685
-------------------------------------
[Epoch : 8/40]
Src_cls_loss	: 0.1541
-------------------------------------
[Epoch : 9/40]
Src_cls_loss	: 0.1427
-------------------------------------
[Epoch : 10/40]
Src_cls_loss	: 0.1319
-------------------------------------
[Epoch : 11/40]
Src_cls_loss	: 0.1248
-------------------------------------
[Epoch : 12/40]
Src_cls_loss	: 0.1166
-------------------------------------
[Epoch : 13/40]
Src_cls_loss	: 0.1096
-------------------------------------
[Epoch : 14/40]
Src_cls_loss	: 0.1036
-------------------------------------
[Epoch : 15/40]
Src_cls_loss	: 0.0981
-------------------------------------
[Epoch : 16/40]
Src_cls_loss	: 0.0935
-------------------------------------
[Epoch : 17/40]
Src_cls_loss	: 0.0890
-------------------------------------
[Epoch : 18/40]
Src_cls_loss	: 0.0846
-------------------------------------
[Epoch : 19/40]
Src_cls_loss	: 0.0809
-------------------------------------
[Epoch : 20/40]
Src_cls_loss	: 0.0776
-------------------------------------
[Epoch : 21/40]
Src_cls_loss	: 0.0743
-------------------------------------
[Epoch : 22/40]
Src_cls_loss	: 0.0713
-------------------------------------
[Epoch : 23/40]
Src_cls_loss	: 0.0687
-------------------------------------
[Epoch : 24/40]
Src_cls_loss	: 0.0664
-------------------------------------
[Epoch : 25/40]
Src_cls_loss	: 0.0640
-------------------------------------
[Epoch : 26/40]
Src_cls_loss	: 0.0618
-------------------------------------
[Epoch : 27/40]
Src_cls_loss	: 0.0597
-------------------------------------
[Epoch : 28/40]
Src_cls_loss	: 0.0577
-------------------------------------
[Epoch : 29/40]
Src_cls_loss	: 0.0559
-------------------------------------
[Epoch : 30/40]
Src_cls_loss	: 0.0542
-------------------------------------
[Epoch : 31/40]
Src_cls_loss	: 0.0526
-------------------------------------
[Epoch : 32/40]
Src_cls_loss	: 0.0510
-------------------------------------
[Epoch : 33/40]
Src_cls_loss	: 0.0496
-------------------------------------
[Epoch : 34/40]
Src_cls_loss	: 0.0482
-------------------------------------
[Epoch : 35/40]
Src_cls_loss	: 0.0471
-------------------------------------
[Epoch : 36/40]
Src_cls_loss	: 0.0460
-------------------------------------
[Epoch : 37/40]
Src_cls_loss	: 0.0448
-------------------------------------
[Epoch : 38/40]
Src_cls_loss	: 0.0437
-------------------------------------
[Epoch : 39/40]
Src_cls_loss	: 0.0427
-------------------------------------
[Epoch : 40/40]
Src_cls_loss	: 0.0417
-------------------------------------
