=============================================
Dataset: realworld_mobiact
Method:  NO_ADAPT
=============================================
Source: syn_71 ---> Target: dp_71
Run ID: 4
=============================================
[Epoch : 1/40]
Src_cls_loss	: 0.8441
-------------------------------------
[Epoch : 2/40]
Src_cls_loss	: 0.6664
-------------------------------------
[Epoch : 3/40]
Src_cls_loss	: 0.5344
-------------------------------------
[Epoch : 4/40]
Src_cls_loss	: 0.4472
-------------------------------------
[Epoch : 5/40]
Src_cls_loss	: 0.3809
-------------------------------------
[Epoch : 6/40]
Src_cls_loss	: 0.3325
-------------------------------------
[Epoch : 7/40]
Src_cls_loss	: 0.2953
-------------------------------------
[Epoch : 8/40]
Src_cls_loss	: 0.2670
-------------------------------------
[Epoch : 9/40]
Src_cls_loss	: 0.2426
-------------------------------------
[Epoch : 10/40]
Src_cls_loss	: 0.2229
-------------------------------------
[Epoch : 11/40]
Src_cls_loss	: 0.2045
-------------------------------------
[Epoch : 12/40]
Src_cls_loss	: 0.1892
-------------------------------------
[Epoch : 13/40]
Src_cls_loss	: 0.1769
-------------------------------------
[Epoch : 14/40]
Src_cls_loss	: 0.1667
-------------------------------------
[Epoch : 15/40]
Src_cls_loss	: 0.1570
-------------------------------------
[Epoch : 16/40]
Src_cls_loss	: 0.1483
-------------------------------------
[Epoch : 17/40]
Src_cls_loss	: 0.1406
-------------------------------------
[Epoch : 18/40]
Src_cls_loss	: 0.1335
-------------------------------------
[Epoch : 19/40]
Src_cls_loss	: 0.1271
-------------------------------------
[Epoch : 20/40]
Src_cls_loss	: 0.1215
-------------------------------------
[Epoch : 21/40]
Src_cls_loss	: 0.1166
-------------------------------------
[Epoch : 22/40]
Src_cls_loss	: 0.1120
-------------------------------------
[Epoch : 23/40]
Src_cls_loss	: 0.1076
-------------------------------------
[Epoch : 24/40]
Src_cls_loss	: 0.1035
-------------------------------------
[Epoch : 25/40]
Src_cls_loss	: 0.0997
-------------------------------------
[Epoch : 26/40]
Src_cls_loss	: 0.0964
-------------------------------------
[Epoch : 27/40]
Src_cls_loss	: 0.0931
-------------------------------------
[Epoch : 28/40]
Src_cls_loss	: 0.0900
-------------------------------------
[Epoch : 29/40]
Src_cls_loss	: 0.0871
-------------------------------------
[Epoch : 30/40]
Src_cls_loss	: 0.0843
-------------------------------------
[Epoch : 31/40]
Src_cls_loss	: 0.0818
-------------------------------------
[Epoch : 32/40]
Src_cls_loss	: 0.0794
-------------------------------------
[Epoch : 33/40]
Src_cls_loss	: 0.0771
-------------------------------------
[Epoch : 34/40]
Src_cls_loss	: 0.0749
-------------------------------------
[Epoch : 35/40]
Src_cls_loss	: 0.0729
-------------------------------------
[Epoch : 36/40]
Src_cls_loss	: 0.0709
-------------------------------------
[Epoch : 37/40]
Src_cls_loss	: 0.0691
-------------------------------------
[Epoch : 38/40]
Src_cls_loss	: 0.0677
-------------------------------------
[Epoch : 39/40]
Src_cls_loss	: 0.0670
-------------------------------------
[Epoch : 40/40]
Src_cls_loss	: 0.0658
-------------------------------------
