=============================================
Dataset: mobiact_realworld
Method:  NO_ADAPT
=============================================
Source: syn_66 ---> Target: dp_66
Run ID: 8
=============================================
[Epoch : 1/40]
Src_cls_loss	: 0.6077
-------------------------------------
[Epoch : 2/40]
Src_cls_loss	: 0.4323
-------------------------------------
[Epoch : 3/40]
Src_cls_loss	: 0.3393
-------------------------------------
[Epoch : 4/40]
Src_cls_loss	: 0.2871
-------------------------------------
[Epoch : 5/40]
Src_cls_loss	: 0.2513
-------------------------------------
[Epoch : 6/40]
Src_cls_loss	: 0.2261
-------------------------------------
[Epoch : 7/40]
Src_cls_loss	: 0.2048
-------------------------------------
[Epoch : 8/40]
Src_cls_loss	: 0.1862
-------------------------------------
[Epoch : 9/40]
Src_cls_loss	: 0.1723
-------------------------------------
[Epoch : 10/40]
Src_cls_loss	: 0.1601
-------------------------------------
[Epoch : 11/40]
Src_cls_loss	: 0.1506
-------------------------------------
[Epoch : 12/40]
Src_cls_loss	: 0.1422
-------------------------------------
[Epoch : 13/40]
Src_cls_loss	: 0.1344
-------------------------------------
[Epoch : 14/40]
Src_cls_loss	: 0.1276
-------------------------------------
[Epoch : 15/40]
Src_cls_loss	: 0.1210
-------------------------------------
[Epoch : 16/40]
Src_cls_loss	: 0.1154
-------------------------------------
[Epoch : 17/40]
Src_cls_loss	: 0.1103
-------------------------------------
[Epoch : 18/40]
Src_cls_loss	: 0.1064
-------------------------------------
[Epoch : 19/40]
Src_cls_loss	: 0.1022
-------------------------------------
[Epoch : 20/40]
Src_cls_loss	: 0.0983
-------------------------------------
[Epoch : 21/40]
Src_cls_loss	: 0.0951
-------------------------------------
[Epoch : 22/40]
Src_cls_loss	: 0.0919
-------------------------------------
[Epoch : 23/40]
Src_cls_loss	: 0.0889
-------------------------------------
[Epoch : 24/40]
Src_cls_loss	: 0.0864
-------------------------------------
[Epoch : 25/40]
Src_cls_loss	: 0.0839
-------------------------------------
[Epoch : 26/40]
Src_cls_loss	: 0.0822
-------------------------------------
[Epoch : 27/40]
Src_cls_loss	: 0.0798
-------------------------------------
[Epoch : 28/40]
Src_cls_loss	: 0.0776
-------------------------------------
[Epoch : 29/40]
Src_cls_loss	: 0.0755
-------------------------------------
[Epoch : 30/40]
Src_cls_loss	: 0.0735
-------------------------------------
[Epoch : 31/40]
Src_cls_loss	: 0.0715
-------------------------------------
[Epoch : 32/40]
Src_cls_loss	: 0.0698
-------------------------------------
[Epoch : 33/40]
Src_cls_loss	: 0.0680
-------------------------------------
[Epoch : 34/40]
Src_cls_loss	: 0.0665
-------------------------------------
[Epoch : 35/40]
Src_cls_loss	: 0.0651
-------------------------------------
[Epoch : 36/40]
Src_cls_loss	: 0.0637
-------------------------------------
[Epoch : 37/40]
Src_cls_loss	: 0.0622
-------------------------------------
[Epoch : 38/40]
Src_cls_loss	: 0.0610
-------------------------------------
[Epoch : 39/40]
Src_cls_loss	: 0.0603
-------------------------------------
[Epoch : 40/40]
Src_cls_loss	: 0.0591
-------------------------------------
