=============================================
Dataset: pamap_mobiact
Method:  NO_ADAPT
=============================================
Source: syn_54 ---> Target: dp_54
Run ID: 8
=============================================
[Epoch : 1/40]
Src_cls_loss	: 0.6337
-------------------------------------
[Epoch : 2/40]
Src_cls_loss	: 0.4872
-------------------------------------
[Epoch : 3/40]
Src_cls_loss	: 0.3876
-------------------------------------
[Epoch : 4/40]
Src_cls_loss	: 0.3246
-------------------------------------
[Epoch : 5/40]
Src_cls_loss	: 0.2756
-------------------------------------
[Epoch : 6/40]
Src_cls_loss	: 0.2415
-------------------------------------
[Epoch : 7/40]
Src_cls_loss	: 0.2158
-------------------------------------
[Epoch : 8/40]
Src_cls_loss	: 0.1965
-------------------------------------
[Epoch : 9/40]
Src_cls_loss	: 0.1807
-------------------------------------
[Epoch : 10/40]
Src_cls_loss	: 0.1683
-------------------------------------
[Epoch : 11/40]
Src_cls_loss	: 0.1565
-------------------------------------
[Epoch : 12/40]
Src_cls_loss	: 0.1472
-------------------------------------
[Epoch : 13/40]
Src_cls_loss	: 0.1382
-------------------------------------
[Epoch : 14/40]
Src_cls_loss	: 0.1299
-------------------------------------
[Epoch : 15/40]
Src_cls_loss	: 0.1230
-------------------------------------
[Epoch : 16/40]
Src_cls_loss	: 0.1168
-------------------------------------
[Epoch : 17/40]
Src_cls_loss	: 0.1119
-------------------------------------
[Epoch : 18/40]
Src_cls_loss	: 0.1072
-------------------------------------
[Epoch : 19/40]
Src_cls_loss	: 0.1029
-------------------------------------
[Epoch : 20/40]
Src_cls_loss	: 0.0997
-------------------------------------
[Epoch : 21/40]
Src_cls_loss	: 0.0973
-------------------------------------
[Epoch : 22/40]
Src_cls_loss	: 0.0947
-------------------------------------
[Epoch : 23/40]
Src_cls_loss	: 0.0918
-------------------------------------
[Epoch : 24/40]
Src_cls_loss	: 0.0887
-------------------------------------
[Epoch : 25/40]
Src_cls_loss	: 0.0859
-------------------------------------
[Epoch : 26/40]
Src_cls_loss	: 0.0833
-------------------------------------
[Epoch : 27/40]
Src_cls_loss	: 0.0807
-------------------------------------
[Epoch : 28/40]
Src_cls_loss	: 0.0784
-------------------------------------
[Epoch : 29/40]
Src_cls_loss	: 0.0763
-------------------------------------
[Epoch : 30/40]
Src_cls_loss	: 0.0743
-------------------------------------
[Epoch : 31/40]
Src_cls_loss	: 0.0724
-------------------------------------
[Epoch : 32/40]
Src_cls_loss	: 0.0705
-------------------------------------
[Epoch : 33/40]
Src_cls_loss	: 0.0690
-------------------------------------
[Epoch : 34/40]
Src_cls_loss	: 0.0673
-------------------------------------
[Epoch : 35/40]
Src_cls_loss	: 0.0657
-------------------------------------
[Epoch : 36/40]
Src_cls_loss	: 0.0641
-------------------------------------
[Epoch : 37/40]
Src_cls_loss	: 0.0629
-------------------------------------
[Epoch : 38/40]
Src_cls_loss	: 0.0616
-------------------------------------
[Epoch : 39/40]
Src_cls_loss	: 0.0603
-------------------------------------
[Epoch : 40/40]
Src_cls_loss	: 0.0591
-------------------------------------
