=============================================
Dataset: pamap_mobiact
Method:  NO_ADAPT
=============================================
Source: syn_22 ---> Target: dp_22
Run ID: 9
=============================================
[Epoch : 1/40]
Src_cls_loss	: 0.7879
-------------------------------------
[Epoch : 2/40]
Src_cls_loss	: 0.6370
-------------------------------------
[Epoch : 3/40]
Src_cls_loss	: 0.5526
-------------------------------------
[Epoch : 4/40]
Src_cls_loss	: 0.4876
-------------------------------------
[Epoch : 5/40]
Src_cls_loss	: 0.4357
-------------------------------------
[Epoch : 6/40]
Src_cls_loss	: 0.3997
-------------------------------------
[Epoch : 7/40]
Src_cls_loss	: 0.3670
-------------------------------------
[Epoch : 8/40]
Src_cls_loss	: 0.3394
-------------------------------------
[Epoch : 9/40]
Src_cls_loss	: 0.3167
-------------------------------------
[Epoch : 10/40]
Src_cls_loss	: 0.2995
-------------------------------------
[Epoch : 11/40]
Src_cls_loss	: 0.2814
-------------------------------------
[Epoch : 12/40]
Src_cls_loss	: 0.2665
-------------------------------------
[Epoch : 13/40]
Src_cls_loss	: 0.2516
-------------------------------------
[Epoch : 14/40]
Src_cls_loss	: 0.2383
-------------------------------------
[Epoch : 15/40]
Src_cls_loss	: 0.2275
-------------------------------------
[Epoch : 16/40]
Src_cls_loss	: 0.2167
-------------------------------------
[Epoch : 17/40]
Src_cls_loss	: 0.2084
-------------------------------------
[Epoch : 18/40]
Src_cls_loss	: 0.2005
-------------------------------------
[Epoch : 19/40]
Src_cls_loss	: 0.1925
-------------------------------------
[Epoch : 20/40]
Src_cls_loss	: 0.1849
-------------------------------------
[Epoch : 21/40]
Src_cls_loss	: 0.1798
-------------------------------------
[Epoch : 22/40]
Src_cls_loss	: 0.1737
-------------------------------------
[Epoch : 23/40]
Src_cls_loss	: 0.1683
-------------------------------------
[Epoch : 24/40]
Src_cls_loss	: 0.1629
-------------------------------------
[Epoch : 25/40]
Src_cls_loss	: 0.1574
-------------------------------------
[Epoch : 26/40]
Src_cls_loss	: 0.1525
-------------------------------------
[Epoch : 27/40]
Src_cls_loss	: 0.1480
-------------------------------------
[Epoch : 28/40]
Src_cls_loss	: 0.1434
-------------------------------------
[Epoch : 29/40]
Src_cls_loss	: 0.1391
-------------------------------------
[Epoch : 30/40]
Src_cls_loss	: 0.1351
-------------------------------------
[Epoch : 31/40]
Src_cls_loss	: 0.1312
-------------------------------------
[Epoch : 32/40]
Src_cls_loss	: 0.1277
-------------------------------------
[Epoch : 33/40]
Src_cls_loss	: 0.1247
-------------------------------------
[Epoch : 34/40]
Src_cls_loss	: 0.1221
-------------------------------------
[Epoch : 35/40]
Src_cls_loss	: 0.1196
-------------------------------------
[Epoch : 36/40]
Src_cls_loss	: 0.1171
-------------------------------------
[Epoch : 37/40]
Src_cls_loss	: 0.1148
-------------------------------------
[Epoch : 38/40]
Src_cls_loss	: 0.1124
-------------------------------------
[Epoch : 39/40]
Src_cls_loss	: 0.1102
-------------------------------------
[Epoch : 40/40]
Src_cls_loss	: 0.1078
-------------------------------------
