=============================================
Dataset: mobiact_realworld
Method:  NO_ADAPT
=============================================
Source: df ---> Target: dp_75
Run ID: 2
=============================================
[Epoch : 1/40]
Src_cls_loss	: 0.3703
-------------------------------------
[Epoch : 2/40]
Src_cls_loss	: 0.2616
-------------------------------------
[Epoch : 3/40]
Src_cls_loss	: 0.2063
-------------------------------------
[Epoch : 4/40]
Src_cls_loss	: 0.1727
-------------------------------------
[Epoch : 5/40]
Src_cls_loss	: 0.1494
-------------------------------------
[Epoch : 6/40]
Src_cls_loss	: 0.1321
-------------------------------------
[Epoch : 7/40]
Src_cls_loss	: 0.1199
-------------------------------------
[Epoch : 8/40]
Src_cls_loss	: 0.1095
-------------------------------------
[Epoch : 9/40]
Src_cls_loss	: 0.1007
-------------------------------------
[Epoch : 10/40]
Src_cls_loss	: 0.0937
-------------------------------------
[Epoch : 11/40]
Src_cls_loss	: 0.0873
-------------------------------------
[Epoch : 12/40]
Src_cls_loss	: 0.0817
-------------------------------------
[Epoch : 13/40]
Src_cls_loss	: 0.0770
-------------------------------------
[Epoch : 14/40]
Src_cls_loss	: 0.0728
-------------------------------------
[Epoch : 15/40]
Src_cls_loss	: 0.0693
-------------------------------------
[Epoch : 16/40]
Src_cls_loss	: 0.0661
-------------------------------------
[Epoch : 17/40]
Src_cls_loss	: 0.0635
-------------------------------------
[Epoch : 18/40]
Src_cls_loss	: 0.0606
-------------------------------------
[Epoch : 19/40]
Src_cls_loss	: 0.0582
-------------------------------------
[Epoch : 20/40]
Src_cls_loss	: 0.0562
-------------------------------------
[Epoch : 21/40]
Src_cls_loss	: 0.0542
-------------------------------------
[Epoch : 22/40]
Src_cls_loss	: 0.0523
-------------------------------------
[Epoch : 23/40]
Src_cls_loss	: 0.0506
-------------------------------------
[Epoch : 24/40]
Src_cls_loss	: 0.0488
-------------------------------------
[Epoch : 25/40]
Src_cls_loss	: 0.0475
-------------------------------------
[Epoch : 26/40]
Src_cls_loss	: 0.0462
-------------------------------------
[Epoch : 27/40]
Src_cls_loss	: 0.0450
-------------------------------------
[Epoch : 28/40]
Src_cls_loss	: 0.0439
-------------------------------------
[Epoch : 29/40]
Src_cls_loss	: 0.0427
-------------------------------------
[Epoch : 30/40]
Src_cls_loss	: 0.0417
-------------------------------------
[Epoch : 31/40]
Src_cls_loss	: 0.0406
-------------------------------------
[Epoch : 32/40]
Src_cls_loss	: 0.0397
-------------------------------------
[Epoch : 33/40]
Src_cls_loss	: 0.0387
-------------------------------------
[Epoch : 34/40]
Src_cls_loss	: 0.0378
-------------------------------------
[Epoch : 35/40]
Src_cls_loss	: 0.0371
-------------------------------------
[Epoch : 36/40]
Src_cls_loss	: 0.0365
-------------------------------------
[Epoch : 37/40]
Src_cls_loss	: 0.0357
-------------------------------------
[Epoch : 38/40]
Src_cls_loss	: 0.0351
-------------------------------------
[Epoch : 39/40]
Src_cls_loss	: 0.0344
-------------------------------------
[Epoch : 40/40]
Src_cls_loss	: 0.0337
-------------------------------------
