=============================================
Dataset: pamap_mobiact
Method:  SYN
=============================================
Source: syn_wal_46 ---> Target: dp_wal_46
Run ID: 5
=============================================
[Epoch : 1/40]
Src_cls_loss	: 0.5627
-------------------------------------
[Epoch : 2/40]
Src_cls_loss	: 0.3775
-------------------------------------
[Epoch : 3/40]
Src_cls_loss	: 0.2916
-------------------------------------
[Epoch : 4/40]
Src_cls_loss	: 0.2376
-------------------------------------
[Epoch : 5/40]
Src_cls_loss	: 0.2003
-------------------------------------
[Epoch : 6/40]
Src_cls_loss	: 0.1753
-------------------------------------
[Epoch : 7/40]
Src_cls_loss	: 0.1566
-------------------------------------
[Epoch : 8/40]
Src_cls_loss	: 0.1421
-------------------------------------
[Epoch : 9/40]
Src_cls_loss	: 0.1296
-------------------------------------
[Epoch : 10/40]
Src_cls_loss	: 0.1187
-------------------------------------
[Epoch : 11/40]
Src_cls_loss	: 0.1098
-------------------------------------
[Epoch : 12/40]
Src_cls_loss	: 0.1018
-------------------------------------
[Epoch : 13/40]
Src_cls_loss	: 0.0954
-------------------------------------
[Epoch : 14/40]
Src_cls_loss	: 0.0894
-------------------------------------
[Epoch : 15/40]
Src_cls_loss	: 0.0844
-------------------------------------
[Epoch : 16/40]
Src_cls_loss	: 0.0803
-------------------------------------
[Epoch : 17/40]
Src_cls_loss	: 0.0769
-------------------------------------
[Epoch : 18/40]
Src_cls_loss	: 0.0743
-------------------------------------
[Epoch : 19/40]
Src_cls_loss	: 0.0714
-------------------------------------
[Epoch : 20/40]
Src_cls_loss	: 0.0686
-------------------------------------
[Epoch : 21/40]
Src_cls_loss	: 0.0659
-------------------------------------
[Epoch : 22/40]
Src_cls_loss	: 0.0631
-------------------------------------
[Epoch : 23/40]
Src_cls_loss	: 0.0607
-------------------------------------
[Epoch : 24/40]
Src_cls_loss	: 0.0583
-------------------------------------
[Epoch : 25/40]
Src_cls_loss	: 0.0562
-------------------------------------
[Epoch : 26/40]
Src_cls_loss	: 0.0542
-------------------------------------
[Epoch : 27/40]
Src_cls_loss	: 0.0522
-------------------------------------
[Epoch : 28/40]
Src_cls_loss	: 0.0506
-------------------------------------
[Epoch : 29/40]
Src_cls_loss	: 0.0490
-------------------------------------
[Epoch : 30/40]
Src_cls_loss	: 0.0474
-------------------------------------
[Epoch : 31/40]
Src_cls_loss	: 0.0460
-------------------------------------
[Epoch : 32/40]
Src_cls_loss	: 0.0446
-------------------------------------
[Epoch : 33/40]
Src_cls_loss	: 0.0433
-------------------------------------
[Epoch : 34/40]
Src_cls_loss	: 0.0421
-------------------------------------
[Epoch : 35/40]
Src_cls_loss	: 0.0410
-------------------------------------
[Epoch : 36/40]
Src_cls_loss	: 0.0401
-------------------------------------
[Epoch : 37/40]
Src_cls_loss	: 0.0396
-------------------------------------
[Epoch : 38/40]
Src_cls_loss	: 0.0390
-------------------------------------
[Epoch : 39/40]
Src_cls_loss	: 0.0383
-------------------------------------
[Epoch : 40/40]
Src_cls_loss	: 0.0375
-------------------------------------
