=============================================
Dataset: realworld_mobiact
Method:  SYN
=============================================
Source: syn_wal_46 ---> Target: dp_wal_46
Run ID: 7
=============================================
[Epoch : 1/40]
Src_cls_loss	: 0.8744
-------------------------------------
[Epoch : 2/40]
Src_cls_loss	: 0.7409
-------------------------------------
[Epoch : 3/40]
Src_cls_loss	: 0.6104
-------------------------------------
[Epoch : 4/40]
Src_cls_loss	: 0.5054
-------------------------------------
[Epoch : 5/40]
Src_cls_loss	: 0.4293
-------------------------------------
[Epoch : 6/40]
Src_cls_loss	: 0.3695
-------------------------------------
[Epoch : 7/40]
Src_cls_loss	: 0.3248
-------------------------------------
[Epoch : 8/40]
Src_cls_loss	: 0.2897
-------------------------------------
[Epoch : 9/40]
Src_cls_loss	: 0.2612
-------------------------------------
[Epoch : 10/40]
Src_cls_loss	: 0.2390
-------------------------------------
[Epoch : 11/40]
Src_cls_loss	: 0.2199
-------------------------------------
[Epoch : 12/40]
Src_cls_loss	: 0.2040
-------------------------------------
[Epoch : 13/40]
Src_cls_loss	: 0.1898
-------------------------------------
[Epoch : 14/40]
Src_cls_loss	: 0.1779
-------------------------------------
[Epoch : 15/40]
Src_cls_loss	: 0.1677
-------------------------------------
[Epoch : 16/40]
Src_cls_loss	: 0.1583
-------------------------------------
[Epoch : 17/40]
Src_cls_loss	: 0.1500
-------------------------------------
[Epoch : 18/40]
Src_cls_loss	: 0.1425
-------------------------------------
[Epoch : 19/40]
Src_cls_loss	: 0.1355
-------------------------------------
[Epoch : 20/40]
Src_cls_loss	: 0.1293
-------------------------------------
[Epoch : 21/40]
Src_cls_loss	: 0.1236
-------------------------------------
[Epoch : 22/40]
Src_cls_loss	: 0.1183
-------------------------------------
[Epoch : 23/40]
Src_cls_loss	: 0.1135
-------------------------------------
[Epoch : 24/40]
Src_cls_loss	: 0.1091
-------------------------------------
[Epoch : 25/40]
Src_cls_loss	: 0.1051
-------------------------------------
[Epoch : 26/40]
Src_cls_loss	: 0.1015
-------------------------------------
[Epoch : 27/40]
Src_cls_loss	: 0.0982
-------------------------------------
[Epoch : 28/40]
Src_cls_loss	: 0.0952
-------------------------------------
[Epoch : 29/40]
Src_cls_loss	: 0.0922
-------------------------------------
[Epoch : 30/40]
Src_cls_loss	: 0.0893
-------------------------------------
[Epoch : 31/40]
Src_cls_loss	: 0.0866
-------------------------------------
[Epoch : 32/40]
Src_cls_loss	: 0.0840
-------------------------------------
[Epoch : 33/40]
Src_cls_loss	: 0.0817
-------------------------------------
[Epoch : 34/40]
Src_cls_loss	: 0.0795
-------------------------------------
[Epoch : 35/40]
Src_cls_loss	: 0.0773
-------------------------------------
[Epoch : 36/40]
Src_cls_loss	: 0.0753
-------------------------------------
[Epoch : 37/40]
Src_cls_loss	: 0.0734
-------------------------------------
[Epoch : 38/40]
Src_cls_loss	: 0.0715
-------------------------------------
[Epoch : 39/40]
Src_cls_loss	: 0.0698
-------------------------------------
[Epoch : 40/40]
Src_cls_loss	: 0.0681
-------------------------------------
