=============================================
Dataset: realworld_mobiact
Method:  NO_ADAPT
=============================================
Source: syn_36 ---> Target: dp_36
Run ID: 8
=============================================
[Epoch : 1/40]
Src_cls_loss	: 0.8454
-------------------------------------
[Epoch : 2/40]
Src_cls_loss	: 0.6699
-------------------------------------
[Epoch : 3/40]
Src_cls_loss	: 0.5399
-------------------------------------
[Epoch : 4/40]
Src_cls_loss	: 0.4457
-------------------------------------
[Epoch : 5/40]
Src_cls_loss	: 0.3787
-------------------------------------
[Epoch : 6/40]
Src_cls_loss	: 0.3306
-------------------------------------
[Epoch : 7/40]
Src_cls_loss	: 0.2931
-------------------------------------
[Epoch : 8/40]
Src_cls_loss	: 0.2648
-------------------------------------
[Epoch : 9/40]
Src_cls_loss	: 0.2411
-------------------------------------
[Epoch : 10/40]
Src_cls_loss	: 0.2218
-------------------------------------
[Epoch : 11/40]
Src_cls_loss	: 0.2044
-------------------------------------
[Epoch : 12/40]
Src_cls_loss	: 0.1920
-------------------------------------
[Epoch : 13/40]
Src_cls_loss	: 0.1801
-------------------------------------
[Epoch : 14/40]
Src_cls_loss	: 0.1698
-------------------------------------
[Epoch : 15/40]
Src_cls_loss	: 0.1599
-------------------------------------
[Epoch : 16/40]
Src_cls_loss	: 0.1515
-------------------------------------
[Epoch : 17/40]
Src_cls_loss	: 0.1439
-------------------------------------
[Epoch : 18/40]
Src_cls_loss	: 0.1369
-------------------------------------
[Epoch : 19/40]
Src_cls_loss	: 0.1306
-------------------------------------
[Epoch : 20/40]
Src_cls_loss	: 0.1253
-------------------------------------
[Epoch : 21/40]
Src_cls_loss	: 0.1202
-------------------------------------
[Epoch : 22/40]
Src_cls_loss	: 0.1157
-------------------------------------
[Epoch : 23/40]
Src_cls_loss	: 0.1117
-------------------------------------
[Epoch : 24/40]
Src_cls_loss	: 0.1095
-------------------------------------
[Epoch : 25/40]
Src_cls_loss	: 0.1061
-------------------------------------
[Epoch : 26/40]
Src_cls_loss	: 0.1023
-------------------------------------
[Epoch : 27/40]
Src_cls_loss	: 0.0989
-------------------------------------
[Epoch : 28/40]
Src_cls_loss	: 0.0959
-------------------------------------
[Epoch : 29/40]
Src_cls_loss	: 0.0930
-------------------------------------
[Epoch : 30/40]
Src_cls_loss	: 0.0902
-------------------------------------
[Epoch : 31/40]
Src_cls_loss	: 0.0876
-------------------------------------
[Epoch : 32/40]
Src_cls_loss	: 0.0850
-------------------------------------
[Epoch : 33/40]
Src_cls_loss	: 0.0827
-------------------------------------
[Epoch : 34/40]
Src_cls_loss	: 0.0805
-------------------------------------
[Epoch : 35/40]
Src_cls_loss	: 0.0784
-------------------------------------
[Epoch : 36/40]
Src_cls_loss	: 0.0763
-------------------------------------
[Epoch : 37/40]
Src_cls_loss	: 0.0745
-------------------------------------
[Epoch : 38/40]
Src_cls_loss	: 0.0726
-------------------------------------
[Epoch : 39/40]
Src_cls_loss	: 0.0709
-------------------------------------
[Epoch : 40/40]
Src_cls_loss	: 0.0693
-------------------------------------
