=============================================
Dataset: pamap_mobiact
Method:  NO_ADAPT
=============================================
Source: syn_14 ---> Target: dp_14
Run ID: 8
=============================================
[Epoch : 1/40]
Src_cls_loss	: 0.7034
-------------------------------------
[Epoch : 2/40]
Src_cls_loss	: 0.5863
-------------------------------------
[Epoch : 3/40]
Src_cls_loss	: 0.4984
-------------------------------------
[Epoch : 4/40]
Src_cls_loss	: 0.4366
-------------------------------------
[Epoch : 5/40]
Src_cls_loss	: 0.3885
-------------------------------------
[Epoch : 6/40]
Src_cls_loss	: 0.3489
-------------------------------------
[Epoch : 7/40]
Src_cls_loss	: 0.3152
-------------------------------------
[Epoch : 8/40]
Src_cls_loss	: 0.2872
-------------------------------------
[Epoch : 9/40]
Src_cls_loss	: 0.2636
-------------------------------------
[Epoch : 10/40]
Src_cls_loss	: 0.2451
-------------------------------------
[Epoch : 11/40]
Src_cls_loss	: 0.2299
-------------------------------------
[Epoch : 12/40]
Src_cls_loss	: 0.2146
-------------------------------------
[Epoch : 13/40]
Src_cls_loss	: 0.2010
-------------------------------------
[Epoch : 14/40]
Src_cls_loss	: 0.1901
-------------------------------------
[Epoch : 15/40]
Src_cls_loss	: 0.1798
-------------------------------------
[Epoch : 16/40]
Src_cls_loss	: 0.1705
-------------------------------------
[Epoch : 17/40]
Src_cls_loss	: 0.1624
-------------------------------------
[Epoch : 18/40]
Src_cls_loss	: 0.1562
-------------------------------------
[Epoch : 19/40]
Src_cls_loss	: 0.1504
-------------------------------------
[Epoch : 20/40]
Src_cls_loss	: 0.1450
-------------------------------------
[Epoch : 21/40]
Src_cls_loss	: 0.1407
-------------------------------------
[Epoch : 22/40]
Src_cls_loss	: 0.1359
-------------------------------------
[Epoch : 23/40]
Src_cls_loss	: 0.1314
-------------------------------------
[Epoch : 24/40]
Src_cls_loss	: 0.1268
-------------------------------------
[Epoch : 25/40]
Src_cls_loss	: 0.1226
-------------------------------------
[Epoch : 26/40]
Src_cls_loss	: 0.1184
-------------------------------------
[Epoch : 27/40]
Src_cls_loss	: 0.1145
-------------------------------------
[Epoch : 28/40]
Src_cls_loss	: 0.1110
-------------------------------------
[Epoch : 29/40]
Src_cls_loss	: 0.1076
-------------------------------------
[Epoch : 30/40]
Src_cls_loss	: 0.1044
-------------------------------------
[Epoch : 31/40]
Src_cls_loss	: 0.1015
-------------------------------------
[Epoch : 32/40]
Src_cls_loss	: 0.0988
-------------------------------------
[Epoch : 33/40]
Src_cls_loss	: 0.0964
-------------------------------------
[Epoch : 34/40]
Src_cls_loss	: 0.0940
-------------------------------------
[Epoch : 35/40]
Src_cls_loss	: 0.0917
-------------------------------------
[Epoch : 36/40]
Src_cls_loss	: 0.0895
-------------------------------------
[Epoch : 37/40]
Src_cls_loss	: 0.0874
-------------------------------------
[Epoch : 38/40]
Src_cls_loss	: 0.0854
-------------------------------------
[Epoch : 39/40]
Src_cls_loss	: 0.0834
-------------------------------------
[Epoch : 40/40]
Src_cls_loss	: 0.0816
-------------------------------------
