=============================================
Dataset: realworld_mobiact
Method:  NO_ADAPT
=============================================
Source: syn_35 ---> Target: dp_35
Run ID: 4
=============================================
[Epoch : 1/40]
Src_cls_loss	: 0.8974
-------------------------------------
[Epoch : 2/40]
Src_cls_loss	: 0.8042
-------------------------------------
[Epoch : 3/40]
Src_cls_loss	: 0.7109
-------------------------------------
[Epoch : 4/40]
Src_cls_loss	: 0.6117
-------------------------------------
[Epoch : 5/40]
Src_cls_loss	: 0.5271
-------------------------------------
[Epoch : 6/40]
Src_cls_loss	: 0.4615
-------------------------------------
[Epoch : 7/40]
Src_cls_loss	: 0.4088
-------------------------------------
[Epoch : 8/40]
Src_cls_loss	: 0.3673
-------------------------------------
[Epoch : 9/40]
Src_cls_loss	: 0.3344
-------------------------------------
[Epoch : 10/40]
Src_cls_loss	: 0.3063
-------------------------------------
[Epoch : 11/40]
Src_cls_loss	: 0.2827
-------------------------------------
[Epoch : 12/40]
Src_cls_loss	: 0.2623
-------------------------------------
[Epoch : 13/40]
Src_cls_loss	: 0.2450
-------------------------------------
[Epoch : 14/40]
Src_cls_loss	: 0.2293
-------------------------------------
[Epoch : 15/40]
Src_cls_loss	: 0.2162
-------------------------------------
[Epoch : 16/40]
Src_cls_loss	: 0.2044
-------------------------------------
[Epoch : 17/40]
Src_cls_loss	: 0.1944
-------------------------------------
[Epoch : 18/40]
Src_cls_loss	: 0.1846
-------------------------------------
[Epoch : 19/40]
Src_cls_loss	: 0.1755
-------------------------------------
[Epoch : 20/40]
Src_cls_loss	: 0.1673
-------------------------------------
[Epoch : 21/40]
Src_cls_loss	: 0.1599
-------------------------------------
[Epoch : 22/40]
Src_cls_loss	: 0.1534
-------------------------------------
[Epoch : 23/40]
Src_cls_loss	: 0.1473
-------------------------------------
[Epoch : 24/40]
Src_cls_loss	: 0.1415
-------------------------------------
[Epoch : 25/40]
Src_cls_loss	: 0.1361
-------------------------------------
[Epoch : 26/40]
Src_cls_loss	: 0.1311
-------------------------------------
[Epoch : 27/40]
Src_cls_loss	: 0.1271
-------------------------------------
[Epoch : 28/40]
Src_cls_loss	: 0.1230
-------------------------------------
[Epoch : 29/40]
Src_cls_loss	: 0.1191
-------------------------------------
[Epoch : 30/40]
Src_cls_loss	: 0.1156
-------------------------------------
[Epoch : 31/40]
Src_cls_loss	: 0.1124
-------------------------------------
[Epoch : 32/40]
Src_cls_loss	: 0.1091
-------------------------------------
[Epoch : 33/40]
Src_cls_loss	: 0.1063
-------------------------------------
[Epoch : 34/40]
Src_cls_loss	: 0.1036
-------------------------------------
[Epoch : 35/40]
Src_cls_loss	: 0.1010
-------------------------------------
[Epoch : 36/40]
Src_cls_loss	: 0.0986
-------------------------------------
[Epoch : 37/40]
Src_cls_loss	: 0.0964
-------------------------------------
[Epoch : 38/40]
Src_cls_loss	: 0.0945
-------------------------------------
[Epoch : 39/40]
Src_cls_loss	: 0.0924
-------------------------------------
[Epoch : 40/40]
Src_cls_loss	: 0.0905
-------------------------------------
