=============================================
Dataset: pamap_mobiact
Method:  NO_ADAPT
=============================================
Source: syn_25 ---> Target: dp_25
Run ID: 1
=============================================
[Epoch : 1/40]
Src_cls_loss	: 0.8008
-------------------------------------
[Epoch : 2/40]
Src_cls_loss	: 0.6452
-------------------------------------
[Epoch : 3/40]
Src_cls_loss	: 0.5569
-------------------------------------
[Epoch : 4/40]
Src_cls_loss	: 0.5003
-------------------------------------
[Epoch : 5/40]
Src_cls_loss	: 0.4565
-------------------------------------
[Epoch : 6/40]
Src_cls_loss	: 0.4236
-------------------------------------
[Epoch : 7/40]
Src_cls_loss	: 0.3974
-------------------------------------
[Epoch : 8/40]
Src_cls_loss	: 0.3715
-------------------------------------
[Epoch : 9/40]
Src_cls_loss	: 0.3507
-------------------------------------
[Epoch : 10/40]
Src_cls_loss	: 0.3338
-------------------------------------
[Epoch : 11/40]
Src_cls_loss	: 0.3175
-------------------------------------
[Epoch : 12/40]
Src_cls_loss	: 0.3013
-------------------------------------
[Epoch : 13/40]
Src_cls_loss	: 0.2876
-------------------------------------
[Epoch : 14/40]
Src_cls_loss	: 0.2753
-------------------------------------
[Epoch : 15/40]
Src_cls_loss	: 0.2648
-------------------------------------
[Epoch : 16/40]
Src_cls_loss	: 0.2536
-------------------------------------
[Epoch : 17/40]
Src_cls_loss	: 0.2447
-------------------------------------
[Epoch : 18/40]
Src_cls_loss	: 0.2348
-------------------------------------
[Epoch : 19/40]
Src_cls_loss	: 0.2258
-------------------------------------
[Epoch : 20/40]
Src_cls_loss	: 0.2170
-------------------------------------
[Epoch : 21/40]
Src_cls_loss	: 0.2101
-------------------------------------
[Epoch : 22/40]
Src_cls_loss	: 0.2032
-------------------------------------
[Epoch : 23/40]
Src_cls_loss	: 0.1965
-------------------------------------
[Epoch : 24/40]
Src_cls_loss	: 0.1904
-------------------------------------
[Epoch : 25/40]
Src_cls_loss	: 0.1850
-------------------------------------
[Epoch : 26/40]
Src_cls_loss	: 0.1791
-------------------------------------
[Epoch : 27/40]
Src_cls_loss	: 0.1740
-------------------------------------
[Epoch : 28/40]
Src_cls_loss	: 0.1702
-------------------------------------
[Epoch : 29/40]
Src_cls_loss	: 0.1663
-------------------------------------
[Epoch : 30/40]
Src_cls_loss	: 0.1626
-------------------------------------
[Epoch : 31/40]
Src_cls_loss	: 0.1587
-------------------------------------
[Epoch : 32/40]
Src_cls_loss	: 0.1548
-------------------------------------
[Epoch : 33/40]
Src_cls_loss	: 0.1509
-------------------------------------
[Epoch : 34/40]
Src_cls_loss	: 0.1473
-------------------------------------
[Epoch : 35/40]
Src_cls_loss	: 0.1435
-------------------------------------
[Epoch : 36/40]
Src_cls_loss	: 0.1402
-------------------------------------
[Epoch : 37/40]
Src_cls_loss	: 0.1371
-------------------------------------
[Epoch : 38/40]
Src_cls_loss	: 0.1340
-------------------------------------
[Epoch : 39/40]
Src_cls_loss	: 0.1312
-------------------------------------
[Epoch : 40/40]
Src_cls_loss	: 0.1283
-------------------------------------
