=============================================
Dataset: realworld_pamap
Method:  SYN
=============================================
Source: syn_wal_17 ---> Target: dp_wal_17
Run ID: 8
=============================================
[Epoch : 1/40]
Src_cls_loss	: 0.8357
-------------------------------------
[Epoch : 2/40]
Src_cls_loss	: 0.6391
-------------------------------------
[Epoch : 3/40]
Src_cls_loss	: 0.5059
-------------------------------------
[Epoch : 4/40]
Src_cls_loss	: 0.4171
-------------------------------------
[Epoch : 5/40]
Src_cls_loss	: 0.3525
-------------------------------------
[Epoch : 6/40]
Src_cls_loss	: 0.3031
-------------------------------------
[Epoch : 7/40]
Src_cls_loss	: 0.2657
-------------------------------------
[Epoch : 8/40]
Src_cls_loss	: 0.2365
-------------------------------------
[Epoch : 9/40]
Src_cls_loss	: 0.2132
-------------------------------------
[Epoch : 10/40]
Src_cls_loss	: 0.1940
-------------------------------------
[Epoch : 11/40]
Src_cls_loss	: 0.1777
-------------------------------------
[Epoch : 12/40]
Src_cls_loss	: 0.1639
-------------------------------------
[Epoch : 13/40]
Src_cls_loss	: 0.1521
-------------------------------------
[Epoch : 14/40]
Src_cls_loss	: 0.1421
-------------------------------------
[Epoch : 15/40]
Src_cls_loss	: 0.1331
-------------------------------------
[Epoch : 16/40]
Src_cls_loss	: 0.1254
-------------------------------------
[Epoch : 17/40]
Src_cls_loss	: 0.1186
-------------------------------------
[Epoch : 18/40]
Src_cls_loss	: 0.1125
-------------------------------------
[Epoch : 19/40]
Src_cls_loss	: 0.1068
-------------------------------------
[Epoch : 20/40]
Src_cls_loss	: 0.1018
-------------------------------------
[Epoch : 21/40]
Src_cls_loss	: 0.0971
-------------------------------------
[Epoch : 22/40]
Src_cls_loss	: 0.0929
-------------------------------------
[Epoch : 23/40]
Src_cls_loss	: 0.0890
-------------------------------------
[Epoch : 24/40]
Src_cls_loss	: 0.0855
-------------------------------------
[Epoch : 25/40]
Src_cls_loss	: 0.0822
-------------------------------------
[Epoch : 26/40]
Src_cls_loss	: 0.0791
-------------------------------------
[Epoch : 27/40]
Src_cls_loss	: 0.0763
-------------------------------------
[Epoch : 28/40]
Src_cls_loss	: 0.0737
-------------------------------------
[Epoch : 29/40]
Src_cls_loss	: 0.0713
-------------------------------------
[Epoch : 30/40]
Src_cls_loss	: 0.0689
-------------------------------------
[Epoch : 31/40]
Src_cls_loss	: 0.0668
-------------------------------------
[Epoch : 32/40]
Src_cls_loss	: 0.0647
-------------------------------------
[Epoch : 33/40]
Src_cls_loss	: 0.0629
-------------------------------------
[Epoch : 34/40]
Src_cls_loss	: 0.0611
-------------------------------------
[Epoch : 35/40]
Src_cls_loss	: 0.0594
-------------------------------------
[Epoch : 36/40]
Src_cls_loss	: 0.0578
-------------------------------------
[Epoch : 37/40]
Src_cls_loss	: 0.0563
-------------------------------------
[Epoch : 38/40]
Src_cls_loss	: 0.0548
-------------------------------------
[Epoch : 39/40]
Src_cls_loss	: 0.0535
-------------------------------------
[Epoch : 40/40]
Src_cls_loss	: 0.0521
-------------------------------------
