=============================================
Dataset: pamap_mobiact
Method:  NO_ADAPT
=============================================
Source: syn_14 ---> Target: dp_14
Run ID: 6
=============================================
[Epoch : 1/40]
Src_cls_loss	: 0.7702
-------------------------------------
[Epoch : 2/40]
Src_cls_loss	: 0.6250
-------------------------------------
[Epoch : 3/40]
Src_cls_loss	: 0.5388
-------------------------------------
[Epoch : 4/40]
Src_cls_loss	: 0.4685
-------------------------------------
[Epoch : 5/40]
Src_cls_loss	: 0.4134
-------------------------------------
[Epoch : 6/40]
Src_cls_loss	: 0.3710
-------------------------------------
[Epoch : 7/40]
Src_cls_loss	: 0.3345
-------------------------------------
[Epoch : 8/40]
Src_cls_loss	: 0.3035
-------------------------------------
[Epoch : 9/40]
Src_cls_loss	: 0.2805
-------------------------------------
[Epoch : 10/40]
Src_cls_loss	: 0.2620
-------------------------------------
[Epoch : 11/40]
Src_cls_loss	: 0.2439
-------------------------------------
[Epoch : 12/40]
Src_cls_loss	: 0.2292
-------------------------------------
[Epoch : 13/40]
Src_cls_loss	: 0.2150
-------------------------------------
[Epoch : 14/40]
Src_cls_loss	: 0.2034
-------------------------------------
[Epoch : 15/40]
Src_cls_loss	: 0.1929
-------------------------------------
[Epoch : 16/40]
Src_cls_loss	: 0.1830
-------------------------------------
[Epoch : 17/40]
Src_cls_loss	: 0.1738
-------------------------------------
[Epoch : 18/40]
Src_cls_loss	: 0.1662
-------------------------------------
[Epoch : 19/40]
Src_cls_loss	: 0.1591
-------------------------------------
[Epoch : 20/40]
Src_cls_loss	: 0.1532
-------------------------------------
[Epoch : 21/40]
Src_cls_loss	: 0.1473
-------------------------------------
[Epoch : 22/40]
Src_cls_loss	: 0.1418
-------------------------------------
[Epoch : 23/40]
Src_cls_loss	: 0.1376
-------------------------------------
[Epoch : 24/40]
Src_cls_loss	: 0.1328
-------------------------------------
[Epoch : 25/40]
Src_cls_loss	: 0.1282
-------------------------------------
[Epoch : 26/40]
Src_cls_loss	: 0.1242
-------------------------------------
[Epoch : 27/40]
Src_cls_loss	: 0.1201
-------------------------------------
[Epoch : 28/40]
Src_cls_loss	: 0.1162
-------------------------------------
[Epoch : 29/40]
Src_cls_loss	: 0.1128
-------------------------------------
[Epoch : 30/40]
Src_cls_loss	: 0.1096
-------------------------------------
[Epoch : 31/40]
Src_cls_loss	: 0.1066
-------------------------------------
[Epoch : 32/40]
Src_cls_loss	: 0.1046
-------------------------------------
[Epoch : 33/40]
Src_cls_loss	: 0.1020
-------------------------------------
[Epoch : 34/40]
Src_cls_loss	: 0.0995
-------------------------------------
[Epoch : 35/40]
Src_cls_loss	: 0.0972
-------------------------------------
[Epoch : 36/40]
Src_cls_loss	: 0.0949
-------------------------------------
[Epoch : 37/40]
Src_cls_loss	: 0.0926
-------------------------------------
[Epoch : 38/40]
Src_cls_loss	: 0.0904
-------------------------------------
[Epoch : 39/40]
Src_cls_loss	: 0.0882
-------------------------------------
[Epoch : 40/40]
Src_cls_loss	: 0.0862
-------------------------------------
