=============================================
Dataset: realworld_mobiact
Method:  SYN
=============================================
Source: syn_wal_19 ---> Target: dp_wal_19
Run ID: 5
=============================================
[Epoch : 1/40]
Src_cls_loss	: 0.8467
-------------------------------------
[Epoch : 2/40]
Src_cls_loss	: 0.6667
-------------------------------------
[Epoch : 3/40]
Src_cls_loss	: 0.5254
-------------------------------------
[Epoch : 4/40]
Src_cls_loss	: 0.4257
-------------------------------------
[Epoch : 5/40]
Src_cls_loss	: 0.3543
-------------------------------------
[Epoch : 6/40]
Src_cls_loss	: 0.3022
-------------------------------------
[Epoch : 7/40]
Src_cls_loss	: 0.2648
-------------------------------------
[Epoch : 8/40]
Src_cls_loss	: 0.2352
-------------------------------------
[Epoch : 9/40]
Src_cls_loss	: 0.2111
-------------------------------------
[Epoch : 10/40]
Src_cls_loss	: 0.1917
-------------------------------------
[Epoch : 11/40]
Src_cls_loss	: 0.1755
-------------------------------------
[Epoch : 12/40]
Src_cls_loss	: 0.1616
-------------------------------------
[Epoch : 13/40]
Src_cls_loss	: 0.1501
-------------------------------------
[Epoch : 14/40]
Src_cls_loss	: 0.1399
-------------------------------------
[Epoch : 15/40]
Src_cls_loss	: 0.1311
-------------------------------------
[Epoch : 16/40]
Src_cls_loss	: 0.1237
-------------------------------------
[Epoch : 17/40]
Src_cls_loss	: 0.1170
-------------------------------------
[Epoch : 18/40]
Src_cls_loss	: 0.1110
-------------------------------------
[Epoch : 19/40]
Src_cls_loss	: 0.1057
-------------------------------------
[Epoch : 20/40]
Src_cls_loss	: 0.1006
-------------------------------------
[Epoch : 21/40]
Src_cls_loss	: 0.0962
-------------------------------------
[Epoch : 22/40]
Src_cls_loss	: 0.0919
-------------------------------------
[Epoch : 23/40]
Src_cls_loss	: 0.0881
-------------------------------------
[Epoch : 24/40]
Src_cls_loss	: 0.0845
-------------------------------------
[Epoch : 25/40]
Src_cls_loss	: 0.0813
-------------------------------------
[Epoch : 26/40]
Src_cls_loss	: 0.0783
-------------------------------------
[Epoch : 27/40]
Src_cls_loss	: 0.0754
-------------------------------------
[Epoch : 28/40]
Src_cls_loss	: 0.0728
-------------------------------------
[Epoch : 29/40]
Src_cls_loss	: 0.0705
-------------------------------------
[Epoch : 30/40]
Src_cls_loss	: 0.0682
-------------------------------------
[Epoch : 31/40]
Src_cls_loss	: 0.0660
-------------------------------------
[Epoch : 32/40]
Src_cls_loss	: 0.0641
-------------------------------------
[Epoch : 33/40]
Src_cls_loss	: 0.0622
-------------------------------------
[Epoch : 34/40]
Src_cls_loss	: 0.0604
-------------------------------------
[Epoch : 35/40]
Src_cls_loss	: 0.0587
-------------------------------------
[Epoch : 36/40]
Src_cls_loss	: 0.0572
-------------------------------------
[Epoch : 37/40]
Src_cls_loss	: 0.0557
-------------------------------------
[Epoch : 38/40]
Src_cls_loss	: 0.0543
-------------------------------------
[Epoch : 39/40]
Src_cls_loss	: 0.0530
-------------------------------------
[Epoch : 40/40]
Src_cls_loss	: 0.0517
-------------------------------------
