=============================================
Dataset: pamap_mobiact
Method:  NO_ADAPT
=============================================
Source: syn_7 ---> Target: dp_7
Run ID: 1
=============================================
[Epoch : 1/40]
Src_cls_loss	: 0.7178
-------------------------------------
[Epoch : 2/40]
Src_cls_loss	: 0.5831
-------------------------------------
[Epoch : 3/40]
Src_cls_loss	: 0.4824
-------------------------------------
[Epoch : 4/40]
Src_cls_loss	: 0.4128
-------------------------------------
[Epoch : 5/40]
Src_cls_loss	: 0.3600
-------------------------------------
[Epoch : 6/40]
Src_cls_loss	: 0.3169
-------------------------------------
[Epoch : 7/40]
Src_cls_loss	: 0.2824
-------------------------------------
[Epoch : 8/40]
Src_cls_loss	: 0.2537
-------------------------------------
[Epoch : 9/40]
Src_cls_loss	: 0.2317
-------------------------------------
[Epoch : 10/40]
Src_cls_loss	: 0.2146
-------------------------------------
[Epoch : 11/40]
Src_cls_loss	: 0.1988
-------------------------------------
[Epoch : 12/40]
Src_cls_loss	: 0.1851
-------------------------------------
[Epoch : 13/40]
Src_cls_loss	: 0.1735
-------------------------------------
[Epoch : 14/40]
Src_cls_loss	: 0.1635
-------------------------------------
[Epoch : 15/40]
Src_cls_loss	: 0.1543
-------------------------------------
[Epoch : 16/40]
Src_cls_loss	: 0.1464
-------------------------------------
[Epoch : 17/40]
Src_cls_loss	: 0.1388
-------------------------------------
[Epoch : 18/40]
Src_cls_loss	: 0.1326
-------------------------------------
[Epoch : 19/40]
Src_cls_loss	: 0.1268
-------------------------------------
[Epoch : 20/40]
Src_cls_loss	: 0.1219
-------------------------------------
[Epoch : 21/40]
Src_cls_loss	: 0.1165
-------------------------------------
[Epoch : 22/40]
Src_cls_loss	: 0.1116
-------------------------------------
[Epoch : 23/40]
Src_cls_loss	: 0.1071
-------------------------------------
[Epoch : 24/40]
Src_cls_loss	: 0.1032
-------------------------------------
[Epoch : 25/40]
Src_cls_loss	: 0.0995
-------------------------------------
[Epoch : 26/40]
Src_cls_loss	: 0.0961
-------------------------------------
[Epoch : 27/40]
Src_cls_loss	: 0.0927
-------------------------------------
[Epoch : 28/40]
Src_cls_loss	: 0.0896
-------------------------------------
[Epoch : 29/40]
Src_cls_loss	: 0.0867
-------------------------------------
[Epoch : 30/40]
Src_cls_loss	: 0.0840
-------------------------------------
[Epoch : 31/40]
Src_cls_loss	: 0.0816
-------------------------------------
[Epoch : 32/40]
Src_cls_loss	: 0.0791
-------------------------------------
[Epoch : 33/40]
Src_cls_loss	: 0.0770
-------------------------------------
[Epoch : 34/40]
Src_cls_loss	: 0.0757
-------------------------------------
[Epoch : 35/40]
Src_cls_loss	: 0.0741
-------------------------------------
[Epoch : 36/40]
Src_cls_loss	: 0.0724
-------------------------------------
[Epoch : 37/40]
Src_cls_loss	: 0.0708
-------------------------------------
[Epoch : 38/40]
Src_cls_loss	: 0.0691
-------------------------------------
[Epoch : 39/40]
Src_cls_loss	: 0.0677
-------------------------------------
[Epoch : 40/40]
Src_cls_loss	: 0.0662
-------------------------------------
