=============================================
Dataset: pamap_mobiact
Method:  SYN
=============================================
Source: syn_wal_41 ---> Target: dp_wal_41
Run ID: 7
=============================================
[Epoch : 1/40]
Src_cls_loss	: 0.5140
-------------------------------------
[Epoch : 2/40]
Src_cls_loss	: 0.3659
-------------------------------------
[Epoch : 3/40]
Src_cls_loss	: 0.2906
-------------------------------------
[Epoch : 4/40]
Src_cls_loss	: 0.2431
-------------------------------------
[Epoch : 5/40]
Src_cls_loss	: 0.2118
-------------------------------------
[Epoch : 6/40]
Src_cls_loss	: 0.1885
-------------------------------------
[Epoch : 7/40]
Src_cls_loss	: 0.1699
-------------------------------------
[Epoch : 8/40]
Src_cls_loss	: 0.1546
-------------------------------------
[Epoch : 9/40]
Src_cls_loss	: 0.1419
-------------------------------------
[Epoch : 10/40]
Src_cls_loss	: 0.1326
-------------------------------------
[Epoch : 11/40]
Src_cls_loss	: 0.1234
-------------------------------------
[Epoch : 12/40]
Src_cls_loss	: 0.1163
-------------------------------------
[Epoch : 13/40]
Src_cls_loss	: 0.1104
-------------------------------------
[Epoch : 14/40]
Src_cls_loss	: 0.1048
-------------------------------------
[Epoch : 15/40]
Src_cls_loss	: 0.0994
-------------------------------------
[Epoch : 16/40]
Src_cls_loss	: 0.0944
-------------------------------------
[Epoch : 17/40]
Src_cls_loss	: 0.0904
-------------------------------------
[Epoch : 18/40]
Src_cls_loss	: 0.0866
-------------------------------------
[Epoch : 19/40]
Src_cls_loss	: 0.0830
-------------------------------------
[Epoch : 20/40]
Src_cls_loss	: 0.0800
-------------------------------------
[Epoch : 21/40]
Src_cls_loss	: 0.0769
-------------------------------------
[Epoch : 22/40]
Src_cls_loss	: 0.0744
-------------------------------------
[Epoch : 23/40]
Src_cls_loss	: 0.0719
-------------------------------------
[Epoch : 24/40]
Src_cls_loss	: 0.0693
-------------------------------------
[Epoch : 25/40]
Src_cls_loss	: 0.0671
-------------------------------------
[Epoch : 26/40]
Src_cls_loss	: 0.0650
-------------------------------------
[Epoch : 27/40]
Src_cls_loss	: 0.0635
-------------------------------------
[Epoch : 28/40]
Src_cls_loss	: 0.0617
-------------------------------------
[Epoch : 29/40]
Src_cls_loss	: 0.0600
-------------------------------------
[Epoch : 30/40]
Src_cls_loss	: 0.0583
-------------------------------------
[Epoch : 31/40]
Src_cls_loss	: 0.0567
-------------------------------------
[Epoch : 32/40]
Src_cls_loss	: 0.0555
-------------------------------------
[Epoch : 33/40]
Src_cls_loss	: 0.0542
-------------------------------------
[Epoch : 34/40]
Src_cls_loss	: 0.0529
-------------------------------------
[Epoch : 35/40]
Src_cls_loss	: 0.0516
-------------------------------------
[Epoch : 36/40]
Src_cls_loss	: 0.0503
-------------------------------------
[Epoch : 37/40]
Src_cls_loss	: 0.0491
-------------------------------------
[Epoch : 38/40]
Src_cls_loss	: 0.0480
-------------------------------------
[Epoch : 39/40]
Src_cls_loss	: 0.0469
-------------------------------------
[Epoch : 40/40]
Src_cls_loss	: 0.0458
-------------------------------------
