=============================================
Dataset: pamap_mobiact
Method:  DANN
=============================================
Source: df ---> Target: dp_wal_61
Run ID: 0
=============================================
[Epoch : 1/40]
Total_loss	: 6.4765
Domain_loss	: 1.0640
Src_cls_loss	: 0.7027
-------------------------------------
[Epoch : 2/40]
Total_loss	: 6.0433
Domain_loss	: 1.0266
Src_cls_loss	: 0.6390
-------------------------------------
[Epoch : 3/40]
Total_loss	: 5.9781
Domain_loss	: 1.0964
Src_cls_loss	: 0.5921
-------------------------------------
[Epoch : 4/40]
Total_loss	: 5.8726
Domain_loss	: 1.1259
Src_cls_loss	: 0.5575
-------------------------------------
[Epoch : 5/40]
Total_loss	: 5.7175
Domain_loss	: 1.1363
Src_cls_loss	: 0.5230
-------------------------------------
[Epoch : 6/40]
Total_loss	: 5.5934
Domain_loss	: 1.1353
Src_cls_loss	: 0.4999
-------------------------------------
[Epoch : 7/40]
Total_loss	: 5.4751
Domain_loss	: 1.1467
Src_cls_loss	: 0.4719
-------------------------------------
[Epoch : 8/40]
Total_loss	: 5.3690
Domain_loss	: 1.1522
Src_cls_loss	: 0.4490
-------------------------------------
[Epoch : 9/40]
Total_loss	: 5.2859
Domain_loss	: 1.1598
Src_cls_loss	: 0.4295
-------------------------------------
[Epoch : 10/40]
Total_loss	: 5.2403
Domain_loss	: 1.1697
Src_cls_loss	: 0.4160
-------------------------------------
[Epoch : 11/40]
Total_loss	: 5.1998
Domain_loss	: 1.1817
Src_cls_loss	: 0.4023
-------------------------------------
[Epoch : 12/40]
Total_loss	: 5.1435
Domain_loss	: 1.1903
Src_cls_loss	: 0.3874
-------------------------------------
[Epoch : 13/40]
Total_loss	: 5.0891
Domain_loss	: 1.1958
Src_cls_loss	: 0.3744
-------------------------------------
[Epoch : 14/40]
Total_loss	: 5.0385
Domain_loss	: 1.1994
Src_cls_loss	: 0.3630
-------------------------------------
[Epoch : 15/40]
Total_loss	: 4.9973
Domain_loss	: 1.2058
Src_cls_loss	: 0.3520
-------------------------------------
[Epoch : 16/40]
Total_loss	: 4.9688
Domain_loss	: 1.2105
Src_cls_loss	: 0.3443
-------------------------------------
[Epoch : 17/40]
Total_loss	: 4.9313
Domain_loss	: 1.2135
Src_cls_loss	: 0.3357
-------------------------------------
[Epoch : 18/40]
Total_loss	: 4.9076
Domain_loss	: 1.2150
Src_cls_loss	: 0.3305
-------------------------------------
[Epoch : 19/40]
Total_loss	: 4.8893
Domain_loss	: 1.2224
Src_cls_loss	: 0.3234
-------------------------------------
[Epoch : 20/40]
Total_loss	: 4.8621
Domain_loss	: 1.2264
Src_cls_loss	: 0.3162
-------------------------------------
[Epoch : 21/40]
Total_loss	: 4.8342
Domain_loss	: 1.2307
Src_cls_loss	: 0.3088
-------------------------------------
[Epoch : 22/40]
Total_loss	: 4.8119
Domain_loss	: 1.2352
Src_cls_loss	: 0.3023
-------------------------------------
[Epoch : 23/40]
Total_loss	: 4.7939
Domain_loss	: 1.2405
Src_cls_loss	: 0.2963
-------------------------------------
[Epoch : 24/40]
Total_loss	: 4.7755
Domain_loss	: 1.2437
Src_cls_loss	: 0.2913
-------------------------------------
[Epoch : 25/40]
Total_loss	: 4.7630
Domain_loss	: 1.2477
Src_cls_loss	: 0.2869
-------------------------------------
[Epoch : 26/40]
Total_loss	: 4.7400
Domain_loss	: 1.2491
Src_cls_loss	: 0.2818
-------------------------------------
[Epoch : 27/40]
Total_loss	: 4.7243
Domain_loss	: 1.2522
Src_cls_loss	: 0.2773
-------------------------------------
[Epoch : 28/40]
Total_loss	: 4.7043
Domain_loss	: 1.2540
Src_cls_loss	: 0.2726
-------------------------------------
[Epoch : 29/40]
Total_loss	: 4.6990
Domain_loss	: 1.2569
Src_cls_loss	: 0.2702
-------------------------------------
[Epoch : 30/40]
Total_loss	: 4.6965
Domain_loss	: 1.2595
Src_cls_loss	: 0.2684
-------------------------------------
[Epoch : 31/40]
Total_loss	: 4.6861
Domain_loss	: 1.2611
Src_cls_loss	: 0.2657
-------------------------------------
[Epoch : 32/40]
Total_loss	: 4.6711
Domain_loss	: 1.2634
Src_cls_loss	: 0.2617
-------------------------------------
[Epoch : 33/40]
Total_loss	: 4.6559
Domain_loss	: 1.2657
Src_cls_loss	: 0.2577
-------------------------------------
[Epoch : 34/40]
Total_loss	: 4.6372
Domain_loss	: 1.2673
Src_cls_loss	: 0.2534
-------------------------------------
[Epoch : 35/40]
Total_loss	: 4.6290
Domain_loss	: 1.2691
Src_cls_loss	: 0.2509
-------------------------------------
[Epoch : 36/40]
Total_loss	: 4.6167
Domain_loss	: 1.2714
Src_cls_loss	: 0.2474
-------------------------------------
[Epoch : 37/40]
Total_loss	: 4.6041
Domain_loss	: 1.2740
Src_cls_loss	: 0.2437
-------------------------------------
[Epoch : 38/40]
Total_loss	: 4.5940
Domain_loss	: 1.2761
Src_cls_loss	: 0.2408
-------------------------------------
[Epoch : 39/40]
Total_loss	: 4.5872
Domain_loss	: 1.2783
Src_cls_loss	: 0.2384
-------------------------------------
[Epoch : 40/40]
Total_loss	: 4.5784
Domain_loss	: 1.2799
Src_cls_loss	: 0.2360
-------------------------------------
