=============================================
Dataset: realworld_mobiact
Method:  NO_ADAPT
=============================================
Source: syn_16 ---> Target: dp_16
Run ID: 2
=============================================
[Epoch : 1/40]
Src_cls_loss	: 0.8986
-------------------------------------
[Epoch : 2/40]
Src_cls_loss	: 0.7819
-------------------------------------
[Epoch : 3/40]
Src_cls_loss	: 0.6565
-------------------------------------
[Epoch : 4/40]
Src_cls_loss	: 0.5495
-------------------------------------
[Epoch : 5/40]
Src_cls_loss	: 0.4679
-------------------------------------
[Epoch : 6/40]
Src_cls_loss	: 0.4063
-------------------------------------
[Epoch : 7/40]
Src_cls_loss	: 0.3606
-------------------------------------
[Epoch : 8/40]
Src_cls_loss	: 0.3248
-------------------------------------
[Epoch : 9/40]
Src_cls_loss	: 0.2944
-------------------------------------
[Epoch : 10/40]
Src_cls_loss	: 0.2708
-------------------------------------
[Epoch : 11/40]
Src_cls_loss	: 0.2503
-------------------------------------
[Epoch : 12/40]
Src_cls_loss	: 0.2332
-------------------------------------
[Epoch : 13/40]
Src_cls_loss	: 0.2183
-------------------------------------
[Epoch : 14/40]
Src_cls_loss	: 0.2047
-------------------------------------
[Epoch : 15/40]
Src_cls_loss	: 0.1931
-------------------------------------
[Epoch : 16/40]
Src_cls_loss	: 0.1827
-------------------------------------
[Epoch : 17/40]
Src_cls_loss	: 0.1735
-------------------------------------
[Epoch : 18/40]
Src_cls_loss	: 0.1654
-------------------------------------
[Epoch : 19/40]
Src_cls_loss	: 0.1584
-------------------------------------
[Epoch : 20/40]
Src_cls_loss	: 0.1516
-------------------------------------
[Epoch : 21/40]
Src_cls_loss	: 0.1457
-------------------------------------
[Epoch : 22/40]
Src_cls_loss	: 0.1400
-------------------------------------
[Epoch : 23/40]
Src_cls_loss	: 0.1346
-------------------------------------
[Epoch : 24/40]
Src_cls_loss	: 0.1298
-------------------------------------
[Epoch : 25/40]
Src_cls_loss	: 0.1255
-------------------------------------
[Epoch : 26/40]
Src_cls_loss	: 0.1215
-------------------------------------
[Epoch : 27/40]
Src_cls_loss	: 0.1177
-------------------------------------
[Epoch : 28/40]
Src_cls_loss	: 0.1142
-------------------------------------
[Epoch : 29/40]
Src_cls_loss	: 0.1114
-------------------------------------
[Epoch : 30/40]
Src_cls_loss	: 0.1083
-------------------------------------
[Epoch : 31/40]
Src_cls_loss	: 0.1054
-------------------------------------
[Epoch : 32/40]
Src_cls_loss	: 0.1026
-------------------------------------
[Epoch : 33/40]
Src_cls_loss	: 0.0999
-------------------------------------
[Epoch : 34/40]
Src_cls_loss	: 0.0973
-------------------------------------
[Epoch : 35/40]
Src_cls_loss	: 0.0948
-------------------------------------
[Epoch : 36/40]
Src_cls_loss	: 0.0924
-------------------------------------
[Epoch : 37/40]
Src_cls_loss	: 0.0902
-------------------------------------
[Epoch : 38/40]
Src_cls_loss	: 0.0880
-------------------------------------
[Epoch : 39/40]
Src_cls_loss	: 0.0860
-------------------------------------
[Epoch : 40/40]
Src_cls_loss	: 0.0841
-------------------------------------
