=============================================
Dataset: realworld_mobiact
Method:  SYN
=============================================
Source: syn_wal_28 ---> Target: dp_wal_28
Run ID: 5
=============================================
[Epoch : 1/40]
Src_cls_loss	: 0.8535
-------------------------------------
[Epoch : 2/40]
Src_cls_loss	: 0.6977
-------------------------------------
[Epoch : 3/40]
Src_cls_loss	: 0.5545
-------------------------------------
[Epoch : 4/40]
Src_cls_loss	: 0.4518
-------------------------------------
[Epoch : 5/40]
Src_cls_loss	: 0.3753
-------------------------------------
[Epoch : 6/40]
Src_cls_loss	: 0.3219
-------------------------------------
[Epoch : 7/40]
Src_cls_loss	: 0.2821
-------------------------------------
[Epoch : 8/40]
Src_cls_loss	: 0.2512
-------------------------------------
[Epoch : 9/40]
Src_cls_loss	: 0.2259
-------------------------------------
[Epoch : 10/40]
Src_cls_loss	: 0.2054
-------------------------------------
[Epoch : 11/40]
Src_cls_loss	: 0.1883
-------------------------------------
[Epoch : 12/40]
Src_cls_loss	: 0.1737
-------------------------------------
[Epoch : 13/40]
Src_cls_loss	: 0.1622
-------------------------------------
[Epoch : 14/40]
Src_cls_loss	: 0.1515
-------------------------------------
[Epoch : 15/40]
Src_cls_loss	: 0.1420
-------------------------------------
[Epoch : 16/40]
Src_cls_loss	: 0.1339
-------------------------------------
[Epoch : 17/40]
Src_cls_loss	: 0.1265
-------------------------------------
[Epoch : 18/40]
Src_cls_loss	: 0.1200
-------------------------------------
[Epoch : 19/40]
Src_cls_loss	: 0.1142
-------------------------------------
[Epoch : 20/40]
Src_cls_loss	: 0.1088
-------------------------------------
[Epoch : 21/40]
Src_cls_loss	: 0.1042
-------------------------------------
[Epoch : 22/40]
Src_cls_loss	: 0.0998
-------------------------------------
[Epoch : 23/40]
Src_cls_loss	: 0.0958
-------------------------------------
[Epoch : 24/40]
Src_cls_loss	: 0.0920
-------------------------------------
[Epoch : 25/40]
Src_cls_loss	: 0.0885
-------------------------------------
[Epoch : 26/40]
Src_cls_loss	: 0.0853
-------------------------------------
[Epoch : 27/40]
Src_cls_loss	: 0.0822
-------------------------------------
[Epoch : 28/40]
Src_cls_loss	: 0.0794
-------------------------------------
[Epoch : 29/40]
Src_cls_loss	: 0.0768
-------------------------------------
[Epoch : 30/40]
Src_cls_loss	: 0.0743
-------------------------------------
[Epoch : 31/40]
Src_cls_loss	: 0.0721
-------------------------------------
[Epoch : 32/40]
Src_cls_loss	: 0.0700
-------------------------------------
[Epoch : 33/40]
Src_cls_loss	: 0.0680
-------------------------------------
[Epoch : 34/40]
Src_cls_loss	: 0.0661
-------------------------------------
[Epoch : 35/40]
Src_cls_loss	: 0.0643
-------------------------------------
[Epoch : 36/40]
Src_cls_loss	: 0.0627
-------------------------------------
[Epoch : 37/40]
Src_cls_loss	: 0.0611
-------------------------------------
[Epoch : 38/40]
Src_cls_loss	: 0.0596
-------------------------------------
[Epoch : 39/40]
Src_cls_loss	: 0.0581
-------------------------------------
[Epoch : 40/40]
Src_cls_loss	: 0.0567
-------------------------------------
