=============================================
Dataset: pamap_mobiact
Method:  NO_ADAPT
=============================================
Source: syn_26 ---> Target: dp_26
Run ID: 1
=============================================
[Epoch : 1/40]
Src_cls_loss	: 0.8067
-------------------------------------
[Epoch : 2/40]
Src_cls_loss	: 0.6474
-------------------------------------
[Epoch : 3/40]
Src_cls_loss	: 0.5423
-------------------------------------
[Epoch : 4/40]
Src_cls_loss	: 0.4559
-------------------------------------
[Epoch : 5/40]
Src_cls_loss	: 0.3961
-------------------------------------
[Epoch : 6/40]
Src_cls_loss	: 0.3482
-------------------------------------
[Epoch : 7/40]
Src_cls_loss	: 0.3090
-------------------------------------
[Epoch : 8/40]
Src_cls_loss	: 0.2784
-------------------------------------
[Epoch : 9/40]
Src_cls_loss	: 0.2533
-------------------------------------
[Epoch : 10/40]
Src_cls_loss	: 0.2338
-------------------------------------
[Epoch : 11/40]
Src_cls_loss	: 0.2182
-------------------------------------
[Epoch : 12/40]
Src_cls_loss	: 0.2026
-------------------------------------
[Epoch : 13/40]
Src_cls_loss	: 0.1886
-------------------------------------
[Epoch : 14/40]
Src_cls_loss	: 0.1772
-------------------------------------
[Epoch : 15/40]
Src_cls_loss	: 0.1668
-------------------------------------
[Epoch : 16/40]
Src_cls_loss	: 0.1585
-------------------------------------
[Epoch : 17/40]
Src_cls_loss	: 0.1502
-------------------------------------
[Epoch : 18/40]
Src_cls_loss	: 0.1426
-------------------------------------
[Epoch : 19/40]
Src_cls_loss	: 0.1364
-------------------------------------
[Epoch : 20/40]
Src_cls_loss	: 0.1303
-------------------------------------
[Epoch : 21/40]
Src_cls_loss	: 0.1249
-------------------------------------
[Epoch : 22/40]
Src_cls_loss	: 0.1199
-------------------------------------
[Epoch : 23/40]
Src_cls_loss	: 0.1156
-------------------------------------
[Epoch : 24/40]
Src_cls_loss	: 0.1113
-------------------------------------
[Epoch : 25/40]
Src_cls_loss	: 0.1074
-------------------------------------
[Epoch : 26/40]
Src_cls_loss	: 0.1039
-------------------------------------
[Epoch : 27/40]
Src_cls_loss	: 0.1009
-------------------------------------
[Epoch : 28/40]
Src_cls_loss	: 0.0977
-------------------------------------
[Epoch : 29/40]
Src_cls_loss	: 0.0945
-------------------------------------
[Epoch : 30/40]
Src_cls_loss	: 0.0915
-------------------------------------
[Epoch : 31/40]
Src_cls_loss	: 0.0888
-------------------------------------
[Epoch : 32/40]
Src_cls_loss	: 0.0861
-------------------------------------
[Epoch : 33/40]
Src_cls_loss	: 0.0838
-------------------------------------
[Epoch : 34/40]
Src_cls_loss	: 0.0814
-------------------------------------
[Epoch : 35/40]
Src_cls_loss	: 0.0792
-------------------------------------
[Epoch : 36/40]
Src_cls_loss	: 0.0772
-------------------------------------
[Epoch : 37/40]
Src_cls_loss	: 0.0754
-------------------------------------
[Epoch : 38/40]
Src_cls_loss	: 0.0736
-------------------------------------
[Epoch : 39/40]
Src_cls_loss	: 0.0718
-------------------------------------
[Epoch : 40/40]
Src_cls_loss	: 0.0702
-------------------------------------
