=============================================
Dataset: realworld_mobiact
Method:  SYN
=============================================
Source: syn_wal_42 ---> Target: dp_wal_42
Run ID: 9
=============================================
[Epoch : 1/40]
Src_cls_loss	: 0.7945
-------------------------------------
[Epoch : 2/40]
Src_cls_loss	: 0.6159
-------------------------------------
[Epoch : 3/40]
Src_cls_loss	: 0.4863
-------------------------------------
[Epoch : 4/40]
Src_cls_loss	: 0.3952
-------------------------------------
[Epoch : 5/40]
Src_cls_loss	: 0.3324
-------------------------------------
[Epoch : 6/40]
Src_cls_loss	: 0.2852
-------------------------------------
[Epoch : 7/40]
Src_cls_loss	: 0.2505
-------------------------------------
[Epoch : 8/40]
Src_cls_loss	: 0.2229
-------------------------------------
[Epoch : 9/40]
Src_cls_loss	: 0.2007
-------------------------------------
[Epoch : 10/40]
Src_cls_loss	: 0.1824
-------------------------------------
[Epoch : 11/40]
Src_cls_loss	: 0.1673
-------------------------------------
[Epoch : 12/40]
Src_cls_loss	: 0.1546
-------------------------------------
[Epoch : 13/40]
Src_cls_loss	: 0.1438
-------------------------------------
[Epoch : 14/40]
Src_cls_loss	: 0.1347
-------------------------------------
[Epoch : 15/40]
Src_cls_loss	: 0.1266
-------------------------------------
[Epoch : 16/40]
Src_cls_loss	: 0.1195
-------------------------------------
[Epoch : 17/40]
Src_cls_loss	: 0.1130
-------------------------------------
[Epoch : 18/40]
Src_cls_loss	: 0.1072
-------------------------------------
[Epoch : 19/40]
Src_cls_loss	: 0.1019
-------------------------------------
[Epoch : 20/40]
Src_cls_loss	: 0.0971
-------------------------------------
[Epoch : 21/40]
Src_cls_loss	: 0.0927
-------------------------------------
[Epoch : 22/40]
Src_cls_loss	: 0.0887
-------------------------------------
[Epoch : 23/40]
Src_cls_loss	: 0.0851
-------------------------------------
[Epoch : 24/40]
Src_cls_loss	: 0.0817
-------------------------------------
[Epoch : 25/40]
Src_cls_loss	: 0.0787
-------------------------------------
[Epoch : 26/40]
Src_cls_loss	: 0.0758
-------------------------------------
[Epoch : 27/40]
Src_cls_loss	: 0.0733
-------------------------------------
[Epoch : 28/40]
Src_cls_loss	: 0.0708
-------------------------------------
[Epoch : 29/40]
Src_cls_loss	: 0.0685
-------------------------------------
[Epoch : 30/40]
Src_cls_loss	: 0.0663
-------------------------------------
[Epoch : 31/40]
Src_cls_loss	: 0.0644
-------------------------------------
[Epoch : 32/40]
Src_cls_loss	: 0.0626
-------------------------------------
[Epoch : 33/40]
Src_cls_loss	: 0.0609
-------------------------------------
[Epoch : 34/40]
Src_cls_loss	: 0.0595
-------------------------------------
[Epoch : 35/40]
Src_cls_loss	: 0.0579
-------------------------------------
[Epoch : 36/40]
Src_cls_loss	: 0.0564
-------------------------------------
[Epoch : 37/40]
Src_cls_loss	: 0.0550
-------------------------------------
[Epoch : 38/40]
Src_cls_loss	: 0.0536
-------------------------------------
[Epoch : 39/40]
Src_cls_loss	: 0.0523
-------------------------------------
[Epoch : 40/40]
Src_cls_loss	: 0.0510
-------------------------------------
