=============================================
Dataset: realworld_mobiact
Method:  NO_ADAPT
=============================================
Source: syn_24 ---> Target: dp_24
Run ID: 5
=============================================
[Epoch : 1/40]
Src_cls_loss	: 0.8702
-------------------------------------
[Epoch : 2/40]
Src_cls_loss	: 0.7040
-------------------------------------
[Epoch : 3/40]
Src_cls_loss	: 0.5675
-------------------------------------
[Epoch : 4/40]
Src_cls_loss	: 0.4687
-------------------------------------
[Epoch : 5/40]
Src_cls_loss	: 0.3959
-------------------------------------
[Epoch : 6/40]
Src_cls_loss	: 0.3443
-------------------------------------
[Epoch : 7/40]
Src_cls_loss	: 0.3053
-------------------------------------
[Epoch : 8/40]
Src_cls_loss	: 0.2742
-------------------------------------
[Epoch : 9/40]
Src_cls_loss	: 0.2496
-------------------------------------
[Epoch : 10/40]
Src_cls_loss	: 0.2287
-------------------------------------
[Epoch : 11/40]
Src_cls_loss	: 0.2105
-------------------------------------
[Epoch : 12/40]
Src_cls_loss	: 0.1962
-------------------------------------
[Epoch : 13/40]
Src_cls_loss	: 0.1837
-------------------------------------
[Epoch : 14/40]
Src_cls_loss	: 0.1735
-------------------------------------
[Epoch : 15/40]
Src_cls_loss	: 0.1637
-------------------------------------
[Epoch : 16/40]
Src_cls_loss	: 0.1554
-------------------------------------
[Epoch : 17/40]
Src_cls_loss	: 0.1475
-------------------------------------
[Epoch : 18/40]
Src_cls_loss	: 0.1410
-------------------------------------
[Epoch : 19/40]
Src_cls_loss	: 0.1345
-------------------------------------
[Epoch : 20/40]
Src_cls_loss	: 0.1284
-------------------------------------
[Epoch : 21/40]
Src_cls_loss	: 0.1227
-------------------------------------
[Epoch : 22/40]
Src_cls_loss	: 0.1176
-------------------------------------
[Epoch : 23/40]
Src_cls_loss	: 0.1130
-------------------------------------
[Epoch : 24/40]
Src_cls_loss	: 0.1087
-------------------------------------
[Epoch : 25/40]
Src_cls_loss	: 0.1048
-------------------------------------
[Epoch : 26/40]
Src_cls_loss	: 0.1012
-------------------------------------
[Epoch : 27/40]
Src_cls_loss	: 0.0983
-------------------------------------
[Epoch : 28/40]
Src_cls_loss	: 0.0952
-------------------------------------
[Epoch : 29/40]
Src_cls_loss	: 0.0927
-------------------------------------
[Epoch : 30/40]
Src_cls_loss	: 0.0900
-------------------------------------
[Epoch : 31/40]
Src_cls_loss	: 0.0873
-------------------------------------
[Epoch : 32/40]
Src_cls_loss	: 0.0848
-------------------------------------
[Epoch : 33/40]
Src_cls_loss	: 0.0823
-------------------------------------
[Epoch : 34/40]
Src_cls_loss	: 0.0800
-------------------------------------
[Epoch : 35/40]
Src_cls_loss	: 0.0779
-------------------------------------
[Epoch : 36/40]
Src_cls_loss	: 0.0758
-------------------------------------
[Epoch : 37/40]
Src_cls_loss	: 0.0740
-------------------------------------
[Epoch : 38/40]
Src_cls_loss	: 0.0725
-------------------------------------
[Epoch : 39/40]
Src_cls_loss	: 0.0713
-------------------------------------
[Epoch : 40/40]
Src_cls_loss	: 0.0698
-------------------------------------
