=============================================
Dataset: pamap_mobiact
Method:  Deep_Coral
=============================================
Source: df ---> Target: dp_22
Run ID: 0
=============================================
[Epoch : 1/40]
Total_loss	: 4.4206
Src_cls_loss	: 0.6632
coral_loss	: 0.0003
-------------------------------------
[Epoch : 2/40]
Total_loss	: 3.8499
Src_cls_loss	: 0.5775
coral_loss	: 0.0003
-------------------------------------
[Epoch : 3/40]
Total_loss	: 3.4189
Src_cls_loss	: 0.5128
coral_loss	: 0.0004
-------------------------------------
[Epoch : 4/40]
Total_loss	: 3.1671
Src_cls_loss	: 0.4749
coral_loss	: 0.0004
-------------------------------------
[Epoch : 5/40]
Total_loss	: 2.8988
Src_cls_loss	: 0.4346
coral_loss	: 0.0004
-------------------------------------
[Epoch : 6/40]
Total_loss	: 2.7355
Src_cls_loss	: 0.4101
coral_loss	: 0.0004
-------------------------------------
[Epoch : 7/40]
Total_loss	: 2.5801
Src_cls_loss	: 0.3868
coral_loss	: 0.0005
-------------------------------------
[Epoch : 8/40]
Total_loss	: 2.4207
Src_cls_loss	: 0.3628
coral_loss	: 0.0005
-------------------------------------
[Epoch : 9/40]
Total_loss	: 2.2939
Src_cls_loss	: 0.3438
coral_loss	: 0.0005
-------------------------------------
[Epoch : 10/40]
Total_loss	: 2.1946
Src_cls_loss	: 0.3289
coral_loss	: 0.0005
-------------------------------------
[Epoch : 11/40]
Total_loss	: 2.1068
Src_cls_loss	: 0.3157
coral_loss	: 0.0005
-------------------------------------
[Epoch : 12/40]
Total_loss	: 2.0215
Src_cls_loss	: 0.3029
coral_loss	: 0.0005
-------------------------------------
[Epoch : 13/40]
Total_loss	: 1.9461
Src_cls_loss	: 0.2916
coral_loss	: 0.0005
-------------------------------------
[Epoch : 14/40]
Total_loss	: 1.8718
Src_cls_loss	: 0.2804
coral_loss	: 0.0005
-------------------------------------
[Epoch : 15/40]
Total_loss	: 1.8125
Src_cls_loss	: 0.2715
coral_loss	: 0.0005
-------------------------------------
[Epoch : 16/40]
Total_loss	: 1.7547
Src_cls_loss	: 0.2629
coral_loss	: 0.0005
-------------------------------------
[Epoch : 17/40]
Total_loss	: 1.7046
Src_cls_loss	: 0.2554
coral_loss	: 0.0005
-------------------------------------
[Epoch : 18/40]
Total_loss	: 1.6606
Src_cls_loss	: 0.2488
coral_loss	: 0.0005
-------------------------------------
[Epoch : 19/40]
Total_loss	: 1.6155
Src_cls_loss	: 0.2420
coral_loss	: 0.0004
-------------------------------------
[Epoch : 20/40]
Total_loss	: 1.5731
Src_cls_loss	: 0.2357
coral_loss	: 0.0004
-------------------------------------
[Epoch : 21/40]
Total_loss	: 1.5328
Src_cls_loss	: 0.2296
coral_loss	: 0.0004
-------------------------------------
[Epoch : 22/40]
Total_loss	: 1.4954
Src_cls_loss	: 0.2240
coral_loss	: 0.0004
-------------------------------------
[Epoch : 23/40]
Total_loss	: 1.4607
Src_cls_loss	: 0.2188
coral_loss	: 0.0004
-------------------------------------
[Epoch : 24/40]
Total_loss	: 1.4336
Src_cls_loss	: 0.2148
coral_loss	: 0.0004
-------------------------------------
[Epoch : 25/40]
Total_loss	: 1.4051
Src_cls_loss	: 0.2105
coral_loss	: 0.0004
-------------------------------------
[Epoch : 26/40]
Total_loss	: 1.3762
Src_cls_loss	: 0.2062
coral_loss	: 0.0004
-------------------------------------
[Epoch : 27/40]
Total_loss	: 1.3525
Src_cls_loss	: 0.2026
coral_loss	: 0.0004
-------------------------------------
[Epoch : 28/40]
Total_loss	: 1.3318
Src_cls_loss	: 0.1995
coral_loss	: 0.0004
-------------------------------------
[Epoch : 29/40]
Total_loss	: 1.3079
Src_cls_loss	: 0.1959
coral_loss	: 0.0004
-------------------------------------
[Epoch : 30/40]
Total_loss	: 1.2922
Src_cls_loss	: 0.1936
coral_loss	: 0.0004
-------------------------------------
[Epoch : 31/40]
Total_loss	: 1.2794
Src_cls_loss	: 0.1916
coral_loss	: 0.0004
-------------------------------------
[Epoch : 32/40]
Total_loss	: 1.2592
Src_cls_loss	: 0.1886
coral_loss	: 0.0004
-------------------------------------
[Epoch : 33/40]
Total_loss	: 1.2392
Src_cls_loss	: 0.1856
coral_loss	: 0.0004
-------------------------------------
[Epoch : 34/40]
Total_loss	: 1.2189
Src_cls_loss	: 0.1826
coral_loss	: 0.0004
-------------------------------------
[Epoch : 35/40]
Total_loss	: 1.2040
Src_cls_loss	: 0.1804
coral_loss	: 0.0004
-------------------------------------
[Epoch : 36/40]
Total_loss	: 1.1862
Src_cls_loss	: 0.1777
coral_loss	: 0.0004
-------------------------------------
[Epoch : 37/40]
Total_loss	: 1.1687
Src_cls_loss	: 0.1751
coral_loss	: 0.0003
-------------------------------------
[Epoch : 38/40]
Total_loss	: 1.1524
Src_cls_loss	: 0.1726
coral_loss	: 0.0003
-------------------------------------
[Epoch : 39/40]
Total_loss	: 1.1377
Src_cls_loss	: 0.1704
coral_loss	: 0.0003
-------------------------------------
[Epoch : 40/40]
Total_loss	: 1.1238
Src_cls_loss	: 0.1683
coral_loss	: 0.0003
-------------------------------------
