=============================================
Dataset: pamap_mobiact
Method:  NO_ADAPT
=============================================
Source: df ---> Target: dp_66
Run ID: 3
=============================================
[Epoch : 1/40]
Src_cls_loss	: 0.5124
-------------------------------------
[Epoch : 2/40]
Src_cls_loss	: 0.3725
-------------------------------------
[Epoch : 3/40]
Src_cls_loss	: 0.2979
-------------------------------------
[Epoch : 4/40]
Src_cls_loss	: 0.2477
-------------------------------------
[Epoch : 5/40]
Src_cls_loss	: 0.2159
-------------------------------------
[Epoch : 6/40]
Src_cls_loss	: 0.1954
-------------------------------------
[Epoch : 7/40]
Src_cls_loss	: 0.1772
-------------------------------------
[Epoch : 8/40]
Src_cls_loss	: 0.1626
-------------------------------------
[Epoch : 9/40]
Src_cls_loss	: 0.1512
-------------------------------------
[Epoch : 10/40]
Src_cls_loss	: 0.1415
-------------------------------------
[Epoch : 11/40]
Src_cls_loss	: 0.1325
-------------------------------------
[Epoch : 12/40]
Src_cls_loss	: 0.1265
-------------------------------------
[Epoch : 13/40]
Src_cls_loss	: 0.1208
-------------------------------------
[Epoch : 14/40]
Src_cls_loss	: 0.1151
-------------------------------------
[Epoch : 15/40]
Src_cls_loss	: 0.1106
-------------------------------------
[Epoch : 16/40]
Src_cls_loss	: 0.1068
-------------------------------------
[Epoch : 17/40]
Src_cls_loss	: 0.1023
-------------------------------------
[Epoch : 18/40]
Src_cls_loss	: 0.0982
-------------------------------------
[Epoch : 19/40]
Src_cls_loss	: 0.0951
-------------------------------------
[Epoch : 20/40]
Src_cls_loss	: 0.0918
-------------------------------------
[Epoch : 21/40]
Src_cls_loss	: 0.0891
-------------------------------------
[Epoch : 22/40]
Src_cls_loss	: 0.0865
-------------------------------------
[Epoch : 23/40]
Src_cls_loss	: 0.0838
-------------------------------------
[Epoch : 24/40]
Src_cls_loss	: 0.0814
-------------------------------------
[Epoch : 25/40]
Src_cls_loss	: 0.0792
-------------------------------------
[Epoch : 26/40]
Src_cls_loss	: 0.0774
-------------------------------------
[Epoch : 27/40]
Src_cls_loss	: 0.0753
-------------------------------------
[Epoch : 28/40]
Src_cls_loss	: 0.0733
-------------------------------------
[Epoch : 29/40]
Src_cls_loss	: 0.0713
-------------------------------------
[Epoch : 30/40]
Src_cls_loss	: 0.0695
-------------------------------------
[Epoch : 31/40]
Src_cls_loss	: 0.0680
-------------------------------------
[Epoch : 32/40]
Src_cls_loss	: 0.0667
-------------------------------------
[Epoch : 33/40]
Src_cls_loss	: 0.0656
-------------------------------------
[Epoch : 34/40]
Src_cls_loss	: 0.0644
-------------------------------------
[Epoch : 35/40]
Src_cls_loss	: 0.0629
-------------------------------------
[Epoch : 36/40]
Src_cls_loss	: 0.0617
-------------------------------------
[Epoch : 37/40]
Src_cls_loss	: 0.0605
-------------------------------------
[Epoch : 38/40]
Src_cls_loss	: 0.0596
-------------------------------------
[Epoch : 39/40]
Src_cls_loss	: 0.0587
-------------------------------------
[Epoch : 40/40]
Src_cls_loss	: 0.0574
-------------------------------------
