=============================================
Dataset: realworld_mobiact
Method:  SYN
=============================================
Source: syn_wal_70 ---> Target: dp_wal_70
Run ID: 6
=============================================
[Epoch : 1/40]
Src_cls_loss	: 0.8870
-------------------------------------
[Epoch : 2/40]
Src_cls_loss	: 0.7144
-------------------------------------
[Epoch : 3/40]
Src_cls_loss	: 0.5868
-------------------------------------
[Epoch : 4/40]
Src_cls_loss	: 0.4909
-------------------------------------
[Epoch : 5/40]
Src_cls_loss	: 0.4257
-------------------------------------
[Epoch : 6/40]
Src_cls_loss	: 0.3709
-------------------------------------
[Epoch : 7/40]
Src_cls_loss	: 0.3305
-------------------------------------
[Epoch : 8/40]
Src_cls_loss	: 0.2972
-------------------------------------
[Epoch : 9/40]
Src_cls_loss	: 0.2701
-------------------------------------
[Epoch : 10/40]
Src_cls_loss	: 0.2467
-------------------------------------
[Epoch : 11/40]
Src_cls_loss	: 0.2290
-------------------------------------
[Epoch : 12/40]
Src_cls_loss	: 0.2136
-------------------------------------
[Epoch : 13/40]
Src_cls_loss	: 0.2003
-------------------------------------
[Epoch : 14/40]
Src_cls_loss	: 0.1878
-------------------------------------
[Epoch : 15/40]
Src_cls_loss	: 0.1767
-------------------------------------
[Epoch : 16/40]
Src_cls_loss	: 0.1669
-------------------------------------
[Epoch : 17/40]
Src_cls_loss	: 0.1580
-------------------------------------
[Epoch : 18/40]
Src_cls_loss	: 0.1502
-------------------------------------
[Epoch : 19/40]
Src_cls_loss	: 0.1433
-------------------------------------
[Epoch : 20/40]
Src_cls_loss	: 0.1373
-------------------------------------
[Epoch : 21/40]
Src_cls_loss	: 0.1315
-------------------------------------
[Epoch : 22/40]
Src_cls_loss	: 0.1262
-------------------------------------
[Epoch : 23/40]
Src_cls_loss	: 0.1213
-------------------------------------
[Epoch : 24/40]
Src_cls_loss	: 0.1169
-------------------------------------
[Epoch : 25/40]
Src_cls_loss	: 0.1130
-------------------------------------
[Epoch : 26/40]
Src_cls_loss	: 0.1091
-------------------------------------
[Epoch : 27/40]
Src_cls_loss	: 0.1054
-------------------------------------
[Epoch : 28/40]
Src_cls_loss	: 0.1020
-------------------------------------
[Epoch : 29/40]
Src_cls_loss	: 0.0988
-------------------------------------
[Epoch : 30/40]
Src_cls_loss	: 0.0958
-------------------------------------
[Epoch : 31/40]
Src_cls_loss	: 0.0929
-------------------------------------
[Epoch : 32/40]
Src_cls_loss	: 0.0902
-------------------------------------
[Epoch : 33/40]
Src_cls_loss	: 0.0877
-------------------------------------
[Epoch : 34/40]
Src_cls_loss	: 0.0855
-------------------------------------
[Epoch : 35/40]
Src_cls_loss	: 0.0833
-------------------------------------
[Epoch : 36/40]
Src_cls_loss	: 0.0813
-------------------------------------
[Epoch : 37/40]
Src_cls_loss	: 0.0794
-------------------------------------
[Epoch : 38/40]
Src_cls_loss	: 0.0777
-------------------------------------
[Epoch : 39/40]
Src_cls_loss	: 0.0760
-------------------------------------
[Epoch : 40/40]
Src_cls_loss	: 0.0743
-------------------------------------
