=============================================
Dataset: mobiact_realworld
Method:  SYN
=============================================
Source: syn_wal_73 ---> Target: dp_wal_73
Run ID: 0
=============================================
[Epoch : 1/40]
Src_cls_loss	: 0.7489
-------------------------------------
[Epoch : 2/40]
Src_cls_loss	: 0.5671
-------------------------------------
[Epoch : 3/40]
Src_cls_loss	: 0.4519
-------------------------------------
[Epoch : 4/40]
Src_cls_loss	: 0.3749
-------------------------------------
[Epoch : 5/40]
Src_cls_loss	: 0.3198
-------------------------------------
[Epoch : 6/40]
Src_cls_loss	: 0.2822
-------------------------------------
[Epoch : 7/40]
Src_cls_loss	: 0.2524
-------------------------------------
[Epoch : 8/40]
Src_cls_loss	: 0.2271
-------------------------------------
[Epoch : 9/40]
Src_cls_loss	: 0.2076
-------------------------------------
[Epoch : 10/40]
Src_cls_loss	: 0.1910
-------------------------------------
[Epoch : 11/40]
Src_cls_loss	: 0.1768
-------------------------------------
[Epoch : 12/40]
Src_cls_loss	: 0.1650
-------------------------------------
[Epoch : 13/40]
Src_cls_loss	: 0.1552
-------------------------------------
[Epoch : 14/40]
Src_cls_loss	: 0.1463
-------------------------------------
[Epoch : 15/40]
Src_cls_loss	: 0.1381
-------------------------------------
[Epoch : 16/40]
Src_cls_loss	: 0.1307
-------------------------------------
[Epoch : 17/40]
Src_cls_loss	: 0.1245
-------------------------------------
[Epoch : 18/40]
Src_cls_loss	: 0.1189
-------------------------------------
[Epoch : 19/40]
Src_cls_loss	: 0.1136
-------------------------------------
[Epoch : 20/40]
Src_cls_loss	: 0.1091
-------------------------------------
[Epoch : 21/40]
Src_cls_loss	: 0.1052
-------------------------------------
[Epoch : 22/40]
Src_cls_loss	: 0.1014
-------------------------------------
[Epoch : 23/40]
Src_cls_loss	: 0.0976
-------------------------------------
[Epoch : 24/40]
Src_cls_loss	: 0.0940
-------------------------------------
[Epoch : 25/40]
Src_cls_loss	: 0.0910
-------------------------------------
[Epoch : 26/40]
Src_cls_loss	: 0.0884
-------------------------------------
[Epoch : 27/40]
Src_cls_loss	: 0.0860
-------------------------------------
[Epoch : 28/40]
Src_cls_loss	: 0.0836
-------------------------------------
[Epoch : 29/40]
Src_cls_loss	: 0.0811
-------------------------------------
[Epoch : 30/40]
Src_cls_loss	: 0.0787
-------------------------------------
[Epoch : 31/40]
Src_cls_loss	: 0.0765
-------------------------------------
[Epoch : 32/40]
Src_cls_loss	: 0.0745
-------------------------------------
[Epoch : 33/40]
Src_cls_loss	: 0.0727
-------------------------------------
[Epoch : 34/40]
Src_cls_loss	: 0.0712
-------------------------------------
[Epoch : 35/40]
Src_cls_loss	: 0.0695
-------------------------------------
[Epoch : 36/40]
Src_cls_loss	: 0.0680
-------------------------------------
[Epoch : 37/40]
Src_cls_loss	: 0.0666
-------------------------------------
[Epoch : 38/40]
Src_cls_loss	: 0.0652
-------------------------------------
[Epoch : 39/40]
Src_cls_loss	: 0.0637
-------------------------------------
[Epoch : 40/40]
Src_cls_loss	: 0.0623
-------------------------------------
