=============================================
Dataset: pamap_mobiact
Method:  NO_ADAPT
=============================================
Source: syn_64 ---> Target: dp_64
Run ID: 2
=============================================
[Epoch : 1/40]
Src_cls_loss	: 0.4843
-------------------------------------
[Epoch : 2/40]
Src_cls_loss	: 0.3762
-------------------------------------
[Epoch : 3/40]
Src_cls_loss	: 0.3115
-------------------------------------
[Epoch : 4/40]
Src_cls_loss	: 0.2618
-------------------------------------
[Epoch : 5/40]
Src_cls_loss	: 0.2283
-------------------------------------
[Epoch : 6/40]
Src_cls_loss	: 0.2012
-------------------------------------
[Epoch : 7/40]
Src_cls_loss	: 0.1813
-------------------------------------
[Epoch : 8/40]
Src_cls_loss	: 0.1627
-------------------------------------
[Epoch : 9/40]
Src_cls_loss	: 0.1480
-------------------------------------
[Epoch : 10/40]
Src_cls_loss	: 0.1355
-------------------------------------
[Epoch : 11/40]
Src_cls_loss	: 0.1253
-------------------------------------
[Epoch : 12/40]
Src_cls_loss	: 0.1165
-------------------------------------
[Epoch : 13/40]
Src_cls_loss	: 0.1094
-------------------------------------
[Epoch : 14/40]
Src_cls_loss	: 0.1035
-------------------------------------
[Epoch : 15/40]
Src_cls_loss	: 0.0981
-------------------------------------
[Epoch : 16/40]
Src_cls_loss	: 0.0932
-------------------------------------
[Epoch : 17/40]
Src_cls_loss	: 0.0884
-------------------------------------
[Epoch : 18/40]
Src_cls_loss	: 0.0840
-------------------------------------
[Epoch : 19/40]
Src_cls_loss	: 0.0806
-------------------------------------
[Epoch : 20/40]
Src_cls_loss	: 0.0777
-------------------------------------
[Epoch : 21/40]
Src_cls_loss	: 0.0749
-------------------------------------
[Epoch : 22/40]
Src_cls_loss	: 0.0725
-------------------------------------
[Epoch : 23/40]
Src_cls_loss	: 0.0701
-------------------------------------
[Epoch : 24/40]
Src_cls_loss	: 0.0677
-------------------------------------
[Epoch : 25/40]
Src_cls_loss	: 0.0656
-------------------------------------
[Epoch : 26/40]
Src_cls_loss	: 0.0634
-------------------------------------
[Epoch : 27/40]
Src_cls_loss	: 0.0612
-------------------------------------
[Epoch : 28/40]
Src_cls_loss	: 0.0593
-------------------------------------
[Epoch : 29/40]
Src_cls_loss	: 0.0574
-------------------------------------
[Epoch : 30/40]
Src_cls_loss	: 0.0557
-------------------------------------
[Epoch : 31/40]
Src_cls_loss	: 0.0541
-------------------------------------
[Epoch : 32/40]
Src_cls_loss	: 0.0525
-------------------------------------
[Epoch : 33/40]
Src_cls_loss	: 0.0510
-------------------------------------
[Epoch : 34/40]
Src_cls_loss	: 0.0496
-------------------------------------
[Epoch : 35/40]
Src_cls_loss	: 0.0485
-------------------------------------
[Epoch : 36/40]
Src_cls_loss	: 0.0473
-------------------------------------
[Epoch : 37/40]
Src_cls_loss	: 0.0461
-------------------------------------
[Epoch : 38/40]
Src_cls_loss	: 0.0453
-------------------------------------
[Epoch : 39/40]
Src_cls_loss	: 0.0443
-------------------------------------
[Epoch : 40/40]
Src_cls_loss	: 0.0434
-------------------------------------
