=============================================
Dataset: pamap_mobiact
Method:  NO_ADAPT
=============================================
Source: syn_32 ---> Target: dp_32
Run ID: 8
=============================================
[Epoch : 1/40]
Src_cls_loss	: 0.8099
-------------------------------------
[Epoch : 2/40]
Src_cls_loss	: 0.6793
-------------------------------------
[Epoch : 3/40]
Src_cls_loss	: 0.5861
-------------------------------------
[Epoch : 4/40]
Src_cls_loss	: 0.5169
-------------------------------------
[Epoch : 5/40]
Src_cls_loss	: 0.4603
-------------------------------------
[Epoch : 6/40]
Src_cls_loss	: 0.4147
-------------------------------------
[Epoch : 7/40]
Src_cls_loss	: 0.3825
-------------------------------------
[Epoch : 8/40]
Src_cls_loss	: 0.3525
-------------------------------------
[Epoch : 9/40]
Src_cls_loss	: 0.3299
-------------------------------------
[Epoch : 10/40]
Src_cls_loss	: 0.3077
-------------------------------------
[Epoch : 11/40]
Src_cls_loss	: 0.2907
-------------------------------------
[Epoch : 12/40]
Src_cls_loss	: 0.2746
-------------------------------------
[Epoch : 13/40]
Src_cls_loss	: 0.2611
-------------------------------------
[Epoch : 14/40]
Src_cls_loss	: 0.2499
-------------------------------------
[Epoch : 15/40]
Src_cls_loss	: 0.2395
-------------------------------------
[Epoch : 16/40]
Src_cls_loss	: 0.2295
-------------------------------------
[Epoch : 17/40]
Src_cls_loss	: 0.2196
-------------------------------------
[Epoch : 18/40]
Src_cls_loss	: 0.2116
-------------------------------------
[Epoch : 19/40]
Src_cls_loss	: 0.2040
-------------------------------------
[Epoch : 20/40]
Src_cls_loss	: 0.1969
-------------------------------------
[Epoch : 21/40]
Src_cls_loss	: 0.1904
-------------------------------------
[Epoch : 22/40]
Src_cls_loss	: 0.1842
-------------------------------------
[Epoch : 23/40]
Src_cls_loss	: 0.1780
-------------------------------------
[Epoch : 24/40]
Src_cls_loss	: 0.1721
-------------------------------------
[Epoch : 25/40]
Src_cls_loss	: 0.1670
-------------------------------------
[Epoch : 26/40]
Src_cls_loss	: 0.1620
-------------------------------------
[Epoch : 27/40]
Src_cls_loss	: 0.1582
-------------------------------------
[Epoch : 28/40]
Src_cls_loss	: 0.1545
-------------------------------------
[Epoch : 29/40]
Src_cls_loss	: 0.1504
-------------------------------------
[Epoch : 30/40]
Src_cls_loss	: 0.1462
-------------------------------------
[Epoch : 31/40]
Src_cls_loss	: 0.1423
-------------------------------------
[Epoch : 32/40]
Src_cls_loss	: 0.1397
-------------------------------------
[Epoch : 33/40]
Src_cls_loss	: 0.1365
-------------------------------------
[Epoch : 34/40]
Src_cls_loss	: 0.1332
-------------------------------------
[Epoch : 35/40]
Src_cls_loss	: 0.1301
-------------------------------------
[Epoch : 36/40]
Src_cls_loss	: 0.1273
-------------------------------------
[Epoch : 37/40]
Src_cls_loss	: 0.1244
-------------------------------------
[Epoch : 38/40]
Src_cls_loss	: 0.1218
-------------------------------------
[Epoch : 39/40]
Src_cls_loss	: 0.1193
-------------------------------------
[Epoch : 40/40]
Src_cls_loss	: 0.1167
-------------------------------------
