=============================================
Dataset: realworld_mobiact
Method:  Deep_Coral
=============================================
Source: df ---> Target: dp_wal_58
Run ID: 0
=============================================
[Epoch : 1/40]
Total_loss	: 2.4481
Src_cls_loss	: 0.3670
coral_loss	: 0.0005
-------------------------------------
[Epoch : 2/40]
Total_loss	: 1.9982
Src_cls_loss	: 0.2995
coral_loss	: 0.0004
-------------------------------------
[Epoch : 3/40]
Total_loss	: 1.7569
Src_cls_loss	: 0.2633
coral_loss	: 0.0004
-------------------------------------
[Epoch : 4/40]
Total_loss	: 1.6018
Src_cls_loss	: 0.2400
coral_loss	: 0.0004
-------------------------------------
[Epoch : 5/40]
Total_loss	: 1.4902
Src_cls_loss	: 0.2233
coral_loss	: 0.0004
-------------------------------------
[Epoch : 6/40]
Total_loss	: 1.4084
Src_cls_loss	: 0.2110
coral_loss	: 0.0004
-------------------------------------
[Epoch : 7/40]
Total_loss	: 1.3434
Src_cls_loss	: 0.2012
coral_loss	: 0.0004
-------------------------------------
[Epoch : 8/40]
Total_loss	: 1.2841
Src_cls_loss	: 0.1923
coral_loss	: 0.0004
-------------------------------------
[Epoch : 9/40]
Total_loss	: 1.2266
Src_cls_loss	: 0.1837
coral_loss	: 0.0004
-------------------------------------
[Epoch : 10/40]
Total_loss	: 1.1791
Src_cls_loss	: 0.1766
coral_loss	: 0.0004
-------------------------------------
[Epoch : 11/40]
Total_loss	: 1.1362
Src_cls_loss	: 0.1702
coral_loss	: 0.0004
-------------------------------------
[Epoch : 12/40]
Total_loss	: 1.0969
Src_cls_loss	: 0.1643
coral_loss	: 0.0004
-------------------------------------
[Epoch : 13/40]
Total_loss	: 1.0618
Src_cls_loss	: 0.1590
coral_loss	: 0.0003
-------------------------------------
[Epoch : 14/40]
Total_loss	: 1.0300
Src_cls_loss	: 0.1543
coral_loss	: 0.0003
-------------------------------------
[Epoch : 15/40]
Total_loss	: 1.0007
Src_cls_loss	: 0.1499
coral_loss	: 0.0003
-------------------------------------
[Epoch : 16/40]
Total_loss	: 0.9724
Src_cls_loss	: 0.1456
coral_loss	: 0.0003
-------------------------------------
[Epoch : 17/40]
Total_loss	: 0.9453
Src_cls_loss	: 0.1416
coral_loss	: 0.0003
-------------------------------------
[Epoch : 18/40]
Total_loss	: 0.9215
Src_cls_loss	: 0.1380
coral_loss	: 0.0003
-------------------------------------
[Epoch : 19/40]
Total_loss	: 0.8974
Src_cls_loss	: 0.1344
coral_loss	: 0.0003
-------------------------------------
[Epoch : 20/40]
Total_loss	: 0.8752
Src_cls_loss	: 0.1310
coral_loss	: 0.0003
-------------------------------------
[Epoch : 21/40]
Total_loss	: 0.8536
Src_cls_loss	: 0.1278
coral_loss	: 0.0003
-------------------------------------
[Epoch : 22/40]
Total_loss	: 0.8332
Src_cls_loss	: 0.1248
coral_loss	: 0.0003
-------------------------------------
[Epoch : 23/40]
Total_loss	: 0.8138
Src_cls_loss	: 0.1218
coral_loss	: 0.0003
-------------------------------------
[Epoch : 24/40]
Total_loss	: 0.7953
Src_cls_loss	: 0.1191
coral_loss	: 0.0003
-------------------------------------
[Epoch : 25/40]
Total_loss	: 0.7772
Src_cls_loss	: 0.1164
coral_loss	: 0.0003
-------------------------------------
[Epoch : 26/40]
Total_loss	: 0.7594
Src_cls_loss	: 0.1137
coral_loss	: 0.0003
-------------------------------------
[Epoch : 27/40]
Total_loss	: 0.7428
Src_cls_loss	: 0.1112
coral_loss	: 0.0003
-------------------------------------
[Epoch : 28/40]
Total_loss	: 0.7268
Src_cls_loss	: 0.1088
coral_loss	: 0.0003
-------------------------------------
[Epoch : 29/40]
Total_loss	: 0.7115
Src_cls_loss	: 0.1065
coral_loss	: 0.0003
-------------------------------------
[Epoch : 30/40]
Total_loss	: 0.6974
Src_cls_loss	: 0.1044
coral_loss	: 0.0003
-------------------------------------
[Epoch : 31/40]
Total_loss	: 0.6829
Src_cls_loss	: 0.1022
coral_loss	: 0.0003
-------------------------------------
[Epoch : 32/40]
Total_loss	: 0.6688
Src_cls_loss	: 0.1001
coral_loss	: 0.0003
-------------------------------------
[Epoch : 33/40]
Total_loss	: 0.6558
Src_cls_loss	: 0.0982
coral_loss	: 0.0003
-------------------------------------
[Epoch : 34/40]
Total_loss	: 0.6439
Src_cls_loss	: 0.0964
coral_loss	: 0.0003
-------------------------------------
[Epoch : 35/40]
Total_loss	: 0.6315
Src_cls_loss	: 0.0945
coral_loss	: 0.0003
-------------------------------------
[Epoch : 36/40]
Total_loss	: 0.6203
Src_cls_loss	: 0.0928
coral_loss	: 0.0003
-------------------------------------
[Epoch : 37/40]
Total_loss	: 0.6084
Src_cls_loss	: 0.0911
coral_loss	: 0.0003
-------------------------------------
[Epoch : 38/40]
Total_loss	: 0.5976
Src_cls_loss	: 0.0894
coral_loss	: 0.0003
-------------------------------------
[Epoch : 39/40]
Total_loss	: 0.5872
Src_cls_loss	: 0.0879
coral_loss	: 0.0003
-------------------------------------
[Epoch : 40/40]
Total_loss	: 0.5771
Src_cls_loss	: 0.0864
coral_loss	: 0.0003
-------------------------------------
