=============================================
Dataset: mobiact_realworld
Method:  SYN
=============================================
Source: syn_wal_69 ---> Target: dp_wal_69
Run ID: 0
=============================================
[Epoch : 1/40]
Src_cls_loss	: 0.7728
-------------------------------------
[Epoch : 2/40]
Src_cls_loss	: 0.5776
-------------------------------------
[Epoch : 3/40]
Src_cls_loss	: 0.4593
-------------------------------------
[Epoch : 4/40]
Src_cls_loss	: 0.3814
-------------------------------------
[Epoch : 5/40]
Src_cls_loss	: 0.3276
-------------------------------------
[Epoch : 6/40]
Src_cls_loss	: 0.2882
-------------------------------------
[Epoch : 7/40]
Src_cls_loss	: 0.2575
-------------------------------------
[Epoch : 8/40]
Src_cls_loss	: 0.2319
-------------------------------------
[Epoch : 9/40]
Src_cls_loss	: 0.2118
-------------------------------------
[Epoch : 10/40]
Src_cls_loss	: 0.1959
-------------------------------------
[Epoch : 11/40]
Src_cls_loss	: 0.1816
-------------------------------------
[Epoch : 12/40]
Src_cls_loss	: 0.1701
-------------------------------------
[Epoch : 13/40]
Src_cls_loss	: 0.1593
-------------------------------------
[Epoch : 14/40]
Src_cls_loss	: 0.1501
-------------------------------------
[Epoch : 15/40]
Src_cls_loss	: 0.1417
-------------------------------------
[Epoch : 16/40]
Src_cls_loss	: 0.1341
-------------------------------------
[Epoch : 17/40]
Src_cls_loss	: 0.1274
-------------------------------------
[Epoch : 18/40]
Src_cls_loss	: 0.1215
-------------------------------------
[Epoch : 19/40]
Src_cls_loss	: 0.1163
-------------------------------------
[Epoch : 20/40]
Src_cls_loss	: 0.1117
-------------------------------------
[Epoch : 21/40]
Src_cls_loss	: 0.1069
-------------------------------------
[Epoch : 22/40]
Src_cls_loss	: 0.1030
-------------------------------------
[Epoch : 23/40]
Src_cls_loss	: 0.0997
-------------------------------------
[Epoch : 24/40]
Src_cls_loss	: 0.0961
-------------------------------------
[Epoch : 25/40]
Src_cls_loss	: 0.0928
-------------------------------------
[Epoch : 26/40]
Src_cls_loss	: 0.0897
-------------------------------------
[Epoch : 27/40]
Src_cls_loss	: 0.0872
-------------------------------------
[Epoch : 28/40]
Src_cls_loss	: 0.0850
-------------------------------------
[Epoch : 29/40]
Src_cls_loss	: 0.0831
-------------------------------------
[Epoch : 30/40]
Src_cls_loss	: 0.0813
-------------------------------------
[Epoch : 31/40]
Src_cls_loss	: 0.0790
-------------------------------------
[Epoch : 32/40]
Src_cls_loss	: 0.0768
-------------------------------------
[Epoch : 33/40]
Src_cls_loss	: 0.0748
-------------------------------------
[Epoch : 34/40]
Src_cls_loss	: 0.0728
-------------------------------------
[Epoch : 35/40]
Src_cls_loss	: 0.0710
-------------------------------------
[Epoch : 36/40]
Src_cls_loss	: 0.0692
-------------------------------------
[Epoch : 37/40]
Src_cls_loss	: 0.0676
-------------------------------------
[Epoch : 38/40]
Src_cls_loss	: 0.0660
-------------------------------------
[Epoch : 39/40]
Src_cls_loss	: 0.0645
-------------------------------------
[Epoch : 40/40]
Src_cls_loss	: 0.0631
-------------------------------------
