=============================================
Dataset: pamap_mobiact
Method:  SYN
=============================================
Source: syn_wal_51 ---> Target: dp_wal_51
Run ID: 6
=============================================
[Epoch : 1/40]
Src_cls_loss	: 0.6784
-------------------------------------
[Epoch : 2/40]
Src_cls_loss	: 0.4876
-------------------------------------
[Epoch : 3/40]
Src_cls_loss	: 0.3823
-------------------------------------
[Epoch : 4/40]
Src_cls_loss	: 0.3171
-------------------------------------
[Epoch : 5/40]
Src_cls_loss	: 0.2747
-------------------------------------
[Epoch : 6/40]
Src_cls_loss	: 0.2387
-------------------------------------
[Epoch : 7/40]
Src_cls_loss	: 0.2113
-------------------------------------
[Epoch : 8/40]
Src_cls_loss	: 0.1906
-------------------------------------
[Epoch : 9/40]
Src_cls_loss	: 0.1733
-------------------------------------
[Epoch : 10/40]
Src_cls_loss	: 0.1581
-------------------------------------
[Epoch : 11/40]
Src_cls_loss	: 0.1461
-------------------------------------
[Epoch : 12/40]
Src_cls_loss	: 0.1361
-------------------------------------
[Epoch : 13/40]
Src_cls_loss	: 0.1269
-------------------------------------
[Epoch : 14/40]
Src_cls_loss	: 0.1188
-------------------------------------
[Epoch : 15/40]
Src_cls_loss	: 0.1118
-------------------------------------
[Epoch : 16/40]
Src_cls_loss	: 0.1056
-------------------------------------
[Epoch : 17/40]
Src_cls_loss	: 0.1004
-------------------------------------
[Epoch : 18/40]
Src_cls_loss	: 0.0957
-------------------------------------
[Epoch : 19/40]
Src_cls_loss	: 0.0912
-------------------------------------
[Epoch : 20/40]
Src_cls_loss	: 0.0872
-------------------------------------
[Epoch : 21/40]
Src_cls_loss	: 0.0834
-------------------------------------
[Epoch : 22/40]
Src_cls_loss	: 0.0799
-------------------------------------
[Epoch : 23/40]
Src_cls_loss	: 0.0767
-------------------------------------
[Epoch : 24/40]
Src_cls_loss	: 0.0737
-------------------------------------
[Epoch : 25/40]
Src_cls_loss	: 0.0713
-------------------------------------
[Epoch : 26/40]
Src_cls_loss	: 0.0688
-------------------------------------
[Epoch : 27/40]
Src_cls_loss	: 0.0664
-------------------------------------
[Epoch : 28/40]
Src_cls_loss	: 0.0642
-------------------------------------
[Epoch : 29/40]
Src_cls_loss	: 0.0622
-------------------------------------
[Epoch : 30/40]
Src_cls_loss	: 0.0602
-------------------------------------
[Epoch : 31/40]
Src_cls_loss	: 0.0583
-------------------------------------
[Epoch : 32/40]
Src_cls_loss	: 0.0566
-------------------------------------
[Epoch : 33/40]
Src_cls_loss	: 0.0551
-------------------------------------
[Epoch : 34/40]
Src_cls_loss	: 0.0537
-------------------------------------
[Epoch : 35/40]
Src_cls_loss	: 0.0526
-------------------------------------
[Epoch : 36/40]
Src_cls_loss	: 0.0513
-------------------------------------
[Epoch : 37/40]
Src_cls_loss	: 0.0502
-------------------------------------
[Epoch : 38/40]
Src_cls_loss	: 0.0490
-------------------------------------
[Epoch : 39/40]
Src_cls_loss	: 0.0479
-------------------------------------
[Epoch : 40/40]
Src_cls_loss	: 0.0468
-------------------------------------
