=============================================
Dataset: pamap_realworld
Method:  Deep_Coral
=============================================
Source: df ---> Target: dp_wal_7
Run ID: 0
=============================================
[Epoch : 1/40]
Total_loss	: 3.3048
Src_cls_loss	: 0.4953
coral_loss	: 0.0007
-------------------------------------
[Epoch : 2/40]
Total_loss	: 2.3734
Src_cls_loss	: 0.3556
coral_loss	: 0.0007
-------------------------------------
[Epoch : 3/40]
Total_loss	: 1.8774
Src_cls_loss	: 0.2811
coral_loss	: 0.0007
-------------------------------------
[Epoch : 4/40]
Total_loss	: 1.6350
Src_cls_loss	: 0.2447
coral_loss	: 0.0007
-------------------------------------
[Epoch : 5/40]
Total_loss	: 1.4630
Src_cls_loss	: 0.2189
coral_loss	: 0.0007
-------------------------------------
[Epoch : 6/40]
Total_loss	: 1.2990
Src_cls_loss	: 0.1943
coral_loss	: 0.0007
-------------------------------------
[Epoch : 7/40]
Total_loss	: 1.1871
Src_cls_loss	: 0.1775
coral_loss	: 0.0007
-------------------------------------
[Epoch : 8/40]
Total_loss	: 1.1028
Src_cls_loss	: 0.1649
coral_loss	: 0.0007
-------------------------------------
[Epoch : 9/40]
Total_loss	: 1.0228
Src_cls_loss	: 0.1528
coral_loss	: 0.0007
-------------------------------------
[Epoch : 10/40]
Total_loss	: 0.9511
Src_cls_loss	: 0.1421
coral_loss	: 0.0007
-------------------------------------
[Epoch : 11/40]
Total_loss	: 0.8958
Src_cls_loss	: 0.1338
coral_loss	: 0.0007
-------------------------------------
[Epoch : 12/40]
Total_loss	: 0.8453
Src_cls_loss	: 0.1262
coral_loss	: 0.0007
-------------------------------------
[Epoch : 13/40]
Total_loss	: 0.8092
Src_cls_loss	: 0.1208
coral_loss	: 0.0007
-------------------------------------
[Epoch : 14/40]
Total_loss	: 0.7721
Src_cls_loss	: 0.1152
coral_loss	: 0.0007
-------------------------------------
[Epoch : 15/40]
Total_loss	: 0.7376
Src_cls_loss	: 0.1100
coral_loss	: 0.0007
-------------------------------------
[Epoch : 16/40]
Total_loss	: 0.7118
Src_cls_loss	: 0.1061
coral_loss	: 0.0007
-------------------------------------
[Epoch : 17/40]
Total_loss	: 0.6879
Src_cls_loss	: 0.1026
coral_loss	: 0.0007
-------------------------------------
[Epoch : 18/40]
Total_loss	: 0.6621
Src_cls_loss	: 0.0987
coral_loss	: 0.0007
-------------------------------------
[Epoch : 19/40]
Total_loss	: 0.6387
Src_cls_loss	: 0.0952
coral_loss	: 0.0007
-------------------------------------
[Epoch : 20/40]
Total_loss	: 0.6174
Src_cls_loss	: 0.0920
coral_loss	: 0.0007
-------------------------------------
[Epoch : 21/40]
Total_loss	: 0.5983
Src_cls_loss	: 0.0891
coral_loss	: 0.0007
-------------------------------------
[Epoch : 22/40]
Total_loss	: 0.5790
Src_cls_loss	: 0.0862
coral_loss	: 0.0007
-------------------------------------
[Epoch : 23/40]
Total_loss	: 0.5615
Src_cls_loss	: 0.0836
coral_loss	: 0.0007
-------------------------------------
[Epoch : 24/40]
Total_loss	: 0.5433
Src_cls_loss	: 0.0809
coral_loss	: 0.0007
-------------------------------------
[Epoch : 25/40]
Total_loss	: 0.5293
Src_cls_loss	: 0.0788
coral_loss	: 0.0007
-------------------------------------
[Epoch : 26/40]
Total_loss	: 0.5150
Src_cls_loss	: 0.0766
coral_loss	: 0.0007
-------------------------------------
[Epoch : 27/40]
Total_loss	: 0.5029
Src_cls_loss	: 0.0748
coral_loss	: 0.0007
-------------------------------------
[Epoch : 28/40]
Total_loss	: 0.4899
Src_cls_loss	: 0.0729
coral_loss	: 0.0007
-------------------------------------
[Epoch : 29/40]
Total_loss	: 0.4781
Src_cls_loss	: 0.0711
coral_loss	: 0.0007
-------------------------------------
[Epoch : 30/40]
Total_loss	: 0.4672
Src_cls_loss	: 0.0695
coral_loss	: 0.0007
-------------------------------------
[Epoch : 31/40]
Total_loss	: 0.4583
Src_cls_loss	: 0.0681
coral_loss	: 0.0007
-------------------------------------
[Epoch : 32/40]
Total_loss	: 0.4494
Src_cls_loss	: 0.0668
coral_loss	: 0.0007
-------------------------------------
[Epoch : 33/40]
Total_loss	: 0.4398
Src_cls_loss	: 0.0653
coral_loss	: 0.0007
-------------------------------------
[Epoch : 34/40]
Total_loss	: 0.4294
Src_cls_loss	: 0.0638
coral_loss	: 0.0007
-------------------------------------
[Epoch : 35/40]
Total_loss	: 0.4209
Src_cls_loss	: 0.0625
coral_loss	: 0.0007
-------------------------------------
[Epoch : 36/40]
Total_loss	: 0.4121
Src_cls_loss	: 0.0612
coral_loss	: 0.0007
-------------------------------------
[Epoch : 37/40]
Total_loss	: 0.4040
Src_cls_loss	: 0.0600
coral_loss	: 0.0007
-------------------------------------
[Epoch : 38/40]
Total_loss	: 0.3978
Src_cls_loss	: 0.0591
coral_loss	: 0.0007
-------------------------------------
[Epoch : 39/40]
Total_loss	: 0.3910
Src_cls_loss	: 0.0580
coral_loss	: 0.0007
-------------------------------------
[Epoch : 40/40]
Total_loss	: 0.3843
Src_cls_loss	: 0.0570
coral_loss	: 0.0007
-------------------------------------
