=============================================
Dataset: realworld_mobiact
Method:  NO_ADAPT
=============================================
Source: syn_73 ---> Target: dp_73
Run ID: 1
=============================================
[Epoch : 1/40]
Src_cls_loss	: 0.5885
-------------------------------------
[Epoch : 2/40]
Src_cls_loss	: 0.4678
-------------------------------------
[Epoch : 3/40]
Src_cls_loss	: 0.3909
-------------------------------------
[Epoch : 4/40]
Src_cls_loss	: 0.3334
-------------------------------------
[Epoch : 5/40]
Src_cls_loss	: 0.2840
-------------------------------------
[Epoch : 6/40]
Src_cls_loss	: 0.2481
-------------------------------------
[Epoch : 7/40]
Src_cls_loss	: 0.2258
-------------------------------------
[Epoch : 8/40]
Src_cls_loss	: 0.2061
-------------------------------------
[Epoch : 9/40]
Src_cls_loss	: 0.1906
-------------------------------------
[Epoch : 10/40]
Src_cls_loss	: 0.1763
-------------------------------------
[Epoch : 11/40]
Src_cls_loss	: 0.1631
-------------------------------------
[Epoch : 12/40]
Src_cls_loss	: 0.1516
-------------------------------------
[Epoch : 13/40]
Src_cls_loss	: 0.1426
-------------------------------------
[Epoch : 14/40]
Src_cls_loss	: 0.1352
-------------------------------------
[Epoch : 15/40]
Src_cls_loss	: 0.1277
-------------------------------------
[Epoch : 16/40]
Src_cls_loss	: 0.1206
-------------------------------------
[Epoch : 17/40]
Src_cls_loss	: 0.1145
-------------------------------------
[Epoch : 18/40]
Src_cls_loss	: 0.1091
-------------------------------------
[Epoch : 19/40]
Src_cls_loss	: 0.1039
-------------------------------------
[Epoch : 20/40]
Src_cls_loss	: 0.0994
-------------------------------------
[Epoch : 21/40]
Src_cls_loss	: 0.0952
-------------------------------------
[Epoch : 22/40]
Src_cls_loss	: 0.0914
-------------------------------------
[Epoch : 23/40]
Src_cls_loss	: 0.0879
-------------------------------------
[Epoch : 24/40]
Src_cls_loss	: 0.0847
-------------------------------------
[Epoch : 25/40]
Src_cls_loss	: 0.0817
-------------------------------------
[Epoch : 26/40]
Src_cls_loss	: 0.0791
-------------------------------------
[Epoch : 27/40]
Src_cls_loss	: 0.0767
-------------------------------------
[Epoch : 28/40]
Src_cls_loss	: 0.0742
-------------------------------------
[Epoch : 29/40]
Src_cls_loss	: 0.0718
-------------------------------------
[Epoch : 30/40]
Src_cls_loss	: 0.0696
-------------------------------------
[Epoch : 31/40]
Src_cls_loss	: 0.0677
-------------------------------------
[Epoch : 32/40]
Src_cls_loss	: 0.0657
-------------------------------------
[Epoch : 33/40]
Src_cls_loss	: 0.0639
-------------------------------------
[Epoch : 34/40]
Src_cls_loss	: 0.0623
-------------------------------------
[Epoch : 35/40]
Src_cls_loss	: 0.0621
-------------------------------------
[Epoch : 36/40]
Src_cls_loss	: 0.0610
-------------------------------------
[Epoch : 37/40]
Src_cls_loss	: 0.0595
-------------------------------------
[Epoch : 38/40]
Src_cls_loss	: 0.0581
-------------------------------------
[Epoch : 39/40]
Src_cls_loss	: 0.0568
-------------------------------------
[Epoch : 40/40]
Src_cls_loss	: 0.0554
-------------------------------------
