=============================================
Dataset: pamap_mobiact
Method:  SYN
=============================================
Source: syn_wal_60 ---> Target: dp_wal_60
Run ID: 3
=============================================
[Epoch : 1/40]
Src_cls_loss	: 0.5740
-------------------------------------
[Epoch : 2/40]
Src_cls_loss	: 0.4360
-------------------------------------
[Epoch : 3/40]
Src_cls_loss	: 0.3516
-------------------------------------
[Epoch : 4/40]
Src_cls_loss	: 0.2905
-------------------------------------
[Epoch : 5/40]
Src_cls_loss	: 0.2532
-------------------------------------
[Epoch : 6/40]
Src_cls_loss	: 0.2218
-------------------------------------
[Epoch : 7/40]
Src_cls_loss	: 0.1964
-------------------------------------
[Epoch : 8/40]
Src_cls_loss	: 0.1780
-------------------------------------
[Epoch : 9/40]
Src_cls_loss	: 0.1614
-------------------------------------
[Epoch : 10/40]
Src_cls_loss	: 0.1484
-------------------------------------
[Epoch : 11/40]
Src_cls_loss	: 0.1376
-------------------------------------
[Epoch : 12/40]
Src_cls_loss	: 0.1284
-------------------------------------
[Epoch : 13/40]
Src_cls_loss	: 0.1196
-------------------------------------
[Epoch : 14/40]
Src_cls_loss	: 0.1120
-------------------------------------
[Epoch : 15/40]
Src_cls_loss	: 0.1056
-------------------------------------
[Epoch : 16/40]
Src_cls_loss	: 0.0998
-------------------------------------
[Epoch : 17/40]
Src_cls_loss	: 0.0953
-------------------------------------
[Epoch : 18/40]
Src_cls_loss	: 0.0914
-------------------------------------
[Epoch : 19/40]
Src_cls_loss	: 0.0876
-------------------------------------
[Epoch : 20/40]
Src_cls_loss	: 0.0837
-------------------------------------
[Epoch : 21/40]
Src_cls_loss	: 0.0815
-------------------------------------
[Epoch : 22/40]
Src_cls_loss	: 0.0798
-------------------------------------
[Epoch : 23/40]
Src_cls_loss	: 0.0769
-------------------------------------
[Epoch : 24/40]
Src_cls_loss	: 0.0742
-------------------------------------
[Epoch : 25/40]
Src_cls_loss	: 0.0716
-------------------------------------
[Epoch : 26/40]
Src_cls_loss	: 0.0692
-------------------------------------
[Epoch : 27/40]
Src_cls_loss	: 0.0669
-------------------------------------
[Epoch : 28/40]
Src_cls_loss	: 0.0647
-------------------------------------
[Epoch : 29/40]
Src_cls_loss	: 0.0627
-------------------------------------
[Epoch : 30/40]
Src_cls_loss	: 0.0608
-------------------------------------
[Epoch : 31/40]
Src_cls_loss	: 0.0590
-------------------------------------
[Epoch : 32/40]
Src_cls_loss	: 0.0575
-------------------------------------
[Epoch : 33/40]
Src_cls_loss	: 0.0559
-------------------------------------
[Epoch : 34/40]
Src_cls_loss	: 0.0544
-------------------------------------
[Epoch : 35/40]
Src_cls_loss	: 0.0530
-------------------------------------
[Epoch : 36/40]
Src_cls_loss	: 0.0517
-------------------------------------
[Epoch : 37/40]
Src_cls_loss	: 0.0504
-------------------------------------
[Epoch : 38/40]
Src_cls_loss	: 0.0492
-------------------------------------
[Epoch : 39/40]
Src_cls_loss	: 0.0480
-------------------------------------
[Epoch : 40/40]
Src_cls_loss	: 0.0469
-------------------------------------
