=============================================
Dataset: realworld_mobiact
Method:  NO_ADAPT
=============================================
Source: syn_58 ---> Target: dp_58
Run ID: 8
=============================================
[Epoch : 1/40]
Src_cls_loss	: 0.9030
-------------------------------------
[Epoch : 2/40]
Src_cls_loss	: 0.7852
-------------------------------------
[Epoch : 3/40]
Src_cls_loss	: 0.6706
-------------------------------------
[Epoch : 4/40]
Src_cls_loss	: 0.5763
-------------------------------------
[Epoch : 5/40]
Src_cls_loss	: 0.4958
-------------------------------------
[Epoch : 6/40]
Src_cls_loss	: 0.4320
-------------------------------------
[Epoch : 7/40]
Src_cls_loss	: 0.3839
-------------------------------------
[Epoch : 8/40]
Src_cls_loss	: 0.3446
-------------------------------------
[Epoch : 9/40]
Src_cls_loss	: 0.3156
-------------------------------------
[Epoch : 10/40]
Src_cls_loss	: 0.2912
-------------------------------------
[Epoch : 11/40]
Src_cls_loss	: 0.2689
-------------------------------------
[Epoch : 12/40]
Src_cls_loss	: 0.2494
-------------------------------------
[Epoch : 13/40]
Src_cls_loss	: 0.2323
-------------------------------------
[Epoch : 14/40]
Src_cls_loss	: 0.2181
-------------------------------------
[Epoch : 15/40]
Src_cls_loss	: 0.2058
-------------------------------------
[Epoch : 16/40]
Src_cls_loss	: 0.1943
-------------------------------------
[Epoch : 17/40]
Src_cls_loss	: 0.1837
-------------------------------------
[Epoch : 18/40]
Src_cls_loss	: 0.1747
-------------------------------------
[Epoch : 19/40]
Src_cls_loss	: 0.1667
-------------------------------------
[Epoch : 20/40]
Src_cls_loss	: 0.1597
-------------------------------------
[Epoch : 21/40]
Src_cls_loss	: 0.1533
-------------------------------------
[Epoch : 22/40]
Src_cls_loss	: 0.1478
-------------------------------------
[Epoch : 23/40]
Src_cls_loss	: 0.1420
-------------------------------------
[Epoch : 24/40]
Src_cls_loss	: 0.1369
-------------------------------------
[Epoch : 25/40]
Src_cls_loss	: 0.1322
-------------------------------------
[Epoch : 26/40]
Src_cls_loss	: 0.1277
-------------------------------------
[Epoch : 27/40]
Src_cls_loss	: 0.1239
-------------------------------------
[Epoch : 28/40]
Src_cls_loss	: 0.1199
-------------------------------------
[Epoch : 29/40]
Src_cls_loss	: 0.1162
-------------------------------------
[Epoch : 30/40]
Src_cls_loss	: 0.1125
-------------------------------------
[Epoch : 31/40]
Src_cls_loss	: 0.1092
-------------------------------------
[Epoch : 32/40]
Src_cls_loss	: 0.1067
-------------------------------------
[Epoch : 33/40]
Src_cls_loss	: 0.1039
-------------------------------------
[Epoch : 34/40]
Src_cls_loss	: 0.1011
-------------------------------------
[Epoch : 35/40]
Src_cls_loss	: 0.0984
-------------------------------------
[Epoch : 36/40]
Src_cls_loss	: 0.0959
-------------------------------------
[Epoch : 37/40]
Src_cls_loss	: 0.0934
-------------------------------------
[Epoch : 38/40]
Src_cls_loss	: 0.0911
-------------------------------------
[Epoch : 39/40]
Src_cls_loss	: 0.0890
-------------------------------------
[Epoch : 40/40]
Src_cls_loss	: 0.0872
-------------------------------------
