=============================================
Dataset: realworld_mobiact
Method:  Deep_Coral
=============================================
Source: df ---> Target: dp_26
Run ID: 0
=============================================
[Epoch : 1/40]
Total_loss	: 2.4510
Src_cls_loss	: 0.3674
coral_loss	: 0.0004
-------------------------------------
[Epoch : 2/40]
Total_loss	: 2.0023
Src_cls_loss	: 0.3001
coral_loss	: 0.0004
-------------------------------------
[Epoch : 3/40]
Total_loss	: 1.7608
Src_cls_loss	: 0.2638
coral_loss	: 0.0004
-------------------------------------
[Epoch : 4/40]
Total_loss	: 1.6049
Src_cls_loss	: 0.2404
coral_loss	: 0.0005
-------------------------------------
[Epoch : 5/40]
Total_loss	: 1.4921
Src_cls_loss	: 0.2235
coral_loss	: 0.0004
-------------------------------------
[Epoch : 6/40]
Total_loss	: 1.4100
Src_cls_loss	: 0.2112
coral_loss	: 0.0004
-------------------------------------
[Epoch : 7/40]
Total_loss	: 1.3447
Src_cls_loss	: 0.2014
coral_loss	: 0.0004
-------------------------------------
[Epoch : 8/40]
Total_loss	: 1.2849
Src_cls_loss	: 0.1924
coral_loss	: 0.0004
-------------------------------------
[Epoch : 9/40]
Total_loss	: 1.2268
Src_cls_loss	: 0.1837
coral_loss	: 0.0004
-------------------------------------
[Epoch : 10/40]
Total_loss	: 1.1791
Src_cls_loss	: 0.1766
coral_loss	: 0.0004
-------------------------------------
[Epoch : 11/40]
Total_loss	: 1.1361
Src_cls_loss	: 0.1701
coral_loss	: 0.0004
-------------------------------------
[Epoch : 12/40]
Total_loss	: 1.0966
Src_cls_loss	: 0.1642
coral_loss	: 0.0004
-------------------------------------
[Epoch : 13/40]
Total_loss	: 1.0607
Src_cls_loss	: 0.1588
coral_loss	: 0.0004
-------------------------------------
[Epoch : 14/40]
Total_loss	: 1.0284
Src_cls_loss	: 0.1540
coral_loss	: 0.0003
-------------------------------------
[Epoch : 15/40]
Total_loss	: 0.9988
Src_cls_loss	: 0.1496
coral_loss	: 0.0003
-------------------------------------
[Epoch : 16/40]
Total_loss	: 0.9703
Src_cls_loss	: 0.1453
coral_loss	: 0.0003
-------------------------------------
[Epoch : 17/40]
Total_loss	: 0.9433
Src_cls_loss	: 0.1412
coral_loss	: 0.0003
-------------------------------------
[Epoch : 18/40]
Total_loss	: 0.9194
Src_cls_loss	: 0.1377
coral_loss	: 0.0003
-------------------------------------
[Epoch : 19/40]
Total_loss	: 0.8954
Src_cls_loss	: 0.1341
coral_loss	: 0.0003
-------------------------------------
[Epoch : 20/40]
Total_loss	: 0.8729
Src_cls_loss	: 0.1307
coral_loss	: 0.0003
-------------------------------------
[Epoch : 21/40]
Total_loss	: 0.8514
Src_cls_loss	: 0.1275
coral_loss	: 0.0003
-------------------------------------
[Epoch : 22/40]
Total_loss	: 0.8309
Src_cls_loss	: 0.1244
coral_loss	: 0.0003
-------------------------------------
[Epoch : 23/40]
Total_loss	: 0.8114
Src_cls_loss	: 0.1215
coral_loss	: 0.0003
-------------------------------------
[Epoch : 24/40]
Total_loss	: 0.7931
Src_cls_loss	: 0.1187
coral_loss	: 0.0003
-------------------------------------
[Epoch : 25/40]
Total_loss	: 0.7749
Src_cls_loss	: 0.1160
coral_loss	: 0.0003
-------------------------------------
[Epoch : 26/40]
Total_loss	: 0.7571
Src_cls_loss	: 0.1134
coral_loss	: 0.0003
-------------------------------------
[Epoch : 27/40]
Total_loss	: 0.7407
Src_cls_loss	: 0.1109
coral_loss	: 0.0003
-------------------------------------
[Epoch : 28/40]
Total_loss	: 0.7247
Src_cls_loss	: 0.1085
coral_loss	: 0.0003
-------------------------------------
[Epoch : 29/40]
Total_loss	: 0.7094
Src_cls_loss	: 0.1062
coral_loss	: 0.0003
-------------------------------------
[Epoch : 30/40]
Total_loss	: 0.6955
Src_cls_loss	: 0.1041
coral_loss	: 0.0003
-------------------------------------
[Epoch : 31/40]
Total_loss	: 0.6810
Src_cls_loss	: 0.1019
coral_loss	: 0.0003
-------------------------------------
[Epoch : 32/40]
Total_loss	: 0.6671
Src_cls_loss	: 0.0999
coral_loss	: 0.0003
-------------------------------------
[Epoch : 33/40]
Total_loss	: 0.6540
Src_cls_loss	: 0.0979
coral_loss	: 0.0003
-------------------------------------
[Epoch : 34/40]
Total_loss	: 0.6419
Src_cls_loss	: 0.0961
coral_loss	: 0.0003
-------------------------------------
[Epoch : 35/40]
Total_loss	: 0.6292
Src_cls_loss	: 0.0942
coral_loss	: 0.0003
-------------------------------------
[Epoch : 36/40]
Total_loss	: 0.6180
Src_cls_loss	: 0.0925
coral_loss	: 0.0003
-------------------------------------
[Epoch : 37/40]
Total_loss	: 0.6061
Src_cls_loss	: 0.0907
coral_loss	: 0.0003
-------------------------------------
[Epoch : 38/40]
Total_loss	: 0.5950
Src_cls_loss	: 0.0891
coral_loss	: 0.0002
-------------------------------------
[Epoch : 39/40]
Total_loss	: 0.5844
Src_cls_loss	: 0.0875
coral_loss	: 0.0002
-------------------------------------
[Epoch : 40/40]
Total_loss	: 0.5746
Src_cls_loss	: 0.0860
coral_loss	: 0.0002
-------------------------------------
