=============================================
Dataset: realworld_mobiact
Method:  NO_ADAPT
=============================================
Source: syn_59 ---> Target: dp_59
Run ID: 6
=============================================
[Epoch : 1/40]
Src_cls_loss	: 0.8827
-------------------------------------
[Epoch : 2/40]
Src_cls_loss	: 0.7066
-------------------------------------
[Epoch : 3/40]
Src_cls_loss	: 0.5714
-------------------------------------
[Epoch : 4/40]
Src_cls_loss	: 0.4732
-------------------------------------
[Epoch : 5/40]
Src_cls_loss	: 0.4015
-------------------------------------
[Epoch : 6/40]
Src_cls_loss	: 0.3462
-------------------------------------
[Epoch : 7/40]
Src_cls_loss	: 0.3043
-------------------------------------
[Epoch : 8/40]
Src_cls_loss	: 0.2711
-------------------------------------
[Epoch : 9/40]
Src_cls_loss	: 0.2447
-------------------------------------
[Epoch : 10/40]
Src_cls_loss	: 0.2228
-------------------------------------
[Epoch : 11/40]
Src_cls_loss	: 0.2048
-------------------------------------
[Epoch : 12/40]
Src_cls_loss	: 0.1899
-------------------------------------
[Epoch : 13/40]
Src_cls_loss	: 0.1770
-------------------------------------
[Epoch : 14/40]
Src_cls_loss	: 0.1656
-------------------------------------
[Epoch : 15/40]
Src_cls_loss	: 0.1559
-------------------------------------
[Epoch : 16/40]
Src_cls_loss	: 0.1471
-------------------------------------
[Epoch : 17/40]
Src_cls_loss	: 0.1396
-------------------------------------
[Epoch : 18/40]
Src_cls_loss	: 0.1332
-------------------------------------
[Epoch : 19/40]
Src_cls_loss	: 0.1268
-------------------------------------
[Epoch : 20/40]
Src_cls_loss	: 0.1210
-------------------------------------
[Epoch : 21/40]
Src_cls_loss	: 0.1159
-------------------------------------
[Epoch : 22/40]
Src_cls_loss	: 0.1109
-------------------------------------
[Epoch : 23/40]
Src_cls_loss	: 0.1064
-------------------------------------
[Epoch : 24/40]
Src_cls_loss	: 0.1023
-------------------------------------
[Epoch : 25/40]
Src_cls_loss	: 0.0984
-------------------------------------
[Epoch : 26/40]
Src_cls_loss	: 0.0948
-------------------------------------
[Epoch : 27/40]
Src_cls_loss	: 0.0915
-------------------------------------
[Epoch : 28/40]
Src_cls_loss	: 0.0883
-------------------------------------
[Epoch : 29/40]
Src_cls_loss	: 0.0854
-------------------------------------
[Epoch : 30/40]
Src_cls_loss	: 0.0827
-------------------------------------
[Epoch : 31/40]
Src_cls_loss	: 0.0801
-------------------------------------
[Epoch : 32/40]
Src_cls_loss	: 0.0777
-------------------------------------
[Epoch : 33/40]
Src_cls_loss	: 0.0755
-------------------------------------
[Epoch : 34/40]
Src_cls_loss	: 0.0734
-------------------------------------
[Epoch : 35/40]
Src_cls_loss	: 0.0714
-------------------------------------
[Epoch : 36/40]
Src_cls_loss	: 0.0695
-------------------------------------
[Epoch : 37/40]
Src_cls_loss	: 0.0678
-------------------------------------
[Epoch : 38/40]
Src_cls_loss	: 0.0661
-------------------------------------
[Epoch : 39/40]
Src_cls_loss	: 0.0644
-------------------------------------
[Epoch : 40/40]
Src_cls_loss	: 0.0629
-------------------------------------
