=============================================
Dataset: realworld_mobiact
Method:  NO_ADAPT
=============================================
Source: syn_56 ---> Target: dp_56
Run ID: 2
=============================================
[Epoch : 1/40]
Src_cls_loss	: 0.8425
-------------------------------------
[Epoch : 2/40]
Src_cls_loss	: 0.6805
-------------------------------------
[Epoch : 3/40]
Src_cls_loss	: 0.5398
-------------------------------------
[Epoch : 4/40]
Src_cls_loss	: 0.4414
-------------------------------------
[Epoch : 5/40]
Src_cls_loss	: 0.3710
-------------------------------------
[Epoch : 6/40]
Src_cls_loss	: 0.3243
-------------------------------------
[Epoch : 7/40]
Src_cls_loss	: 0.2861
-------------------------------------
[Epoch : 8/40]
Src_cls_loss	: 0.2564
-------------------------------------
[Epoch : 9/40]
Src_cls_loss	: 0.2313
-------------------------------------
[Epoch : 10/40]
Src_cls_loss	: 0.2116
-------------------------------------
[Epoch : 11/40]
Src_cls_loss	: 0.1948
-------------------------------------
[Epoch : 12/40]
Src_cls_loss	: 0.1807
-------------------------------------
[Epoch : 13/40]
Src_cls_loss	: 0.1691
-------------------------------------
[Epoch : 14/40]
Src_cls_loss	: 0.1593
-------------------------------------
[Epoch : 15/40]
Src_cls_loss	: 0.1498
-------------------------------------
[Epoch : 16/40]
Src_cls_loss	: 0.1411
-------------------------------------
[Epoch : 17/40]
Src_cls_loss	: 0.1337
-------------------------------------
[Epoch : 18/40]
Src_cls_loss	: 0.1267
-------------------------------------
[Epoch : 19/40]
Src_cls_loss	: 0.1207
-------------------------------------
[Epoch : 20/40]
Src_cls_loss	: 0.1154
-------------------------------------
[Epoch : 21/40]
Src_cls_loss	: 0.1107
-------------------------------------
[Epoch : 22/40]
Src_cls_loss	: 0.1065
-------------------------------------
[Epoch : 23/40]
Src_cls_loss	: 0.1024
-------------------------------------
[Epoch : 24/40]
Src_cls_loss	: 0.0987
-------------------------------------
[Epoch : 25/40]
Src_cls_loss	: 0.0950
-------------------------------------
[Epoch : 26/40]
Src_cls_loss	: 0.0916
-------------------------------------
[Epoch : 27/40]
Src_cls_loss	: 0.0884
-------------------------------------
[Epoch : 28/40]
Src_cls_loss	: 0.0854
-------------------------------------
[Epoch : 29/40]
Src_cls_loss	: 0.0826
-------------------------------------
[Epoch : 30/40]
Src_cls_loss	: 0.0800
-------------------------------------
[Epoch : 31/40]
Src_cls_loss	: 0.0775
-------------------------------------
[Epoch : 32/40]
Src_cls_loss	: 0.0752
-------------------------------------
[Epoch : 33/40]
Src_cls_loss	: 0.0730
-------------------------------------
[Epoch : 34/40]
Src_cls_loss	: 0.0711
-------------------------------------
[Epoch : 35/40]
Src_cls_loss	: 0.0691
-------------------------------------
[Epoch : 36/40]
Src_cls_loss	: 0.0673
-------------------------------------
[Epoch : 37/40]
Src_cls_loss	: 0.0656
-------------------------------------
[Epoch : 38/40]
Src_cls_loss	: 0.0640
-------------------------------------
[Epoch : 39/40]
Src_cls_loss	: 0.0625
-------------------------------------
[Epoch : 40/40]
Src_cls_loss	: 0.0610
-------------------------------------
