=============================================
Dataset: realworld_mobiact
Method:  SYN
=============================================
Source: syn_wal_20 ---> Target: dp_wal_20
Run ID: 0
=============================================
[Epoch : 1/40]
Src_cls_loss	: 0.8638
-------------------------------------
[Epoch : 2/40]
Src_cls_loss	: 0.7294
-------------------------------------
[Epoch : 3/40]
Src_cls_loss	: 0.6013
-------------------------------------
[Epoch : 4/40]
Src_cls_loss	: 0.4972
-------------------------------------
[Epoch : 5/40]
Src_cls_loss	: 0.4230
-------------------------------------
[Epoch : 6/40]
Src_cls_loss	: 0.3689
-------------------------------------
[Epoch : 7/40]
Src_cls_loss	: 0.3264
-------------------------------------
[Epoch : 8/40]
Src_cls_loss	: 0.2924
-------------------------------------
[Epoch : 9/40]
Src_cls_loss	: 0.2635
-------------------------------------
[Epoch : 10/40]
Src_cls_loss	: 0.2399
-------------------------------------
[Epoch : 11/40]
Src_cls_loss	: 0.2198
-------------------------------------
[Epoch : 12/40]
Src_cls_loss	: 0.2034
-------------------------------------
[Epoch : 13/40]
Src_cls_loss	: 0.1892
-------------------------------------
[Epoch : 14/40]
Src_cls_loss	: 0.1770
-------------------------------------
[Epoch : 15/40]
Src_cls_loss	: 0.1661
-------------------------------------
[Epoch : 16/40]
Src_cls_loss	: 0.1563
-------------------------------------
[Epoch : 17/40]
Src_cls_loss	: 0.1479
-------------------------------------
[Epoch : 18/40]
Src_cls_loss	: 0.1403
-------------------------------------
[Epoch : 19/40]
Src_cls_loss	: 0.1335
-------------------------------------
[Epoch : 20/40]
Src_cls_loss	: 0.1275
-------------------------------------
[Epoch : 21/40]
Src_cls_loss	: 0.1217
-------------------------------------
[Epoch : 22/40]
Src_cls_loss	: 0.1169
-------------------------------------
[Epoch : 23/40]
Src_cls_loss	: 0.1122
-------------------------------------
[Epoch : 24/40]
Src_cls_loss	: 0.1079
-------------------------------------
[Epoch : 25/40]
Src_cls_loss	: 0.1039
-------------------------------------
[Epoch : 26/40]
Src_cls_loss	: 0.1002
-------------------------------------
[Epoch : 27/40]
Src_cls_loss	: 0.0968
-------------------------------------
[Epoch : 28/40]
Src_cls_loss	: 0.0937
-------------------------------------
[Epoch : 29/40]
Src_cls_loss	: 0.0907
-------------------------------------
[Epoch : 30/40]
Src_cls_loss	: 0.0878
-------------------------------------
[Epoch : 31/40]
Src_cls_loss	: 0.0851
-------------------------------------
[Epoch : 32/40]
Src_cls_loss	: 0.0825
-------------------------------------
[Epoch : 33/40]
Src_cls_loss	: 0.0802
-------------------------------------
[Epoch : 34/40]
Src_cls_loss	: 0.0779
-------------------------------------
[Epoch : 35/40]
Src_cls_loss	: 0.0758
-------------------------------------
[Epoch : 36/40]
Src_cls_loss	: 0.0738
-------------------------------------
[Epoch : 37/40]
Src_cls_loss	: 0.0720
-------------------------------------
[Epoch : 38/40]
Src_cls_loss	: 0.0702
-------------------------------------
[Epoch : 39/40]
Src_cls_loss	: 0.0685
-------------------------------------
[Epoch : 40/40]
Src_cls_loss	: 0.0668
-------------------------------------
