=============================================
Dataset: mobiact_realworld
Method:  SYN
=============================================
Source: syn_wal_69 ---> Target: dp_wal_69
Run ID: 9
=============================================
[Epoch : 1/40]
Src_cls_loss	: 0.7602
-------------------------------------
[Epoch : 2/40]
Src_cls_loss	: 0.5707
-------------------------------------
[Epoch : 3/40]
Src_cls_loss	: 0.4486
-------------------------------------
[Epoch : 4/40]
Src_cls_loss	: 0.3735
-------------------------------------
[Epoch : 5/40]
Src_cls_loss	: 0.3176
-------------------------------------
[Epoch : 6/40]
Src_cls_loss	: 0.2798
-------------------------------------
[Epoch : 7/40]
Src_cls_loss	: 0.2520
-------------------------------------
[Epoch : 8/40]
Src_cls_loss	: 0.2282
-------------------------------------
[Epoch : 9/40]
Src_cls_loss	: 0.2100
-------------------------------------
[Epoch : 10/40]
Src_cls_loss	: 0.1930
-------------------------------------
[Epoch : 11/40]
Src_cls_loss	: 0.1803
-------------------------------------
[Epoch : 12/40]
Src_cls_loss	: 0.1682
-------------------------------------
[Epoch : 13/40]
Src_cls_loss	: 0.1580
-------------------------------------
[Epoch : 14/40]
Src_cls_loss	: 0.1483
-------------------------------------
[Epoch : 15/40]
Src_cls_loss	: 0.1405
-------------------------------------
[Epoch : 16/40]
Src_cls_loss	: 0.1334
-------------------------------------
[Epoch : 17/40]
Src_cls_loss	: 0.1266
-------------------------------------
[Epoch : 18/40]
Src_cls_loss	: 0.1204
-------------------------------------
[Epoch : 19/40]
Src_cls_loss	: 0.1150
-------------------------------------
[Epoch : 20/40]
Src_cls_loss	: 0.1100
-------------------------------------
[Epoch : 21/40]
Src_cls_loss	: 0.1055
-------------------------------------
[Epoch : 22/40]
Src_cls_loss	: 0.1011
-------------------------------------
[Epoch : 23/40]
Src_cls_loss	: 0.0975
-------------------------------------
[Epoch : 24/40]
Src_cls_loss	: 0.0940
-------------------------------------
[Epoch : 25/40]
Src_cls_loss	: 0.0910
-------------------------------------
[Epoch : 26/40]
Src_cls_loss	: 0.0879
-------------------------------------
[Epoch : 27/40]
Src_cls_loss	: 0.0850
-------------------------------------
[Epoch : 28/40]
Src_cls_loss	: 0.0826
-------------------------------------
[Epoch : 29/40]
Src_cls_loss	: 0.0805
-------------------------------------
[Epoch : 30/40]
Src_cls_loss	: 0.0782
-------------------------------------
[Epoch : 31/40]
Src_cls_loss	: 0.0759
-------------------------------------
[Epoch : 32/40]
Src_cls_loss	: 0.0741
-------------------------------------
[Epoch : 33/40]
Src_cls_loss	: 0.0722
-------------------------------------
[Epoch : 34/40]
Src_cls_loss	: 0.0703
-------------------------------------
[Epoch : 35/40]
Src_cls_loss	: 0.0686
-------------------------------------
[Epoch : 36/40]
Src_cls_loss	: 0.0670
-------------------------------------
[Epoch : 37/40]
Src_cls_loss	: 0.0654
-------------------------------------
[Epoch : 38/40]
Src_cls_loss	: 0.0638
-------------------------------------
[Epoch : 39/40]
Src_cls_loss	: 0.0623
-------------------------------------
[Epoch : 40/40]
Src_cls_loss	: 0.0609
-------------------------------------
