=============================================
Dataset: pamap_mobiact
Method:  Deep_Coral
=============================================
Source: df ---> Target: dp_36
Run ID: 0
=============================================
[Epoch : 1/40]
Total_loss	: 4.4215
Src_cls_loss	: 0.6634
coral_loss	: 0.0002
-------------------------------------
[Epoch : 2/40]
Total_loss	: 3.8511
Src_cls_loss	: 0.5777
coral_loss	: 0.0003
-------------------------------------
[Epoch : 3/40]
Total_loss	: 3.4181
Src_cls_loss	: 0.5127
coral_loss	: 0.0003
-------------------------------------
[Epoch : 4/40]
Total_loss	: 3.1659
Src_cls_loss	: 0.4749
coral_loss	: 0.0003
-------------------------------------
[Epoch : 5/40]
Total_loss	: 2.8990
Src_cls_loss	: 0.4348
coral_loss	: 0.0003
-------------------------------------
[Epoch : 6/40]
Total_loss	: 2.7345
Src_cls_loss	: 0.4101
coral_loss	: 0.0003
-------------------------------------
[Epoch : 7/40]
Total_loss	: 2.5792
Src_cls_loss	: 0.3868
coral_loss	: 0.0003
-------------------------------------
[Epoch : 8/40]
Total_loss	: 2.4210
Src_cls_loss	: 0.3630
coral_loss	: 0.0003
-------------------------------------
[Epoch : 9/40]
Total_loss	: 2.2945
Src_cls_loss	: 0.3441
coral_loss	: 0.0003
-------------------------------------
[Epoch : 10/40]
Total_loss	: 2.1947
Src_cls_loss	: 0.3291
coral_loss	: 0.0003
-------------------------------------
[Epoch : 11/40]
Total_loss	: 2.1064
Src_cls_loss	: 0.3158
coral_loss	: 0.0003
-------------------------------------
[Epoch : 12/40]
Total_loss	: 2.0215
Src_cls_loss	: 0.3031
coral_loss	: 0.0003
-------------------------------------
[Epoch : 13/40]
Total_loss	: 1.9464
Src_cls_loss	: 0.2918
coral_loss	: 0.0003
-------------------------------------
[Epoch : 14/40]
Total_loss	: 1.8728
Src_cls_loss	: 0.2807
coral_loss	: 0.0003
-------------------------------------
[Epoch : 15/40]
Total_loss	: 1.8134
Src_cls_loss	: 0.2718
coral_loss	: 0.0003
-------------------------------------
[Epoch : 16/40]
Total_loss	: 1.7561
Src_cls_loss	: 0.2632
coral_loss	: 0.0003
-------------------------------------
[Epoch : 17/40]
Total_loss	: 1.7068
Src_cls_loss	: 0.2558
coral_loss	: 0.0004
-------------------------------------
[Epoch : 18/40]
Total_loss	: 1.6622
Src_cls_loss	: 0.2491
coral_loss	: 0.0004
-------------------------------------
[Epoch : 19/40]
Total_loss	: 1.6169
Src_cls_loss	: 0.2423
coral_loss	: 0.0004
-------------------------------------
[Epoch : 20/40]
Total_loss	: 1.5744
Src_cls_loss	: 0.2359
coral_loss	: 0.0004
-------------------------------------
[Epoch : 21/40]
Total_loss	: 1.5340
Src_cls_loss	: 0.2299
coral_loss	: 0.0004
-------------------------------------
[Epoch : 22/40]
Total_loss	: 1.4967
Src_cls_loss	: 0.2243
coral_loss	: 0.0004
-------------------------------------
[Epoch : 23/40]
Total_loss	: 1.4622
Src_cls_loss	: 0.2191
coral_loss	: 0.0004
-------------------------------------
[Epoch : 24/40]
Total_loss	: 1.4353
Src_cls_loss	: 0.2150
coral_loss	: 0.0004
-------------------------------------
[Epoch : 25/40]
Total_loss	: 1.4069
Src_cls_loss	: 0.2108
coral_loss	: 0.0004
-------------------------------------
[Epoch : 26/40]
Total_loss	: 1.3778
Src_cls_loss	: 0.2064
coral_loss	: 0.0004
-------------------------------------
[Epoch : 27/40]
Total_loss	: 1.3544
Src_cls_loss	: 0.2029
coral_loss	: 0.0004
-------------------------------------
[Epoch : 28/40]
Total_loss	: 1.3344
Src_cls_loss	: 0.1999
coral_loss	: 0.0004
-------------------------------------
[Epoch : 29/40]
Total_loss	: 1.3099
Src_cls_loss	: 0.1962
coral_loss	: 0.0004
-------------------------------------
[Epoch : 30/40]
Total_loss	: 1.2940
Src_cls_loss	: 0.1938
coral_loss	: 0.0004
-------------------------------------
[Epoch : 31/40]
Total_loss	: 1.2809
Src_cls_loss	: 0.1919
coral_loss	: 0.0004
-------------------------------------
[Epoch : 32/40]
Total_loss	: 1.2606
Src_cls_loss	: 0.1888
coral_loss	: 0.0004
-------------------------------------
[Epoch : 33/40]
Total_loss	: 1.2407
Src_cls_loss	: 0.1858
coral_loss	: 0.0004
-------------------------------------
[Epoch : 34/40]
Total_loss	: 1.2203
Src_cls_loss	: 0.1828
coral_loss	: 0.0004
-------------------------------------
[Epoch : 35/40]
Total_loss	: 1.2052
Src_cls_loss	: 0.1805
coral_loss	: 0.0004
-------------------------------------
[Epoch : 36/40]
Total_loss	: 1.1876
Src_cls_loss	: 0.1779
coral_loss	: 0.0004
-------------------------------------
[Epoch : 37/40]
Total_loss	: 1.1702
Src_cls_loss	: 0.1752
coral_loss	: 0.0004
-------------------------------------
[Epoch : 38/40]
Total_loss	: 1.1539
Src_cls_loss	: 0.1728
coral_loss	: 0.0004
-------------------------------------
[Epoch : 39/40]
Total_loss	: 1.1392
Src_cls_loss	: 0.1706
coral_loss	: 0.0004
-------------------------------------
[Epoch : 40/40]
Total_loss	: 1.1254
Src_cls_loss	: 0.1685
coral_loss	: 0.0004
-------------------------------------
