=============================================
Dataset: realworld_mobiact
Method:  Deep_Coral
=============================================
Source: df ---> Target: dp_wal_48
Run ID: 0
=============================================
[Epoch : 1/40]
Total_loss	: 2.4511
Src_cls_loss	: 0.3672
coral_loss	: 0.0007
-------------------------------------
[Epoch : 2/40]
Total_loss	: 2.0034
Src_cls_loss	: 0.3000
coral_loss	: 0.0007
-------------------------------------
[Epoch : 3/40]
Total_loss	: 1.7616
Src_cls_loss	: 0.2638
coral_loss	: 0.0006
-------------------------------------
[Epoch : 4/40]
Total_loss	: 1.6052
Src_cls_loss	: 0.2403
coral_loss	: 0.0006
-------------------------------------
[Epoch : 5/40]
Total_loss	: 1.4932
Src_cls_loss	: 0.2235
coral_loss	: 0.0006
-------------------------------------
[Epoch : 6/40]
Total_loss	: 1.4110
Src_cls_loss	: 0.2112
coral_loss	: 0.0006
-------------------------------------
[Epoch : 7/40]
Total_loss	: 1.3461
Src_cls_loss	: 0.2015
coral_loss	: 0.0006
-------------------------------------
[Epoch : 8/40]
Total_loss	: 1.2863
Src_cls_loss	: 0.1925
coral_loss	: 0.0005
-------------------------------------
[Epoch : 9/40]
Total_loss	: 1.2288
Src_cls_loss	: 0.1839
coral_loss	: 0.0005
-------------------------------------
[Epoch : 10/40]
Total_loss	: 1.1812
Src_cls_loss	: 0.1768
coral_loss	: 0.0005
-------------------------------------
[Epoch : 11/40]
Total_loss	: 1.1384
Src_cls_loss	: 0.1704
coral_loss	: 0.0005
-------------------------------------
[Epoch : 12/40]
Total_loss	: 1.0989
Src_cls_loss	: 0.1645
coral_loss	: 0.0005
-------------------------------------
[Epoch : 13/40]
Total_loss	: 1.0637
Src_cls_loss	: 0.1592
coral_loss	: 0.0005
-------------------------------------
[Epoch : 14/40]
Total_loss	: 1.0313
Src_cls_loss	: 0.1543
coral_loss	: 0.0004
-------------------------------------
[Epoch : 15/40]
Total_loss	: 1.0016
Src_cls_loss	: 0.1499
coral_loss	: 0.0004
-------------------------------------
[Epoch : 16/40]
Total_loss	: 0.9733
Src_cls_loss	: 0.1457
coral_loss	: 0.0004
-------------------------------------
[Epoch : 17/40]
Total_loss	: 0.9464
Src_cls_loss	: 0.1416
coral_loss	: 0.0004
-------------------------------------
[Epoch : 18/40]
Total_loss	: 0.9227
Src_cls_loss	: 0.1381
coral_loss	: 0.0004
-------------------------------------
[Epoch : 19/40]
Total_loss	: 0.8986
Src_cls_loss	: 0.1345
coral_loss	: 0.0004
-------------------------------------
[Epoch : 20/40]
Total_loss	: 0.8758
Src_cls_loss	: 0.1311
coral_loss	: 0.0004
-------------------------------------
[Epoch : 21/40]
Total_loss	: 0.8544
Src_cls_loss	: 0.1279
coral_loss	: 0.0004
-------------------------------------
[Epoch : 22/40]
Total_loss	: 0.8337
Src_cls_loss	: 0.1248
coral_loss	: 0.0004
-------------------------------------
[Epoch : 23/40]
Total_loss	: 0.8143
Src_cls_loss	: 0.1218
coral_loss	: 0.0004
-------------------------------------
[Epoch : 24/40]
Total_loss	: 0.7955
Src_cls_loss	: 0.1190
coral_loss	: 0.0004
-------------------------------------
[Epoch : 25/40]
Total_loss	: 0.7772
Src_cls_loss	: 0.1163
coral_loss	: 0.0004
-------------------------------------
[Epoch : 26/40]
Total_loss	: 0.7594
Src_cls_loss	: 0.1136
coral_loss	: 0.0004
-------------------------------------
[Epoch : 27/40]
Total_loss	: 0.7430
Src_cls_loss	: 0.1112
coral_loss	: 0.0003
-------------------------------------
[Epoch : 28/40]
Total_loss	: 0.7268
Src_cls_loss	: 0.1087
coral_loss	: 0.0003
-------------------------------------
[Epoch : 29/40]
Total_loss	: 0.7118
Src_cls_loss	: 0.1065
coral_loss	: 0.0003
-------------------------------------
[Epoch : 30/40]
Total_loss	: 0.6973
Src_cls_loss	: 0.1043
coral_loss	: 0.0003
-------------------------------------
[Epoch : 31/40]
Total_loss	: 0.6827
Src_cls_loss	: 0.1021
coral_loss	: 0.0003
-------------------------------------
[Epoch : 32/40]
Total_loss	: 0.6684
Src_cls_loss	: 0.1000
coral_loss	: 0.0003
-------------------------------------
[Epoch : 33/40]
Total_loss	: 0.6558
Src_cls_loss	: 0.0981
coral_loss	: 0.0003
-------------------------------------
[Epoch : 34/40]
Total_loss	: 0.6438
Src_cls_loss	: 0.0963
coral_loss	: 0.0003
-------------------------------------
[Epoch : 35/40]
Total_loss	: 0.6315
Src_cls_loss	: 0.0945
coral_loss	: 0.0003
-------------------------------------
[Epoch : 36/40]
Total_loss	: 0.6205
Src_cls_loss	: 0.0928
coral_loss	: 0.0003
-------------------------------------
[Epoch : 37/40]
Total_loss	: 0.6087
Src_cls_loss	: 0.0911
coral_loss	: 0.0003
-------------------------------------
[Epoch : 38/40]
Total_loss	: 0.5979
Src_cls_loss	: 0.0894
coral_loss	: 0.0003
-------------------------------------
[Epoch : 39/40]
Total_loss	: 0.5879
Src_cls_loss	: 0.0879
coral_loss	: 0.0003
-------------------------------------
[Epoch : 40/40]
Total_loss	: 0.5778
Src_cls_loss	: 0.0864
coral_loss	: 0.0003
-------------------------------------
