=============================================
Dataset: pamap_mobiact
Method:  Deep_Coral
=============================================
Source: df ---> Target: dp_wal_20
Run ID: 0
=============================================
[Epoch : 1/40]
Total_loss	: 4.4263
Src_cls_loss	: 0.6634
coral_loss	: 0.0009
-------------------------------------
[Epoch : 2/40]
Total_loss	: 3.8573
Src_cls_loss	: 0.5780
coral_loss	: 0.0009
-------------------------------------
[Epoch : 3/40]
Total_loss	: 3.4264
Src_cls_loss	: 0.5133
coral_loss	: 0.0010
-------------------------------------
[Epoch : 4/40]
Total_loss	: 3.1746
Src_cls_loss	: 0.4755
coral_loss	: 0.0010
-------------------------------------
[Epoch : 5/40]
Total_loss	: 2.9057
Src_cls_loss	: 0.4352
coral_loss	: 0.0010
-------------------------------------
[Epoch : 6/40]
Total_loss	: 2.7408
Src_cls_loss	: 0.4104
coral_loss	: 0.0009
-------------------------------------
[Epoch : 7/40]
Total_loss	: 2.5855
Src_cls_loss	: 0.3871
coral_loss	: 0.0009
-------------------------------------
[Epoch : 8/40]
Total_loss	: 2.4261
Src_cls_loss	: 0.3632
coral_loss	: 0.0009
-------------------------------------
[Epoch : 9/40]
Total_loss	: 2.2995
Src_cls_loss	: 0.3442
coral_loss	: 0.0009
-------------------------------------
[Epoch : 10/40]
Total_loss	: 2.1988
Src_cls_loss	: 0.3291
coral_loss	: 0.0009
-------------------------------------
[Epoch : 11/40]
Total_loss	: 2.1109
Src_cls_loss	: 0.3159
coral_loss	: 0.0009
-------------------------------------
[Epoch : 12/40]
Total_loss	: 2.0256
Src_cls_loss	: 0.3031
coral_loss	: 0.0009
-------------------------------------
[Epoch : 13/40]
Total_loss	: 1.9506
Src_cls_loss	: 0.2919
coral_loss	: 0.0009
-------------------------------------
[Epoch : 14/40]
Total_loss	: 1.8765
Src_cls_loss	: 0.2808
coral_loss	: 0.0009
-------------------------------------
[Epoch : 15/40]
Total_loss	: 1.8174
Src_cls_loss	: 0.2719
coral_loss	: 0.0009
-------------------------------------
[Epoch : 16/40]
Total_loss	: 1.7593
Src_cls_loss	: 0.2632
coral_loss	: 0.0009
-------------------------------------
[Epoch : 17/40]
Total_loss	: 1.7097
Src_cls_loss	: 0.2557
coral_loss	: 0.0009
-------------------------------------
[Epoch : 18/40]
Total_loss	: 1.6651
Src_cls_loss	: 0.2491
coral_loss	: 0.0009
-------------------------------------
[Epoch : 19/40]
Total_loss	: 1.6200
Src_cls_loss	: 0.2423
coral_loss	: 0.0009
-------------------------------------
[Epoch : 20/40]
Total_loss	: 1.5773
Src_cls_loss	: 0.2359
coral_loss	: 0.0009
-------------------------------------
[Epoch : 21/40]
Total_loss	: 1.5370
Src_cls_loss	: 0.2298
coral_loss	: 0.0008
-------------------------------------
[Epoch : 22/40]
Total_loss	: 1.4997
Src_cls_loss	: 0.2243
coral_loss	: 0.0008
-------------------------------------
[Epoch : 23/40]
Total_loss	: 1.4648
Src_cls_loss	: 0.2190
coral_loss	: 0.0008
-------------------------------------
[Epoch : 24/40]
Total_loss	: 1.4380
Src_cls_loss	: 0.2150
coral_loss	: 0.0008
-------------------------------------
[Epoch : 25/40]
Total_loss	: 1.4099
Src_cls_loss	: 0.2108
coral_loss	: 0.0008
-------------------------------------
[Epoch : 26/40]
Total_loss	: 1.3804
Src_cls_loss	: 0.2064
coral_loss	: 0.0008
-------------------------------------
[Epoch : 27/40]
Total_loss	: 1.3569
Src_cls_loss	: 0.2028
coral_loss	: 0.0008
-------------------------------------
[Epoch : 28/40]
Total_loss	: 1.3363
Src_cls_loss	: 0.1998
coral_loss	: 0.0008
-------------------------------------
[Epoch : 29/40]
Total_loss	: 1.3121
Src_cls_loss	: 0.1961
coral_loss	: 0.0008
-------------------------------------
[Epoch : 30/40]
Total_loss	: 1.2962
Src_cls_loss	: 0.1937
coral_loss	: 0.0008
-------------------------------------
[Epoch : 31/40]
Total_loss	: 1.2830
Src_cls_loss	: 0.1918
coral_loss	: 0.0008
-------------------------------------
[Epoch : 32/40]
Total_loss	: 1.2628
Src_cls_loss	: 0.1887
coral_loss	: 0.0008
-------------------------------------
[Epoch : 33/40]
Total_loss	: 1.2428
Src_cls_loss	: 0.1857
coral_loss	: 0.0008
-------------------------------------
[Epoch : 34/40]
Total_loss	: 1.2225
Src_cls_loss	: 0.1827
coral_loss	: 0.0008
-------------------------------------
[Epoch : 35/40]
Total_loss	: 1.2074
Src_cls_loss	: 0.1804
coral_loss	: 0.0008
-------------------------------------
[Epoch : 36/40]
Total_loss	: 1.1898
Src_cls_loss	: 0.1778
coral_loss	: 0.0008
-------------------------------------
[Epoch : 37/40]
Total_loss	: 1.1725
Src_cls_loss	: 0.1752
coral_loss	: 0.0008
-------------------------------------
[Epoch : 38/40]
Total_loss	: 1.1563
Src_cls_loss	: 0.1728
coral_loss	: 0.0008
-------------------------------------
[Epoch : 39/40]
Total_loss	: 1.1416
Src_cls_loss	: 0.1705
coral_loss	: 0.0008
-------------------------------------
[Epoch : 40/40]
Total_loss	: 1.1279
Src_cls_loss	: 0.1685
coral_loss	: 0.0008
-------------------------------------
