=============================================
Dataset: realworld_mobiact
Method:  NO_ADAPT
=============================================
Source: syn_64 ---> Target: dp_64
Run ID: 8
=============================================
[Epoch : 1/40]
Src_cls_loss	: 0.8367
-------------------------------------
[Epoch : 2/40]
Src_cls_loss	: 0.6573
-------------------------------------
[Epoch : 3/40]
Src_cls_loss	: 0.5223
-------------------------------------
[Epoch : 4/40]
Src_cls_loss	: 0.4285
-------------------------------------
[Epoch : 5/40]
Src_cls_loss	: 0.3607
-------------------------------------
[Epoch : 6/40]
Src_cls_loss	: 0.3126
-------------------------------------
[Epoch : 7/40]
Src_cls_loss	: 0.2756
-------------------------------------
[Epoch : 8/40]
Src_cls_loss	: 0.2469
-------------------------------------
[Epoch : 9/40]
Src_cls_loss	: 0.2233
-------------------------------------
[Epoch : 10/40]
Src_cls_loss	: 0.2039
-------------------------------------
[Epoch : 11/40]
Src_cls_loss	: 0.1873
-------------------------------------
[Epoch : 12/40]
Src_cls_loss	: 0.1734
-------------------------------------
[Epoch : 13/40]
Src_cls_loss	: 0.1613
-------------------------------------
[Epoch : 14/40]
Src_cls_loss	: 0.1509
-------------------------------------
[Epoch : 15/40]
Src_cls_loss	: 0.1421
-------------------------------------
[Epoch : 16/40]
Src_cls_loss	: 0.1343
-------------------------------------
[Epoch : 17/40]
Src_cls_loss	: 0.1274
-------------------------------------
[Epoch : 18/40]
Src_cls_loss	: 0.1215
-------------------------------------
[Epoch : 19/40]
Src_cls_loss	: 0.1159
-------------------------------------
[Epoch : 20/40]
Src_cls_loss	: 0.1105
-------------------------------------
[Epoch : 21/40]
Src_cls_loss	: 0.1059
-------------------------------------
[Epoch : 22/40]
Src_cls_loss	: 0.1014
-------------------------------------
[Epoch : 23/40]
Src_cls_loss	: 0.0974
-------------------------------------
[Epoch : 24/40]
Src_cls_loss	: 0.0939
-------------------------------------
[Epoch : 25/40]
Src_cls_loss	: 0.0905
-------------------------------------
[Epoch : 26/40]
Src_cls_loss	: 0.0873
-------------------------------------
[Epoch : 27/40]
Src_cls_loss	: 0.0843
-------------------------------------
[Epoch : 28/40]
Src_cls_loss	: 0.0814
-------------------------------------
[Epoch : 29/40]
Src_cls_loss	: 0.0789
-------------------------------------
[Epoch : 30/40]
Src_cls_loss	: 0.0769
-------------------------------------
[Epoch : 31/40]
Src_cls_loss	: 0.0749
-------------------------------------
[Epoch : 32/40]
Src_cls_loss	: 0.0728
-------------------------------------
[Epoch : 33/40]
Src_cls_loss	: 0.0708
-------------------------------------
[Epoch : 34/40]
Src_cls_loss	: 0.0689
-------------------------------------
[Epoch : 35/40]
Src_cls_loss	: 0.0671
-------------------------------------
[Epoch : 36/40]
Src_cls_loss	: 0.0654
-------------------------------------
[Epoch : 37/40]
Src_cls_loss	: 0.0637
-------------------------------------
[Epoch : 38/40]
Src_cls_loss	: 0.0621
-------------------------------------
[Epoch : 39/40]
Src_cls_loss	: 0.0605
-------------------------------------
[Epoch : 40/40]
Src_cls_loss	: 0.0591
-------------------------------------
