=============================================
Dataset: pamap_mobiact
Method:  NO_ADAPT
=============================================
Source: syn_21 ---> Target: dp_21
Run ID: 4
=============================================
[Epoch : 1/40]
Src_cls_loss	: 0.8953
-------------------------------------
[Epoch : 2/40]
Src_cls_loss	: 0.7825
-------------------------------------
[Epoch : 3/40]
Src_cls_loss	: 0.7060
-------------------------------------
[Epoch : 4/40]
Src_cls_loss	: 0.6326
-------------------------------------
[Epoch : 5/40]
Src_cls_loss	: 0.5717
-------------------------------------
[Epoch : 6/40]
Src_cls_loss	: 0.5216
-------------------------------------
[Epoch : 7/40]
Src_cls_loss	: 0.4804
-------------------------------------
[Epoch : 8/40]
Src_cls_loss	: 0.4428
-------------------------------------
[Epoch : 9/40]
Src_cls_loss	: 0.4105
-------------------------------------
[Epoch : 10/40]
Src_cls_loss	: 0.3846
-------------------------------------
[Epoch : 11/40]
Src_cls_loss	: 0.3641
-------------------------------------
[Epoch : 12/40]
Src_cls_loss	: 0.3457
-------------------------------------
[Epoch : 13/40]
Src_cls_loss	: 0.3277
-------------------------------------
[Epoch : 14/40]
Src_cls_loss	: 0.3111
-------------------------------------
[Epoch : 15/40]
Src_cls_loss	: 0.2964
-------------------------------------
[Epoch : 16/40]
Src_cls_loss	: 0.2826
-------------------------------------
[Epoch : 17/40]
Src_cls_loss	: 0.2715
-------------------------------------
[Epoch : 18/40]
Src_cls_loss	: 0.2609
-------------------------------------
[Epoch : 19/40]
Src_cls_loss	: 0.2511
-------------------------------------
[Epoch : 20/40]
Src_cls_loss	: 0.2419
-------------------------------------
[Epoch : 21/40]
Src_cls_loss	: 0.2345
-------------------------------------
[Epoch : 22/40]
Src_cls_loss	: 0.2268
-------------------------------------
[Epoch : 23/40]
Src_cls_loss	: 0.2197
-------------------------------------
[Epoch : 24/40]
Src_cls_loss	: 0.2136
-------------------------------------
[Epoch : 25/40]
Src_cls_loss	: 0.2076
-------------------------------------
[Epoch : 26/40]
Src_cls_loss	: 0.2019
-------------------------------------
[Epoch : 27/40]
Src_cls_loss	: 0.1961
-------------------------------------
[Epoch : 28/40]
Src_cls_loss	: 0.1908
-------------------------------------
[Epoch : 29/40]
Src_cls_loss	: 0.1865
-------------------------------------
[Epoch : 30/40]
Src_cls_loss	: 0.1826
-------------------------------------
[Epoch : 31/40]
Src_cls_loss	: 0.1787
-------------------------------------
[Epoch : 32/40]
Src_cls_loss	: 0.1758
-------------------------------------
[Epoch : 33/40]
Src_cls_loss	: 0.1725
-------------------------------------
[Epoch : 34/40]
Src_cls_loss	: 0.1686
-------------------------------------
[Epoch : 35/40]
Src_cls_loss	: 0.1649
-------------------------------------
[Epoch : 36/40]
Src_cls_loss	: 0.1617
-------------------------------------
[Epoch : 37/40]
Src_cls_loss	: 0.1588
-------------------------------------
[Epoch : 38/40]
Src_cls_loss	: 0.1560
-------------------------------------
[Epoch : 39/40]
Src_cls_loss	: 0.1532
-------------------------------------
[Epoch : 40/40]
Src_cls_loss	: 0.1501
-------------------------------------
