=============================================
Dataset: pamap_mobiact
Method:  NO_ADAPT
=============================================
Source: df ---> Target: dp_66
Run ID: 0
=============================================
[Epoch : 1/40]
Src_cls_loss	: 0.6786
-------------------------------------
[Epoch : 2/40]
Src_cls_loss	: 0.5838
-------------------------------------
[Epoch : 3/40]
Src_cls_loss	: 0.5137
-------------------------------------
[Epoch : 4/40]
Src_cls_loss	: 0.4680
-------------------------------------
[Epoch : 5/40]
Src_cls_loss	: 0.4340
-------------------------------------
[Epoch : 6/40]
Src_cls_loss	: 0.4039
-------------------------------------
[Epoch : 7/40]
Src_cls_loss	: 0.3810
-------------------------------------
[Epoch : 8/40]
Src_cls_loss	: 0.3591
-------------------------------------
[Epoch : 9/40]
Src_cls_loss	: 0.3421
-------------------------------------
[Epoch : 10/40]
Src_cls_loss	: 0.3262
-------------------------------------
[Epoch : 11/40]
Src_cls_loss	: 0.3128
-------------------------------------
[Epoch : 12/40]
Src_cls_loss	: 0.2998
-------------------------------------
[Epoch : 13/40]
Src_cls_loss	: 0.2883
-------------------------------------
[Epoch : 14/40]
Src_cls_loss	: 0.2796
-------------------------------------
[Epoch : 15/40]
Src_cls_loss	: 0.2715
-------------------------------------
[Epoch : 16/40]
Src_cls_loss	: 0.2642
-------------------------------------
[Epoch : 17/40]
Src_cls_loss	: 0.2560
-------------------------------------
[Epoch : 18/40]
Src_cls_loss	: 0.2487
-------------------------------------
[Epoch : 19/40]
Src_cls_loss	: 0.2413
-------------------------------------
[Epoch : 20/40]
Src_cls_loss	: 0.2350
-------------------------------------
[Epoch : 21/40]
Src_cls_loss	: 0.2299
-------------------------------------
[Epoch : 22/40]
Src_cls_loss	: 0.2249
-------------------------------------
[Epoch : 23/40]
Src_cls_loss	: 0.2201
-------------------------------------
[Epoch : 24/40]
Src_cls_loss	: 0.2155
-------------------------------------
[Epoch : 25/40]
Src_cls_loss	: 0.2116
-------------------------------------
[Epoch : 26/40]
Src_cls_loss	: 0.2076
-------------------------------------
[Epoch : 27/40]
Src_cls_loss	: 0.2040
-------------------------------------
[Epoch : 28/40]
Src_cls_loss	: 0.2008
-------------------------------------
[Epoch : 29/40]
Src_cls_loss	: 0.1971
-------------------------------------
[Epoch : 30/40]
Src_cls_loss	: 0.1943
-------------------------------------
[Epoch : 31/40]
Src_cls_loss	: 0.1913
-------------------------------------
[Epoch : 32/40]
Src_cls_loss	: 0.1883
-------------------------------------
[Epoch : 33/40]
Src_cls_loss	: 0.1860
-------------------------------------
[Epoch : 34/40]
Src_cls_loss	: 0.1828
-------------------------------------
[Epoch : 35/40]
Src_cls_loss	: 0.1806
-------------------------------------
[Epoch : 36/40]
Src_cls_loss	: 0.1782
-------------------------------------
[Epoch : 37/40]
Src_cls_loss	: 0.1759
-------------------------------------
[Epoch : 38/40]
Src_cls_loss	: 0.1734
-------------------------------------
[Epoch : 39/40]
Src_cls_loss	: 0.1709
-------------------------------------
[Epoch : 40/40]
Src_cls_loss	: 0.1690
-------------------------------------
