=============================================
Dataset: pamap_mobiact
Method:  SYN
=============================================
Source: syn_wal_15 ---> Target: dp_wal_15
Run ID: 3
=============================================
[Epoch : 1/40]
Src_cls_loss	: 0.5403
-------------------------------------
[Epoch : 2/40]
Src_cls_loss	: 0.3845
-------------------------------------
[Epoch : 3/40]
Src_cls_loss	: 0.3044
-------------------------------------
[Epoch : 4/40]
Src_cls_loss	: 0.2489
-------------------------------------
[Epoch : 5/40]
Src_cls_loss	: 0.2178
-------------------------------------
[Epoch : 6/40]
Src_cls_loss	: 0.1893
-------------------------------------
[Epoch : 7/40]
Src_cls_loss	: 0.1675
-------------------------------------
[Epoch : 8/40]
Src_cls_loss	: 0.1521
-------------------------------------
[Epoch : 9/40]
Src_cls_loss	: 0.1378
-------------------------------------
[Epoch : 10/40]
Src_cls_loss	: 0.1261
-------------------------------------
[Epoch : 11/40]
Src_cls_loss	: 0.1179
-------------------------------------
[Epoch : 12/40]
Src_cls_loss	: 0.1100
-------------------------------------
[Epoch : 13/40]
Src_cls_loss	: 0.1028
-------------------------------------
[Epoch : 14/40]
Src_cls_loss	: 0.0965
-------------------------------------
[Epoch : 15/40]
Src_cls_loss	: 0.0916
-------------------------------------
[Epoch : 16/40]
Src_cls_loss	: 0.0866
-------------------------------------
[Epoch : 17/40]
Src_cls_loss	: 0.0823
-------------------------------------
[Epoch : 18/40]
Src_cls_loss	: 0.0783
-------------------------------------
[Epoch : 19/40]
Src_cls_loss	: 0.0749
-------------------------------------
[Epoch : 20/40]
Src_cls_loss	: 0.0716
-------------------------------------
[Epoch : 21/40]
Src_cls_loss	: 0.0690
-------------------------------------
[Epoch : 22/40]
Src_cls_loss	: 0.0674
-------------------------------------
[Epoch : 23/40]
Src_cls_loss	: 0.0648
-------------------------------------
[Epoch : 24/40]
Src_cls_loss	: 0.0627
-------------------------------------
[Epoch : 25/40]
Src_cls_loss	: 0.0605
-------------------------------------
[Epoch : 26/40]
Src_cls_loss	: 0.0584
-------------------------------------
[Epoch : 27/40]
Src_cls_loss	: 0.0564
-------------------------------------
[Epoch : 28/40]
Src_cls_loss	: 0.0546
-------------------------------------
[Epoch : 29/40]
Src_cls_loss	: 0.0530
-------------------------------------
[Epoch : 30/40]
Src_cls_loss	: 0.0513
-------------------------------------
[Epoch : 31/40]
Src_cls_loss	: 0.0498
-------------------------------------
[Epoch : 32/40]
Src_cls_loss	: 0.0484
-------------------------------------
[Epoch : 33/40]
Src_cls_loss	: 0.0471
-------------------------------------
[Epoch : 34/40]
Src_cls_loss	: 0.0457
-------------------------------------
[Epoch : 35/40]
Src_cls_loss	: 0.0445
-------------------------------------
[Epoch : 36/40]
Src_cls_loss	: 0.0433
-------------------------------------
[Epoch : 37/40]
Src_cls_loss	: 0.0423
-------------------------------------
[Epoch : 38/40]
Src_cls_loss	: 0.0412
-------------------------------------
[Epoch : 39/40]
Src_cls_loss	: 0.0402
-------------------------------------
[Epoch : 40/40]
Src_cls_loss	: 0.0393
-------------------------------------
