=============================================
Dataset: pamap_realworld
Method:  DANN
=============================================
Source: df ---> Target: dp_6
Run ID: 0
=============================================
[Epoch : 1/40]
Total_loss	: 7.2716
Domain_loss	: 1.3544
Src_cls_loss	: 0.7100
-------------------------------------
[Epoch : 2/40]
Total_loss	: 6.7135
Domain_loss	: 1.3558
Src_cls_loss	: 0.6034
-------------------------------------
[Epoch : 3/40]
Total_loss	: 6.4919
Domain_loss	: 1.3544
Src_cls_loss	: 0.5621
-------------------------------------
[Epoch : 4/40]
Total_loss	: 6.2475
Domain_loss	: 1.3578
Src_cls_loss	: 0.5141
-------------------------------------
[Epoch : 5/40]
Total_loss	: 6.0547
Domain_loss	: 1.3566
Src_cls_loss	: 0.4781
-------------------------------------
[Epoch : 6/40]
Total_loss	: 5.8949
Domain_loss	: 1.3556
Src_cls_loss	: 0.4482
-------------------------------------
[Epoch : 7/40]
Total_loss	: 5.7628
Domain_loss	: 1.3511
Src_cls_loss	: 0.4255
-------------------------------------
[Epoch : 8/40]
Total_loss	: 5.6535
Domain_loss	: 1.3508
Src_cls_loss	: 0.4048
-------------------------------------
[Epoch : 9/40]
Total_loss	: 5.5782
Domain_loss	: 1.3506
Src_cls_loss	: 0.3907
-------------------------------------
[Epoch : 10/40]
Total_loss	: 5.5036
Domain_loss	: 1.3519
Src_cls_loss	: 0.3758
-------------------------------------
[Epoch : 11/40]
Total_loss	: 5.4139
Domain_loss	: 1.3493
Src_cls_loss	: 0.3601
-------------------------------------
[Epoch : 12/40]
Total_loss	: 5.3291
Domain_loss	: 1.3460
Src_cls_loss	: 0.3457
-------------------------------------
[Epoch : 13/40]
Total_loss	: 5.2744
Domain_loss	: 1.3453
Src_cls_loss	: 0.3357
-------------------------------------
[Epoch : 14/40]
Total_loss	: 5.2108
Domain_loss	: 1.3447
Src_cls_loss	: 0.3239
-------------------------------------
[Epoch : 15/40]
Total_loss	: 5.1766
Domain_loss	: 1.3431
Src_cls_loss	: 0.3182
-------------------------------------
[Epoch : 16/40]
Total_loss	: 5.1242
Domain_loss	: 1.3416
Src_cls_loss	: 0.3090
-------------------------------------
[Epoch : 17/40]
Total_loss	: 5.0824
Domain_loss	: 1.3403
Src_cls_loss	: 0.3017
-------------------------------------
[Epoch : 18/40]
Total_loss	: 5.0386
Domain_loss	: 1.3368
Src_cls_loss	: 0.2951
-------------------------------------
[Epoch : 19/40]
Total_loss	: 5.0118
Domain_loss	: 1.3363
Src_cls_loss	: 0.2903
-------------------------------------
[Epoch : 20/40]
Total_loss	: 4.9793
Domain_loss	: 1.3366
Src_cls_loss	: 0.2840
-------------------------------------
[Epoch : 21/40]
Total_loss	: 4.9441
Domain_loss	: 1.3352
Src_cls_loss	: 0.2780
-------------------------------------
[Epoch : 22/40]
Total_loss	: 4.9111
Domain_loss	: 1.3354
Src_cls_loss	: 0.2717
-------------------------------------
[Epoch : 23/40]
Total_loss	: 4.8946
Domain_loss	: 1.3373
Src_cls_loss	: 0.2676
-------------------------------------
[Epoch : 24/40]
Total_loss	: 4.8646
Domain_loss	: 1.3368
Src_cls_loss	: 0.2621
-------------------------------------
[Epoch : 25/40]
Total_loss	: 4.8409
Domain_loss	: 1.3362
Src_cls_loss	: 0.2579
-------------------------------------
[Epoch : 26/40]
Total_loss	: 4.8208
Domain_loss	: 1.3365
Src_cls_loss	: 0.2540
-------------------------------------
[Epoch : 27/40]
Total_loss	: 4.7993
Domain_loss	: 1.3367
Src_cls_loss	: 0.2498
-------------------------------------
[Epoch : 28/40]
Total_loss	: 4.7773
Domain_loss	: 1.3369
Src_cls_loss	: 0.2455
-------------------------------------
[Epoch : 29/40]
Total_loss	: 4.7604
Domain_loss	: 1.3382
Src_cls_loss	: 0.2417
-------------------------------------
[Epoch : 30/40]
Total_loss	: 4.7479
Domain_loss	: 1.3384
Src_cls_loss	: 0.2392
-------------------------------------
[Epoch : 31/40]
Total_loss	: 4.7331
Domain_loss	: 1.3392
Src_cls_loss	: 0.2360
-------------------------------------
[Epoch : 32/40]
Total_loss	: 4.7120
Domain_loss	: 1.3397
Src_cls_loss	: 0.2317
-------------------------------------
[Epoch : 33/40]
Total_loss	: 4.6973
Domain_loss	: 1.3401
Src_cls_loss	: 0.2288
-------------------------------------
[Epoch : 34/40]
Total_loss	: 4.6822
Domain_loss	: 1.3415
Src_cls_loss	: 0.2252
-------------------------------------
[Epoch : 35/40]
Total_loss	: 4.6736
Domain_loss	: 1.3416
Src_cls_loss	: 0.2235
-------------------------------------
[Epoch : 36/40]
Total_loss	: 4.6643
Domain_loss	: 1.3429
Src_cls_loss	: 0.2212
-------------------------------------
[Epoch : 37/40]
Total_loss	: 4.6483
Domain_loss	: 1.3428
Src_cls_loss	: 0.2181
-------------------------------------
[Epoch : 38/40]
Total_loss	: 4.6347
Domain_loss	: 1.3431
Src_cls_loss	: 0.2154
-------------------------------------
[Epoch : 39/40]
Total_loss	: 4.6228
Domain_loss	: 1.3439
Src_cls_loss	: 0.2128
-------------------------------------
[Epoch : 40/40]
Total_loss	: 4.6106
Domain_loss	: 1.3443
Src_cls_loss	: 0.2103
-------------------------------------
