=============================================
Dataset: pamap_mobiact
Method:  SYN
=============================================
Source: syn_wal_55 ---> Target: dp_wal_55
Run ID: 1
=============================================
[Epoch : 1/40]
Src_cls_loss	: 0.5521
-------------------------------------
[Epoch : 2/40]
Src_cls_loss	: 0.3895
-------------------------------------
[Epoch : 3/40]
Src_cls_loss	: 0.2994
-------------------------------------
[Epoch : 4/40]
Src_cls_loss	: 0.2438
-------------------------------------
[Epoch : 5/40]
Src_cls_loss	: 0.2091
-------------------------------------
[Epoch : 6/40]
Src_cls_loss	: 0.1830
-------------------------------------
[Epoch : 7/40]
Src_cls_loss	: 0.1613
-------------------------------------
[Epoch : 8/40]
Src_cls_loss	: 0.1447
-------------------------------------
[Epoch : 9/40]
Src_cls_loss	: 0.1315
-------------------------------------
[Epoch : 10/40]
Src_cls_loss	: 0.1213
-------------------------------------
[Epoch : 11/40]
Src_cls_loss	: 0.1117
-------------------------------------
[Epoch : 12/40]
Src_cls_loss	: 0.1036
-------------------------------------
[Epoch : 13/40]
Src_cls_loss	: 0.0967
-------------------------------------
[Epoch : 14/40]
Src_cls_loss	: 0.0906
-------------------------------------
[Epoch : 15/40]
Src_cls_loss	: 0.0854
-------------------------------------
[Epoch : 16/40]
Src_cls_loss	: 0.0806
-------------------------------------
[Epoch : 17/40]
Src_cls_loss	: 0.0763
-------------------------------------
[Epoch : 18/40]
Src_cls_loss	: 0.0724
-------------------------------------
[Epoch : 19/40]
Src_cls_loss	: 0.0689
-------------------------------------
[Epoch : 20/40]
Src_cls_loss	: 0.0658
-------------------------------------
[Epoch : 21/40]
Src_cls_loss	: 0.0630
-------------------------------------
[Epoch : 22/40]
Src_cls_loss	: 0.0603
-------------------------------------
[Epoch : 23/40]
Src_cls_loss	: 0.0581
-------------------------------------
[Epoch : 24/40]
Src_cls_loss	: 0.0561
-------------------------------------
[Epoch : 25/40]
Src_cls_loss	: 0.0542
-------------------------------------
[Epoch : 26/40]
Src_cls_loss	: 0.0523
-------------------------------------
[Epoch : 27/40]
Src_cls_loss	: 0.0505
-------------------------------------
[Epoch : 28/40]
Src_cls_loss	: 0.0488
-------------------------------------
[Epoch : 29/40]
Src_cls_loss	: 0.0472
-------------------------------------
[Epoch : 30/40]
Src_cls_loss	: 0.0458
-------------------------------------
[Epoch : 31/40]
Src_cls_loss	: 0.0444
-------------------------------------
[Epoch : 32/40]
Src_cls_loss	: 0.0431
-------------------------------------
[Epoch : 33/40]
Src_cls_loss	: 0.0419
-------------------------------------
[Epoch : 34/40]
Src_cls_loss	: 0.0408
-------------------------------------
[Epoch : 35/40]
Src_cls_loss	: 0.0397
-------------------------------------
[Epoch : 36/40]
Src_cls_loss	: 0.0387
-------------------------------------
[Epoch : 37/40]
Src_cls_loss	: 0.0377
-------------------------------------
[Epoch : 38/40]
Src_cls_loss	: 0.0368
-------------------------------------
[Epoch : 39/40]
Src_cls_loss	: 0.0359
-------------------------------------
[Epoch : 40/40]
Src_cls_loss	: 0.0350
-------------------------------------
