=============================================
Dataset: pamap_mobiact
Method:  SYN
=============================================
Source: syn_wal_30 ---> Target: dp_wal_30
Run ID: 0
=============================================
[Epoch : 1/40]
Src_cls_loss	: 0.7055
-------------------------------------
[Epoch : 2/40]
Src_cls_loss	: 0.5538
-------------------------------------
[Epoch : 3/40]
Src_cls_loss	: 0.4465
-------------------------------------
[Epoch : 4/40]
Src_cls_loss	: 0.3706
-------------------------------------
[Epoch : 5/40]
Src_cls_loss	: 0.3187
-------------------------------------
[Epoch : 6/40]
Src_cls_loss	: 0.2796
-------------------------------------
[Epoch : 7/40]
Src_cls_loss	: 0.2480
-------------------------------------
[Epoch : 8/40]
Src_cls_loss	: 0.2235
-------------------------------------
[Epoch : 9/40]
Src_cls_loss	: 0.2035
-------------------------------------
[Epoch : 10/40]
Src_cls_loss	: 0.1860
-------------------------------------
[Epoch : 11/40]
Src_cls_loss	: 0.1716
-------------------------------------
[Epoch : 12/40]
Src_cls_loss	: 0.1592
-------------------------------------
[Epoch : 13/40]
Src_cls_loss	: 0.1485
-------------------------------------
[Epoch : 14/40]
Src_cls_loss	: 0.1399
-------------------------------------
[Epoch : 15/40]
Src_cls_loss	: 0.1316
-------------------------------------
[Epoch : 16/40]
Src_cls_loss	: 0.1241
-------------------------------------
[Epoch : 17/40]
Src_cls_loss	: 0.1176
-------------------------------------
[Epoch : 18/40]
Src_cls_loss	: 0.1116
-------------------------------------
[Epoch : 19/40]
Src_cls_loss	: 0.1063
-------------------------------------
[Epoch : 20/40]
Src_cls_loss	: 0.1013
-------------------------------------
[Epoch : 21/40]
Src_cls_loss	: 0.0968
-------------------------------------
[Epoch : 22/40]
Src_cls_loss	: 0.0927
-------------------------------------
[Epoch : 23/40]
Src_cls_loss	: 0.0893
-------------------------------------
[Epoch : 24/40]
Src_cls_loss	: 0.0860
-------------------------------------
[Epoch : 25/40]
Src_cls_loss	: 0.0829
-------------------------------------
[Epoch : 26/40]
Src_cls_loss	: 0.0800
-------------------------------------
[Epoch : 27/40]
Src_cls_loss	: 0.0773
-------------------------------------
[Epoch : 28/40]
Src_cls_loss	: 0.0751
-------------------------------------
[Epoch : 29/40]
Src_cls_loss	: 0.0728
-------------------------------------
[Epoch : 30/40]
Src_cls_loss	: 0.0707
-------------------------------------
[Epoch : 31/40]
Src_cls_loss	: 0.0686
-------------------------------------
[Epoch : 32/40]
Src_cls_loss	: 0.0665
-------------------------------------
[Epoch : 33/40]
Src_cls_loss	: 0.0646
-------------------------------------
[Epoch : 34/40]
Src_cls_loss	: 0.0628
-------------------------------------
[Epoch : 35/40]
Src_cls_loss	: 0.0611
-------------------------------------
[Epoch : 36/40]
Src_cls_loss	: 0.0595
-------------------------------------
[Epoch : 37/40]
Src_cls_loss	: 0.0580
-------------------------------------
[Epoch : 38/40]
Src_cls_loss	: 0.0565
-------------------------------------
[Epoch : 39/40]
Src_cls_loss	: 0.0551
-------------------------------------
[Epoch : 40/40]
Src_cls_loss	: 0.0538
-------------------------------------
