=============================================
Dataset: realworld_mobiact
Method:  NO_ADAPT
=============================================
Source: syn_46 ---> Target: real_46
Run ID: 0
=============================================
[Epoch : 1/100]
Src_cls_loss	: 1.4547
-------------------------------------
[Epoch : 2/100]
Src_cls_loss	: 1.3005
-------------------------------------
[Epoch : 3/100]
Src_cls_loss	: 1.2056
-------------------------------------
[Epoch : 4/100]
Src_cls_loss	: 1.1336
-------------------------------------
[Epoch : 5/100]
Src_cls_loss	: 1.0749
-------------------------------------
[Epoch : 6/100]
Src_cls_loss	: 1.0237
-------------------------------------
[Epoch : 7/100]
Src_cls_loss	: 0.9831
-------------------------------------
[Epoch : 8/100]
Src_cls_loss	: 0.9449
-------------------------------------
[Epoch : 9/100]
Src_cls_loss	: 0.9136
-------------------------------------
[Epoch : 10/100]
Src_cls_loss	: 0.8836
-------------------------------------
[Epoch : 11/100]
Src_cls_loss	: 0.8568
-------------------------------------
[Epoch : 12/100]
Src_cls_loss	: 0.8313
-------------------------------------
[Epoch : 13/100]
Src_cls_loss	: 0.8067
-------------------------------------
[Epoch : 14/100]
Src_cls_loss	: 0.7826
-------------------------------------
[Epoch : 15/100]
Src_cls_loss	: 0.7592
-------------------------------------
[Epoch : 16/100]
Src_cls_loss	: 0.7366
-------------------------------------
[Epoch : 17/100]
Src_cls_loss	: 0.7147
-------------------------------------
[Epoch : 18/100]
Src_cls_loss	: 0.6932
-------------------------------------
[Epoch : 19/100]
Src_cls_loss	: 0.6723
-------------------------------------
[Epoch : 20/100]
Src_cls_loss	: 0.6518
-------------------------------------
[Epoch : 21/100]
Src_cls_loss	: 0.6325
-------------------------------------
[Epoch : 22/100]
Src_cls_loss	: 0.6134
-------------------------------------
[Epoch : 23/100]
Src_cls_loss	: 0.5948
-------------------------------------
[Epoch : 24/100]
Src_cls_loss	: 0.5772
-------------------------------------
[Epoch : 25/100]
Src_cls_loss	: 0.5602
-------------------------------------
[Epoch : 26/100]
Src_cls_loss	: 0.5438
-------------------------------------
[Epoch : 27/100]
Src_cls_loss	: 0.5285
-------------------------------------
[Epoch : 28/100]
Src_cls_loss	: 0.5135
-------------------------------------
[Epoch : 29/100]
Src_cls_loss	: 0.4992
-------------------------------------
[Epoch : 30/100]
Src_cls_loss	: 0.4854
-------------------------------------
[Epoch : 31/100]
Src_cls_loss	: 0.4724
-------------------------------------
[Epoch : 32/100]
Src_cls_loss	: 0.4600
-------------------------------------
[Epoch : 33/100]
Src_cls_loss	: 0.4484
-------------------------------------
[Epoch : 34/100]
Src_cls_loss	: 0.4370
-------------------------------------
[Epoch : 35/100]
Src_cls_loss	: 0.4263
-------------------------------------
[Epoch : 36/100]
Src_cls_loss	: 0.4159
-------------------------------------
[Epoch : 37/100]
Src_cls_loss	: 0.4060
-------------------------------------
[Epoch : 38/100]
Src_cls_loss	: 0.3967
-------------------------------------
[Epoch : 39/100]
Src_cls_loss	: 0.3877
-------------------------------------
[Epoch : 40/100]
Src_cls_loss	: 0.3791
-------------------------------------
[Epoch : 41/100]
Src_cls_loss	: 0.3708
-------------------------------------
[Epoch : 42/100]
Src_cls_loss	: 0.3629
-------------------------------------
[Epoch : 43/100]
Src_cls_loss	: 0.3552
-------------------------------------
[Epoch : 44/100]
Src_cls_loss	: 0.3478
-------------------------------------
[Epoch : 45/100]
Src_cls_loss	: 0.3408
-------------------------------------
[Epoch : 46/100]
Src_cls_loss	: 0.3340
-------------------------------------
[Epoch : 47/100]
Src_cls_loss	: 0.3276
-------------------------------------
[Epoch : 48/100]
Src_cls_loss	: 0.3213
-------------------------------------
[Epoch : 49/100]
Src_cls_loss	: 0.3152
-------------------------------------
[Epoch : 50/100]
Src_cls_loss	: 0.3093
-------------------------------------
[Epoch : 51/100]
Src_cls_loss	: 0.3037
-------------------------------------
[Epoch : 52/100]
Src_cls_loss	: 0.2982
-------------------------------------
[Epoch : 53/100]
Src_cls_loss	: 0.2930
-------------------------------------
[Epoch : 54/100]
Src_cls_loss	: 0.2879
-------------------------------------
[Epoch : 55/100]
Src_cls_loss	: 0.2830
-------------------------------------
[Epoch : 56/100]
Src_cls_loss	: 0.2783
-------------------------------------
[Epoch : 57/100]
Src_cls_loss	: 0.2737
-------------------------------------
[Epoch : 58/100]
Src_cls_loss	: 0.2693
-------------------------------------
[Epoch : 59/100]
Src_cls_loss	: 0.2650
-------------------------------------
[Epoch : 60/100]
Src_cls_loss	: 0.2608
-------------------------------------
[Epoch : 61/100]
Src_cls_loss	: 0.2568
-------------------------------------
[Epoch : 62/100]
Src_cls_loss	: 0.2528
-------------------------------------
[Epoch : 63/100]
Src_cls_loss	: 0.2490
-------------------------------------
[Epoch : 64/100]
Src_cls_loss	: 0.2453
-------------------------------------
[Epoch : 65/100]
Src_cls_loss	: 0.2418
-------------------------------------
[Epoch : 66/100]
Src_cls_loss	: 0.2383
-------------------------------------
[Epoch : 67/100]
Src_cls_loss	: 0.2349
-------------------------------------
[Epoch : 68/100]
Src_cls_loss	: 0.2316
-------------------------------------
[Epoch : 69/100]
Src_cls_loss	: 0.2284
-------------------------------------
[Epoch : 70/100]
Src_cls_loss	: 0.2253
-------------------------------------
[Epoch : 71/100]
Src_cls_loss	: 0.2223
-------------------------------------
[Epoch : 72/100]
Src_cls_loss	: 0.2193
-------------------------------------
[Epoch : 73/100]
Src_cls_loss	: 0.2165
-------------------------------------
[Epoch : 74/100]
Src_cls_loss	: 0.2137
-------------------------------------
[Epoch : 75/100]
Src_cls_loss	: 0.2109
-------------------------------------
[Epoch : 76/100]
Src_cls_loss	: 0.2083
-------------------------------------
[Epoch : 77/100]
Src_cls_loss	: 0.2057
-------------------------------------
[Epoch : 78/100]
Src_cls_loss	: 0.2032
-------------------------------------
[Epoch : 79/100]
Src_cls_loss	: 0.2007
-------------------------------------
[Epoch : 80/100]
Src_cls_loss	: 0.1983
-------------------------------------
[Epoch : 81/100]
Src_cls_loss	: 0.1960
-------------------------------------
[Epoch : 82/100]
Src_cls_loss	: 0.1937
-------------------------------------
[Epoch : 83/100]
Src_cls_loss	: 0.1914
-------------------------------------
[Epoch : 84/100]
Src_cls_loss	: 0.1893
-------------------------------------
[Epoch : 85/100]
Src_cls_loss	: 0.1871
-------------------------------------
[Epoch : 86/100]
Src_cls_loss	: 0.1850
-------------------------------------
[Epoch : 87/100]
Src_cls_loss	: 0.1830
-------------------------------------
[Epoch : 88/100]
Src_cls_loss	: 0.1810
-------------------------------------
[Epoch : 89/100]
Src_cls_loss	: 0.1790
-------------------------------------
[Epoch : 90/100]
Src_cls_loss	: 0.1771
-------------------------------------
[Epoch : 91/100]
Src_cls_loss	: 0.1752
-------------------------------------
[Epoch : 92/100]
Src_cls_loss	: 0.1734
-------------------------------------
[Epoch : 93/100]
Src_cls_loss	: 0.1716
-------------------------------------
[Epoch : 94/100]
Src_cls_loss	: 0.1698
-------------------------------------
[Epoch : 95/100]
Src_cls_loss	: 0.1681
-------------------------------------
[Epoch : 96/100]
Src_cls_loss	: 0.1664
-------------------------------------
[Epoch : 97/100]
Src_cls_loss	: 0.1647
-------------------------------------
[Epoch : 98/100]
Src_cls_loss	: 0.1631
-------------------------------------
[Epoch : 99/100]
Src_cls_loss	: 0.1615
-------------------------------------
[Epoch : 100/100]
Src_cls_loss	: 0.1599
-------------------------------------
