=============================================
Dataset: pamap_mobiact
Method:  NO_ADAPT
=============================================
Source: syn_15 ---> Target: dp_15
Run ID: 7
=============================================
[Epoch : 1/40]
Src_cls_loss	: 0.7069
-------------------------------------
[Epoch : 2/40]
Src_cls_loss	: 0.5372
-------------------------------------
[Epoch : 3/40]
Src_cls_loss	: 0.4407
-------------------------------------
[Epoch : 4/40]
Src_cls_loss	: 0.3804
-------------------------------------
[Epoch : 5/40]
Src_cls_loss	: 0.3347
-------------------------------------
[Epoch : 6/40]
Src_cls_loss	: 0.3021
-------------------------------------
[Epoch : 7/40]
Src_cls_loss	: 0.2761
-------------------------------------
[Epoch : 8/40]
Src_cls_loss	: 0.2510
-------------------------------------
[Epoch : 9/40]
Src_cls_loss	: 0.2301
-------------------------------------
[Epoch : 10/40]
Src_cls_loss	: 0.2132
-------------------------------------
[Epoch : 11/40]
Src_cls_loss	: 0.1987
-------------------------------------
[Epoch : 12/40]
Src_cls_loss	: 0.1861
-------------------------------------
[Epoch : 13/40]
Src_cls_loss	: 0.1749
-------------------------------------
[Epoch : 14/40]
Src_cls_loss	: 0.1648
-------------------------------------
[Epoch : 15/40]
Src_cls_loss	: 0.1579
-------------------------------------
[Epoch : 16/40]
Src_cls_loss	: 0.1517
-------------------------------------
[Epoch : 17/40]
Src_cls_loss	: 0.1449
-------------------------------------
[Epoch : 18/40]
Src_cls_loss	: 0.1395
-------------------------------------
[Epoch : 19/40]
Src_cls_loss	: 0.1345
-------------------------------------
[Epoch : 20/40]
Src_cls_loss	: 0.1296
-------------------------------------
[Epoch : 21/40]
Src_cls_loss	: 0.1263
-------------------------------------
[Epoch : 22/40]
Src_cls_loss	: 0.1220
-------------------------------------
[Epoch : 23/40]
Src_cls_loss	: 0.1178
-------------------------------------
[Epoch : 24/40]
Src_cls_loss	: 0.1136
-------------------------------------
[Epoch : 25/40]
Src_cls_loss	: 0.1097
-------------------------------------
[Epoch : 26/40]
Src_cls_loss	: 0.1061
-------------------------------------
[Epoch : 27/40]
Src_cls_loss	: 0.1025
-------------------------------------
[Epoch : 28/40]
Src_cls_loss	: 0.0991
-------------------------------------
[Epoch : 29/40]
Src_cls_loss	: 0.0961
-------------------------------------
[Epoch : 30/40]
Src_cls_loss	: 0.0935
-------------------------------------
[Epoch : 31/40]
Src_cls_loss	: 0.0912
-------------------------------------
[Epoch : 32/40]
Src_cls_loss	: 0.0893
-------------------------------------
[Epoch : 33/40]
Src_cls_loss	: 0.0874
-------------------------------------
[Epoch : 34/40]
Src_cls_loss	: 0.0853
-------------------------------------
[Epoch : 35/40]
Src_cls_loss	: 0.0833
-------------------------------------
[Epoch : 36/40]
Src_cls_loss	: 0.0814
-------------------------------------
[Epoch : 37/40]
Src_cls_loss	: 0.0794
-------------------------------------
[Epoch : 38/40]
Src_cls_loss	: 0.0775
-------------------------------------
[Epoch : 39/40]
Src_cls_loss	: 0.0757
-------------------------------------
[Epoch : 40/40]
Src_cls_loss	: 0.0739
-------------------------------------
