=============================================
Dataset: realworld_mobiact
Method:  NO_ADAPT
=============================================
Source: syn_66 ---> Target: dp_66
Run ID: 8
=============================================
[Epoch : 1/40]
Src_cls_loss	: 0.8263
-------------------------------------
[Epoch : 2/40]
Src_cls_loss	: 0.6592
-------------------------------------
[Epoch : 3/40]
Src_cls_loss	: 0.5409
-------------------------------------
[Epoch : 4/40]
Src_cls_loss	: 0.4577
-------------------------------------
[Epoch : 5/40]
Src_cls_loss	: 0.3927
-------------------------------------
[Epoch : 6/40]
Src_cls_loss	: 0.3429
-------------------------------------
[Epoch : 7/40]
Src_cls_loss	: 0.3062
-------------------------------------
[Epoch : 8/40]
Src_cls_loss	: 0.2786
-------------------------------------
[Epoch : 9/40]
Src_cls_loss	: 0.2543
-------------------------------------
[Epoch : 10/40]
Src_cls_loss	: 0.2331
-------------------------------------
[Epoch : 11/40]
Src_cls_loss	: 0.2169
-------------------------------------
[Epoch : 12/40]
Src_cls_loss	: 0.2059
-------------------------------------
[Epoch : 13/40]
Src_cls_loss	: 0.1939
-------------------------------------
[Epoch : 14/40]
Src_cls_loss	: 0.1820
-------------------------------------
[Epoch : 15/40]
Src_cls_loss	: 0.1730
-------------------------------------
[Epoch : 16/40]
Src_cls_loss	: 0.1634
-------------------------------------
[Epoch : 17/40]
Src_cls_loss	: 0.1555
-------------------------------------
[Epoch : 18/40]
Src_cls_loss	: 0.1493
-------------------------------------
[Epoch : 19/40]
Src_cls_loss	: 0.1435
-------------------------------------
[Epoch : 20/40]
Src_cls_loss	: 0.1376
-------------------------------------
[Epoch : 21/40]
Src_cls_loss	: 0.1321
-------------------------------------
[Epoch : 22/40]
Src_cls_loss	: 0.1270
-------------------------------------
[Epoch : 23/40]
Src_cls_loss	: 0.1223
-------------------------------------
[Epoch : 24/40]
Src_cls_loss	: 0.1181
-------------------------------------
[Epoch : 25/40]
Src_cls_loss	: 0.1143
-------------------------------------
[Epoch : 26/40]
Src_cls_loss	: 0.1108
-------------------------------------
[Epoch : 27/40]
Src_cls_loss	: 0.1073
-------------------------------------
[Epoch : 28/40]
Src_cls_loss	: 0.1038
-------------------------------------
[Epoch : 29/40]
Src_cls_loss	: 0.1005
-------------------------------------
[Epoch : 30/40]
Src_cls_loss	: 0.0974
-------------------------------------
[Epoch : 31/40]
Src_cls_loss	: 0.0944
-------------------------------------
[Epoch : 32/40]
Src_cls_loss	: 0.0918
-------------------------------------
[Epoch : 33/40]
Src_cls_loss	: 0.0896
-------------------------------------
[Epoch : 34/40]
Src_cls_loss	: 0.0873
-------------------------------------
[Epoch : 35/40]
Src_cls_loss	: 0.0851
-------------------------------------
[Epoch : 36/40]
Src_cls_loss	: 0.0828
-------------------------------------
[Epoch : 37/40]
Src_cls_loss	: 0.0817
-------------------------------------
[Epoch : 38/40]
Src_cls_loss	: 0.0799
-------------------------------------
[Epoch : 39/40]
Src_cls_loss	: 0.0781
-------------------------------------
[Epoch : 40/40]
Src_cls_loss	: 0.0765
-------------------------------------
