=============================================
Dataset: realworld_mobiact
Method:  NO_ADAPT
=============================================
Source: syn_35 ---> Target: dp_35
Run ID: 0
=============================================
[Epoch : 1/40]
Src_cls_loss	: 0.9026
-------------------------------------
[Epoch : 2/40]
Src_cls_loss	: 0.7973
-------------------------------------
[Epoch : 3/40]
Src_cls_loss	: 0.6929
-------------------------------------
[Epoch : 4/40]
Src_cls_loss	: 0.5976
-------------------------------------
[Epoch : 5/40]
Src_cls_loss	: 0.5187
-------------------------------------
[Epoch : 6/40]
Src_cls_loss	: 0.4540
-------------------------------------
[Epoch : 7/40]
Src_cls_loss	: 0.4017
-------------------------------------
[Epoch : 8/40]
Src_cls_loss	: 0.3601
-------------------------------------
[Epoch : 9/40]
Src_cls_loss	: 0.3259
-------------------------------------
[Epoch : 10/40]
Src_cls_loss	: 0.2985
-------------------------------------
[Epoch : 11/40]
Src_cls_loss	: 0.2757
-------------------------------------
[Epoch : 12/40]
Src_cls_loss	: 0.2558
-------------------------------------
[Epoch : 13/40]
Src_cls_loss	: 0.2390
-------------------------------------
[Epoch : 14/40]
Src_cls_loss	: 0.2253
-------------------------------------
[Epoch : 15/40]
Src_cls_loss	: 0.2121
-------------------------------------
[Epoch : 16/40]
Src_cls_loss	: 0.2002
-------------------------------------
[Epoch : 17/40]
Src_cls_loss	: 0.1892
-------------------------------------
[Epoch : 18/40]
Src_cls_loss	: 0.1799
-------------------------------------
[Epoch : 19/40]
Src_cls_loss	: 0.1715
-------------------------------------
[Epoch : 20/40]
Src_cls_loss	: 0.1637
-------------------------------------
[Epoch : 21/40]
Src_cls_loss	: 0.1579
-------------------------------------
[Epoch : 22/40]
Src_cls_loss	: 0.1521
-------------------------------------
[Epoch : 23/40]
Src_cls_loss	: 0.1469
-------------------------------------
[Epoch : 24/40]
Src_cls_loss	: 0.1415
-------------------------------------
[Epoch : 25/40]
Src_cls_loss	: 0.1363
-------------------------------------
[Epoch : 26/40]
Src_cls_loss	: 0.1315
-------------------------------------
[Epoch : 27/40]
Src_cls_loss	: 0.1268
-------------------------------------
[Epoch : 28/40]
Src_cls_loss	: 0.1225
-------------------------------------
[Epoch : 29/40]
Src_cls_loss	: 0.1184
-------------------------------------
[Epoch : 30/40]
Src_cls_loss	: 0.1147
-------------------------------------
[Epoch : 31/40]
Src_cls_loss	: 0.1116
-------------------------------------
[Epoch : 32/40]
Src_cls_loss	: 0.1085
-------------------------------------
[Epoch : 33/40]
Src_cls_loss	: 0.1056
-------------------------------------
[Epoch : 34/40]
Src_cls_loss	: 0.1027
-------------------------------------
[Epoch : 35/40]
Src_cls_loss	: 0.1002
-------------------------------------
[Epoch : 36/40]
Src_cls_loss	: 0.0975
-------------------------------------
[Epoch : 37/40]
Src_cls_loss	: 0.0950
-------------------------------------
[Epoch : 38/40]
Src_cls_loss	: 0.0927
-------------------------------------
[Epoch : 39/40]
Src_cls_loss	: 0.0907
-------------------------------------
[Epoch : 40/40]
Src_cls_loss	: 0.0886
-------------------------------------
