=============================================
Dataset: mobiact_realworld
Method:  Deep_Coral
=============================================
Source: df ---> Target: dp_63
Run ID: 0
=============================================
[Epoch : 1/40]
Total_loss	: 2.2722
Src_cls_loss	: 0.3408
coral_loss	: 0.0003
-------------------------------------
[Epoch : 2/40]
Total_loss	: 1.5947
Src_cls_loss	: 0.2391
coral_loss	: 0.0003
-------------------------------------
[Epoch : 3/40]
Total_loss	: 1.2682
Src_cls_loss	: 0.1901
coral_loss	: 0.0002
-------------------------------------
[Epoch : 4/40]
Total_loss	: 1.0717
Src_cls_loss	: 0.1606
coral_loss	: 0.0002
-------------------------------------
[Epoch : 5/40]
Total_loss	: 0.9301
Src_cls_loss	: 0.1394
coral_loss	: 0.0002
-------------------------------------
[Epoch : 6/40]
Total_loss	: 0.8288
Src_cls_loss	: 0.1242
coral_loss	: 0.0002
-------------------------------------
[Epoch : 7/40]
Total_loss	: 0.7440
Src_cls_loss	: 0.1115
coral_loss	: 0.0002
-------------------------------------
[Epoch : 8/40]
Total_loss	: 0.6789
Src_cls_loss	: 0.1017
coral_loss	: 0.0002
-------------------------------------
[Epoch : 9/40]
Total_loss	: 0.6268
Src_cls_loss	: 0.0939
coral_loss	: 0.0002
-------------------------------------
[Epoch : 10/40]
Total_loss	: 0.5796
Src_cls_loss	: 0.0868
coral_loss	: 0.0002
-------------------------------------
[Epoch : 11/40]
Total_loss	: 0.5380
Src_cls_loss	: 0.0806
coral_loss	: 0.0002
-------------------------------------
[Epoch : 12/40]
Total_loss	: 0.5037
Src_cls_loss	: 0.0754
coral_loss	: 0.0002
-------------------------------------
[Epoch : 13/40]
Total_loss	: 0.4731
Src_cls_loss	: 0.0708
coral_loss	: 0.0002
-------------------------------------
[Epoch : 14/40]
Total_loss	: 0.4461
Src_cls_loss	: 0.0668
coral_loss	: 0.0002
-------------------------------------
[Epoch : 15/40]
Total_loss	: 0.4231
Src_cls_loss	: 0.0633
coral_loss	: 0.0002
-------------------------------------
[Epoch : 16/40]
Total_loss	: 0.4020
Src_cls_loss	: 0.0602
coral_loss	: 0.0002
-------------------------------------
[Epoch : 17/40]
Total_loss	: 0.3835
Src_cls_loss	: 0.0574
coral_loss	: 0.0002
-------------------------------------
[Epoch : 18/40]
Total_loss	: 0.3703
Src_cls_loss	: 0.0554
coral_loss	: 0.0002
-------------------------------------
[Epoch : 19/40]
Total_loss	: 0.3550
Src_cls_loss	: 0.0531
coral_loss	: 0.0002
-------------------------------------
[Epoch : 20/40]
Total_loss	: 0.3410
Src_cls_loss	: 0.0510
coral_loss	: 0.0002
-------------------------------------
[Epoch : 21/40]
Total_loss	: 0.3275
Src_cls_loss	: 0.0490
coral_loss	: 0.0002
-------------------------------------
[Epoch : 22/40]
Total_loss	: 0.3147
Src_cls_loss	: 0.0471
coral_loss	: 0.0002
-------------------------------------
[Epoch : 23/40]
Total_loss	: 0.3032
Src_cls_loss	: 0.0454
coral_loss	: 0.0002
-------------------------------------
[Epoch : 24/40]
Total_loss	: 0.2928
Src_cls_loss	: 0.0438
coral_loss	: 0.0002
-------------------------------------
[Epoch : 25/40]
Total_loss	: 0.2844
Src_cls_loss	: 0.0425
coral_loss	: 0.0001
-------------------------------------
[Epoch : 26/40]
Total_loss	: 0.2751
Src_cls_loss	: 0.0411
coral_loss	: 0.0001
-------------------------------------
[Epoch : 27/40]
Total_loss	: 0.2665
Src_cls_loss	: 0.0399
coral_loss	: 0.0001
-------------------------------------
[Epoch : 28/40]
Total_loss	: 0.2596
Src_cls_loss	: 0.0388
coral_loss	: 0.0001
-------------------------------------
[Epoch : 29/40]
Total_loss	: 0.2527
Src_cls_loss	: 0.0378
coral_loss	: 0.0001
-------------------------------------
[Epoch : 30/40]
Total_loss	: 0.2456
Src_cls_loss	: 0.0367
coral_loss	: 0.0001
-------------------------------------
[Epoch : 31/40]
Total_loss	: 0.2393
Src_cls_loss	: 0.0358
coral_loss	: 0.0001
-------------------------------------
[Epoch : 32/40]
Total_loss	: 0.2334
Src_cls_loss	: 0.0349
coral_loss	: 0.0001
-------------------------------------
[Epoch : 33/40]
Total_loss	: 0.2272
Src_cls_loss	: 0.0340
coral_loss	: 0.0001
-------------------------------------
[Epoch : 34/40]
Total_loss	: 0.2219
Src_cls_loss	: 0.0332
coral_loss	: 0.0001
-------------------------------------
[Epoch : 35/40]
Total_loss	: 0.2171
Src_cls_loss	: 0.0325
coral_loss	: 0.0001
-------------------------------------
[Epoch : 36/40]
Total_loss	: 0.2123
Src_cls_loss	: 0.0317
coral_loss	: 0.0001
-------------------------------------
[Epoch : 37/40]
Total_loss	: 0.2071
Src_cls_loss	: 0.0310
coral_loss	: 0.0001
-------------------------------------
[Epoch : 38/40]
Total_loss	: 0.2031
Src_cls_loss	: 0.0304
coral_loss	: 0.0001
-------------------------------------
[Epoch : 39/40]
Total_loss	: 0.1988
Src_cls_loss	: 0.0297
coral_loss	: 0.0001
-------------------------------------
[Epoch : 40/40]
Total_loss	: 0.1952
Src_cls_loss	: 0.0292
coral_loss	: 0.0001
-------------------------------------
