=============================================
Dataset: pamap_mobiact
Method:  SYN
=============================================
Source: syn_wal_16 ---> Target: dp_wal_16
Run ID: 4
=============================================
[Epoch : 1/40]
Src_cls_loss	: 0.6639
-------------------------------------
[Epoch : 2/40]
Src_cls_loss	: 0.4768
-------------------------------------
[Epoch : 3/40]
Src_cls_loss	: 0.3748
-------------------------------------
[Epoch : 4/40]
Src_cls_loss	: 0.3109
-------------------------------------
[Epoch : 5/40]
Src_cls_loss	: 0.2722
-------------------------------------
[Epoch : 6/40]
Src_cls_loss	: 0.2383
-------------------------------------
[Epoch : 7/40]
Src_cls_loss	: 0.2112
-------------------------------------
[Epoch : 8/40]
Src_cls_loss	: 0.1892
-------------------------------------
[Epoch : 9/40]
Src_cls_loss	: 0.1710
-------------------------------------
[Epoch : 10/40]
Src_cls_loss	: 0.1557
-------------------------------------
[Epoch : 11/40]
Src_cls_loss	: 0.1434
-------------------------------------
[Epoch : 12/40]
Src_cls_loss	: 0.1335
-------------------------------------
[Epoch : 13/40]
Src_cls_loss	: 0.1245
-------------------------------------
[Epoch : 14/40]
Src_cls_loss	: 0.1164
-------------------------------------
[Epoch : 15/40]
Src_cls_loss	: 0.1095
-------------------------------------
[Epoch : 16/40]
Src_cls_loss	: 0.1033
-------------------------------------
[Epoch : 17/40]
Src_cls_loss	: 0.0977
-------------------------------------
[Epoch : 18/40]
Src_cls_loss	: 0.0927
-------------------------------------
[Epoch : 19/40]
Src_cls_loss	: 0.0882
-------------------------------------
[Epoch : 20/40]
Src_cls_loss	: 0.0841
-------------------------------------
[Epoch : 21/40]
Src_cls_loss	: 0.0805
-------------------------------------
[Epoch : 22/40]
Src_cls_loss	: 0.0772
-------------------------------------
[Epoch : 23/40]
Src_cls_loss	: 0.0741
-------------------------------------
[Epoch : 24/40]
Src_cls_loss	: 0.0712
-------------------------------------
[Epoch : 25/40]
Src_cls_loss	: 0.0686
-------------------------------------
[Epoch : 26/40]
Src_cls_loss	: 0.0662
-------------------------------------
[Epoch : 27/40]
Src_cls_loss	: 0.0638
-------------------------------------
[Epoch : 28/40]
Src_cls_loss	: 0.0617
-------------------------------------
[Epoch : 29/40]
Src_cls_loss	: 0.0597
-------------------------------------
[Epoch : 30/40]
Src_cls_loss	: 0.0578
-------------------------------------
[Epoch : 31/40]
Src_cls_loss	: 0.0561
-------------------------------------
[Epoch : 32/40]
Src_cls_loss	: 0.0544
-------------------------------------
[Epoch : 33/40]
Src_cls_loss	: 0.0528
-------------------------------------
[Epoch : 34/40]
Src_cls_loss	: 0.0514
-------------------------------------
[Epoch : 35/40]
Src_cls_loss	: 0.0501
-------------------------------------
[Epoch : 36/40]
Src_cls_loss	: 0.0487
-------------------------------------
[Epoch : 37/40]
Src_cls_loss	: 0.0475
-------------------------------------
[Epoch : 38/40]
Src_cls_loss	: 0.0464
-------------------------------------
[Epoch : 39/40]
Src_cls_loss	: 0.0452
-------------------------------------
[Epoch : 40/40]
Src_cls_loss	: 0.0442
-------------------------------------
