=============================================
Dataset: realworld_mobiact
Method:  NO_ADAPT
=============================================
Source: syn_57 ---> Target: dp_57
Run ID: 0
=============================================
[Epoch : 1/40]
Src_cls_loss	: 0.8053
-------------------------------------
[Epoch : 2/40]
Src_cls_loss	: 0.6037
-------------------------------------
[Epoch : 3/40]
Src_cls_loss	: 0.4724
-------------------------------------
[Epoch : 4/40]
Src_cls_loss	: 0.3843
-------------------------------------
[Epoch : 5/40]
Src_cls_loss	: 0.3272
-------------------------------------
[Epoch : 6/40]
Src_cls_loss	: 0.2841
-------------------------------------
[Epoch : 7/40]
Src_cls_loss	: 0.2526
-------------------------------------
[Epoch : 8/40]
Src_cls_loss	: 0.2259
-------------------------------------
[Epoch : 9/40]
Src_cls_loss	: 0.2051
-------------------------------------
[Epoch : 10/40]
Src_cls_loss	: 0.1885
-------------------------------------
[Epoch : 11/40]
Src_cls_loss	: 0.1733
-------------------------------------
[Epoch : 12/40]
Src_cls_loss	: 0.1605
-------------------------------------
[Epoch : 13/40]
Src_cls_loss	: 0.1494
-------------------------------------
[Epoch : 14/40]
Src_cls_loss	: 0.1402
-------------------------------------
[Epoch : 15/40]
Src_cls_loss	: 0.1318
-------------------------------------
[Epoch : 16/40]
Src_cls_loss	: 0.1247
-------------------------------------
[Epoch : 17/40]
Src_cls_loss	: 0.1184
-------------------------------------
[Epoch : 18/40]
Src_cls_loss	: 0.1127
-------------------------------------
[Epoch : 19/40]
Src_cls_loss	: 0.1076
-------------------------------------
[Epoch : 20/40]
Src_cls_loss	: 0.1026
-------------------------------------
[Epoch : 21/40]
Src_cls_loss	: 0.0981
-------------------------------------
[Epoch : 22/40]
Src_cls_loss	: 0.0940
-------------------------------------
[Epoch : 23/40]
Src_cls_loss	: 0.0902
-------------------------------------
[Epoch : 24/40]
Src_cls_loss	: 0.0867
-------------------------------------
[Epoch : 25/40]
Src_cls_loss	: 0.0835
-------------------------------------
[Epoch : 26/40]
Src_cls_loss	: 0.0805
-------------------------------------
[Epoch : 27/40]
Src_cls_loss	: 0.0778
-------------------------------------
[Epoch : 28/40]
Src_cls_loss	: 0.0753
-------------------------------------
[Epoch : 29/40]
Src_cls_loss	: 0.0729
-------------------------------------
[Epoch : 30/40]
Src_cls_loss	: 0.0709
-------------------------------------
[Epoch : 31/40]
Src_cls_loss	: 0.0689
-------------------------------------
[Epoch : 32/40]
Src_cls_loss	: 0.0671
-------------------------------------
[Epoch : 33/40]
Src_cls_loss	: 0.0653
-------------------------------------
[Epoch : 34/40]
Src_cls_loss	: 0.0635
-------------------------------------
[Epoch : 35/40]
Src_cls_loss	: 0.0619
-------------------------------------
[Epoch : 36/40]
Src_cls_loss	: 0.0604
-------------------------------------
[Epoch : 37/40]
Src_cls_loss	: 0.0591
-------------------------------------
[Epoch : 38/40]
Src_cls_loss	: 0.0581
-------------------------------------
[Epoch : 39/40]
Src_cls_loss	: 0.0570
-------------------------------------
[Epoch : 40/40]
Src_cls_loss	: 0.0558
-------------------------------------
