=============================================
Dataset: pamap_mobiact
Method:  SYN
=============================================
Source: syn_wal_64 ---> Target: dp_wal_64
Run ID: 5
=============================================
[Epoch : 1/40]
Src_cls_loss	: 0.5343
-------------------------------------
[Epoch : 2/40]
Src_cls_loss	: 0.3897
-------------------------------------
[Epoch : 3/40]
Src_cls_loss	: 0.3155
-------------------------------------
[Epoch : 4/40]
Src_cls_loss	: 0.2680
-------------------------------------
[Epoch : 5/40]
Src_cls_loss	: 0.2343
-------------------------------------
[Epoch : 6/40]
Src_cls_loss	: 0.2094
-------------------------------------
[Epoch : 7/40]
Src_cls_loss	: 0.1906
-------------------------------------
[Epoch : 8/40]
Src_cls_loss	: 0.1740
-------------------------------------
[Epoch : 9/40]
Src_cls_loss	: 0.1586
-------------------------------------
[Epoch : 10/40]
Src_cls_loss	: 0.1453
-------------------------------------
[Epoch : 11/40]
Src_cls_loss	: 0.1339
-------------------------------------
[Epoch : 12/40]
Src_cls_loss	: 0.1241
-------------------------------------
[Epoch : 13/40]
Src_cls_loss	: 0.1163
-------------------------------------
[Epoch : 14/40]
Src_cls_loss	: 0.1090
-------------------------------------
[Epoch : 15/40]
Src_cls_loss	: 0.1025
-------------------------------------
[Epoch : 16/40]
Src_cls_loss	: 0.0978
-------------------------------------
[Epoch : 17/40]
Src_cls_loss	: 0.0933
-------------------------------------
[Epoch : 18/40]
Src_cls_loss	: 0.0894
-------------------------------------
[Epoch : 19/40]
Src_cls_loss	: 0.0858
-------------------------------------
[Epoch : 20/40]
Src_cls_loss	: 0.0820
-------------------------------------
[Epoch : 21/40]
Src_cls_loss	: 0.0786
-------------------------------------
[Epoch : 22/40]
Src_cls_loss	: 0.0752
-------------------------------------
[Epoch : 23/40]
Src_cls_loss	: 0.0723
-------------------------------------
[Epoch : 24/40]
Src_cls_loss	: 0.0695
-------------------------------------
[Epoch : 25/40]
Src_cls_loss	: 0.0669
-------------------------------------
[Epoch : 26/40]
Src_cls_loss	: 0.0645
-------------------------------------
[Epoch : 27/40]
Src_cls_loss	: 0.0622
-------------------------------------
[Epoch : 28/40]
Src_cls_loss	: 0.0602
-------------------------------------
[Epoch : 29/40]
Src_cls_loss	: 0.0582
-------------------------------------
[Epoch : 30/40]
Src_cls_loss	: 0.0565
-------------------------------------
[Epoch : 31/40]
Src_cls_loss	: 0.0550
-------------------------------------
[Epoch : 32/40]
Src_cls_loss	: 0.0536
-------------------------------------
[Epoch : 33/40]
Src_cls_loss	: 0.0521
-------------------------------------
[Epoch : 34/40]
Src_cls_loss	: 0.0509
-------------------------------------
[Epoch : 35/40]
Src_cls_loss	: 0.0495
-------------------------------------
[Epoch : 36/40]
Src_cls_loss	: 0.0483
-------------------------------------
[Epoch : 37/40]
Src_cls_loss	: 0.0471
-------------------------------------
[Epoch : 38/40]
Src_cls_loss	: 0.0459
-------------------------------------
[Epoch : 39/40]
Src_cls_loss	: 0.0448
-------------------------------------
[Epoch : 40/40]
Src_cls_loss	: 0.0438
-------------------------------------
