=============================================
Dataset: pamap_realworld
Method:  SYN
=============================================
Source: syn_wal_6 ---> Target: dp_wal_6
Run ID: 4
=============================================
[Epoch : 1/40]
Src_cls_loss	: 0.5988
-------------------------------------
[Epoch : 2/40]
Src_cls_loss	: 0.4553
-------------------------------------
[Epoch : 3/40]
Src_cls_loss	: 0.3563
-------------------------------------
[Epoch : 4/40]
Src_cls_loss	: 0.2937
-------------------------------------
[Epoch : 5/40]
Src_cls_loss	: 0.2458
-------------------------------------
[Epoch : 6/40]
Src_cls_loss	: 0.2129
-------------------------------------
[Epoch : 7/40]
Src_cls_loss	: 0.1875
-------------------------------------
[Epoch : 8/40]
Src_cls_loss	: 0.1666
-------------------------------------
[Epoch : 9/40]
Src_cls_loss	: 0.1510
-------------------------------------
[Epoch : 10/40]
Src_cls_loss	: 0.1372
-------------------------------------
[Epoch : 11/40]
Src_cls_loss	: 0.1266
-------------------------------------
[Epoch : 12/40]
Src_cls_loss	: 0.1174
-------------------------------------
[Epoch : 13/40]
Src_cls_loss	: 0.1100
-------------------------------------
[Epoch : 14/40]
Src_cls_loss	: 0.1030
-------------------------------------
[Epoch : 15/40]
Src_cls_loss	: 0.0966
-------------------------------------
[Epoch : 16/40]
Src_cls_loss	: 0.0909
-------------------------------------
[Epoch : 17/40]
Src_cls_loss	: 0.0861
-------------------------------------
[Epoch : 18/40]
Src_cls_loss	: 0.0818
-------------------------------------
[Epoch : 19/40]
Src_cls_loss	: 0.0779
-------------------------------------
[Epoch : 20/40]
Src_cls_loss	: 0.0745
-------------------------------------
[Epoch : 21/40]
Src_cls_loss	: 0.0713
-------------------------------------
[Epoch : 22/40]
Src_cls_loss	: 0.0684
-------------------------------------
[Epoch : 23/40]
Src_cls_loss	: 0.0657
-------------------------------------
[Epoch : 24/40]
Src_cls_loss	: 0.0631
-------------------------------------
[Epoch : 25/40]
Src_cls_loss	: 0.0607
-------------------------------------
[Epoch : 26/40]
Src_cls_loss	: 0.0585
-------------------------------------
[Epoch : 27/40]
Src_cls_loss	: 0.0566
-------------------------------------
[Epoch : 28/40]
Src_cls_loss	: 0.0549
-------------------------------------
[Epoch : 29/40]
Src_cls_loss	: 0.0533
-------------------------------------
[Epoch : 30/40]
Src_cls_loss	: 0.0516
-------------------------------------
[Epoch : 31/40]
Src_cls_loss	: 0.0501
-------------------------------------
[Epoch : 32/40]
Src_cls_loss	: 0.0486
-------------------------------------
[Epoch : 33/40]
Src_cls_loss	: 0.0472
-------------------------------------
[Epoch : 34/40]
Src_cls_loss	: 0.0459
-------------------------------------
[Epoch : 35/40]
Src_cls_loss	: 0.0446
-------------------------------------
[Epoch : 36/40]
Src_cls_loss	: 0.0434
-------------------------------------
[Epoch : 37/40]
Src_cls_loss	: 0.0423
-------------------------------------
[Epoch : 38/40]
Src_cls_loss	: 0.0412
-------------------------------------
[Epoch : 39/40]
Src_cls_loss	: 0.0402
-------------------------------------
[Epoch : 40/40]
Src_cls_loss	: 0.0392
-------------------------------------
