=============================================
Dataset: realworld_mobiact
Method:  NO_ADAPT
=============================================
Source: syn_38 ---> Target: dp_38
Run ID: 5
=============================================
[Epoch : 1/40]
Src_cls_loss	: 0.8471
-------------------------------------
[Epoch : 2/40]
Src_cls_loss	: 0.6957
-------------------------------------
[Epoch : 3/40]
Src_cls_loss	: 0.5950
-------------------------------------
[Epoch : 4/40]
Src_cls_loss	: 0.5243
-------------------------------------
[Epoch : 5/40]
Src_cls_loss	: 0.4721
-------------------------------------
[Epoch : 6/40]
Src_cls_loss	: 0.4295
-------------------------------------
[Epoch : 7/40]
Src_cls_loss	: 0.3944
-------------------------------------
[Epoch : 8/40]
Src_cls_loss	: 0.3671
-------------------------------------
[Epoch : 9/40]
Src_cls_loss	: 0.3440
-------------------------------------
[Epoch : 10/40]
Src_cls_loss	: 0.3246
-------------------------------------
[Epoch : 11/40]
Src_cls_loss	: 0.3045
-------------------------------------
[Epoch : 12/40]
Src_cls_loss	: 0.2893
-------------------------------------
[Epoch : 13/40]
Src_cls_loss	: 0.2773
-------------------------------------
[Epoch : 14/40]
Src_cls_loss	: 0.2665
-------------------------------------
[Epoch : 15/40]
Src_cls_loss	: 0.2554
-------------------------------------
[Epoch : 16/40]
Src_cls_loss	: 0.2458
-------------------------------------
[Epoch : 17/40]
Src_cls_loss	: 0.2361
-------------------------------------
[Epoch : 18/40]
Src_cls_loss	: 0.2279
-------------------------------------
[Epoch : 19/40]
Src_cls_loss	: 0.2201
-------------------------------------
[Epoch : 20/40]
Src_cls_loss	: 0.2130
-------------------------------------
[Epoch : 21/40]
Src_cls_loss	: 0.2063
-------------------------------------
[Epoch : 22/40]
Src_cls_loss	: 0.2001
-------------------------------------
[Epoch : 23/40]
Src_cls_loss	: 0.1947
-------------------------------------
[Epoch : 24/40]
Src_cls_loss	: 0.1906
-------------------------------------
[Epoch : 25/40]
Src_cls_loss	: 0.1872
-------------------------------------
[Epoch : 26/40]
Src_cls_loss	: 0.1863
-------------------------------------
[Epoch : 27/40]
Src_cls_loss	: 0.1828
-------------------------------------
[Epoch : 28/40]
Src_cls_loss	: 0.1787
-------------------------------------
[Epoch : 29/40]
Src_cls_loss	: 0.1744
-------------------------------------
[Epoch : 30/40]
Src_cls_loss	: 0.1702
-------------------------------------
[Epoch : 31/40]
Src_cls_loss	: 0.1667
-------------------------------------
[Epoch : 32/40]
Src_cls_loss	: 0.1641
-------------------------------------
[Epoch : 33/40]
Src_cls_loss	: 0.1606
-------------------------------------
[Epoch : 34/40]
Src_cls_loss	: 0.1571
-------------------------------------
[Epoch : 35/40]
Src_cls_loss	: 0.1538
-------------------------------------
[Epoch : 36/40]
Src_cls_loss	: 0.1506
-------------------------------------
[Epoch : 37/40]
Src_cls_loss	: 0.1480
-------------------------------------
[Epoch : 38/40]
Src_cls_loss	: 0.1452
-------------------------------------
[Epoch : 39/40]
Src_cls_loss	: 0.1425
-------------------------------------
[Epoch : 40/40]
Src_cls_loss	: 0.1395
-------------------------------------
