=============================================
Dataset: pamap_realworld
Method:  SYN
=============================================
Source: syn_wal_18 ---> Target: dp_wal_18
Run ID: 6
=============================================
[Epoch : 1/40]
Src_cls_loss	: 0.5722
-------------------------------------
[Epoch : 2/40]
Src_cls_loss	: 0.4090
-------------------------------------
[Epoch : 3/40]
Src_cls_loss	: 0.3218
-------------------------------------
[Epoch : 4/40]
Src_cls_loss	: 0.2657
-------------------------------------
[Epoch : 5/40]
Src_cls_loss	: 0.2219
-------------------------------------
[Epoch : 6/40]
Src_cls_loss	: 0.1905
-------------------------------------
[Epoch : 7/40]
Src_cls_loss	: 0.1682
-------------------------------------
[Epoch : 8/40]
Src_cls_loss	: 0.1496
-------------------------------------
[Epoch : 9/40]
Src_cls_loss	: 0.1343
-------------------------------------
[Epoch : 10/40]
Src_cls_loss	: 0.1232
-------------------------------------
[Epoch : 11/40]
Src_cls_loss	: 0.1137
-------------------------------------
[Epoch : 12/40]
Src_cls_loss	: 0.1057
-------------------------------------
[Epoch : 13/40]
Src_cls_loss	: 0.0987
-------------------------------------
[Epoch : 14/40]
Src_cls_loss	: 0.0926
-------------------------------------
[Epoch : 15/40]
Src_cls_loss	: 0.0870
-------------------------------------
[Epoch : 16/40]
Src_cls_loss	: 0.0820
-------------------------------------
[Epoch : 17/40]
Src_cls_loss	: 0.0778
-------------------------------------
[Epoch : 18/40]
Src_cls_loss	: 0.0738
-------------------------------------
[Epoch : 19/40]
Src_cls_loss	: 0.0706
-------------------------------------
[Epoch : 20/40]
Src_cls_loss	: 0.0674
-------------------------------------
[Epoch : 21/40]
Src_cls_loss	: 0.0646
-------------------------------------
[Epoch : 22/40]
Src_cls_loss	: 0.0619
-------------------------------------
[Epoch : 23/40]
Src_cls_loss	: 0.0595
-------------------------------------
[Epoch : 24/40]
Src_cls_loss	: 0.0571
-------------------------------------
[Epoch : 25/40]
Src_cls_loss	: 0.0551
-------------------------------------
[Epoch : 26/40]
Src_cls_loss	: 0.0531
-------------------------------------
[Epoch : 27/40]
Src_cls_loss	: 0.0513
-------------------------------------
[Epoch : 28/40]
Src_cls_loss	: 0.0496
-------------------------------------
[Epoch : 29/40]
Src_cls_loss	: 0.0480
-------------------------------------
[Epoch : 30/40]
Src_cls_loss	: 0.0465
-------------------------------------
[Epoch : 31/40]
Src_cls_loss	: 0.0450
-------------------------------------
[Epoch : 32/40]
Src_cls_loss	: 0.0437
-------------------------------------
[Epoch : 33/40]
Src_cls_loss	: 0.0424
-------------------------------------
[Epoch : 34/40]
Src_cls_loss	: 0.0412
-------------------------------------
[Epoch : 35/40]
Src_cls_loss	: 0.0401
-------------------------------------
[Epoch : 36/40]
Src_cls_loss	: 0.0390
-------------------------------------
[Epoch : 37/40]
Src_cls_loss	: 0.0380
-------------------------------------
[Epoch : 38/40]
Src_cls_loss	: 0.0370
-------------------------------------
[Epoch : 39/40]
Src_cls_loss	: 0.0361
-------------------------------------
[Epoch : 40/40]
Src_cls_loss	: 0.0352
-------------------------------------
