=============================================
Dataset: realworld_mobiact
Method:  NO_ADAPT
=============================================
Source: syn_29 ---> Target: dp_29
Run ID: 4
=============================================
[Epoch : 1/40]
Src_cls_loss	: 0.7343
-------------------------------------
[Epoch : 2/40]
Src_cls_loss	: 0.5604
-------------------------------------
[Epoch : 3/40]
Src_cls_loss	: 0.4427
-------------------------------------
[Epoch : 4/40]
Src_cls_loss	: 0.3673
-------------------------------------
[Epoch : 5/40]
Src_cls_loss	: 0.3106
-------------------------------------
[Epoch : 6/40]
Src_cls_loss	: 0.2702
-------------------------------------
[Epoch : 7/40]
Src_cls_loss	: 0.2379
-------------------------------------
[Epoch : 8/40]
Src_cls_loss	: 0.2156
-------------------------------------
[Epoch : 9/40]
Src_cls_loss	: 0.1956
-------------------------------------
[Epoch : 10/40]
Src_cls_loss	: 0.1811
-------------------------------------
[Epoch : 11/40]
Src_cls_loss	: 0.1664
-------------------------------------
[Epoch : 12/40]
Src_cls_loss	: 0.1547
-------------------------------------
[Epoch : 13/40]
Src_cls_loss	: 0.1447
-------------------------------------
[Epoch : 14/40]
Src_cls_loss	: 0.1365
-------------------------------------
[Epoch : 15/40]
Src_cls_loss	: 0.1285
-------------------------------------
[Epoch : 16/40]
Src_cls_loss	: 0.1217
-------------------------------------
[Epoch : 17/40]
Src_cls_loss	: 0.1153
-------------------------------------
[Epoch : 18/40]
Src_cls_loss	: 0.1097
-------------------------------------
[Epoch : 19/40]
Src_cls_loss	: 0.1045
-------------------------------------
[Epoch : 20/40]
Src_cls_loss	: 0.0997
-------------------------------------
[Epoch : 21/40]
Src_cls_loss	: 0.0954
-------------------------------------
[Epoch : 22/40]
Src_cls_loss	: 0.0913
-------------------------------------
[Epoch : 23/40]
Src_cls_loss	: 0.0876
-------------------------------------
[Epoch : 24/40]
Src_cls_loss	: 0.0844
-------------------------------------
[Epoch : 25/40]
Src_cls_loss	: 0.0814
-------------------------------------
[Epoch : 26/40]
Src_cls_loss	: 0.0790
-------------------------------------
[Epoch : 27/40]
Src_cls_loss	: 0.0763
-------------------------------------
[Epoch : 28/40]
Src_cls_loss	: 0.0738
-------------------------------------
[Epoch : 29/40]
Src_cls_loss	: 0.0714
-------------------------------------
[Epoch : 30/40]
Src_cls_loss	: 0.0691
-------------------------------------
[Epoch : 31/40]
Src_cls_loss	: 0.0670
-------------------------------------
[Epoch : 32/40]
Src_cls_loss	: 0.0651
-------------------------------------
[Epoch : 33/40]
Src_cls_loss	: 0.0632
-------------------------------------
[Epoch : 34/40]
Src_cls_loss	: 0.0615
-------------------------------------
[Epoch : 35/40]
Src_cls_loss	: 0.0598
-------------------------------------
[Epoch : 36/40]
Src_cls_loss	: 0.0582
-------------------------------------
[Epoch : 37/40]
Src_cls_loss	: 0.0568
-------------------------------------
[Epoch : 38/40]
Src_cls_loss	: 0.0554
-------------------------------------
[Epoch : 39/40]
Src_cls_loss	: 0.0541
-------------------------------------
[Epoch : 40/40]
Src_cls_loss	: 0.0529
-------------------------------------
