=============================================
Dataset: realworld_mobiact
Method:  SYN
=============================================
Source: syn_wal_23 ---> Target: dp_wal_23
Run ID: 9
=============================================
[Epoch : 1/40]
Src_cls_loss	: 0.8050
-------------------------------------
[Epoch : 2/40]
Src_cls_loss	: 0.6569
-------------------------------------
[Epoch : 3/40]
Src_cls_loss	: 0.5310
-------------------------------------
[Epoch : 4/40]
Src_cls_loss	: 0.4385
-------------------------------------
[Epoch : 5/40]
Src_cls_loss	: 0.3719
-------------------------------------
[Epoch : 6/40]
Src_cls_loss	: 0.3222
-------------------------------------
[Epoch : 7/40]
Src_cls_loss	: 0.2827
-------------------------------------
[Epoch : 8/40]
Src_cls_loss	: 0.2517
-------------------------------------
[Epoch : 9/40]
Src_cls_loss	: 0.2267
-------------------------------------
[Epoch : 10/40]
Src_cls_loss	: 0.2069
-------------------------------------
[Epoch : 11/40]
Src_cls_loss	: 0.1908
-------------------------------------
[Epoch : 12/40]
Src_cls_loss	: 0.1767
-------------------------------------
[Epoch : 13/40]
Src_cls_loss	: 0.1647
-------------------------------------
[Epoch : 14/40]
Src_cls_loss	: 0.1541
-------------------------------------
[Epoch : 15/40]
Src_cls_loss	: 0.1448
-------------------------------------
[Epoch : 16/40]
Src_cls_loss	: 0.1367
-------------------------------------
[Epoch : 17/40]
Src_cls_loss	: 0.1293
-------------------------------------
[Epoch : 18/40]
Src_cls_loss	: 0.1231
-------------------------------------
[Epoch : 19/40]
Src_cls_loss	: 0.1172
-------------------------------------
[Epoch : 20/40]
Src_cls_loss	: 0.1117
-------------------------------------
[Epoch : 21/40]
Src_cls_loss	: 0.1068
-------------------------------------
[Epoch : 22/40]
Src_cls_loss	: 0.1023
-------------------------------------
[Epoch : 23/40]
Src_cls_loss	: 0.0980
-------------------------------------
[Epoch : 24/40]
Src_cls_loss	: 0.0943
-------------------------------------
[Epoch : 25/40]
Src_cls_loss	: 0.0910
-------------------------------------
[Epoch : 26/40]
Src_cls_loss	: 0.0882
-------------------------------------
[Epoch : 27/40]
Src_cls_loss	: 0.0862
-------------------------------------
[Epoch : 28/40]
Src_cls_loss	: 0.0835
-------------------------------------
[Epoch : 29/40]
Src_cls_loss	: 0.0809
-------------------------------------
[Epoch : 30/40]
Src_cls_loss	: 0.0786
-------------------------------------
[Epoch : 31/40]
Src_cls_loss	: 0.0765
-------------------------------------
[Epoch : 32/40]
Src_cls_loss	: 0.0745
-------------------------------------
[Epoch : 33/40]
Src_cls_loss	: 0.0727
-------------------------------------
[Epoch : 34/40]
Src_cls_loss	: 0.0708
-------------------------------------
[Epoch : 35/40]
Src_cls_loss	: 0.0689
-------------------------------------
[Epoch : 36/40]
Src_cls_loss	: 0.0673
-------------------------------------
[Epoch : 37/40]
Src_cls_loss	: 0.0657
-------------------------------------
[Epoch : 38/40]
Src_cls_loss	: 0.0641
-------------------------------------
[Epoch : 39/40]
Src_cls_loss	: 0.0626
-------------------------------------
[Epoch : 40/40]
Src_cls_loss	: 0.0610
-------------------------------------
