=============================================
Dataset: mobiact_realworld
Method:  NO_ADAPT
=============================================
Source: syn_68 ---> Target: dp_68
Run ID: 9
=============================================
[Epoch : 1/40]
Src_cls_loss	: 0.6670
-------------------------------------
[Epoch : 2/40]
Src_cls_loss	: 0.5002
-------------------------------------
[Epoch : 3/40]
Src_cls_loss	: 0.4110
-------------------------------------
[Epoch : 4/40]
Src_cls_loss	: 0.3458
-------------------------------------
[Epoch : 5/40]
Src_cls_loss	: 0.3028
-------------------------------------
[Epoch : 6/40]
Src_cls_loss	: 0.2725
-------------------------------------
[Epoch : 7/40]
Src_cls_loss	: 0.2462
-------------------------------------
[Epoch : 8/40]
Src_cls_loss	: 0.2267
-------------------------------------
[Epoch : 9/40]
Src_cls_loss	: 0.2111
-------------------------------------
[Epoch : 10/40]
Src_cls_loss	: 0.1986
-------------------------------------
[Epoch : 11/40]
Src_cls_loss	: 0.1869
-------------------------------------
[Epoch : 12/40]
Src_cls_loss	: 0.1764
-------------------------------------
[Epoch : 13/40]
Src_cls_loss	: 0.1680
-------------------------------------
[Epoch : 14/40]
Src_cls_loss	: 0.1603
-------------------------------------
[Epoch : 15/40]
Src_cls_loss	: 0.1534
-------------------------------------
[Epoch : 16/40]
Src_cls_loss	: 0.1479
-------------------------------------
[Epoch : 17/40]
Src_cls_loss	: 0.1417
-------------------------------------
[Epoch : 18/40]
Src_cls_loss	: 0.1364
-------------------------------------
[Epoch : 19/40]
Src_cls_loss	: 0.1310
-------------------------------------
[Epoch : 20/40]
Src_cls_loss	: 0.1269
-------------------------------------
[Epoch : 21/40]
Src_cls_loss	: 0.1228
-------------------------------------
[Epoch : 22/40]
Src_cls_loss	: 0.1185
-------------------------------------
[Epoch : 23/40]
Src_cls_loss	: 0.1146
-------------------------------------
[Epoch : 24/40]
Src_cls_loss	: 0.1110
-------------------------------------
[Epoch : 25/40]
Src_cls_loss	: 0.1083
-------------------------------------
[Epoch : 26/40]
Src_cls_loss	: 0.1053
-------------------------------------
[Epoch : 27/40]
Src_cls_loss	: 0.1026
-------------------------------------
[Epoch : 28/40]
Src_cls_loss	: 0.0998
-------------------------------------
[Epoch : 29/40]
Src_cls_loss	: 0.0973
-------------------------------------
[Epoch : 30/40]
Src_cls_loss	: 0.0948
-------------------------------------
[Epoch : 31/40]
Src_cls_loss	: 0.0926
-------------------------------------
[Epoch : 32/40]
Src_cls_loss	: 0.0907
-------------------------------------
[Epoch : 33/40]
Src_cls_loss	: 0.0885
-------------------------------------
[Epoch : 34/40]
Src_cls_loss	: 0.0864
-------------------------------------
[Epoch : 35/40]
Src_cls_loss	: 0.0848
-------------------------------------
[Epoch : 36/40]
Src_cls_loss	: 0.0831
-------------------------------------
[Epoch : 37/40]
Src_cls_loss	: 0.0815
-------------------------------------
[Epoch : 38/40]
Src_cls_loss	: 0.0798
-------------------------------------
[Epoch : 39/40]
Src_cls_loss	: 0.0784
-------------------------------------
[Epoch : 40/40]
Src_cls_loss	: 0.0770
-------------------------------------
