=============================================
Dataset: realworld_mobiact
Method:  NO_ADAPT
=============================================
Source: syn_38 ---> Target: dp_38
Run ID: 4
=============================================
[Epoch : 1/40]
Src_cls_loss	: 0.8621
-------------------------------------
[Epoch : 2/40]
Src_cls_loss	: 0.7044
-------------------------------------
[Epoch : 3/40]
Src_cls_loss	: 0.5974
-------------------------------------
[Epoch : 4/40]
Src_cls_loss	: 0.5258
-------------------------------------
[Epoch : 5/40]
Src_cls_loss	: 0.4690
-------------------------------------
[Epoch : 6/40]
Src_cls_loss	: 0.4300
-------------------------------------
[Epoch : 7/40]
Src_cls_loss	: 0.3970
-------------------------------------
[Epoch : 8/40]
Src_cls_loss	: 0.3706
-------------------------------------
[Epoch : 9/40]
Src_cls_loss	: 0.3512
-------------------------------------
[Epoch : 10/40]
Src_cls_loss	: 0.3310
-------------------------------------
[Epoch : 11/40]
Src_cls_loss	: 0.3131
-------------------------------------
[Epoch : 12/40]
Src_cls_loss	: 0.2988
-------------------------------------
[Epoch : 13/40]
Src_cls_loss	: 0.2861
-------------------------------------
[Epoch : 14/40]
Src_cls_loss	: 0.2750
-------------------------------------
[Epoch : 15/40]
Src_cls_loss	: 0.2652
-------------------------------------
[Epoch : 16/40]
Src_cls_loss	: 0.2543
-------------------------------------
[Epoch : 17/40]
Src_cls_loss	: 0.2448
-------------------------------------
[Epoch : 18/40]
Src_cls_loss	: 0.2367
-------------------------------------
[Epoch : 19/40]
Src_cls_loss	: 0.2283
-------------------------------------
[Epoch : 20/40]
Src_cls_loss	: 0.2204
-------------------------------------
[Epoch : 21/40]
Src_cls_loss	: 0.2138
-------------------------------------
[Epoch : 22/40]
Src_cls_loss	: 0.2071
-------------------------------------
[Epoch : 23/40]
Src_cls_loss	: 0.2005
-------------------------------------
[Epoch : 24/40]
Src_cls_loss	: 0.1960
-------------------------------------
[Epoch : 25/40]
Src_cls_loss	: 0.1910
-------------------------------------
[Epoch : 26/40]
Src_cls_loss	: 0.1864
-------------------------------------
[Epoch : 27/40]
Src_cls_loss	: 0.1815
-------------------------------------
[Epoch : 28/40]
Src_cls_loss	: 0.1764
-------------------------------------
[Epoch : 29/40]
Src_cls_loss	: 0.1718
-------------------------------------
[Epoch : 30/40]
Src_cls_loss	: 0.1686
-------------------------------------
[Epoch : 31/40]
Src_cls_loss	: 0.1649
-------------------------------------
[Epoch : 32/40]
Src_cls_loss	: 0.1615
-------------------------------------
[Epoch : 33/40]
Src_cls_loss	: 0.1591
-------------------------------------
[Epoch : 34/40]
Src_cls_loss	: 0.1555
-------------------------------------
[Epoch : 35/40]
Src_cls_loss	: 0.1522
-------------------------------------
[Epoch : 36/40]
Src_cls_loss	: 0.1490
-------------------------------------
[Epoch : 37/40]
Src_cls_loss	: 0.1457
-------------------------------------
[Epoch : 38/40]
Src_cls_loss	: 0.1432
-------------------------------------
[Epoch : 39/40]
Src_cls_loss	: 0.1412
-------------------------------------
[Epoch : 40/40]
Src_cls_loss	: 0.1385
-------------------------------------
