=============================================
Dataset: pamap_mobiact
Method:  SYN
=============================================
Source: syn_wal_16 ---> Target: dp_wal_16
Run ID: 1
=============================================
[Epoch : 1/40]
Src_cls_loss	: 0.6489
-------------------------------------
[Epoch : 2/40]
Src_cls_loss	: 0.4805
-------------------------------------
[Epoch : 3/40]
Src_cls_loss	: 0.3816
-------------------------------------
[Epoch : 4/40]
Src_cls_loss	: 0.3172
-------------------------------------
[Epoch : 5/40]
Src_cls_loss	: 0.2755
-------------------------------------
[Epoch : 6/40]
Src_cls_loss	: 0.2408
-------------------------------------
[Epoch : 7/40]
Src_cls_loss	: 0.2134
-------------------------------------
[Epoch : 8/40]
Src_cls_loss	: 0.1906
-------------------------------------
[Epoch : 9/40]
Src_cls_loss	: 0.1738
-------------------------------------
[Epoch : 10/40]
Src_cls_loss	: 0.1604
-------------------------------------
[Epoch : 11/40]
Src_cls_loss	: 0.1475
-------------------------------------
[Epoch : 12/40]
Src_cls_loss	: 0.1370
-------------------------------------
[Epoch : 13/40]
Src_cls_loss	: 0.1280
-------------------------------------
[Epoch : 14/40]
Src_cls_loss	: 0.1199
-------------------------------------
[Epoch : 15/40]
Src_cls_loss	: 0.1127
-------------------------------------
[Epoch : 16/40]
Src_cls_loss	: 0.1063
-------------------------------------
[Epoch : 17/40]
Src_cls_loss	: 0.1006
-------------------------------------
[Epoch : 18/40]
Src_cls_loss	: 0.0954
-------------------------------------
[Epoch : 19/40]
Src_cls_loss	: 0.0908
-------------------------------------
[Epoch : 20/40]
Src_cls_loss	: 0.0866
-------------------------------------
[Epoch : 21/40]
Src_cls_loss	: 0.0828
-------------------------------------
[Epoch : 22/40]
Src_cls_loss	: 0.0792
-------------------------------------
[Epoch : 23/40]
Src_cls_loss	: 0.0763
-------------------------------------
[Epoch : 24/40]
Src_cls_loss	: 0.0735
-------------------------------------
[Epoch : 25/40]
Src_cls_loss	: 0.0709
-------------------------------------
[Epoch : 26/40]
Src_cls_loss	: 0.0685
-------------------------------------
[Epoch : 27/40]
Src_cls_loss	: 0.0661
-------------------------------------
[Epoch : 28/40]
Src_cls_loss	: 0.0640
-------------------------------------
[Epoch : 29/40]
Src_cls_loss	: 0.0619
-------------------------------------
[Epoch : 30/40]
Src_cls_loss	: 0.0599
-------------------------------------
[Epoch : 31/40]
Src_cls_loss	: 0.0581
-------------------------------------
[Epoch : 32/40]
Src_cls_loss	: 0.0565
-------------------------------------
[Epoch : 33/40]
Src_cls_loss	: 0.0549
-------------------------------------
[Epoch : 34/40]
Src_cls_loss	: 0.0535
-------------------------------------
[Epoch : 35/40]
Src_cls_loss	: 0.0520
-------------------------------------
[Epoch : 36/40]
Src_cls_loss	: 0.0507
-------------------------------------
[Epoch : 37/40]
Src_cls_loss	: 0.0494
-------------------------------------
[Epoch : 38/40]
Src_cls_loss	: 0.0482
-------------------------------------
[Epoch : 39/40]
Src_cls_loss	: 0.0470
-------------------------------------
[Epoch : 40/40]
Src_cls_loss	: 0.0459
-------------------------------------
