=============================================
Dataset: realworld_mobiact
Method:  NO_ADAPT
=============================================
Source: syn_40 ---> Target: dp_40
Run ID: 0
=============================================
[Epoch : 1/40]
Src_cls_loss	: 0.8219
-------------------------------------
[Epoch : 2/40]
Src_cls_loss	: 0.6575
-------------------------------------
[Epoch : 3/40]
Src_cls_loss	: 0.5360
-------------------------------------
[Epoch : 4/40]
Src_cls_loss	: 0.4564
-------------------------------------
[Epoch : 5/40]
Src_cls_loss	: 0.3925
-------------------------------------
[Epoch : 6/40]
Src_cls_loss	: 0.3416
-------------------------------------
[Epoch : 7/40]
Src_cls_loss	: 0.3013
-------------------------------------
[Epoch : 8/40]
Src_cls_loss	: 0.2702
-------------------------------------
[Epoch : 9/40]
Src_cls_loss	: 0.2458
-------------------------------------
[Epoch : 10/40]
Src_cls_loss	: 0.2262
-------------------------------------
[Epoch : 11/40]
Src_cls_loss	: 0.2094
-------------------------------------
[Epoch : 12/40]
Src_cls_loss	: 0.1951
-------------------------------------
[Epoch : 13/40]
Src_cls_loss	: 0.1823
-------------------------------------
[Epoch : 14/40]
Src_cls_loss	: 0.1710
-------------------------------------
[Epoch : 15/40]
Src_cls_loss	: 0.1613
-------------------------------------
[Epoch : 16/40]
Src_cls_loss	: 0.1531
-------------------------------------
[Epoch : 17/40]
Src_cls_loss	: 0.1468
-------------------------------------
[Epoch : 18/40]
Src_cls_loss	: 0.1419
-------------------------------------
[Epoch : 19/40]
Src_cls_loss	: 0.1362
-------------------------------------
[Epoch : 20/40]
Src_cls_loss	: 0.1309
-------------------------------------
[Epoch : 21/40]
Src_cls_loss	: 0.1263
-------------------------------------
[Epoch : 22/40]
Src_cls_loss	: 0.1213
-------------------------------------
[Epoch : 23/40]
Src_cls_loss	: 0.1168
-------------------------------------
[Epoch : 24/40]
Src_cls_loss	: 0.1125
-------------------------------------
[Epoch : 25/40]
Src_cls_loss	: 0.1083
-------------------------------------
[Epoch : 26/40]
Src_cls_loss	: 0.1043
-------------------------------------
[Epoch : 27/40]
Src_cls_loss	: 0.1007
-------------------------------------
[Epoch : 28/40]
Src_cls_loss	: 0.0975
-------------------------------------
[Epoch : 29/40]
Src_cls_loss	: 0.0944
-------------------------------------
[Epoch : 30/40]
Src_cls_loss	: 0.0914
-------------------------------------
[Epoch : 31/40]
Src_cls_loss	: 0.0886
-------------------------------------
[Epoch : 32/40]
Src_cls_loss	: 0.0862
-------------------------------------
[Epoch : 33/40]
Src_cls_loss	: 0.0839
-------------------------------------
[Epoch : 34/40]
Src_cls_loss	: 0.0816
-------------------------------------
[Epoch : 35/40]
Src_cls_loss	: 0.0795
-------------------------------------
[Epoch : 36/40]
Src_cls_loss	: 0.0779
-------------------------------------
[Epoch : 37/40]
Src_cls_loss	: 0.0761
-------------------------------------
[Epoch : 38/40]
Src_cls_loss	: 0.0743
-------------------------------------
[Epoch : 39/40]
Src_cls_loss	: 0.0726
-------------------------------------
[Epoch : 40/40]
Src_cls_loss	: 0.0712
-------------------------------------
