=============================================
Dataset: pamap_mobiact
Method:  NO_ADAPT
=============================================
Source: syn_48 ---> Target: dp_48
Run ID: 0
=============================================
[Epoch : 1/40]
Src_cls_loss	: 0.6142
-------------------------------------
[Epoch : 2/40]
Src_cls_loss	: 0.4423
-------------------------------------
[Epoch : 3/40]
Src_cls_loss	: 0.3608
-------------------------------------
[Epoch : 4/40]
Src_cls_loss	: 0.3055
-------------------------------------
[Epoch : 5/40]
Src_cls_loss	: 0.2668
-------------------------------------
[Epoch : 6/40]
Src_cls_loss	: 0.2371
-------------------------------------
[Epoch : 7/40]
Src_cls_loss	: 0.2144
-------------------------------------
[Epoch : 8/40]
Src_cls_loss	: 0.1960
-------------------------------------
[Epoch : 9/40]
Src_cls_loss	: 0.1811
-------------------------------------
[Epoch : 10/40]
Src_cls_loss	: 0.1685
-------------------------------------
[Epoch : 11/40]
Src_cls_loss	: 0.1577
-------------------------------------
[Epoch : 12/40]
Src_cls_loss	: 0.1475
-------------------------------------
[Epoch : 13/40]
Src_cls_loss	: 0.1386
-------------------------------------
[Epoch : 14/40]
Src_cls_loss	: 0.1305
-------------------------------------
[Epoch : 15/40]
Src_cls_loss	: 0.1231
-------------------------------------
[Epoch : 16/40]
Src_cls_loss	: 0.1167
-------------------------------------
[Epoch : 17/40]
Src_cls_loss	: 0.1115
-------------------------------------
[Epoch : 18/40]
Src_cls_loss	: 0.1064
-------------------------------------
[Epoch : 19/40]
Src_cls_loss	: 0.1026
-------------------------------------
[Epoch : 20/40]
Src_cls_loss	: 0.0988
-------------------------------------
[Epoch : 21/40]
Src_cls_loss	: 0.0948
-------------------------------------
[Epoch : 22/40]
Src_cls_loss	: 0.0913
-------------------------------------
[Epoch : 23/40]
Src_cls_loss	: 0.0886
-------------------------------------
[Epoch : 24/40]
Src_cls_loss	: 0.0861
-------------------------------------
[Epoch : 25/40]
Src_cls_loss	: 0.0834
-------------------------------------
[Epoch : 26/40]
Src_cls_loss	: 0.0809
-------------------------------------
[Epoch : 27/40]
Src_cls_loss	: 0.0790
-------------------------------------
[Epoch : 28/40]
Src_cls_loss	: 0.0769
-------------------------------------
[Epoch : 29/40]
Src_cls_loss	: 0.0748
-------------------------------------
[Epoch : 30/40]
Src_cls_loss	: 0.0725
-------------------------------------
[Epoch : 31/40]
Src_cls_loss	: 0.0704
-------------------------------------
[Epoch : 32/40]
Src_cls_loss	: 0.0685
-------------------------------------
[Epoch : 33/40]
Src_cls_loss	: 0.0667
-------------------------------------
[Epoch : 34/40]
Src_cls_loss	: 0.0649
-------------------------------------
[Epoch : 35/40]
Src_cls_loss	: 0.0633
-------------------------------------
[Epoch : 36/40]
Src_cls_loss	: 0.0617
-------------------------------------
[Epoch : 37/40]
Src_cls_loss	: 0.0601
-------------------------------------
[Epoch : 38/40]
Src_cls_loss	: 0.0587
-------------------------------------
[Epoch : 39/40]
Src_cls_loss	: 0.0573
-------------------------------------
[Epoch : 40/40]
Src_cls_loss	: 0.0560
-------------------------------------
