=============================================
Dataset: pamap_mobiact
Method:  NO_ADAPT
=============================================
Source: syn_51 ---> Target: dp_51
Run ID: 7
=============================================
[Epoch : 1/40]
Src_cls_loss	: 0.7488
-------------------------------------
[Epoch : 2/40]
Src_cls_loss	: 0.5967
-------------------------------------
[Epoch : 3/40]
Src_cls_loss	: 0.4954
-------------------------------------
[Epoch : 4/40]
Src_cls_loss	: 0.4274
-------------------------------------
[Epoch : 5/40]
Src_cls_loss	: 0.3836
-------------------------------------
[Epoch : 6/40]
Src_cls_loss	: 0.3455
-------------------------------------
[Epoch : 7/40]
Src_cls_loss	: 0.3138
-------------------------------------
[Epoch : 8/40]
Src_cls_loss	: 0.2862
-------------------------------------
[Epoch : 9/40]
Src_cls_loss	: 0.2676
-------------------------------------
[Epoch : 10/40]
Src_cls_loss	: 0.2501
-------------------------------------
[Epoch : 11/40]
Src_cls_loss	: 0.2350
-------------------------------------
[Epoch : 12/40]
Src_cls_loss	: 0.2222
-------------------------------------
[Epoch : 13/40]
Src_cls_loss	: 0.2088
-------------------------------------
[Epoch : 14/40]
Src_cls_loss	: 0.1971
-------------------------------------
[Epoch : 15/40]
Src_cls_loss	: 0.1875
-------------------------------------
[Epoch : 16/40]
Src_cls_loss	: 0.1787
-------------------------------------
[Epoch : 17/40]
Src_cls_loss	: 0.1704
-------------------------------------
[Epoch : 18/40]
Src_cls_loss	: 0.1627
-------------------------------------
[Epoch : 19/40]
Src_cls_loss	: 0.1554
-------------------------------------
[Epoch : 20/40]
Src_cls_loss	: 0.1486
-------------------------------------
[Epoch : 21/40]
Src_cls_loss	: 0.1426
-------------------------------------
[Epoch : 22/40]
Src_cls_loss	: 0.1391
-------------------------------------
[Epoch : 23/40]
Src_cls_loss	: 0.1341
-------------------------------------
[Epoch : 24/40]
Src_cls_loss	: 0.1294
-------------------------------------
[Epoch : 25/40]
Src_cls_loss	: 0.1252
-------------------------------------
[Epoch : 26/40]
Src_cls_loss	: 0.1209
-------------------------------------
[Epoch : 27/40]
Src_cls_loss	: 0.1169
-------------------------------------
[Epoch : 28/40]
Src_cls_loss	: 0.1134
-------------------------------------
[Epoch : 29/40]
Src_cls_loss	: 0.1101
-------------------------------------
[Epoch : 30/40]
Src_cls_loss	: 0.1072
-------------------------------------
[Epoch : 31/40]
Src_cls_loss	: 0.1042
-------------------------------------
[Epoch : 32/40]
Src_cls_loss	: 0.1013
-------------------------------------
[Epoch : 33/40]
Src_cls_loss	: 0.0985
-------------------------------------
[Epoch : 34/40]
Src_cls_loss	: 0.0958
-------------------------------------
[Epoch : 35/40]
Src_cls_loss	: 0.0933
-------------------------------------
[Epoch : 36/40]
Src_cls_loss	: 0.0913
-------------------------------------
[Epoch : 37/40]
Src_cls_loss	: 0.0909
-------------------------------------
[Epoch : 38/40]
Src_cls_loss	: 0.0905
-------------------------------------
[Epoch : 39/40]
Src_cls_loss	: 0.0892
-------------------------------------
[Epoch : 40/40]
Src_cls_loss	: 0.0874
-------------------------------------
