=============================================
Dataset: realworld_mobiact
Method:  SYN
=============================================
Source: syn_wal_54 ---> Target: dp_wal_54
Run ID: 5
=============================================
[Epoch : 1/40]
Src_cls_loss	: 0.8874
-------------------------------------
[Epoch : 2/40]
Src_cls_loss	: 0.7487
-------------------------------------
[Epoch : 3/40]
Src_cls_loss	: 0.6128
-------------------------------------
[Epoch : 4/40]
Src_cls_loss	: 0.5065
-------------------------------------
[Epoch : 5/40]
Src_cls_loss	: 0.4250
-------------------------------------
[Epoch : 6/40]
Src_cls_loss	: 0.3644
-------------------------------------
[Epoch : 7/40]
Src_cls_loss	: 0.3193
-------------------------------------
[Epoch : 8/40]
Src_cls_loss	: 0.2849
-------------------------------------
[Epoch : 9/40]
Src_cls_loss	: 0.2561
-------------------------------------
[Epoch : 10/40]
Src_cls_loss	: 0.2327
-------------------------------------
[Epoch : 11/40]
Src_cls_loss	: 0.2131
-------------------------------------
[Epoch : 12/40]
Src_cls_loss	: 0.1965
-------------------------------------
[Epoch : 13/40]
Src_cls_loss	: 0.1824
-------------------------------------
[Epoch : 14/40]
Src_cls_loss	: 0.1702
-------------------------------------
[Epoch : 15/40]
Src_cls_loss	: 0.1595
-------------------------------------
[Epoch : 16/40]
Src_cls_loss	: 0.1505
-------------------------------------
[Epoch : 17/40]
Src_cls_loss	: 0.1423
-------------------------------------
[Epoch : 18/40]
Src_cls_loss	: 0.1349
-------------------------------------
[Epoch : 19/40]
Src_cls_loss	: 0.1287
-------------------------------------
[Epoch : 20/40]
Src_cls_loss	: 0.1226
-------------------------------------
[Epoch : 21/40]
Src_cls_loss	: 0.1176
-------------------------------------
[Epoch : 22/40]
Src_cls_loss	: 0.1127
-------------------------------------
[Epoch : 23/40]
Src_cls_loss	: 0.1081
-------------------------------------
[Epoch : 24/40]
Src_cls_loss	: 0.1038
-------------------------------------
[Epoch : 25/40]
Src_cls_loss	: 0.0999
-------------------------------------
[Epoch : 26/40]
Src_cls_loss	: 0.0963
-------------------------------------
[Epoch : 27/40]
Src_cls_loss	: 0.0928
-------------------------------------
[Epoch : 28/40]
Src_cls_loss	: 0.0896
-------------------------------------
[Epoch : 29/40]
Src_cls_loss	: 0.0867
-------------------------------------
[Epoch : 30/40]
Src_cls_loss	: 0.0839
-------------------------------------
[Epoch : 31/40]
Src_cls_loss	: 0.0813
-------------------------------------
[Epoch : 32/40]
Src_cls_loss	: 0.0788
-------------------------------------
[Epoch : 33/40]
Src_cls_loss	: 0.0765
-------------------------------------
[Epoch : 34/40]
Src_cls_loss	: 0.0744
-------------------------------------
[Epoch : 35/40]
Src_cls_loss	: 0.0723
-------------------------------------
[Epoch : 36/40]
Src_cls_loss	: 0.0704
-------------------------------------
[Epoch : 37/40]
Src_cls_loss	: 0.0686
-------------------------------------
[Epoch : 38/40]
Src_cls_loss	: 0.0669
-------------------------------------
[Epoch : 39/40]
Src_cls_loss	: 0.0652
-------------------------------------
[Epoch : 40/40]
Src_cls_loss	: 0.0636
-------------------------------------
