=============================================
Dataset: realworld_mobiact
Method:  NO_ADAPT
=============================================
Source: syn_28 ---> Target: dp_28
Run ID: 4
=============================================
[Epoch : 1/40]
Src_cls_loss	: 0.8364
-------------------------------------
[Epoch : 2/40]
Src_cls_loss	: 0.7027
-------------------------------------
[Epoch : 3/40]
Src_cls_loss	: 0.5749
-------------------------------------
[Epoch : 4/40]
Src_cls_loss	: 0.4774
-------------------------------------
[Epoch : 5/40]
Src_cls_loss	: 0.4040
-------------------------------------
[Epoch : 6/40]
Src_cls_loss	: 0.3508
-------------------------------------
[Epoch : 7/40]
Src_cls_loss	: 0.3101
-------------------------------------
[Epoch : 8/40]
Src_cls_loss	: 0.2817
-------------------------------------
[Epoch : 9/40]
Src_cls_loss	: 0.2569
-------------------------------------
[Epoch : 10/40]
Src_cls_loss	: 0.2364
-------------------------------------
[Epoch : 11/40]
Src_cls_loss	: 0.2172
-------------------------------------
[Epoch : 12/40]
Src_cls_loss	: 0.2028
-------------------------------------
[Epoch : 13/40]
Src_cls_loss	: 0.1895
-------------------------------------
[Epoch : 14/40]
Src_cls_loss	: 0.1777
-------------------------------------
[Epoch : 15/40]
Src_cls_loss	: 0.1673
-------------------------------------
[Epoch : 16/40]
Src_cls_loss	: 0.1580
-------------------------------------
[Epoch : 17/40]
Src_cls_loss	: 0.1495
-------------------------------------
[Epoch : 18/40]
Src_cls_loss	: 0.1421
-------------------------------------
[Epoch : 19/40]
Src_cls_loss	: 0.1352
-------------------------------------
[Epoch : 20/40]
Src_cls_loss	: 0.1291
-------------------------------------
[Epoch : 21/40]
Src_cls_loss	: 0.1235
-------------------------------------
[Epoch : 22/40]
Src_cls_loss	: 0.1182
-------------------------------------
[Epoch : 23/40]
Src_cls_loss	: 0.1135
-------------------------------------
[Epoch : 24/40]
Src_cls_loss	: 0.1091
-------------------------------------
[Epoch : 25/40]
Src_cls_loss	: 0.1050
-------------------------------------
[Epoch : 26/40]
Src_cls_loss	: 0.1016
-------------------------------------
[Epoch : 27/40]
Src_cls_loss	: 0.0983
-------------------------------------
[Epoch : 28/40]
Src_cls_loss	: 0.0951
-------------------------------------
[Epoch : 29/40]
Src_cls_loss	: 0.0921
-------------------------------------
[Epoch : 30/40]
Src_cls_loss	: 0.0893
-------------------------------------
[Epoch : 31/40]
Src_cls_loss	: 0.0866
-------------------------------------
[Epoch : 32/40]
Src_cls_loss	: 0.0844
-------------------------------------
[Epoch : 33/40]
Src_cls_loss	: 0.0821
-------------------------------------
[Epoch : 34/40]
Src_cls_loss	: 0.0799
-------------------------------------
[Epoch : 35/40]
Src_cls_loss	: 0.0779
-------------------------------------
[Epoch : 36/40]
Src_cls_loss	: 0.0759
-------------------------------------
[Epoch : 37/40]
Src_cls_loss	: 0.0740
-------------------------------------
[Epoch : 38/40]
Src_cls_loss	: 0.0722
-------------------------------------
[Epoch : 39/40]
Src_cls_loss	: 0.0705
-------------------------------------
[Epoch : 40/40]
Src_cls_loss	: 0.0688
-------------------------------------
