=============================================
Dataset: pamap_realworld
Method:  SYN
=============================================
Source: syn_wal_11 ---> Target: dp_wal_11
Run ID: 6
=============================================
[Epoch : 1/40]
Src_cls_loss	: 0.5888
-------------------------------------
[Epoch : 2/40]
Src_cls_loss	: 0.4247
-------------------------------------
[Epoch : 3/40]
Src_cls_loss	: 0.3312
-------------------------------------
[Epoch : 4/40]
Src_cls_loss	: 0.2681
-------------------------------------
[Epoch : 5/40]
Src_cls_loss	: 0.2244
-------------------------------------
[Epoch : 6/40]
Src_cls_loss	: 0.1933
-------------------------------------
[Epoch : 7/40]
Src_cls_loss	: 0.1702
-------------------------------------
[Epoch : 8/40]
Src_cls_loss	: 0.1525
-------------------------------------
[Epoch : 9/40]
Src_cls_loss	: 0.1395
-------------------------------------
[Epoch : 10/40]
Src_cls_loss	: 0.1276
-------------------------------------
[Epoch : 11/40]
Src_cls_loss	: 0.1172
-------------------------------------
[Epoch : 12/40]
Src_cls_loss	: 0.1087
-------------------------------------
[Epoch : 13/40]
Src_cls_loss	: 0.1016
-------------------------------------
[Epoch : 14/40]
Src_cls_loss	: 0.0955
-------------------------------------
[Epoch : 15/40]
Src_cls_loss	: 0.0896
-------------------------------------
[Epoch : 16/40]
Src_cls_loss	: 0.0845
-------------------------------------
[Epoch : 17/40]
Src_cls_loss	: 0.0799
-------------------------------------
[Epoch : 18/40]
Src_cls_loss	: 0.0760
-------------------------------------
[Epoch : 19/40]
Src_cls_loss	: 0.0730
-------------------------------------
[Epoch : 20/40]
Src_cls_loss	: 0.0699
-------------------------------------
[Epoch : 21/40]
Src_cls_loss	: 0.0670
-------------------------------------
[Epoch : 22/40]
Src_cls_loss	: 0.0642
-------------------------------------
[Epoch : 23/40]
Src_cls_loss	: 0.0617
-------------------------------------
[Epoch : 24/40]
Src_cls_loss	: 0.0592
-------------------------------------
[Epoch : 25/40]
Src_cls_loss	: 0.0571
-------------------------------------
[Epoch : 26/40]
Src_cls_loss	: 0.0552
-------------------------------------
[Epoch : 27/40]
Src_cls_loss	: 0.0533
-------------------------------------
[Epoch : 28/40]
Src_cls_loss	: 0.0515
-------------------------------------
[Epoch : 29/40]
Src_cls_loss	: 0.0498
-------------------------------------
[Epoch : 30/40]
Src_cls_loss	: 0.0482
-------------------------------------
[Epoch : 31/40]
Src_cls_loss	: 0.0467
-------------------------------------
[Epoch : 32/40]
Src_cls_loss	: 0.0453
-------------------------------------
[Epoch : 33/40]
Src_cls_loss	: 0.0440
-------------------------------------
[Epoch : 34/40]
Src_cls_loss	: 0.0428
-------------------------------------
[Epoch : 35/40]
Src_cls_loss	: 0.0416
-------------------------------------
[Epoch : 36/40]
Src_cls_loss	: 0.0405
-------------------------------------
[Epoch : 37/40]
Src_cls_loss	: 0.0395
-------------------------------------
[Epoch : 38/40]
Src_cls_loss	: 0.0387
-------------------------------------
[Epoch : 39/40]
Src_cls_loss	: 0.0378
-------------------------------------
[Epoch : 40/40]
Src_cls_loss	: 0.0370
-------------------------------------
