=============================================
Dataset: realworld_mobiact
Method:  TARGET_ONLY
=============================================
Source: src ---> Target: trg
Run ID: 0
=============================================
[Epoch : 1/100]
Trg_cls_loss	: 0.6466
-------------------------------------
[Epoch : 2/100]
Trg_cls_loss	: 0.5161
-------------------------------------
[Epoch : 3/100]
Trg_cls_loss	: 0.4326
-------------------------------------
[Epoch : 4/100]
Trg_cls_loss	: 0.3734
-------------------------------------
[Epoch : 5/100]
Trg_cls_loss	: 0.3276
-------------------------------------
[Epoch : 6/100]
Trg_cls_loss	: 0.2917
-------------------------------------
[Epoch : 7/100]
Trg_cls_loss	: 0.2625
-------------------------------------
[Epoch : 8/100]
Trg_cls_loss	: 0.2384
-------------------------------------
[Epoch : 9/100]
Trg_cls_loss	: 0.2182
Src_cls_loss	: 0.0000
-------------------------------------
[Epoch : 10/100]
Trg_cls_loss	: 0.2010
Src_cls_loss	: 0.0000
-------------------------------------
[Epoch : 11/100]
Trg_cls_loss	: 0.1863
Src_cls_loss	: 0.0000
-------------------------------------
[Epoch : 12/100]
Trg_cls_loss	: 0.1737
Src_cls_loss	: 0.0000
-------------------------------------
[Epoch : 13/100]
Trg_cls_loss	: 0.1624
Src_cls_loss	: 0.0000
-------------------------------------
[Epoch : 14/100]
Trg_cls_loss	: 0.1526
Src_cls_loss	: 0.0000
-------------------------------------
[Epoch : 15/100]
Trg_cls_loss	: 0.1439
Src_cls_loss	: 0.0000
-------------------------------------
[Epoch : 16/100]
Trg_cls_loss	: 0.1360
Src_cls_loss	: 0.0000
-------------------------------------
[Epoch : 17/100]
Trg_cls_loss	: 0.1288
Src_cls_loss	: 0.0000
-------------------------------------
[Epoch : 18/100]
Trg_cls_loss	: 0.1225
Src_cls_loss	: 0.0000
-------------------------------------
[Epoch : 19/100]
Trg_cls_loss	: 0.1167
Src_cls_loss	: 0.0000
-------------------------------------
[Epoch : 20/100]
Trg_cls_loss	: 0.1114
Src_cls_loss	: 0.0000
-------------------------------------
[Epoch : 21/100]
Trg_cls_loss	: 0.1066
Src_cls_loss	: 0.0000
-------------------------------------
[Epoch : 22/100]
Trg_cls_loss	: 0.1022
Src_cls_loss	: 0.0000
-------------------------------------
[Epoch : 23/100]
Trg_cls_loss	: 0.0981
Src_cls_loss	: 0.0000
-------------------------------------
[Epoch : 24/100]
Trg_cls_loss	: 0.0944
Src_cls_loss	: 0.0000
-------------------------------------
[Epoch : 25/100]
Trg_cls_loss	: 0.0908
Src_cls_loss	: 0.0000
-------------------------------------
[Epoch : 26/100]
Trg_cls_loss	: 0.0876
Src_cls_loss	: 0.0000
-------------------------------------
[Epoch : 27/100]
Trg_cls_loss	: 0.0845
Src_cls_loss	: 0.0000
-------------------------------------
[Epoch : 28/100]
Trg_cls_loss	: 0.0817
Src_cls_loss	: 0.0000
-------------------------------------
[Epoch : 29/100]
Trg_cls_loss	: 0.0790
Src_cls_loss	: 0.0000
-------------------------------------
[Epoch : 30/100]
Trg_cls_loss	: 0.0765
Src_cls_loss	: 0.0000
-------------------------------------
[Epoch : 31/100]
Trg_cls_loss	: 0.0742
Src_cls_loss	: 0.0000
-------------------------------------
[Epoch : 32/100]
Trg_cls_loss	: 0.0719
Src_cls_loss	: 0.0000
-------------------------------------
[Epoch : 33/100]
Trg_cls_loss	: 0.0699
Src_cls_loss	: 0.0000
-------------------------------------
[Epoch : 34/100]
Trg_cls_loss	: 0.0679
Src_cls_loss	: 0.0000
-------------------------------------
[Epoch : 35/100]
Trg_cls_loss	: 0.0661
Src_cls_loss	: 0.0000
-------------------------------------
[Epoch : 36/100]
Trg_cls_loss	: 0.0643
Src_cls_loss	: 0.0000
-------------------------------------
[Epoch : 37/100]
Trg_cls_loss	: 0.0626
Src_cls_loss	: 0.0000
-------------------------------------
[Epoch : 38/100]
Trg_cls_loss	: 0.0610
Src_cls_loss	: 0.0000
-------------------------------------
[Epoch : 39/100]
Trg_cls_loss	: 0.0595
Src_cls_loss	: 0.0000
-------------------------------------
[Epoch : 40/100]
Trg_cls_loss	: 0.0581
Src_cls_loss	: 0.0000
-------------------------------------
[Epoch : 41/100]
Trg_cls_loss	: 0.0567
Src_cls_loss	: 0.0000
-------------------------------------
[Epoch : 42/100]
Trg_cls_loss	: 0.0554
Src_cls_loss	: 0.0000
-------------------------------------
[Epoch : 43/100]
Trg_cls_loss	: 0.0541
Src_cls_loss	: 0.0000
-------------------------------------
[Epoch : 44/100]
Trg_cls_loss	: 0.0529
Src_cls_loss	: 0.0000
-------------------------------------
[Epoch : 45/100]
Trg_cls_loss	: 0.0518
Src_cls_loss	: 0.0000
-------------------------------------
[Epoch : 46/100]
Trg_cls_loss	: 0.0507
Src_cls_loss	: 0.0000
-------------------------------------
[Epoch : 47/100]
Trg_cls_loss	: 0.0497
Src_cls_loss	: 0.0000
-------------------------------------
[Epoch : 48/100]
Trg_cls_loss	: 0.0487
Src_cls_loss	: 0.0000
-------------------------------------
[Epoch : 49/100]
Trg_cls_loss	: 0.0478
Src_cls_loss	: 0.0000
-------------------------------------
[Epoch : 50/100]
Trg_cls_loss	: 0.0469
Src_cls_loss	: 0.0000
-------------------------------------
[Epoch : 51/100]
Trg_cls_loss	: 0.0460
Src_cls_loss	: 0.0000
-------------------------------------
[Epoch : 52/100]
Trg_cls_loss	: 0.0451
Src_cls_loss	: 0.0000
-------------------------------------
[Epoch : 53/100]
Trg_cls_loss	: 0.0443
Src_cls_loss	: 0.0000
-------------------------------------
[Epoch : 54/100]
Trg_cls_loss	: 0.0434
Src_cls_loss	: 0.0000
-------------------------------------
[Epoch : 55/100]
Trg_cls_loss	: 0.0427
Src_cls_loss	: 0.0000
-------------------------------------
[Epoch : 56/100]
Trg_cls_loss	: 0.0419
Src_cls_loss	: 0.0000
-------------------------------------
[Epoch : 57/100]
Trg_cls_loss	: 0.0412
Src_cls_loss	: 0.0000
-------------------------------------
[Epoch : 58/100]
Trg_cls_loss	: 0.0405
Src_cls_loss	: 0.0000
-------------------------------------
[Epoch : 59/100]
Trg_cls_loss	: 0.0399
Src_cls_loss	: 0.0000
-------------------------------------
[Epoch : 60/100]
Trg_cls_loss	: 0.0392
Src_cls_loss	: 0.0000
-------------------------------------
[Epoch : 61/100]
Trg_cls_loss	: 0.0386
Src_cls_loss	: 0.0000
-------------------------------------
[Epoch : 62/100]
Trg_cls_loss	: 0.0380
Src_cls_loss	: 0.0000
-------------------------------------
[Epoch : 63/100]
Trg_cls_loss	: 0.0374
Src_cls_loss	: 0.0000
-------------------------------------
[Epoch : 64/100]
Trg_cls_loss	: 0.0368
Src_cls_loss	: 0.0000
-------------------------------------
[Epoch : 65/100]
Trg_cls_loss	: 0.0363
Src_cls_loss	: 0.0000
-------------------------------------
[Epoch : 66/100]
Trg_cls_loss	: 0.0357
Src_cls_loss	: 0.0000
-------------------------------------
[Epoch : 67/100]
Trg_cls_loss	: 0.0352
Src_cls_loss	: 0.0000
-------------------------------------
[Epoch : 68/100]
Trg_cls_loss	: 0.0347
Src_cls_loss	: 0.0000
-------------------------------------
[Epoch : 69/100]
Trg_cls_loss	: 0.0342
Src_cls_loss	: 0.0000
-------------------------------------
[Epoch : 70/100]
Trg_cls_loss	: 0.0337
Src_cls_loss	: 0.0000
-------------------------------------
[Epoch : 71/100]
Trg_cls_loss	: 0.0332
Src_cls_loss	: 0.0000
-------------------------------------
[Epoch : 72/100]
Trg_cls_loss	: 0.0328
Src_cls_loss	: 0.0000
-------------------------------------
[Epoch : 73/100]
Trg_cls_loss	: 0.0323
Src_cls_loss	: 0.0000
-------------------------------------
[Epoch : 74/100]
Trg_cls_loss	: 0.0319
Src_cls_loss	: 0.0000
-------------------------------------
[Epoch : 75/100]
Trg_cls_loss	: 0.0315
Src_cls_loss	: 0.0000
-------------------------------------
[Epoch : 76/100]
Trg_cls_loss	: 0.0311
Src_cls_loss	: 0.0000
-------------------------------------
[Epoch : 77/100]
Trg_cls_loss	: 0.0307
Src_cls_loss	: 0.0000
-------------------------------------
[Epoch : 78/100]
Trg_cls_loss	: 0.0304
Src_cls_loss	: 0.0000
-------------------------------------
[Epoch : 79/100]
Trg_cls_loss	: 0.0300
Src_cls_loss	: 0.0000
-------------------------------------
[Epoch : 80/100]
Trg_cls_loss	: 0.0297
Src_cls_loss	: 0.0000
-------------------------------------
[Epoch : 81/100]
Trg_cls_loss	: 0.0293
Src_cls_loss	: 0.0000
-------------------------------------
[Epoch : 82/100]
Trg_cls_loss	: 0.0289
Src_cls_loss	: 0.0000
-------------------------------------
[Epoch : 83/100]
Trg_cls_loss	: 0.0286
Src_cls_loss	: 0.0000
-------------------------------------
[Epoch : 84/100]
Trg_cls_loss	: 0.0283
Src_cls_loss	: 0.0000
-------------------------------------
[Epoch : 85/100]
Trg_cls_loss	: 0.0279
Src_cls_loss	: 0.0000
-------------------------------------
[Epoch : 86/100]
Trg_cls_loss	: 0.0276
Src_cls_loss	: 0.0000
-------------------------------------
[Epoch : 87/100]
Trg_cls_loss	: 0.0273
Src_cls_loss	: 0.0000
-------------------------------------
[Epoch : 88/100]
Trg_cls_loss	: 0.0270
Src_cls_loss	: 0.0000
-------------------------------------
[Epoch : 89/100]
Trg_cls_loss	: 0.0267
Src_cls_loss	: 0.0000
-------------------------------------
[Epoch : 90/100]
Trg_cls_loss	: 0.0265
Src_cls_loss	: 0.0000
-------------------------------------
[Epoch : 91/100]
Trg_cls_loss	: 0.0262
Src_cls_loss	: 0.0000
-------------------------------------
[Epoch : 92/100]
Trg_cls_loss	: 0.0259
Src_cls_loss	: 0.0000
-------------------------------------
[Epoch : 93/100]
Trg_cls_loss	: 0.0256
Src_cls_loss	: 0.0000
-------------------------------------
[Epoch : 94/100]
Trg_cls_loss	: 0.0253
Src_cls_loss	: 0.0000
-------------------------------------
[Epoch : 95/100]
Trg_cls_loss	: 0.0251
Src_cls_loss	: 0.0000
-------------------------------------
[Epoch : 96/100]
Trg_cls_loss	: 0.0248
Src_cls_loss	: 0.0000
-------------------------------------
[Epoch : 97/100]
Trg_cls_loss	: 0.0246
Src_cls_loss	: 0.0000
-------------------------------------
[Epoch : 98/100]
Trg_cls_loss	: 0.0243
Src_cls_loss	: 0.0000
-------------------------------------
[Epoch : 99/100]
Trg_cls_loss	: 0.0241
Src_cls_loss	: 0.0000
-------------------------------------
[Epoch : 100/100]
Trg_cls_loss	: 0.0238
Src_cls_loss	: 0.0000
-------------------------------------
