=============================================
Dataset: realworld_mobiact
Method:  Deep_Coral
=============================================
Source: df ---> Target: dp_wal_39
Run ID: 0
=============================================
[Epoch : 1/40]
Total_loss	: 2.4516
Src_cls_loss	: 0.3673
coral_loss	: 0.0006
-------------------------------------
[Epoch : 2/40]
Total_loss	: 2.0030
Src_cls_loss	: 0.3000
coral_loss	: 0.0006
-------------------------------------
[Epoch : 3/40]
Total_loss	: 1.7615
Src_cls_loss	: 0.2638
coral_loss	: 0.0006
-------------------------------------
[Epoch : 4/40]
Total_loss	: 1.6048
Src_cls_loss	: 0.2403
coral_loss	: 0.0006
-------------------------------------
[Epoch : 5/40]
Total_loss	: 1.4930
Src_cls_loss	: 0.2235
coral_loss	: 0.0005
-------------------------------------
[Epoch : 6/40]
Total_loss	: 1.4111
Src_cls_loss	: 0.2113
coral_loss	: 0.0005
-------------------------------------
[Epoch : 7/40]
Total_loss	: 1.3461
Src_cls_loss	: 0.2015
coral_loss	: 0.0005
-------------------------------------
[Epoch : 8/40]
Total_loss	: 1.2860
Src_cls_loss	: 0.1925
coral_loss	: 0.0005
-------------------------------------
[Epoch : 9/40]
Total_loss	: 1.2285
Src_cls_loss	: 0.1839
coral_loss	: 0.0005
-------------------------------------
[Epoch : 10/40]
Total_loss	: 1.1813
Src_cls_loss	: 0.1768
coral_loss	: 0.0005
-------------------------------------
[Epoch : 11/40]
Total_loss	: 1.1383
Src_cls_loss	: 0.1704
coral_loss	: 0.0005
-------------------------------------
[Epoch : 12/40]
Total_loss	: 1.0990
Src_cls_loss	: 0.1645
coral_loss	: 0.0004
-------------------------------------
[Epoch : 13/40]
Total_loss	: 1.0635
Src_cls_loss	: 0.1592
coral_loss	: 0.0004
-------------------------------------
[Epoch : 14/40]
Total_loss	: 1.0314
Src_cls_loss	: 0.1544
coral_loss	: 0.0004
-------------------------------------
[Epoch : 15/40]
Total_loss	: 1.0017
Src_cls_loss	: 0.1499
coral_loss	: 0.0004
-------------------------------------
[Epoch : 16/40]
Total_loss	: 0.9730
Src_cls_loss	: 0.1456
coral_loss	: 0.0004
-------------------------------------
[Epoch : 17/40]
Total_loss	: 0.9462
Src_cls_loss	: 0.1416
coral_loss	: 0.0004
-------------------------------------
[Epoch : 18/40]
Total_loss	: 0.9225
Src_cls_loss	: 0.1381
coral_loss	: 0.0004
-------------------------------------
[Epoch : 19/40]
Total_loss	: 0.8981
Src_cls_loss	: 0.1344
coral_loss	: 0.0004
-------------------------------------
[Epoch : 20/40]
Total_loss	: 0.8755
Src_cls_loss	: 0.1310
coral_loss	: 0.0004
-------------------------------------
[Epoch : 21/40]
Total_loss	: 0.8539
Src_cls_loss	: 0.1278
coral_loss	: 0.0004
-------------------------------------
[Epoch : 22/40]
Total_loss	: 0.8329
Src_cls_loss	: 0.1247
coral_loss	: 0.0004
-------------------------------------
[Epoch : 23/40]
Total_loss	: 0.8136
Src_cls_loss	: 0.1218
coral_loss	: 0.0004
-------------------------------------
[Epoch : 24/40]
Total_loss	: 0.7946
Src_cls_loss	: 0.1189
coral_loss	: 0.0003
-------------------------------------
[Epoch : 25/40]
Total_loss	: 0.7765
Src_cls_loss	: 0.1162
coral_loss	: 0.0003
-------------------------------------
[Epoch : 26/40]
Total_loss	: 0.7587
Src_cls_loss	: 0.1135
coral_loss	: 0.0003
-------------------------------------
[Epoch : 27/40]
Total_loss	: 0.7421
Src_cls_loss	: 0.1111
coral_loss	: 0.0003
-------------------------------------
[Epoch : 28/40]
Total_loss	: 0.7260
Src_cls_loss	: 0.1086
coral_loss	: 0.0003
-------------------------------------
[Epoch : 29/40]
Total_loss	: 0.7111
Src_cls_loss	: 0.1064
coral_loss	: 0.0003
-------------------------------------
[Epoch : 30/40]
Total_loss	: 0.6971
Src_cls_loss	: 0.1043
coral_loss	: 0.0003
-------------------------------------
[Epoch : 31/40]
Total_loss	: 0.6826
Src_cls_loss	: 0.1021
coral_loss	: 0.0003
-------------------------------------
[Epoch : 32/40]
Total_loss	: 0.6686
Src_cls_loss	: 0.1000
coral_loss	: 0.0003
-------------------------------------
[Epoch : 33/40]
Total_loss	: 0.6555
Src_cls_loss	: 0.0981
coral_loss	: 0.0003
-------------------------------------
[Epoch : 34/40]
Total_loss	: 0.6436
Src_cls_loss	: 0.0963
coral_loss	: 0.0003
-------------------------------------
[Epoch : 35/40]
Total_loss	: 0.6307
Src_cls_loss	: 0.0944
coral_loss	: 0.0003
-------------------------------------
[Epoch : 36/40]
Total_loss	: 0.6196
Src_cls_loss	: 0.0927
coral_loss	: 0.0003
-------------------------------------
[Epoch : 37/40]
Total_loss	: 0.6079
Src_cls_loss	: 0.0909
coral_loss	: 0.0003
-------------------------------------
[Epoch : 38/40]
Total_loss	: 0.5973
Src_cls_loss	: 0.0894
coral_loss	: 0.0003
-------------------------------------
[Epoch : 39/40]
Total_loss	: 0.5870
Src_cls_loss	: 0.0878
coral_loss	: 0.0003
-------------------------------------
[Epoch : 40/40]
Total_loss	: 0.5771
Src_cls_loss	: 0.0863
coral_loss	: 0.0003
-------------------------------------
