=============================================
Dataset: pamap_mobiact
Method:  NO_ADAPT
=============================================
Source: syn_16 ---> Target: dp_16
Run ID: 5
=============================================
[Epoch : 1/40]
Src_cls_loss	: 0.6476
-------------------------------------
[Epoch : 2/40]
Src_cls_loss	: 0.4941
-------------------------------------
[Epoch : 3/40]
Src_cls_loss	: 0.4013
-------------------------------------
[Epoch : 4/40]
Src_cls_loss	: 0.3352
-------------------------------------
[Epoch : 5/40]
Src_cls_loss	: 0.2914
-------------------------------------
[Epoch : 6/40]
Src_cls_loss	: 0.2570
-------------------------------------
[Epoch : 7/40]
Src_cls_loss	: 0.2296
-------------------------------------
[Epoch : 8/40]
Src_cls_loss	: 0.2077
-------------------------------------
[Epoch : 9/40]
Src_cls_loss	: 0.1891
-------------------------------------
[Epoch : 10/40]
Src_cls_loss	: 0.1734
-------------------------------------
[Epoch : 11/40]
Src_cls_loss	: 0.1608
-------------------------------------
[Epoch : 12/40]
Src_cls_loss	: 0.1515
-------------------------------------
[Epoch : 13/40]
Src_cls_loss	: 0.1426
-------------------------------------
[Epoch : 14/40]
Src_cls_loss	: 0.1354
-------------------------------------
[Epoch : 15/40]
Src_cls_loss	: 0.1284
-------------------------------------
[Epoch : 16/40]
Src_cls_loss	: 0.1232
-------------------------------------
[Epoch : 17/40]
Src_cls_loss	: 0.1175
-------------------------------------
[Epoch : 18/40]
Src_cls_loss	: 0.1117
-------------------------------------
[Epoch : 19/40]
Src_cls_loss	: 0.1063
-------------------------------------
[Epoch : 20/40]
Src_cls_loss	: 0.1015
-------------------------------------
[Epoch : 21/40]
Src_cls_loss	: 0.0975
-------------------------------------
[Epoch : 22/40]
Src_cls_loss	: 0.0941
-------------------------------------
[Epoch : 23/40]
Src_cls_loss	: 0.0906
-------------------------------------
[Epoch : 24/40]
Src_cls_loss	: 0.0872
-------------------------------------
[Epoch : 25/40]
Src_cls_loss	: 0.0842
-------------------------------------
[Epoch : 26/40]
Src_cls_loss	: 0.0815
-------------------------------------
[Epoch : 27/40]
Src_cls_loss	: 0.0789
-------------------------------------
[Epoch : 28/40]
Src_cls_loss	: 0.0763
-------------------------------------
[Epoch : 29/40]
Src_cls_loss	: 0.0740
-------------------------------------
[Epoch : 30/40]
Src_cls_loss	: 0.0717
-------------------------------------
[Epoch : 31/40]
Src_cls_loss	: 0.0696
-------------------------------------
[Epoch : 32/40]
Src_cls_loss	: 0.0676
-------------------------------------
[Epoch : 33/40]
Src_cls_loss	: 0.0657
-------------------------------------
[Epoch : 34/40]
Src_cls_loss	: 0.0639
-------------------------------------
[Epoch : 35/40]
Src_cls_loss	: 0.0622
-------------------------------------
[Epoch : 36/40]
Src_cls_loss	: 0.0606
-------------------------------------
[Epoch : 37/40]
Src_cls_loss	: 0.0592
-------------------------------------
[Epoch : 38/40]
Src_cls_loss	: 0.0579
-------------------------------------
[Epoch : 39/40]
Src_cls_loss	: 0.0566
-------------------------------------
[Epoch : 40/40]
Src_cls_loss	: 0.0553
-------------------------------------
