=============================================
Dataset: realworld_mobiact
Method:  SYN
=============================================
Source: syn_wal_61 ---> Target: dp_wal_61
Run ID: 9
=============================================
[Epoch : 1/40]
Src_cls_loss	: 0.8506
-------------------------------------
[Epoch : 2/40]
Src_cls_loss	: 0.7094
-------------------------------------
[Epoch : 3/40]
Src_cls_loss	: 0.5774
-------------------------------------
[Epoch : 4/40]
Src_cls_loss	: 0.4702
-------------------------------------
[Epoch : 5/40]
Src_cls_loss	: 0.3917
-------------------------------------
[Epoch : 6/40]
Src_cls_loss	: 0.3353
-------------------------------------
[Epoch : 7/40]
Src_cls_loss	: 0.2930
-------------------------------------
[Epoch : 8/40]
Src_cls_loss	: 0.2600
-------------------------------------
[Epoch : 9/40]
Src_cls_loss	: 0.2336
-------------------------------------
[Epoch : 10/40]
Src_cls_loss	: 0.2117
-------------------------------------
[Epoch : 11/40]
Src_cls_loss	: 0.1938
-------------------------------------
[Epoch : 12/40]
Src_cls_loss	: 0.1786
-------------------------------------
[Epoch : 13/40]
Src_cls_loss	: 0.1657
-------------------------------------
[Epoch : 14/40]
Src_cls_loss	: 0.1547
-------------------------------------
[Epoch : 15/40]
Src_cls_loss	: 0.1451
-------------------------------------
[Epoch : 16/40]
Src_cls_loss	: 0.1365
-------------------------------------
[Epoch : 17/40]
Src_cls_loss	: 0.1290
-------------------------------------
[Epoch : 18/40]
Src_cls_loss	: 0.1221
-------------------------------------
[Epoch : 19/40]
Src_cls_loss	: 0.1161
-------------------------------------
[Epoch : 20/40]
Src_cls_loss	: 0.1105
-------------------------------------
[Epoch : 21/40]
Src_cls_loss	: 0.1054
-------------------------------------
[Epoch : 22/40]
Src_cls_loss	: 0.1008
-------------------------------------
[Epoch : 23/40]
Src_cls_loss	: 0.0966
-------------------------------------
[Epoch : 24/40]
Src_cls_loss	: 0.0928
-------------------------------------
[Epoch : 25/40]
Src_cls_loss	: 0.0893
-------------------------------------
[Epoch : 26/40]
Src_cls_loss	: 0.0861
-------------------------------------
[Epoch : 27/40]
Src_cls_loss	: 0.0831
-------------------------------------
[Epoch : 28/40]
Src_cls_loss	: 0.0803
-------------------------------------
[Epoch : 29/40]
Src_cls_loss	: 0.0777
-------------------------------------
[Epoch : 30/40]
Src_cls_loss	: 0.0752
-------------------------------------
[Epoch : 31/40]
Src_cls_loss	: 0.0728
-------------------------------------
[Epoch : 32/40]
Src_cls_loss	: 0.0706
-------------------------------------
[Epoch : 33/40]
Src_cls_loss	: 0.0686
-------------------------------------
[Epoch : 34/40]
Src_cls_loss	: 0.0666
-------------------------------------
[Epoch : 35/40]
Src_cls_loss	: 0.0648
-------------------------------------
[Epoch : 36/40]
Src_cls_loss	: 0.0630
-------------------------------------
[Epoch : 37/40]
Src_cls_loss	: 0.0614
-------------------------------------
[Epoch : 38/40]
Src_cls_loss	: 0.0598
-------------------------------------
[Epoch : 39/40]
Src_cls_loss	: 0.0584
-------------------------------------
[Epoch : 40/40]
Src_cls_loss	: 0.0570
-------------------------------------
