=============================================
Dataset: pamap_mobiact
Method:  SYN
=============================================
Source: syn_wal_32 ---> Target: dp_wal_32
Run ID: 8
=============================================
[Epoch : 1/40]
Src_cls_loss	: 0.6832
-------------------------------------
[Epoch : 2/40]
Src_cls_loss	: 0.5503
-------------------------------------
[Epoch : 3/40]
Src_cls_loss	: 0.4546
-------------------------------------
[Epoch : 4/40]
Src_cls_loss	: 0.3913
-------------------------------------
[Epoch : 5/40]
Src_cls_loss	: 0.3409
-------------------------------------
[Epoch : 6/40]
Src_cls_loss	: 0.3015
-------------------------------------
[Epoch : 7/40]
Src_cls_loss	: 0.2722
-------------------------------------
[Epoch : 8/40]
Src_cls_loss	: 0.2483
-------------------------------------
[Epoch : 9/40]
Src_cls_loss	: 0.2278
-------------------------------------
[Epoch : 10/40]
Src_cls_loss	: 0.2124
-------------------------------------
[Epoch : 11/40]
Src_cls_loss	: 0.1972
-------------------------------------
[Epoch : 12/40]
Src_cls_loss	: 0.1846
-------------------------------------
[Epoch : 13/40]
Src_cls_loss	: 0.1732
-------------------------------------
[Epoch : 14/40]
Src_cls_loss	: 0.1641
-------------------------------------
[Epoch : 15/40]
Src_cls_loss	: 0.1565
-------------------------------------
[Epoch : 16/40]
Src_cls_loss	: 0.1487
-------------------------------------
[Epoch : 17/40]
Src_cls_loss	: 0.1418
-------------------------------------
[Epoch : 18/40]
Src_cls_loss	: 0.1358
-------------------------------------
[Epoch : 19/40]
Src_cls_loss	: 0.1302
-------------------------------------
[Epoch : 20/40]
Src_cls_loss	: 0.1260
-------------------------------------
[Epoch : 21/40]
Src_cls_loss	: 0.1212
-------------------------------------
[Epoch : 22/40]
Src_cls_loss	: 0.1173
-------------------------------------
[Epoch : 23/40]
Src_cls_loss	: 0.1139
-------------------------------------
[Epoch : 24/40]
Src_cls_loss	: 0.1102
-------------------------------------
[Epoch : 25/40]
Src_cls_loss	: 0.1068
-------------------------------------
[Epoch : 26/40]
Src_cls_loss	: 0.1035
-------------------------------------
[Epoch : 27/40]
Src_cls_loss	: 0.1005
-------------------------------------
[Epoch : 28/40]
Src_cls_loss	: 0.0977
-------------------------------------
[Epoch : 29/40]
Src_cls_loss	: 0.0949
-------------------------------------
[Epoch : 30/40]
Src_cls_loss	: 0.0924
-------------------------------------
[Epoch : 31/40]
Src_cls_loss	: 0.0899
-------------------------------------
[Epoch : 32/40]
Src_cls_loss	: 0.0877
-------------------------------------
[Epoch : 33/40]
Src_cls_loss	: 0.0857
-------------------------------------
[Epoch : 34/40]
Src_cls_loss	: 0.0838
-------------------------------------
[Epoch : 35/40]
Src_cls_loss	: 0.0818
-------------------------------------
[Epoch : 36/40]
Src_cls_loss	: 0.0800
-------------------------------------
[Epoch : 37/40]
Src_cls_loss	: 0.0781
-------------------------------------
[Epoch : 38/40]
Src_cls_loss	: 0.0765
-------------------------------------
[Epoch : 39/40]
Src_cls_loss	: 0.0750
-------------------------------------
[Epoch : 40/40]
Src_cls_loss	: 0.0735
-------------------------------------
