=============================================
Dataset: mobiact_realworld
Method:  Deep_Coral
=============================================
Source: df ---> Target: dp_wal_75
Run ID: 0
=============================================
[Epoch : 1/40]
Total_loss	: 3.5347
Src_cls_loss	: 0.5301
coral_loss	: 0.0004
-------------------------------------
[Epoch : 2/40]
Total_loss	: 2.9071
Src_cls_loss	: 0.4359
coral_loss	: 0.0004
-------------------------------------
[Epoch : 3/40]
Total_loss	: 2.5394
Src_cls_loss	: 0.3808
coral_loss	: 0.0003
-------------------------------------
[Epoch : 4/40]
Total_loss	: 2.2448
Src_cls_loss	: 0.3366
coral_loss	: 0.0003
-------------------------------------
[Epoch : 5/40]
Total_loss	: 2.0273
Src_cls_loss	: 0.3040
coral_loss	: 0.0003
-------------------------------------
[Epoch : 6/40]
Total_loss	: 1.8604
Src_cls_loss	: 0.2790
coral_loss	: 0.0003
-------------------------------------
[Epoch : 7/40]
Total_loss	: 1.7207
Src_cls_loss	: 0.2580
coral_loss	: 0.0002
-------------------------------------
[Epoch : 8/40]
Total_loss	: 1.6024
Src_cls_loss	: 0.2403
coral_loss	: 0.0002
-------------------------------------
[Epoch : 9/40]
Total_loss	: 1.5045
Src_cls_loss	: 0.2256
coral_loss	: 0.0002
-------------------------------------
[Epoch : 10/40]
Total_loss	: 1.4180
Src_cls_loss	: 0.2126
coral_loss	: 0.0002
-------------------------------------
[Epoch : 11/40]
Total_loss	: 1.3450
Src_cls_loss	: 0.2017
coral_loss	: 0.0002
-------------------------------------
[Epoch : 12/40]
Total_loss	: 1.2797
Src_cls_loss	: 0.1919
coral_loss	: 0.0002
-------------------------------------
[Epoch : 13/40]
Total_loss	: 1.2200
Src_cls_loss	: 0.1829
coral_loss	: 0.0002
-------------------------------------
[Epoch : 14/40]
Total_loss	: 1.1682
Src_cls_loss	: 0.1751
coral_loss	: 0.0002
-------------------------------------
[Epoch : 15/40]
Total_loss	: 1.1195
Src_cls_loss	: 0.1678
coral_loss	: 0.0002
-------------------------------------
[Epoch : 16/40]
Total_loss	: 1.0793
Src_cls_loss	: 0.1618
coral_loss	: 0.0002
-------------------------------------
[Epoch : 17/40]
Total_loss	: 1.0417
Src_cls_loss	: 0.1562
coral_loss	: 0.0002
-------------------------------------
[Epoch : 18/40]
Total_loss	: 1.0085
Src_cls_loss	: 0.1512
coral_loss	: 0.0002
-------------------------------------
[Epoch : 19/40]
Total_loss	: 0.9758
Src_cls_loss	: 0.1463
coral_loss	: 0.0002
-------------------------------------
[Epoch : 20/40]
Total_loss	: 0.9463
Src_cls_loss	: 0.1419
coral_loss	: 0.0002
-------------------------------------
[Epoch : 21/40]
Total_loss	: 0.9176
Src_cls_loss	: 0.1375
coral_loss	: 0.0002
-------------------------------------
[Epoch : 22/40]
Total_loss	: 0.8920
Src_cls_loss	: 0.1337
coral_loss	: 0.0002
-------------------------------------
[Epoch : 23/40]
Total_loss	: 0.8665
Src_cls_loss	: 0.1299
coral_loss	: 0.0002
-------------------------------------
[Epoch : 24/40]
Total_loss	: 0.8427
Src_cls_loss	: 0.1263
coral_loss	: 0.0002
-------------------------------------
[Epoch : 25/40]
Total_loss	: 0.8215
Src_cls_loss	: 0.1231
coral_loss	: 0.0002
-------------------------------------
[Epoch : 26/40]
Total_loss	: 0.8014
Src_cls_loss	: 0.1201
coral_loss	: 0.0002
-------------------------------------
[Epoch : 27/40]
Total_loss	: 0.7830
Src_cls_loss	: 0.1174
coral_loss	: 0.0002
-------------------------------------
[Epoch : 28/40]
Total_loss	: 0.7650
Src_cls_loss	: 0.1147
coral_loss	: 0.0002
-------------------------------------
[Epoch : 29/40]
Total_loss	: 0.7475
Src_cls_loss	: 0.1120
coral_loss	: 0.0002
-------------------------------------
[Epoch : 30/40]
Total_loss	: 0.7310
Src_cls_loss	: 0.1096
coral_loss	: 0.0001
-------------------------------------
[Epoch : 31/40]
Total_loss	: 0.7157
Src_cls_loss	: 0.1073
coral_loss	: 0.0001
-------------------------------------
[Epoch : 32/40]
Total_loss	: 0.7011
Src_cls_loss	: 0.1051
coral_loss	: 0.0001
-------------------------------------
[Epoch : 33/40]
Total_loss	: 0.6868
Src_cls_loss	: 0.1029
coral_loss	: 0.0001
-------------------------------------
[Epoch : 34/40]
Total_loss	: 0.6740
Src_cls_loss	: 0.1010
coral_loss	: 0.0001
-------------------------------------
[Epoch : 35/40]
Total_loss	: 0.6616
Src_cls_loss	: 0.0991
coral_loss	: 0.0001
-------------------------------------
[Epoch : 36/40]
Total_loss	: 0.6493
Src_cls_loss	: 0.0973
coral_loss	: 0.0001
-------------------------------------
[Epoch : 37/40]
Total_loss	: 0.6374
Src_cls_loss	: 0.0955
coral_loss	: 0.0001
-------------------------------------
[Epoch : 38/40]
Total_loss	: 0.6265
Src_cls_loss	: 0.0939
coral_loss	: 0.0001
-------------------------------------
[Epoch : 39/40]
Total_loss	: 0.6164
Src_cls_loss	: 0.0924
coral_loss	: 0.0001
-------------------------------------
[Epoch : 40/40]
Total_loss	: 0.6072
Src_cls_loss	: 0.0910
coral_loss	: 0.0001
-------------------------------------
