=============================================
Dataset: mobiact_realworld
Method:  Deep_Coral
=============================================
Source: df ---> Target: dp_wal_63
Run ID: 0
=============================================
[Epoch : 1/40]
Total_loss	: 3.5337
Src_cls_loss	: 0.5300
coral_loss	: 0.0004
-------------------------------------
[Epoch : 2/40]
Total_loss	: 2.9050
Src_cls_loss	: 0.4357
coral_loss	: 0.0003
-------------------------------------
[Epoch : 3/40]
Total_loss	: 2.5347
Src_cls_loss	: 0.3801
coral_loss	: 0.0003
-------------------------------------
[Epoch : 4/40]
Total_loss	: 2.2399
Src_cls_loss	: 0.3359
coral_loss	: 0.0003
-------------------------------------
[Epoch : 5/40]
Total_loss	: 2.0230
Src_cls_loss	: 0.3034
coral_loss	: 0.0002
-------------------------------------
[Epoch : 6/40]
Total_loss	: 1.8565
Src_cls_loss	: 0.2784
coral_loss	: 0.0002
-------------------------------------
[Epoch : 7/40]
Total_loss	: 1.7172
Src_cls_loss	: 0.2575
coral_loss	: 0.0002
-------------------------------------
[Epoch : 8/40]
Total_loss	: 1.5994
Src_cls_loss	: 0.2398
coral_loss	: 0.0002
-------------------------------------
[Epoch : 9/40]
Total_loss	: 1.5024
Src_cls_loss	: 0.2253
coral_loss	: 0.0002
-------------------------------------
[Epoch : 10/40]
Total_loss	: 1.4161
Src_cls_loss	: 0.2123
coral_loss	: 0.0002
-------------------------------------
[Epoch : 11/40]
Total_loss	: 1.3431
Src_cls_loss	: 0.2014
coral_loss	: 0.0002
-------------------------------------
[Epoch : 12/40]
Total_loss	: 1.2780
Src_cls_loss	: 0.1916
coral_loss	: 0.0002
-------------------------------------
[Epoch : 13/40]
Total_loss	: 1.2189
Src_cls_loss	: 0.1828
coral_loss	: 0.0002
-------------------------------------
[Epoch : 14/40]
Total_loss	: 1.1672
Src_cls_loss	: 0.1750
coral_loss	: 0.0002
-------------------------------------
[Epoch : 15/40]
Total_loss	: 1.1182
Src_cls_loss	: 0.1677
coral_loss	: 0.0002
-------------------------------------
[Epoch : 16/40]
Total_loss	: 1.0778
Src_cls_loss	: 0.1616
coral_loss	: 0.0002
-------------------------------------
[Epoch : 17/40]
Total_loss	: 1.0400
Src_cls_loss	: 0.1559
coral_loss	: 0.0002
-------------------------------------
[Epoch : 18/40]
Total_loss	: 1.0069
Src_cls_loss	: 0.1510
coral_loss	: 0.0002
-------------------------------------
[Epoch : 19/40]
Total_loss	: 0.9741
Src_cls_loss	: 0.1460
coral_loss	: 0.0002
-------------------------------------
[Epoch : 20/40]
Total_loss	: 0.9448
Src_cls_loss	: 0.1417
coral_loss	: 0.0002
-------------------------------------
[Epoch : 21/40]
Total_loss	: 0.9167
Src_cls_loss	: 0.1374
coral_loss	: 0.0002
-------------------------------------
[Epoch : 22/40]
Total_loss	: 0.8913
Src_cls_loss	: 0.1336
coral_loss	: 0.0001
-------------------------------------
[Epoch : 23/40]
Total_loss	: 0.8656
Src_cls_loss	: 0.1298
coral_loss	: 0.0001
-------------------------------------
[Epoch : 24/40]
Total_loss	: 0.8422
Src_cls_loss	: 0.1263
coral_loss	: 0.0001
-------------------------------------
[Epoch : 25/40]
Total_loss	: 0.8208
Src_cls_loss	: 0.1230
coral_loss	: 0.0001
-------------------------------------
[Epoch : 26/40]
Total_loss	: 0.8007
Src_cls_loss	: 0.1200
coral_loss	: 0.0001
-------------------------------------
[Epoch : 27/40]
Total_loss	: 0.7820
Src_cls_loss	: 0.1172
coral_loss	: 0.0001
-------------------------------------
[Epoch : 28/40]
Total_loss	: 0.7639
Src_cls_loss	: 0.1145
coral_loss	: 0.0001
-------------------------------------
[Epoch : 29/40]
Total_loss	: 0.7464
Src_cls_loss	: 0.1119
coral_loss	: 0.0001
-------------------------------------
[Epoch : 30/40]
Total_loss	: 0.7300
Src_cls_loss	: 0.1094
coral_loss	: 0.0001
-------------------------------------
[Epoch : 31/40]
Total_loss	: 0.7146
Src_cls_loss	: 0.1071
coral_loss	: 0.0001
-------------------------------------
[Epoch : 32/40]
Total_loss	: 0.6998
Src_cls_loss	: 0.1049
coral_loss	: 0.0001
-------------------------------------
[Epoch : 33/40]
Total_loss	: 0.6858
Src_cls_loss	: 0.1028
coral_loss	: 0.0001
-------------------------------------
[Epoch : 34/40]
Total_loss	: 0.6726
Src_cls_loss	: 0.1008
coral_loss	: 0.0001
-------------------------------------
[Epoch : 35/40]
Total_loss	: 0.6605
Src_cls_loss	: 0.0990
coral_loss	: 0.0001
-------------------------------------
[Epoch : 36/40]
Total_loss	: 0.6480
Src_cls_loss	: 0.0971
coral_loss	: 0.0001
-------------------------------------
[Epoch : 37/40]
Total_loss	: 0.6364
Src_cls_loss	: 0.0954
coral_loss	: 0.0001
-------------------------------------
[Epoch : 38/40]
Total_loss	: 0.6258
Src_cls_loss	: 0.0938
coral_loss	: 0.0001
-------------------------------------
[Epoch : 39/40]
Total_loss	: 0.6159
Src_cls_loss	: 0.0923
coral_loss	: 0.0001
-------------------------------------
[Epoch : 40/40]
Total_loss	: 0.6073
Src_cls_loss	: 0.0910
coral_loss	: 0.0001
-------------------------------------
