=============================================
Dataset: CWRU_IR
Method:  Deep_Coral
=============================================
Source: 0 ---> Target: 5
Run ID: 4
=============================================
[Epoch : 1/40]
Total_loss	: 0.0168
Src_cls_loss	: 0.1590
coral_loss	: 0.0002
-------------------------------------
[Epoch : 2/40]
Total_loss	: 0.0098
Src_cls_loss	: 0.0904
coral_loss	: 0.0002
-------------------------------------
[Epoch : 3/40]
Total_loss	: 0.0073
Src_cls_loss	: 0.0655
coral_loss	: 0.0001
-------------------------------------
[Epoch : 4/40]
Total_loss	: 0.0058
Src_cls_loss	: 0.0516
coral_loss	: 0.0001
-------------------------------------
[Epoch : 5/40]
Total_loss	: 0.0050
Src_cls_loss	: 0.0436
coral_loss	: 0.0001
-------------------------------------
[Epoch : 6/40]
Total_loss	: 0.0043
Src_cls_loss	: 0.0376
coral_loss	: 0.0001
-------------------------------------
[Epoch : 7/40]
Total_loss	: 0.0038
Src_cls_loss	: 0.0330
coral_loss	: 0.0001
-------------------------------------
[Epoch : 8/40]
Total_loss	: 0.0035
Src_cls_loss	: 0.0296
coral_loss	: 0.0001
-------------------------------------
[Epoch : 9/40]
Total_loss	: 0.0032
Src_cls_loss	: 0.0271
coral_loss	: 0.0001
-------------------------------------
[Epoch : 10/40]
Total_loss	: 0.0030
Src_cls_loss	: 0.0252
coral_loss	: 0.0001
-------------------------------------
[Epoch : 11/40]
Total_loss	: 0.0028
Src_cls_loss	: 0.0236
coral_loss	: 0.0001
-------------------------------------
[Epoch : 12/40]
Total_loss	: 0.0026
Src_cls_loss	: 0.0221
coral_loss	: 0.0001
-------------------------------------
[Epoch : 13/40]
Total_loss	: 0.0025
Src_cls_loss	: 0.0208
coral_loss	: 0.0001
-------------------------------------
[Epoch : 14/40]
Total_loss	: 0.0024
Src_cls_loss	: 0.0199
coral_loss	: 0.0001
-------------------------------------
[Epoch : 15/40]
Total_loss	: 0.0023
Src_cls_loss	: 0.0189
coral_loss	: 0.0001
-------------------------------------
[Epoch : 16/40]
Total_loss	: 0.0022
Src_cls_loss	: 0.0181
coral_loss	: 0.0001
-------------------------------------
[Epoch : 17/40]
Total_loss	: 0.0021
Src_cls_loss	: 0.0174
coral_loss	: 0.0001
-------------------------------------
[Epoch : 18/40]
Total_loss	: 0.0020
Src_cls_loss	: 0.0172
coral_loss	: 0.0001
-------------------------------------
[Epoch : 19/40]
Total_loss	: 0.0020
Src_cls_loss	: 0.0166
coral_loss	: 0.0001
-------------------------------------
[Epoch : 20/40]
Total_loss	: 0.0019
Src_cls_loss	: 0.0160
coral_loss	: 0.0001
-------------------------------------
[Epoch : 21/40]
Total_loss	: 0.0018
Src_cls_loss	: 0.0154
coral_loss	: 0.0001
-------------------------------------
[Epoch : 22/40]
Total_loss	: 0.0018
Src_cls_loss	: 0.0149
coral_loss	: 0.0001
-------------------------------------
[Epoch : 23/40]
Total_loss	: 0.0017
Src_cls_loss	: 0.0145
coral_loss	: 0.0001
-------------------------------------
[Epoch : 24/40]
Total_loss	: 0.0017
Src_cls_loss	: 0.0141
coral_loss	: 0.0001
-------------------------------------
[Epoch : 25/40]
Total_loss	: 0.0016
Src_cls_loss	: 0.0137
coral_loss	: 0.0001
-------------------------------------
[Epoch : 26/40]
Total_loss	: 0.0016
Src_cls_loss	: 0.0133
coral_loss	: 0.0001
-------------------------------------
[Epoch : 27/40]
Total_loss	: 0.0015
Src_cls_loss	: 0.0130
coral_loss	: 0.0001
-------------------------------------
[Epoch : 28/40]
Total_loss	: 0.0015
Src_cls_loss	: 0.0127
coral_loss	: 0.0001
-------------------------------------
[Epoch : 29/40]
Total_loss	: 0.0015
Src_cls_loss	: 0.0124
coral_loss	: 0.0001
-------------------------------------
[Epoch : 30/40]
Total_loss	: 0.0014
Src_cls_loss	: 0.0122
coral_loss	: 0.0001
-------------------------------------
[Epoch : 31/40]
Total_loss	: 0.0014
Src_cls_loss	: 0.0119
coral_loss	: 0.0000
-------------------------------------
[Epoch : 32/40]
Total_loss	: 0.0014
Src_cls_loss	: 0.0116
coral_loss	: 0.0000
-------------------------------------
[Epoch : 33/40]
Total_loss	: 0.0014
Src_cls_loss	: 0.0114
coral_loss	: 0.0000
-------------------------------------
[Epoch : 34/40]
Total_loss	: 0.0013
Src_cls_loss	: 0.0112
coral_loss	: 0.0000
-------------------------------------
[Epoch : 35/40]
Total_loss	: 0.0013
Src_cls_loss	: 0.0109
coral_loss	: 0.0000
-------------------------------------
[Epoch : 36/40]
Total_loss	: 0.0013
Src_cls_loss	: 0.0107
coral_loss	: 0.0000
-------------------------------------
[Epoch : 37/40]
Total_loss	: 0.0013
Src_cls_loss	: 0.0106
coral_loss	: 0.0000
-------------------------------------
[Epoch : 38/40]
Total_loss	: 0.0012
Src_cls_loss	: 0.0104
coral_loss	: 0.0000
-------------------------------------
[Epoch : 39/40]
Total_loss	: 0.0012
Src_cls_loss	: 0.0102
coral_loss	: 0.0000
-------------------------------------
[Epoch : 40/40]
Total_loss	: 0.0012
Src_cls_loss	: 0.0101
coral_loss	: 0.0000
-------------------------------------
