=============================================
Dataset: pamap_mobiact
Method:  SYN
=============================================
Source: syn_wal_62 ---> Target: dp_wal_62
Run ID: 6
=============================================
[Epoch : 1/40]
Src_cls_loss	: 0.7164
-------------------------------------
[Epoch : 2/40]
Src_cls_loss	: 0.5289
-------------------------------------
[Epoch : 3/40]
Src_cls_loss	: 0.4238
-------------------------------------
[Epoch : 4/40]
Src_cls_loss	: 0.3572
-------------------------------------
[Epoch : 5/40]
Src_cls_loss	: 0.3105
-------------------------------------
[Epoch : 6/40]
Src_cls_loss	: 0.2730
-------------------------------------
[Epoch : 7/40]
Src_cls_loss	: 0.2421
-------------------------------------
[Epoch : 8/40]
Src_cls_loss	: 0.2191
-------------------------------------
[Epoch : 9/40]
Src_cls_loss	: 0.1999
-------------------------------------
[Epoch : 10/40]
Src_cls_loss	: 0.1834
-------------------------------------
[Epoch : 11/40]
Src_cls_loss	: 0.1702
-------------------------------------
[Epoch : 12/40]
Src_cls_loss	: 0.1597
-------------------------------------
[Epoch : 13/40]
Src_cls_loss	: 0.1500
-------------------------------------
[Epoch : 14/40]
Src_cls_loss	: 0.1404
-------------------------------------
[Epoch : 15/40]
Src_cls_loss	: 0.1323
-------------------------------------
[Epoch : 16/40]
Src_cls_loss	: 0.1251
-------------------------------------
[Epoch : 17/40]
Src_cls_loss	: 0.1185
-------------------------------------
[Epoch : 18/40]
Src_cls_loss	: 0.1131
-------------------------------------
[Epoch : 19/40]
Src_cls_loss	: 0.1078
-------------------------------------
[Epoch : 20/40]
Src_cls_loss	: 0.1030
-------------------------------------
[Epoch : 21/40]
Src_cls_loss	: 0.0985
-------------------------------------
[Epoch : 22/40]
Src_cls_loss	: 0.0944
-------------------------------------
[Epoch : 23/40]
Src_cls_loss	: 0.0908
-------------------------------------
[Epoch : 24/40]
Src_cls_loss	: 0.0874
-------------------------------------
[Epoch : 25/40]
Src_cls_loss	: 0.0846
-------------------------------------
[Epoch : 26/40]
Src_cls_loss	: 0.0817
-------------------------------------
[Epoch : 27/40]
Src_cls_loss	: 0.0789
-------------------------------------
[Epoch : 28/40]
Src_cls_loss	: 0.0764
-------------------------------------
[Epoch : 29/40]
Src_cls_loss	: 0.0739
-------------------------------------
[Epoch : 30/40]
Src_cls_loss	: 0.0715
-------------------------------------
[Epoch : 31/40]
Src_cls_loss	: 0.0693
-------------------------------------
[Epoch : 32/40]
Src_cls_loss	: 0.0673
-------------------------------------
[Epoch : 33/40]
Src_cls_loss	: 0.0653
-------------------------------------
[Epoch : 34/40]
Src_cls_loss	: 0.0636
-------------------------------------
[Epoch : 35/40]
Src_cls_loss	: 0.0620
-------------------------------------
[Epoch : 36/40]
Src_cls_loss	: 0.0605
-------------------------------------
[Epoch : 37/40]
Src_cls_loss	: 0.0591
-------------------------------------
[Epoch : 38/40]
Src_cls_loss	: 0.0577
-------------------------------------
[Epoch : 39/40]
Src_cls_loss	: 0.0565
-------------------------------------
[Epoch : 40/40]
Src_cls_loss	: 0.0553
-------------------------------------
