=============================================
Dataset: mobiact_pamap
Method:  DANN
=============================================
Source: df ---> Target: dp_61
Run ID: 0
=============================================
[Epoch : 1/40]
Total_loss	: 6.2119
Domain_loss	: 1.2766
Src_cls_loss	: 0.5474
-------------------------------------
[Epoch : 2/40]
Total_loss	: 5.7781
Domain_loss	: 1.2636
Src_cls_loss	: 0.4715
-------------------------------------
[Epoch : 3/40]
Total_loss	: 5.5373
Domain_loss	: 1.2639
Src_cls_loss	: 0.4257
-------------------------------------
[Epoch : 4/40]
Total_loss	: 5.3876
Domain_loss	: 1.2672
Src_cls_loss	: 0.3957
-------------------------------------
[Epoch : 5/40]
Total_loss	: 5.2699
Domain_loss	: 1.2753
Src_cls_loss	: 0.3694
-------------------------------------
[Epoch : 6/40]
Total_loss	: 5.1550
Domain_loss	: 1.2826
Src_cls_loss	: 0.3440
-------------------------------------
[Epoch : 7/40]
Total_loss	: 5.0634
Domain_loss	: 1.2870
Src_cls_loss	: 0.3245
-------------------------------------
[Epoch : 8/40]
Total_loss	: 4.9907
Domain_loss	: 1.2936
Src_cls_loss	: 0.3074
-------------------------------------
[Epoch : 9/40]
Total_loss	: 4.9226
Domain_loss	: 1.3004
Src_cls_loss	: 0.2911
-------------------------------------
[Epoch : 10/40]
Total_loss	: 4.8485
Domain_loss	: 1.3035
Src_cls_loss	: 0.2755
-------------------------------------
[Epoch : 11/40]
Total_loss	: 4.7890
Domain_loss	: 1.3085
Src_cls_loss	: 0.2618
-------------------------------------
[Epoch : 12/40]
Total_loss	: 4.7423
Domain_loss	: 1.3138
Src_cls_loss	: 0.2503
-------------------------------------
[Epoch : 13/40]
Total_loss	: 4.6966
Domain_loss	: 1.3172
Src_cls_loss	: 0.2400
-------------------------------------
[Epoch : 14/40]
Total_loss	: 4.6527
Domain_loss	: 1.3183
Src_cls_loss	: 0.2311
-------------------------------------
[Epoch : 15/40]
Total_loss	: 4.6183
Domain_loss	: 1.3190
Src_cls_loss	: 0.2242
-------------------------------------
[Epoch : 16/40]
Total_loss	: 4.5823
Domain_loss	: 1.3195
Src_cls_loss	: 0.2171
-------------------------------------
[Epoch : 17/40]
Total_loss	: 4.5535
Domain_loss	: 1.3218
Src_cls_loss	: 0.2105
-------------------------------------
[Epoch : 18/40]
Total_loss	: 4.5266
Domain_loss	: 1.3245
Src_cls_loss	: 0.2041
-------------------------------------
[Epoch : 19/40]
Total_loss	: 4.4965
Domain_loss	: 1.3263
Src_cls_loss	: 0.1975
-------------------------------------
[Epoch : 20/40]
Total_loss	: 4.4733
Domain_loss	: 1.3276
Src_cls_loss	: 0.1925
-------------------------------------
[Epoch : 21/40]
Total_loss	: 4.4519
Domain_loss	: 1.3300
Src_cls_loss	: 0.1872
-------------------------------------
[Epoch : 22/40]
Total_loss	: 4.4320
Domain_loss	: 1.3319
Src_cls_loss	: 0.1825
-------------------------------------
[Epoch : 23/40]
Total_loss	: 4.4118
Domain_loss	: 1.3327
Src_cls_loss	: 0.1783
-------------------------------------
[Epoch : 24/40]
Total_loss	: 4.3944
Domain_loss	: 1.3335
Src_cls_loss	: 0.1746
-------------------------------------
[Epoch : 25/40]
Total_loss	: 4.3776
Domain_loss	: 1.3353
Src_cls_loss	: 0.1705
-------------------------------------
[Epoch : 26/40]
Total_loss	: 4.3628
Domain_loss	: 1.3372
Src_cls_loss	: 0.1668
-------------------------------------
[Epoch : 27/40]
Total_loss	: 4.3479
Domain_loss	: 1.3389
Src_cls_loss	: 0.1631
-------------------------------------
[Epoch : 28/40]
Total_loss	: 4.3328
Domain_loss	: 1.3406
Src_cls_loss	: 0.1594
-------------------------------------
[Epoch : 29/40]
Total_loss	: 4.3194
Domain_loss	: 1.3420
Src_cls_loss	: 0.1562
-------------------------------------
[Epoch : 30/40]
Total_loss	: 4.3060
Domain_loss	: 1.3430
Src_cls_loss	: 0.1531
-------------------------------------
[Epoch : 31/40]
Total_loss	: 4.2909
Domain_loss	: 1.3433
Src_cls_loss	: 0.1501
-------------------------------------
[Epoch : 32/40]
Total_loss	: 4.2779
Domain_loss	: 1.3418
Src_cls_loss	: 0.1484
-------------------------------------
[Epoch : 33/40]
Total_loss	: 4.2678
Domain_loss	: 1.3413
Src_cls_loss	: 0.1467
-------------------------------------
[Epoch : 34/40]
Total_loss	: 4.2575
Domain_loss	: 1.3412
Src_cls_loss	: 0.1448
-------------------------------------
[Epoch : 35/40]
Total_loss	: 4.2470
Domain_loss	: 1.3413
Src_cls_loss	: 0.1428
-------------------------------------
[Epoch : 36/40]
Total_loss	: 4.2352
Domain_loss	: 1.3412
Src_cls_loss	: 0.1406
-------------------------------------
[Epoch : 37/40]
Total_loss	: 4.2247
Domain_loss	: 1.3408
Src_cls_loss	: 0.1388
-------------------------------------
[Epoch : 38/40]
Total_loss	: 4.2164
Domain_loss	: 1.3406
Src_cls_loss	: 0.1373
-------------------------------------
[Epoch : 39/40]
Total_loss	: 4.2074
Domain_loss	: 1.3400
Src_cls_loss	: 0.1359
-------------------------------------
[Epoch : 40/40]
Total_loss	: 4.2005
Domain_loss	: 1.3395
Src_cls_loss	: 0.1348
-------------------------------------
