=============================================
Dataset: realworld_mobiact
Method:  Deep_Coral
=============================================
Source: df ---> Target: dp_73
Run ID: 0
=============================================
[Epoch : 1/40]
Total_loss	: 2.4477
Src_cls_loss	: 0.3670
coral_loss	: 0.0003
-------------------------------------
[Epoch : 2/40]
Total_loss	: 1.9994
Src_cls_loss	: 0.2998
coral_loss	: 0.0003
-------------------------------------
[Epoch : 3/40]
Total_loss	: 1.7578
Src_cls_loss	: 0.2635
coral_loss	: 0.0003
-------------------------------------
[Epoch : 4/40]
Total_loss	: 1.6027
Src_cls_loss	: 0.2402
coral_loss	: 0.0003
-------------------------------------
[Epoch : 5/40]
Total_loss	: 1.4905
Src_cls_loss	: 0.2234
coral_loss	: 0.0003
-------------------------------------
[Epoch : 6/40]
Total_loss	: 1.4088
Src_cls_loss	: 0.2111
coral_loss	: 0.0003
-------------------------------------
[Epoch : 7/40]
Total_loss	: 1.3439
Src_cls_loss	: 0.2014
coral_loss	: 0.0003
-------------------------------------
[Epoch : 8/40]
Total_loss	: 1.2852
Src_cls_loss	: 0.1926
coral_loss	: 0.0003
-------------------------------------
[Epoch : 9/40]
Total_loss	: 1.2280
Src_cls_loss	: 0.1840
coral_loss	: 0.0003
-------------------------------------
[Epoch : 10/40]
Total_loss	: 1.1805
Src_cls_loss	: 0.1769
coral_loss	: 0.0003
-------------------------------------
[Epoch : 11/40]
Total_loss	: 1.1378
Src_cls_loss	: 0.1705
coral_loss	: 0.0003
-------------------------------------
[Epoch : 12/40]
Total_loss	: 1.0984
Src_cls_loss	: 0.1646
coral_loss	: 0.0003
-------------------------------------
[Epoch : 13/40]
Total_loss	: 1.0627
Src_cls_loss	: 0.1592
coral_loss	: 0.0003
-------------------------------------
[Epoch : 14/40]
Total_loss	: 1.0311
Src_cls_loss	: 0.1545
coral_loss	: 0.0002
-------------------------------------
[Epoch : 15/40]
Total_loss	: 1.0015
Src_cls_loss	: 0.1501
coral_loss	: 0.0002
-------------------------------------
[Epoch : 16/40]
Total_loss	: 0.9730
Src_cls_loss	: 0.1458
coral_loss	: 0.0002
-------------------------------------
[Epoch : 17/40]
Total_loss	: 0.9463
Src_cls_loss	: 0.1418
coral_loss	: 0.0002
-------------------------------------
[Epoch : 18/40]
Total_loss	: 0.9227
Src_cls_loss	: 0.1383
coral_loss	: 0.0002
-------------------------------------
[Epoch : 19/40]
Total_loss	: 0.8986
Src_cls_loss	: 0.1346
coral_loss	: 0.0002
-------------------------------------
[Epoch : 20/40]
Total_loss	: 0.8765
Src_cls_loss	: 0.1313
coral_loss	: 0.0002
-------------------------------------
[Epoch : 21/40]
Total_loss	: 0.8551
Src_cls_loss	: 0.1281
coral_loss	: 0.0002
-------------------------------------
[Epoch : 22/40]
Total_loss	: 0.8344
Src_cls_loss	: 0.1250
coral_loss	: 0.0002
-------------------------------------
[Epoch : 23/40]
Total_loss	: 0.8149
Src_cls_loss	: 0.1221
coral_loss	: 0.0002
-------------------------------------
[Epoch : 24/40]
Total_loss	: 0.7961
Src_cls_loss	: 0.1193
coral_loss	: 0.0002
-------------------------------------
[Epoch : 25/40]
Total_loss	: 0.7781
Src_cls_loss	: 0.1166
coral_loss	: 0.0002
-------------------------------------
[Epoch : 26/40]
Total_loss	: 0.7603
Src_cls_loss	: 0.1139
coral_loss	: 0.0002
-------------------------------------
[Epoch : 27/40]
Total_loss	: 0.7438
Src_cls_loss	: 0.1114
coral_loss	: 0.0002
-------------------------------------
[Epoch : 28/40]
Total_loss	: 0.7279
Src_cls_loss	: 0.1091
coral_loss	: 0.0002
-------------------------------------
[Epoch : 29/40]
Total_loss	: 0.7126
Src_cls_loss	: 0.1068
coral_loss	: 0.0002
-------------------------------------
[Epoch : 30/40]
Total_loss	: 0.6985
Src_cls_loss	: 0.1046
coral_loss	: 0.0002
-------------------------------------
[Epoch : 31/40]
Total_loss	: 0.6837
Src_cls_loss	: 0.1024
coral_loss	: 0.0002
-------------------------------------
[Epoch : 32/40]
Total_loss	: 0.6700
Src_cls_loss	: 0.1004
coral_loss	: 0.0002
-------------------------------------
[Epoch : 33/40]
Total_loss	: 0.6571
Src_cls_loss	: 0.0984
coral_loss	: 0.0002
-------------------------------------
[Epoch : 34/40]
Total_loss	: 0.6453
Src_cls_loss	: 0.0967
coral_loss	: 0.0002
-------------------------------------
[Epoch : 35/40]
Total_loss	: 0.6324
Src_cls_loss	: 0.0947
coral_loss	: 0.0002
-------------------------------------
[Epoch : 36/40]
Total_loss	: 0.6216
Src_cls_loss	: 0.0931
coral_loss	: 0.0002
-------------------------------------
[Epoch : 37/40]
Total_loss	: 0.6099
Src_cls_loss	: 0.0914
coral_loss	: 0.0002
-------------------------------------
[Epoch : 38/40]
Total_loss	: 0.5990
Src_cls_loss	: 0.0897
coral_loss	: 0.0002
-------------------------------------
[Epoch : 39/40]
Total_loss	: 0.5882
Src_cls_loss	: 0.0881
coral_loss	: 0.0002
-------------------------------------
[Epoch : 40/40]
Total_loss	: 0.5789
Src_cls_loss	: 0.0867
coral_loss	: 0.0002
-------------------------------------
