=============================================
Dataset: realworld_mobiact
Method:  SYN
=============================================
Source: syn_wal_64 ---> Target: dp_wal_64
Run ID: 2
=============================================
[Epoch : 1/40]
Src_cls_loss	: 0.8325
-------------------------------------
[Epoch : 2/40]
Src_cls_loss	: 0.6699
-------------------------------------
[Epoch : 3/40]
Src_cls_loss	: 0.5247
-------------------------------------
[Epoch : 4/40]
Src_cls_loss	: 0.4293
-------------------------------------
[Epoch : 5/40]
Src_cls_loss	: 0.3572
-------------------------------------
[Epoch : 6/40]
Src_cls_loss	: 0.3049
-------------------------------------
[Epoch : 7/40]
Src_cls_loss	: 0.2668
-------------------------------------
[Epoch : 8/40]
Src_cls_loss	: 0.2364
-------------------------------------
[Epoch : 9/40]
Src_cls_loss	: 0.2127
-------------------------------------
[Epoch : 10/40]
Src_cls_loss	: 0.1932
-------------------------------------
[Epoch : 11/40]
Src_cls_loss	: 0.1776
-------------------------------------
[Epoch : 12/40]
Src_cls_loss	: 0.1637
-------------------------------------
[Epoch : 13/40]
Src_cls_loss	: 0.1520
-------------------------------------
[Epoch : 14/40]
Src_cls_loss	: 0.1417
-------------------------------------
[Epoch : 15/40]
Src_cls_loss	: 0.1328
-------------------------------------
[Epoch : 16/40]
Src_cls_loss	: 0.1251
-------------------------------------
[Epoch : 17/40]
Src_cls_loss	: 0.1181
-------------------------------------
[Epoch : 18/40]
Src_cls_loss	: 0.1119
-------------------------------------
[Epoch : 19/40]
Src_cls_loss	: 0.1063
-------------------------------------
[Epoch : 20/40]
Src_cls_loss	: 0.1014
-------------------------------------
[Epoch : 21/40]
Src_cls_loss	: 0.0969
-------------------------------------
[Epoch : 22/40]
Src_cls_loss	: 0.0926
-------------------------------------
[Epoch : 23/40]
Src_cls_loss	: 0.0888
-------------------------------------
[Epoch : 24/40]
Src_cls_loss	: 0.0853
-------------------------------------
[Epoch : 25/40]
Src_cls_loss	: 0.0821
-------------------------------------
[Epoch : 26/40]
Src_cls_loss	: 0.0791
-------------------------------------
[Epoch : 27/40]
Src_cls_loss	: 0.0762
-------------------------------------
[Epoch : 28/40]
Src_cls_loss	: 0.0736
-------------------------------------
[Epoch : 29/40]
Src_cls_loss	: 0.0712
-------------------------------------
[Epoch : 30/40]
Src_cls_loss	: 0.0691
-------------------------------------
[Epoch : 31/40]
Src_cls_loss	: 0.0674
-------------------------------------
[Epoch : 32/40]
Src_cls_loss	: 0.0656
-------------------------------------
[Epoch : 33/40]
Src_cls_loss	: 0.0637
-------------------------------------
[Epoch : 34/40]
Src_cls_loss	: 0.0619
-------------------------------------
[Epoch : 35/40]
Src_cls_loss	: 0.0603
-------------------------------------
[Epoch : 36/40]
Src_cls_loss	: 0.0587
-------------------------------------
[Epoch : 37/40]
Src_cls_loss	: 0.0572
-------------------------------------
[Epoch : 38/40]
Src_cls_loss	: 0.0558
-------------------------------------
[Epoch : 39/40]
Src_cls_loss	: 0.0544
-------------------------------------
[Epoch : 40/40]
Src_cls_loss	: 0.0531
-------------------------------------
