=============================================
Dataset: mobiact_realworld
Method:  NO_ADAPT
=============================================
Source: syn_63 ---> Target: dp_63
Run ID: 8
=============================================
[Epoch : 1/40]
Src_cls_loss	: 0.5843
-------------------------------------
[Epoch : 2/40]
Src_cls_loss	: 0.4051
-------------------------------------
[Epoch : 3/40]
Src_cls_loss	: 0.3187
-------------------------------------
[Epoch : 4/40]
Src_cls_loss	: 0.2668
-------------------------------------
[Epoch : 5/40]
Src_cls_loss	: 0.2317
-------------------------------------
[Epoch : 6/40]
Src_cls_loss	: 0.2039
-------------------------------------
[Epoch : 7/40]
Src_cls_loss	: 0.1850
-------------------------------------
[Epoch : 8/40]
Src_cls_loss	: 0.1708
-------------------------------------
[Epoch : 9/40]
Src_cls_loss	: 0.1575
-------------------------------------
[Epoch : 10/40]
Src_cls_loss	: 0.1465
-------------------------------------
[Epoch : 11/40]
Src_cls_loss	: 0.1379
-------------------------------------
[Epoch : 12/40]
Src_cls_loss	: 0.1296
-------------------------------------
[Epoch : 13/40]
Src_cls_loss	: 0.1223
-------------------------------------
[Epoch : 14/40]
Src_cls_loss	: 0.1157
-------------------------------------
[Epoch : 15/40]
Src_cls_loss	: 0.1101
-------------------------------------
[Epoch : 16/40]
Src_cls_loss	: 0.1053
-------------------------------------
[Epoch : 17/40]
Src_cls_loss	: 0.1015
-------------------------------------
[Epoch : 18/40]
Src_cls_loss	: 0.0977
-------------------------------------
[Epoch : 19/40]
Src_cls_loss	: 0.0938
-------------------------------------
[Epoch : 20/40]
Src_cls_loss	: 0.0907
-------------------------------------
[Epoch : 21/40]
Src_cls_loss	: 0.0879
-------------------------------------
[Epoch : 22/40]
Src_cls_loss	: 0.0851
-------------------------------------
[Epoch : 23/40]
Src_cls_loss	: 0.0823
-------------------------------------
[Epoch : 24/40]
Src_cls_loss	: 0.0798
-------------------------------------
[Epoch : 25/40]
Src_cls_loss	: 0.0776
-------------------------------------
[Epoch : 26/40]
Src_cls_loss	: 0.0757
-------------------------------------
[Epoch : 27/40]
Src_cls_loss	: 0.0736
-------------------------------------
[Epoch : 28/40]
Src_cls_loss	: 0.0714
-------------------------------------
[Epoch : 29/40]
Src_cls_loss	: 0.0695
-------------------------------------
[Epoch : 30/40]
Src_cls_loss	: 0.0676
-------------------------------------
[Epoch : 31/40]
Src_cls_loss	: 0.0661
-------------------------------------
[Epoch : 32/40]
Src_cls_loss	: 0.0646
-------------------------------------
[Epoch : 33/40]
Src_cls_loss	: 0.0634
-------------------------------------
[Epoch : 34/40]
Src_cls_loss	: 0.0619
-------------------------------------
[Epoch : 35/40]
Src_cls_loss	: 0.0603
-------------------------------------
[Epoch : 36/40]
Src_cls_loss	: 0.0591
-------------------------------------
[Epoch : 37/40]
Src_cls_loss	: 0.0579
-------------------------------------
[Epoch : 38/40]
Src_cls_loss	: 0.0570
-------------------------------------
[Epoch : 39/40]
Src_cls_loss	: 0.0559
-------------------------------------
[Epoch : 40/40]
Src_cls_loss	: 0.0547
-------------------------------------
