=============================================
Dataset: realworld_mobiact
Method:  Deep_Coral
=============================================
Source: df ---> Target: dp_wal_75
Run ID: 0
=============================================
[Epoch : 1/40]
Total_loss	: 2.4522
Src_cls_loss	: 0.3673
coral_loss	: 0.0007
-------------------------------------
[Epoch : 2/40]
Total_loss	: 2.0034
Src_cls_loss	: 0.3000
coral_loss	: 0.0007
-------------------------------------
[Epoch : 3/40]
Total_loss	: 1.7602
Src_cls_loss	: 0.2635
coral_loss	: 0.0007
-------------------------------------
[Epoch : 4/40]
Total_loss	: 1.6040
Src_cls_loss	: 0.2401
coral_loss	: 0.0006
-------------------------------------
[Epoch : 5/40]
Total_loss	: 1.4916
Src_cls_loss	: 0.2233
coral_loss	: 0.0006
-------------------------------------
[Epoch : 6/40]
Total_loss	: 1.4094
Src_cls_loss	: 0.2110
coral_loss	: 0.0006
-------------------------------------
[Epoch : 7/40]
Total_loss	: 1.3446
Src_cls_loss	: 0.2012
coral_loss	: 0.0006
-------------------------------------
[Epoch : 8/40]
Total_loss	: 1.2849
Src_cls_loss	: 0.1923
coral_loss	: 0.0006
-------------------------------------
[Epoch : 9/40]
Total_loss	: 1.2273
Src_cls_loss	: 0.1837
coral_loss	: 0.0005
-------------------------------------
[Epoch : 10/40]
Total_loss	: 1.1798
Src_cls_loss	: 0.1766
coral_loss	: 0.0005
-------------------------------------
[Epoch : 11/40]
Total_loss	: 1.1372
Src_cls_loss	: 0.1702
coral_loss	: 0.0005
-------------------------------------
[Epoch : 12/40]
Total_loss	: 1.0984
Src_cls_loss	: 0.1644
coral_loss	: 0.0005
-------------------------------------
[Epoch : 13/40]
Total_loss	: 1.0632
Src_cls_loss	: 0.1591
coral_loss	: 0.0005
-------------------------------------
[Epoch : 14/40]
Total_loss	: 1.0312
Src_cls_loss	: 0.1543
coral_loss	: 0.0005
-------------------------------------
[Epoch : 15/40]
Total_loss	: 1.0016
Src_cls_loss	: 0.1499
coral_loss	: 0.0005
-------------------------------------
[Epoch : 16/40]
Total_loss	: 0.9734
Src_cls_loss	: 0.1457
coral_loss	: 0.0004
-------------------------------------
[Epoch : 17/40]
Total_loss	: 0.9468
Src_cls_loss	: 0.1417
coral_loss	: 0.0004
-------------------------------------
[Epoch : 18/40]
Total_loss	: 0.9234
Src_cls_loss	: 0.1382
coral_loss	: 0.0004
-------------------------------------
[Epoch : 19/40]
Total_loss	: 0.8993
Src_cls_loss	: 0.1346
coral_loss	: 0.0004
-------------------------------------
[Epoch : 20/40]
Total_loss	: 0.8766
Src_cls_loss	: 0.1312
coral_loss	: 0.0004
-------------------------------------
[Epoch : 21/40]
Total_loss	: 0.8549
Src_cls_loss	: 0.1279
coral_loss	: 0.0004
-------------------------------------
[Epoch : 22/40]
Total_loss	: 0.8343
Src_cls_loss	: 0.1248
coral_loss	: 0.0004
-------------------------------------
[Epoch : 23/40]
Total_loss	: 0.8151
Src_cls_loss	: 0.1220
coral_loss	: 0.0004
-------------------------------------
[Epoch : 24/40]
Total_loss	: 0.7966
Src_cls_loss	: 0.1192
coral_loss	: 0.0004
-------------------------------------
[Epoch : 25/40]
Total_loss	: 0.7786
Src_cls_loss	: 0.1165
coral_loss	: 0.0004
-------------------------------------
[Epoch : 26/40]
Total_loss	: 0.7606
Src_cls_loss	: 0.1138
coral_loss	: 0.0004
-------------------------------------
[Epoch : 27/40]
Total_loss	: 0.7439
Src_cls_loss	: 0.1113
coral_loss	: 0.0004
-------------------------------------
[Epoch : 28/40]
Total_loss	: 0.7281
Src_cls_loss	: 0.1089
coral_loss	: 0.0004
-------------------------------------
[Epoch : 29/40]
Total_loss	: 0.7131
Src_cls_loss	: 0.1067
coral_loss	: 0.0004
-------------------------------------
[Epoch : 30/40]
Total_loss	: 0.6986
Src_cls_loss	: 0.1045
coral_loss	: 0.0003
-------------------------------------
[Epoch : 31/40]
Total_loss	: 0.6841
Src_cls_loss	: 0.1023
coral_loss	: 0.0003
-------------------------------------
[Epoch : 32/40]
Total_loss	: 0.6701
Src_cls_loss	: 0.1002
coral_loss	: 0.0003
-------------------------------------
[Epoch : 33/40]
Total_loss	: 0.6573
Src_cls_loss	: 0.0983
coral_loss	: 0.0003
-------------------------------------
[Epoch : 34/40]
Total_loss	: 0.6452
Src_cls_loss	: 0.0965
coral_loss	: 0.0003
-------------------------------------
[Epoch : 35/40]
Total_loss	: 0.6329
Src_cls_loss	: 0.0947
coral_loss	: 0.0003
-------------------------------------
[Epoch : 36/40]
Total_loss	: 0.6217
Src_cls_loss	: 0.0930
coral_loss	: 0.0003
-------------------------------------
[Epoch : 37/40]
Total_loss	: 0.6102
Src_cls_loss	: 0.0913
coral_loss	: 0.0003
-------------------------------------
[Epoch : 38/40]
Total_loss	: 0.5992
Src_cls_loss	: 0.0896
coral_loss	: 0.0003
-------------------------------------
[Epoch : 39/40]
Total_loss	: 0.5890
Src_cls_loss	: 0.0881
coral_loss	: 0.0003
-------------------------------------
[Epoch : 40/40]
Total_loss	: 0.5793
Src_cls_loss	: 0.0866
coral_loss	: 0.0003
-------------------------------------
