=============================================
Dataset: pamap_mobiact
Method:  NO_ADAPT
=============================================
Source: syn_26 ---> Target: dp_26
Run ID: 5
=============================================
[Epoch : 1/40]
Src_cls_loss	: 0.7573
-------------------------------------
[Epoch : 2/40]
Src_cls_loss	: 0.6096
-------------------------------------
[Epoch : 3/40]
Src_cls_loss	: 0.5147
-------------------------------------
[Epoch : 4/40]
Src_cls_loss	: 0.4372
-------------------------------------
[Epoch : 5/40]
Src_cls_loss	: 0.3782
-------------------------------------
[Epoch : 6/40]
Src_cls_loss	: 0.3296
-------------------------------------
[Epoch : 7/40]
Src_cls_loss	: 0.2910
-------------------------------------
[Epoch : 8/40]
Src_cls_loss	: 0.2604
-------------------------------------
[Epoch : 9/40]
Src_cls_loss	: 0.2354
-------------------------------------
[Epoch : 10/40]
Src_cls_loss	: 0.2156
-------------------------------------
[Epoch : 11/40]
Src_cls_loss	: 0.1984
-------------------------------------
[Epoch : 12/40]
Src_cls_loss	: 0.1854
-------------------------------------
[Epoch : 13/40]
Src_cls_loss	: 0.1743
-------------------------------------
[Epoch : 14/40]
Src_cls_loss	: 0.1638
-------------------------------------
[Epoch : 15/40]
Src_cls_loss	: 0.1537
-------------------------------------
[Epoch : 16/40]
Src_cls_loss	: 0.1457
-------------------------------------
[Epoch : 17/40]
Src_cls_loss	: 0.1380
-------------------------------------
[Epoch : 18/40]
Src_cls_loss	: 0.1310
-------------------------------------
[Epoch : 19/40]
Src_cls_loss	: 0.1246
-------------------------------------
[Epoch : 20/40]
Src_cls_loss	: 0.1189
-------------------------------------
[Epoch : 21/40]
Src_cls_loss	: 0.1138
-------------------------------------
[Epoch : 22/40]
Src_cls_loss	: 0.1090
-------------------------------------
[Epoch : 23/40]
Src_cls_loss	: 0.1046
-------------------------------------
[Epoch : 24/40]
Src_cls_loss	: 0.1007
-------------------------------------
[Epoch : 25/40]
Src_cls_loss	: 0.0973
-------------------------------------
[Epoch : 26/40]
Src_cls_loss	: 0.0939
-------------------------------------
[Epoch : 27/40]
Src_cls_loss	: 0.0907
-------------------------------------
[Epoch : 28/40]
Src_cls_loss	: 0.0877
-------------------------------------
[Epoch : 29/40]
Src_cls_loss	: 0.0850
-------------------------------------
[Epoch : 30/40]
Src_cls_loss	: 0.0824
-------------------------------------
[Epoch : 31/40]
Src_cls_loss	: 0.0800
-------------------------------------
[Epoch : 32/40]
Src_cls_loss	: 0.0776
-------------------------------------
[Epoch : 33/40]
Src_cls_loss	: 0.0754
-------------------------------------
[Epoch : 34/40]
Src_cls_loss	: 0.0733
-------------------------------------
[Epoch : 35/40]
Src_cls_loss	: 0.0714
-------------------------------------
[Epoch : 36/40]
Src_cls_loss	: 0.0695
-------------------------------------
[Epoch : 37/40]
Src_cls_loss	: 0.0680
-------------------------------------
[Epoch : 38/40]
Src_cls_loss	: 0.0669
-------------------------------------
[Epoch : 39/40]
Src_cls_loss	: 0.0655
-------------------------------------
[Epoch : 40/40]
Src_cls_loss	: 0.0640
-------------------------------------
