=============================================
Dataset: realworld_mobiact
Method:  SYN
=============================================
Source: syn_wal_66 ---> Target: dp_wal_66
Run ID: 0
=============================================
[Epoch : 1/40]
Src_cls_loss	: 0.7647
-------------------------------------
[Epoch : 2/40]
Src_cls_loss	: 0.5706
-------------------------------------
[Epoch : 3/40]
Src_cls_loss	: 0.4464
-------------------------------------
[Epoch : 4/40]
Src_cls_loss	: 0.3605
-------------------------------------
[Epoch : 5/40]
Src_cls_loss	: 0.3038
-------------------------------------
[Epoch : 6/40]
Src_cls_loss	: 0.2614
-------------------------------------
[Epoch : 7/40]
Src_cls_loss	: 0.2292
-------------------------------------
[Epoch : 8/40]
Src_cls_loss	: 0.2041
-------------------------------------
[Epoch : 9/40]
Src_cls_loss	: 0.1847
-------------------------------------
[Epoch : 10/40]
Src_cls_loss	: 0.1683
-------------------------------------
[Epoch : 11/40]
Src_cls_loss	: 0.1545
-------------------------------------
[Epoch : 12/40]
Src_cls_loss	: 0.1430
-------------------------------------
[Epoch : 13/40]
Src_cls_loss	: 0.1331
-------------------------------------
[Epoch : 14/40]
Src_cls_loss	: 0.1246
-------------------------------------
[Epoch : 15/40]
Src_cls_loss	: 0.1170
-------------------------------------
[Epoch : 16/40]
Src_cls_loss	: 0.1103
-------------------------------------
[Epoch : 17/40]
Src_cls_loss	: 0.1044
-------------------------------------
[Epoch : 18/40]
Src_cls_loss	: 0.0991
-------------------------------------
[Epoch : 19/40]
Src_cls_loss	: 0.0944
-------------------------------------
[Epoch : 20/40]
Src_cls_loss	: 0.0900
-------------------------------------
[Epoch : 21/40]
Src_cls_loss	: 0.0862
-------------------------------------
[Epoch : 22/40]
Src_cls_loss	: 0.0829
-------------------------------------
[Epoch : 23/40]
Src_cls_loss	: 0.0801
-------------------------------------
[Epoch : 24/40]
Src_cls_loss	: 0.0771
-------------------------------------
[Epoch : 25/40]
Src_cls_loss	: 0.0742
-------------------------------------
[Epoch : 26/40]
Src_cls_loss	: 0.0716
-------------------------------------
[Epoch : 27/40]
Src_cls_loss	: 0.0691
-------------------------------------
[Epoch : 28/40]
Src_cls_loss	: 0.0668
-------------------------------------
[Epoch : 29/40]
Src_cls_loss	: 0.0647
-------------------------------------
[Epoch : 30/40]
Src_cls_loss	: 0.0627
-------------------------------------
[Epoch : 31/40]
Src_cls_loss	: 0.0608
-------------------------------------
[Epoch : 32/40]
Src_cls_loss	: 0.0591
-------------------------------------
[Epoch : 33/40]
Src_cls_loss	: 0.0574
-------------------------------------
[Epoch : 34/40]
Src_cls_loss	: 0.0558
-------------------------------------
[Epoch : 35/40]
Src_cls_loss	: 0.0542
-------------------------------------
[Epoch : 36/40]
Src_cls_loss	: 0.0528
-------------------------------------
[Epoch : 37/40]
Src_cls_loss	: 0.0514
-------------------------------------
[Epoch : 38/40]
Src_cls_loss	: 0.0501
-------------------------------------
[Epoch : 39/40]
Src_cls_loss	: 0.0489
-------------------------------------
[Epoch : 40/40]
Src_cls_loss	: 0.0478
-------------------------------------
