=============================================
Dataset: mobiact_realworld
Method:  SYN
=============================================
Source: syn_wal_74 ---> Target: dp_wal_74
Run ID: 0
=============================================
[Epoch : 1/40]
Src_cls_loss	: 0.6279
-------------------------------------
[Epoch : 2/40]
Src_cls_loss	: 0.4451
-------------------------------------
[Epoch : 3/40]
Src_cls_loss	: 0.3466
-------------------------------------
[Epoch : 4/40]
Src_cls_loss	: 0.2818
-------------------------------------
[Epoch : 5/40]
Src_cls_loss	: 0.2376
-------------------------------------
[Epoch : 6/40]
Src_cls_loss	: 0.2050
-------------------------------------
[Epoch : 7/40]
Src_cls_loss	: 0.1801
-------------------------------------
[Epoch : 8/40]
Src_cls_loss	: 0.1601
-------------------------------------
[Epoch : 9/40]
Src_cls_loss	: 0.1450
-------------------------------------
[Epoch : 10/40]
Src_cls_loss	: 0.1322
-------------------------------------
[Epoch : 11/40]
Src_cls_loss	: 0.1212
-------------------------------------
[Epoch : 12/40]
Src_cls_loss	: 0.1123
-------------------------------------
[Epoch : 13/40]
Src_cls_loss	: 0.1044
-------------------------------------
[Epoch : 14/40]
Src_cls_loss	: 0.0980
-------------------------------------
[Epoch : 15/40]
Src_cls_loss	: 0.0922
-------------------------------------
[Epoch : 16/40]
Src_cls_loss	: 0.0870
-------------------------------------
[Epoch : 17/40]
Src_cls_loss	: 0.0824
-------------------------------------
[Epoch : 18/40]
Src_cls_loss	: 0.0783
-------------------------------------
[Epoch : 19/40]
Src_cls_loss	: 0.0746
-------------------------------------
[Epoch : 20/40]
Src_cls_loss	: 0.0711
-------------------------------------
[Epoch : 21/40]
Src_cls_loss	: 0.0680
-------------------------------------
[Epoch : 22/40]
Src_cls_loss	: 0.0651
-------------------------------------
[Epoch : 23/40]
Src_cls_loss	: 0.0627
-------------------------------------
[Epoch : 24/40]
Src_cls_loss	: 0.0603
-------------------------------------
[Epoch : 25/40]
Src_cls_loss	: 0.0582
-------------------------------------
[Epoch : 26/40]
Src_cls_loss	: 0.0560
-------------------------------------
[Epoch : 27/40]
Src_cls_loss	: 0.0541
-------------------------------------
[Epoch : 28/40]
Src_cls_loss	: 0.0522
-------------------------------------
[Epoch : 29/40]
Src_cls_loss	: 0.0505
-------------------------------------
[Epoch : 30/40]
Src_cls_loss	: 0.0490
-------------------------------------
[Epoch : 31/40]
Src_cls_loss	: 0.0475
-------------------------------------
[Epoch : 32/40]
Src_cls_loss	: 0.0461
-------------------------------------
[Epoch : 33/40]
Src_cls_loss	: 0.0449
-------------------------------------
[Epoch : 34/40]
Src_cls_loss	: 0.0439
-------------------------------------
[Epoch : 35/40]
Src_cls_loss	: 0.0429
-------------------------------------
[Epoch : 36/40]
Src_cls_loss	: 0.0419
-------------------------------------
[Epoch : 37/40]
Src_cls_loss	: 0.0408
-------------------------------------
[Epoch : 38/40]
Src_cls_loss	: 0.0398
-------------------------------------
[Epoch : 39/40]
Src_cls_loss	: 0.0388
-------------------------------------
[Epoch : 40/40]
Src_cls_loss	: 0.0379
-------------------------------------
