=============================================
Dataset: realworld_mobiact
Method:  NO_ADAPT
=============================================
Source: syn_32 ---> Target: dp_32
Run ID: 5
=============================================
[Epoch : 1/40]
Src_cls_loss	: 0.8551
-------------------------------------
[Epoch : 2/40]
Src_cls_loss	: 0.6942
-------------------------------------
[Epoch : 3/40]
Src_cls_loss	: 0.5713
-------------------------------------
[Epoch : 4/40]
Src_cls_loss	: 0.4832
-------------------------------------
[Epoch : 5/40]
Src_cls_loss	: 0.4124
-------------------------------------
[Epoch : 6/40]
Src_cls_loss	: 0.3616
-------------------------------------
[Epoch : 7/40]
Src_cls_loss	: 0.3221
-------------------------------------
[Epoch : 8/40]
Src_cls_loss	: 0.2897
-------------------------------------
[Epoch : 9/40]
Src_cls_loss	: 0.2624
-------------------------------------
[Epoch : 10/40]
Src_cls_loss	: 0.2398
-------------------------------------
[Epoch : 11/40]
Src_cls_loss	: 0.2244
-------------------------------------
[Epoch : 12/40]
Src_cls_loss	: 0.2107
-------------------------------------
[Epoch : 13/40]
Src_cls_loss	: 0.1976
-------------------------------------
[Epoch : 14/40]
Src_cls_loss	: 0.1859
-------------------------------------
[Epoch : 15/40]
Src_cls_loss	: 0.1754
-------------------------------------
[Epoch : 16/40]
Src_cls_loss	: 0.1660
-------------------------------------
[Epoch : 17/40]
Src_cls_loss	: 0.1574
-------------------------------------
[Epoch : 18/40]
Src_cls_loss	: 0.1504
-------------------------------------
[Epoch : 19/40]
Src_cls_loss	: 0.1434
-------------------------------------
[Epoch : 20/40]
Src_cls_loss	: 0.1377
-------------------------------------
[Epoch : 21/40]
Src_cls_loss	: 0.1328
-------------------------------------
[Epoch : 22/40]
Src_cls_loss	: 0.1276
-------------------------------------
[Epoch : 23/40]
Src_cls_loss	: 0.1228
-------------------------------------
[Epoch : 24/40]
Src_cls_loss	: 0.1184
-------------------------------------
[Epoch : 25/40]
Src_cls_loss	: 0.1141
-------------------------------------
[Epoch : 26/40]
Src_cls_loss	: 0.1101
-------------------------------------
[Epoch : 27/40]
Src_cls_loss	: 0.1067
-------------------------------------
[Epoch : 28/40]
Src_cls_loss	: 0.1032
-------------------------------------
[Epoch : 29/40]
Src_cls_loss	: 0.0999
-------------------------------------
[Epoch : 30/40]
Src_cls_loss	: 0.0971
-------------------------------------
[Epoch : 31/40]
Src_cls_loss	: 0.0942
-------------------------------------
[Epoch : 32/40]
Src_cls_loss	: 0.0915
-------------------------------------
[Epoch : 33/40]
Src_cls_loss	: 0.0888
-------------------------------------
[Epoch : 34/40]
Src_cls_loss	: 0.0864
-------------------------------------
[Epoch : 35/40]
Src_cls_loss	: 0.0840
-------------------------------------
[Epoch : 36/40]
Src_cls_loss	: 0.0822
-------------------------------------
[Epoch : 37/40]
Src_cls_loss	: 0.0803
-------------------------------------
[Epoch : 38/40]
Src_cls_loss	: 0.0784
-------------------------------------
[Epoch : 39/40]
Src_cls_loss	: 0.0769
-------------------------------------
[Epoch : 40/40]
Src_cls_loss	: 0.0758
-------------------------------------
