=============================================
Dataset: realworld_mobiact
Method:  NO_ADAPT
=============================================
Source: syn_50 ---> Target: dp_50
Run ID: 7
=============================================
[Epoch : 1/40]
Src_cls_loss	: 0.8011
-------------------------------------
[Epoch : 2/40]
Src_cls_loss	: 0.6164
-------------------------------------
[Epoch : 3/40]
Src_cls_loss	: 0.4862
-------------------------------------
[Epoch : 4/40]
Src_cls_loss	: 0.3958
-------------------------------------
[Epoch : 5/40]
Src_cls_loss	: 0.3334
-------------------------------------
[Epoch : 6/40]
Src_cls_loss	: 0.2881
-------------------------------------
[Epoch : 7/40]
Src_cls_loss	: 0.2554
-------------------------------------
[Epoch : 8/40]
Src_cls_loss	: 0.2278
-------------------------------------
[Epoch : 9/40]
Src_cls_loss	: 0.2060
-------------------------------------
[Epoch : 10/40]
Src_cls_loss	: 0.1873
-------------------------------------
[Epoch : 11/40]
Src_cls_loss	: 0.1718
-------------------------------------
[Epoch : 12/40]
Src_cls_loss	: 0.1590
-------------------------------------
[Epoch : 13/40]
Src_cls_loss	: 0.1478
-------------------------------------
[Epoch : 14/40]
Src_cls_loss	: 0.1380
-------------------------------------
[Epoch : 15/40]
Src_cls_loss	: 0.1296
-------------------------------------
[Epoch : 16/40]
Src_cls_loss	: 0.1221
-------------------------------------
[Epoch : 17/40]
Src_cls_loss	: 0.1157
-------------------------------------
[Epoch : 18/40]
Src_cls_loss	: 0.1098
-------------------------------------
[Epoch : 19/40]
Src_cls_loss	: 0.1044
-------------------------------------
[Epoch : 20/40]
Src_cls_loss	: 0.0995
-------------------------------------
[Epoch : 21/40]
Src_cls_loss	: 0.0951
-------------------------------------
[Epoch : 22/40]
Src_cls_loss	: 0.0911
-------------------------------------
[Epoch : 23/40]
Src_cls_loss	: 0.0874
-------------------------------------
[Epoch : 24/40]
Src_cls_loss	: 0.0839
-------------------------------------
[Epoch : 25/40]
Src_cls_loss	: 0.0807
-------------------------------------
[Epoch : 26/40]
Src_cls_loss	: 0.0779
-------------------------------------
[Epoch : 27/40]
Src_cls_loss	: 0.0752
-------------------------------------
[Epoch : 28/40]
Src_cls_loss	: 0.0726
-------------------------------------
[Epoch : 29/40]
Src_cls_loss	: 0.0702
-------------------------------------
[Epoch : 30/40]
Src_cls_loss	: 0.0679
-------------------------------------
[Epoch : 31/40]
Src_cls_loss	: 0.0658
-------------------------------------
[Epoch : 32/40]
Src_cls_loss	: 0.0638
-------------------------------------
[Epoch : 33/40]
Src_cls_loss	: 0.0619
-------------------------------------
[Epoch : 34/40]
Src_cls_loss	: 0.0602
-------------------------------------
[Epoch : 35/40]
Src_cls_loss	: 0.0586
-------------------------------------
[Epoch : 36/40]
Src_cls_loss	: 0.0570
-------------------------------------
[Epoch : 37/40]
Src_cls_loss	: 0.0555
-------------------------------------
[Epoch : 38/40]
Src_cls_loss	: 0.0541
-------------------------------------
[Epoch : 39/40]
Src_cls_loss	: 0.0528
-------------------------------------
[Epoch : 40/40]
Src_cls_loss	: 0.0515
-------------------------------------
