=============================================
Dataset: realworld_mobiact
Method:  NO_ADAPT
=============================================
Source: syn_65 ---> Target: dp_65
Run ID: 3
=============================================
[Epoch : 1/40]
Src_cls_loss	: 0.9236
-------------------------------------
[Epoch : 2/40]
Src_cls_loss	: 0.8051
-------------------------------------
[Epoch : 3/40]
Src_cls_loss	: 0.6981
-------------------------------------
[Epoch : 4/40]
Src_cls_loss	: 0.6017
-------------------------------------
[Epoch : 5/40]
Src_cls_loss	: 0.5202
-------------------------------------
[Epoch : 6/40]
Src_cls_loss	: 0.4585
-------------------------------------
[Epoch : 7/40]
Src_cls_loss	: 0.4084
-------------------------------------
[Epoch : 8/40]
Src_cls_loss	: 0.3697
-------------------------------------
[Epoch : 9/40]
Src_cls_loss	: 0.3394
-------------------------------------
[Epoch : 10/40]
Src_cls_loss	: 0.3163
-------------------------------------
[Epoch : 11/40]
Src_cls_loss	: 0.2957
-------------------------------------
[Epoch : 12/40]
Src_cls_loss	: 0.2763
-------------------------------------
[Epoch : 13/40]
Src_cls_loss	: 0.2602
-------------------------------------
[Epoch : 14/40]
Src_cls_loss	: 0.2455
-------------------------------------
[Epoch : 15/40]
Src_cls_loss	: 0.2320
-------------------------------------
[Epoch : 16/40]
Src_cls_loss	: 0.2202
-------------------------------------
[Epoch : 17/40]
Src_cls_loss	: 0.2097
-------------------------------------
[Epoch : 18/40]
Src_cls_loss	: 0.2001
-------------------------------------
[Epoch : 19/40]
Src_cls_loss	: 0.1910
-------------------------------------
[Epoch : 20/40]
Src_cls_loss	: 0.1827
-------------------------------------
[Epoch : 21/40]
Src_cls_loss	: 0.1755
-------------------------------------
[Epoch : 22/40]
Src_cls_loss	: 0.1693
-------------------------------------
[Epoch : 23/40]
Src_cls_loss	: 0.1633
-------------------------------------
[Epoch : 24/40]
Src_cls_loss	: 0.1574
-------------------------------------
[Epoch : 25/40]
Src_cls_loss	: 0.1519
-------------------------------------
[Epoch : 26/40]
Src_cls_loss	: 0.1468
-------------------------------------
[Epoch : 27/40]
Src_cls_loss	: 0.1421
-------------------------------------
[Epoch : 28/40]
Src_cls_loss	: 0.1377
-------------------------------------
[Epoch : 29/40]
Src_cls_loss	: 0.1334
-------------------------------------
[Epoch : 30/40]
Src_cls_loss	: 0.1317
-------------------------------------
[Epoch : 31/40]
Src_cls_loss	: 0.1285
-------------------------------------
[Epoch : 32/40]
Src_cls_loss	: 0.1257
-------------------------------------
[Epoch : 33/40]
Src_cls_loss	: 0.1228
-------------------------------------
[Epoch : 34/40]
Src_cls_loss	: 0.1198
-------------------------------------
[Epoch : 35/40]
Src_cls_loss	: 0.1170
-------------------------------------
[Epoch : 36/40]
Src_cls_loss	: 0.1144
-------------------------------------
[Epoch : 37/40]
Src_cls_loss	: 0.1118
-------------------------------------
[Epoch : 38/40]
Src_cls_loss	: 0.1094
-------------------------------------
[Epoch : 39/40]
Src_cls_loss	: 0.1070
-------------------------------------
[Epoch : 40/40]
Src_cls_loss	: 0.1049
-------------------------------------
