=============================================
Dataset: mobiact_realworld
Method:  NO_ADAPT
=============================================
Source: syn_64 ---> Target: dp_64
Run ID: 7
=============================================
[Epoch : 1/40]
Src_cls_loss	: 0.7050
-------------------------------------
[Epoch : 2/40]
Src_cls_loss	: 0.5488
-------------------------------------
[Epoch : 3/40]
Src_cls_loss	: 0.4479
-------------------------------------
[Epoch : 4/40]
Src_cls_loss	: 0.3784
-------------------------------------
[Epoch : 5/40]
Src_cls_loss	: 0.3329
-------------------------------------
[Epoch : 6/40]
Src_cls_loss	: 0.2943
-------------------------------------
[Epoch : 7/40]
Src_cls_loss	: 0.2634
-------------------------------------
[Epoch : 8/40]
Src_cls_loss	: 0.2413
-------------------------------------
[Epoch : 9/40]
Src_cls_loss	: 0.2226
-------------------------------------
[Epoch : 10/40]
Src_cls_loss	: 0.2079
-------------------------------------
[Epoch : 11/40]
Src_cls_loss	: 0.1933
-------------------------------------
[Epoch : 12/40]
Src_cls_loss	: 0.1806
-------------------------------------
[Epoch : 13/40]
Src_cls_loss	: 0.1695
-------------------------------------
[Epoch : 14/40]
Src_cls_loss	: 0.1614
-------------------------------------
[Epoch : 15/40]
Src_cls_loss	: 0.1544
-------------------------------------
[Epoch : 16/40]
Src_cls_loss	: 0.1470
-------------------------------------
[Epoch : 17/40]
Src_cls_loss	: 0.1410
-------------------------------------
[Epoch : 18/40]
Src_cls_loss	: 0.1344
-------------------------------------
[Epoch : 19/40]
Src_cls_loss	: 0.1288
-------------------------------------
[Epoch : 20/40]
Src_cls_loss	: 0.1239
-------------------------------------
[Epoch : 21/40]
Src_cls_loss	: 0.1195
-------------------------------------
[Epoch : 22/40]
Src_cls_loss	: 0.1154
-------------------------------------
[Epoch : 23/40]
Src_cls_loss	: 0.1114
-------------------------------------
[Epoch : 24/40]
Src_cls_loss	: 0.1079
-------------------------------------
[Epoch : 25/40]
Src_cls_loss	: 0.1048
-------------------------------------
[Epoch : 26/40]
Src_cls_loss	: 0.1016
-------------------------------------
[Epoch : 27/40]
Src_cls_loss	: 0.0991
-------------------------------------
[Epoch : 28/40]
Src_cls_loss	: 0.0963
-------------------------------------
[Epoch : 29/40]
Src_cls_loss	: 0.0934
-------------------------------------
[Epoch : 30/40]
Src_cls_loss	: 0.0910
-------------------------------------
[Epoch : 31/40]
Src_cls_loss	: 0.0888
-------------------------------------
[Epoch : 32/40]
Src_cls_loss	: 0.0865
-------------------------------------
[Epoch : 33/40]
Src_cls_loss	: 0.0844
-------------------------------------
[Epoch : 34/40]
Src_cls_loss	: 0.0824
-------------------------------------
[Epoch : 35/40]
Src_cls_loss	: 0.0805
-------------------------------------
[Epoch : 36/40]
Src_cls_loss	: 0.0786
-------------------------------------
[Epoch : 37/40]
Src_cls_loss	: 0.0772
-------------------------------------
[Epoch : 38/40]
Src_cls_loss	: 0.0759
-------------------------------------
[Epoch : 39/40]
Src_cls_loss	: 0.0744
-------------------------------------
[Epoch : 40/40]
Src_cls_loss	: 0.0727
-------------------------------------
