=============================================
Dataset: pamap_mobiact
Method:  SYN
=============================================
Source: syn_wal_56 ---> Target: dp_wal_56
Run ID: 6
=============================================
[Epoch : 1/40]
Src_cls_loss	: 0.7542
-------------------------------------
[Epoch : 2/40]
Src_cls_loss	: 0.5800
-------------------------------------
[Epoch : 3/40]
Src_cls_loss	: 0.4782
-------------------------------------
[Epoch : 4/40]
Src_cls_loss	: 0.4016
-------------------------------------
[Epoch : 5/40]
Src_cls_loss	: 0.3491
-------------------------------------
[Epoch : 6/40]
Src_cls_loss	: 0.3059
-------------------------------------
[Epoch : 7/40]
Src_cls_loss	: 0.2724
-------------------------------------
[Epoch : 8/40]
Src_cls_loss	: 0.2462
-------------------------------------
[Epoch : 9/40]
Src_cls_loss	: 0.2242
-------------------------------------
[Epoch : 10/40]
Src_cls_loss	: 0.2048
-------------------------------------
[Epoch : 11/40]
Src_cls_loss	: 0.1894
-------------------------------------
[Epoch : 12/40]
Src_cls_loss	: 0.1775
-------------------------------------
[Epoch : 13/40]
Src_cls_loss	: 0.1674
-------------------------------------
[Epoch : 14/40]
Src_cls_loss	: 0.1572
-------------------------------------
[Epoch : 15/40]
Src_cls_loss	: 0.1483
-------------------------------------
[Epoch : 16/40]
Src_cls_loss	: 0.1399
-------------------------------------
[Epoch : 17/40]
Src_cls_loss	: 0.1326
-------------------------------------
[Epoch : 18/40]
Src_cls_loss	: 0.1265
-------------------------------------
[Epoch : 19/40]
Src_cls_loss	: 0.1206
-------------------------------------
[Epoch : 20/40]
Src_cls_loss	: 0.1153
-------------------------------------
[Epoch : 21/40]
Src_cls_loss	: 0.1101
-------------------------------------
[Epoch : 22/40]
Src_cls_loss	: 0.1055
-------------------------------------
[Epoch : 23/40]
Src_cls_loss	: 0.1012
-------------------------------------
[Epoch : 24/40]
Src_cls_loss	: 0.0974
-------------------------------------
[Epoch : 25/40]
Src_cls_loss	: 0.0939
-------------------------------------
[Epoch : 26/40]
Src_cls_loss	: 0.0906
-------------------------------------
[Epoch : 27/40]
Src_cls_loss	: 0.0874
-------------------------------------
[Epoch : 28/40]
Src_cls_loss	: 0.0845
-------------------------------------
[Epoch : 29/40]
Src_cls_loss	: 0.0817
-------------------------------------
[Epoch : 30/40]
Src_cls_loss	: 0.0791
-------------------------------------
[Epoch : 31/40]
Src_cls_loss	: 0.0767
-------------------------------------
[Epoch : 32/40]
Src_cls_loss	: 0.0744
-------------------------------------
[Epoch : 33/40]
Src_cls_loss	: 0.0723
-------------------------------------
[Epoch : 34/40]
Src_cls_loss	: 0.0706
-------------------------------------
[Epoch : 35/40]
Src_cls_loss	: 0.0695
-------------------------------------
[Epoch : 36/40]
Src_cls_loss	: 0.0680
-------------------------------------
[Epoch : 37/40]
Src_cls_loss	: 0.0667
-------------------------------------
[Epoch : 38/40]
Src_cls_loss	: 0.0652
-------------------------------------
[Epoch : 39/40]
Src_cls_loss	: 0.0642
-------------------------------------
[Epoch : 40/40]
Src_cls_loss	: 0.0629
-------------------------------------
