=============================================
Dataset: pamap_mobiact
Method:  NO_ADAPT
=============================================
Source: syn_57 ---> Target: dp_57
Run ID: 5
=============================================
[Epoch : 1/40]
Src_cls_loss	: 0.6796
-------------------------------------
[Epoch : 2/40]
Src_cls_loss	: 0.5227
-------------------------------------
[Epoch : 3/40]
Src_cls_loss	: 0.4411
-------------------------------------
[Epoch : 4/40]
Src_cls_loss	: 0.3866
-------------------------------------
[Epoch : 5/40]
Src_cls_loss	: 0.3426
-------------------------------------
[Epoch : 6/40]
Src_cls_loss	: 0.3124
-------------------------------------
[Epoch : 7/40]
Src_cls_loss	: 0.2832
-------------------------------------
[Epoch : 8/40]
Src_cls_loss	: 0.2635
-------------------------------------
[Epoch : 9/40]
Src_cls_loss	: 0.2483
-------------------------------------
[Epoch : 10/40]
Src_cls_loss	: 0.2323
-------------------------------------
[Epoch : 11/40]
Src_cls_loss	: 0.2204
-------------------------------------
[Epoch : 12/40]
Src_cls_loss	: 0.2066
-------------------------------------
[Epoch : 13/40]
Src_cls_loss	: 0.1973
-------------------------------------
[Epoch : 14/40]
Src_cls_loss	: 0.1873
-------------------------------------
[Epoch : 15/40]
Src_cls_loss	: 0.1785
-------------------------------------
[Epoch : 16/40]
Src_cls_loss	: 0.1711
-------------------------------------
[Epoch : 17/40]
Src_cls_loss	: 0.1645
-------------------------------------
[Epoch : 18/40]
Src_cls_loss	: 0.1588
-------------------------------------
[Epoch : 19/40]
Src_cls_loss	: 0.1535
-------------------------------------
[Epoch : 20/40]
Src_cls_loss	: 0.1477
-------------------------------------
[Epoch : 21/40]
Src_cls_loss	: 0.1420
-------------------------------------
[Epoch : 22/40]
Src_cls_loss	: 0.1368
-------------------------------------
[Epoch : 23/40]
Src_cls_loss	: 0.1325
-------------------------------------
[Epoch : 24/40]
Src_cls_loss	: 0.1285
-------------------------------------
[Epoch : 25/40]
Src_cls_loss	: 0.1244
-------------------------------------
[Epoch : 26/40]
Src_cls_loss	: 0.1205
-------------------------------------
[Epoch : 27/40]
Src_cls_loss	: 0.1171
-------------------------------------
[Epoch : 28/40]
Src_cls_loss	: 0.1140
-------------------------------------
[Epoch : 29/40]
Src_cls_loss	: 0.1109
-------------------------------------
[Epoch : 30/40]
Src_cls_loss	: 0.1082
-------------------------------------
[Epoch : 31/40]
Src_cls_loss	: 0.1054
-------------------------------------
[Epoch : 32/40]
Src_cls_loss	: 0.1026
-------------------------------------
[Epoch : 33/40]
Src_cls_loss	: 0.1000
-------------------------------------
[Epoch : 34/40]
Src_cls_loss	: 0.0975
-------------------------------------
[Epoch : 35/40]
Src_cls_loss	: 0.0950
-------------------------------------
[Epoch : 36/40]
Src_cls_loss	: 0.0929
-------------------------------------
[Epoch : 37/40]
Src_cls_loss	: 0.0911
-------------------------------------
[Epoch : 38/40]
Src_cls_loss	: 0.0895
-------------------------------------
[Epoch : 39/40]
Src_cls_loss	: 0.0877
-------------------------------------
[Epoch : 40/40]
Src_cls_loss	: 0.0862
-------------------------------------
