=============================================
Dataset: realworld_mobiact
Method:  DANN
=============================================
Source: df ---> Target: dp_wal_30
Run ID: 0
=============================================
[Epoch : 1/40]
Total_loss	: 5.3727
Domain_loss	: 1.1899
Src_cls_loss	: 0.4311
-------------------------------------
[Epoch : 2/40]
Total_loss	: 5.0664
Domain_loss	: 1.2037
Src_cls_loss	: 0.3662
-------------------------------------
[Epoch : 3/40]
Total_loss	: 4.9157
Domain_loss	: 1.2263
Src_cls_loss	: 0.3264
-------------------------------------
[Epoch : 4/40]
Total_loss	: 4.8034
Domain_loss	: 1.2258
Src_cls_loss	: 0.3054
-------------------------------------
[Epoch : 5/40]
Total_loss	: 4.7243
Domain_loss	: 1.2299
Src_cls_loss	: 0.2883
-------------------------------------
[Epoch : 6/40]
Total_loss	: 4.6804
Domain_loss	: 1.2410
Src_cls_loss	: 0.2745
-------------------------------------
[Epoch : 7/40]
Total_loss	: 4.6411
Domain_loss	: 1.2519
Src_cls_loss	: 0.2617
-------------------------------------
[Epoch : 8/40]
Total_loss	: 4.6014
Domain_loss	: 1.2634
Src_cls_loss	: 0.2485
-------------------------------------
[Epoch : 9/40]
Total_loss	: 4.5710
Domain_loss	: 1.2710
Src_cls_loss	: 0.2390
-------------------------------------
[Epoch : 10/40]
Total_loss	: 4.5392
Domain_loss	: 1.2764
Src_cls_loss	: 0.2302
-------------------------------------
[Epoch : 11/40]
Total_loss	: 4.5195
Domain_loss	: 1.2845
Src_cls_loss	: 0.2225
-------------------------------------
[Epoch : 12/40]
Total_loss	: 4.5023
Domain_loss	: 1.2916
Src_cls_loss	: 0.2157
-------------------------------------
[Epoch : 13/40]
Total_loss	: 4.4771
Domain_loss	: 1.2959
Src_cls_loss	: 0.2088
-------------------------------------
[Epoch : 14/40]
Total_loss	: 4.4559
Domain_loss	: 1.2980
Src_cls_loss	: 0.2038
-------------------------------------
[Epoch : 15/40]
Total_loss	: 4.4394
Domain_loss	: 1.3004
Src_cls_loss	: 0.1995
-------------------------------------
[Epoch : 16/40]
Total_loss	: 4.4212
Domain_loss	: 1.3023
Src_cls_loss	: 0.1951
-------------------------------------
[Epoch : 17/40]
Total_loss	: 4.4082
Domain_loss	: 1.3057
Src_cls_loss	: 0.1909
-------------------------------------
[Epoch : 18/40]
Total_loss	: 4.3928
Domain_loss	: 1.3078
Src_cls_loss	: 0.1870
-------------------------------------
[Epoch : 19/40]
Total_loss	: 4.3813
Domain_loss	: 1.3111
Src_cls_loss	: 0.1832
-------------------------------------
[Epoch : 20/40]
Total_loss	: 4.3677
Domain_loss	: 1.3145
Src_cls_loss	: 0.1789
-------------------------------------
[Epoch : 21/40]
Total_loss	: 4.3540
Domain_loss	: 1.3170
Src_cls_loss	: 0.1750
-------------------------------------
[Epoch : 22/40]
Total_loss	: 4.3407
Domain_loss	: 1.3193
Src_cls_loss	: 0.1714
-------------------------------------
[Epoch : 23/40]
Total_loss	: 4.3289
Domain_loss	: 1.3213
Src_cls_loss	: 0.1682
-------------------------------------
[Epoch : 24/40]
Total_loss	: 4.3160
Domain_loss	: 1.3216
Src_cls_loss	: 0.1656
-------------------------------------
[Epoch : 25/40]
Total_loss	: 4.3041
Domain_loss	: 1.3226
Src_cls_loss	: 0.1628
-------------------------------------
[Epoch : 26/40]
Total_loss	: 4.2936
Domain_loss	: 1.3237
Src_cls_loss	: 0.1603
-------------------------------------
[Epoch : 27/40]
Total_loss	: 4.2813
Domain_loss	: 1.3243
Src_cls_loss	: 0.1577
-------------------------------------
[Epoch : 28/40]
Total_loss	: 4.2722
Domain_loss	: 1.3260
Src_cls_loss	: 0.1551
-------------------------------------
[Epoch : 29/40]
Total_loss	: 4.2656
Domain_loss	: 1.3279
Src_cls_loss	: 0.1529
-------------------------------------
[Epoch : 30/40]
Total_loss	: 4.2559
Domain_loss	: 1.3291
Src_cls_loss	: 0.1505
-------------------------------------
[Epoch : 31/40]
Total_loss	: 4.2463
Domain_loss	: 1.3298
Src_cls_loss	: 0.1483
-------------------------------------
[Epoch : 32/40]
Total_loss	: 4.2378
Domain_loss	: 1.3310
Src_cls_loss	: 0.1461
-------------------------------------
[Epoch : 33/40]
Total_loss	: 4.2301
Domain_loss	: 1.3319
Src_cls_loss	: 0.1442
-------------------------------------
[Epoch : 34/40]
Total_loss	: 4.2224
Domain_loss	: 1.3330
Src_cls_loss	: 0.1422
-------------------------------------
[Epoch : 35/40]
Total_loss	: 4.2134
Domain_loss	: 1.3334
Src_cls_loss	: 0.1403
-------------------------------------
[Epoch : 36/40]
Total_loss	: 4.2070
Domain_loss	: 1.3345
Src_cls_loss	: 0.1385
-------------------------------------
[Epoch : 37/40]
Total_loss	: 4.1999
Domain_loss	: 1.3355
Src_cls_loss	: 0.1367
-------------------------------------
[Epoch : 38/40]
Total_loss	: 4.1940
Domain_loss	: 1.3367
Src_cls_loss	: 0.1350
-------------------------------------
[Epoch : 39/40]
Total_loss	: 4.1876
Domain_loss	: 1.3380
Src_cls_loss	: 0.1332
-------------------------------------
[Epoch : 40/40]
Total_loss	: 4.1801
Domain_loss	: 1.3389
Src_cls_loss	: 0.1313
-------------------------------------
