=============================================
Dataset: mobiact_realworld
Method:  DSAN
=============================================
Source: df ---> Target: dp_68
Run ID: 0
=============================================
[Epoch : 1/40]
Total_loss	: 0.4597
LMMD_loss	: 0.7747
Src_cls_loss	: 0.2945
-------------------------------------
[Epoch : 2/40]
Total_loss	: 0.3388
LMMD_loss	: 0.7065
Src_cls_loss	: 0.2066
-------------------------------------
[Epoch : 3/40]
Total_loss	: 0.2819
LMMD_loss	: 0.6615
Src_cls_loss	: 0.1662
-------------------------------------
[Epoch : 4/40]
Total_loss	: 0.2443
LMMD_loss	: 0.6195
Src_cls_loss	: 0.1404
-------------------------------------
[Epoch : 5/40]
Total_loss	: 0.2211
LMMD_loss	: 0.5962
Src_cls_loss	: 0.1244
-------------------------------------
[Epoch : 6/40]
Total_loss	: 0.2034
LMMD_loss	: 0.5752
Src_cls_loss	: 0.1124
-------------------------------------
[Epoch : 7/40]
Total_loss	: 0.1882
LMMD_loss	: 0.5539
Src_cls_loss	: 0.1023
-------------------------------------
[Epoch : 8/40]
Total_loss	: 0.1771
LMMD_loss	: 0.5376
Src_cls_loss	: 0.0950
-------------------------------------
[Epoch : 9/40]
Total_loss	: 0.1684
LMMD_loss	: 0.5237
Src_cls_loss	: 0.0894
-------------------------------------
[Epoch : 10/40]
Total_loss	: 0.1607
LMMD_loss	: 0.5112
Src_cls_loss	: 0.0845
-------------------------------------
[Epoch : 11/40]
Total_loss	: 0.1541
LMMD_loss	: 0.4996
Src_cls_loss	: 0.0802
-------------------------------------
[Epoch : 12/40]
Total_loss	: 0.1490
LMMD_loss	: 0.4904
Src_cls_loss	: 0.0770
-------------------------------------
[Epoch : 13/40]
Total_loss	: 0.1433
LMMD_loss	: 0.4799
Src_cls_loss	: 0.0734
-------------------------------------
[Epoch : 14/40]
Total_loss	: 0.1386
LMMD_loss	: 0.4714
Src_cls_loss	: 0.0705
-------------------------------------
[Epoch : 15/40]
Total_loss	: 0.1352
LMMD_loss	: 0.4638
Src_cls_loss	: 0.0684
-------------------------------------
[Epoch : 16/40]
Total_loss	: 0.1318
LMMD_loss	: 0.4574
Src_cls_loss	: 0.0663
-------------------------------------
[Epoch : 17/40]
Total_loss	: 0.1284
LMMD_loss	: 0.4506
Src_cls_loss	: 0.0642
-------------------------------------
[Epoch : 18/40]
Total_loss	: 0.1261
LMMD_loss	: 0.4445
Src_cls_loss	: 0.0629
-------------------------------------
[Epoch : 19/40]
Total_loss	: 0.1234
LMMD_loss	: 0.4399
Src_cls_loss	: 0.0612
-------------------------------------
[Epoch : 20/40]
Total_loss	: 0.1208
LMMD_loss	: 0.4350
Src_cls_loss	: 0.0595
-------------------------------------
[Epoch : 21/40]
Total_loss	: 0.1182
LMMD_loss	: 0.4300
Src_cls_loss	: 0.0580
-------------------------------------
[Epoch : 22/40]
Total_loss	: 0.1158
LMMD_loss	: 0.4245
Src_cls_loss	: 0.0565
-------------------------------------
[Epoch : 23/40]
Total_loss	: 0.1136
LMMD_loss	: 0.4195
Src_cls_loss	: 0.0552
-------------------------------------
[Epoch : 24/40]
Total_loss	: 0.1118
LMMD_loss	: 0.4153
Src_cls_loss	: 0.0541
-------------------------------------
[Epoch : 25/40]
Total_loss	: 0.1099
LMMD_loss	: 0.4110
Src_cls_loss	: 0.0530
-------------------------------------
[Epoch : 26/40]
Total_loss	: 0.1081
LMMD_loss	: 0.4070
Src_cls_loss	: 0.0519
-------------------------------------
[Epoch : 27/40]
Total_loss	: 0.1066
LMMD_loss	: 0.4032
Src_cls_loss	: 0.0511
-------------------------------------
[Epoch : 28/40]
Total_loss	: 0.1053
LMMD_loss	: 0.4006
Src_cls_loss	: 0.0503
-------------------------------------
[Epoch : 29/40]
Total_loss	: 0.1037
LMMD_loss	: 0.3969
Src_cls_loss	: 0.0493
-------------------------------------
[Epoch : 30/40]
Total_loss	: 0.1024
LMMD_loss	: 0.3943
Src_cls_loss	: 0.0485
-------------------------------------
[Epoch : 31/40]
Total_loss	: 0.1010
LMMD_loss	: 0.3908
Src_cls_loss	: 0.0477
-------------------------------------
[Epoch : 32/40]
Total_loss	: 0.0997
LMMD_loss	: 0.3875
Src_cls_loss	: 0.0469
-------------------------------------
[Epoch : 33/40]
Total_loss	: 0.0985
LMMD_loss	: 0.3848
Src_cls_loss	: 0.0462
-------------------------------------
[Epoch : 34/40]
Total_loss	: 0.0975
LMMD_loss	: 0.3830
Src_cls_loss	: 0.0456
-------------------------------------
[Epoch : 35/40]
Total_loss	: 0.0965
LMMD_loss	: 0.3806
Src_cls_loss	: 0.0450
-------------------------------------
[Epoch : 36/40]
Total_loss	: 0.0954
LMMD_loss	: 0.3785
Src_cls_loss	: 0.0443
-------------------------------------
[Epoch : 37/40]
Total_loss	: 0.0946
LMMD_loss	: 0.3764
Src_cls_loss	: 0.0439
-------------------------------------
[Epoch : 38/40]
Total_loss	: 0.0938
LMMD_loss	: 0.3742
Src_cls_loss	: 0.0434
-------------------------------------
[Epoch : 39/40]
Total_loss	: 0.0928
LMMD_loss	: 0.3716
Src_cls_loss	: 0.0429
-------------------------------------
[Epoch : 40/40]
Total_loss	: 0.0920
LMMD_loss	: 0.3693
Src_cls_loss	: 0.0424
-------------------------------------
