=============================================
Dataset: pamap_mobiact
Method:  SYN
=============================================
Source: syn_wal_62 ---> Target: dp_wal_62
Run ID: 5
=============================================
[Epoch : 1/40]
Src_cls_loss	: 0.6380
-------------------------------------
[Epoch : 2/40]
Src_cls_loss	: 0.4885
-------------------------------------
[Epoch : 3/40]
Src_cls_loss	: 0.3943
-------------------------------------
[Epoch : 4/40]
Src_cls_loss	: 0.3304
-------------------------------------
[Epoch : 5/40]
Src_cls_loss	: 0.2821
-------------------------------------
[Epoch : 6/40]
Src_cls_loss	: 0.2483
-------------------------------------
[Epoch : 7/40]
Src_cls_loss	: 0.2216
-------------------------------------
[Epoch : 8/40]
Src_cls_loss	: 0.2020
-------------------------------------
[Epoch : 9/40]
Src_cls_loss	: 0.1842
-------------------------------------
[Epoch : 10/40]
Src_cls_loss	: 0.1693
-------------------------------------
[Epoch : 11/40]
Src_cls_loss	: 0.1560
-------------------------------------
[Epoch : 12/40]
Src_cls_loss	: 0.1448
-------------------------------------
[Epoch : 13/40]
Src_cls_loss	: 0.1357
-------------------------------------
[Epoch : 14/40]
Src_cls_loss	: 0.1271
-------------------------------------
[Epoch : 15/40]
Src_cls_loss	: 0.1199
-------------------------------------
[Epoch : 16/40]
Src_cls_loss	: 0.1142
-------------------------------------
[Epoch : 17/40]
Src_cls_loss	: 0.1085
-------------------------------------
[Epoch : 18/40]
Src_cls_loss	: 0.1040
-------------------------------------
[Epoch : 19/40]
Src_cls_loss	: 0.0997
-------------------------------------
[Epoch : 20/40]
Src_cls_loss	: 0.0951
-------------------------------------
[Epoch : 21/40]
Src_cls_loss	: 0.0911
-------------------------------------
[Epoch : 22/40]
Src_cls_loss	: 0.0871
-------------------------------------
[Epoch : 23/40]
Src_cls_loss	: 0.0835
-------------------------------------
[Epoch : 24/40]
Src_cls_loss	: 0.0803
-------------------------------------
[Epoch : 25/40]
Src_cls_loss	: 0.0773
-------------------------------------
[Epoch : 26/40]
Src_cls_loss	: 0.0745
-------------------------------------
[Epoch : 27/40]
Src_cls_loss	: 0.0719
-------------------------------------
[Epoch : 28/40]
Src_cls_loss	: 0.0695
-------------------------------------
[Epoch : 29/40]
Src_cls_loss	: 0.0674
-------------------------------------
[Epoch : 30/40]
Src_cls_loss	: 0.0653
-------------------------------------
[Epoch : 31/40]
Src_cls_loss	: 0.0633
-------------------------------------
[Epoch : 32/40]
Src_cls_loss	: 0.0614
-------------------------------------
[Epoch : 33/40]
Src_cls_loss	: 0.0596
-------------------------------------
[Epoch : 34/40]
Src_cls_loss	: 0.0582
-------------------------------------
[Epoch : 35/40]
Src_cls_loss	: 0.0566
-------------------------------------
[Epoch : 36/40]
Src_cls_loss	: 0.0552
-------------------------------------
[Epoch : 37/40]
Src_cls_loss	: 0.0538
-------------------------------------
[Epoch : 38/40]
Src_cls_loss	: 0.0525
-------------------------------------
[Epoch : 39/40]
Src_cls_loss	: 0.0513
-------------------------------------
[Epoch : 40/40]
Src_cls_loss	: 0.0501
-------------------------------------
