=============================================
Dataset: pamap_mobiact
Method:  SYN
=============================================
Source: syn_wal_64 ---> Target: dp_wal_64
Run ID: 4
=============================================
[Epoch : 1/40]
Src_cls_loss	: 0.6183
-------------------------------------
[Epoch : 2/40]
Src_cls_loss	: 0.4481
-------------------------------------
[Epoch : 3/40]
Src_cls_loss	: 0.3578
-------------------------------------
[Epoch : 4/40]
Src_cls_loss	: 0.3024
-------------------------------------
[Epoch : 5/40]
Src_cls_loss	: 0.2608
-------------------------------------
[Epoch : 6/40]
Src_cls_loss	: 0.2287
-------------------------------------
[Epoch : 7/40]
Src_cls_loss	: 0.2035
-------------------------------------
[Epoch : 8/40]
Src_cls_loss	: 0.1851
-------------------------------------
[Epoch : 9/40]
Src_cls_loss	: 0.1692
-------------------------------------
[Epoch : 10/40]
Src_cls_loss	: 0.1546
-------------------------------------
[Epoch : 11/40]
Src_cls_loss	: 0.1432
-------------------------------------
[Epoch : 12/40]
Src_cls_loss	: 0.1329
-------------------------------------
[Epoch : 13/40]
Src_cls_loss	: 0.1240
-------------------------------------
[Epoch : 14/40]
Src_cls_loss	: 0.1164
-------------------------------------
[Epoch : 15/40]
Src_cls_loss	: 0.1098
-------------------------------------
[Epoch : 16/40]
Src_cls_loss	: 0.1046
-------------------------------------
[Epoch : 17/40]
Src_cls_loss	: 0.0995
-------------------------------------
[Epoch : 18/40]
Src_cls_loss	: 0.0949
-------------------------------------
[Epoch : 19/40]
Src_cls_loss	: 0.0904
-------------------------------------
[Epoch : 20/40]
Src_cls_loss	: 0.0864
-------------------------------------
[Epoch : 21/40]
Src_cls_loss	: 0.0825
-------------------------------------
[Epoch : 22/40]
Src_cls_loss	: 0.0790
-------------------------------------
[Epoch : 23/40]
Src_cls_loss	: 0.0759
-------------------------------------
[Epoch : 24/40]
Src_cls_loss	: 0.0729
-------------------------------------
[Epoch : 25/40]
Src_cls_loss	: 0.0703
-------------------------------------
[Epoch : 26/40]
Src_cls_loss	: 0.0678
-------------------------------------
[Epoch : 27/40]
Src_cls_loss	: 0.0654
-------------------------------------
[Epoch : 28/40]
Src_cls_loss	: 0.0633
-------------------------------------
[Epoch : 29/40]
Src_cls_loss	: 0.0615
-------------------------------------
[Epoch : 30/40]
Src_cls_loss	: 0.0599
-------------------------------------
[Epoch : 31/40]
Src_cls_loss	: 0.0583
-------------------------------------
[Epoch : 32/40]
Src_cls_loss	: 0.0566
-------------------------------------
[Epoch : 33/40]
Src_cls_loss	: 0.0552
-------------------------------------
[Epoch : 34/40]
Src_cls_loss	: 0.0537
-------------------------------------
[Epoch : 35/40]
Src_cls_loss	: 0.0522
-------------------------------------
[Epoch : 36/40]
Src_cls_loss	: 0.0509
-------------------------------------
[Epoch : 37/40]
Src_cls_loss	: 0.0496
-------------------------------------
[Epoch : 38/40]
Src_cls_loss	: 0.0486
-------------------------------------
[Epoch : 39/40]
Src_cls_loss	: 0.0476
-------------------------------------
[Epoch : 40/40]
Src_cls_loss	: 0.0465
-------------------------------------
