=============================================
Dataset: mobiact_pamap
Method:  NO_ADAPT
=============================================
Source: syn_66 ---> Target: dp_66
Run ID: 8
=============================================
[Epoch : 1/40]
Src_cls_loss	: 0.6293
-------------------------------------
[Epoch : 2/40]
Src_cls_loss	: 0.4682
-------------------------------------
[Epoch : 3/40]
Src_cls_loss	: 0.3775
-------------------------------------
[Epoch : 4/40]
Src_cls_loss	: 0.3175
-------------------------------------
[Epoch : 5/40]
Src_cls_loss	: 0.2733
-------------------------------------
[Epoch : 6/40]
Src_cls_loss	: 0.2392
-------------------------------------
[Epoch : 7/40]
Src_cls_loss	: 0.2136
-------------------------------------
[Epoch : 8/40]
Src_cls_loss	: 0.1967
-------------------------------------
[Epoch : 9/40]
Src_cls_loss	: 0.1818
-------------------------------------
[Epoch : 10/40]
Src_cls_loss	: 0.1668
-------------------------------------
[Epoch : 11/40]
Src_cls_loss	: 0.1547
-------------------------------------
[Epoch : 12/40]
Src_cls_loss	: 0.1441
-------------------------------------
[Epoch : 13/40]
Src_cls_loss	: 0.1354
-------------------------------------
[Epoch : 14/40]
Src_cls_loss	: 0.1272
-------------------------------------
[Epoch : 15/40]
Src_cls_loss	: 0.1200
-------------------------------------
[Epoch : 16/40]
Src_cls_loss	: 0.1142
-------------------------------------
[Epoch : 17/40]
Src_cls_loss	: 0.1097
-------------------------------------
[Epoch : 18/40]
Src_cls_loss	: 0.1054
-------------------------------------
[Epoch : 19/40]
Src_cls_loss	: 0.1012
-------------------------------------
[Epoch : 20/40]
Src_cls_loss	: 0.0979
-------------------------------------
[Epoch : 21/40]
Src_cls_loss	: 0.0947
-------------------------------------
[Epoch : 22/40]
Src_cls_loss	: 0.0913
-------------------------------------
[Epoch : 23/40]
Src_cls_loss	: 0.0879
-------------------------------------
[Epoch : 24/40]
Src_cls_loss	: 0.0846
-------------------------------------
[Epoch : 25/40]
Src_cls_loss	: 0.0816
-------------------------------------
[Epoch : 26/40]
Src_cls_loss	: 0.0789
-------------------------------------
[Epoch : 27/40]
Src_cls_loss	: 0.0770
-------------------------------------
[Epoch : 28/40]
Src_cls_loss	: 0.0747
-------------------------------------
[Epoch : 29/40]
Src_cls_loss	: 0.0726
-------------------------------------
[Epoch : 30/40]
Src_cls_loss	: 0.0705
-------------------------------------
[Epoch : 31/40]
Src_cls_loss	: 0.0684
-------------------------------------
[Epoch : 32/40]
Src_cls_loss	: 0.0665
-------------------------------------
[Epoch : 33/40]
Src_cls_loss	: 0.0647
-------------------------------------
[Epoch : 34/40]
Src_cls_loss	: 0.0630
-------------------------------------
[Epoch : 35/40]
Src_cls_loss	: 0.0614
-------------------------------------
[Epoch : 36/40]
Src_cls_loss	: 0.0598
-------------------------------------
[Epoch : 37/40]
Src_cls_loss	: 0.0583
-------------------------------------
[Epoch : 38/40]
Src_cls_loss	: 0.0569
-------------------------------------
[Epoch : 39/40]
Src_cls_loss	: 0.0555
-------------------------------------
[Epoch : 40/40]
Src_cls_loss	: 0.0543
-------------------------------------
