=============================================
Dataset: realworld_mobiact
Method:  NO_ADAPT
=============================================
Source: syn_15 ---> Target: dp_15
Run ID: 3
=============================================
[Epoch : 1/40]
Src_cls_loss	: 0.9204
-------------------------------------
[Epoch : 2/40]
Src_cls_loss	: 0.7926
-------------------------------------
[Epoch : 3/40]
Src_cls_loss	: 0.6865
-------------------------------------
[Epoch : 4/40]
Src_cls_loss	: 0.5945
-------------------------------------
[Epoch : 5/40]
Src_cls_loss	: 0.5228
-------------------------------------
[Epoch : 6/40]
Src_cls_loss	: 0.4659
-------------------------------------
[Epoch : 7/40]
Src_cls_loss	: 0.4203
-------------------------------------
[Epoch : 8/40]
Src_cls_loss	: 0.3838
-------------------------------------
[Epoch : 9/40]
Src_cls_loss	: 0.3563
-------------------------------------
[Epoch : 10/40]
Src_cls_loss	: 0.3308
-------------------------------------
[Epoch : 11/40]
Src_cls_loss	: 0.3087
-------------------------------------
[Epoch : 12/40]
Src_cls_loss	: 0.2894
-------------------------------------
[Epoch : 13/40]
Src_cls_loss	: 0.2731
-------------------------------------
[Epoch : 14/40]
Src_cls_loss	: 0.2577
-------------------------------------
[Epoch : 15/40]
Src_cls_loss	: 0.2437
-------------------------------------
[Epoch : 16/40]
Src_cls_loss	: 0.2324
-------------------------------------
[Epoch : 17/40]
Src_cls_loss	: 0.2227
-------------------------------------
[Epoch : 18/40]
Src_cls_loss	: 0.2126
-------------------------------------
[Epoch : 19/40]
Src_cls_loss	: 0.2034
-------------------------------------
[Epoch : 20/40]
Src_cls_loss	: 0.1946
-------------------------------------
[Epoch : 21/40]
Src_cls_loss	: 0.1873
-------------------------------------
[Epoch : 22/40]
Src_cls_loss	: 0.1804
-------------------------------------
[Epoch : 23/40]
Src_cls_loss	: 0.1736
-------------------------------------
[Epoch : 24/40]
Src_cls_loss	: 0.1676
-------------------------------------
[Epoch : 25/40]
Src_cls_loss	: 0.1621
-------------------------------------
[Epoch : 26/40]
Src_cls_loss	: 0.1576
-------------------------------------
[Epoch : 27/40]
Src_cls_loss	: 0.1530
-------------------------------------
[Epoch : 28/40]
Src_cls_loss	: 0.1498
-------------------------------------
[Epoch : 29/40]
Src_cls_loss	: 0.1465
-------------------------------------
[Epoch : 30/40]
Src_cls_loss	: 0.1433
-------------------------------------
[Epoch : 31/40]
Src_cls_loss	: 0.1394
-------------------------------------
[Epoch : 32/40]
Src_cls_loss	: 0.1356
-------------------------------------
[Epoch : 33/40]
Src_cls_loss	: 0.1321
-------------------------------------
[Epoch : 34/40]
Src_cls_loss	: 0.1290
-------------------------------------
[Epoch : 35/40]
Src_cls_loss	: 0.1260
-------------------------------------
[Epoch : 36/40]
Src_cls_loss	: 0.1232
-------------------------------------
[Epoch : 37/40]
Src_cls_loss	: 0.1203
-------------------------------------
[Epoch : 38/40]
Src_cls_loss	: 0.1176
-------------------------------------
[Epoch : 39/40]
Src_cls_loss	: 0.1149
-------------------------------------
[Epoch : 40/40]
Src_cls_loss	: 0.1124
-------------------------------------
