=============================================
Dataset: pamap_mobiact
Method:  NO_ADAPT
=============================================
Source: syn_9 ---> Target: dp_9
Run ID: 7
=============================================
[Epoch : 1/40]
Src_cls_loss	: 0.5974
-------------------------------------
[Epoch : 2/40]
Src_cls_loss	: 0.4673
-------------------------------------
[Epoch : 3/40]
Src_cls_loss	: 0.3899
-------------------------------------
[Epoch : 4/40]
Src_cls_loss	: 0.3337
-------------------------------------
[Epoch : 5/40]
Src_cls_loss	: 0.2900
-------------------------------------
[Epoch : 6/40]
Src_cls_loss	: 0.2568
-------------------------------------
[Epoch : 7/40]
Src_cls_loss	: 0.2308
-------------------------------------
[Epoch : 8/40]
Src_cls_loss	: 0.2087
-------------------------------------
[Epoch : 9/40]
Src_cls_loss	: 0.1898
-------------------------------------
[Epoch : 10/40]
Src_cls_loss	: 0.1760
-------------------------------------
[Epoch : 11/40]
Src_cls_loss	: 0.1635
-------------------------------------
[Epoch : 12/40]
Src_cls_loss	: 0.1527
-------------------------------------
[Epoch : 13/40]
Src_cls_loss	: 0.1430
-------------------------------------
[Epoch : 14/40]
Src_cls_loss	: 0.1344
-------------------------------------
[Epoch : 15/40]
Src_cls_loss	: 0.1274
-------------------------------------
[Epoch : 16/40]
Src_cls_loss	: 0.1207
-------------------------------------
[Epoch : 17/40]
Src_cls_loss	: 0.1145
-------------------------------------
[Epoch : 18/40]
Src_cls_loss	: 0.1088
-------------------------------------
[Epoch : 19/40]
Src_cls_loss	: 0.1038
-------------------------------------
[Epoch : 20/40]
Src_cls_loss	: 0.0991
-------------------------------------
[Epoch : 21/40]
Src_cls_loss	: 0.0951
-------------------------------------
[Epoch : 22/40]
Src_cls_loss	: 0.0912
-------------------------------------
[Epoch : 23/40]
Src_cls_loss	: 0.0877
-------------------------------------
[Epoch : 24/40]
Src_cls_loss	: 0.0844
-------------------------------------
[Epoch : 25/40]
Src_cls_loss	: 0.0814
-------------------------------------
[Epoch : 26/40]
Src_cls_loss	: 0.0788
-------------------------------------
[Epoch : 27/40]
Src_cls_loss	: 0.0765
-------------------------------------
[Epoch : 28/40]
Src_cls_loss	: 0.0744
-------------------------------------
[Epoch : 29/40]
Src_cls_loss	: 0.0723
-------------------------------------
[Epoch : 30/40]
Src_cls_loss	: 0.0704
-------------------------------------
[Epoch : 31/40]
Src_cls_loss	: 0.0684
-------------------------------------
[Epoch : 32/40]
Src_cls_loss	: 0.0665
-------------------------------------
[Epoch : 33/40]
Src_cls_loss	: 0.0648
-------------------------------------
[Epoch : 34/40]
Src_cls_loss	: 0.0631
-------------------------------------
[Epoch : 35/40]
Src_cls_loss	: 0.0616
-------------------------------------
[Epoch : 36/40]
Src_cls_loss	: 0.0600
-------------------------------------
[Epoch : 37/40]
Src_cls_loss	: 0.0585
-------------------------------------
[Epoch : 38/40]
Src_cls_loss	: 0.0571
-------------------------------------
[Epoch : 39/40]
Src_cls_loss	: 0.0558
-------------------------------------
[Epoch : 40/40]
Src_cls_loss	: 0.0546
-------------------------------------
