=============================================
Dataset: pamap_mobiact
Method:  SYN
=============================================
Source: syn_wal_50 ---> Target: dp_wal_50
Run ID: 6
=============================================
[Epoch : 1/40]
Src_cls_loss	: 0.5890
-------------------------------------
[Epoch : 2/40]
Src_cls_loss	: 0.4058
-------------------------------------
[Epoch : 3/40]
Src_cls_loss	: 0.3133
-------------------------------------
[Epoch : 4/40]
Src_cls_loss	: 0.2562
-------------------------------------
[Epoch : 5/40]
Src_cls_loss	: 0.2193
-------------------------------------
[Epoch : 6/40]
Src_cls_loss	: 0.1918
-------------------------------------
[Epoch : 7/40]
Src_cls_loss	: 0.1706
-------------------------------------
[Epoch : 8/40]
Src_cls_loss	: 0.1556
-------------------------------------
[Epoch : 9/40]
Src_cls_loss	: 0.1420
-------------------------------------
[Epoch : 10/40]
Src_cls_loss	: 0.1299
-------------------------------------
[Epoch : 11/40]
Src_cls_loss	: 0.1202
-------------------------------------
[Epoch : 12/40]
Src_cls_loss	: 0.1123
-------------------------------------
[Epoch : 13/40]
Src_cls_loss	: 0.1047
-------------------------------------
[Epoch : 14/40]
Src_cls_loss	: 0.0981
-------------------------------------
[Epoch : 15/40]
Src_cls_loss	: 0.0922
-------------------------------------
[Epoch : 16/40]
Src_cls_loss	: 0.0870
-------------------------------------
[Epoch : 17/40]
Src_cls_loss	: 0.0826
-------------------------------------
[Epoch : 18/40]
Src_cls_loss	: 0.0790
-------------------------------------
[Epoch : 19/40]
Src_cls_loss	: 0.0754
-------------------------------------
[Epoch : 20/40]
Src_cls_loss	: 0.0722
-------------------------------------
[Epoch : 21/40]
Src_cls_loss	: 0.0692
-------------------------------------
[Epoch : 22/40]
Src_cls_loss	: 0.0663
-------------------------------------
[Epoch : 23/40]
Src_cls_loss	: 0.0637
-------------------------------------
[Epoch : 24/40]
Src_cls_loss	: 0.0613
-------------------------------------
[Epoch : 25/40]
Src_cls_loss	: 0.0593
-------------------------------------
[Epoch : 26/40]
Src_cls_loss	: 0.0573
-------------------------------------
[Epoch : 27/40]
Src_cls_loss	: 0.0553
-------------------------------------
[Epoch : 28/40]
Src_cls_loss	: 0.0535
-------------------------------------
[Epoch : 29/40]
Src_cls_loss	: 0.0517
-------------------------------------
[Epoch : 30/40]
Src_cls_loss	: 0.0501
-------------------------------------
[Epoch : 31/40]
Src_cls_loss	: 0.0486
-------------------------------------
[Epoch : 32/40]
Src_cls_loss	: 0.0472
-------------------------------------
[Epoch : 33/40]
Src_cls_loss	: 0.0458
-------------------------------------
[Epoch : 34/40]
Src_cls_loss	: 0.0451
-------------------------------------
[Epoch : 35/40]
Src_cls_loss	: 0.0442
-------------------------------------
[Epoch : 36/40]
Src_cls_loss	: 0.0432
-------------------------------------
[Epoch : 37/40]
Src_cls_loss	: 0.0422
-------------------------------------
[Epoch : 38/40]
Src_cls_loss	: 0.0412
-------------------------------------
[Epoch : 39/40]
Src_cls_loss	: 0.0403
-------------------------------------
[Epoch : 40/40]
Src_cls_loss	: 0.0395
-------------------------------------
