=============================================
Dataset: mobiact_pamap
Method:  DANN
=============================================
Source: df ---> Target: dp_wal_61
Run ID: 0
=============================================
[Epoch : 1/40]
Total_loss	: 5.2576
Domain_loss	: 1.2969
Src_cls_loss	: 0.3564
-------------------------------------
[Epoch : 2/40]
Total_loss	: 4.7328
Domain_loss	: 1.2879
Src_cls_loss	: 0.2613
-------------------------------------
[Epoch : 3/40]
Total_loss	: 4.5037
Domain_loss	: 1.2984
Src_cls_loss	: 0.2126
-------------------------------------
[Epoch : 4/40]
Total_loss	: 4.3606
Domain_loss	: 1.3068
Src_cls_loss	: 0.1814
-------------------------------------
[Epoch : 5/40]
Total_loss	: 4.2600
Domain_loss	: 1.3165
Src_cls_loss	: 0.1575
-------------------------------------
[Epoch : 6/40]
Total_loss	: 4.1908
Domain_loss	: 1.3234
Src_cls_loss	: 0.1410
-------------------------------------
[Epoch : 7/40]
Total_loss	: 4.1430
Domain_loss	: 1.3285
Src_cls_loss	: 0.1294
-------------------------------------
[Epoch : 8/40]
Total_loss	: 4.0979
Domain_loss	: 1.3337
Src_cls_loss	: 0.1183
-------------------------------------
[Epoch : 9/40]
Total_loss	: 4.0611
Domain_loss	: 1.3358
Src_cls_loss	: 0.1102
-------------------------------------
[Epoch : 10/40]
Total_loss	: 4.0290
Domain_loss	: 1.3376
Src_cls_loss	: 0.1033
-------------------------------------
[Epoch : 11/40]
Total_loss	: 4.0011
Domain_loss	: 1.3382
Src_cls_loss	: 0.0977
-------------------------------------
[Epoch : 12/40]
Total_loss	: 3.9797
Domain_loss	: 1.3403
Src_cls_loss	: 0.0926
-------------------------------------
[Epoch : 13/40]
Total_loss	: 3.9614
Domain_loss	: 1.3417
Src_cls_loss	: 0.0884
-------------------------------------
[Epoch : 14/40]
Total_loss	: 3.9388
Domain_loss	: 1.3409
Src_cls_loss	: 0.0845
-------------------------------------
[Epoch : 15/40]
Total_loss	: 3.9281
Domain_loss	: 1.3431
Src_cls_loss	: 0.0814
-------------------------------------
[Epoch : 16/40]
Total_loss	: 3.9161
Domain_loss	: 1.3432
Src_cls_loss	: 0.0791
-------------------------------------
[Epoch : 17/40]
Total_loss	: 3.9046
Domain_loss	: 1.3448
Src_cls_loss	: 0.0761
-------------------------------------
[Epoch : 18/40]
Total_loss	: 3.8927
Domain_loss	: 1.3461
Src_cls_loss	: 0.0732
-------------------------------------
[Epoch : 19/40]
Total_loss	: 3.8826
Domain_loss	: 1.3474
Src_cls_loss	: 0.0707
-------------------------------------
[Epoch : 20/40]
Total_loss	: 3.8748
Domain_loss	: 1.3487
Src_cls_loss	: 0.0685
-------------------------------------
[Epoch : 21/40]
Total_loss	: 3.8656
Domain_loss	: 1.3505
Src_cls_loss	: 0.0659
-------------------------------------
[Epoch : 22/40]
Total_loss	: 3.8599
Domain_loss	: 1.3521
Src_cls_loss	: 0.0640
-------------------------------------
[Epoch : 23/40]
Total_loss	: 3.8529
Domain_loss	: 1.3534
Src_cls_loss	: 0.0621
-------------------------------------
[Epoch : 24/40]
Total_loss	: 3.8478
Domain_loss	: 1.3547
Src_cls_loss	: 0.0604
-------------------------------------
[Epoch : 25/40]
Total_loss	: 3.8428
Domain_loss	: 1.3558
Src_cls_loss	: 0.0589
-------------------------------------
[Epoch : 26/40]
Total_loss	: 3.8370
Domain_loss	: 1.3568
Src_cls_loss	: 0.0574
-------------------------------------
[Epoch : 27/40]
Total_loss	: 3.8308
Domain_loss	: 1.3560
Src_cls_loss	: 0.0566
-------------------------------------
[Epoch : 28/40]
Total_loss	: 3.8254
Domain_loss	: 1.3559
Src_cls_loss	: 0.0556
-------------------------------------
[Epoch : 29/40]
Total_loss	: 3.8189
Domain_loss	: 1.3560
Src_cls_loss	: 0.0543
-------------------------------------
[Epoch : 30/40]
Total_loss	: 3.8126
Domain_loss	: 1.3558
Src_cls_loss	: 0.0532
-------------------------------------
[Epoch : 31/40]
Total_loss	: 3.8076
Domain_loss	: 1.3559
Src_cls_loss	: 0.0522
-------------------------------------
[Epoch : 32/40]
Total_loss	: 3.8037
Domain_loss	: 1.3568
Src_cls_loss	: 0.0510
-------------------------------------
[Epoch : 33/40]
Total_loss	: 3.7989
Domain_loss	: 1.3573
Src_cls_loss	: 0.0499
-------------------------------------
[Epoch : 34/40]
Total_loss	: 3.7951
Domain_loss	: 1.3581
Src_cls_loss	: 0.0488
-------------------------------------
[Epoch : 35/40]
Total_loss	: 3.7923
Domain_loss	: 1.3582
Src_cls_loss	: 0.0482
-------------------------------------
[Epoch : 36/40]
Total_loss	: 3.7883
Domain_loss	: 1.3585
Src_cls_loss	: 0.0473
-------------------------------------
[Epoch : 37/40]
Total_loss	: 3.7856
Domain_loss	: 1.3589
Src_cls_loss	: 0.0466
-------------------------------------
[Epoch : 38/40]
Total_loss	: 3.7832
Domain_loss	: 1.3595
Src_cls_loss	: 0.0458
-------------------------------------
[Epoch : 39/40]
Total_loss	: 3.7805
Domain_loss	: 1.3602
Src_cls_loss	: 0.0450
-------------------------------------
[Epoch : 40/40]
Total_loss	: 3.7773
Domain_loss	: 1.3608
Src_cls_loss	: 0.0440
-------------------------------------
