=============================================
Dataset: realworld_pamap
Method:  SYN
=============================================
Source: syn_wal_19 ---> Target: dp_wal_19
Run ID: 4
=============================================
[Epoch : 1/40]
Src_cls_loss	: 0.8353
-------------------------------------
[Epoch : 2/40]
Src_cls_loss	: 0.6193
-------------------------------------
[Epoch : 3/40]
Src_cls_loss	: 0.4917
-------------------------------------
[Epoch : 4/40]
Src_cls_loss	: 0.4049
-------------------------------------
[Epoch : 5/40]
Src_cls_loss	: 0.3467
-------------------------------------
[Epoch : 6/40]
Src_cls_loss	: 0.3019
-------------------------------------
[Epoch : 7/40]
Src_cls_loss	: 0.2683
-------------------------------------
[Epoch : 8/40]
Src_cls_loss	: 0.2424
-------------------------------------
[Epoch : 9/40]
Src_cls_loss	: 0.2195
-------------------------------------
[Epoch : 10/40]
Src_cls_loss	: 0.2016
-------------------------------------
[Epoch : 11/40]
Src_cls_loss	: 0.1885
-------------------------------------
[Epoch : 12/40]
Src_cls_loss	: 0.1759
-------------------------------------
[Epoch : 13/40]
Src_cls_loss	: 0.1659
-------------------------------------
[Epoch : 14/40]
Src_cls_loss	: 0.1557
-------------------------------------
[Epoch : 15/40]
Src_cls_loss	: 0.1467
-------------------------------------
[Epoch : 16/40]
Src_cls_loss	: 0.1397
-------------------------------------
[Epoch : 17/40]
Src_cls_loss	: 0.1335
-------------------------------------
[Epoch : 18/40]
Src_cls_loss	: 0.1274
-------------------------------------
[Epoch : 19/40]
Src_cls_loss	: 0.1217
-------------------------------------
[Epoch : 20/40]
Src_cls_loss	: 0.1164
-------------------------------------
[Epoch : 21/40]
Src_cls_loss	: 0.1117
-------------------------------------
[Epoch : 22/40]
Src_cls_loss	: 0.1076
-------------------------------------
[Epoch : 23/40]
Src_cls_loss	: 0.1040
-------------------------------------
[Epoch : 24/40]
Src_cls_loss	: 0.1005
-------------------------------------
[Epoch : 25/40]
Src_cls_loss	: 0.0970
-------------------------------------
[Epoch : 26/40]
Src_cls_loss	: 0.0938
-------------------------------------
[Epoch : 27/40]
Src_cls_loss	: 0.0908
-------------------------------------
[Epoch : 28/40]
Src_cls_loss	: 0.0880
-------------------------------------
[Epoch : 29/40]
Src_cls_loss	: 0.0855
-------------------------------------
[Epoch : 30/40]
Src_cls_loss	: 0.0829
-------------------------------------
[Epoch : 31/40]
Src_cls_loss	: 0.0805
-------------------------------------
[Epoch : 32/40]
Src_cls_loss	: 0.0783
-------------------------------------
[Epoch : 33/40]
Src_cls_loss	: 0.0763
-------------------------------------
[Epoch : 34/40]
Src_cls_loss	: 0.0752
-------------------------------------
[Epoch : 35/40]
Src_cls_loss	: 0.0734
-------------------------------------
[Epoch : 36/40]
Src_cls_loss	: 0.0717
-------------------------------------
[Epoch : 37/40]
Src_cls_loss	: 0.0700
-------------------------------------
[Epoch : 38/40]
Src_cls_loss	: 0.0682
-------------------------------------
[Epoch : 39/40]
Src_cls_loss	: 0.0667
-------------------------------------
[Epoch : 40/40]
Src_cls_loss	: 0.0653
-------------------------------------
