=============================================
Dataset: realworld_mobiact
Method:  SYN
=============================================
Source: syn_wal_24 ---> Target: dp_wal_24
Run ID: 8
=============================================
[Epoch : 1/40]
Src_cls_loss	: 0.8301
-------------------------------------
[Epoch : 2/40]
Src_cls_loss	: 0.6484
-------------------------------------
[Epoch : 3/40]
Src_cls_loss	: 0.5128
-------------------------------------
[Epoch : 4/40]
Src_cls_loss	: 0.4228
-------------------------------------
[Epoch : 5/40]
Src_cls_loss	: 0.3558
-------------------------------------
[Epoch : 6/40]
Src_cls_loss	: 0.3072
-------------------------------------
[Epoch : 7/40]
Src_cls_loss	: 0.2689
-------------------------------------
[Epoch : 8/40]
Src_cls_loss	: 0.2398
-------------------------------------
[Epoch : 9/40]
Src_cls_loss	: 0.2162
-------------------------------------
[Epoch : 10/40]
Src_cls_loss	: 0.1970
-------------------------------------
[Epoch : 11/40]
Src_cls_loss	: 0.1809
-------------------------------------
[Epoch : 12/40]
Src_cls_loss	: 0.1678
-------------------------------------
[Epoch : 13/40]
Src_cls_loss	: 0.1560
-------------------------------------
[Epoch : 14/40]
Src_cls_loss	: 0.1459
-------------------------------------
[Epoch : 15/40]
Src_cls_loss	: 0.1370
-------------------------------------
[Epoch : 16/40]
Src_cls_loss	: 0.1292
-------------------------------------
[Epoch : 17/40]
Src_cls_loss	: 0.1221
-------------------------------------
[Epoch : 18/40]
Src_cls_loss	: 0.1159
-------------------------------------
[Epoch : 19/40]
Src_cls_loss	: 0.1102
-------------------------------------
[Epoch : 20/40]
Src_cls_loss	: 0.1054
-------------------------------------
[Epoch : 21/40]
Src_cls_loss	: 0.1007
-------------------------------------
[Epoch : 22/40]
Src_cls_loss	: 0.0965
-------------------------------------
[Epoch : 23/40]
Src_cls_loss	: 0.0926
-------------------------------------
[Epoch : 24/40]
Src_cls_loss	: 0.0889
-------------------------------------
[Epoch : 25/40]
Src_cls_loss	: 0.0857
-------------------------------------
[Epoch : 26/40]
Src_cls_loss	: 0.0826
-------------------------------------
[Epoch : 27/40]
Src_cls_loss	: 0.0798
-------------------------------------
[Epoch : 28/40]
Src_cls_loss	: 0.0770
-------------------------------------
[Epoch : 29/40]
Src_cls_loss	: 0.0745
-------------------------------------
[Epoch : 30/40]
Src_cls_loss	: 0.0722
-------------------------------------
[Epoch : 31/40]
Src_cls_loss	: 0.0699
-------------------------------------
[Epoch : 32/40]
Src_cls_loss	: 0.0679
-------------------------------------
[Epoch : 33/40]
Src_cls_loss	: 0.0659
-------------------------------------
[Epoch : 34/40]
Src_cls_loss	: 0.0641
-------------------------------------
[Epoch : 35/40]
Src_cls_loss	: 0.0623
-------------------------------------
[Epoch : 36/40]
Src_cls_loss	: 0.0606
-------------------------------------
[Epoch : 37/40]
Src_cls_loss	: 0.0591
-------------------------------------
[Epoch : 38/40]
Src_cls_loss	: 0.0576
-------------------------------------
[Epoch : 39/40]
Src_cls_loss	: 0.0562
-------------------------------------
[Epoch : 40/40]
Src_cls_loss	: 0.0549
-------------------------------------
