=============================================
Dataset: pamap_mobiact
Method:  SYN
=============================================
Source: syn_wal_59 ---> Target: dp_wal_59
Run ID: 7
=============================================
[Epoch : 1/40]
Src_cls_loss	: 0.5308
-------------------------------------
[Epoch : 2/40]
Src_cls_loss	: 0.3724
-------------------------------------
[Epoch : 3/40]
Src_cls_loss	: 0.2955
-------------------------------------
[Epoch : 4/40]
Src_cls_loss	: 0.2434
-------------------------------------
[Epoch : 5/40]
Src_cls_loss	: 0.2086
-------------------------------------
[Epoch : 6/40]
Src_cls_loss	: 0.1810
-------------------------------------
[Epoch : 7/40]
Src_cls_loss	: 0.1609
-------------------------------------
[Epoch : 8/40]
Src_cls_loss	: 0.1444
-------------------------------------
[Epoch : 9/40]
Src_cls_loss	: 0.1316
-------------------------------------
[Epoch : 10/40]
Src_cls_loss	: 0.1212
-------------------------------------
[Epoch : 11/40]
Src_cls_loss	: 0.1124
-------------------------------------
[Epoch : 12/40]
Src_cls_loss	: 0.1051
-------------------------------------
[Epoch : 13/40]
Src_cls_loss	: 0.0983
-------------------------------------
[Epoch : 14/40]
Src_cls_loss	: 0.0932
-------------------------------------
[Epoch : 15/40]
Src_cls_loss	: 0.0880
-------------------------------------
[Epoch : 16/40]
Src_cls_loss	: 0.0833
-------------------------------------
[Epoch : 17/40]
Src_cls_loss	: 0.0790
-------------------------------------
[Epoch : 18/40]
Src_cls_loss	: 0.0752
-------------------------------------
[Epoch : 19/40]
Src_cls_loss	: 0.0715
-------------------------------------
[Epoch : 20/40]
Src_cls_loss	: 0.0682
-------------------------------------
[Epoch : 21/40]
Src_cls_loss	: 0.0652
-------------------------------------
[Epoch : 22/40]
Src_cls_loss	: 0.0625
-------------------------------------
[Epoch : 23/40]
Src_cls_loss	: 0.0600
-------------------------------------
[Epoch : 24/40]
Src_cls_loss	: 0.0576
-------------------------------------
[Epoch : 25/40]
Src_cls_loss	: 0.0555
-------------------------------------
[Epoch : 26/40]
Src_cls_loss	: 0.0534
-------------------------------------
[Epoch : 27/40]
Src_cls_loss	: 0.0519
-------------------------------------
[Epoch : 28/40]
Src_cls_loss	: 0.0502
-------------------------------------
[Epoch : 29/40]
Src_cls_loss	: 0.0486
-------------------------------------
[Epoch : 30/40]
Src_cls_loss	: 0.0470
-------------------------------------
[Epoch : 31/40]
Src_cls_loss	: 0.0456
-------------------------------------
[Epoch : 32/40]
Src_cls_loss	: 0.0443
-------------------------------------
[Epoch : 33/40]
Src_cls_loss	: 0.0430
-------------------------------------
[Epoch : 34/40]
Src_cls_loss	: 0.0418
-------------------------------------
[Epoch : 35/40]
Src_cls_loss	: 0.0407
-------------------------------------
[Epoch : 36/40]
Src_cls_loss	: 0.0396
-------------------------------------
[Epoch : 37/40]
Src_cls_loss	: 0.0387
-------------------------------------
[Epoch : 38/40]
Src_cls_loss	: 0.0377
-------------------------------------
[Epoch : 39/40]
Src_cls_loss	: 0.0368
-------------------------------------
[Epoch : 40/40]
Src_cls_loss	: 0.0360
-------------------------------------
