=============================================
Dataset: mobiact_pamap
Method:  Deep_Coral
=============================================
Source: df ---> Target: dp_65
Run ID: 0
=============================================
[Epoch : 1/40]
Total_loss	: 3.4842
Src_cls_loss	: 0.5227
coral_loss	: 0.0002
-------------------------------------
[Epoch : 2/40]
Total_loss	: 2.9185
Src_cls_loss	: 0.4378
coral_loss	: 0.0002
-------------------------------------
[Epoch : 3/40]
Total_loss	: 2.5432
Src_cls_loss	: 0.3815
coral_loss	: 0.0002
-------------------------------------
[Epoch : 4/40]
Total_loss	: 2.2654
Src_cls_loss	: 0.3399
coral_loss	: 0.0002
-------------------------------------
[Epoch : 5/40]
Total_loss	: 2.0374
Src_cls_loss	: 0.3056
coral_loss	: 0.0001
-------------------------------------
[Epoch : 6/40]
Total_loss	: 1.8625
Src_cls_loss	: 0.2794
coral_loss	: 0.0001
-------------------------------------
[Epoch : 7/40]
Total_loss	: 1.7306
Src_cls_loss	: 0.2596
coral_loss	: 0.0001
-------------------------------------
[Epoch : 8/40]
Total_loss	: 1.6145
Src_cls_loss	: 0.2422
coral_loss	: 0.0001
-------------------------------------
[Epoch : 9/40]
Total_loss	: 1.5120
Src_cls_loss	: 0.2268
coral_loss	: 0.0001
-------------------------------------
[Epoch : 10/40]
Total_loss	: 1.4262
Src_cls_loss	: 0.2139
coral_loss	: 0.0001
-------------------------------------
[Epoch : 11/40]
Total_loss	: 1.3454
Src_cls_loss	: 0.2018
coral_loss	: 0.0001
-------------------------------------
[Epoch : 12/40]
Total_loss	: 1.2832
Src_cls_loss	: 0.1925
coral_loss	: 0.0001
-------------------------------------
[Epoch : 13/40]
Total_loss	: 1.2246
Src_cls_loss	: 0.1837
coral_loss	: 0.0001
-------------------------------------
[Epoch : 14/40]
Total_loss	: 1.1732
Src_cls_loss	: 0.1760
coral_loss	: 0.0001
-------------------------------------
[Epoch : 15/40]
Total_loss	: 1.1242
Src_cls_loss	: 0.1686
coral_loss	: 0.0001
-------------------------------------
[Epoch : 16/40]
Total_loss	: 1.0803
Src_cls_loss	: 0.1620
coral_loss	: 0.0001
-------------------------------------
[Epoch : 17/40]
Total_loss	: 1.0422
Src_cls_loss	: 0.1563
coral_loss	: 0.0001
-------------------------------------
[Epoch : 18/40]
Total_loss	: 1.0071
Src_cls_loss	: 0.1510
coral_loss	: 0.0001
-------------------------------------
[Epoch : 19/40]
Total_loss	: 0.9720
Src_cls_loss	: 0.1458
coral_loss	: 0.0001
-------------------------------------
[Epoch : 20/40]
Total_loss	: 0.9418
Src_cls_loss	: 0.1413
coral_loss	: 0.0001
-------------------------------------
[Epoch : 21/40]
Total_loss	: 0.9117
Src_cls_loss	: 0.1367
coral_loss	: 0.0001
-------------------------------------
[Epoch : 22/40]
Total_loss	: 0.8868
Src_cls_loss	: 0.1330
coral_loss	: 0.0001
-------------------------------------
[Epoch : 23/40]
Total_loss	: 0.8626
Src_cls_loss	: 0.1294
coral_loss	: 0.0001
-------------------------------------
[Epoch : 24/40]
Total_loss	: 0.8377
Src_cls_loss	: 0.1256
coral_loss	: 0.0001
-------------------------------------
[Epoch : 25/40]
Total_loss	: 0.8166
Src_cls_loss	: 0.1225
coral_loss	: 0.0001
-------------------------------------
[Epoch : 26/40]
Total_loss	: 0.7965
Src_cls_loss	: 0.1195
coral_loss	: 0.0001
-------------------------------------
[Epoch : 27/40]
Total_loss	: 0.7769
Src_cls_loss	: 0.1165
coral_loss	: 0.0001
-------------------------------------
[Epoch : 28/40]
Total_loss	: 0.7583
Src_cls_loss	: 0.1137
coral_loss	: 0.0001
-------------------------------------
[Epoch : 29/40]
Total_loss	: 0.7417
Src_cls_loss	: 0.1112
coral_loss	: 0.0001
-------------------------------------
[Epoch : 30/40]
Total_loss	: 0.7246
Src_cls_loss	: 0.1087
coral_loss	: 0.0001
-------------------------------------
[Epoch : 31/40]
Total_loss	: 0.7082
Src_cls_loss	: 0.1062
coral_loss	: 0.0001
-------------------------------------
[Epoch : 32/40]
Total_loss	: 0.6935
Src_cls_loss	: 0.1040
coral_loss	: 0.0001
-------------------------------------
[Epoch : 33/40]
Total_loss	: 0.6798
Src_cls_loss	: 0.1019
coral_loss	: 0.0001
-------------------------------------
[Epoch : 34/40]
Total_loss	: 0.6661
Src_cls_loss	: 0.0999
coral_loss	: 0.0001
-------------------------------------
[Epoch : 35/40]
Total_loss	: 0.6537
Src_cls_loss	: 0.0980
coral_loss	: 0.0001
-------------------------------------
[Epoch : 36/40]
Total_loss	: 0.6410
Src_cls_loss	: 0.0961
coral_loss	: 0.0001
-------------------------------------
[Epoch : 37/40]
Total_loss	: 0.6291
Src_cls_loss	: 0.0943
coral_loss	: 0.0001
-------------------------------------
[Epoch : 38/40]
Total_loss	: 0.6183
Src_cls_loss	: 0.0927
coral_loss	: 0.0001
-------------------------------------
[Epoch : 39/40]
Total_loss	: 0.6081
Src_cls_loss	: 0.0912
coral_loss	: 0.0001
-------------------------------------
[Epoch : 40/40]
Total_loss	: 0.5986
Src_cls_loss	: 0.0898
coral_loss	: 0.0001
-------------------------------------
