=============================================
Dataset: realworld_mobiact
Method:  SYN
=============================================
Source: syn_wal_45 ---> Target: dp_wal_45
Run ID: 0
=============================================
[Epoch : 1/40]
Src_cls_loss	: 0.8048
-------------------------------------
[Epoch : 2/40]
Src_cls_loss	: 0.5991
-------------------------------------
[Epoch : 3/40]
Src_cls_loss	: 0.4599
-------------------------------------
[Epoch : 4/40]
Src_cls_loss	: 0.3666
-------------------------------------
[Epoch : 5/40]
Src_cls_loss	: 0.3065
-------------------------------------
[Epoch : 6/40]
Src_cls_loss	: 0.2637
-------------------------------------
[Epoch : 7/40]
Src_cls_loss	: 0.2302
-------------------------------------
[Epoch : 8/40]
Src_cls_loss	: 0.2049
-------------------------------------
[Epoch : 9/40]
Src_cls_loss	: 0.1845
-------------------------------------
[Epoch : 10/40]
Src_cls_loss	: 0.1677
-------------------------------------
[Epoch : 11/40]
Src_cls_loss	: 0.1537
-------------------------------------
[Epoch : 12/40]
Src_cls_loss	: 0.1418
-------------------------------------
[Epoch : 13/40]
Src_cls_loss	: 0.1316
-------------------------------------
[Epoch : 14/40]
Src_cls_loss	: 0.1228
-------------------------------------
[Epoch : 15/40]
Src_cls_loss	: 0.1151
-------------------------------------
[Epoch : 16/40]
Src_cls_loss	: 0.1085
-------------------------------------
[Epoch : 17/40]
Src_cls_loss	: 0.1026
-------------------------------------
[Epoch : 18/40]
Src_cls_loss	: 0.0975
-------------------------------------
[Epoch : 19/40]
Src_cls_loss	: 0.0929
-------------------------------------
[Epoch : 20/40]
Src_cls_loss	: 0.0885
-------------------------------------
[Epoch : 21/40]
Src_cls_loss	: 0.0846
-------------------------------------
[Epoch : 22/40]
Src_cls_loss	: 0.0810
-------------------------------------
[Epoch : 23/40]
Src_cls_loss	: 0.0778
-------------------------------------
[Epoch : 24/40]
Src_cls_loss	: 0.0747
-------------------------------------
[Epoch : 25/40]
Src_cls_loss	: 0.0720
-------------------------------------
[Epoch : 26/40]
Src_cls_loss	: 0.0694
-------------------------------------
[Epoch : 27/40]
Src_cls_loss	: 0.0670
-------------------------------------
[Epoch : 28/40]
Src_cls_loss	: 0.0647
-------------------------------------
[Epoch : 29/40]
Src_cls_loss	: 0.0626
-------------------------------------
[Epoch : 30/40]
Src_cls_loss	: 0.0606
-------------------------------------
[Epoch : 31/40]
Src_cls_loss	: 0.0588
-------------------------------------
[Epoch : 32/40]
Src_cls_loss	: 0.0570
-------------------------------------
[Epoch : 33/40]
Src_cls_loss	: 0.0553
-------------------------------------
[Epoch : 34/40]
Src_cls_loss	: 0.0537
-------------------------------------
[Epoch : 35/40]
Src_cls_loss	: 0.0523
-------------------------------------
[Epoch : 36/40]
Src_cls_loss	: 0.0509
-------------------------------------
[Epoch : 37/40]
Src_cls_loss	: 0.0496
-------------------------------------
[Epoch : 38/40]
Src_cls_loss	: 0.0483
-------------------------------------
[Epoch : 39/40]
Src_cls_loss	: 0.0471
-------------------------------------
[Epoch : 40/40]
Src_cls_loss	: 0.0460
-------------------------------------
