=============================================
Dataset: pamap_mobiact
Method:  SYN
=============================================
Source: syn_wal_54 ---> Target: dp_wal_54
Run ID: 5
=============================================
[Epoch : 1/40]
Src_cls_loss	: 0.6015
-------------------------------------
[Epoch : 2/40]
Src_cls_loss	: 0.4370
-------------------------------------
[Epoch : 3/40]
Src_cls_loss	: 0.3437
-------------------------------------
[Epoch : 4/40]
Src_cls_loss	: 0.2836
-------------------------------------
[Epoch : 5/40]
Src_cls_loss	: 0.2393
-------------------------------------
[Epoch : 6/40]
Src_cls_loss	: 0.2075
-------------------------------------
[Epoch : 7/40]
Src_cls_loss	: 0.1852
-------------------------------------
[Epoch : 8/40]
Src_cls_loss	: 0.1672
-------------------------------------
[Epoch : 9/40]
Src_cls_loss	: 0.1523
-------------------------------------
[Epoch : 10/40]
Src_cls_loss	: 0.1396
-------------------------------------
[Epoch : 11/40]
Src_cls_loss	: 0.1285
-------------------------------------
[Epoch : 12/40]
Src_cls_loss	: 0.1191
-------------------------------------
[Epoch : 13/40]
Src_cls_loss	: 0.1115
-------------------------------------
[Epoch : 14/40]
Src_cls_loss	: 0.1043
-------------------------------------
[Epoch : 15/40]
Src_cls_loss	: 0.0981
-------------------------------------
[Epoch : 16/40]
Src_cls_loss	: 0.0929
-------------------------------------
[Epoch : 17/40]
Src_cls_loss	: 0.0881
-------------------------------------
[Epoch : 18/40]
Src_cls_loss	: 0.0838
-------------------------------------
[Epoch : 19/40]
Src_cls_loss	: 0.0802
-------------------------------------
[Epoch : 20/40]
Src_cls_loss	: 0.0767
-------------------------------------
[Epoch : 21/40]
Src_cls_loss	: 0.0736
-------------------------------------
[Epoch : 22/40]
Src_cls_loss	: 0.0706
-------------------------------------
[Epoch : 23/40]
Src_cls_loss	: 0.0678
-------------------------------------
[Epoch : 24/40]
Src_cls_loss	: 0.0653
-------------------------------------
[Epoch : 25/40]
Src_cls_loss	: 0.0628
-------------------------------------
[Epoch : 26/40]
Src_cls_loss	: 0.0608
-------------------------------------
[Epoch : 27/40]
Src_cls_loss	: 0.0586
-------------------------------------
[Epoch : 28/40]
Src_cls_loss	: 0.0567
-------------------------------------
[Epoch : 29/40]
Src_cls_loss	: 0.0550
-------------------------------------
[Epoch : 30/40]
Src_cls_loss	: 0.0534
-------------------------------------
[Epoch : 31/40]
Src_cls_loss	: 0.0518
-------------------------------------
[Epoch : 32/40]
Src_cls_loss	: 0.0503
-------------------------------------
[Epoch : 33/40]
Src_cls_loss	: 0.0489
-------------------------------------
[Epoch : 34/40]
Src_cls_loss	: 0.0475
-------------------------------------
[Epoch : 35/40]
Src_cls_loss	: 0.0462
-------------------------------------
[Epoch : 36/40]
Src_cls_loss	: 0.0450
-------------------------------------
[Epoch : 37/40]
Src_cls_loss	: 0.0439
-------------------------------------
[Epoch : 38/40]
Src_cls_loss	: 0.0428
-------------------------------------
[Epoch : 39/40]
Src_cls_loss	: 0.0418
-------------------------------------
[Epoch : 40/40]
Src_cls_loss	: 0.0408
-------------------------------------
