=============================================
Dataset: pamap_mobiact
Method:  NO_ADAPT
=============================================
Source: syn_26 ---> Target: dp_26
Run ID: 6
=============================================
[Epoch : 1/40]
Src_cls_loss	: 0.8203
-------------------------------------
[Epoch : 2/40]
Src_cls_loss	: 0.6396
-------------------------------------
[Epoch : 3/40]
Src_cls_loss	: 0.5326
-------------------------------------
[Epoch : 4/40]
Src_cls_loss	: 0.4553
-------------------------------------
[Epoch : 5/40]
Src_cls_loss	: 0.3966
-------------------------------------
[Epoch : 6/40]
Src_cls_loss	: 0.3482
-------------------------------------
[Epoch : 7/40]
Src_cls_loss	: 0.3111
-------------------------------------
[Epoch : 8/40]
Src_cls_loss	: 0.2810
-------------------------------------
[Epoch : 9/40]
Src_cls_loss	: 0.2560
-------------------------------------
[Epoch : 10/40]
Src_cls_loss	: 0.2345
-------------------------------------
[Epoch : 11/40]
Src_cls_loss	: 0.2161
-------------------------------------
[Epoch : 12/40]
Src_cls_loss	: 0.2014
-------------------------------------
[Epoch : 13/40]
Src_cls_loss	: 0.1889
-------------------------------------
[Epoch : 14/40]
Src_cls_loss	: 0.1778
-------------------------------------
[Epoch : 15/40]
Src_cls_loss	: 0.1673
-------------------------------------
[Epoch : 16/40]
Src_cls_loss	: 0.1579
-------------------------------------
[Epoch : 17/40]
Src_cls_loss	: 0.1503
-------------------------------------
[Epoch : 18/40]
Src_cls_loss	: 0.1430
-------------------------------------
[Epoch : 19/40]
Src_cls_loss	: 0.1361
-------------------------------------
[Epoch : 20/40]
Src_cls_loss	: 0.1299
-------------------------------------
[Epoch : 21/40]
Src_cls_loss	: 0.1242
-------------------------------------
[Epoch : 22/40]
Src_cls_loss	: 0.1189
-------------------------------------
[Epoch : 23/40]
Src_cls_loss	: 0.1140
-------------------------------------
[Epoch : 24/40]
Src_cls_loss	: 0.1096
-------------------------------------
[Epoch : 25/40]
Src_cls_loss	: 0.1055
-------------------------------------
[Epoch : 26/40]
Src_cls_loss	: 0.1020
-------------------------------------
[Epoch : 27/40]
Src_cls_loss	: 0.0985
-------------------------------------
[Epoch : 28/40]
Src_cls_loss	: 0.0956
-------------------------------------
[Epoch : 29/40]
Src_cls_loss	: 0.0926
-------------------------------------
[Epoch : 30/40]
Src_cls_loss	: 0.0899
-------------------------------------
[Epoch : 31/40]
Src_cls_loss	: 0.0875
-------------------------------------
[Epoch : 32/40]
Src_cls_loss	: 0.0851
-------------------------------------
[Epoch : 33/40]
Src_cls_loss	: 0.0827
-------------------------------------
[Epoch : 34/40]
Src_cls_loss	: 0.0805
-------------------------------------
[Epoch : 35/40]
Src_cls_loss	: 0.0783
-------------------------------------
[Epoch : 36/40]
Src_cls_loss	: 0.0763
-------------------------------------
[Epoch : 37/40]
Src_cls_loss	: 0.0743
-------------------------------------
[Epoch : 38/40]
Src_cls_loss	: 0.0724
-------------------------------------
[Epoch : 39/40]
Src_cls_loss	: 0.0707
-------------------------------------
[Epoch : 40/40]
Src_cls_loss	: 0.0690
-------------------------------------
