=============================================
Dataset: realworld_mobiact
Method:  ROT
=============================================
Source: src ---> Target: trg
Run ID: 1
=============================================
[Epoch : 1/100]
Src_cls_loss	: 0.8273
-------------------------------------
[Epoch : 2/100]
Src_cls_loss	: 0.7024
-------------------------------------
[Epoch : 3/100]
Src_cls_loss	: 0.6239
-------------------------------------
[Epoch : 4/100]
Src_cls_loss	: 0.5697
-------------------------------------
[Epoch : 5/100]
Src_cls_loss	: 0.5330
-------------------------------------
[Epoch : 6/100]
Src_cls_loss	: 0.5034
-------------------------------------
[Epoch : 7/100]
Src_cls_loss	: 0.4797
-------------------------------------
[Epoch : 8/100]
Src_cls_loss	: 0.4591
-------------------------------------
[Epoch : 9/100]
Src_cls_loss	: 0.4427
-------------------------------------
[Epoch : 10/100]
Src_cls_loss	: 0.4271
-------------------------------------
[Epoch : 11/100]
Src_cls_loss	: 0.4154
-------------------------------------
[Epoch : 12/100]
Src_cls_loss	: 0.4038
-------------------------------------
[Epoch : 13/100]
Src_cls_loss	: 0.3926
-------------------------------------
[Epoch : 14/100]
Src_cls_loss	: 0.3825
-------------------------------------
[Epoch : 15/100]
Src_cls_loss	: 0.3740
-------------------------------------
[Epoch : 16/100]
Src_cls_loss	: 0.3655
-------------------------------------
[Epoch : 17/100]
Src_cls_loss	: 0.3573
-------------------------------------
[Epoch : 18/100]
Src_cls_loss	: 0.3504
-------------------------------------
[Epoch : 19/100]
Src_cls_loss	: 0.3435
-------------------------------------
[Epoch : 20/100]
Src_cls_loss	: 0.3373
-------------------------------------
[Epoch : 21/100]
Src_cls_loss	: 0.3322
-------------------------------------
[Epoch : 22/100]
Src_cls_loss	: 0.3265
-------------------------------------
[Epoch : 23/100]
Src_cls_loss	: 0.3212
-------------------------------------
[Epoch : 24/100]
Src_cls_loss	: 0.3163
-------------------------------------
[Epoch : 25/100]
Src_cls_loss	: 0.3117
-------------------------------------
[Epoch : 26/100]
Src_cls_loss	: 0.3069
-------------------------------------
[Epoch : 27/100]
Src_cls_loss	: 0.3031
-------------------------------------
[Epoch : 28/100]
Src_cls_loss	: 0.2990
-------------------------------------
[Epoch : 29/100]
Src_cls_loss	: 0.2950
-------------------------------------
[Epoch : 30/100]
Src_cls_loss	: 0.2913
-------------------------------------
[Epoch : 31/100]
Src_cls_loss	: 0.2878
-------------------------------------
[Epoch : 32/100]
Src_cls_loss	: 0.2845
-------------------------------------
[Epoch : 33/100]
Src_cls_loss	: 0.2811
-------------------------------------
[Epoch : 34/100]
Src_cls_loss	: 0.2781
-------------------------------------
[Epoch : 35/100]
Src_cls_loss	: 0.2753
-------------------------------------
[Epoch : 36/100]
Src_cls_loss	: 0.2724
-------------------------------------
[Epoch : 37/100]
Src_cls_loss	: 0.2694
-------------------------------------
[Epoch : 38/100]
Src_cls_loss	: 0.2666
-------------------------------------
[Epoch : 39/100]
Src_cls_loss	: 0.2640
-------------------------------------
[Epoch : 40/100]
Src_cls_loss	: 0.2615
-------------------------------------
[Epoch : 41/100]
Src_cls_loss	: 0.2592
-------------------------------------
[Epoch : 42/100]
Src_cls_loss	: 0.2569
-------------------------------------
[Epoch : 43/100]
Src_cls_loss	: 0.2548
-------------------------------------
[Epoch : 44/100]
Src_cls_loss	: 0.2527
-------------------------------------
[Epoch : 45/100]
Src_cls_loss	: 0.2505
-------------------------------------
[Epoch : 46/100]
Src_cls_loss	: 0.2485
-------------------------------------
[Epoch : 47/100]
Src_cls_loss	: 0.2466
-------------------------------------
[Epoch : 48/100]
Src_cls_loss	: 0.2445
-------------------------------------
[Epoch : 49/100]
Src_cls_loss	: 0.2427
-------------------------------------
[Epoch : 50/100]
Src_cls_loss	: 0.2410
-------------------------------------
[Epoch : 51/100]
Src_cls_loss	: 0.2390
-------------------------------------
[Epoch : 52/100]
Src_cls_loss	: 0.2373
-------------------------------------
[Epoch : 53/100]
Src_cls_loss	: 0.2357
-------------------------------------
[Epoch : 54/100]
Src_cls_loss	: 0.2339
-------------------------------------
[Epoch : 55/100]
Src_cls_loss	: 0.2322
-------------------------------------
[Epoch : 56/100]
Src_cls_loss	: 0.2306
-------------------------------------
[Epoch : 57/100]
Src_cls_loss	: 0.2291
-------------------------------------
[Epoch : 58/100]
Src_cls_loss	: 0.2275
-------------------------------------
[Epoch : 59/100]
Src_cls_loss	: 0.2261
-------------------------------------
[Epoch : 60/100]
Src_cls_loss	: 0.2246
-------------------------------------
[Epoch : 61/100]
Src_cls_loss	: 0.2229
-------------------------------------
[Epoch : 62/100]
Src_cls_loss	: 0.2216
-------------------------------------
[Epoch : 63/100]
Src_cls_loss	: 0.2203
-------------------------------------
[Epoch : 64/100]
Src_cls_loss	: 0.2190
-------------------------------------
[Epoch : 65/100]
Src_cls_loss	: 0.2177
-------------------------------------
[Epoch : 66/100]
Src_cls_loss	: 0.2162
-------------------------------------
[Epoch : 67/100]
Src_cls_loss	: 0.2150
-------------------------------------
[Epoch : 68/100]
Src_cls_loss	: 0.2137
-------------------------------------
[Epoch : 69/100]
Src_cls_loss	: 0.2125
-------------------------------------
[Epoch : 70/100]
Src_cls_loss	: 0.2113
-------------------------------------
[Epoch : 71/100]
Src_cls_loss	: 0.2102
-------------------------------------
[Epoch : 72/100]
Src_cls_loss	: 0.2089
-------------------------------------
[Epoch : 73/100]
Src_cls_loss	: 0.2077
-------------------------------------
[Epoch : 74/100]
Src_cls_loss	: 0.2065
-------------------------------------
[Epoch : 75/100]
Src_cls_loss	: 0.2055
-------------------------------------
[Epoch : 76/100]
Src_cls_loss	: 0.2046
-------------------------------------
[Epoch : 77/100]
Src_cls_loss	: 0.2034
-------------------------------------
[Epoch : 78/100]
Src_cls_loss	: 0.2024
-------------------------------------
[Epoch : 79/100]
Src_cls_loss	: 0.2014
-------------------------------------
[Epoch : 80/100]
Src_cls_loss	: 0.2002
-------------------------------------
[Epoch : 81/100]
Src_cls_loss	: 0.1992
-------------------------------------
[Epoch : 82/100]
Src_cls_loss	: 0.1981
-------------------------------------
[Epoch : 83/100]
Src_cls_loss	: 0.1971
-------------------------------------
[Epoch : 84/100]
Src_cls_loss	: 0.1961
-------------------------------------
[Epoch : 85/100]
Src_cls_loss	: 0.1952
-------------------------------------
[Epoch : 86/100]
Src_cls_loss	: 0.1941
-------------------------------------
[Epoch : 87/100]
Src_cls_loss	: 0.1932
-------------------------------------
[Epoch : 88/100]
Src_cls_loss	: 0.1923
-------------------------------------
[Epoch : 89/100]
Src_cls_loss	: 0.1914
-------------------------------------
[Epoch : 90/100]
Src_cls_loss	: 0.1904
-------------------------------------
[Epoch : 91/100]
Src_cls_loss	: 0.1895
-------------------------------------
[Epoch : 92/100]
Src_cls_loss	: 0.1885
-------------------------------------
[Epoch : 93/100]
Src_cls_loss	: 0.1876
-------------------------------------
[Epoch : 94/100]
Src_cls_loss	: 0.1868
-------------------------------------
[Epoch : 95/100]
Src_cls_loss	: 0.1861
-------------------------------------
[Epoch : 96/100]
Src_cls_loss	: 0.1852
-------------------------------------
[Epoch : 97/100]
Src_cls_loss	: 0.1844
-------------------------------------
[Epoch : 98/100]
Src_cls_loss	: 0.1836
-------------------------------------
[Epoch : 99/100]
Src_cls_loss	: 0.1828
-------------------------------------
[Epoch : 100/100]
Src_cls_loss	: 0.1820
-------------------------------------
