=============================================
Dataset: mobiact_realworld
Method:  NO_ADAPT
=============================================
Source: syn_65 ---> Target: dp_65
Run ID: 1
=============================================
[Epoch : 1/40]
Src_cls_loss	: 0.5867
-------------------------------------
[Epoch : 2/40]
Src_cls_loss	: 0.4233
-------------------------------------
[Epoch : 3/40]
Src_cls_loss	: 0.3403
-------------------------------------
[Epoch : 4/40]
Src_cls_loss	: 0.2870
-------------------------------------
[Epoch : 5/40]
Src_cls_loss	: 0.2514
-------------------------------------
[Epoch : 6/40]
Src_cls_loss	: 0.2241
-------------------------------------
[Epoch : 7/40]
Src_cls_loss	: 0.2024
-------------------------------------
[Epoch : 8/40]
Src_cls_loss	: 0.1859
-------------------------------------
[Epoch : 9/40]
Src_cls_loss	: 0.1731
-------------------------------------
[Epoch : 10/40]
Src_cls_loss	: 0.1619
-------------------------------------
[Epoch : 11/40]
Src_cls_loss	: 0.1525
-------------------------------------
[Epoch : 12/40]
Src_cls_loss	: 0.1444
-------------------------------------
[Epoch : 13/40]
Src_cls_loss	: 0.1376
-------------------------------------
[Epoch : 14/40]
Src_cls_loss	: 0.1308
-------------------------------------
[Epoch : 15/40]
Src_cls_loss	: 0.1246
-------------------------------------
[Epoch : 16/40]
Src_cls_loss	: 0.1203
-------------------------------------
[Epoch : 17/40]
Src_cls_loss	: 0.1157
-------------------------------------
[Epoch : 18/40]
Src_cls_loss	: 0.1112
-------------------------------------
[Epoch : 19/40]
Src_cls_loss	: 0.1076
-------------------------------------
[Epoch : 20/40]
Src_cls_loss	: 0.1037
-------------------------------------
[Epoch : 21/40]
Src_cls_loss	: 0.1003
-------------------------------------
[Epoch : 22/40]
Src_cls_loss	: 0.0971
-------------------------------------
[Epoch : 23/40]
Src_cls_loss	: 0.0944
-------------------------------------
[Epoch : 24/40]
Src_cls_loss	: 0.0920
-------------------------------------
[Epoch : 25/40]
Src_cls_loss	: 0.0894
-------------------------------------
[Epoch : 26/40]
Src_cls_loss	: 0.0869
-------------------------------------
[Epoch : 27/40]
Src_cls_loss	: 0.0845
-------------------------------------
[Epoch : 28/40]
Src_cls_loss	: 0.0822
-------------------------------------
[Epoch : 29/40]
Src_cls_loss	: 0.0802
-------------------------------------
[Epoch : 30/40]
Src_cls_loss	: 0.0782
-------------------------------------
[Epoch : 31/40]
Src_cls_loss	: 0.0763
-------------------------------------
[Epoch : 32/40]
Src_cls_loss	: 0.0745
-------------------------------------
[Epoch : 33/40]
Src_cls_loss	: 0.0728
-------------------------------------
[Epoch : 34/40]
Src_cls_loss	: 0.0714
-------------------------------------
[Epoch : 35/40]
Src_cls_loss	: 0.0703
-------------------------------------
[Epoch : 36/40]
Src_cls_loss	: 0.0689
-------------------------------------
[Epoch : 37/40]
Src_cls_loss	: 0.0675
-------------------------------------
[Epoch : 38/40]
Src_cls_loss	: 0.0661
-------------------------------------
[Epoch : 39/40]
Src_cls_loss	: 0.0649
-------------------------------------
[Epoch : 40/40]
Src_cls_loss	: 0.0640
-------------------------------------
