=============================================
Dataset: CWRU_IR
Method:  Deep_Coral
=============================================
Source: 0 ---> Target: 6
Run ID: 0
=============================================
[Epoch : 1/40]
Total_loss	: 0.0186
Src_cls_loss	: 0.1772
coral_loss	: 0.0002
-------------------------------------
[Epoch : 2/40]
Total_loss	: 0.0110
Src_cls_loss	: 0.1013
coral_loss	: 0.0002
-------------------------------------
[Epoch : 3/40]
Total_loss	: 0.0080
Src_cls_loss	: 0.0727
coral_loss	: 0.0002
-------------------------------------
[Epoch : 4/40]
Total_loss	: 0.0064
Src_cls_loss	: 0.0571
coral_loss	: 0.0001
-------------------------------------
[Epoch : 5/40]
Total_loss	: 0.0055
Src_cls_loss	: 0.0481
coral_loss	: 0.0001
-------------------------------------
[Epoch : 6/40]
Total_loss	: 0.0047
Src_cls_loss	: 0.0413
coral_loss	: 0.0001
-------------------------------------
[Epoch : 7/40]
Total_loss	: 0.0042
Src_cls_loss	: 0.0363
coral_loss	: 0.0001
-------------------------------------
[Epoch : 8/40]
Total_loss	: 0.0038
Src_cls_loss	: 0.0330
coral_loss	: 0.0001
-------------------------------------
[Epoch : 9/40]
Total_loss	: 0.0035
Src_cls_loss	: 0.0301
coral_loss	: 0.0001
-------------------------------------
[Epoch : 10/40]
Total_loss	: 0.0032
Src_cls_loss	: 0.0276
coral_loss	: 0.0001
-------------------------------------
[Epoch : 11/40]
Total_loss	: 0.0030
Src_cls_loss	: 0.0257
coral_loss	: 0.0001
-------------------------------------
[Epoch : 12/40]
Total_loss	: 0.0028
Src_cls_loss	: 0.0240
coral_loss	: 0.0001
-------------------------------------
[Epoch : 13/40]
Total_loss	: 0.0027
Src_cls_loss	: 0.0229
coral_loss	: 0.0001
-------------------------------------
[Epoch : 14/40]
Total_loss	: 0.0026
Src_cls_loss	: 0.0216
coral_loss	: 0.0001
-------------------------------------
[Epoch : 15/40]
Total_loss	: 0.0024
Src_cls_loss	: 0.0207
coral_loss	: 0.0001
-------------------------------------
[Epoch : 16/40]
Total_loss	: 0.0023
Src_cls_loss	: 0.0198
coral_loss	: 0.0001
-------------------------------------
[Epoch : 17/40]
Total_loss	: 0.0023
Src_cls_loss	: 0.0191
coral_loss	: 0.0001
-------------------------------------
[Epoch : 18/40]
Total_loss	: 0.0022
Src_cls_loss	: 0.0182
coral_loss	: 0.0001
-------------------------------------
[Epoch : 19/40]
Total_loss	: 0.0021
Src_cls_loss	: 0.0175
coral_loss	: 0.0001
-------------------------------------
[Epoch : 20/40]
Total_loss	: 0.0020
Src_cls_loss	: 0.0168
coral_loss	: 0.0001
-------------------------------------
[Epoch : 21/40]
Total_loss	: 0.0019
Src_cls_loss	: 0.0162
coral_loss	: 0.0001
-------------------------------------
[Epoch : 22/40]
Total_loss	: 0.0019
Src_cls_loss	: 0.0158
coral_loss	: 0.0001
-------------------------------------
[Epoch : 23/40]
Total_loss	: 0.0018
Src_cls_loss	: 0.0153
coral_loss	: 0.0001
-------------------------------------
[Epoch : 24/40]
Total_loss	: 0.0018
Src_cls_loss	: 0.0148
coral_loss	: 0.0001
-------------------------------------
[Epoch : 25/40]
Total_loss	: 0.0017
Src_cls_loss	: 0.0144
coral_loss	: 0.0001
-------------------------------------
[Epoch : 26/40]
Total_loss	: 0.0017
Src_cls_loss	: 0.0140
coral_loss	: 0.0001
-------------------------------------
[Epoch : 27/40]
Total_loss	: 0.0016
Src_cls_loss	: 0.0137
coral_loss	: 0.0001
-------------------------------------
[Epoch : 28/40]
Total_loss	: 0.0016
Src_cls_loss	: 0.0134
coral_loss	: 0.0001
-------------------------------------
[Epoch : 29/40]
Total_loss	: 0.0015
Src_cls_loss	: 0.0130
coral_loss	: 0.0001
-------------------------------------
[Epoch : 30/40]
Total_loss	: 0.0015
Src_cls_loss	: 0.0129
coral_loss	: 0.0001
-------------------------------------
[Epoch : 31/40]
Total_loss	: 0.0015
Src_cls_loss	: 0.0126
coral_loss	: 0.0001
-------------------------------------
[Epoch : 32/40]
Total_loss	: 0.0015
Src_cls_loss	: 0.0123
coral_loss	: 0.0001
-------------------------------------
[Epoch : 33/40]
Total_loss	: 0.0014
Src_cls_loss	: 0.0120
coral_loss	: 0.0000
-------------------------------------
[Epoch : 34/40]
Total_loss	: 0.0014
Src_cls_loss	: 0.0118
coral_loss	: 0.0000
-------------------------------------
[Epoch : 35/40]
Total_loss	: 0.0014
Src_cls_loss	: 0.0116
coral_loss	: 0.0000
-------------------------------------
[Epoch : 36/40]
Total_loss	: 0.0014
Src_cls_loss	: 0.0114
coral_loss	: 0.0000
-------------------------------------
[Epoch : 37/40]
Total_loss	: 0.0013
Src_cls_loss	: 0.0112
coral_loss	: 0.0000
-------------------------------------
[Epoch : 38/40]
Total_loss	: 0.0013
Src_cls_loss	: 0.0110
coral_loss	: 0.0000
-------------------------------------
[Epoch : 39/40]
Total_loss	: 0.0013
Src_cls_loss	: 0.0108
coral_loss	: 0.0000
-------------------------------------
[Epoch : 40/40]
Total_loss	: 0.0013
Src_cls_loss	: 0.0107
coral_loss	: 0.0000
-------------------------------------
