=============================================
Dataset: pamap_mobiact
Method:  Deep_Coral
=============================================
Source: df ---> Target: dp_58
Run ID: 0
=============================================
[Epoch : 1/40]
Total_loss	: 3.4200
Src_cls_loss	: 0.5128
coral_loss	: 0.0005
-------------------------------------
[Epoch : 2/40]
Total_loss	: 2.4419
Src_cls_loss	: 0.3658
coral_loss	: 0.0007
-------------------------------------
[Epoch : 3/40]
Total_loss	: 1.9762
Src_cls_loss	: 0.2958
coral_loss	: 0.0008
-------------------------------------
[Epoch : 4/40]
Total_loss	: 1.6788
Src_cls_loss	: 0.2512
coral_loss	: 0.0008
-------------------------------------
[Epoch : 5/40]
Total_loss	: 1.4717
Src_cls_loss	: 0.2201
coral_loss	: 0.0008
-------------------------------------
[Epoch : 6/40]
Total_loss	: 1.3291
Src_cls_loss	: 0.1987
coral_loss	: 0.0008
-------------------------------------
[Epoch : 7/40]
Total_loss	: 1.2250
Src_cls_loss	: 0.1831
coral_loss	: 0.0008
-------------------------------------
[Epoch : 8/40]
Total_loss	: 1.1224
Src_cls_loss	: 0.1677
coral_loss	: 0.0007
-------------------------------------
[Epoch : 9/40]
Total_loss	: 1.0466
Src_cls_loss	: 0.1564
coral_loss	: 0.0007
-------------------------------------
[Epoch : 10/40]
Total_loss	: 0.9729
Src_cls_loss	: 0.1453
coral_loss	: 0.0007
-------------------------------------
[Epoch : 11/40]
Total_loss	: 0.9135
Src_cls_loss	: 0.1364
coral_loss	: 0.0007
-------------------------------------
[Epoch : 12/40]
Total_loss	: 0.8636
Src_cls_loss	: 0.1289
coral_loss	: 0.0007
-------------------------------------
[Epoch : 13/40]
Total_loss	: 0.8229
Src_cls_loss	: 0.1228
coral_loss	: 0.0007
-------------------------------------
[Epoch : 14/40]
Total_loss	: 0.7847
Src_cls_loss	: 0.1171
coral_loss	: 0.0007
-------------------------------------
[Epoch : 15/40]
Total_loss	: 0.7548
Src_cls_loss	: 0.1126
coral_loss	: 0.0007
-------------------------------------
[Epoch : 16/40]
Total_loss	: 0.7199
Src_cls_loss	: 0.1074
coral_loss	: 0.0007
-------------------------------------
[Epoch : 17/40]
Total_loss	: 0.6937
Src_cls_loss	: 0.1035
coral_loss	: 0.0006
-------------------------------------
[Epoch : 18/40]
Total_loss	: 0.6673
Src_cls_loss	: 0.0995
coral_loss	: 0.0006
-------------------------------------
[Epoch : 19/40]
Total_loss	: 0.6417
Src_cls_loss	: 0.0957
coral_loss	: 0.0006
-------------------------------------
[Epoch : 20/40]
Total_loss	: 0.6179
Src_cls_loss	: 0.0921
coral_loss	: 0.0006
-------------------------------------
[Epoch : 21/40]
Total_loss	: 0.5951
Src_cls_loss	: 0.0887
coral_loss	: 0.0006
-------------------------------------
[Epoch : 22/40]
Total_loss	: 0.5773
Src_cls_loss	: 0.0861
coral_loss	: 0.0006
-------------------------------------
[Epoch : 23/40]
Total_loss	: 0.5584
Src_cls_loss	: 0.0832
coral_loss	: 0.0006
-------------------------------------
[Epoch : 24/40]
Total_loss	: 0.5433
Src_cls_loss	: 0.0810
coral_loss	: 0.0006
-------------------------------------
[Epoch : 25/40]
Total_loss	: 0.5270
Src_cls_loss	: 0.0785
coral_loss	: 0.0006
-------------------------------------
[Epoch : 26/40]
Total_loss	: 0.5109
Src_cls_loss	: 0.0761
coral_loss	: 0.0006
-------------------------------------
[Epoch : 27/40]
Total_loss	: 0.4961
Src_cls_loss	: 0.0739
coral_loss	: 0.0006
-------------------------------------
[Epoch : 28/40]
Total_loss	: 0.4834
Src_cls_loss	: 0.0720
coral_loss	: 0.0006
-------------------------------------
[Epoch : 29/40]
Total_loss	: 0.4721
Src_cls_loss	: 0.0703
coral_loss	: 0.0006
-------------------------------------
[Epoch : 30/40]
Total_loss	: 0.4599
Src_cls_loss	: 0.0685
coral_loss	: 0.0006
-------------------------------------
[Epoch : 31/40]
Total_loss	: 0.4503
Src_cls_loss	: 0.0670
coral_loss	: 0.0006
-------------------------------------
[Epoch : 32/40]
Total_loss	: 0.4407
Src_cls_loss	: 0.0656
coral_loss	: 0.0006
-------------------------------------
[Epoch : 33/40]
Total_loss	: 0.4325
Src_cls_loss	: 0.0644
coral_loss	: 0.0006
-------------------------------------
[Epoch : 34/40]
Total_loss	: 0.4239
Src_cls_loss	: 0.0631
coral_loss	: 0.0006
-------------------------------------
[Epoch : 35/40]
Total_loss	: 0.4143
Src_cls_loss	: 0.0616
coral_loss	: 0.0006
-------------------------------------
[Epoch : 36/40]
Total_loss	: 0.4069
Src_cls_loss	: 0.0605
coral_loss	: 0.0006
-------------------------------------
[Epoch : 37/40]
Total_loss	: 0.4006
Src_cls_loss	: 0.0596
coral_loss	: 0.0006
-------------------------------------
[Epoch : 38/40]
Total_loss	: 0.3927
Src_cls_loss	: 0.0584
coral_loss	: 0.0006
-------------------------------------
[Epoch : 39/40]
Total_loss	: 0.3851
Src_cls_loss	: 0.0572
coral_loss	: 0.0006
-------------------------------------
[Epoch : 40/40]
Total_loss	: 0.3799
Src_cls_loss	: 0.0565
coral_loss	: 0.0006
-------------------------------------
