=============================================
Dataset: mobiact_realworld
Method:  NO_ADAPT
=============================================
Source: syn_61 ---> Target: dp_61
Run ID: 6
=============================================
[Epoch : 1/40]
Src_cls_loss	: 0.5928
-------------------------------------
[Epoch : 2/40]
Src_cls_loss	: 0.4058
-------------------------------------
[Epoch : 3/40]
Src_cls_loss	: 0.3206
-------------------------------------
[Epoch : 4/40]
Src_cls_loss	: 0.2660
-------------------------------------
[Epoch : 5/40]
Src_cls_loss	: 0.2312
-------------------------------------
[Epoch : 6/40]
Src_cls_loss	: 0.2059
-------------------------------------
[Epoch : 7/40]
Src_cls_loss	: 0.1854
-------------------------------------
[Epoch : 8/40]
Src_cls_loss	: 0.1698
-------------------------------------
[Epoch : 9/40]
Src_cls_loss	: 0.1568
-------------------------------------
[Epoch : 10/40]
Src_cls_loss	: 0.1468
-------------------------------------
[Epoch : 11/40]
Src_cls_loss	: 0.1370
-------------------------------------
[Epoch : 12/40]
Src_cls_loss	: 0.1287
-------------------------------------
[Epoch : 13/40]
Src_cls_loss	: 0.1215
-------------------------------------
[Epoch : 14/40]
Src_cls_loss	: 0.1153
-------------------------------------
[Epoch : 15/40]
Src_cls_loss	: 0.1095
-------------------------------------
[Epoch : 16/40]
Src_cls_loss	: 0.1046
-------------------------------------
[Epoch : 17/40]
Src_cls_loss	: 0.1004
-------------------------------------
[Epoch : 18/40]
Src_cls_loss	: 0.0968
-------------------------------------
[Epoch : 19/40]
Src_cls_loss	: 0.0937
-------------------------------------
[Epoch : 20/40]
Src_cls_loss	: 0.0904
-------------------------------------
[Epoch : 21/40]
Src_cls_loss	: 0.0873
-------------------------------------
[Epoch : 22/40]
Src_cls_loss	: 0.0842
-------------------------------------
[Epoch : 23/40]
Src_cls_loss	: 0.0815
-------------------------------------
[Epoch : 24/40]
Src_cls_loss	: 0.0788
-------------------------------------
[Epoch : 25/40]
Src_cls_loss	: 0.0767
-------------------------------------
[Epoch : 26/40]
Src_cls_loss	: 0.0744
-------------------------------------
[Epoch : 27/40]
Src_cls_loss	: 0.0725
-------------------------------------
[Epoch : 28/40]
Src_cls_loss	: 0.0706
-------------------------------------
[Epoch : 29/40]
Src_cls_loss	: 0.0691
-------------------------------------
[Epoch : 30/40]
Src_cls_loss	: 0.0676
-------------------------------------
[Epoch : 31/40]
Src_cls_loss	: 0.0659
-------------------------------------
[Epoch : 32/40]
Src_cls_loss	: 0.0645
-------------------------------------
[Epoch : 33/40]
Src_cls_loss	: 0.0631
-------------------------------------
[Epoch : 34/40]
Src_cls_loss	: 0.0621
-------------------------------------
[Epoch : 35/40]
Src_cls_loss	: 0.0612
-------------------------------------
[Epoch : 36/40]
Src_cls_loss	: 0.0600
-------------------------------------
[Epoch : 37/40]
Src_cls_loss	: 0.0588
-------------------------------------
[Epoch : 38/40]
Src_cls_loss	: 0.0576
-------------------------------------
[Epoch : 39/40]
Src_cls_loss	: 0.0565
-------------------------------------
[Epoch : 40/40]
Src_cls_loss	: 0.0555
-------------------------------------
