=============================================
Dataset: pamap_mobiact
Method:  SYN
=============================================
Source: syn_wal_24 ---> Target: dp_wal_24
Run ID: 6
=============================================
[Epoch : 1/40]
Src_cls_loss	: 0.6045
-------------------------------------
[Epoch : 2/40]
Src_cls_loss	: 0.4230
-------------------------------------
[Epoch : 3/40]
Src_cls_loss	: 0.3277
-------------------------------------
[Epoch : 4/40]
Src_cls_loss	: 0.2731
-------------------------------------
[Epoch : 5/40]
Src_cls_loss	: 0.2343
-------------------------------------
[Epoch : 6/40]
Src_cls_loss	: 0.2041
-------------------------------------
[Epoch : 7/40]
Src_cls_loss	: 0.1810
-------------------------------------
[Epoch : 8/40]
Src_cls_loss	: 0.1627
-------------------------------------
[Epoch : 9/40]
Src_cls_loss	: 0.1469
-------------------------------------
[Epoch : 10/40]
Src_cls_loss	: 0.1348
-------------------------------------
[Epoch : 11/40]
Src_cls_loss	: 0.1243
-------------------------------------
[Epoch : 12/40]
Src_cls_loss	: 0.1156
-------------------------------------
[Epoch : 13/40]
Src_cls_loss	: 0.1078
-------------------------------------
[Epoch : 14/40]
Src_cls_loss	: 0.1010
-------------------------------------
[Epoch : 15/40]
Src_cls_loss	: 0.0951
-------------------------------------
[Epoch : 16/40]
Src_cls_loss	: 0.0900
-------------------------------------
[Epoch : 17/40]
Src_cls_loss	: 0.0856
-------------------------------------
[Epoch : 18/40]
Src_cls_loss	: 0.0814
-------------------------------------
[Epoch : 19/40]
Src_cls_loss	: 0.0776
-------------------------------------
[Epoch : 20/40]
Src_cls_loss	: 0.0740
-------------------------------------
[Epoch : 21/40]
Src_cls_loss	: 0.0707
-------------------------------------
[Epoch : 22/40]
Src_cls_loss	: 0.0679
-------------------------------------
[Epoch : 23/40]
Src_cls_loss	: 0.0652
-------------------------------------
[Epoch : 24/40]
Src_cls_loss	: 0.0628
-------------------------------------
[Epoch : 25/40]
Src_cls_loss	: 0.0606
-------------------------------------
[Epoch : 26/40]
Src_cls_loss	: 0.0585
-------------------------------------
[Epoch : 27/40]
Src_cls_loss	: 0.0564
-------------------------------------
[Epoch : 28/40]
Src_cls_loss	: 0.0545
-------------------------------------
[Epoch : 29/40]
Src_cls_loss	: 0.0528
-------------------------------------
[Epoch : 30/40]
Src_cls_loss	: 0.0512
-------------------------------------
[Epoch : 31/40]
Src_cls_loss	: 0.0496
-------------------------------------
[Epoch : 32/40]
Src_cls_loss	: 0.0482
-------------------------------------
[Epoch : 33/40]
Src_cls_loss	: 0.0468
-------------------------------------
[Epoch : 34/40]
Src_cls_loss	: 0.0456
-------------------------------------
[Epoch : 35/40]
Src_cls_loss	: 0.0444
-------------------------------------
[Epoch : 36/40]
Src_cls_loss	: 0.0432
-------------------------------------
[Epoch : 37/40]
Src_cls_loss	: 0.0422
-------------------------------------
[Epoch : 38/40]
Src_cls_loss	: 0.0411
-------------------------------------
[Epoch : 39/40]
Src_cls_loss	: 0.0401
-------------------------------------
[Epoch : 40/40]
Src_cls_loss	: 0.0392
-------------------------------------
