=============================================
Dataset: pamap_mobiact
Method:  Deep_Coral
=============================================
Source: df ---> Target: dp_31
Run ID: 0
=============================================
[Epoch : 1/40]
Total_loss	: 4.4214
Src_cls_loss	: 0.6634
coral_loss	: 0.0001
-------------------------------------
[Epoch : 2/40]
Total_loss	: 3.8511
Src_cls_loss	: 0.5778
coral_loss	: 0.0002
-------------------------------------
[Epoch : 3/40]
Total_loss	: 3.4181
Src_cls_loss	: 0.5127
coral_loss	: 0.0003
-------------------------------------
[Epoch : 4/40]
Total_loss	: 3.1673
Src_cls_loss	: 0.4750
coral_loss	: 0.0003
-------------------------------------
[Epoch : 5/40]
Total_loss	: 2.8991
Src_cls_loss	: 0.4347
coral_loss	: 0.0004
-------------------------------------
[Epoch : 6/40]
Total_loss	: 2.7351
Src_cls_loss	: 0.4101
coral_loss	: 0.0004
-------------------------------------
[Epoch : 7/40]
Total_loss	: 2.5795
Src_cls_loss	: 0.3867
coral_loss	: 0.0004
-------------------------------------
[Epoch : 8/40]
Total_loss	: 2.4209
Src_cls_loss	: 0.3629
coral_loss	: 0.0005
-------------------------------------
[Epoch : 9/40]
Total_loss	: 2.2951
Src_cls_loss	: 0.3440
coral_loss	: 0.0005
-------------------------------------
[Epoch : 10/40]
Total_loss	: 2.1959
Src_cls_loss	: 0.3291
coral_loss	: 0.0005
-------------------------------------
[Epoch : 11/40]
Total_loss	: 2.1075
Src_cls_loss	: 0.3158
coral_loss	: 0.0005
-------------------------------------
[Epoch : 12/40]
Total_loss	: 2.0227
Src_cls_loss	: 0.3031
coral_loss	: 0.0005
-------------------------------------
[Epoch : 13/40]
Total_loss	: 1.9476
Src_cls_loss	: 0.2918
coral_loss	: 0.0005
-------------------------------------
[Epoch : 14/40]
Total_loss	: 1.8738
Src_cls_loss	: 0.2807
coral_loss	: 0.0005
-------------------------------------
[Epoch : 15/40]
Total_loss	: 1.8145
Src_cls_loss	: 0.2718
coral_loss	: 0.0006
-------------------------------------
[Epoch : 16/40]
Total_loss	: 1.7565
Src_cls_loss	: 0.2631
coral_loss	: 0.0006
-------------------------------------
[Epoch : 17/40]
Total_loss	: 1.7066
Src_cls_loss	: 0.2556
coral_loss	: 0.0006
-------------------------------------
[Epoch : 18/40]
Total_loss	: 1.6622
Src_cls_loss	: 0.2489
coral_loss	: 0.0006
-------------------------------------
[Epoch : 19/40]
Total_loss	: 1.6172
Src_cls_loss	: 0.2422
coral_loss	: 0.0006
-------------------------------------
[Epoch : 20/40]
Total_loss	: 1.5748
Src_cls_loss	: 0.2358
coral_loss	: 0.0006
-------------------------------------
[Epoch : 21/40]
Total_loss	: 1.5343
Src_cls_loss	: 0.2297
coral_loss	: 0.0006
-------------------------------------
[Epoch : 22/40]
Total_loss	: 1.4972
Src_cls_loss	: 0.2242
coral_loss	: 0.0006
-------------------------------------
[Epoch : 23/40]
Total_loss	: 1.4625
Src_cls_loss	: 0.2190
coral_loss	: 0.0006
-------------------------------------
[Epoch : 24/40]
Total_loss	: 1.4357
Src_cls_loss	: 0.2149
coral_loss	: 0.0006
-------------------------------------
[Epoch : 25/40]
Total_loss	: 1.4074
Src_cls_loss	: 0.2107
coral_loss	: 0.0006
-------------------------------------
[Epoch : 26/40]
Total_loss	: 1.3782
Src_cls_loss	: 0.2063
coral_loss	: 0.0006
-------------------------------------
[Epoch : 27/40]
Total_loss	: 1.3544
Src_cls_loss	: 0.2027
coral_loss	: 0.0006
-------------------------------------
[Epoch : 28/40]
Total_loss	: 1.3342
Src_cls_loss	: 0.1997
coral_loss	: 0.0006
-------------------------------------
[Epoch : 29/40]
Total_loss	: 1.3099
Src_cls_loss	: 0.1961
coral_loss	: 0.0006
-------------------------------------
[Epoch : 30/40]
Total_loss	: 1.2941
Src_cls_loss	: 0.1937
coral_loss	: 0.0005
-------------------------------------
[Epoch : 31/40]
Total_loss	: 1.2806
Src_cls_loss	: 0.1917
coral_loss	: 0.0005
-------------------------------------
[Epoch : 32/40]
Total_loss	: 1.2605
Src_cls_loss	: 0.1886
coral_loss	: 0.0005
-------------------------------------
[Epoch : 33/40]
Total_loss	: 1.2407
Src_cls_loss	: 0.1857
coral_loss	: 0.0005
-------------------------------------
[Epoch : 34/40]
Total_loss	: 1.2205
Src_cls_loss	: 0.1826
coral_loss	: 0.0005
-------------------------------------
[Epoch : 35/40]
Total_loss	: 1.2056
Src_cls_loss	: 0.1804
coral_loss	: 0.0005
-------------------------------------
[Epoch : 36/40]
Total_loss	: 1.1880
Src_cls_loss	: 0.1778
coral_loss	: 0.0005
-------------------------------------
[Epoch : 37/40]
Total_loss	: 1.1706
Src_cls_loss	: 0.1752
coral_loss	: 0.0005
-------------------------------------
[Epoch : 38/40]
Total_loss	: 1.1542
Src_cls_loss	: 0.1727
coral_loss	: 0.0005
-------------------------------------
[Epoch : 39/40]
Total_loss	: 1.1394
Src_cls_loss	: 0.1705
coral_loss	: 0.0005
-------------------------------------
[Epoch : 40/40]
Total_loss	: 1.1256
Src_cls_loss	: 0.1684
coral_loss	: 0.0005
-------------------------------------
