=============================================
Dataset: realworld_mobiact
Method:  Deep_Coral
=============================================
Source: df ---> Target: dp_37
Run ID: 0
=============================================
[Epoch : 1/40]
Total_loss	: 3.3712
Src_cls_loss	: 0.5058
coral_loss	: 0.0002
-------------------------------------
[Epoch : 2/40]
Total_loss	: 2.9219
Src_cls_loss	: 0.4383
coral_loss	: 0.0002
-------------------------------------
[Epoch : 3/40]
Total_loss	: 2.6537
Src_cls_loss	: 0.3980
coral_loss	: 0.0002
-------------------------------------
[Epoch : 4/40]
Total_loss	: 2.4831
Src_cls_loss	: 0.3725
coral_loss	: 0.0002
-------------------------------------
[Epoch : 5/40]
Total_loss	: 2.3508
Src_cls_loss	: 0.3526
coral_loss	: 0.0002
-------------------------------------
[Epoch : 6/40]
Total_loss	: 2.2463
Src_cls_loss	: 0.3369
coral_loss	: 0.0002
-------------------------------------
[Epoch : 7/40]
Total_loss	: 2.1543
Src_cls_loss	: 0.3231
coral_loss	: 0.0002
-------------------------------------
[Epoch : 8/40]
Total_loss	: 2.0761
Src_cls_loss	: 0.3114
coral_loss	: 0.0002
-------------------------------------
[Epoch : 9/40]
Total_loss	: 2.0035
Src_cls_loss	: 0.3005
coral_loss	: 0.0002
-------------------------------------
[Epoch : 10/40]
Total_loss	: 1.9396
Src_cls_loss	: 0.2909
coral_loss	: 0.0002
-------------------------------------
[Epoch : 11/40]
Total_loss	: 1.8799
Src_cls_loss	: 0.2820
coral_loss	: 0.0002
-------------------------------------
[Epoch : 12/40]
Total_loss	: 1.8293
Src_cls_loss	: 0.2744
coral_loss	: 0.0002
-------------------------------------
[Epoch : 13/40]
Total_loss	: 1.7890
Src_cls_loss	: 0.2683
coral_loss	: 0.0002
-------------------------------------
[Epoch : 14/40]
Total_loss	: 1.7499
Src_cls_loss	: 0.2625
coral_loss	: 0.0002
-------------------------------------
[Epoch : 15/40]
Total_loss	: 1.7115
Src_cls_loss	: 0.2567
coral_loss	: 0.0002
-------------------------------------
[Epoch : 16/40]
Total_loss	: 1.6780
Src_cls_loss	: 0.2517
coral_loss	: 0.0002
-------------------------------------
[Epoch : 17/40]
Total_loss	: 1.6496
Src_cls_loss	: 0.2474
coral_loss	: 0.0002
-------------------------------------
[Epoch : 18/40]
Total_loss	: 1.6224
Src_cls_loss	: 0.2433
coral_loss	: 0.0002
-------------------------------------
[Epoch : 19/40]
Total_loss	: 1.5939
Src_cls_loss	: 0.2390
coral_loss	: 0.0002
-------------------------------------
[Epoch : 20/40]
Total_loss	: 1.5707
Src_cls_loss	: 0.2356
coral_loss	: 0.0002
-------------------------------------
[Epoch : 21/40]
Total_loss	: 1.5483
Src_cls_loss	: 0.2322
coral_loss	: 0.0002
-------------------------------------
[Epoch : 22/40]
Total_loss	: 1.5264
Src_cls_loss	: 0.2289
coral_loss	: 0.0002
-------------------------------------
[Epoch : 23/40]
Total_loss	: 1.5052
Src_cls_loss	: 0.2257
coral_loss	: 0.0002
-------------------------------------
[Epoch : 24/40]
Total_loss	: 1.4853
Src_cls_loss	: 0.2227
coral_loss	: 0.0002
-------------------------------------
[Epoch : 25/40]
Total_loss	: 1.4647
Src_cls_loss	: 0.2197
coral_loss	: 0.0002
-------------------------------------
[Epoch : 26/40]
Total_loss	: 1.4451
Src_cls_loss	: 0.2167
coral_loss	: 0.0002
-------------------------------------
[Epoch : 27/40]
Total_loss	: 1.4282
Src_cls_loss	: 0.2142
coral_loss	: 0.0002
-------------------------------------
[Epoch : 28/40]
Total_loss	: 1.4094
Src_cls_loss	: 0.2114
coral_loss	: 0.0002
-------------------------------------
[Epoch : 29/40]
Total_loss	: 1.3924
Src_cls_loss	: 0.2088
coral_loss	: 0.0002
-------------------------------------
[Epoch : 30/40]
Total_loss	: 1.3771
Src_cls_loss	: 0.2065
coral_loss	: 0.0002
-------------------------------------
[Epoch : 31/40]
Total_loss	: 1.3625
Src_cls_loss	: 0.2043
coral_loss	: 0.0002
-------------------------------------
[Epoch : 32/40]
Total_loss	: 1.3489
Src_cls_loss	: 0.2023
coral_loss	: 0.0002
-------------------------------------
[Epoch : 33/40]
Total_loss	: 1.3331
Src_cls_loss	: 0.1999
coral_loss	: 0.0002
-------------------------------------
[Epoch : 34/40]
Total_loss	: 1.3196
Src_cls_loss	: 0.1979
coral_loss	: 0.0002
-------------------------------------
[Epoch : 35/40]
Total_loss	: 1.3061
Src_cls_loss	: 0.1959
coral_loss	: 0.0002
-------------------------------------
[Epoch : 36/40]
Total_loss	: 1.2942
Src_cls_loss	: 0.1941
coral_loss	: 0.0002
-------------------------------------
[Epoch : 37/40]
Total_loss	: 1.2818
Src_cls_loss	: 0.1922
coral_loss	: 0.0002
-------------------------------------
[Epoch : 38/40]
Total_loss	: 1.2706
Src_cls_loss	: 0.1905
coral_loss	: 0.0002
-------------------------------------
[Epoch : 39/40]
Total_loss	: 1.2599
Src_cls_loss	: 0.1889
coral_loss	: 0.0002
-------------------------------------
[Epoch : 40/40]
Total_loss	: 1.2494
Src_cls_loss	: 0.1874
coral_loss	: 0.0002
-------------------------------------
