=============================================
Dataset: mobiact_realworld
Method:  Deep_Coral
=============================================
Source: df ---> Target: dp_wal_62
Run ID: 0
=============================================
[Epoch : 1/40]
Total_loss	: 3.5337
Src_cls_loss	: 0.5300
coral_loss	: 0.0004
-------------------------------------
[Epoch : 2/40]
Total_loss	: 2.9061
Src_cls_loss	: 0.4358
coral_loss	: 0.0003
-------------------------------------
[Epoch : 3/40]
Total_loss	: 2.5370
Src_cls_loss	: 0.3805
coral_loss	: 0.0003
-------------------------------------
[Epoch : 4/40]
Total_loss	: 2.2430
Src_cls_loss	: 0.3364
coral_loss	: 0.0003
-------------------------------------
[Epoch : 5/40]
Total_loss	: 2.0263
Src_cls_loss	: 0.3039
coral_loss	: 0.0003
-------------------------------------
[Epoch : 6/40]
Total_loss	: 1.8590
Src_cls_loss	: 0.2788
coral_loss	: 0.0002
-------------------------------------
[Epoch : 7/40]
Total_loss	: 1.7193
Src_cls_loss	: 0.2578
coral_loss	: 0.0002
-------------------------------------
[Epoch : 8/40]
Total_loss	: 1.6012
Src_cls_loss	: 0.2401
coral_loss	: 0.0002
-------------------------------------
[Epoch : 9/40]
Total_loss	: 1.5038
Src_cls_loss	: 0.2255
coral_loss	: 0.0002
-------------------------------------
[Epoch : 10/40]
Total_loss	: 1.4171
Src_cls_loss	: 0.2125
coral_loss	: 0.0002
-------------------------------------
[Epoch : 11/40]
Total_loss	: 1.3437
Src_cls_loss	: 0.2015
coral_loss	: 0.0002
-------------------------------------
[Epoch : 12/40]
Total_loss	: 1.2789
Src_cls_loss	: 0.1918
coral_loss	: 0.0002
-------------------------------------
[Epoch : 13/40]
Total_loss	: 1.2193
Src_cls_loss	: 0.1828
coral_loss	: 0.0002
-------------------------------------
[Epoch : 14/40]
Total_loss	: 1.1669
Src_cls_loss	: 0.1750
coral_loss	: 0.0002
-------------------------------------
[Epoch : 15/40]
Total_loss	: 1.1181
Src_cls_loss	: 0.1676
coral_loss	: 0.0002
-------------------------------------
[Epoch : 16/40]
Total_loss	: 1.0782
Src_cls_loss	: 0.1616
coral_loss	: 0.0002
-------------------------------------
[Epoch : 17/40]
Total_loss	: 1.0405
Src_cls_loss	: 0.1560
coral_loss	: 0.0002
-------------------------------------
[Epoch : 18/40]
Total_loss	: 1.0070
Src_cls_loss	: 0.1510
coral_loss	: 0.0002
-------------------------------------
[Epoch : 19/40]
Total_loss	: 0.9750
Src_cls_loss	: 0.1462
coral_loss	: 0.0002
-------------------------------------
[Epoch : 20/40]
Total_loss	: 0.9455
Src_cls_loss	: 0.1417
coral_loss	: 0.0002
-------------------------------------
[Epoch : 21/40]
Total_loss	: 0.9168
Src_cls_loss	: 0.1374
coral_loss	: 0.0002
-------------------------------------
[Epoch : 22/40]
Total_loss	: 0.8912
Src_cls_loss	: 0.1336
coral_loss	: 0.0002
-------------------------------------
[Epoch : 23/40]
Total_loss	: 0.8657
Src_cls_loss	: 0.1298
coral_loss	: 0.0002
-------------------------------------
[Epoch : 24/40]
Total_loss	: 0.8421
Src_cls_loss	: 0.1262
coral_loss	: 0.0002
-------------------------------------
[Epoch : 25/40]
Total_loss	: 0.8204
Src_cls_loss	: 0.1230
coral_loss	: 0.0001
-------------------------------------
[Epoch : 26/40]
Total_loss	: 0.8003
Src_cls_loss	: 0.1200
coral_loss	: 0.0001
-------------------------------------
[Epoch : 27/40]
Total_loss	: 0.7818
Src_cls_loss	: 0.1172
coral_loss	: 0.0001
-------------------------------------
[Epoch : 28/40]
Total_loss	: 0.7640
Src_cls_loss	: 0.1145
coral_loss	: 0.0001
-------------------------------------
[Epoch : 29/40]
Total_loss	: 0.7468
Src_cls_loss	: 0.1119
coral_loss	: 0.0001
-------------------------------------
[Epoch : 30/40]
Total_loss	: 0.7304
Src_cls_loss	: 0.1095
coral_loss	: 0.0001
-------------------------------------
[Epoch : 31/40]
Total_loss	: 0.7151
Src_cls_loss	: 0.1072
coral_loss	: 0.0001
-------------------------------------
[Epoch : 32/40]
Total_loss	: 0.7004
Src_cls_loss	: 0.1050
coral_loss	: 0.0001
-------------------------------------
[Epoch : 33/40]
Total_loss	: 0.6862
Src_cls_loss	: 0.1029
coral_loss	: 0.0001
-------------------------------------
[Epoch : 34/40]
Total_loss	: 0.6729
Src_cls_loss	: 0.1009
coral_loss	: 0.0001
-------------------------------------
[Epoch : 35/40]
Total_loss	: 0.6605
Src_cls_loss	: 0.0990
coral_loss	: 0.0001
-------------------------------------
[Epoch : 36/40]
Total_loss	: 0.6481
Src_cls_loss	: 0.0971
coral_loss	: 0.0001
-------------------------------------
[Epoch : 37/40]
Total_loss	: 0.6363
Src_cls_loss	: 0.0954
coral_loss	: 0.0001
-------------------------------------
[Epoch : 38/40]
Total_loss	: 0.6254
Src_cls_loss	: 0.0937
coral_loss	: 0.0001
-------------------------------------
[Epoch : 39/40]
Total_loss	: 0.6154
Src_cls_loss	: 0.0922
coral_loss	: 0.0001
-------------------------------------
[Epoch : 40/40]
Total_loss	: 0.6063
Src_cls_loss	: 0.0909
coral_loss	: 0.0001
-------------------------------------
