=============================================
Dataset: realworld_mobiact
Method:  NO_ADAPT
=============================================
Source: syn_50 ---> Target: dp_50
Run ID: 9
=============================================
[Epoch : 1/40]
Src_cls_loss	: 0.7316
-------------------------------------
[Epoch : 2/40]
Src_cls_loss	: 0.5370
-------------------------------------
[Epoch : 3/40]
Src_cls_loss	: 0.4178
-------------------------------------
[Epoch : 4/40]
Src_cls_loss	: 0.3362
-------------------------------------
[Epoch : 5/40]
Src_cls_loss	: 0.2818
-------------------------------------
[Epoch : 6/40]
Src_cls_loss	: 0.2415
-------------------------------------
[Epoch : 7/40]
Src_cls_loss	: 0.2105
-------------------------------------
[Epoch : 8/40]
Src_cls_loss	: 0.1879
-------------------------------------
[Epoch : 9/40]
Src_cls_loss	: 0.1691
-------------------------------------
[Epoch : 10/40]
Src_cls_loss	: 0.1543
-------------------------------------
[Epoch : 11/40]
Src_cls_loss	: 0.1417
-------------------------------------
[Epoch : 12/40]
Src_cls_loss	: 0.1318
-------------------------------------
[Epoch : 13/40]
Src_cls_loss	: 0.1226
-------------------------------------
[Epoch : 14/40]
Src_cls_loss	: 0.1144
-------------------------------------
[Epoch : 15/40]
Src_cls_loss	: 0.1072
-------------------------------------
[Epoch : 16/40]
Src_cls_loss	: 0.1010
-------------------------------------
[Epoch : 17/40]
Src_cls_loss	: 0.0955
-------------------------------------
[Epoch : 18/40]
Src_cls_loss	: 0.0907
-------------------------------------
[Epoch : 19/40]
Src_cls_loss	: 0.0862
-------------------------------------
[Epoch : 20/40]
Src_cls_loss	: 0.0825
-------------------------------------
[Epoch : 21/40]
Src_cls_loss	: 0.0792
-------------------------------------
[Epoch : 22/40]
Src_cls_loss	: 0.0759
-------------------------------------
[Epoch : 23/40]
Src_cls_loss	: 0.0728
-------------------------------------
[Epoch : 24/40]
Src_cls_loss	: 0.0699
-------------------------------------
[Epoch : 25/40]
Src_cls_loss	: 0.0672
-------------------------------------
[Epoch : 26/40]
Src_cls_loss	: 0.0647
-------------------------------------
[Epoch : 27/40]
Src_cls_loss	: 0.0624
-------------------------------------
[Epoch : 28/40]
Src_cls_loss	: 0.0603
-------------------------------------
[Epoch : 29/40]
Src_cls_loss	: 0.0583
-------------------------------------
[Epoch : 30/40]
Src_cls_loss	: 0.0564
-------------------------------------
[Epoch : 31/40]
Src_cls_loss	: 0.0547
-------------------------------------
[Epoch : 32/40]
Src_cls_loss	: 0.0530
-------------------------------------
[Epoch : 33/40]
Src_cls_loss	: 0.0515
-------------------------------------
[Epoch : 34/40]
Src_cls_loss	: 0.0500
-------------------------------------
[Epoch : 35/40]
Src_cls_loss	: 0.0486
-------------------------------------
[Epoch : 36/40]
Src_cls_loss	: 0.0474
-------------------------------------
[Epoch : 37/40]
Src_cls_loss	: 0.0462
-------------------------------------
[Epoch : 38/40]
Src_cls_loss	: 0.0452
-------------------------------------
[Epoch : 39/40]
Src_cls_loss	: 0.0441
-------------------------------------
[Epoch : 40/40]
Src_cls_loss	: 0.0431
-------------------------------------
