=============================================
Dataset: pamap_mobiact
Method:  SYN
=============================================
Source: syn_wal_23 ---> Target: dp_wal_23
Run ID: 8
=============================================
[Epoch : 1/40]
Src_cls_loss	: 0.6489
-------------------------------------
[Epoch : 2/40]
Src_cls_loss	: 0.4736
-------------------------------------
[Epoch : 3/40]
Src_cls_loss	: 0.3812
-------------------------------------
[Epoch : 4/40]
Src_cls_loss	: 0.3233
-------------------------------------
[Epoch : 5/40]
Src_cls_loss	: 0.2804
-------------------------------------
[Epoch : 6/40]
Src_cls_loss	: 0.2467
-------------------------------------
[Epoch : 7/40]
Src_cls_loss	: 0.2192
-------------------------------------
[Epoch : 8/40]
Src_cls_loss	: 0.1978
-------------------------------------
[Epoch : 9/40]
Src_cls_loss	: 0.1804
-------------------------------------
[Epoch : 10/40]
Src_cls_loss	: 0.1665
-------------------------------------
[Epoch : 11/40]
Src_cls_loss	: 0.1546
-------------------------------------
[Epoch : 12/40]
Src_cls_loss	: 0.1447
-------------------------------------
[Epoch : 13/40]
Src_cls_loss	: 0.1353
-------------------------------------
[Epoch : 14/40]
Src_cls_loss	: 0.1269
-------------------------------------
[Epoch : 15/40]
Src_cls_loss	: 0.1198
-------------------------------------
[Epoch : 16/40]
Src_cls_loss	: 0.1138
-------------------------------------
[Epoch : 17/40]
Src_cls_loss	: 0.1081
-------------------------------------
[Epoch : 18/40]
Src_cls_loss	: 0.1031
-------------------------------------
[Epoch : 19/40]
Src_cls_loss	: 0.0985
-------------------------------------
[Epoch : 20/40]
Src_cls_loss	: 0.0943
-------------------------------------
[Epoch : 21/40]
Src_cls_loss	: 0.0902
-------------------------------------
[Epoch : 22/40]
Src_cls_loss	: 0.0868
-------------------------------------
[Epoch : 23/40]
Src_cls_loss	: 0.0835
-------------------------------------
[Epoch : 24/40]
Src_cls_loss	: 0.0804
-------------------------------------
[Epoch : 25/40]
Src_cls_loss	: 0.0775
-------------------------------------
[Epoch : 26/40]
Src_cls_loss	: 0.0748
-------------------------------------
[Epoch : 27/40]
Src_cls_loss	: 0.0723
-------------------------------------
[Epoch : 28/40]
Src_cls_loss	: 0.0699
-------------------------------------
[Epoch : 29/40]
Src_cls_loss	: 0.0678
-------------------------------------
[Epoch : 30/40]
Src_cls_loss	: 0.0658
-------------------------------------
[Epoch : 31/40]
Src_cls_loss	: 0.0639
-------------------------------------
[Epoch : 32/40]
Src_cls_loss	: 0.0623
-------------------------------------
[Epoch : 33/40]
Src_cls_loss	: 0.0612
-------------------------------------
[Epoch : 34/40]
Src_cls_loss	: 0.0597
-------------------------------------
[Epoch : 35/40]
Src_cls_loss	: 0.0582
-------------------------------------
[Epoch : 36/40]
Src_cls_loss	: 0.0568
-------------------------------------
[Epoch : 37/40]
Src_cls_loss	: 0.0554
-------------------------------------
[Epoch : 38/40]
Src_cls_loss	: 0.0541
-------------------------------------
[Epoch : 39/40]
Src_cls_loss	: 0.0528
-------------------------------------
[Epoch : 40/40]
Src_cls_loss	: 0.0516
-------------------------------------
