=============================================
Dataset: realworld_mobiact
Method:  Deep_Coral
=============================================
Source: df ---> Target: dp_17
Run ID: 0
=============================================
[Epoch : 1/40]
Total_loss	: 3.3714
Src_cls_loss	: 0.5058
coral_loss	: 0.0002
-------------------------------------
[Epoch : 2/40]
Total_loss	: 2.9208
Src_cls_loss	: 0.4382
coral_loss	: 0.0002
-------------------------------------
[Epoch : 3/40]
Total_loss	: 2.6526
Src_cls_loss	: 0.3979
coral_loss	: 0.0002
-------------------------------------
[Epoch : 4/40]
Total_loss	: 2.4825
Src_cls_loss	: 0.3724
coral_loss	: 0.0002
-------------------------------------
[Epoch : 5/40]
Total_loss	: 2.3497
Src_cls_loss	: 0.3525
coral_loss	: 0.0002
-------------------------------------
[Epoch : 6/40]
Total_loss	: 2.2458
Src_cls_loss	: 0.3369
coral_loss	: 0.0002
-------------------------------------
[Epoch : 7/40]
Total_loss	: 2.1533
Src_cls_loss	: 0.3230
coral_loss	: 0.0002
-------------------------------------
[Epoch : 8/40]
Total_loss	: 2.0745
Src_cls_loss	: 0.3112
coral_loss	: 0.0002
-------------------------------------
[Epoch : 9/40]
Total_loss	: 2.0018
Src_cls_loss	: 0.3003
coral_loss	: 0.0002
-------------------------------------
[Epoch : 10/40]
Total_loss	: 1.9384
Src_cls_loss	: 0.2908
coral_loss	: 0.0001
-------------------------------------
[Epoch : 11/40]
Total_loss	: 1.8785
Src_cls_loss	: 0.2818
coral_loss	: 0.0001
-------------------------------------
[Epoch : 12/40]
Total_loss	: 1.8285
Src_cls_loss	: 0.2743
coral_loss	: 0.0001
-------------------------------------
[Epoch : 13/40]
Total_loss	: 1.7884
Src_cls_loss	: 0.2683
coral_loss	: 0.0001
-------------------------------------
[Epoch : 14/40]
Total_loss	: 1.7491
Src_cls_loss	: 0.2624
coral_loss	: 0.0001
-------------------------------------
[Epoch : 15/40]
Total_loss	: 1.7101
Src_cls_loss	: 0.2565
coral_loss	: 0.0001
-------------------------------------
[Epoch : 16/40]
Total_loss	: 1.6769
Src_cls_loss	: 0.2515
coral_loss	: 0.0001
-------------------------------------
[Epoch : 17/40]
Total_loss	: 1.6484
Src_cls_loss	: 0.2473
coral_loss	: 0.0001
-------------------------------------
[Epoch : 18/40]
Total_loss	: 1.6213
Src_cls_loss	: 0.2432
coral_loss	: 0.0001
-------------------------------------
[Epoch : 19/40]
Total_loss	: 1.5930
Src_cls_loss	: 0.2389
coral_loss	: 0.0001
-------------------------------------
[Epoch : 20/40]
Total_loss	: 1.5695
Src_cls_loss	: 0.2354
coral_loss	: 0.0001
-------------------------------------
[Epoch : 21/40]
Total_loss	: 1.5470
Src_cls_loss	: 0.2320
coral_loss	: 0.0001
-------------------------------------
[Epoch : 22/40]
Total_loss	: 1.5252
Src_cls_loss	: 0.2288
coral_loss	: 0.0001
-------------------------------------
[Epoch : 23/40]
Total_loss	: 1.5042
Src_cls_loss	: 0.2256
coral_loss	: 0.0001
-------------------------------------
[Epoch : 24/40]
Total_loss	: 1.4842
Src_cls_loss	: 0.2226
coral_loss	: 0.0001
-------------------------------------
[Epoch : 25/40]
Total_loss	: 1.4638
Src_cls_loss	: 0.2196
coral_loss	: 0.0001
-------------------------------------
[Epoch : 26/40]
Total_loss	: 1.4442
Src_cls_loss	: 0.2166
coral_loss	: 0.0001
-------------------------------------
[Epoch : 27/40]
Total_loss	: 1.4274
Src_cls_loss	: 0.2141
coral_loss	: 0.0001
-------------------------------------
[Epoch : 28/40]
Total_loss	: 1.4086
Src_cls_loss	: 0.2113
coral_loss	: 0.0001
-------------------------------------
[Epoch : 29/40]
Total_loss	: 1.3917
Src_cls_loss	: 0.2087
coral_loss	: 0.0001
-------------------------------------
[Epoch : 30/40]
Total_loss	: 1.3764
Src_cls_loss	: 0.2064
coral_loss	: 0.0001
-------------------------------------
[Epoch : 31/40]
Total_loss	: 1.3617
Src_cls_loss	: 0.2042
coral_loss	: 0.0001
-------------------------------------
[Epoch : 32/40]
Total_loss	: 1.3482
Src_cls_loss	: 0.2022
coral_loss	: 0.0001
-------------------------------------
[Epoch : 33/40]
Total_loss	: 1.3325
Src_cls_loss	: 0.1998
coral_loss	: 0.0001
-------------------------------------
[Epoch : 34/40]
Total_loss	: 1.3190
Src_cls_loss	: 0.1978
coral_loss	: 0.0001
-------------------------------------
[Epoch : 35/40]
Total_loss	: 1.3058
Src_cls_loss	: 0.1958
coral_loss	: 0.0001
-------------------------------------
[Epoch : 36/40]
Total_loss	: 1.2938
Src_cls_loss	: 0.1940
coral_loss	: 0.0001
-------------------------------------
[Epoch : 37/40]
Total_loss	: 1.2814
Src_cls_loss	: 0.1922
coral_loss	: 0.0001
-------------------------------------
[Epoch : 38/40]
Total_loss	: 1.2700
Src_cls_loss	: 0.1905
coral_loss	: 0.0001
-------------------------------------
[Epoch : 39/40]
Total_loss	: 1.2591
Src_cls_loss	: 0.1888
coral_loss	: 0.0001
-------------------------------------
[Epoch : 40/40]
Total_loss	: 1.2485
Src_cls_loss	: 0.1872
coral_loss	: 0.0001
-------------------------------------
