=============================================
Dataset: pamap_realworld
Method:  SYN
=============================================
Source: syn_wal_8 ---> Target: dp_wal_8
Run ID: 3
=============================================
[Epoch : 1/40]
Src_cls_loss	: 0.5328
-------------------------------------
[Epoch : 2/40]
Src_cls_loss	: 0.3521
-------------------------------------
[Epoch : 3/40]
Src_cls_loss	: 0.2614
-------------------------------------
[Epoch : 4/40]
Src_cls_loss	: 0.2090
-------------------------------------
[Epoch : 5/40]
Src_cls_loss	: 0.1744
-------------------------------------
[Epoch : 6/40]
Src_cls_loss	: 0.1488
-------------------------------------
[Epoch : 7/40]
Src_cls_loss	: 0.1299
-------------------------------------
[Epoch : 8/40]
Src_cls_loss	: 0.1151
-------------------------------------
[Epoch : 9/40]
Src_cls_loss	: 0.1036
-------------------------------------
[Epoch : 10/40]
Src_cls_loss	: 0.0943
-------------------------------------
[Epoch : 11/40]
Src_cls_loss	: 0.0881
-------------------------------------
[Epoch : 12/40]
Src_cls_loss	: 0.0820
-------------------------------------
[Epoch : 13/40]
Src_cls_loss	: 0.0765
-------------------------------------
[Epoch : 14/40]
Src_cls_loss	: 0.0714
-------------------------------------
[Epoch : 15/40]
Src_cls_loss	: 0.0670
-------------------------------------
[Epoch : 16/40]
Src_cls_loss	: 0.0631
-------------------------------------
[Epoch : 17/40]
Src_cls_loss	: 0.0597
-------------------------------------
[Epoch : 18/40]
Src_cls_loss	: 0.0565
-------------------------------------
[Epoch : 19/40]
Src_cls_loss	: 0.0537
-------------------------------------
[Epoch : 20/40]
Src_cls_loss	: 0.0512
-------------------------------------
[Epoch : 21/40]
Src_cls_loss	: 0.0490
-------------------------------------
[Epoch : 22/40]
Src_cls_loss	: 0.0469
-------------------------------------
[Epoch : 23/40]
Src_cls_loss	: 0.0449
-------------------------------------
[Epoch : 24/40]
Src_cls_loss	: 0.0432
-------------------------------------
[Epoch : 25/40]
Src_cls_loss	: 0.0415
-------------------------------------
[Epoch : 26/40]
Src_cls_loss	: 0.0400
-------------------------------------
[Epoch : 27/40]
Src_cls_loss	: 0.0386
-------------------------------------
[Epoch : 28/40]
Src_cls_loss	: 0.0375
-------------------------------------
[Epoch : 29/40]
Src_cls_loss	: 0.0363
-------------------------------------
[Epoch : 30/40]
Src_cls_loss	: 0.0352
-------------------------------------
[Epoch : 31/40]
Src_cls_loss	: 0.0341
-------------------------------------
[Epoch : 32/40]
Src_cls_loss	: 0.0331
-------------------------------------
[Epoch : 33/40]
Src_cls_loss	: 0.0322
-------------------------------------
[Epoch : 34/40]
Src_cls_loss	: 0.0313
-------------------------------------
[Epoch : 35/40]
Src_cls_loss	: 0.0305
-------------------------------------
[Epoch : 36/40]
Src_cls_loss	: 0.0297
-------------------------------------
[Epoch : 37/40]
Src_cls_loss	: 0.0289
-------------------------------------
[Epoch : 38/40]
Src_cls_loss	: 0.0282
-------------------------------------
[Epoch : 39/40]
Src_cls_loss	: 0.0276
-------------------------------------
[Epoch : 40/40]
Src_cls_loss	: 0.0270
-------------------------------------
