=============================================
Dataset: pamap_mobiact
Method:  SYN
=============================================
Source: syn_wal_25 ---> Target: dp_wal_25
Run ID: 4
=============================================
[Epoch : 1/40]
Src_cls_loss	: 0.6438
-------------------------------------
[Epoch : 2/40]
Src_cls_loss	: 0.4595
-------------------------------------
[Epoch : 3/40]
Src_cls_loss	: 0.3557
-------------------------------------
[Epoch : 4/40]
Src_cls_loss	: 0.2932
-------------------------------------
[Epoch : 5/40]
Src_cls_loss	: 0.2539
-------------------------------------
[Epoch : 6/40]
Src_cls_loss	: 0.2211
-------------------------------------
[Epoch : 7/40]
Src_cls_loss	: 0.1960
-------------------------------------
[Epoch : 8/40]
Src_cls_loss	: 0.1760
-------------------------------------
[Epoch : 9/40]
Src_cls_loss	: 0.1592
-------------------------------------
[Epoch : 10/40]
Src_cls_loss	: 0.1449
-------------------------------------
[Epoch : 11/40]
Src_cls_loss	: 0.1336
-------------------------------------
[Epoch : 12/40]
Src_cls_loss	: 0.1245
-------------------------------------
[Epoch : 13/40]
Src_cls_loss	: 0.1165
-------------------------------------
[Epoch : 14/40]
Src_cls_loss	: 0.1092
-------------------------------------
[Epoch : 15/40]
Src_cls_loss	: 0.1029
-------------------------------------
[Epoch : 16/40]
Src_cls_loss	: 0.0974
-------------------------------------
[Epoch : 17/40]
Src_cls_loss	: 0.0924
-------------------------------------
[Epoch : 18/40]
Src_cls_loss	: 0.0879
-------------------------------------
[Epoch : 19/40]
Src_cls_loss	: 0.0836
-------------------------------------
[Epoch : 20/40]
Src_cls_loss	: 0.0798
-------------------------------------
[Epoch : 21/40]
Src_cls_loss	: 0.0769
-------------------------------------
[Epoch : 22/40]
Src_cls_loss	: 0.0739
-------------------------------------
[Epoch : 23/40]
Src_cls_loss	: 0.0711
-------------------------------------
[Epoch : 24/40]
Src_cls_loss	: 0.0684
-------------------------------------
[Epoch : 25/40]
Src_cls_loss	: 0.0659
-------------------------------------
[Epoch : 26/40]
Src_cls_loss	: 0.0636
-------------------------------------
[Epoch : 27/40]
Src_cls_loss	: 0.0614
-------------------------------------
[Epoch : 28/40]
Src_cls_loss	: 0.0594
-------------------------------------
[Epoch : 29/40]
Src_cls_loss	: 0.0574
-------------------------------------
[Epoch : 30/40]
Src_cls_loss	: 0.0557
-------------------------------------
[Epoch : 31/40]
Src_cls_loss	: 0.0543
-------------------------------------
[Epoch : 32/40]
Src_cls_loss	: 0.0527
-------------------------------------
[Epoch : 33/40]
Src_cls_loss	: 0.0512
-------------------------------------
[Epoch : 34/40]
Src_cls_loss	: 0.0498
-------------------------------------
[Epoch : 35/40]
Src_cls_loss	: 0.0485
-------------------------------------
[Epoch : 36/40]
Src_cls_loss	: 0.0472
-------------------------------------
[Epoch : 37/40]
Src_cls_loss	: 0.0461
-------------------------------------
[Epoch : 38/40]
Src_cls_loss	: 0.0449
-------------------------------------
[Epoch : 39/40]
Src_cls_loss	: 0.0438
-------------------------------------
[Epoch : 40/40]
Src_cls_loss	: 0.0428
-------------------------------------
