=============================================
Dataset: realworld_mobiact
Method:  SYN
=============================================
Source: syn_wal_72 ---> Target: dp_wal_72
Run ID: 2
=============================================
[Epoch : 1/40]
Src_cls_loss	: 0.8420
-------------------------------------
[Epoch : 2/40]
Src_cls_loss	: 0.6488
-------------------------------------
[Epoch : 3/40]
Src_cls_loss	: 0.5041
-------------------------------------
[Epoch : 4/40]
Src_cls_loss	: 0.4088
-------------------------------------
[Epoch : 5/40]
Src_cls_loss	: 0.3423
-------------------------------------
[Epoch : 6/40]
Src_cls_loss	: 0.2939
-------------------------------------
[Epoch : 7/40]
Src_cls_loss	: 0.2579
-------------------------------------
[Epoch : 8/40]
Src_cls_loss	: 0.2313
-------------------------------------
[Epoch : 9/40]
Src_cls_loss	: 0.2091
-------------------------------------
[Epoch : 10/40]
Src_cls_loss	: 0.1904
-------------------------------------
[Epoch : 11/40]
Src_cls_loss	: 0.1754
-------------------------------------
[Epoch : 12/40]
Src_cls_loss	: 0.1623
-------------------------------------
[Epoch : 13/40]
Src_cls_loss	: 0.1515
-------------------------------------
[Epoch : 14/40]
Src_cls_loss	: 0.1417
-------------------------------------
[Epoch : 15/40]
Src_cls_loss	: 0.1330
-------------------------------------
[Epoch : 16/40]
Src_cls_loss	: 0.1254
-------------------------------------
[Epoch : 17/40]
Src_cls_loss	: 0.1188
-------------------------------------
[Epoch : 18/40]
Src_cls_loss	: 0.1128
-------------------------------------
[Epoch : 19/40]
Src_cls_loss	: 0.1073
-------------------------------------
[Epoch : 20/40]
Src_cls_loss	: 0.1022
-------------------------------------
[Epoch : 21/40]
Src_cls_loss	: 0.0976
-------------------------------------
[Epoch : 22/40]
Src_cls_loss	: 0.0935
-------------------------------------
[Epoch : 23/40]
Src_cls_loss	: 0.0896
-------------------------------------
[Epoch : 24/40]
Src_cls_loss	: 0.0862
-------------------------------------
[Epoch : 25/40]
Src_cls_loss	: 0.0830
-------------------------------------
[Epoch : 26/40]
Src_cls_loss	: 0.0803
-------------------------------------
[Epoch : 27/40]
Src_cls_loss	: 0.0775
-------------------------------------
[Epoch : 28/40]
Src_cls_loss	: 0.0750
-------------------------------------
[Epoch : 29/40]
Src_cls_loss	: 0.0727
-------------------------------------
[Epoch : 30/40]
Src_cls_loss	: 0.0705
-------------------------------------
[Epoch : 31/40]
Src_cls_loss	: 0.0684
-------------------------------------
[Epoch : 32/40]
Src_cls_loss	: 0.0663
-------------------------------------
[Epoch : 33/40]
Src_cls_loss	: 0.0644
-------------------------------------
[Epoch : 34/40]
Src_cls_loss	: 0.0626
-------------------------------------
[Epoch : 35/40]
Src_cls_loss	: 0.0609
-------------------------------------
[Epoch : 36/40]
Src_cls_loss	: 0.0593
-------------------------------------
[Epoch : 37/40]
Src_cls_loss	: 0.0577
-------------------------------------
[Epoch : 38/40]
Src_cls_loss	: 0.0562
-------------------------------------
[Epoch : 39/40]
Src_cls_loss	: 0.0548
-------------------------------------
[Epoch : 40/40]
Src_cls_loss	: 0.0535
-------------------------------------
