=============================================
Dataset: realworld_mobiact
Method:  NO_ADAPT
=============================================
Source: syn_40 ---> Target: dp_40
Run ID: 2
=============================================
[Epoch : 1/40]
Src_cls_loss	: 0.7962
-------------------------------------
[Epoch : 2/40]
Src_cls_loss	: 0.6411
-------------------------------------
[Epoch : 3/40]
Src_cls_loss	: 0.5163
-------------------------------------
[Epoch : 4/40]
Src_cls_loss	: 0.4316
-------------------------------------
[Epoch : 5/40]
Src_cls_loss	: 0.3667
-------------------------------------
[Epoch : 6/40]
Src_cls_loss	: 0.3198
-------------------------------------
[Epoch : 7/40]
Src_cls_loss	: 0.2833
-------------------------------------
[Epoch : 8/40]
Src_cls_loss	: 0.2545
-------------------------------------
[Epoch : 9/40]
Src_cls_loss	: 0.2307
-------------------------------------
[Epoch : 10/40]
Src_cls_loss	: 0.2106
-------------------------------------
[Epoch : 11/40]
Src_cls_loss	: 0.1946
-------------------------------------
[Epoch : 12/40]
Src_cls_loss	: 0.1829
-------------------------------------
[Epoch : 13/40]
Src_cls_loss	: 0.1722
-------------------------------------
[Epoch : 14/40]
Src_cls_loss	: 0.1643
-------------------------------------
[Epoch : 15/40]
Src_cls_loss	: 0.1564
-------------------------------------
[Epoch : 16/40]
Src_cls_loss	: 0.1495
-------------------------------------
[Epoch : 17/40]
Src_cls_loss	: 0.1419
-------------------------------------
[Epoch : 18/40]
Src_cls_loss	: 0.1349
-------------------------------------
[Epoch : 19/40]
Src_cls_loss	: 0.1283
-------------------------------------
[Epoch : 20/40]
Src_cls_loss	: 0.1224
-------------------------------------
[Epoch : 21/40]
Src_cls_loss	: 0.1172
-------------------------------------
[Epoch : 22/40]
Src_cls_loss	: 0.1123
-------------------------------------
[Epoch : 23/40]
Src_cls_loss	: 0.1079
-------------------------------------
[Epoch : 24/40]
Src_cls_loss	: 0.1039
-------------------------------------
[Epoch : 25/40]
Src_cls_loss	: 0.1000
-------------------------------------
[Epoch : 26/40]
Src_cls_loss	: 0.0965
-------------------------------------
[Epoch : 27/40]
Src_cls_loss	: 0.0933
-------------------------------------
[Epoch : 28/40]
Src_cls_loss	: 0.0904
-------------------------------------
[Epoch : 29/40]
Src_cls_loss	: 0.0876
-------------------------------------
[Epoch : 30/40]
Src_cls_loss	: 0.0850
-------------------------------------
[Epoch : 31/40]
Src_cls_loss	: 0.0824
-------------------------------------
[Epoch : 32/40]
Src_cls_loss	: 0.0803
-------------------------------------
[Epoch : 33/40]
Src_cls_loss	: 0.0782
-------------------------------------
[Epoch : 34/40]
Src_cls_loss	: 0.0762
-------------------------------------
[Epoch : 35/40]
Src_cls_loss	: 0.0743
-------------------------------------
[Epoch : 36/40]
Src_cls_loss	: 0.0723
-------------------------------------
[Epoch : 37/40]
Src_cls_loss	: 0.0706
-------------------------------------
[Epoch : 38/40]
Src_cls_loss	: 0.0689
-------------------------------------
[Epoch : 39/40]
Src_cls_loss	: 0.0672
-------------------------------------
[Epoch : 40/40]
Src_cls_loss	: 0.0656
-------------------------------------
