=============================================
Dataset: mobiact_realworld
Method:  NO_ADAPT
=============================================
Source: syn_73 ---> Target: dp_73
Run ID: 6
=============================================
[Epoch : 1/40]
Src_cls_loss	: 0.6039
-------------------------------------
[Epoch : 2/40]
Src_cls_loss	: 0.4208
-------------------------------------
[Epoch : 3/40]
Src_cls_loss	: 0.3309
-------------------------------------
[Epoch : 4/40]
Src_cls_loss	: 0.2797
-------------------------------------
[Epoch : 5/40]
Src_cls_loss	: 0.2412
-------------------------------------
[Epoch : 6/40]
Src_cls_loss	: 0.2141
-------------------------------------
[Epoch : 7/40]
Src_cls_loss	: 0.1923
-------------------------------------
[Epoch : 8/40]
Src_cls_loss	: 0.1757
-------------------------------------
[Epoch : 9/40]
Src_cls_loss	: 0.1632
-------------------------------------
[Epoch : 10/40]
Src_cls_loss	: 0.1516
-------------------------------------
[Epoch : 11/40]
Src_cls_loss	: 0.1411
-------------------------------------
[Epoch : 12/40]
Src_cls_loss	: 0.1325
-------------------------------------
[Epoch : 13/40]
Src_cls_loss	: 0.1257
-------------------------------------
[Epoch : 14/40]
Src_cls_loss	: 0.1200
-------------------------------------
[Epoch : 15/40]
Src_cls_loss	: 0.1143
-------------------------------------
[Epoch : 16/40]
Src_cls_loss	: 0.1089
-------------------------------------
[Epoch : 17/40]
Src_cls_loss	: 0.1040
-------------------------------------
[Epoch : 18/40]
Src_cls_loss	: 0.0999
-------------------------------------
[Epoch : 19/40]
Src_cls_loss	: 0.0963
-------------------------------------
[Epoch : 20/40]
Src_cls_loss	: 0.0926
-------------------------------------
[Epoch : 21/40]
Src_cls_loss	: 0.0894
-------------------------------------
[Epoch : 22/40]
Src_cls_loss	: 0.0867
-------------------------------------
[Epoch : 23/40]
Src_cls_loss	: 0.0845
-------------------------------------
[Epoch : 24/40]
Src_cls_loss	: 0.0817
-------------------------------------
[Epoch : 25/40]
Src_cls_loss	: 0.0792
-------------------------------------
[Epoch : 26/40]
Src_cls_loss	: 0.0782
-------------------------------------
[Epoch : 27/40]
Src_cls_loss	: 0.0762
-------------------------------------
[Epoch : 28/40]
Src_cls_loss	: 0.0741
-------------------------------------
[Epoch : 29/40]
Src_cls_loss	: 0.0723
-------------------------------------
[Epoch : 30/40]
Src_cls_loss	: 0.0706
-------------------------------------
[Epoch : 31/40]
Src_cls_loss	: 0.0691
-------------------------------------
[Epoch : 32/40]
Src_cls_loss	: 0.0676
-------------------------------------
[Epoch : 33/40]
Src_cls_loss	: 0.0663
-------------------------------------
[Epoch : 34/40]
Src_cls_loss	: 0.0650
-------------------------------------
[Epoch : 35/40]
Src_cls_loss	: 0.0638
-------------------------------------
[Epoch : 36/40]
Src_cls_loss	: 0.0624
-------------------------------------
[Epoch : 37/40]
Src_cls_loss	: 0.0612
-------------------------------------
[Epoch : 38/40]
Src_cls_loss	: 0.0602
-------------------------------------
[Epoch : 39/40]
Src_cls_loss	: 0.0592
-------------------------------------
[Epoch : 40/40]
Src_cls_loss	: 0.0581
-------------------------------------
