=============================================
Dataset: pamap_mobiact
Method:  SYN
=============================================
Source: syn_wal_6 ---> Target: dp_wal_6
Run ID: 3
=============================================
[Epoch : 1/40]
Src_cls_loss	: 0.6281
-------------------------------------
[Epoch : 2/40]
Src_cls_loss	: 0.4962
-------------------------------------
[Epoch : 3/40]
Src_cls_loss	: 0.4161
-------------------------------------
[Epoch : 4/40]
Src_cls_loss	: 0.3508
-------------------------------------
[Epoch : 5/40]
Src_cls_loss	: 0.3073
-------------------------------------
[Epoch : 6/40]
Src_cls_loss	: 0.2717
-------------------------------------
[Epoch : 7/40]
Src_cls_loss	: 0.2436
-------------------------------------
[Epoch : 8/40]
Src_cls_loss	: 0.2201
-------------------------------------
[Epoch : 9/40]
Src_cls_loss	: 0.1997
-------------------------------------
[Epoch : 10/40]
Src_cls_loss	: 0.1850
-------------------------------------
[Epoch : 11/40]
Src_cls_loss	: 0.1726
-------------------------------------
[Epoch : 12/40]
Src_cls_loss	: 0.1613
-------------------------------------
[Epoch : 13/40]
Src_cls_loss	: 0.1516
-------------------------------------
[Epoch : 14/40]
Src_cls_loss	: 0.1426
-------------------------------------
[Epoch : 15/40]
Src_cls_loss	: 0.1351
-------------------------------------
[Epoch : 16/40]
Src_cls_loss	: 0.1281
-------------------------------------
[Epoch : 17/40]
Src_cls_loss	: 0.1223
-------------------------------------
[Epoch : 18/40]
Src_cls_loss	: 0.1164
-------------------------------------
[Epoch : 19/40]
Src_cls_loss	: 0.1110
-------------------------------------
[Epoch : 20/40]
Src_cls_loss	: 0.1064
-------------------------------------
[Epoch : 21/40]
Src_cls_loss	: 0.1024
-------------------------------------
[Epoch : 22/40]
Src_cls_loss	: 0.1000
-------------------------------------
[Epoch : 23/40]
Src_cls_loss	: 0.0963
-------------------------------------
[Epoch : 24/40]
Src_cls_loss	: 0.0929
-------------------------------------
[Epoch : 25/40]
Src_cls_loss	: 0.0898
-------------------------------------
[Epoch : 26/40]
Src_cls_loss	: 0.0868
-------------------------------------
[Epoch : 27/40]
Src_cls_loss	: 0.0841
-------------------------------------
[Epoch : 28/40]
Src_cls_loss	: 0.0815
-------------------------------------
[Epoch : 29/40]
Src_cls_loss	: 0.0791
-------------------------------------
[Epoch : 30/40]
Src_cls_loss	: 0.0769
-------------------------------------
[Epoch : 31/40]
Src_cls_loss	: 0.0746
-------------------------------------
[Epoch : 32/40]
Src_cls_loss	: 0.0726
-------------------------------------
[Epoch : 33/40]
Src_cls_loss	: 0.0707
-------------------------------------
[Epoch : 34/40]
Src_cls_loss	: 0.0687
-------------------------------------
[Epoch : 35/40]
Src_cls_loss	: 0.0669
-------------------------------------
[Epoch : 36/40]
Src_cls_loss	: 0.0651
-------------------------------------
[Epoch : 37/40]
Src_cls_loss	: 0.0635
-------------------------------------
[Epoch : 38/40]
Src_cls_loss	: 0.0622
-------------------------------------
[Epoch : 39/40]
Src_cls_loss	: 0.0607
-------------------------------------
[Epoch : 40/40]
Src_cls_loss	: 0.0593
-------------------------------------
