=============================================
Dataset: pamap_realworld
Method:  DANN
=============================================
Source: df ---> Target: dp_wal_18
Run ID: 0
=============================================
[Epoch : 1/40]
Total_loss	: 6.0069
Domain_loss	: 1.2342
Src_cls_loss	: 0.5295
-------------------------------------
[Epoch : 2/40]
Total_loss	: 5.4172
Domain_loss	: 1.2698
Src_cls_loss	: 0.4000
-------------------------------------
[Epoch : 3/40]
Total_loss	: 5.0548
Domain_loss	: 1.2844
Src_cls_loss	: 0.3241
-------------------------------------
[Epoch : 4/40]
Total_loss	: 4.7851
Domain_loss	: 1.2656
Src_cls_loss	: 0.2822
-------------------------------------
[Epoch : 5/40]
Total_loss	: 4.6432
Domain_loss	: 1.2498
Src_cls_loss	: 0.2631
-------------------------------------
[Epoch : 6/40]
Total_loss	: 4.5359
Domain_loss	: 1.2514
Src_cls_loss	: 0.2420
-------------------------------------
[Epoch : 7/40]
Total_loss	: 4.4284
Domain_loss	: 1.2426
Src_cls_loss	: 0.2259
-------------------------------------
[Epoch : 8/40]
Total_loss	: 4.3461
Domain_loss	: 1.2387
Src_cls_loss	: 0.2123
-------------------------------------
[Epoch : 9/40]
Total_loss	: 4.2715
Domain_loss	: 1.2293
Src_cls_loss	: 0.2027
-------------------------------------
[Epoch : 10/40]
Total_loss	: 4.2425
Domain_loss	: 1.2370
Src_cls_loss	: 0.1935
-------------------------------------
[Epoch : 11/40]
Total_loss	: 4.2066
Domain_loss	: 1.2418
Src_cls_loss	: 0.1843
-------------------------------------
[Epoch : 12/40]
Total_loss	: 4.1754
Domain_loss	: 1.2448
Src_cls_loss	: 0.1769
-------------------------------------
[Epoch : 13/40]
Total_loss	: 4.1478
Domain_loss	: 1.2477
Src_cls_loss	: 0.1702
-------------------------------------
[Epoch : 14/40]
Total_loss	: 4.1221
Domain_loss	: 1.2486
Src_cls_loss	: 0.1649
-------------------------------------
[Epoch : 15/40]
Total_loss	: 4.0969
Domain_loss	: 1.2497
Src_cls_loss	: 0.1596
-------------------------------------
[Epoch : 16/40]
Total_loss	: 4.0794
Domain_loss	: 1.2532
Src_cls_loss	: 0.1545
-------------------------------------
[Epoch : 17/40]
Total_loss	: 4.0644
Domain_loss	: 1.2564
Src_cls_loss	: 0.1501
-------------------------------------
[Epoch : 18/40]
Total_loss	: 4.0488
Domain_loss	: 1.2591
Src_cls_loss	: 0.1458
-------------------------------------
[Epoch : 19/40]
Total_loss	: 4.0326
Domain_loss	: 1.2612
Src_cls_loss	: 0.1417
-------------------------------------
[Epoch : 20/40]
Total_loss	: 4.0154
Domain_loss	: 1.2620
Src_cls_loss	: 0.1380
-------------------------------------
[Epoch : 21/40]
Total_loss	: 4.0081
Domain_loss	: 1.2658
Src_cls_loss	: 0.1348
-------------------------------------
[Epoch : 22/40]
Total_loss	: 3.9926
Domain_loss	: 1.2654
Src_cls_loss	: 0.1320
-------------------------------------
[Epoch : 23/40]
Total_loss	: 3.9790
Domain_loss	: 1.2660
Src_cls_loss	: 0.1292
-------------------------------------
[Epoch : 24/40]
Total_loss	: 3.9692
Domain_loss	: 1.2671
Src_cls_loss	: 0.1267
-------------------------------------
[Epoch : 25/40]
Total_loss	: 3.9573
Domain_loss	: 1.2690
Src_cls_loss	: 0.1236
-------------------------------------
[Epoch : 26/40]
Total_loss	: 3.9551
Domain_loss	: 1.2715
Src_cls_loss	: 0.1219
-------------------------------------
[Epoch : 27/40]
Total_loss	: 3.9469
Domain_loss	: 1.2729
Src_cls_loss	: 0.1196
-------------------------------------
[Epoch : 28/40]
Total_loss	: 3.9389
Domain_loss	: 1.2752
Src_cls_loss	: 0.1170
-------------------------------------
[Epoch : 29/40]
Total_loss	: 3.9302
Domain_loss	: 1.2755
Src_cls_loss	: 0.1152
-------------------------------------
[Epoch : 30/40]
Total_loss	: 3.9224
Domain_loss	: 1.2759
Src_cls_loss	: 0.1135
-------------------------------------
[Epoch : 31/40]
Total_loss	: 3.9213
Domain_loss	: 1.2783
Src_cls_loss	: 0.1121
-------------------------------------
[Epoch : 32/40]
Total_loss	: 3.9082
Domain_loss	: 1.2777
Src_cls_loss	: 0.1099
-------------------------------------
[Epoch : 33/40]
Total_loss	: 3.9003
Domain_loss	: 1.2777
Src_cls_loss	: 0.1084
-------------------------------------
[Epoch : 34/40]
Total_loss	: 3.8921
Domain_loss	: 1.2778
Src_cls_loss	: 0.1068
-------------------------------------
[Epoch : 35/40]
Total_loss	: 3.8890
Domain_loss	: 1.2788
Src_cls_loss	: 0.1057
-------------------------------------
[Epoch : 36/40]
Total_loss	: 3.8833
Domain_loss	: 1.2799
Src_cls_loss	: 0.1041
-------------------------------------
[Epoch : 37/40]
Total_loss	: 3.8822
Domain_loss	: 1.2820
Src_cls_loss	: 0.1029
-------------------------------------
[Epoch : 38/40]
Total_loss	: 3.8758
Domain_loss	: 1.2821
Src_cls_loss	: 0.1016
-------------------------------------
[Epoch : 39/40]
Total_loss	: 3.8731
Domain_loss	: 1.2838
Src_cls_loss	: 0.1003
-------------------------------------
[Epoch : 40/40]
Total_loss	: 3.8705
Domain_loss	: 1.2855
Src_cls_loss	: 0.0990
-------------------------------------
