=============================================
Dataset: pamap_mobiact
Method:  SYN
=============================================
Source: syn_wal_48 ---> Target: dp_wal_48
Run ID: 2
=============================================
[Epoch : 1/40]
Src_cls_loss	: 0.5928
-------------------------------------
[Epoch : 2/40]
Src_cls_loss	: 0.4251
-------------------------------------
[Epoch : 3/40]
Src_cls_loss	: 0.3330
-------------------------------------
[Epoch : 4/40]
Src_cls_loss	: 0.2790
-------------------------------------
[Epoch : 5/40]
Src_cls_loss	: 0.2407
-------------------------------------
[Epoch : 6/40]
Src_cls_loss	: 0.2112
-------------------------------------
[Epoch : 7/40]
Src_cls_loss	: 0.1901
-------------------------------------
[Epoch : 8/40]
Src_cls_loss	: 0.1718
-------------------------------------
[Epoch : 9/40]
Src_cls_loss	: 0.1570
-------------------------------------
[Epoch : 10/40]
Src_cls_loss	: 0.1453
-------------------------------------
[Epoch : 11/40]
Src_cls_loss	: 0.1351
-------------------------------------
[Epoch : 12/40]
Src_cls_loss	: 0.1254
-------------------------------------
[Epoch : 13/40]
Src_cls_loss	: 0.1173
-------------------------------------
[Epoch : 14/40]
Src_cls_loss	: 0.1102
-------------------------------------
[Epoch : 15/40]
Src_cls_loss	: 0.1039
-------------------------------------
[Epoch : 16/40]
Src_cls_loss	: 0.0983
-------------------------------------
[Epoch : 17/40]
Src_cls_loss	: 0.0936
-------------------------------------
[Epoch : 18/40]
Src_cls_loss	: 0.0890
-------------------------------------
[Epoch : 19/40]
Src_cls_loss	: 0.0849
-------------------------------------
[Epoch : 20/40]
Src_cls_loss	: 0.0814
-------------------------------------
[Epoch : 21/40]
Src_cls_loss	: 0.0780
-------------------------------------
[Epoch : 22/40]
Src_cls_loss	: 0.0748
-------------------------------------
[Epoch : 23/40]
Src_cls_loss	: 0.0717
-------------------------------------
[Epoch : 24/40]
Src_cls_loss	: 0.0698
-------------------------------------
[Epoch : 25/40]
Src_cls_loss	: 0.0679
-------------------------------------
[Epoch : 26/40]
Src_cls_loss	: 0.0657
-------------------------------------
[Epoch : 27/40]
Src_cls_loss	: 0.0635
-------------------------------------
[Epoch : 28/40]
Src_cls_loss	: 0.0615
-------------------------------------
[Epoch : 29/40]
Src_cls_loss	: 0.0596
-------------------------------------
[Epoch : 30/40]
Src_cls_loss	: 0.0578
-------------------------------------
[Epoch : 31/40]
Src_cls_loss	: 0.0561
-------------------------------------
[Epoch : 32/40]
Src_cls_loss	: 0.0544
-------------------------------------
[Epoch : 33/40]
Src_cls_loss	: 0.0529
-------------------------------------
[Epoch : 34/40]
Src_cls_loss	: 0.0514
-------------------------------------
[Epoch : 35/40]
Src_cls_loss	: 0.0500
-------------------------------------
[Epoch : 36/40]
Src_cls_loss	: 0.0487
-------------------------------------
[Epoch : 37/40]
Src_cls_loss	: 0.0475
-------------------------------------
[Epoch : 38/40]
Src_cls_loss	: 0.0463
-------------------------------------
[Epoch : 39/40]
Src_cls_loss	: 0.0451
-------------------------------------
[Epoch : 40/40]
Src_cls_loss	: 0.0441
-------------------------------------
