=============================================
Dataset: pamap_mobiact
Method:  NO_ADAPT
=============================================
Source: syn_6 ---> Target: dp_6
Run ID: 1
=============================================
[Epoch : 1/40]
Src_cls_loss	: 0.7816
-------------------------------------
[Epoch : 2/40]
Src_cls_loss	: 0.6335
-------------------------------------
[Epoch : 3/40]
Src_cls_loss	: 0.5503
-------------------------------------
[Epoch : 4/40]
Src_cls_loss	: 0.4971
-------------------------------------
[Epoch : 5/40]
Src_cls_loss	: 0.4574
-------------------------------------
[Epoch : 6/40]
Src_cls_loss	: 0.4221
-------------------------------------
[Epoch : 7/40]
Src_cls_loss	: 0.3910
-------------------------------------
[Epoch : 8/40]
Src_cls_loss	: 0.3630
-------------------------------------
[Epoch : 9/40]
Src_cls_loss	: 0.3405
-------------------------------------
[Epoch : 10/40]
Src_cls_loss	: 0.3224
-------------------------------------
[Epoch : 11/40]
Src_cls_loss	: 0.3056
-------------------------------------
[Epoch : 12/40]
Src_cls_loss	: 0.2898
-------------------------------------
[Epoch : 13/40]
Src_cls_loss	: 0.2759
-------------------------------------
[Epoch : 14/40]
Src_cls_loss	: 0.2640
-------------------------------------
[Epoch : 15/40]
Src_cls_loss	: 0.2525
-------------------------------------
[Epoch : 16/40]
Src_cls_loss	: 0.2421
-------------------------------------
[Epoch : 17/40]
Src_cls_loss	: 0.2326
-------------------------------------
[Epoch : 18/40]
Src_cls_loss	: 0.2233
-------------------------------------
[Epoch : 19/40]
Src_cls_loss	: 0.2145
-------------------------------------
[Epoch : 20/40]
Src_cls_loss	: 0.2064
-------------------------------------
[Epoch : 21/40]
Src_cls_loss	: 0.1993
-------------------------------------
[Epoch : 22/40]
Src_cls_loss	: 0.1923
-------------------------------------
[Epoch : 23/40]
Src_cls_loss	: 0.1861
-------------------------------------
[Epoch : 24/40]
Src_cls_loss	: 0.1813
-------------------------------------
[Epoch : 25/40]
Src_cls_loss	: 0.1757
-------------------------------------
[Epoch : 26/40]
Src_cls_loss	: 0.1707
-------------------------------------
[Epoch : 27/40]
Src_cls_loss	: 0.1662
-------------------------------------
[Epoch : 28/40]
Src_cls_loss	: 0.1615
-------------------------------------
[Epoch : 29/40]
Src_cls_loss	: 0.1573
-------------------------------------
[Epoch : 30/40]
Src_cls_loss	: 0.1531
-------------------------------------
[Epoch : 31/40]
Src_cls_loss	: 0.1488
-------------------------------------
[Epoch : 32/40]
Src_cls_loss	: 0.1449
-------------------------------------
[Epoch : 33/40]
Src_cls_loss	: 0.1415
-------------------------------------
[Epoch : 34/40]
Src_cls_loss	: 0.1384
-------------------------------------
[Epoch : 35/40]
Src_cls_loss	: 0.1350
-------------------------------------
[Epoch : 36/40]
Src_cls_loss	: 0.1319
-------------------------------------
[Epoch : 37/40]
Src_cls_loss	: 0.1288
-------------------------------------
[Epoch : 38/40]
Src_cls_loss	: 0.1264
-------------------------------------
[Epoch : 39/40]
Src_cls_loss	: 0.1244
-------------------------------------
[Epoch : 40/40]
Src_cls_loss	: 0.1223
-------------------------------------
