=============================================
Dataset: realworld_mobiact
Method:  NO_ADAPT
=============================================
Source: df ---> Target: dp_75
Run ID: 5
=============================================
[Epoch : 1/40]
Src_cls_loss	: 0.3866
-------------------------------------
[Epoch : 2/40]
Src_cls_loss	: 0.3144
-------------------------------------
[Epoch : 3/40]
Src_cls_loss	: 0.2764
-------------------------------------
[Epoch : 4/40]
Src_cls_loss	: 0.2522
-------------------------------------
[Epoch : 5/40]
Src_cls_loss	: 0.2349
-------------------------------------
[Epoch : 6/40]
Src_cls_loss	: 0.2202
-------------------------------------
[Epoch : 7/40]
Src_cls_loss	: 0.2084
-------------------------------------
[Epoch : 8/40]
Src_cls_loss	: 0.1991
-------------------------------------
[Epoch : 9/40]
Src_cls_loss	: 0.1910
-------------------------------------
[Epoch : 10/40]
Src_cls_loss	: 0.1841
-------------------------------------
[Epoch : 11/40]
Src_cls_loss	: 0.1770
-------------------------------------
[Epoch : 12/40]
Src_cls_loss	: 0.1715
-------------------------------------
[Epoch : 13/40]
Src_cls_loss	: 0.1658
-------------------------------------
[Epoch : 14/40]
Src_cls_loss	: 0.1614
-------------------------------------
[Epoch : 15/40]
Src_cls_loss	: 0.1568
-------------------------------------
[Epoch : 16/40]
Src_cls_loss	: 0.1522
-------------------------------------
[Epoch : 17/40]
Src_cls_loss	: 0.1483
-------------------------------------
[Epoch : 18/40]
Src_cls_loss	: 0.1446
-------------------------------------
[Epoch : 19/40]
Src_cls_loss	: 0.1411
-------------------------------------
[Epoch : 20/40]
Src_cls_loss	: 0.1376
-------------------------------------
[Epoch : 21/40]
Src_cls_loss	: 0.1346
-------------------------------------
[Epoch : 22/40]
Src_cls_loss	: 0.1317
-------------------------------------
[Epoch : 23/40]
Src_cls_loss	: 0.1289
-------------------------------------
[Epoch : 24/40]
Src_cls_loss	: 0.1263
-------------------------------------
[Epoch : 25/40]
Src_cls_loss	: 0.1238
-------------------------------------
[Epoch : 26/40]
Src_cls_loss	: 0.1213
-------------------------------------
[Epoch : 27/40]
Src_cls_loss	: 0.1192
-------------------------------------
[Epoch : 28/40]
Src_cls_loss	: 0.1169
-------------------------------------
[Epoch : 29/40]
Src_cls_loss	: 0.1150
-------------------------------------
[Epoch : 30/40]
Src_cls_loss	: 0.1129
-------------------------------------
[Epoch : 31/40]
Src_cls_loss	: 0.1109
-------------------------------------
[Epoch : 32/40]
Src_cls_loss	: 0.1089
-------------------------------------
[Epoch : 33/40]
Src_cls_loss	: 0.1071
-------------------------------------
[Epoch : 34/40]
Src_cls_loss	: 0.1052
-------------------------------------
[Epoch : 35/40]
Src_cls_loss	: 0.1036
-------------------------------------
[Epoch : 36/40]
Src_cls_loss	: 0.1020
-------------------------------------
[Epoch : 37/40]
Src_cls_loss	: 0.1004
-------------------------------------
[Epoch : 38/40]
Src_cls_loss	: 0.0989
-------------------------------------
[Epoch : 39/40]
Src_cls_loss	: 0.0974
-------------------------------------
[Epoch : 40/40]
Src_cls_loss	: 0.0960
-------------------------------------
