=============================================
Dataset: mobiact_realworld
Method:  NO_ADAPT
=============================================
Source: syn_65 ---> Target: dp_65
Run ID: 8
=============================================
[Epoch : 1/40]
Src_cls_loss	: 0.5897
-------------------------------------
[Epoch : 2/40]
Src_cls_loss	: 0.4275
-------------------------------------
[Epoch : 3/40]
Src_cls_loss	: 0.3416
-------------------------------------
[Epoch : 4/40]
Src_cls_loss	: 0.2928
-------------------------------------
[Epoch : 5/40]
Src_cls_loss	: 0.2583
-------------------------------------
[Epoch : 6/40]
Src_cls_loss	: 0.2313
-------------------------------------
[Epoch : 7/40]
Src_cls_loss	: 0.2095
-------------------------------------
[Epoch : 8/40]
Src_cls_loss	: 0.1924
-------------------------------------
[Epoch : 9/40]
Src_cls_loss	: 0.1784
-------------------------------------
[Epoch : 10/40]
Src_cls_loss	: 0.1659
-------------------------------------
[Epoch : 11/40]
Src_cls_loss	: 0.1556
-------------------------------------
[Epoch : 12/40]
Src_cls_loss	: 0.1480
-------------------------------------
[Epoch : 13/40]
Src_cls_loss	: 0.1406
-------------------------------------
[Epoch : 14/40]
Src_cls_loss	: 0.1342
-------------------------------------
[Epoch : 15/40]
Src_cls_loss	: 0.1278
-------------------------------------
[Epoch : 16/40]
Src_cls_loss	: 0.1238
-------------------------------------
[Epoch : 17/40]
Src_cls_loss	: 0.1190
-------------------------------------
[Epoch : 18/40]
Src_cls_loss	: 0.1146
-------------------------------------
[Epoch : 19/40]
Src_cls_loss	: 0.1101
-------------------------------------
[Epoch : 20/40]
Src_cls_loss	: 0.1064
-------------------------------------
[Epoch : 21/40]
Src_cls_loss	: 0.1030
-------------------------------------
[Epoch : 22/40]
Src_cls_loss	: 0.0998
-------------------------------------
[Epoch : 23/40]
Src_cls_loss	: 0.0969
-------------------------------------
[Epoch : 24/40]
Src_cls_loss	: 0.0939
-------------------------------------
[Epoch : 25/40]
Src_cls_loss	: 0.0914
-------------------------------------
[Epoch : 26/40]
Src_cls_loss	: 0.0891
-------------------------------------
[Epoch : 27/40]
Src_cls_loss	: 0.0867
-------------------------------------
[Epoch : 28/40]
Src_cls_loss	: 0.0847
-------------------------------------
[Epoch : 29/40]
Src_cls_loss	: 0.0828
-------------------------------------
[Epoch : 30/40]
Src_cls_loss	: 0.0809
-------------------------------------
[Epoch : 31/40]
Src_cls_loss	: 0.0793
-------------------------------------
[Epoch : 32/40]
Src_cls_loss	: 0.0775
-------------------------------------
[Epoch : 33/40]
Src_cls_loss	: 0.0758
-------------------------------------
[Epoch : 34/40]
Src_cls_loss	: 0.0742
-------------------------------------
[Epoch : 35/40]
Src_cls_loss	: 0.0726
-------------------------------------
[Epoch : 36/40]
Src_cls_loss	: 0.0713
-------------------------------------
[Epoch : 37/40]
Src_cls_loss	: 0.0699
-------------------------------------
[Epoch : 38/40]
Src_cls_loss	: 0.0691
-------------------------------------
[Epoch : 39/40]
Src_cls_loss	: 0.0682
-------------------------------------
[Epoch : 40/40]
Src_cls_loss	: 0.0670
-------------------------------------
