=============================================
Dataset: realworld_mobiact
Method:  NO_ADAPT
=============================================
Source: syn_63 ---> Target: real_63
Run ID: 0
=============================================
[Epoch : 1/100]
Src_cls_loss	: 1.4254
-------------------------------------
[Epoch : 2/100]
Src_cls_loss	: 1.2913
-------------------------------------
[Epoch : 3/100]
Src_cls_loss	: 1.1983
-------------------------------------
[Epoch : 4/100]
Src_cls_loss	: 1.1270
-------------------------------------
[Epoch : 5/100]
Src_cls_loss	: 1.0657
-------------------------------------
[Epoch : 6/100]
Src_cls_loss	: 1.0139
-------------------------------------
[Epoch : 7/100]
Src_cls_loss	: 0.9711
-------------------------------------
[Epoch : 8/100]
Src_cls_loss	: 0.9368
-------------------------------------
[Epoch : 9/100]
Src_cls_loss	: 0.9030
-------------------------------------
[Epoch : 10/100]
Src_cls_loss	: 0.8729
-------------------------------------
[Epoch : 11/100]
Src_cls_loss	: 0.8457
-------------------------------------
[Epoch : 12/100]
Src_cls_loss	: 0.8186
-------------------------------------
[Epoch : 13/100]
Src_cls_loss	: 0.7927
-------------------------------------
[Epoch : 14/100]
Src_cls_loss	: 0.7688
-------------------------------------
[Epoch : 15/100]
Src_cls_loss	: 0.7453
-------------------------------------
[Epoch : 16/100]
Src_cls_loss	: 0.7230
-------------------------------------
[Epoch : 17/100]
Src_cls_loss	: 0.7013
-------------------------------------
[Epoch : 18/100]
Src_cls_loss	: 0.6812
-------------------------------------
[Epoch : 19/100]
Src_cls_loss	: 0.6621
-------------------------------------
[Epoch : 20/100]
Src_cls_loss	: 0.6426
-------------------------------------
[Epoch : 21/100]
Src_cls_loss	: 0.6243
-------------------------------------
[Epoch : 22/100]
Src_cls_loss	: 0.6059
-------------------------------------
[Epoch : 23/100]
Src_cls_loss	: 0.5883
-------------------------------------
[Epoch : 24/100]
Src_cls_loss	: 0.5716
-------------------------------------
[Epoch : 25/100]
Src_cls_loss	: 0.5553
-------------------------------------
[Epoch : 26/100]
Src_cls_loss	: 0.5403
-------------------------------------
[Epoch : 27/100]
Src_cls_loss	: 0.5254
-------------------------------------
[Epoch : 28/100]
Src_cls_loss	: 0.5108
-------------------------------------
[Epoch : 29/100]
Src_cls_loss	: 0.4972
-------------------------------------
[Epoch : 30/100]
Src_cls_loss	: 0.4841
-------------------------------------
[Epoch : 31/100]
Src_cls_loss	: 0.4714
-------------------------------------
[Epoch : 32/100]
Src_cls_loss	: 0.4592
-------------------------------------
[Epoch : 33/100]
Src_cls_loss	: 0.4476
-------------------------------------
[Epoch : 34/100]
Src_cls_loss	: 0.4364
-------------------------------------
[Epoch : 35/100]
Src_cls_loss	: 0.4257
-------------------------------------
[Epoch : 36/100]
Src_cls_loss	: 0.4155
-------------------------------------
[Epoch : 37/100]
Src_cls_loss	: 0.4056
-------------------------------------
[Epoch : 38/100]
Src_cls_loss	: 0.3963
-------------------------------------
[Epoch : 39/100]
Src_cls_loss	: 0.3873
-------------------------------------
[Epoch : 40/100]
Src_cls_loss	: 0.3787
-------------------------------------
[Epoch : 41/100]
Src_cls_loss	: 0.3705
-------------------------------------
[Epoch : 42/100]
Src_cls_loss	: 0.3625
-------------------------------------
[Epoch : 43/100]
Src_cls_loss	: 0.3549
-------------------------------------
[Epoch : 44/100]
Src_cls_loss	: 0.3476
-------------------------------------
[Epoch : 45/100]
Src_cls_loss	: 0.3405
-------------------------------------
[Epoch : 46/100]
Src_cls_loss	: 0.3337
-------------------------------------
[Epoch : 47/100]
Src_cls_loss	: 0.3273
-------------------------------------
[Epoch : 48/100]
Src_cls_loss	: 0.3210
-------------------------------------
[Epoch : 49/100]
Src_cls_loss	: 0.3150
-------------------------------------
[Epoch : 50/100]
Src_cls_loss	: 0.3092
-------------------------------------
[Epoch : 51/100]
Src_cls_loss	: 0.3036
-------------------------------------
[Epoch : 52/100]
Src_cls_loss	: 0.2982
-------------------------------------
[Epoch : 53/100]
Src_cls_loss	: 0.2930
-------------------------------------
[Epoch : 54/100]
Src_cls_loss	: 0.2880
-------------------------------------
[Epoch : 55/100]
Src_cls_loss	: 0.2832
-------------------------------------
[Epoch : 56/100]
Src_cls_loss	: 0.2784
-------------------------------------
[Epoch : 57/100]
Src_cls_loss	: 0.2739
-------------------------------------
[Epoch : 58/100]
Src_cls_loss	: 0.2695
-------------------------------------
[Epoch : 59/100]
Src_cls_loss	: 0.2652
-------------------------------------
[Epoch : 60/100]
Src_cls_loss	: 0.2610
-------------------------------------
[Epoch : 61/100]
Src_cls_loss	: 0.2570
-------------------------------------
[Epoch : 62/100]
Src_cls_loss	: 0.2531
-------------------------------------
[Epoch : 63/100]
Src_cls_loss	: 0.2493
-------------------------------------
[Epoch : 64/100]
Src_cls_loss	: 0.2457
-------------------------------------
[Epoch : 65/100]
Src_cls_loss	: 0.2421
-------------------------------------
[Epoch : 66/100]
Src_cls_loss	: 0.2386
-------------------------------------
[Epoch : 67/100]
Src_cls_loss	: 0.2352
-------------------------------------
[Epoch : 68/100]
Src_cls_loss	: 0.2319
-------------------------------------
[Epoch : 69/100]
Src_cls_loss	: 0.2288
-------------------------------------
[Epoch : 70/100]
Src_cls_loss	: 0.2257
-------------------------------------
[Epoch : 71/100]
Src_cls_loss	: 0.2227
-------------------------------------
[Epoch : 72/100]
Src_cls_loss	: 0.2197
-------------------------------------
[Epoch : 73/100]
Src_cls_loss	: 0.2169
-------------------------------------
[Epoch : 74/100]
Src_cls_loss	: 0.2141
-------------------------------------
[Epoch : 75/100]
Src_cls_loss	: 0.2113
-------------------------------------
[Epoch : 76/100]
Src_cls_loss	: 0.2087
-------------------------------------
[Epoch : 77/100]
Src_cls_loss	: 0.2061
-------------------------------------
[Epoch : 78/100]
Src_cls_loss	: 0.2035
-------------------------------------
[Epoch : 79/100]
Src_cls_loss	: 0.2011
-------------------------------------
[Epoch : 80/100]
Src_cls_loss	: 0.1986
-------------------------------------
[Epoch : 81/100]
Src_cls_loss	: 0.1963
-------------------------------------
[Epoch : 82/100]
Src_cls_loss	: 0.1940
-------------------------------------
[Epoch : 83/100]
Src_cls_loss	: 0.1918
-------------------------------------
[Epoch : 84/100]
Src_cls_loss	: 0.1896
-------------------------------------
[Epoch : 85/100]
Src_cls_loss	: 0.1874
-------------------------------------
[Epoch : 86/100]
Src_cls_loss	: 0.1854
-------------------------------------
[Epoch : 87/100]
Src_cls_loss	: 0.1833
-------------------------------------
[Epoch : 88/100]
Src_cls_loss	: 0.1813
-------------------------------------
[Epoch : 89/100]
Src_cls_loss	: 0.1793
-------------------------------------
[Epoch : 90/100]
Src_cls_loss	: 0.1774
-------------------------------------
[Epoch : 91/100]
Src_cls_loss	: 0.1755
-------------------------------------
[Epoch : 92/100]
Src_cls_loss	: 0.1737
-------------------------------------
[Epoch : 93/100]
Src_cls_loss	: 0.1719
-------------------------------------
[Epoch : 94/100]
Src_cls_loss	: 0.1701
-------------------------------------
[Epoch : 95/100]
Src_cls_loss	: 0.1684
-------------------------------------
[Epoch : 96/100]
Src_cls_loss	: 0.1667
-------------------------------------
[Epoch : 97/100]
Src_cls_loss	: 0.1651
-------------------------------------
[Epoch : 98/100]
Src_cls_loss	: 0.1634
-------------------------------------
[Epoch : 99/100]
Src_cls_loss	: 0.1618
-------------------------------------
[Epoch : 100/100]
Src_cls_loss	: 0.1603
-------------------------------------
