=============================================
Dataset: pamap_mobiact
Method:  NO_ADAPT
=============================================
Source: syn_33 ---> Target: dp_33
Run ID: 4
=============================================
[Epoch : 1/40]
Src_cls_loss	: 0.7108
-------------------------------------
[Epoch : 2/40]
Src_cls_loss	: 0.6032
-------------------------------------
[Epoch : 3/40]
Src_cls_loss	: 0.5134
-------------------------------------
[Epoch : 4/40]
Src_cls_loss	: 0.4457
-------------------------------------
[Epoch : 5/40]
Src_cls_loss	: 0.3915
-------------------------------------
[Epoch : 6/40]
Src_cls_loss	: 0.3506
-------------------------------------
[Epoch : 7/40]
Src_cls_loss	: 0.3200
-------------------------------------
[Epoch : 8/40]
Src_cls_loss	: 0.2933
-------------------------------------
[Epoch : 9/40]
Src_cls_loss	: 0.2712
-------------------------------------
[Epoch : 10/40]
Src_cls_loss	: 0.2516
-------------------------------------
[Epoch : 11/40]
Src_cls_loss	: 0.2354
-------------------------------------
[Epoch : 12/40]
Src_cls_loss	: 0.2209
-------------------------------------
[Epoch : 13/40]
Src_cls_loss	: 0.2078
-------------------------------------
[Epoch : 14/40]
Src_cls_loss	: 0.1980
-------------------------------------
[Epoch : 15/40]
Src_cls_loss	: 0.1885
-------------------------------------
[Epoch : 16/40]
Src_cls_loss	: 0.1803
-------------------------------------
[Epoch : 17/40]
Src_cls_loss	: 0.1728
-------------------------------------
[Epoch : 18/40]
Src_cls_loss	: 0.1654
-------------------------------------
[Epoch : 19/40]
Src_cls_loss	: 0.1590
-------------------------------------
[Epoch : 20/40]
Src_cls_loss	: 0.1528
-------------------------------------
[Epoch : 21/40]
Src_cls_loss	: 0.1469
-------------------------------------
[Epoch : 22/40]
Src_cls_loss	: 0.1418
-------------------------------------
[Epoch : 23/40]
Src_cls_loss	: 0.1380
-------------------------------------
[Epoch : 24/40]
Src_cls_loss	: 0.1343
-------------------------------------
[Epoch : 25/40]
Src_cls_loss	: 0.1309
-------------------------------------
[Epoch : 26/40]
Src_cls_loss	: 0.1276
-------------------------------------
[Epoch : 27/40]
Src_cls_loss	: 0.1239
-------------------------------------
[Epoch : 28/40]
Src_cls_loss	: 0.1205
-------------------------------------
[Epoch : 29/40]
Src_cls_loss	: 0.1171
-------------------------------------
[Epoch : 30/40]
Src_cls_loss	: 0.1143
-------------------------------------
[Epoch : 31/40]
Src_cls_loss	: 0.1117
-------------------------------------
[Epoch : 32/40]
Src_cls_loss	: 0.1088
-------------------------------------
[Epoch : 33/40]
Src_cls_loss	: 0.1064
-------------------------------------
[Epoch : 34/40]
Src_cls_loss	: 0.1037
-------------------------------------
[Epoch : 35/40]
Src_cls_loss	: 0.1013
-------------------------------------
[Epoch : 36/40]
Src_cls_loss	: 0.0990
-------------------------------------
[Epoch : 37/40]
Src_cls_loss	: 0.0969
-------------------------------------
[Epoch : 38/40]
Src_cls_loss	: 0.0950
-------------------------------------
[Epoch : 39/40]
Src_cls_loss	: 0.0931
-------------------------------------
[Epoch : 40/40]
Src_cls_loss	: 0.0912
-------------------------------------
