=============================================
Dataset: CWRU_OR_orthogonal
Method:  NO_ADAPT
=============================================
Source: 0 ---> Target: 5
Run ID: 1
=============================================
[Epoch : 1/40]
Src_cls_loss	: 0.1177
-------------------------------------
[Epoch : 2/40]
Src_cls_loss	: 0.0631
-------------------------------------
[Epoch : 3/40]
Src_cls_loss	: 0.0440
-------------------------------------
[Epoch : 4/40]
Src_cls_loss	: 0.0336
-------------------------------------
[Epoch : 5/40]
Src_cls_loss	: 0.0276
-------------------------------------
[Epoch : 6/40]
Src_cls_loss	: 0.0234
-------------------------------------
[Epoch : 7/40]
Src_cls_loss	: 0.0203
-------------------------------------
[Epoch : 8/40]
Src_cls_loss	: 0.0179
-------------------------------------
[Epoch : 9/40]
Src_cls_loss	: 0.0162
-------------------------------------
[Epoch : 10/40]
Src_cls_loss	: 0.0147
-------------------------------------
[Epoch : 11/40]
Src_cls_loss	: 0.0138
-------------------------------------
[Epoch : 12/40]
Src_cls_loss	: 0.0129
-------------------------------------
[Epoch : 13/40]
Src_cls_loss	: 0.0121
-------------------------------------
[Epoch : 14/40]
Src_cls_loss	: 0.0112
-------------------------------------
[Epoch : 15/40]
Src_cls_loss	: 0.0106
-------------------------------------
[Epoch : 16/40]
Src_cls_loss	: 0.0101
-------------------------------------
[Epoch : 17/40]
Src_cls_loss	: 0.0100
-------------------------------------
[Epoch : 18/40]
Src_cls_loss	: 0.0095
-------------------------------------
[Epoch : 19/40]
Src_cls_loss	: 0.0091
-------------------------------------
[Epoch : 20/40]
Src_cls_loss	: 0.0086
-------------------------------------
[Epoch : 21/40]
Src_cls_loss	: 0.0083
-------------------------------------
[Epoch : 22/40]
Src_cls_loss	: 0.0080
-------------------------------------
[Epoch : 23/40]
Src_cls_loss	: 0.0077
-------------------------------------
[Epoch : 24/40]
Src_cls_loss	: 0.0074
-------------------------------------
[Epoch : 25/40]
Src_cls_loss	: 0.0072
-------------------------------------
[Epoch : 26/40]
Src_cls_loss	: 0.0069
-------------------------------------
[Epoch : 27/40]
Src_cls_loss	: 0.0067
-------------------------------------
[Epoch : 28/40]
Src_cls_loss	: 0.0065
-------------------------------------
[Epoch : 29/40]
Src_cls_loss	: 0.0064
-------------------------------------
[Epoch : 30/40]
Src_cls_loss	: 0.0065
-------------------------------------
[Epoch : 31/40]
Src_cls_loss	: 0.0063
-------------------------------------
[Epoch : 32/40]
Src_cls_loss	: 0.0061
-------------------------------------
[Epoch : 33/40]
Src_cls_loss	: 0.0060
-------------------------------------
[Epoch : 34/40]
Src_cls_loss	: 0.0059
-------------------------------------
[Epoch : 35/40]
Src_cls_loss	: 0.0058
-------------------------------------
[Epoch : 36/40]
Src_cls_loss	: 0.0056
-------------------------------------
[Epoch : 37/40]
Src_cls_loss	: 0.0055
-------------------------------------
[Epoch : 38/40]
Src_cls_loss	: 0.0055
-------------------------------------
[Epoch : 39/40]
Src_cls_loss	: 0.0054
-------------------------------------
[Epoch : 40/40]
Src_cls_loss	: 0.0052
-------------------------------------
