=============================================
Dataset: realworld_mobiact
Method:  SYN
=============================================
Source: syn_wal_36 ---> Target: dp_wal_36
Run ID: 2
=============================================
[Epoch : 1/40]
Src_cls_loss	: 0.8269
-------------------------------------
[Epoch : 2/40]
Src_cls_loss	: 0.6602
-------------------------------------
[Epoch : 3/40]
Src_cls_loss	: 0.5186
-------------------------------------
[Epoch : 4/40]
Src_cls_loss	: 0.4250
-------------------------------------
[Epoch : 5/40]
Src_cls_loss	: 0.3575
-------------------------------------
[Epoch : 6/40]
Src_cls_loss	: 0.3080
-------------------------------------
[Epoch : 7/40]
Src_cls_loss	: 0.2720
-------------------------------------
[Epoch : 8/40]
Src_cls_loss	: 0.2420
-------------------------------------
[Epoch : 9/40]
Src_cls_loss	: 0.2187
-------------------------------------
[Epoch : 10/40]
Src_cls_loss	: 0.2000
-------------------------------------
[Epoch : 11/40]
Src_cls_loss	: 0.1836
-------------------------------------
[Epoch : 12/40]
Src_cls_loss	: 0.1706
-------------------------------------
[Epoch : 13/40]
Src_cls_loss	: 0.1597
-------------------------------------
[Epoch : 14/40]
Src_cls_loss	: 0.1493
-------------------------------------
[Epoch : 15/40]
Src_cls_loss	: 0.1403
-------------------------------------
[Epoch : 16/40]
Src_cls_loss	: 0.1323
-------------------------------------
[Epoch : 17/40]
Src_cls_loss	: 0.1249
-------------------------------------
[Epoch : 18/40]
Src_cls_loss	: 0.1186
-------------------------------------
[Epoch : 19/40]
Src_cls_loss	: 0.1128
-------------------------------------
[Epoch : 20/40]
Src_cls_loss	: 0.1076
-------------------------------------
[Epoch : 21/40]
Src_cls_loss	: 0.1030
-------------------------------------
[Epoch : 22/40]
Src_cls_loss	: 0.0986
-------------------------------------
[Epoch : 23/40]
Src_cls_loss	: 0.0946
-------------------------------------
[Epoch : 24/40]
Src_cls_loss	: 0.0908
-------------------------------------
[Epoch : 25/40]
Src_cls_loss	: 0.0874
-------------------------------------
[Epoch : 26/40]
Src_cls_loss	: 0.0843
-------------------------------------
[Epoch : 27/40]
Src_cls_loss	: 0.0815
-------------------------------------
[Epoch : 28/40]
Src_cls_loss	: 0.0795
-------------------------------------
[Epoch : 29/40]
Src_cls_loss	: 0.0770
-------------------------------------
[Epoch : 30/40]
Src_cls_loss	: 0.0747
-------------------------------------
[Epoch : 31/40]
Src_cls_loss	: 0.0725
-------------------------------------
[Epoch : 32/40]
Src_cls_loss	: 0.0705
-------------------------------------
[Epoch : 33/40]
Src_cls_loss	: 0.0686
-------------------------------------
[Epoch : 34/40]
Src_cls_loss	: 0.0667
-------------------------------------
[Epoch : 35/40]
Src_cls_loss	: 0.0649
-------------------------------------
[Epoch : 36/40]
Src_cls_loss	: 0.0633
-------------------------------------
[Epoch : 37/40]
Src_cls_loss	: 0.0617
-------------------------------------
[Epoch : 38/40]
Src_cls_loss	: 0.0601
-------------------------------------
[Epoch : 39/40]
Src_cls_loss	: 0.0586
-------------------------------------
[Epoch : 40/40]
Src_cls_loss	: 0.0572
-------------------------------------
