=============================================
Dataset: pamap_mobiact
Method:  NO_ADAPT
=============================================
Source: syn_19 ---> Target: dp_19
Run ID: 5
=============================================
[Epoch : 1/40]
Src_cls_loss	: 0.7079
-------------------------------------
[Epoch : 2/40]
Src_cls_loss	: 0.5571
-------------------------------------
[Epoch : 3/40]
Src_cls_loss	: 0.4622
-------------------------------------
[Epoch : 4/40]
Src_cls_loss	: 0.3969
-------------------------------------
[Epoch : 5/40]
Src_cls_loss	: 0.3497
-------------------------------------
[Epoch : 6/40]
Src_cls_loss	: 0.3096
-------------------------------------
[Epoch : 7/40]
Src_cls_loss	: 0.2773
-------------------------------------
[Epoch : 8/40]
Src_cls_loss	: 0.2509
-------------------------------------
[Epoch : 9/40]
Src_cls_loss	: 0.2295
-------------------------------------
[Epoch : 10/40]
Src_cls_loss	: 0.2119
-------------------------------------
[Epoch : 11/40]
Src_cls_loss	: 0.1994
-------------------------------------
[Epoch : 12/40]
Src_cls_loss	: 0.1873
-------------------------------------
[Epoch : 13/40]
Src_cls_loss	: 0.1773
-------------------------------------
[Epoch : 14/40]
Src_cls_loss	: 0.1673
-------------------------------------
[Epoch : 15/40]
Src_cls_loss	: 0.1579
-------------------------------------
[Epoch : 16/40]
Src_cls_loss	: 0.1500
-------------------------------------
[Epoch : 17/40]
Src_cls_loss	: 0.1429
-------------------------------------
[Epoch : 18/40]
Src_cls_loss	: 0.1366
-------------------------------------
[Epoch : 19/40]
Src_cls_loss	: 0.1304
-------------------------------------
[Epoch : 20/40]
Src_cls_loss	: 0.1261
-------------------------------------
[Epoch : 21/40]
Src_cls_loss	: 0.1216
-------------------------------------
[Epoch : 22/40]
Src_cls_loss	: 0.1170
-------------------------------------
[Epoch : 23/40]
Src_cls_loss	: 0.1129
-------------------------------------
[Epoch : 24/40]
Src_cls_loss	: 0.1088
-------------------------------------
[Epoch : 25/40]
Src_cls_loss	: 0.1049
-------------------------------------
[Epoch : 26/40]
Src_cls_loss	: 0.1012
-------------------------------------
[Epoch : 27/40]
Src_cls_loss	: 0.0982
-------------------------------------
[Epoch : 28/40]
Src_cls_loss	: 0.0960
-------------------------------------
[Epoch : 29/40]
Src_cls_loss	: 0.0932
-------------------------------------
[Epoch : 30/40]
Src_cls_loss	: 0.0906
-------------------------------------
[Epoch : 31/40]
Src_cls_loss	: 0.0881
-------------------------------------
[Epoch : 32/40]
Src_cls_loss	: 0.0855
-------------------------------------
[Epoch : 33/40]
Src_cls_loss	: 0.0832
-------------------------------------
[Epoch : 34/40]
Src_cls_loss	: 0.0809
-------------------------------------
[Epoch : 35/40]
Src_cls_loss	: 0.0788
-------------------------------------
[Epoch : 36/40]
Src_cls_loss	: 0.0770
-------------------------------------
[Epoch : 37/40]
Src_cls_loss	: 0.0751
-------------------------------------
[Epoch : 38/40]
Src_cls_loss	: 0.0733
-------------------------------------
[Epoch : 39/40]
Src_cls_loss	: 0.0717
-------------------------------------
[Epoch : 40/40]
Src_cls_loss	: 0.0700
-------------------------------------
