=============================================
Dataset: mobiact_pamap
Method:  SYN
=============================================
Source: syn_wal_63 ---> Target: dp_wal_63
Run ID: 9
=============================================
[Epoch : 1/40]
Src_cls_loss	: 0.6907
-------------------------------------
[Epoch : 2/40]
Src_cls_loss	: 0.5060
-------------------------------------
[Epoch : 3/40]
Src_cls_loss	: 0.4021
-------------------------------------
[Epoch : 4/40]
Src_cls_loss	: 0.3366
-------------------------------------
[Epoch : 5/40]
Src_cls_loss	: 0.2898
-------------------------------------
[Epoch : 6/40]
Src_cls_loss	: 0.2534
-------------------------------------
[Epoch : 7/40]
Src_cls_loss	: 0.2244
-------------------------------------
[Epoch : 8/40]
Src_cls_loss	: 0.2018
-------------------------------------
[Epoch : 9/40]
Src_cls_loss	: 0.1833
-------------------------------------
[Epoch : 10/40]
Src_cls_loss	: 0.1682
-------------------------------------
[Epoch : 11/40]
Src_cls_loss	: 0.1550
-------------------------------------
[Epoch : 12/40]
Src_cls_loss	: 0.1440
-------------------------------------
[Epoch : 13/40]
Src_cls_loss	: 0.1344
-------------------------------------
[Epoch : 14/40]
Src_cls_loss	: 0.1263
-------------------------------------
[Epoch : 15/40]
Src_cls_loss	: 0.1192
-------------------------------------
[Epoch : 16/40]
Src_cls_loss	: 0.1128
-------------------------------------
[Epoch : 17/40]
Src_cls_loss	: 0.1070
-------------------------------------
[Epoch : 18/40]
Src_cls_loss	: 0.1018
-------------------------------------
[Epoch : 19/40]
Src_cls_loss	: 0.0969
-------------------------------------
[Epoch : 20/40]
Src_cls_loss	: 0.0928
-------------------------------------
[Epoch : 21/40]
Src_cls_loss	: 0.0888
-------------------------------------
[Epoch : 22/40]
Src_cls_loss	: 0.0851
-------------------------------------
[Epoch : 23/40]
Src_cls_loss	: 0.0816
-------------------------------------
[Epoch : 24/40]
Src_cls_loss	: 0.0785
-------------------------------------
[Epoch : 25/40]
Src_cls_loss	: 0.0756
-------------------------------------
[Epoch : 26/40]
Src_cls_loss	: 0.0729
-------------------------------------
[Epoch : 27/40]
Src_cls_loss	: 0.0704
-------------------------------------
[Epoch : 28/40]
Src_cls_loss	: 0.0681
-------------------------------------
[Epoch : 29/40]
Src_cls_loss	: 0.0658
-------------------------------------
[Epoch : 30/40]
Src_cls_loss	: 0.0637
-------------------------------------
[Epoch : 31/40]
Src_cls_loss	: 0.0619
-------------------------------------
[Epoch : 32/40]
Src_cls_loss	: 0.0602
-------------------------------------
[Epoch : 33/40]
Src_cls_loss	: 0.0585
-------------------------------------
[Epoch : 34/40]
Src_cls_loss	: 0.0569
-------------------------------------
[Epoch : 35/40]
Src_cls_loss	: 0.0553
-------------------------------------
[Epoch : 36/40]
Src_cls_loss	: 0.0539
-------------------------------------
[Epoch : 37/40]
Src_cls_loss	: 0.0525
-------------------------------------
[Epoch : 38/40]
Src_cls_loss	: 0.0512
-------------------------------------
[Epoch : 39/40]
Src_cls_loss	: 0.0503
-------------------------------------
[Epoch : 40/40]
Src_cls_loss	: 0.0492
-------------------------------------
