=============================================
Dataset: pamap_mobiact
Method:  Deep_Coral
=============================================
Source: df ---> Target: dp_wal_58
Run ID: 0
=============================================
[Epoch : 1/40]
Total_loss	: 3.4214
Src_cls_loss	: 0.5128
coral_loss	: 0.0007
-------------------------------------
[Epoch : 2/40]
Total_loss	: 2.4419
Src_cls_loss	: 0.3659
coral_loss	: 0.0006
-------------------------------------
[Epoch : 3/40]
Total_loss	: 1.9755
Src_cls_loss	: 0.2958
coral_loss	: 0.0007
-------------------------------------
[Epoch : 4/40]
Total_loss	: 1.6788
Src_cls_loss	: 0.2513
coral_loss	: 0.0007
-------------------------------------
[Epoch : 5/40]
Total_loss	: 1.4715
Src_cls_loss	: 0.2202
coral_loss	: 0.0006
-------------------------------------
[Epoch : 6/40]
Total_loss	: 1.3289
Src_cls_loss	: 0.1988
coral_loss	: 0.0006
-------------------------------------
[Epoch : 7/40]
Total_loss	: 1.2253
Src_cls_loss	: 0.1832
coral_loss	: 0.0007
-------------------------------------
[Epoch : 8/40]
Total_loss	: 1.1227
Src_cls_loss	: 0.1678
coral_loss	: 0.0007
-------------------------------------
[Epoch : 9/40]
Total_loss	: 1.0470
Src_cls_loss	: 0.1565
coral_loss	: 0.0007
-------------------------------------
[Epoch : 10/40]
Total_loss	: 0.9736
Src_cls_loss	: 0.1455
coral_loss	: 0.0007
-------------------------------------
[Epoch : 11/40]
Total_loss	: 0.9147
Src_cls_loss	: 0.1366
coral_loss	: 0.0007
-------------------------------------
[Epoch : 12/40]
Total_loss	: 0.8647
Src_cls_loss	: 0.1291
coral_loss	: 0.0007
-------------------------------------
[Epoch : 13/40]
Total_loss	: 0.8238
Src_cls_loss	: 0.1230
coral_loss	: 0.0007
-------------------------------------
[Epoch : 14/40]
Total_loss	: 0.7856
Src_cls_loss	: 0.1172
coral_loss	: 0.0007
-------------------------------------
[Epoch : 15/40]
Total_loss	: 0.7560
Src_cls_loss	: 0.1128
coral_loss	: 0.0007
-------------------------------------
[Epoch : 16/40]
Total_loss	: 0.7210
Src_cls_loss	: 0.1075
coral_loss	: 0.0007
-------------------------------------
[Epoch : 17/40]
Total_loss	: 0.6952
Src_cls_loss	: 0.1037
coral_loss	: 0.0007
-------------------------------------
[Epoch : 18/40]
Total_loss	: 0.6692
Src_cls_loss	: 0.0998
coral_loss	: 0.0007
-------------------------------------
[Epoch : 19/40]
Total_loss	: 0.6433
Src_cls_loss	: 0.0959
coral_loss	: 0.0007
-------------------------------------
[Epoch : 20/40]
Total_loss	: 0.6193
Src_cls_loss	: 0.0923
coral_loss	: 0.0007
-------------------------------------
[Epoch : 21/40]
Total_loss	: 0.5966
Src_cls_loss	: 0.0889
coral_loss	: 0.0007
-------------------------------------
[Epoch : 22/40]
Total_loss	: 0.5793
Src_cls_loss	: 0.0863
coral_loss	: 0.0007
-------------------------------------
[Epoch : 23/40]
Total_loss	: 0.5603
Src_cls_loss	: 0.0834
coral_loss	: 0.0007
-------------------------------------
[Epoch : 24/40]
Total_loss	: 0.5456
Src_cls_loss	: 0.0812
coral_loss	: 0.0007
-------------------------------------
[Epoch : 25/40]
Total_loss	: 0.5292
Src_cls_loss	: 0.0788
coral_loss	: 0.0007
-------------------------------------
[Epoch : 26/40]
Total_loss	: 0.5132
Src_cls_loss	: 0.0764
coral_loss	: 0.0007
-------------------------------------
[Epoch : 27/40]
Total_loss	: 0.4985
Src_cls_loss	: 0.0742
coral_loss	: 0.0007
-------------------------------------
[Epoch : 28/40]
Total_loss	: 0.4860
Src_cls_loss	: 0.0723
coral_loss	: 0.0007
-------------------------------------
[Epoch : 29/40]
Total_loss	: 0.4745
Src_cls_loss	: 0.0705
coral_loss	: 0.0007
-------------------------------------
[Epoch : 30/40]
Total_loss	: 0.4618
Src_cls_loss	: 0.0687
coral_loss	: 0.0007
-------------------------------------
[Epoch : 31/40]
Total_loss	: 0.4521
Src_cls_loss	: 0.0672
coral_loss	: 0.0007
-------------------------------------
[Epoch : 32/40]
Total_loss	: 0.4424
Src_cls_loss	: 0.0657
coral_loss	: 0.0007
-------------------------------------
[Epoch : 33/40]
Total_loss	: 0.4337
Src_cls_loss	: 0.0644
coral_loss	: 0.0007
-------------------------------------
[Epoch : 34/40]
Total_loss	: 0.4249
Src_cls_loss	: 0.0631
coral_loss	: 0.0007
-------------------------------------
[Epoch : 35/40]
Total_loss	: 0.4153
Src_cls_loss	: 0.0617
coral_loss	: 0.0007
-------------------------------------
[Epoch : 36/40]
Total_loss	: 0.4081
Src_cls_loss	: 0.0606
coral_loss	: 0.0007
-------------------------------------
[Epoch : 37/40]
Total_loss	: 0.4023
Src_cls_loss	: 0.0597
coral_loss	: 0.0007
-------------------------------------
[Epoch : 38/40]
Total_loss	: 0.3946
Src_cls_loss	: 0.0586
coral_loss	: 0.0007
-------------------------------------
[Epoch : 39/40]
Total_loss	: 0.3870
Src_cls_loss	: 0.0574
coral_loss	: 0.0007
-------------------------------------
[Epoch : 40/40]
Total_loss	: 0.3814
Src_cls_loss	: 0.0566
coral_loss	: 0.0007
-------------------------------------
