=============================================
Dataset: realworld_mobiact
Method:  TARGET_ONLY
=============================================
Source: src ---> Target: trg
Run ID: 7
=============================================
[Epoch : 1/100]
Trg_cls_loss	: 0.6593
-------------------------------------
[Epoch : 2/100]
Trg_cls_loss	: 0.5170
-------------------------------------
[Epoch : 3/100]
Trg_cls_loss	: 0.4294
-------------------------------------
[Epoch : 4/100]
Trg_cls_loss	: 0.3673
-------------------------------------
[Epoch : 5/100]
Trg_cls_loss	: 0.3211
-------------------------------------
[Epoch : 6/100]
Trg_cls_loss	: 0.2845
-------------------------------------
[Epoch : 7/100]
Trg_cls_loss	: 0.2561
-------------------------------------
[Epoch : 8/100]
Trg_cls_loss	: 0.2328
-------------------------------------
[Epoch : 9/100]
Trg_cls_loss	: 0.2134
Src_cls_loss	: 0.0000
-------------------------------------
[Epoch : 10/100]
Trg_cls_loss	: 0.1971
Src_cls_loss	: 0.0000
-------------------------------------
[Epoch : 11/100]
Trg_cls_loss	: 0.1831
Src_cls_loss	: 0.0000
-------------------------------------
[Epoch : 12/100]
Trg_cls_loss	: 0.1709
Src_cls_loss	: 0.0000
-------------------------------------
[Epoch : 13/100]
Trg_cls_loss	: 0.1601
Src_cls_loss	: 0.0000
-------------------------------------
[Epoch : 14/100]
Trg_cls_loss	: 0.1506
Src_cls_loss	: 0.0000
-------------------------------------
[Epoch : 15/100]
Trg_cls_loss	: 0.1421
Src_cls_loss	: 0.0000
-------------------------------------
[Epoch : 16/100]
Trg_cls_loss	: 0.1345
Src_cls_loss	: 0.0000
-------------------------------------
[Epoch : 17/100]
Trg_cls_loss	: 0.1276
Src_cls_loss	: 0.0000
-------------------------------------
[Epoch : 18/100]
Trg_cls_loss	: 0.1213
Src_cls_loss	: 0.0000
-------------------------------------
[Epoch : 19/100]
Trg_cls_loss	: 0.1156
Src_cls_loss	: 0.0000
-------------------------------------
[Epoch : 20/100]
Trg_cls_loss	: 0.1105
Src_cls_loss	: 0.0000
-------------------------------------
[Epoch : 21/100]
Trg_cls_loss	: 0.1058
Src_cls_loss	: 0.0000
-------------------------------------
[Epoch : 22/100]
Trg_cls_loss	: 0.1015
Src_cls_loss	: 0.0000
-------------------------------------
[Epoch : 23/100]
Trg_cls_loss	: 0.0975
Src_cls_loss	: 0.0000
-------------------------------------
[Epoch : 24/100]
Trg_cls_loss	: 0.0937
Src_cls_loss	: 0.0000
-------------------------------------
[Epoch : 25/100]
Trg_cls_loss	: 0.0903
Src_cls_loss	: 0.0000
-------------------------------------
[Epoch : 26/100]
Trg_cls_loss	: 0.0870
Src_cls_loss	: 0.0000
-------------------------------------
[Epoch : 27/100]
Trg_cls_loss	: 0.0840
Src_cls_loss	: 0.0000
-------------------------------------
[Epoch : 28/100]
Trg_cls_loss	: 0.0813
Src_cls_loss	: 0.0000
-------------------------------------
[Epoch : 29/100]
Trg_cls_loss	: 0.0787
Src_cls_loss	: 0.0000
-------------------------------------
[Epoch : 30/100]
Trg_cls_loss	: 0.0762
Src_cls_loss	: 0.0000
-------------------------------------
[Epoch : 31/100]
Trg_cls_loss	: 0.0738
Src_cls_loss	: 0.0000
-------------------------------------
[Epoch : 32/100]
Trg_cls_loss	: 0.0717
Src_cls_loss	: 0.0000
-------------------------------------
[Epoch : 33/100]
Trg_cls_loss	: 0.0696
Src_cls_loss	: 0.0000
-------------------------------------
[Epoch : 34/100]
Trg_cls_loss	: 0.0677
Src_cls_loss	: 0.0000
-------------------------------------
[Epoch : 35/100]
Trg_cls_loss	: 0.0658
Src_cls_loss	: 0.0000
-------------------------------------
[Epoch : 36/100]
Trg_cls_loss	: 0.0641
Src_cls_loss	: 0.0000
-------------------------------------
[Epoch : 37/100]
Trg_cls_loss	: 0.0624
Src_cls_loss	: 0.0000
-------------------------------------
[Epoch : 38/100]
Trg_cls_loss	: 0.0609
Src_cls_loss	: 0.0000
-------------------------------------
[Epoch : 39/100]
Trg_cls_loss	: 0.0594
Src_cls_loss	: 0.0000
-------------------------------------
[Epoch : 40/100]
Trg_cls_loss	: 0.0580
Src_cls_loss	: 0.0000
-------------------------------------
[Epoch : 41/100]
Trg_cls_loss	: 0.0566
Src_cls_loss	: 0.0000
-------------------------------------
[Epoch : 42/100]
Trg_cls_loss	: 0.0553
Src_cls_loss	: 0.0000
-------------------------------------
[Epoch : 43/100]
Trg_cls_loss	: 0.0540
Src_cls_loss	: 0.0000
-------------------------------------
[Epoch : 44/100]
Trg_cls_loss	: 0.0528
Src_cls_loss	: 0.0000
-------------------------------------
[Epoch : 45/100]
Trg_cls_loss	: 0.0517
Src_cls_loss	: 0.0000
-------------------------------------
[Epoch : 46/100]
Trg_cls_loss	: 0.0506
Src_cls_loss	: 0.0000
-------------------------------------
[Epoch : 47/100]
Trg_cls_loss	: 0.0497
Src_cls_loss	: 0.0000
-------------------------------------
[Epoch : 48/100]
Trg_cls_loss	: 0.0487
Src_cls_loss	: 0.0000
-------------------------------------
[Epoch : 49/100]
Trg_cls_loss	: 0.0477
Src_cls_loss	: 0.0000
-------------------------------------
[Epoch : 50/100]
Trg_cls_loss	: 0.0468
Src_cls_loss	: 0.0000
-------------------------------------
[Epoch : 51/100]
Trg_cls_loss	: 0.0459
Src_cls_loss	: 0.0000
-------------------------------------
[Epoch : 52/100]
Trg_cls_loss	: 0.0450
Src_cls_loss	: 0.0000
-------------------------------------
[Epoch : 53/100]
Trg_cls_loss	: 0.0442
Src_cls_loss	: 0.0000
-------------------------------------
[Epoch : 54/100]
Trg_cls_loss	: 0.0434
Src_cls_loss	: 0.0000
-------------------------------------
[Epoch : 55/100]
Trg_cls_loss	: 0.0426
Src_cls_loss	: 0.0000
-------------------------------------
[Epoch : 56/100]
Trg_cls_loss	: 0.0419
Src_cls_loss	: 0.0000
-------------------------------------
[Epoch : 57/100]
Trg_cls_loss	: 0.0412
Src_cls_loss	: 0.0000
-------------------------------------
[Epoch : 58/100]
Trg_cls_loss	: 0.0406
Src_cls_loss	: 0.0000
-------------------------------------
[Epoch : 59/100]
Trg_cls_loss	: 0.0399
Src_cls_loss	: 0.0000
-------------------------------------
[Epoch : 60/100]
Trg_cls_loss	: 0.0393
Src_cls_loss	: 0.0000
-------------------------------------
[Epoch : 61/100]
Trg_cls_loss	: 0.0386
Src_cls_loss	: 0.0000
-------------------------------------
[Epoch : 62/100]
Trg_cls_loss	: 0.0380
Src_cls_loss	: 0.0000
-------------------------------------
[Epoch : 63/100]
Trg_cls_loss	: 0.0374
Src_cls_loss	: 0.0000
-------------------------------------
[Epoch : 64/100]
Trg_cls_loss	: 0.0368
Src_cls_loss	: 0.0000
-------------------------------------
[Epoch : 65/100]
Trg_cls_loss	: 0.0363
Src_cls_loss	: 0.0000
-------------------------------------
[Epoch : 66/100]
Trg_cls_loss	: 0.0357
Src_cls_loss	: 0.0000
-------------------------------------
[Epoch : 67/100]
Trg_cls_loss	: 0.0352
Src_cls_loss	: 0.0000
-------------------------------------
[Epoch : 68/100]
Trg_cls_loss	: 0.0347
Src_cls_loss	: 0.0000
-------------------------------------
[Epoch : 69/100]
Trg_cls_loss	: 0.0342
Src_cls_loss	: 0.0000
-------------------------------------
[Epoch : 70/100]
Trg_cls_loss	: 0.0337
Src_cls_loss	: 0.0000
-------------------------------------
[Epoch : 71/100]
Trg_cls_loss	: 0.0332
Src_cls_loss	: 0.0000
-------------------------------------
[Epoch : 72/100]
Trg_cls_loss	: 0.0328
Src_cls_loss	: 0.0000
-------------------------------------
[Epoch : 73/100]
Trg_cls_loss	: 0.0324
Src_cls_loss	: 0.0000
-------------------------------------
[Epoch : 74/100]
Trg_cls_loss	: 0.0320
Src_cls_loss	: 0.0000
-------------------------------------
[Epoch : 75/100]
Trg_cls_loss	: 0.0315
Src_cls_loss	: 0.0000
-------------------------------------
[Epoch : 76/100]
Trg_cls_loss	: 0.0311
Src_cls_loss	: 0.0000
-------------------------------------
[Epoch : 77/100]
Trg_cls_loss	: 0.0307
Src_cls_loss	: 0.0000
-------------------------------------
[Epoch : 78/100]
Trg_cls_loss	: 0.0303
Src_cls_loss	: 0.0000
-------------------------------------
[Epoch : 79/100]
Trg_cls_loss	: 0.0300
Src_cls_loss	: 0.0000
-------------------------------------
[Epoch : 80/100]
Trg_cls_loss	: 0.0296
Src_cls_loss	: 0.0000
-------------------------------------
[Epoch : 81/100]
Trg_cls_loss	: 0.0293
Src_cls_loss	: 0.0000
-------------------------------------
[Epoch : 82/100]
Trg_cls_loss	: 0.0289
Src_cls_loss	: 0.0000
-------------------------------------
[Epoch : 83/100]
Trg_cls_loss	: 0.0286
Src_cls_loss	: 0.0000
-------------------------------------
[Epoch : 84/100]
Trg_cls_loss	: 0.0283
Src_cls_loss	: 0.0000
-------------------------------------
[Epoch : 85/100]
Trg_cls_loss	: 0.0279
Src_cls_loss	: 0.0000
-------------------------------------
[Epoch : 86/100]
Trg_cls_loss	: 0.0276
Src_cls_loss	: 0.0000
-------------------------------------
[Epoch : 87/100]
Trg_cls_loss	: 0.0273
Src_cls_loss	: 0.0000
-------------------------------------
[Epoch : 88/100]
Trg_cls_loss	: 0.0270
Src_cls_loss	: 0.0000
-------------------------------------
[Epoch : 89/100]
Trg_cls_loss	: 0.0267
Src_cls_loss	: 0.0000
-------------------------------------
[Epoch : 90/100]
Trg_cls_loss	: 0.0264
Src_cls_loss	: 0.0000
-------------------------------------
[Epoch : 91/100]
Trg_cls_loss	: 0.0261
Src_cls_loss	: 0.0000
-------------------------------------
[Epoch : 92/100]
Trg_cls_loss	: 0.0258
Src_cls_loss	: 0.0000
-------------------------------------
[Epoch : 93/100]
Trg_cls_loss	: 0.0256
Src_cls_loss	: 0.0000
-------------------------------------
[Epoch : 94/100]
Trg_cls_loss	: 0.0253
Src_cls_loss	: 0.0000
-------------------------------------
[Epoch : 95/100]
Trg_cls_loss	: 0.0250
Src_cls_loss	: 0.0000
-------------------------------------
[Epoch : 96/100]
Trg_cls_loss	: 0.0248
Src_cls_loss	: 0.0000
-------------------------------------
[Epoch : 97/100]
Trg_cls_loss	: 0.0245
Src_cls_loss	: 0.0000
-------------------------------------
[Epoch : 98/100]
Trg_cls_loss	: 0.0243
Src_cls_loss	: 0.0000
-------------------------------------
[Epoch : 99/100]
Trg_cls_loss	: 0.0240
Src_cls_loss	: 0.0000
-------------------------------------
[Epoch : 100/100]
Trg_cls_loss	: 0.0238
Src_cls_loss	: 0.0000
-------------------------------------
