=============================================
Dataset: pamap_realworld
Method:  NO_ADAPT
=============================================
Source: syn_19 ---> Target: dp_19
Run ID: 5
=============================================
[Epoch : 1/40]
Src_cls_loss	: 0.5318
-------------------------------------
[Epoch : 2/40]
Src_cls_loss	: 0.3854
-------------------------------------
[Epoch : 3/40]
Src_cls_loss	: 0.3118
-------------------------------------
[Epoch : 4/40]
Src_cls_loss	: 0.2619
-------------------------------------
[Epoch : 5/40]
Src_cls_loss	: 0.2284
-------------------------------------
[Epoch : 6/40]
Src_cls_loss	: 0.2034
-------------------------------------
[Epoch : 7/40]
Src_cls_loss	: 0.1838
-------------------------------------
[Epoch : 8/40]
Src_cls_loss	: 0.1696
-------------------------------------
[Epoch : 9/40]
Src_cls_loss	: 0.1563
-------------------------------------
[Epoch : 10/40]
Src_cls_loss	: 0.1452
-------------------------------------
[Epoch : 11/40]
Src_cls_loss	: 0.1356
-------------------------------------
[Epoch : 12/40]
Src_cls_loss	: 0.1282
-------------------------------------
[Epoch : 13/40]
Src_cls_loss	: 0.1221
-------------------------------------
[Epoch : 14/40]
Src_cls_loss	: 0.1161
-------------------------------------
[Epoch : 15/40]
Src_cls_loss	: 0.1115
-------------------------------------
[Epoch : 16/40]
Src_cls_loss	: 0.1069
-------------------------------------
[Epoch : 17/40]
Src_cls_loss	: 0.1025
-------------------------------------
[Epoch : 18/40]
Src_cls_loss	: 0.0987
-------------------------------------
[Epoch : 19/40]
Src_cls_loss	: 0.0947
-------------------------------------
[Epoch : 20/40]
Src_cls_loss	: 0.0920
-------------------------------------
[Epoch : 21/40]
Src_cls_loss	: 0.0896
-------------------------------------
[Epoch : 22/40]
Src_cls_loss	: 0.0871
-------------------------------------
[Epoch : 23/40]
Src_cls_loss	: 0.0843
-------------------------------------
[Epoch : 24/40]
Src_cls_loss	: 0.0815
-------------------------------------
[Epoch : 25/40]
Src_cls_loss	: 0.0792
-------------------------------------
[Epoch : 26/40]
Src_cls_loss	: 0.0772
-------------------------------------
[Epoch : 27/40]
Src_cls_loss	: 0.0750
-------------------------------------
[Epoch : 28/40]
Src_cls_loss	: 0.0734
-------------------------------------
[Epoch : 29/40]
Src_cls_loss	: 0.0715
-------------------------------------
[Epoch : 30/40]
Src_cls_loss	: 0.0698
-------------------------------------
[Epoch : 31/40]
Src_cls_loss	: 0.0680
-------------------------------------
[Epoch : 32/40]
Src_cls_loss	: 0.0666
-------------------------------------
[Epoch : 33/40]
Src_cls_loss	: 0.0655
-------------------------------------
[Epoch : 34/40]
Src_cls_loss	: 0.0642
-------------------------------------
[Epoch : 35/40]
Src_cls_loss	: 0.0633
-------------------------------------
[Epoch : 36/40]
Src_cls_loss	: 0.0621
-------------------------------------
[Epoch : 37/40]
Src_cls_loss	: 0.0608
-------------------------------------
[Epoch : 38/40]
Src_cls_loss	: 0.0597
-------------------------------------
[Epoch : 39/40]
Src_cls_loss	: 0.0587
-------------------------------------
[Epoch : 40/40]
Src_cls_loss	: 0.0576
-------------------------------------
