=============================================
Dataset: pamap_mobiact
Method:  SYN
=============================================
Source: syn_wal_20 ---> Target: dp_wal_20
Run ID: 3
=============================================
[Epoch : 1/40]
Src_cls_loss	: 0.5100
-------------------------------------
[Epoch : 2/40]
Src_cls_loss	: 0.3605
-------------------------------------
[Epoch : 3/40]
Src_cls_loss	: 0.2813
-------------------------------------
[Epoch : 4/40]
Src_cls_loss	: 0.2310
-------------------------------------
[Epoch : 5/40]
Src_cls_loss	: 0.1985
-------------------------------------
[Epoch : 6/40]
Src_cls_loss	: 0.1729
-------------------------------------
[Epoch : 7/40]
Src_cls_loss	: 0.1540
-------------------------------------
[Epoch : 8/40]
Src_cls_loss	: 0.1388
-------------------------------------
[Epoch : 9/40]
Src_cls_loss	: 0.1263
-------------------------------------
[Epoch : 10/40]
Src_cls_loss	: 0.1165
-------------------------------------
[Epoch : 11/40]
Src_cls_loss	: 0.1083
-------------------------------------
[Epoch : 12/40]
Src_cls_loss	: 0.1015
-------------------------------------
[Epoch : 13/40]
Src_cls_loss	: 0.0951
-------------------------------------
[Epoch : 14/40]
Src_cls_loss	: 0.0895
-------------------------------------
[Epoch : 15/40]
Src_cls_loss	: 0.0846
-------------------------------------
[Epoch : 16/40]
Src_cls_loss	: 0.0800
-------------------------------------
[Epoch : 17/40]
Src_cls_loss	: 0.0761
-------------------------------------
[Epoch : 18/40]
Src_cls_loss	: 0.0722
-------------------------------------
[Epoch : 19/40]
Src_cls_loss	: 0.0690
-------------------------------------
[Epoch : 20/40]
Src_cls_loss	: 0.0662
-------------------------------------
[Epoch : 21/40]
Src_cls_loss	: 0.0637
-------------------------------------
[Epoch : 22/40]
Src_cls_loss	: 0.0613
-------------------------------------
[Epoch : 23/40]
Src_cls_loss	: 0.0589
-------------------------------------
[Epoch : 24/40]
Src_cls_loss	: 0.0567
-------------------------------------
[Epoch : 25/40]
Src_cls_loss	: 0.0547
-------------------------------------
[Epoch : 26/40]
Src_cls_loss	: 0.0530
-------------------------------------
[Epoch : 27/40]
Src_cls_loss	: 0.0512
-------------------------------------
[Epoch : 28/40]
Src_cls_loss	: 0.0496
-------------------------------------
[Epoch : 29/40]
Src_cls_loss	: 0.0480
-------------------------------------
[Epoch : 30/40]
Src_cls_loss	: 0.0465
-------------------------------------
[Epoch : 31/40]
Src_cls_loss	: 0.0452
-------------------------------------
[Epoch : 32/40]
Src_cls_loss	: 0.0443
-------------------------------------
[Epoch : 33/40]
Src_cls_loss	: 0.0434
-------------------------------------
[Epoch : 34/40]
Src_cls_loss	: 0.0424
-------------------------------------
[Epoch : 35/40]
Src_cls_loss	: 0.0414
-------------------------------------
[Epoch : 36/40]
Src_cls_loss	: 0.0404
-------------------------------------
[Epoch : 37/40]
Src_cls_loss	: 0.0394
-------------------------------------
[Epoch : 38/40]
Src_cls_loss	: 0.0385
-------------------------------------
[Epoch : 39/40]
Src_cls_loss	: 0.0375
-------------------------------------
[Epoch : 40/40]
Src_cls_loss	: 0.0366
-------------------------------------
