=============================================
Dataset: realworld_mobiact
Method:  NO_ADAPT
=============================================
Source: syn_75 ---> Target: dp_75
Run ID: 2
=============================================
[Epoch : 1/40]
Src_cls_loss	: 0.8435
-------------------------------------
[Epoch : 2/40]
Src_cls_loss	: 0.6852
-------------------------------------
[Epoch : 3/40]
Src_cls_loss	: 0.5471
-------------------------------------
[Epoch : 4/40]
Src_cls_loss	: 0.4516
-------------------------------------
[Epoch : 5/40]
Src_cls_loss	: 0.3799
-------------------------------------
[Epoch : 6/40]
Src_cls_loss	: 0.3308
-------------------------------------
[Epoch : 7/40]
Src_cls_loss	: 0.2928
-------------------------------------
[Epoch : 8/40]
Src_cls_loss	: 0.2624
-------------------------------------
[Epoch : 9/40]
Src_cls_loss	: 0.2369
-------------------------------------
[Epoch : 10/40]
Src_cls_loss	: 0.2165
-------------------------------------
[Epoch : 11/40]
Src_cls_loss	: 0.1989
-------------------------------------
[Epoch : 12/40]
Src_cls_loss	: 0.1838
-------------------------------------
[Epoch : 13/40]
Src_cls_loss	: 0.1710
-------------------------------------
[Epoch : 14/40]
Src_cls_loss	: 0.1599
-------------------------------------
[Epoch : 15/40]
Src_cls_loss	: 0.1500
-------------------------------------
[Epoch : 16/40]
Src_cls_loss	: 0.1412
-------------------------------------
[Epoch : 17/40]
Src_cls_loss	: 0.1338
-------------------------------------
[Epoch : 18/40]
Src_cls_loss	: 0.1269
-------------------------------------
[Epoch : 19/40]
Src_cls_loss	: 0.1209
-------------------------------------
[Epoch : 20/40]
Src_cls_loss	: 0.1158
-------------------------------------
[Epoch : 21/40]
Src_cls_loss	: 0.1108
-------------------------------------
[Epoch : 22/40]
Src_cls_loss	: 0.1060
-------------------------------------
[Epoch : 23/40]
Src_cls_loss	: 0.1017
-------------------------------------
[Epoch : 24/40]
Src_cls_loss	: 0.0977
-------------------------------------
[Epoch : 25/40]
Src_cls_loss	: 0.0940
-------------------------------------
[Epoch : 26/40]
Src_cls_loss	: 0.0905
-------------------------------------
[Epoch : 27/40]
Src_cls_loss	: 0.0873
-------------------------------------
[Epoch : 28/40]
Src_cls_loss	: 0.0844
-------------------------------------
[Epoch : 29/40]
Src_cls_loss	: 0.0816
-------------------------------------
[Epoch : 30/40]
Src_cls_loss	: 0.0791
-------------------------------------
[Epoch : 31/40]
Src_cls_loss	: 0.0766
-------------------------------------
[Epoch : 32/40]
Src_cls_loss	: 0.0743
-------------------------------------
[Epoch : 33/40]
Src_cls_loss	: 0.0721
-------------------------------------
[Epoch : 34/40]
Src_cls_loss	: 0.0701
-------------------------------------
[Epoch : 35/40]
Src_cls_loss	: 0.0682
-------------------------------------
[Epoch : 36/40]
Src_cls_loss	: 0.0663
-------------------------------------
[Epoch : 37/40]
Src_cls_loss	: 0.0646
-------------------------------------
[Epoch : 38/40]
Src_cls_loss	: 0.0630
-------------------------------------
[Epoch : 39/40]
Src_cls_loss	: 0.0617
-------------------------------------
[Epoch : 40/40]
Src_cls_loss	: 0.0602
-------------------------------------
