=============================================
Dataset: pamap_mobiact
Method:  Deep_Coral
=============================================
Source: df ---> Target: dp_37
Run ID: 0
=============================================
[Epoch : 1/40]
Total_loss	: 3.4168
Src_cls_loss	: 0.5126
coral_loss	: 0.0002
-------------------------------------
[Epoch : 2/40]
Total_loss	: 2.4375
Src_cls_loss	: 0.3657
coral_loss	: 0.0002
-------------------------------------
[Epoch : 3/40]
Total_loss	: 1.9719
Src_cls_loss	: 0.2958
coral_loss	: 0.0002
-------------------------------------
[Epoch : 4/40]
Total_loss	: 1.6758
Src_cls_loss	: 0.2513
coral_loss	: 0.0002
-------------------------------------
[Epoch : 5/40]
Total_loss	: 1.4683
Src_cls_loss	: 0.2202
coral_loss	: 0.0002
-------------------------------------
[Epoch : 6/40]
Total_loss	: 1.3264
Src_cls_loss	: 0.1989
coral_loss	: 0.0002
-------------------------------------
[Epoch : 7/40]
Total_loss	: 1.2222
Src_cls_loss	: 0.1832
coral_loss	: 0.0002
-------------------------------------
[Epoch : 8/40]
Total_loss	: 1.1194
Src_cls_loss	: 0.1678
coral_loss	: 0.0002
-------------------------------------
[Epoch : 9/40]
Total_loss	: 1.0440
Src_cls_loss	: 0.1565
coral_loss	: 0.0002
-------------------------------------
[Epoch : 10/40]
Total_loss	: 0.9704
Src_cls_loss	: 0.1454
coral_loss	: 0.0002
-------------------------------------
[Epoch : 11/40]
Total_loss	: 0.9114
Src_cls_loss	: 0.1366
coral_loss	: 0.0002
-------------------------------------
[Epoch : 12/40]
Total_loss	: 0.8614
Src_cls_loss	: 0.1291
coral_loss	: 0.0002
-------------------------------------
[Epoch : 13/40]
Total_loss	: 0.8201
Src_cls_loss	: 0.1228
coral_loss	: 0.0002
-------------------------------------
[Epoch : 14/40]
Total_loss	: 0.7819
Src_cls_loss	: 0.1171
coral_loss	: 0.0002
-------------------------------------
[Epoch : 15/40]
Total_loss	: 0.7521
Src_cls_loss	: 0.1126
coral_loss	: 0.0002
-------------------------------------
[Epoch : 16/40]
Total_loss	: 0.7171
Src_cls_loss	: 0.1074
coral_loss	: 0.0002
-------------------------------------
[Epoch : 17/40]
Total_loss	: 0.6910
Src_cls_loss	: 0.1035
coral_loss	: 0.0002
-------------------------------------
[Epoch : 18/40]
Total_loss	: 0.6647
Src_cls_loss	: 0.0995
coral_loss	: 0.0002
-------------------------------------
[Epoch : 19/40]
Total_loss	: 0.6390
Src_cls_loss	: 0.0957
coral_loss	: 0.0002
-------------------------------------
[Epoch : 20/40]
Total_loss	: 0.6151
Src_cls_loss	: 0.0921
coral_loss	: 0.0002
-------------------------------------
[Epoch : 21/40]
Total_loss	: 0.5924
Src_cls_loss	: 0.0887
coral_loss	: 0.0002
-------------------------------------
[Epoch : 22/40]
Total_loss	: 0.5749
Src_cls_loss	: 0.0860
coral_loss	: 0.0002
-------------------------------------
[Epoch : 23/40]
Total_loss	: 0.5560
Src_cls_loss	: 0.0832
coral_loss	: 0.0002
-------------------------------------
[Epoch : 24/40]
Total_loss	: 0.5416
Src_cls_loss	: 0.0810
coral_loss	: 0.0002
-------------------------------------
[Epoch : 25/40]
Total_loss	: 0.5253
Src_cls_loss	: 0.0786
coral_loss	: 0.0002
-------------------------------------
[Epoch : 26/40]
Total_loss	: 0.5093
Src_cls_loss	: 0.0762
coral_loss	: 0.0002
-------------------------------------
[Epoch : 27/40]
Total_loss	: 0.4946
Src_cls_loss	: 0.0740
coral_loss	: 0.0002
-------------------------------------
[Epoch : 28/40]
Total_loss	: 0.4820
Src_cls_loss	: 0.0721
coral_loss	: 0.0003
-------------------------------------
[Epoch : 29/40]
Total_loss	: 0.4705
Src_cls_loss	: 0.0704
coral_loss	: 0.0003
-------------------------------------
[Epoch : 30/40]
Total_loss	: 0.4581
Src_cls_loss	: 0.0685
coral_loss	: 0.0003
-------------------------------------
[Epoch : 31/40]
Total_loss	: 0.4486
Src_cls_loss	: 0.0671
coral_loss	: 0.0003
-------------------------------------
[Epoch : 32/40]
Total_loss	: 0.4387
Src_cls_loss	: 0.0656
coral_loss	: 0.0003
-------------------------------------
[Epoch : 33/40]
Total_loss	: 0.4299
Src_cls_loss	: 0.0643
coral_loss	: 0.0003
-------------------------------------
[Epoch : 34/40]
Total_loss	: 0.4212
Src_cls_loss	: 0.0630
coral_loss	: 0.0003
-------------------------------------
[Epoch : 35/40]
Total_loss	: 0.4116
Src_cls_loss	: 0.0615
coral_loss	: 0.0003
-------------------------------------
[Epoch : 36/40]
Total_loss	: 0.4041
Src_cls_loss	: 0.0604
coral_loss	: 0.0003
-------------------------------------
[Epoch : 37/40]
Total_loss	: 0.3979
Src_cls_loss	: 0.0595
coral_loss	: 0.0003
-------------------------------------
[Epoch : 38/40]
Total_loss	: 0.3901
Src_cls_loss	: 0.0583
coral_loss	: 0.0003
-------------------------------------
[Epoch : 39/40]
Total_loss	: 0.3825
Src_cls_loss	: 0.0572
coral_loss	: 0.0003
-------------------------------------
[Epoch : 40/40]
Total_loss	: 0.3772
Src_cls_loss	: 0.0564
coral_loss	: 0.0003
-------------------------------------
