=============================================
Dataset: realworld_mobiact
Method:  SYN
=============================================
Source: syn_wal_21 ---> Target: dp_wal_21
Run ID: 1
=============================================
[Epoch : 1/40]
Src_cls_loss	: 0.8692
-------------------------------------
[Epoch : 2/40]
Src_cls_loss	: 0.7255
-------------------------------------
[Epoch : 3/40]
Src_cls_loss	: 0.5797
-------------------------------------
[Epoch : 4/40]
Src_cls_loss	: 0.4742
-------------------------------------
[Epoch : 5/40]
Src_cls_loss	: 0.4003
-------------------------------------
[Epoch : 6/40]
Src_cls_loss	: 0.3459
-------------------------------------
[Epoch : 7/40]
Src_cls_loss	: 0.3041
-------------------------------------
[Epoch : 8/40]
Src_cls_loss	: 0.2697
-------------------------------------
[Epoch : 9/40]
Src_cls_loss	: 0.2434
-------------------------------------
[Epoch : 10/40]
Src_cls_loss	: 0.2225
-------------------------------------
[Epoch : 11/40]
Src_cls_loss	: 0.2040
-------------------------------------
[Epoch : 12/40]
Src_cls_loss	: 0.1885
-------------------------------------
[Epoch : 13/40]
Src_cls_loss	: 0.1755
-------------------------------------
[Epoch : 14/40]
Src_cls_loss	: 0.1638
-------------------------------------
[Epoch : 15/40]
Src_cls_loss	: 0.1537
-------------------------------------
[Epoch : 16/40]
Src_cls_loss	: 0.1447
-------------------------------------
[Epoch : 17/40]
Src_cls_loss	: 0.1368
-------------------------------------
[Epoch : 18/40]
Src_cls_loss	: 0.1297
-------------------------------------
[Epoch : 19/40]
Src_cls_loss	: 0.1232
-------------------------------------
[Epoch : 20/40]
Src_cls_loss	: 0.1176
-------------------------------------
[Epoch : 21/40]
Src_cls_loss	: 0.1124
-------------------------------------
[Epoch : 22/40]
Src_cls_loss	: 0.1076
-------------------------------------
[Epoch : 23/40]
Src_cls_loss	: 0.1033
-------------------------------------
[Epoch : 24/40]
Src_cls_loss	: 0.0992
-------------------------------------
[Epoch : 25/40]
Src_cls_loss	: 0.0954
-------------------------------------
[Epoch : 26/40]
Src_cls_loss	: 0.0919
-------------------------------------
[Epoch : 27/40]
Src_cls_loss	: 0.0887
-------------------------------------
[Epoch : 28/40]
Src_cls_loss	: 0.0857
-------------------------------------
[Epoch : 29/40]
Src_cls_loss	: 0.0829
-------------------------------------
[Epoch : 30/40]
Src_cls_loss	: 0.0802
-------------------------------------
[Epoch : 31/40]
Src_cls_loss	: 0.0777
-------------------------------------
[Epoch : 32/40]
Src_cls_loss	: 0.0754
-------------------------------------
[Epoch : 33/40]
Src_cls_loss	: 0.0733
-------------------------------------
[Epoch : 34/40]
Src_cls_loss	: 0.0712
-------------------------------------
[Epoch : 35/40]
Src_cls_loss	: 0.0693
-------------------------------------
[Epoch : 36/40]
Src_cls_loss	: 0.0674
-------------------------------------
[Epoch : 37/40]
Src_cls_loss	: 0.0657
-------------------------------------
[Epoch : 38/40]
Src_cls_loss	: 0.0641
-------------------------------------
[Epoch : 39/40]
Src_cls_loss	: 0.0625
-------------------------------------
[Epoch : 40/40]
Src_cls_loss	: 0.0610
-------------------------------------
