=============================================
Dataset: realworld_mobiact
Method:  NO_ADAPT
=============================================
Source: syn_40 ---> Target: dp_40
Run ID: 8
=============================================
[Epoch : 1/40]
Src_cls_loss	: 0.8810
-------------------------------------
[Epoch : 2/40]
Src_cls_loss	: 0.7328
-------------------------------------
[Epoch : 3/40]
Src_cls_loss	: 0.6036
-------------------------------------
[Epoch : 4/40]
Src_cls_loss	: 0.5060
-------------------------------------
[Epoch : 5/40]
Src_cls_loss	: 0.4354
-------------------------------------
[Epoch : 6/40]
Src_cls_loss	: 0.3819
-------------------------------------
[Epoch : 7/40]
Src_cls_loss	: 0.3388
-------------------------------------
[Epoch : 8/40]
Src_cls_loss	: 0.3041
-------------------------------------
[Epoch : 9/40]
Src_cls_loss	: 0.2760
-------------------------------------
[Epoch : 10/40]
Src_cls_loss	: 0.2551
-------------------------------------
[Epoch : 11/40]
Src_cls_loss	: 0.2353
-------------------------------------
[Epoch : 12/40]
Src_cls_loss	: 0.2192
-------------------------------------
[Epoch : 13/40]
Src_cls_loss	: 0.2050
-------------------------------------
[Epoch : 14/40]
Src_cls_loss	: 0.1922
-------------------------------------
[Epoch : 15/40]
Src_cls_loss	: 0.1804
-------------------------------------
[Epoch : 16/40]
Src_cls_loss	: 0.1702
-------------------------------------
[Epoch : 17/40]
Src_cls_loss	: 0.1612
-------------------------------------
[Epoch : 18/40]
Src_cls_loss	: 0.1529
-------------------------------------
[Epoch : 19/40]
Src_cls_loss	: 0.1456
-------------------------------------
[Epoch : 20/40]
Src_cls_loss	: 0.1390
-------------------------------------
[Epoch : 21/40]
Src_cls_loss	: 0.1328
-------------------------------------
[Epoch : 22/40]
Src_cls_loss	: 0.1274
-------------------------------------
[Epoch : 23/40]
Src_cls_loss	: 0.1222
-------------------------------------
[Epoch : 24/40]
Src_cls_loss	: 0.1178
-------------------------------------
[Epoch : 25/40]
Src_cls_loss	: 0.1136
-------------------------------------
[Epoch : 26/40]
Src_cls_loss	: 0.1096
-------------------------------------
[Epoch : 27/40]
Src_cls_loss	: 0.1059
-------------------------------------
[Epoch : 28/40]
Src_cls_loss	: 0.1025
-------------------------------------
[Epoch : 29/40]
Src_cls_loss	: 0.0992
-------------------------------------
[Epoch : 30/40]
Src_cls_loss	: 0.0964
-------------------------------------
[Epoch : 31/40]
Src_cls_loss	: 0.0935
-------------------------------------
[Epoch : 32/40]
Src_cls_loss	: 0.0908
-------------------------------------
[Epoch : 33/40]
Src_cls_loss	: 0.0883
-------------------------------------
[Epoch : 34/40]
Src_cls_loss	: 0.0859
-------------------------------------
[Epoch : 35/40]
Src_cls_loss	: 0.0836
-------------------------------------
[Epoch : 36/40]
Src_cls_loss	: 0.0815
-------------------------------------
[Epoch : 37/40]
Src_cls_loss	: 0.0794
-------------------------------------
[Epoch : 38/40]
Src_cls_loss	: 0.0775
-------------------------------------
[Epoch : 39/40]
Src_cls_loss	: 0.0756
-------------------------------------
[Epoch : 40/40]
Src_cls_loss	: 0.0739
-------------------------------------
