=============================================
Dataset: pamap_mobiact
Method:  Deep_Coral
=============================================
Source: df ---> Target: dp_11
Run ID: 0
=============================================
[Epoch : 1/40]
Total_loss	: 3.4194
Src_cls_loss	: 0.5128
coral_loss	: 0.0004
-------------------------------------
[Epoch : 2/40]
Total_loss	: 2.4413
Src_cls_loss	: 0.3658
coral_loss	: 0.0006
-------------------------------------
[Epoch : 3/40]
Total_loss	: 1.9752
Src_cls_loss	: 0.2957
coral_loss	: 0.0007
-------------------------------------
[Epoch : 4/40]
Total_loss	: 1.6779
Src_cls_loss	: 0.2511
coral_loss	: 0.0007
-------------------------------------
[Epoch : 5/40]
Total_loss	: 1.4708
Src_cls_loss	: 0.2201
coral_loss	: 0.0007
-------------------------------------
[Epoch : 6/40]
Total_loss	: 1.3289
Src_cls_loss	: 0.1988
coral_loss	: 0.0007
-------------------------------------
[Epoch : 7/40]
Total_loss	: 1.2246
Src_cls_loss	: 0.1832
coral_loss	: 0.0006
-------------------------------------
[Epoch : 8/40]
Total_loss	: 1.1218
Src_cls_loss	: 0.1678
coral_loss	: 0.0006
-------------------------------------
[Epoch : 9/40]
Total_loss	: 1.0458
Src_cls_loss	: 0.1564
coral_loss	: 0.0006
-------------------------------------
[Epoch : 10/40]
Total_loss	: 0.9723
Src_cls_loss	: 0.1454
coral_loss	: 0.0006
-------------------------------------
[Epoch : 11/40]
Total_loss	: 0.9131
Src_cls_loss	: 0.1365
coral_loss	: 0.0006
-------------------------------------
[Epoch : 12/40]
Total_loss	: 0.8625
Src_cls_loss	: 0.1289
coral_loss	: 0.0006
-------------------------------------
[Epoch : 13/40]
Total_loss	: 0.8213
Src_cls_loss	: 0.1227
coral_loss	: 0.0006
-------------------------------------
[Epoch : 14/40]
Total_loss	: 0.7829
Src_cls_loss	: 0.1170
coral_loss	: 0.0005
-------------------------------------
[Epoch : 15/40]
Total_loss	: 0.7530
Src_cls_loss	: 0.1125
coral_loss	: 0.0005
-------------------------------------
[Epoch : 16/40]
Total_loss	: 0.7181
Src_cls_loss	: 0.1073
coral_loss	: 0.0005
-------------------------------------
[Epoch : 17/40]
Total_loss	: 0.6922
Src_cls_loss	: 0.1034
coral_loss	: 0.0005
-------------------------------------
[Epoch : 18/40]
Total_loss	: 0.6658
Src_cls_loss	: 0.0994
coral_loss	: 0.0005
-------------------------------------
[Epoch : 19/40]
Total_loss	: 0.6403
Src_cls_loss	: 0.0956
coral_loss	: 0.0005
-------------------------------------
[Epoch : 20/40]
Total_loss	: 0.6164
Src_cls_loss	: 0.0920
coral_loss	: 0.0005
-------------------------------------
[Epoch : 21/40]
Total_loss	: 0.5935
Src_cls_loss	: 0.0886
coral_loss	: 0.0005
-------------------------------------
[Epoch : 22/40]
Total_loss	: 0.5762
Src_cls_loss	: 0.0860
coral_loss	: 0.0005
-------------------------------------
[Epoch : 23/40]
Total_loss	: 0.5574
Src_cls_loss	: 0.0832
coral_loss	: 0.0005
-------------------------------------
[Epoch : 24/40]
Total_loss	: 0.5418
Src_cls_loss	: 0.0809
coral_loss	: 0.0005
-------------------------------------
[Epoch : 25/40]
Total_loss	: 0.5254
Src_cls_loss	: 0.0784
coral_loss	: 0.0005
-------------------------------------
[Epoch : 26/40]
Total_loss	: 0.5094
Src_cls_loss	: 0.0760
coral_loss	: 0.0005
-------------------------------------
[Epoch : 27/40]
Total_loss	: 0.4946
Src_cls_loss	: 0.0738
coral_loss	: 0.0005
-------------------------------------
[Epoch : 28/40]
Total_loss	: 0.4822
Src_cls_loss	: 0.0719
coral_loss	: 0.0005
-------------------------------------
[Epoch : 29/40]
Total_loss	: 0.4710
Src_cls_loss	: 0.0702
coral_loss	: 0.0005
-------------------------------------
[Epoch : 30/40]
Total_loss	: 0.4590
Src_cls_loss	: 0.0685
coral_loss	: 0.0005
-------------------------------------
[Epoch : 31/40]
Total_loss	: 0.4498
Src_cls_loss	: 0.0671
coral_loss	: 0.0004
-------------------------------------
[Epoch : 32/40]
Total_loss	: 0.4401
Src_cls_loss	: 0.0656
coral_loss	: 0.0004
-------------------------------------
[Epoch : 33/40]
Total_loss	: 0.4317
Src_cls_loss	: 0.0644
coral_loss	: 0.0004
-------------------------------------
[Epoch : 34/40]
Total_loss	: 0.4231
Src_cls_loss	: 0.0631
coral_loss	: 0.0004
-------------------------------------
[Epoch : 35/40]
Total_loss	: 0.4135
Src_cls_loss	: 0.0616
coral_loss	: 0.0004
-------------------------------------
[Epoch : 36/40]
Total_loss	: 0.4062
Src_cls_loss	: 0.0605
coral_loss	: 0.0004
-------------------------------------
[Epoch : 37/40]
Total_loss	: 0.3996
Src_cls_loss	: 0.0595
coral_loss	: 0.0004
-------------------------------------
[Epoch : 38/40]
Total_loss	: 0.3916
Src_cls_loss	: 0.0584
coral_loss	: 0.0004
-------------------------------------
[Epoch : 39/40]
Total_loss	: 0.3840
Src_cls_loss	: 0.0572
coral_loss	: 0.0004
-------------------------------------
[Epoch : 40/40]
Total_loss	: 0.3789
Src_cls_loss	: 0.0564
coral_loss	: 0.0004
-------------------------------------
