=============================================
Dataset: pamap_mobiact
Method:  DANN
=============================================
Source: df ---> Target: dp_14
Run ID: 0
=============================================
[Epoch : 1/40]
Total_loss	: 6.7703
Domain_loss	: 1.2880
Src_cls_loss	: 0.6477
-------------------------------------
[Epoch : 2/40]
Total_loss	: 6.4027
Domain_loss	: 1.2882
Src_cls_loss	: 0.5779
-------------------------------------
[Epoch : 3/40]
Total_loss	: 6.0890
Domain_loss	: 1.2655
Src_cls_loss	: 0.5296
-------------------------------------
[Epoch : 4/40]
Total_loss	: 5.9869
Domain_loss	: 1.2715
Src_cls_loss	: 0.5072
-------------------------------------
[Epoch : 5/40]
Total_loss	: 5.7893
Domain_loss	: 1.2561
Src_cls_loss	: 0.4774
-------------------------------------
[Epoch : 6/40]
Total_loss	: 5.7207
Domain_loss	: 1.2674
Src_cls_loss	: 0.4588
-------------------------------------
[Epoch : 7/40]
Total_loss	: 5.5883
Domain_loss	: 1.2625
Src_cls_loss	: 0.4361
-------------------------------------
[Epoch : 8/40]
Total_loss	: 5.4870
Domain_loss	: 1.2595
Src_cls_loss	: 0.4184
-------------------------------------
[Epoch : 9/40]
Total_loss	: 5.4073
Domain_loss	: 1.2604
Src_cls_loss	: 0.4028
-------------------------------------
[Epoch : 10/40]
Total_loss	: 5.3135
Domain_loss	: 1.2547
Src_cls_loss	: 0.3878
-------------------------------------
[Epoch : 11/40]
Total_loss	: 5.2880
Domain_loss	: 1.2624
Src_cls_loss	: 0.3792
-------------------------------------
[Epoch : 12/40]
Total_loss	: 5.2232
Domain_loss	: 1.2633
Src_cls_loss	: 0.3665
-------------------------------------
[Epoch : 13/40]
Total_loss	: 5.1837
Domain_loss	: 1.2657
Src_cls_loss	: 0.3578
-------------------------------------
[Epoch : 14/40]
Total_loss	: 5.1246
Domain_loss	: 1.2681
Src_cls_loss	: 0.3454
-------------------------------------
[Epoch : 15/40]
Total_loss	: 5.0877
Domain_loss	: 1.2682
Src_cls_loss	: 0.3383
-------------------------------------
[Epoch : 16/40]
Total_loss	: 5.0639
Domain_loss	: 1.2717
Src_cls_loss	: 0.3321
-------------------------------------
[Epoch : 17/40]
Total_loss	: 5.0294
Domain_loss	: 1.2741
Src_cls_loss	: 0.3244
-------------------------------------
[Epoch : 18/40]
Total_loss	: 4.9948
Domain_loss	: 1.2753
Src_cls_loss	: 0.3172
-------------------------------------
[Epoch : 19/40]
Total_loss	: 4.9624
Domain_loss	: 1.2763
Src_cls_loss	: 0.3106
-------------------------------------
[Epoch : 20/40]
Total_loss	: 4.9271
Domain_loss	: 1.2782
Src_cls_loss	: 0.3029
-------------------------------------
[Epoch : 21/40]
Total_loss	: 4.9075
Domain_loss	: 1.2815
Src_cls_loss	: 0.2976
-------------------------------------
[Epoch : 22/40]
Total_loss	: 4.8758
Domain_loss	: 1.2800
Src_cls_loss	: 0.2923
-------------------------------------
[Epoch : 23/40]
Total_loss	: 4.8546
Domain_loss	: 1.2812
Src_cls_loss	: 0.2877
-------------------------------------
[Epoch : 24/40]
Total_loss	: 4.8322
Domain_loss	: 1.2820
Src_cls_loss	: 0.2831
-------------------------------------
[Epoch : 25/40]
Total_loss	: 4.8135
Domain_loss	: 1.2827
Src_cls_loss	: 0.2792
-------------------------------------
[Epoch : 26/40]
Total_loss	: 4.7879
Domain_loss	: 1.2821
Src_cls_loss	: 0.2746
-------------------------------------
[Epoch : 27/40]
Total_loss	: 4.7680
Domain_loss	: 1.2824
Src_cls_loss	: 0.2707
-------------------------------------
[Epoch : 28/40]
Total_loss	: 4.7462
Domain_loss	: 1.2825
Src_cls_loss	: 0.2665
-------------------------------------
[Epoch : 29/40]
Total_loss	: 4.7342
Domain_loss	: 1.2843
Src_cls_loss	: 0.2633
-------------------------------------
[Epoch : 30/40]
Total_loss	: 4.7262
Domain_loss	: 1.2846
Src_cls_loss	: 0.2617
-------------------------------------
[Epoch : 31/40]
Total_loss	: 4.7074
Domain_loss	: 1.2841
Src_cls_loss	: 0.2583
-------------------------------------
[Epoch : 32/40]
Total_loss	: 4.6910
Domain_loss	: 1.2849
Src_cls_loss	: 0.2549
-------------------------------------
[Epoch : 33/40]
Total_loss	: 4.6780
Domain_loss	: 1.2859
Src_cls_loss	: 0.2519
-------------------------------------
[Epoch : 34/40]
Total_loss	: 4.6607
Domain_loss	: 1.2857
Src_cls_loss	: 0.2487
-------------------------------------
[Epoch : 35/40]
Total_loss	: 4.6522
Domain_loss	: 1.2864
Src_cls_loss	: 0.2468
-------------------------------------
[Epoch : 36/40]
Total_loss	: 4.6396
Domain_loss	: 1.2869
Src_cls_loss	: 0.2441
-------------------------------------
[Epoch : 37/40]
Total_loss	: 4.6227
Domain_loss	: 1.2860
Src_cls_loss	: 0.2413
-------------------------------------
[Epoch : 38/40]
Total_loss	: 4.6105
Domain_loss	: 1.2858
Src_cls_loss	: 0.2391
-------------------------------------
[Epoch : 39/40]
Total_loss	: 4.6025
Domain_loss	: 1.2856
Src_cls_loss	: 0.2377
-------------------------------------
[Epoch : 40/40]
Total_loss	: 4.5920
Domain_loss	: 1.2851
Src_cls_loss	: 0.2360
-------------------------------------
