=============================================
Dataset: mobiact_realworld
Method:  DSAN
=============================================
Source: df ---> Target: dp_70
Run ID: 0
=============================================
[Epoch : 1/40]
Total_loss	: 0.4631
LMMD_loss	: 0.8229
Src_cls_loss	: 0.2934
-------------------------------------
[Epoch : 2/40]
Total_loss	: 0.3459
LMMD_loss	: 0.7835
Src_cls_loss	: 0.2061
-------------------------------------
[Epoch : 3/40]
Total_loss	: 0.2893
LMMD_loss	: 0.7374
Src_cls_loss	: 0.1661
-------------------------------------
[Epoch : 4/40]
Total_loss	: 0.2525
LMMD_loss	: 0.6940
Src_cls_loss	: 0.1410
-------------------------------------
[Epoch : 5/40]
Total_loss	: 0.2286
LMMD_loss	: 0.6615
Src_cls_loss	: 0.1251
-------------------------------------
[Epoch : 6/40]
Total_loss	: 0.2090
LMMD_loss	: 0.6308
Src_cls_loss	: 0.1124
-------------------------------------
[Epoch : 7/40]
Total_loss	: 0.1936
LMMD_loss	: 0.6066
Src_cls_loss	: 0.1024
-------------------------------------
[Epoch : 8/40]
Total_loss	: 0.1818
LMMD_loss	: 0.5891
Src_cls_loss	: 0.0946
-------------------------------------
[Epoch : 9/40]
Total_loss	: 0.1727
LMMD_loss	: 0.5724
Src_cls_loss	: 0.0890
-------------------------------------
[Epoch : 10/40]
Total_loss	: 0.1647
LMMD_loss	: 0.5610
Src_cls_loss	: 0.0837
-------------------------------------
[Epoch : 11/40]
Total_loss	: 0.1590
LMMD_loss	: 0.5499
Src_cls_loss	: 0.0801
-------------------------------------
[Epoch : 12/40]
Total_loss	: 0.1527
LMMD_loss	: 0.5368
Src_cls_loss	: 0.0763
-------------------------------------
[Epoch : 13/40]
Total_loss	: 0.1476
LMMD_loss	: 0.5299
Src_cls_loss	: 0.0728
-------------------------------------
[Epoch : 14/40]
Total_loss	: 0.1421
LMMD_loss	: 0.5174
Src_cls_loss	: 0.0696
-------------------------------------
[Epoch : 15/40]
Total_loss	: 0.1383
LMMD_loss	: 0.5099
Src_cls_loss	: 0.0672
-------------------------------------
[Epoch : 16/40]
Total_loss	: 0.1352
LMMD_loss	: 0.5044
Src_cls_loss	: 0.0653
-------------------------------------
[Epoch : 17/40]
Total_loss	: 0.1316
LMMD_loss	: 0.4954
Src_cls_loss	: 0.0632
-------------------------------------
[Epoch : 18/40]
Total_loss	: 0.1289
LMMD_loss	: 0.4892
Src_cls_loss	: 0.0616
-------------------------------------
[Epoch : 19/40]
Total_loss	: 0.1260
LMMD_loss	: 0.4830
Src_cls_loss	: 0.0599
-------------------------------------
[Epoch : 20/40]
Total_loss	: 0.1230
LMMD_loss	: 0.4762
Src_cls_loss	: 0.0581
-------------------------------------
[Epoch : 21/40]
Total_loss	: 0.1204
LMMD_loss	: 0.4701
Src_cls_loss	: 0.0565
-------------------------------------
[Epoch : 22/40]
Total_loss	: 0.1183
LMMD_loss	: 0.4657
Src_cls_loss	: 0.0553
-------------------------------------
[Epoch : 23/40]
Total_loss	: 0.1161
LMMD_loss	: 0.4603
Src_cls_loss	: 0.0540
-------------------------------------
[Epoch : 24/40]
Total_loss	: 0.1139
LMMD_loss	: 0.4546
Src_cls_loss	: 0.0527
-------------------------------------
[Epoch : 25/40]
Total_loss	: 0.1120
LMMD_loss	: 0.4496
Src_cls_loss	: 0.0516
-------------------------------------
[Epoch : 26/40]
Total_loss	: 0.1102
LMMD_loss	: 0.4455
Src_cls_loss	: 0.0506
-------------------------------------
[Epoch : 27/40]
Total_loss	: 0.1085
LMMD_loss	: 0.4412
Src_cls_loss	: 0.0496
-------------------------------------
[Epoch : 28/40]
Total_loss	: 0.1072
LMMD_loss	: 0.4381
Src_cls_loss	: 0.0488
-------------------------------------
[Epoch : 29/40]
Total_loss	: 0.1057
LMMD_loss	: 0.4349
Src_cls_loss	: 0.0479
-------------------------------------
[Epoch : 30/40]
Total_loss	: 0.1044
LMMD_loss	: 0.4318
Src_cls_loss	: 0.0471
-------------------------------------
[Epoch : 31/40]
Total_loss	: 0.1030
LMMD_loss	: 0.4286
Src_cls_loss	: 0.0463
-------------------------------------
[Epoch : 32/40]
Total_loss	: 0.1018
LMMD_loss	: 0.4253
Src_cls_loss	: 0.0456
-------------------------------------
[Epoch : 33/40]
Total_loss	: 0.1006
LMMD_loss	: 0.4222
Src_cls_loss	: 0.0450
-------------------------------------
[Epoch : 34/40]
Total_loss	: 0.0995
LMMD_loss	: 0.4192
Src_cls_loss	: 0.0443
-------------------------------------
[Epoch : 35/40]
Total_loss	: 0.0985
LMMD_loss	: 0.4168
Src_cls_loss	: 0.0438
-------------------------------------
[Epoch : 36/40]
Total_loss	: 0.0974
LMMD_loss	: 0.4137
Src_cls_loss	: 0.0432
-------------------------------------
[Epoch : 37/40]
Total_loss	: 0.0964
LMMD_loss	: 0.4110
Src_cls_loss	: 0.0426
-------------------------------------
[Epoch : 38/40]
Total_loss	: 0.0955
LMMD_loss	: 0.4089
Src_cls_loss	: 0.0421
-------------------------------------
[Epoch : 39/40]
Total_loss	: 0.0947
LMMD_loss	: 0.4067
Src_cls_loss	: 0.0416
-------------------------------------
[Epoch : 40/40]
Total_loss	: 0.0939
LMMD_loss	: 0.4045
Src_cls_loss	: 0.0412
-------------------------------------
