=============================================
Dataset: realworld_mobiact
Method:  SYN
=============================================
Source: syn_wal_67 ---> Target: dp_wal_67
Run ID: 0
=============================================
[Epoch : 1/40]
Src_cls_loss	: 0.8589
-------------------------------------
[Epoch : 2/40]
Src_cls_loss	: 0.7330
-------------------------------------
[Epoch : 3/40]
Src_cls_loss	: 0.6187
-------------------------------------
[Epoch : 4/40]
Src_cls_loss	: 0.5202
-------------------------------------
[Epoch : 5/40]
Src_cls_loss	: 0.4496
-------------------------------------
[Epoch : 6/40]
Src_cls_loss	: 0.3930
-------------------------------------
[Epoch : 7/40]
Src_cls_loss	: 0.3499
-------------------------------------
[Epoch : 8/40]
Src_cls_loss	: 0.3148
-------------------------------------
[Epoch : 9/40]
Src_cls_loss	: 0.2862
-------------------------------------
[Epoch : 10/40]
Src_cls_loss	: 0.2631
-------------------------------------
[Epoch : 11/40]
Src_cls_loss	: 0.2428
-------------------------------------
[Epoch : 12/40]
Src_cls_loss	: 0.2265
-------------------------------------
[Epoch : 13/40]
Src_cls_loss	: 0.2123
-------------------------------------
[Epoch : 14/40]
Src_cls_loss	: 0.2006
-------------------------------------
[Epoch : 15/40]
Src_cls_loss	: 0.1897
-------------------------------------
[Epoch : 16/40]
Src_cls_loss	: 0.1801
-------------------------------------
[Epoch : 17/40]
Src_cls_loss	: 0.1716
-------------------------------------
[Epoch : 18/40]
Src_cls_loss	: 0.1640
-------------------------------------
[Epoch : 19/40]
Src_cls_loss	: 0.1570
-------------------------------------
[Epoch : 20/40]
Src_cls_loss	: 0.1508
-------------------------------------
[Epoch : 21/40]
Src_cls_loss	: 0.1450
-------------------------------------
[Epoch : 22/40]
Src_cls_loss	: 0.1396
-------------------------------------
[Epoch : 23/40]
Src_cls_loss	: 0.1355
-------------------------------------
[Epoch : 24/40]
Src_cls_loss	: 0.1312
-------------------------------------
[Epoch : 25/40]
Src_cls_loss	: 0.1272
-------------------------------------
[Epoch : 26/40]
Src_cls_loss	: 0.1239
-------------------------------------
[Epoch : 27/40]
Src_cls_loss	: 0.1212
-------------------------------------
[Epoch : 28/40]
Src_cls_loss	: 0.1181
-------------------------------------
[Epoch : 29/40]
Src_cls_loss	: 0.1148
-------------------------------------
[Epoch : 30/40]
Src_cls_loss	: 0.1119
-------------------------------------
[Epoch : 31/40]
Src_cls_loss	: 0.1090
-------------------------------------
[Epoch : 32/40]
Src_cls_loss	: 0.1063
-------------------------------------
[Epoch : 33/40]
Src_cls_loss	: 0.1037
-------------------------------------
[Epoch : 34/40]
Src_cls_loss	: 0.1013
-------------------------------------
[Epoch : 35/40]
Src_cls_loss	: 0.0990
-------------------------------------
[Epoch : 36/40]
Src_cls_loss	: 0.0968
-------------------------------------
[Epoch : 37/40]
Src_cls_loss	: 0.0948
-------------------------------------
[Epoch : 38/40]
Src_cls_loss	: 0.0928
-------------------------------------
[Epoch : 39/40]
Src_cls_loss	: 0.0908
-------------------------------------
[Epoch : 40/40]
Src_cls_loss	: 0.0891
-------------------------------------
