=============================================
Dataset: pamap_mobiact
Method:  SYN
=============================================
Source: syn_wal_19 ---> Target: dp_wal_19
Run ID: 8
=============================================
[Epoch : 1/40]
Src_cls_loss	: 0.6908
-------------------------------------
[Epoch : 2/40]
Src_cls_loss	: 0.5481
-------------------------------------
[Epoch : 3/40]
Src_cls_loss	: 0.4519
-------------------------------------
[Epoch : 4/40]
Src_cls_loss	: 0.3844
-------------------------------------
[Epoch : 5/40]
Src_cls_loss	: 0.3318
-------------------------------------
[Epoch : 6/40]
Src_cls_loss	: 0.2917
-------------------------------------
[Epoch : 7/40]
Src_cls_loss	: 0.2597
-------------------------------------
[Epoch : 8/40]
Src_cls_loss	: 0.2351
-------------------------------------
[Epoch : 9/40]
Src_cls_loss	: 0.2130
-------------------------------------
[Epoch : 10/40]
Src_cls_loss	: 0.1962
-------------------------------------
[Epoch : 11/40]
Src_cls_loss	: 0.1831
-------------------------------------
[Epoch : 12/40]
Src_cls_loss	: 0.1705
-------------------------------------
[Epoch : 13/40]
Src_cls_loss	: 0.1597
-------------------------------------
[Epoch : 14/40]
Src_cls_loss	: 0.1496
-------------------------------------
[Epoch : 15/40]
Src_cls_loss	: 0.1408
-------------------------------------
[Epoch : 16/40]
Src_cls_loss	: 0.1328
-------------------------------------
[Epoch : 17/40]
Src_cls_loss	: 0.1257
-------------------------------------
[Epoch : 18/40]
Src_cls_loss	: 0.1199
-------------------------------------
[Epoch : 19/40]
Src_cls_loss	: 0.1146
-------------------------------------
[Epoch : 20/40]
Src_cls_loss	: 0.1101
-------------------------------------
[Epoch : 21/40]
Src_cls_loss	: 0.1055
-------------------------------------
[Epoch : 22/40]
Src_cls_loss	: 0.1015
-------------------------------------
[Epoch : 23/40]
Src_cls_loss	: 0.0976
-------------------------------------
[Epoch : 24/40]
Src_cls_loss	: 0.0938
-------------------------------------
[Epoch : 25/40]
Src_cls_loss	: 0.0904
-------------------------------------
[Epoch : 26/40]
Src_cls_loss	: 0.0871
-------------------------------------
[Epoch : 27/40]
Src_cls_loss	: 0.0842
-------------------------------------
[Epoch : 28/40]
Src_cls_loss	: 0.0814
-------------------------------------
[Epoch : 29/40]
Src_cls_loss	: 0.0788
-------------------------------------
[Epoch : 30/40]
Src_cls_loss	: 0.0763
-------------------------------------
[Epoch : 31/40]
Src_cls_loss	: 0.0741
-------------------------------------
[Epoch : 32/40]
Src_cls_loss	: 0.0720
-------------------------------------
[Epoch : 33/40]
Src_cls_loss	: 0.0700
-------------------------------------
[Epoch : 34/40]
Src_cls_loss	: 0.0682
-------------------------------------
[Epoch : 35/40]
Src_cls_loss	: 0.0664
-------------------------------------
[Epoch : 36/40]
Src_cls_loss	: 0.0646
-------------------------------------
[Epoch : 37/40]
Src_cls_loss	: 0.0630
-------------------------------------
[Epoch : 38/40]
Src_cls_loss	: 0.0614
-------------------------------------
[Epoch : 39/40]
Src_cls_loss	: 0.0600
-------------------------------------
[Epoch : 40/40]
Src_cls_loss	: 0.0586
-------------------------------------
