=============================================
Dataset: mobiact_realworld
Method:  SYN
=============================================
Source: syn_wal_69 ---> Target: dp_wal_69
Run ID: 5
=============================================
[Epoch : 1/40]
Src_cls_loss	: 0.7719
-------------------------------------
[Epoch : 2/40]
Src_cls_loss	: 0.5797
-------------------------------------
[Epoch : 3/40]
Src_cls_loss	: 0.4699
-------------------------------------
[Epoch : 4/40]
Src_cls_loss	: 0.3968
-------------------------------------
[Epoch : 5/40]
Src_cls_loss	: 0.3411
-------------------------------------
[Epoch : 6/40]
Src_cls_loss	: 0.2990
-------------------------------------
[Epoch : 7/40]
Src_cls_loss	: 0.2670
-------------------------------------
[Epoch : 8/40]
Src_cls_loss	: 0.2429
-------------------------------------
[Epoch : 9/40]
Src_cls_loss	: 0.2223
-------------------------------------
[Epoch : 10/40]
Src_cls_loss	: 0.2054
-------------------------------------
[Epoch : 11/40]
Src_cls_loss	: 0.1924
-------------------------------------
[Epoch : 12/40]
Src_cls_loss	: 0.1808
-------------------------------------
[Epoch : 13/40]
Src_cls_loss	: 0.1708
-------------------------------------
[Epoch : 14/40]
Src_cls_loss	: 0.1606
-------------------------------------
[Epoch : 15/40]
Src_cls_loss	: 0.1520
-------------------------------------
[Epoch : 16/40]
Src_cls_loss	: 0.1445
-------------------------------------
[Epoch : 17/40]
Src_cls_loss	: 0.1374
-------------------------------------
[Epoch : 18/40]
Src_cls_loss	: 0.1312
-------------------------------------
[Epoch : 19/40]
Src_cls_loss	: 0.1261
-------------------------------------
[Epoch : 20/40]
Src_cls_loss	: 0.1212
-------------------------------------
[Epoch : 21/40]
Src_cls_loss	: 0.1167
-------------------------------------
[Epoch : 22/40]
Src_cls_loss	: 0.1126
-------------------------------------
[Epoch : 23/40]
Src_cls_loss	: 0.1083
-------------------------------------
[Epoch : 24/40]
Src_cls_loss	: 0.1046
-------------------------------------
[Epoch : 25/40]
Src_cls_loss	: 0.1011
-------------------------------------
[Epoch : 26/40]
Src_cls_loss	: 0.0976
-------------------------------------
[Epoch : 27/40]
Src_cls_loss	: 0.0946
-------------------------------------
[Epoch : 28/40]
Src_cls_loss	: 0.0918
-------------------------------------
[Epoch : 29/40]
Src_cls_loss	: 0.0892
-------------------------------------
[Epoch : 30/40]
Src_cls_loss	: 0.0866
-------------------------------------
[Epoch : 31/40]
Src_cls_loss	: 0.0841
-------------------------------------
[Epoch : 32/40]
Src_cls_loss	: 0.0820
-------------------------------------
[Epoch : 33/40]
Src_cls_loss	: 0.0798
-------------------------------------
[Epoch : 34/40]
Src_cls_loss	: 0.0781
-------------------------------------
[Epoch : 35/40]
Src_cls_loss	: 0.0769
-------------------------------------
[Epoch : 36/40]
Src_cls_loss	: 0.0751
-------------------------------------
[Epoch : 37/40]
Src_cls_loss	: 0.0733
-------------------------------------
[Epoch : 38/40]
Src_cls_loss	: 0.0716
-------------------------------------
[Epoch : 39/40]
Src_cls_loss	: 0.0700
-------------------------------------
[Epoch : 40/40]
Src_cls_loss	: 0.0684
-------------------------------------
