=============================================
Dataset: CWRU_OR_centred
Method:  NO_ADAPT
=============================================
Source: 0 ---> Target: 6
Run ID: 3
=============================================
[Epoch : 1/40]
Src_cls_loss	: 0.1016
-------------------------------------
[Epoch : 2/40]
Src_cls_loss	: 0.0556
-------------------------------------
[Epoch : 3/40]
Src_cls_loss	: 0.0389
-------------------------------------
[Epoch : 4/40]
Src_cls_loss	: 0.0300
-------------------------------------
[Epoch : 5/40]
Src_cls_loss	: 0.0245
-------------------------------------
[Epoch : 6/40]
Src_cls_loss	: 0.0206
-------------------------------------
[Epoch : 7/40]
Src_cls_loss	: 0.0180
-------------------------------------
[Epoch : 8/40]
Src_cls_loss	: 0.0160
-------------------------------------
[Epoch : 9/40]
Src_cls_loss	: 0.0144
-------------------------------------
[Epoch : 10/40]
Src_cls_loss	: 0.0133
-------------------------------------
[Epoch : 11/40]
Src_cls_loss	: 0.0122
-------------------------------------
[Epoch : 12/40]
Src_cls_loss	: 0.0112
-------------------------------------
[Epoch : 13/40]
Src_cls_loss	: 0.0105
-------------------------------------
[Epoch : 14/40]
Src_cls_loss	: 0.0098
-------------------------------------
[Epoch : 15/40]
Src_cls_loss	: 0.0095
-------------------------------------
[Epoch : 16/40]
Src_cls_loss	: 0.0091
-------------------------------------
[Epoch : 17/40]
Src_cls_loss	: 0.0087
-------------------------------------
[Epoch : 18/40]
Src_cls_loss	: 0.0083
-------------------------------------
[Epoch : 19/40]
Src_cls_loss	: 0.0081
-------------------------------------
[Epoch : 20/40]
Src_cls_loss	: 0.0078
-------------------------------------
[Epoch : 21/40]
Src_cls_loss	: 0.0075
-------------------------------------
[Epoch : 22/40]
Src_cls_loss	: 0.0072
-------------------------------------
[Epoch : 23/40]
Src_cls_loss	: 0.0070
-------------------------------------
[Epoch : 24/40]
Src_cls_loss	: 0.0068
-------------------------------------
[Epoch : 25/40]
Src_cls_loss	: 0.0065
-------------------------------------
[Epoch : 26/40]
Src_cls_loss	: 0.0064
-------------------------------------
[Epoch : 27/40]
Src_cls_loss	: 0.0062
-------------------------------------
[Epoch : 28/40]
Src_cls_loss	: 0.0060
-------------------------------------
[Epoch : 29/40]
Src_cls_loss	: 0.0058
-------------------------------------
[Epoch : 30/40]
Src_cls_loss	: 0.0056
-------------------------------------
[Epoch : 31/40]
Src_cls_loss	: 0.0055
-------------------------------------
[Epoch : 32/40]
Src_cls_loss	: 0.0055
-------------------------------------
[Epoch : 33/40]
Src_cls_loss	: 0.0053
-------------------------------------
[Epoch : 34/40]
Src_cls_loss	: 0.0052
-------------------------------------
[Epoch : 35/40]
Src_cls_loss	: 0.0052
-------------------------------------
[Epoch : 36/40]
Src_cls_loss	: 0.0051
-------------------------------------
[Epoch : 37/40]
Src_cls_loss	: 0.0050
-------------------------------------
[Epoch : 38/40]
Src_cls_loss	: 0.0048
-------------------------------------
[Epoch : 39/40]
Src_cls_loss	: 0.0047
-------------------------------------
[Epoch : 40/40]
Src_cls_loss	: 0.0046
-------------------------------------
