=============================================
Dataset: realworld_mobiact
Method:  NO_ADAPT
=============================================
Source: syn_26 ---> Target: dp_26
Run ID: 0
=============================================
[Epoch : 1/40]
Src_cls_loss	: 0.8428
-------------------------------------
[Epoch : 2/40]
Src_cls_loss	: 0.6612
-------------------------------------
[Epoch : 3/40]
Src_cls_loss	: 0.5313
-------------------------------------
[Epoch : 4/40]
Src_cls_loss	: 0.4405
-------------------------------------
[Epoch : 5/40]
Src_cls_loss	: 0.3865
-------------------------------------
[Epoch : 6/40]
Src_cls_loss	: 0.3444
-------------------------------------
[Epoch : 7/40]
Src_cls_loss	: 0.3091
-------------------------------------
[Epoch : 8/40]
Src_cls_loss	: 0.2800
-------------------------------------
[Epoch : 9/40]
Src_cls_loss	: 0.2571
-------------------------------------
[Epoch : 10/40]
Src_cls_loss	: 0.2371
-------------------------------------
[Epoch : 11/40]
Src_cls_loss	: 0.2212
-------------------------------------
[Epoch : 12/40]
Src_cls_loss	: 0.2079
-------------------------------------
[Epoch : 13/40]
Src_cls_loss	: 0.1964
-------------------------------------
[Epoch : 14/40]
Src_cls_loss	: 0.1853
-------------------------------------
[Epoch : 15/40]
Src_cls_loss	: 0.1749
-------------------------------------
[Epoch : 16/40]
Src_cls_loss	: 0.1658
-------------------------------------
[Epoch : 17/40]
Src_cls_loss	: 0.1578
-------------------------------------
[Epoch : 18/40]
Src_cls_loss	: 0.1506
-------------------------------------
[Epoch : 19/40]
Src_cls_loss	: 0.1440
-------------------------------------
[Epoch : 20/40]
Src_cls_loss	: 0.1377
-------------------------------------
[Epoch : 21/40]
Src_cls_loss	: 0.1323
-------------------------------------
[Epoch : 22/40]
Src_cls_loss	: 0.1273
-------------------------------------
[Epoch : 23/40]
Src_cls_loss	: 0.1226
-------------------------------------
[Epoch : 24/40]
Src_cls_loss	: 0.1184
-------------------------------------
[Epoch : 25/40]
Src_cls_loss	: 0.1149
-------------------------------------
[Epoch : 26/40]
Src_cls_loss	: 0.1114
-------------------------------------
[Epoch : 27/40]
Src_cls_loss	: 0.1081
-------------------------------------
[Epoch : 28/40]
Src_cls_loss	: 0.1049
-------------------------------------
[Epoch : 29/40]
Src_cls_loss	: 0.1020
-------------------------------------
[Epoch : 30/40]
Src_cls_loss	: 0.0991
-------------------------------------
[Epoch : 31/40]
Src_cls_loss	: 0.0968
-------------------------------------
[Epoch : 32/40]
Src_cls_loss	: 0.0949
-------------------------------------
[Epoch : 33/40]
Src_cls_loss	: 0.0936
-------------------------------------
[Epoch : 34/40]
Src_cls_loss	: 0.0917
-------------------------------------
[Epoch : 35/40]
Src_cls_loss	: 0.0896
-------------------------------------
[Epoch : 36/40]
Src_cls_loss	: 0.0875
-------------------------------------
[Epoch : 37/40]
Src_cls_loss	: 0.0863
-------------------------------------
[Epoch : 38/40]
Src_cls_loss	: 0.0851
-------------------------------------
[Epoch : 39/40]
Src_cls_loss	: 0.0836
-------------------------------------
[Epoch : 40/40]
Src_cls_loss	: 0.0821
-------------------------------------
