=============================================
Dataset: realworld_pamap
Method:  SYN
=============================================
Source: syn_wal_17 ---> Target: dp_wal_17
Run ID: 2
=============================================
[Epoch : 1/40]
Src_cls_loss	: 0.7607
-------------------------------------
[Epoch : 2/40]
Src_cls_loss	: 0.5571
-------------------------------------
[Epoch : 3/40]
Src_cls_loss	: 0.4358
-------------------------------------
[Epoch : 4/40]
Src_cls_loss	: 0.3607
-------------------------------------
[Epoch : 5/40]
Src_cls_loss	: 0.3018
-------------------------------------
[Epoch : 6/40]
Src_cls_loss	: 0.2589
-------------------------------------
[Epoch : 7/40]
Src_cls_loss	: 0.2272
-------------------------------------
[Epoch : 8/40]
Src_cls_loss	: 0.2021
-------------------------------------
[Epoch : 9/40]
Src_cls_loss	: 0.1817
-------------------------------------
[Epoch : 10/40]
Src_cls_loss	: 0.1650
-------------------------------------
[Epoch : 11/40]
Src_cls_loss	: 0.1511
-------------------------------------
[Epoch : 12/40]
Src_cls_loss	: 0.1397
-------------------------------------
[Epoch : 13/40]
Src_cls_loss	: 0.1296
-------------------------------------
[Epoch : 14/40]
Src_cls_loss	: 0.1209
-------------------------------------
[Epoch : 15/40]
Src_cls_loss	: 0.1134
-------------------------------------
[Epoch : 16/40]
Src_cls_loss	: 0.1067
-------------------------------------
[Epoch : 17/40]
Src_cls_loss	: 0.1007
-------------------------------------
[Epoch : 18/40]
Src_cls_loss	: 0.0954
-------------------------------------
[Epoch : 19/40]
Src_cls_loss	: 0.0906
-------------------------------------
[Epoch : 20/40]
Src_cls_loss	: 0.0863
-------------------------------------
[Epoch : 21/40]
Src_cls_loss	: 0.0823
-------------------------------------
[Epoch : 22/40]
Src_cls_loss	: 0.0788
-------------------------------------
[Epoch : 23/40]
Src_cls_loss	: 0.0755
-------------------------------------
[Epoch : 24/40]
Src_cls_loss	: 0.0725
-------------------------------------
[Epoch : 25/40]
Src_cls_loss	: 0.0698
-------------------------------------
[Epoch : 26/40]
Src_cls_loss	: 0.0673
-------------------------------------
[Epoch : 27/40]
Src_cls_loss	: 0.0650
-------------------------------------
[Epoch : 28/40]
Src_cls_loss	: 0.0628
-------------------------------------
[Epoch : 29/40]
Src_cls_loss	: 0.0608
-------------------------------------
[Epoch : 30/40]
Src_cls_loss	: 0.0589
-------------------------------------
[Epoch : 31/40]
Src_cls_loss	: 0.0571
-------------------------------------
[Epoch : 32/40]
Src_cls_loss	: 0.0554
-------------------------------------
[Epoch : 33/40]
Src_cls_loss	: 0.0538
-------------------------------------
[Epoch : 34/40]
Src_cls_loss	: 0.0523
-------------------------------------
[Epoch : 35/40]
Src_cls_loss	: 0.0508
-------------------------------------
[Epoch : 36/40]
Src_cls_loss	: 0.0494
-------------------------------------
[Epoch : 37/40]
Src_cls_loss	: 0.0481
-------------------------------------
[Epoch : 38/40]
Src_cls_loss	: 0.0469
-------------------------------------
[Epoch : 39/40]
Src_cls_loss	: 0.0457
-------------------------------------
[Epoch : 40/40]
Src_cls_loss	: 0.0446
-------------------------------------
