=============================================
Dataset: pamap_mobiact
Method:  NO_ADAPT
=============================================
Source: syn_52 ---> Target: dp_52
Run ID: 6
=============================================
[Epoch : 1/40]
Src_cls_loss	: 0.6647
-------------------------------------
[Epoch : 2/40]
Src_cls_loss	: 0.5131
-------------------------------------
[Epoch : 3/40]
Src_cls_loss	: 0.4271
-------------------------------------
[Epoch : 4/40]
Src_cls_loss	: 0.3624
-------------------------------------
[Epoch : 5/40]
Src_cls_loss	: 0.3140
-------------------------------------
[Epoch : 6/40]
Src_cls_loss	: 0.2760
-------------------------------------
[Epoch : 7/40]
Src_cls_loss	: 0.2484
-------------------------------------
[Epoch : 8/40]
Src_cls_loss	: 0.2254
-------------------------------------
[Epoch : 9/40]
Src_cls_loss	: 0.2060
-------------------------------------
[Epoch : 10/40]
Src_cls_loss	: 0.1907
-------------------------------------
[Epoch : 11/40]
Src_cls_loss	: 0.1771
-------------------------------------
[Epoch : 12/40]
Src_cls_loss	: 0.1657
-------------------------------------
[Epoch : 13/40]
Src_cls_loss	: 0.1559
-------------------------------------
[Epoch : 14/40]
Src_cls_loss	: 0.1476
-------------------------------------
[Epoch : 15/40]
Src_cls_loss	: 0.1402
-------------------------------------
[Epoch : 16/40]
Src_cls_loss	: 0.1344
-------------------------------------
[Epoch : 17/40]
Src_cls_loss	: 0.1280
-------------------------------------
[Epoch : 18/40]
Src_cls_loss	: 0.1222
-------------------------------------
[Epoch : 19/40]
Src_cls_loss	: 0.1167
-------------------------------------
[Epoch : 20/40]
Src_cls_loss	: 0.1122
-------------------------------------
[Epoch : 21/40]
Src_cls_loss	: 0.1084
-------------------------------------
[Epoch : 22/40]
Src_cls_loss	: 0.1046
-------------------------------------
[Epoch : 23/40]
Src_cls_loss	: 0.1014
-------------------------------------
[Epoch : 24/40]
Src_cls_loss	: 0.0986
-------------------------------------
[Epoch : 25/40]
Src_cls_loss	: 0.0954
-------------------------------------
[Epoch : 26/40]
Src_cls_loss	: 0.0925
-------------------------------------
[Epoch : 27/40]
Src_cls_loss	: 0.0898
-------------------------------------
[Epoch : 28/40]
Src_cls_loss	: 0.0871
-------------------------------------
[Epoch : 29/40]
Src_cls_loss	: 0.0847
-------------------------------------
[Epoch : 30/40]
Src_cls_loss	: 0.0823
-------------------------------------
[Epoch : 31/40]
Src_cls_loss	: 0.0801
-------------------------------------
[Epoch : 32/40]
Src_cls_loss	: 0.0782
-------------------------------------
[Epoch : 33/40]
Src_cls_loss	: 0.0765
-------------------------------------
[Epoch : 34/40]
Src_cls_loss	: 0.0749
-------------------------------------
[Epoch : 35/40]
Src_cls_loss	: 0.0733
-------------------------------------
[Epoch : 36/40]
Src_cls_loss	: 0.0718
-------------------------------------
[Epoch : 37/40]
Src_cls_loss	: 0.0705
-------------------------------------
[Epoch : 38/40]
Src_cls_loss	: 0.0691
-------------------------------------
[Epoch : 39/40]
Src_cls_loss	: 0.0678
-------------------------------------
[Epoch : 40/40]
Src_cls_loss	: 0.0664
-------------------------------------
