=============================================
Dataset: realworld_mobiact
Method:  SYN
=============================================
Source: syn_wal_67 ---> Target: dp_wal_67
Run ID: 7
=============================================
[Epoch : 1/40]
Src_cls_loss	: 0.8610
-------------------------------------
[Epoch : 2/40]
Src_cls_loss	: 0.7248
-------------------------------------
[Epoch : 3/40]
Src_cls_loss	: 0.6122
-------------------------------------
[Epoch : 4/40]
Src_cls_loss	: 0.5261
-------------------------------------
[Epoch : 5/40]
Src_cls_loss	: 0.4571
-------------------------------------
[Epoch : 6/40]
Src_cls_loss	: 0.4081
-------------------------------------
[Epoch : 7/40]
Src_cls_loss	: 0.3674
-------------------------------------
[Epoch : 8/40]
Src_cls_loss	: 0.3314
-------------------------------------
[Epoch : 9/40]
Src_cls_loss	: 0.3013
-------------------------------------
[Epoch : 10/40]
Src_cls_loss	: 0.2766
-------------------------------------
[Epoch : 11/40]
Src_cls_loss	: 0.2557
-------------------------------------
[Epoch : 12/40]
Src_cls_loss	: 0.2376
-------------------------------------
[Epoch : 13/40]
Src_cls_loss	: 0.2226
-------------------------------------
[Epoch : 14/40]
Src_cls_loss	: 0.2101
-------------------------------------
[Epoch : 15/40]
Src_cls_loss	: 0.1983
-------------------------------------
[Epoch : 16/40]
Src_cls_loss	: 0.1881
-------------------------------------
[Epoch : 17/40]
Src_cls_loss	: 0.1793
-------------------------------------
[Epoch : 18/40]
Src_cls_loss	: 0.1712
-------------------------------------
[Epoch : 19/40]
Src_cls_loss	: 0.1639
-------------------------------------
[Epoch : 20/40]
Src_cls_loss	: 0.1573
-------------------------------------
[Epoch : 21/40]
Src_cls_loss	: 0.1512
-------------------------------------
[Epoch : 22/40]
Src_cls_loss	: 0.1456
-------------------------------------
[Epoch : 23/40]
Src_cls_loss	: 0.1403
-------------------------------------
[Epoch : 24/40]
Src_cls_loss	: 0.1355
-------------------------------------
[Epoch : 25/40]
Src_cls_loss	: 0.1310
-------------------------------------
[Epoch : 26/40]
Src_cls_loss	: 0.1269
-------------------------------------
[Epoch : 27/40]
Src_cls_loss	: 0.1233
-------------------------------------
[Epoch : 28/40]
Src_cls_loss	: 0.1200
-------------------------------------
[Epoch : 29/40]
Src_cls_loss	: 0.1166
-------------------------------------
[Epoch : 30/40]
Src_cls_loss	: 0.1135
-------------------------------------
[Epoch : 31/40]
Src_cls_loss	: 0.1108
-------------------------------------
[Epoch : 32/40]
Src_cls_loss	: 0.1080
-------------------------------------
[Epoch : 33/40]
Src_cls_loss	: 0.1054
-------------------------------------
[Epoch : 34/40]
Src_cls_loss	: 0.1030
-------------------------------------
[Epoch : 35/40]
Src_cls_loss	: 0.1007
-------------------------------------
[Epoch : 36/40]
Src_cls_loss	: 0.0984
-------------------------------------
[Epoch : 37/40]
Src_cls_loss	: 0.0964
-------------------------------------
[Epoch : 38/40]
Src_cls_loss	: 0.0943
-------------------------------------
[Epoch : 39/40]
Src_cls_loss	: 0.0925
-------------------------------------
[Epoch : 40/40]
Src_cls_loss	: 0.0907
-------------------------------------
