=============================================
Dataset: mobiact_realworld
Method:  NO_ADAPT
=============================================
Source: syn_67 ---> Target: dp_67
Run ID: 2
=============================================
[Epoch : 1/40]
Src_cls_loss	: 0.6126
-------------------------------------
[Epoch : 2/40]
Src_cls_loss	: 0.4348
-------------------------------------
[Epoch : 3/40]
Src_cls_loss	: 0.3391
-------------------------------------
[Epoch : 4/40]
Src_cls_loss	: 0.2827
-------------------------------------
[Epoch : 5/40]
Src_cls_loss	: 0.2421
-------------------------------------
[Epoch : 6/40]
Src_cls_loss	: 0.2134
-------------------------------------
[Epoch : 7/40]
Src_cls_loss	: 0.1909
-------------------------------------
[Epoch : 8/40]
Src_cls_loss	: 0.1758
-------------------------------------
[Epoch : 9/40]
Src_cls_loss	: 0.1611
-------------------------------------
[Epoch : 10/40]
Src_cls_loss	: 0.1487
-------------------------------------
[Epoch : 11/40]
Src_cls_loss	: 0.1375
-------------------------------------
[Epoch : 12/40]
Src_cls_loss	: 0.1280
-------------------------------------
[Epoch : 13/40]
Src_cls_loss	: 0.1202
-------------------------------------
[Epoch : 14/40]
Src_cls_loss	: 0.1134
-------------------------------------
[Epoch : 15/40]
Src_cls_loss	: 0.1079
-------------------------------------
[Epoch : 16/40]
Src_cls_loss	: 0.1025
-------------------------------------
[Epoch : 17/40]
Src_cls_loss	: 0.0977
-------------------------------------
[Epoch : 18/40]
Src_cls_loss	: 0.0937
-------------------------------------
[Epoch : 19/40]
Src_cls_loss	: 0.0896
-------------------------------------
[Epoch : 20/40]
Src_cls_loss	: 0.0862
-------------------------------------
[Epoch : 21/40]
Src_cls_loss	: 0.0832
-------------------------------------
[Epoch : 22/40]
Src_cls_loss	: 0.0802
-------------------------------------
[Epoch : 23/40]
Src_cls_loss	: 0.0774
-------------------------------------
[Epoch : 24/40]
Src_cls_loss	: 0.0752
-------------------------------------
[Epoch : 25/40]
Src_cls_loss	: 0.0728
-------------------------------------
[Epoch : 26/40]
Src_cls_loss	: 0.0705
-------------------------------------
[Epoch : 27/40]
Src_cls_loss	: 0.0684
-------------------------------------
[Epoch : 28/40]
Src_cls_loss	: 0.0663
-------------------------------------
[Epoch : 29/40]
Src_cls_loss	: 0.0645
-------------------------------------
[Epoch : 30/40]
Src_cls_loss	: 0.0628
-------------------------------------
[Epoch : 31/40]
Src_cls_loss	: 0.0613
-------------------------------------
[Epoch : 32/40]
Src_cls_loss	: 0.0597
-------------------------------------
[Epoch : 33/40]
Src_cls_loss	: 0.0584
-------------------------------------
[Epoch : 34/40]
Src_cls_loss	: 0.0570
-------------------------------------
[Epoch : 35/40]
Src_cls_loss	: 0.0560
-------------------------------------
[Epoch : 36/40]
Src_cls_loss	: 0.0548
-------------------------------------
[Epoch : 37/40]
Src_cls_loss	: 0.0535
-------------------------------------
[Epoch : 38/40]
Src_cls_loss	: 0.0524
-------------------------------------
[Epoch : 39/40]
Src_cls_loss	: 0.0515
-------------------------------------
[Epoch : 40/40]
Src_cls_loss	: 0.0504
-------------------------------------
