=============================================
Dataset: pamap_mobiact
Method:  SYN
=============================================
Source: syn_wal_65 ---> Target: dp_wal_65
Run ID: 2
=============================================
[Epoch : 1/40]
Src_cls_loss	: 0.6522
-------------------------------------
[Epoch : 2/40]
Src_cls_loss	: 0.5271
-------------------------------------
[Epoch : 3/40]
Src_cls_loss	: 0.4478
-------------------------------------
[Epoch : 4/40]
Src_cls_loss	: 0.3737
-------------------------------------
[Epoch : 5/40]
Src_cls_loss	: 0.3205
-------------------------------------
[Epoch : 6/40]
Src_cls_loss	: 0.2775
-------------------------------------
[Epoch : 7/40]
Src_cls_loss	: 0.2451
-------------------------------------
[Epoch : 8/40]
Src_cls_loss	: 0.2212
-------------------------------------
[Epoch : 9/40]
Src_cls_loss	: 0.2021
-------------------------------------
[Epoch : 10/40]
Src_cls_loss	: 0.1852
-------------------------------------
[Epoch : 11/40]
Src_cls_loss	: 0.1707
-------------------------------------
[Epoch : 12/40]
Src_cls_loss	: 0.1578
-------------------------------------
[Epoch : 13/40]
Src_cls_loss	: 0.1469
-------------------------------------
[Epoch : 14/40]
Src_cls_loss	: 0.1379
-------------------------------------
[Epoch : 15/40]
Src_cls_loss	: 0.1301
-------------------------------------
[Epoch : 16/40]
Src_cls_loss	: 0.1229
-------------------------------------
[Epoch : 17/40]
Src_cls_loss	: 0.1163
-------------------------------------
[Epoch : 18/40]
Src_cls_loss	: 0.1104
-------------------------------------
[Epoch : 19/40]
Src_cls_loss	: 0.1052
-------------------------------------
[Epoch : 20/40]
Src_cls_loss	: 0.1004
-------------------------------------
[Epoch : 21/40]
Src_cls_loss	: 0.0960
-------------------------------------
[Epoch : 22/40]
Src_cls_loss	: 0.0918
-------------------------------------
[Epoch : 23/40]
Src_cls_loss	: 0.0880
-------------------------------------
[Epoch : 24/40]
Src_cls_loss	: 0.0845
-------------------------------------
[Epoch : 25/40]
Src_cls_loss	: 0.0813
-------------------------------------
[Epoch : 26/40]
Src_cls_loss	: 0.0783
-------------------------------------
[Epoch : 27/40]
Src_cls_loss	: 0.0756
-------------------------------------
[Epoch : 28/40]
Src_cls_loss	: 0.0730
-------------------------------------
[Epoch : 29/40]
Src_cls_loss	: 0.0707
-------------------------------------
[Epoch : 30/40]
Src_cls_loss	: 0.0686
-------------------------------------
[Epoch : 31/40]
Src_cls_loss	: 0.0665
-------------------------------------
[Epoch : 32/40]
Src_cls_loss	: 0.0645
-------------------------------------
[Epoch : 33/40]
Src_cls_loss	: 0.0627
-------------------------------------
[Epoch : 34/40]
Src_cls_loss	: 0.0609
-------------------------------------
[Epoch : 35/40]
Src_cls_loss	: 0.0592
-------------------------------------
[Epoch : 36/40]
Src_cls_loss	: 0.0577
-------------------------------------
[Epoch : 37/40]
Src_cls_loss	: 0.0562
-------------------------------------
[Epoch : 38/40]
Src_cls_loss	: 0.0548
-------------------------------------
[Epoch : 39/40]
Src_cls_loss	: 0.0536
-------------------------------------
[Epoch : 40/40]
Src_cls_loss	: 0.0523
-------------------------------------
