=============================================
Dataset: realworld_mobiact
Method:  NO_ADAPT
=============================================
Source: syn_66 ---> Target: real_66
Run ID: 0
=============================================
[Epoch : 1/100]
Src_cls_loss	: 1.4548
-------------------------------------
[Epoch : 2/100]
Src_cls_loss	: 1.3170
-------------------------------------
[Epoch : 3/100]
Src_cls_loss	: 1.2176
-------------------------------------
[Epoch : 4/100]
Src_cls_loss	: 1.1360
-------------------------------------
[Epoch : 5/100]
Src_cls_loss	: 1.0711
-------------------------------------
[Epoch : 6/100]
Src_cls_loss	: 1.0145
-------------------------------------
[Epoch : 7/100]
Src_cls_loss	: 0.9690
-------------------------------------
[Epoch : 8/100]
Src_cls_loss	: 0.9289
-------------------------------------
[Epoch : 9/100]
Src_cls_loss	: 0.8909
-------------------------------------
[Epoch : 10/100]
Src_cls_loss	: 0.8560
-------------------------------------
[Epoch : 11/100]
Src_cls_loss	: 0.8249
-------------------------------------
[Epoch : 12/100]
Src_cls_loss	: 0.7949
-------------------------------------
[Epoch : 13/100]
Src_cls_loss	: 0.7674
-------------------------------------
[Epoch : 14/100]
Src_cls_loss	: 0.7419
-------------------------------------
[Epoch : 15/100]
Src_cls_loss	: 0.7163
-------------------------------------
[Epoch : 16/100]
Src_cls_loss	: 0.6928
-------------------------------------
[Epoch : 17/100]
Src_cls_loss	: 0.6701
-------------------------------------
[Epoch : 18/100]
Src_cls_loss	: 0.6493
-------------------------------------
[Epoch : 19/100]
Src_cls_loss	: 0.6297
-------------------------------------
[Epoch : 20/100]
Src_cls_loss	: 0.6105
-------------------------------------
[Epoch : 21/100]
Src_cls_loss	: 0.5925
-------------------------------------
[Epoch : 22/100]
Src_cls_loss	: 0.5744
-------------------------------------
[Epoch : 23/100]
Src_cls_loss	: 0.5573
-------------------------------------
[Epoch : 24/100]
Src_cls_loss	: 0.5411
-------------------------------------
[Epoch : 25/100]
Src_cls_loss	: 0.5253
-------------------------------------
[Epoch : 26/100]
Src_cls_loss	: 0.5107
-------------------------------------
[Epoch : 27/100]
Src_cls_loss	: 0.4965
-------------------------------------
[Epoch : 28/100]
Src_cls_loss	: 0.4829
-------------------------------------
[Epoch : 29/100]
Src_cls_loss	: 0.4700
-------------------------------------
[Epoch : 30/100]
Src_cls_loss	: 0.4576
-------------------------------------
[Epoch : 31/100]
Src_cls_loss	: 0.4456
-------------------------------------
[Epoch : 32/100]
Src_cls_loss	: 0.4342
-------------------------------------
[Epoch : 33/100]
Src_cls_loss	: 0.4233
-------------------------------------
[Epoch : 34/100]
Src_cls_loss	: 0.4128
-------------------------------------
[Epoch : 35/100]
Src_cls_loss	: 0.4028
-------------------------------------
[Epoch : 36/100]
Src_cls_loss	: 0.3933
-------------------------------------
[Epoch : 37/100]
Src_cls_loss	: 0.3842
-------------------------------------
[Epoch : 38/100]
Src_cls_loss	: 0.3753
-------------------------------------
[Epoch : 39/100]
Src_cls_loss	: 0.3670
-------------------------------------
[Epoch : 40/100]
Src_cls_loss	: 0.3589
-------------------------------------
[Epoch : 41/100]
Src_cls_loss	: 0.3512
-------------------------------------
[Epoch : 42/100]
Src_cls_loss	: 0.3438
-------------------------------------
[Epoch : 43/100]
Src_cls_loss	: 0.3366
-------------------------------------
[Epoch : 44/100]
Src_cls_loss	: 0.3298
-------------------------------------
[Epoch : 45/100]
Src_cls_loss	: 0.3232
-------------------------------------
[Epoch : 46/100]
Src_cls_loss	: 0.3169
-------------------------------------
[Epoch : 47/100]
Src_cls_loss	: 0.3108
-------------------------------------
[Epoch : 48/100]
Src_cls_loss	: 0.3049
-------------------------------------
[Epoch : 49/100]
Src_cls_loss	: 0.2993
-------------------------------------
[Epoch : 50/100]
Src_cls_loss	: 0.2938
-------------------------------------
[Epoch : 51/100]
Src_cls_loss	: 0.2886
-------------------------------------
[Epoch : 52/100]
Src_cls_loss	: 0.2835
-------------------------------------
[Epoch : 53/100]
Src_cls_loss	: 0.2787
-------------------------------------
[Epoch : 54/100]
Src_cls_loss	: 0.2740
-------------------------------------
[Epoch : 55/100]
Src_cls_loss	: 0.2695
-------------------------------------
[Epoch : 56/100]
Src_cls_loss	: 0.2650
-------------------------------------
[Epoch : 57/100]
Src_cls_loss	: 0.2608
-------------------------------------
[Epoch : 58/100]
Src_cls_loss	: 0.2567
-------------------------------------
[Epoch : 59/100]
Src_cls_loss	: 0.2526
-------------------------------------
[Epoch : 60/100]
Src_cls_loss	: 0.2487
-------------------------------------
[Epoch : 61/100]
Src_cls_loss	: 0.2450
-------------------------------------
[Epoch : 62/100]
Src_cls_loss	: 0.2413
-------------------------------------
[Epoch : 63/100]
Src_cls_loss	: 0.2377
-------------------------------------
[Epoch : 64/100]
Src_cls_loss	: 0.2342
-------------------------------------
[Epoch : 65/100]
Src_cls_loss	: 0.2309
-------------------------------------
[Epoch : 66/100]
Src_cls_loss	: 0.2276
-------------------------------------
[Epoch : 67/100]
Src_cls_loss	: 0.2245
-------------------------------------
[Epoch : 68/100]
Src_cls_loss	: 0.2214
-------------------------------------
[Epoch : 69/100]
Src_cls_loss	: 0.2183
-------------------------------------
[Epoch : 70/100]
Src_cls_loss	: 0.2154
-------------------------------------
[Epoch : 71/100]
Src_cls_loss	: 0.2126
-------------------------------------
[Epoch : 72/100]
Src_cls_loss	: 0.2098
-------------------------------------
[Epoch : 73/100]
Src_cls_loss	: 0.2071
-------------------------------------
[Epoch : 74/100]
Src_cls_loss	: 0.2044
-------------------------------------
[Epoch : 75/100]
Src_cls_loss	: 0.2019
-------------------------------------
[Epoch : 76/100]
Src_cls_loss	: 0.1993
-------------------------------------
[Epoch : 77/100]
Src_cls_loss	: 0.1969
-------------------------------------
[Epoch : 78/100]
Src_cls_loss	: 0.1945
-------------------------------------
[Epoch : 79/100]
Src_cls_loss	: 0.1921
-------------------------------------
[Epoch : 80/100]
Src_cls_loss	: 0.1899
-------------------------------------
[Epoch : 81/100]
Src_cls_loss	: 0.1876
-------------------------------------
[Epoch : 82/100]
Src_cls_loss	: 0.1854
-------------------------------------
[Epoch : 83/100]
Src_cls_loss	: 0.1833
-------------------------------------
[Epoch : 84/100]
Src_cls_loss	: 0.1813
-------------------------------------
[Epoch : 85/100]
Src_cls_loss	: 0.1792
-------------------------------------
[Epoch : 86/100]
Src_cls_loss	: 0.1773
-------------------------------------
[Epoch : 87/100]
Src_cls_loss	: 0.1753
-------------------------------------
[Epoch : 88/100]
Src_cls_loss	: 0.1734
-------------------------------------
[Epoch : 89/100]
Src_cls_loss	: 0.1716
-------------------------------------
[Epoch : 90/100]
Src_cls_loss	: 0.1697
-------------------------------------
[Epoch : 91/100]
Src_cls_loss	: 0.1679
-------------------------------------
[Epoch : 92/100]
Src_cls_loss	: 0.1662
-------------------------------------
[Epoch : 93/100]
Src_cls_loss	: 0.1645
-------------------------------------
[Epoch : 94/100]
Src_cls_loss	: 0.1628
-------------------------------------
[Epoch : 95/100]
Src_cls_loss	: 0.1612
-------------------------------------
[Epoch : 96/100]
Src_cls_loss	: 0.1596
-------------------------------------
[Epoch : 97/100]
Src_cls_loss	: 0.1580
-------------------------------------
[Epoch : 98/100]
Src_cls_loss	: 0.1564
-------------------------------------
[Epoch : 99/100]
Src_cls_loss	: 0.1549
-------------------------------------
[Epoch : 100/100]
Src_cls_loss	: 0.1534
-------------------------------------
