=============================================
Dataset: mobiact_pamap
Method:  NO_ADAPT
=============================================
Source: syn_65 ---> Target: dp_65
Run ID: 8
=============================================
[Epoch : 1/40]
Src_cls_loss	: 0.6695
-------------------------------------
[Epoch : 2/40]
Src_cls_loss	: 0.4913
-------------------------------------
[Epoch : 3/40]
Src_cls_loss	: 0.3896
-------------------------------------
[Epoch : 4/40]
Src_cls_loss	: 0.3187
-------------------------------------
[Epoch : 5/40]
Src_cls_loss	: 0.2725
-------------------------------------
[Epoch : 6/40]
Src_cls_loss	: 0.2382
-------------------------------------
[Epoch : 7/40]
Src_cls_loss	: 0.2121
-------------------------------------
[Epoch : 8/40]
Src_cls_loss	: 0.1907
-------------------------------------
[Epoch : 9/40]
Src_cls_loss	: 0.1738
-------------------------------------
[Epoch : 10/40]
Src_cls_loss	: 0.1609
-------------------------------------
[Epoch : 11/40]
Src_cls_loss	: 0.1498
-------------------------------------
[Epoch : 12/40]
Src_cls_loss	: 0.1395
-------------------------------------
[Epoch : 13/40]
Src_cls_loss	: 0.1308
-------------------------------------
[Epoch : 14/40]
Src_cls_loss	: 0.1230
-------------------------------------
[Epoch : 15/40]
Src_cls_loss	: 0.1158
-------------------------------------
[Epoch : 16/40]
Src_cls_loss	: 0.1094
-------------------------------------
[Epoch : 17/40]
Src_cls_loss	: 0.1042
-------------------------------------
[Epoch : 18/40]
Src_cls_loss	: 0.0998
-------------------------------------
[Epoch : 19/40]
Src_cls_loss	: 0.0953
-------------------------------------
[Epoch : 20/40]
Src_cls_loss	: 0.0912
-------------------------------------
[Epoch : 21/40]
Src_cls_loss	: 0.0880
-------------------------------------
[Epoch : 22/40]
Src_cls_loss	: 0.0845
-------------------------------------
[Epoch : 23/40]
Src_cls_loss	: 0.0813
-------------------------------------
[Epoch : 24/40]
Src_cls_loss	: 0.0783
-------------------------------------
[Epoch : 25/40]
Src_cls_loss	: 0.0754
-------------------------------------
[Epoch : 26/40]
Src_cls_loss	: 0.0728
-------------------------------------
[Epoch : 27/40]
Src_cls_loss	: 0.0707
-------------------------------------
[Epoch : 28/40]
Src_cls_loss	: 0.0685
-------------------------------------
[Epoch : 29/40]
Src_cls_loss	: 0.0663
-------------------------------------
[Epoch : 30/40]
Src_cls_loss	: 0.0643
-------------------------------------
[Epoch : 31/40]
Src_cls_loss	: 0.0624
-------------------------------------
[Epoch : 32/40]
Src_cls_loss	: 0.0607
-------------------------------------
[Epoch : 33/40]
Src_cls_loss	: 0.0592
-------------------------------------
[Epoch : 34/40]
Src_cls_loss	: 0.0577
-------------------------------------
[Epoch : 35/40]
Src_cls_loss	: 0.0566
-------------------------------------
[Epoch : 36/40]
Src_cls_loss	: 0.0554
-------------------------------------
[Epoch : 37/40]
Src_cls_loss	: 0.0540
-------------------------------------
[Epoch : 38/40]
Src_cls_loss	: 0.0528
-------------------------------------
[Epoch : 39/40]
Src_cls_loss	: 0.0517
-------------------------------------
[Epoch : 40/40]
Src_cls_loss	: 0.0507
-------------------------------------
