=============================================
Dataset: pamap_mobiact
Method:  SYN
=============================================
Source: syn_wal_52 ---> Target: dp_wal_52
Run ID: 0
=============================================
[Epoch : 1/40]
Src_cls_loss	: 0.5748
-------------------------------------
[Epoch : 2/40]
Src_cls_loss	: 0.4011
-------------------------------------
[Epoch : 3/40]
Src_cls_loss	: 0.3145
-------------------------------------
[Epoch : 4/40]
Src_cls_loss	: 0.2609
-------------------------------------
[Epoch : 5/40]
Src_cls_loss	: 0.2244
-------------------------------------
[Epoch : 6/40]
Src_cls_loss	: 0.1963
-------------------------------------
[Epoch : 7/40]
Src_cls_loss	: 0.1752
-------------------------------------
[Epoch : 8/40]
Src_cls_loss	: 0.1577
-------------------------------------
[Epoch : 9/40]
Src_cls_loss	: 0.1437
-------------------------------------
[Epoch : 10/40]
Src_cls_loss	: 0.1320
-------------------------------------
[Epoch : 11/40]
Src_cls_loss	: 0.1220
-------------------------------------
[Epoch : 12/40]
Src_cls_loss	: 0.1139
-------------------------------------
[Epoch : 13/40]
Src_cls_loss	: 0.1064
-------------------------------------
[Epoch : 14/40]
Src_cls_loss	: 0.0999
-------------------------------------
[Epoch : 15/40]
Src_cls_loss	: 0.0939
-------------------------------------
[Epoch : 16/40]
Src_cls_loss	: 0.0887
-------------------------------------
[Epoch : 17/40]
Src_cls_loss	: 0.0843
-------------------------------------
[Epoch : 18/40]
Src_cls_loss	: 0.0805
-------------------------------------
[Epoch : 19/40]
Src_cls_loss	: 0.0769
-------------------------------------
[Epoch : 20/40]
Src_cls_loss	: 0.0734
-------------------------------------
[Epoch : 21/40]
Src_cls_loss	: 0.0705
-------------------------------------
[Epoch : 22/40]
Src_cls_loss	: 0.0691
-------------------------------------
[Epoch : 23/40]
Src_cls_loss	: 0.0672
-------------------------------------
[Epoch : 24/40]
Src_cls_loss	: 0.0651
-------------------------------------
[Epoch : 25/40]
Src_cls_loss	: 0.0628
-------------------------------------
[Epoch : 26/40]
Src_cls_loss	: 0.0606
-------------------------------------
[Epoch : 27/40]
Src_cls_loss	: 0.0587
-------------------------------------
[Epoch : 28/40]
Src_cls_loss	: 0.0573
-------------------------------------
[Epoch : 29/40]
Src_cls_loss	: 0.0556
-------------------------------------
[Epoch : 30/40]
Src_cls_loss	: 0.0542
-------------------------------------
[Epoch : 31/40]
Src_cls_loss	: 0.0526
-------------------------------------
[Epoch : 32/40]
Src_cls_loss	: 0.0511
-------------------------------------
[Epoch : 33/40]
Src_cls_loss	: 0.0496
-------------------------------------
[Epoch : 34/40]
Src_cls_loss	: 0.0483
-------------------------------------
[Epoch : 35/40]
Src_cls_loss	: 0.0469
-------------------------------------
[Epoch : 36/40]
Src_cls_loss	: 0.0457
-------------------------------------
[Epoch : 37/40]
Src_cls_loss	: 0.0446
-------------------------------------
[Epoch : 38/40]
Src_cls_loss	: 0.0435
-------------------------------------
[Epoch : 39/40]
Src_cls_loss	: 0.0427
-------------------------------------
[Epoch : 40/40]
Src_cls_loss	: 0.0417
-------------------------------------
