=============================================
Dataset: pamap_mobiact
Method:  SYN
=============================================
Source: syn_wal_33 ---> Target: dp_wal_33
Run ID: 5
=============================================
[Epoch : 1/40]
Src_cls_loss	: 0.7259
-------------------------------------
[Epoch : 2/40]
Src_cls_loss	: 0.5928
-------------------------------------
[Epoch : 3/40]
Src_cls_loss	: 0.5017
-------------------------------------
[Epoch : 4/40]
Src_cls_loss	: 0.4275
-------------------------------------
[Epoch : 5/40]
Src_cls_loss	: 0.3689
-------------------------------------
[Epoch : 6/40]
Src_cls_loss	: 0.3262
-------------------------------------
[Epoch : 7/40]
Src_cls_loss	: 0.2905
-------------------------------------
[Epoch : 8/40]
Src_cls_loss	: 0.2615
-------------------------------------
[Epoch : 9/40]
Src_cls_loss	: 0.2384
-------------------------------------
[Epoch : 10/40]
Src_cls_loss	: 0.2190
-------------------------------------
[Epoch : 11/40]
Src_cls_loss	: 0.2021
-------------------------------------
[Epoch : 12/40]
Src_cls_loss	: 0.1877
-------------------------------------
[Epoch : 13/40]
Src_cls_loss	: 0.1757
-------------------------------------
[Epoch : 14/40]
Src_cls_loss	: 0.1650
-------------------------------------
[Epoch : 15/40]
Src_cls_loss	: 0.1551
-------------------------------------
[Epoch : 16/40]
Src_cls_loss	: 0.1466
-------------------------------------
[Epoch : 17/40]
Src_cls_loss	: 0.1392
-------------------------------------
[Epoch : 18/40]
Src_cls_loss	: 0.1324
-------------------------------------
[Epoch : 19/40]
Src_cls_loss	: 0.1261
-------------------------------------
[Epoch : 20/40]
Src_cls_loss	: 0.1207
-------------------------------------
[Epoch : 21/40]
Src_cls_loss	: 0.1157
-------------------------------------
[Epoch : 22/40]
Src_cls_loss	: 0.1108
-------------------------------------
[Epoch : 23/40]
Src_cls_loss	: 0.1064
-------------------------------------
[Epoch : 24/40]
Src_cls_loss	: 0.1025
-------------------------------------
[Epoch : 25/40]
Src_cls_loss	: 0.0987
-------------------------------------
[Epoch : 26/40]
Src_cls_loss	: 0.0953
-------------------------------------
[Epoch : 27/40]
Src_cls_loss	: 0.0926
-------------------------------------
[Epoch : 28/40]
Src_cls_loss	: 0.0899
-------------------------------------
[Epoch : 29/40]
Src_cls_loss	: 0.0871
-------------------------------------
[Epoch : 30/40]
Src_cls_loss	: 0.0844
-------------------------------------
[Epoch : 31/40]
Src_cls_loss	: 0.0819
-------------------------------------
[Epoch : 32/40]
Src_cls_loss	: 0.0795
-------------------------------------
[Epoch : 33/40]
Src_cls_loss	: 0.0773
-------------------------------------
[Epoch : 34/40]
Src_cls_loss	: 0.0755
-------------------------------------
[Epoch : 35/40]
Src_cls_loss	: 0.0736
-------------------------------------
[Epoch : 36/40]
Src_cls_loss	: 0.0718
-------------------------------------
[Epoch : 37/40]
Src_cls_loss	: 0.0701
-------------------------------------
[Epoch : 38/40]
Src_cls_loss	: 0.0683
-------------------------------------
[Epoch : 39/40]
Src_cls_loss	: 0.0667
-------------------------------------
[Epoch : 40/40]
Src_cls_loss	: 0.0652
-------------------------------------
