=============================================
Dataset: pamap_realworld
Method:  ROT
=============================================
Source: df ---> Target: dp_20
Run ID: 3
=============================================
[Epoch : 1/40]
Src_cls_loss	: 0.6753
-------------------------------------
[Epoch : 2/40]
Src_cls_loss	: 0.6044
-------------------------------------
[Epoch : 3/40]
Src_cls_loss	: 0.5294
-------------------------------------
[Epoch : 4/40]
Src_cls_loss	: 0.4819
-------------------------------------
[Epoch : 5/40]
Src_cls_loss	: 0.4390
-------------------------------------
[Epoch : 6/40]
Src_cls_loss	: 0.4068
-------------------------------------
[Epoch : 7/40]
Src_cls_loss	: 0.3835
-------------------------------------
[Epoch : 8/40]
Src_cls_loss	: 0.3612
-------------------------------------
[Epoch : 9/40]
Src_cls_loss	: 0.3449
-------------------------------------
[Epoch : 10/40]
Src_cls_loss	: 0.3276
-------------------------------------
[Epoch : 11/40]
Src_cls_loss	: 0.3158
-------------------------------------
[Epoch : 12/40]
Src_cls_loss	: 0.3039
-------------------------------------
[Epoch : 13/40]
Src_cls_loss	: 0.2936
-------------------------------------
[Epoch : 14/40]
Src_cls_loss	: 0.2835
-------------------------------------
[Epoch : 15/40]
Src_cls_loss	: 0.2749
-------------------------------------
[Epoch : 16/40]
Src_cls_loss	: 0.2659
-------------------------------------
[Epoch : 17/40]
Src_cls_loss	: 0.2578
-------------------------------------
[Epoch : 18/40]
Src_cls_loss	: 0.2504
-------------------------------------
[Epoch : 19/40]
Src_cls_loss	: 0.2427
-------------------------------------
[Epoch : 20/40]
Src_cls_loss	: 0.2359
-------------------------------------
[Epoch : 21/40]
Src_cls_loss	: 0.2304
-------------------------------------
[Epoch : 22/40]
Src_cls_loss	: 0.2251
-------------------------------------
[Epoch : 23/40]
Src_cls_loss	: 0.2210
-------------------------------------
[Epoch : 24/40]
Src_cls_loss	: 0.2167
-------------------------------------
[Epoch : 25/40]
Src_cls_loss	: 0.2125
-------------------------------------
[Epoch : 26/40]
Src_cls_loss	: 0.2081
-------------------------------------
[Epoch : 27/40]
Src_cls_loss	: 0.2049
-------------------------------------
[Epoch : 28/40]
Src_cls_loss	: 0.2035
-------------------------------------
[Epoch : 29/40]
Src_cls_loss	: 0.2005
-------------------------------------
[Epoch : 30/40]
Src_cls_loss	: 0.1969
-------------------------------------
[Epoch : 31/40]
Src_cls_loss	: 0.1935
-------------------------------------
[Epoch : 32/40]
Src_cls_loss	: 0.1903
-------------------------------------
[Epoch : 33/40]
Src_cls_loss	: 0.1883
-------------------------------------
[Epoch : 34/40]
Src_cls_loss	: 0.1855
-------------------------------------
[Epoch : 35/40]
Src_cls_loss	: 0.1828
-------------------------------------
[Epoch : 36/40]
Src_cls_loss	: 0.1803
-------------------------------------
[Epoch : 37/40]
Src_cls_loss	: 0.1789
-------------------------------------
[Epoch : 38/40]
Src_cls_loss	: 0.1766
-------------------------------------
[Epoch : 39/40]
Src_cls_loss	: 0.1748
-------------------------------------
[Epoch : 40/40]
Src_cls_loss	: 0.1728
-------------------------------------
