=============================================
Dataset: realworld_mobiact
Method:  NO_ADAPT
=============================================
Source: syn_36 ---> Target: dp_36
Run ID: 2
=============================================
[Epoch : 1/40]
Src_cls_loss	: 0.8053
-------------------------------------
[Epoch : 2/40]
Src_cls_loss	: 0.6345
-------------------------------------
[Epoch : 3/40]
Src_cls_loss	: 0.5071
-------------------------------------
[Epoch : 4/40]
Src_cls_loss	: 0.4186
-------------------------------------
[Epoch : 5/40]
Src_cls_loss	: 0.3543
-------------------------------------
[Epoch : 6/40]
Src_cls_loss	: 0.3091
-------------------------------------
[Epoch : 7/40]
Src_cls_loss	: 0.2727
-------------------------------------
[Epoch : 8/40]
Src_cls_loss	: 0.2468
-------------------------------------
[Epoch : 9/40]
Src_cls_loss	: 0.2242
-------------------------------------
[Epoch : 10/40]
Src_cls_loss	: 0.2062
-------------------------------------
[Epoch : 11/40]
Src_cls_loss	: 0.1905
-------------------------------------
[Epoch : 12/40]
Src_cls_loss	: 0.1775
-------------------------------------
[Epoch : 13/40]
Src_cls_loss	: 0.1658
-------------------------------------
[Epoch : 14/40]
Src_cls_loss	: 0.1566
-------------------------------------
[Epoch : 15/40]
Src_cls_loss	: 0.1486
-------------------------------------
[Epoch : 16/40]
Src_cls_loss	: 0.1412
-------------------------------------
[Epoch : 17/40]
Src_cls_loss	: 0.1344
-------------------------------------
[Epoch : 18/40]
Src_cls_loss	: 0.1279
-------------------------------------
[Epoch : 19/40]
Src_cls_loss	: 0.1222
-------------------------------------
[Epoch : 20/40]
Src_cls_loss	: 0.1169
-------------------------------------
[Epoch : 21/40]
Src_cls_loss	: 0.1120
-------------------------------------
[Epoch : 22/40]
Src_cls_loss	: 0.1075
-------------------------------------
[Epoch : 23/40]
Src_cls_loss	: 0.1047
-------------------------------------
[Epoch : 24/40]
Src_cls_loss	: 0.1021
-------------------------------------
[Epoch : 25/40]
Src_cls_loss	: 0.0989
-------------------------------------
[Epoch : 26/40]
Src_cls_loss	: 0.0957
-------------------------------------
[Epoch : 27/40]
Src_cls_loss	: 0.0926
-------------------------------------
[Epoch : 28/40]
Src_cls_loss	: 0.0898
-------------------------------------
[Epoch : 29/40]
Src_cls_loss	: 0.0869
-------------------------------------
[Epoch : 30/40]
Src_cls_loss	: 0.0844
-------------------------------------
[Epoch : 31/40]
Src_cls_loss	: 0.0820
-------------------------------------
[Epoch : 32/40]
Src_cls_loss	: 0.0797
-------------------------------------
[Epoch : 33/40]
Src_cls_loss	: 0.0777
-------------------------------------
[Epoch : 34/40]
Src_cls_loss	: 0.0758
-------------------------------------
[Epoch : 35/40]
Src_cls_loss	: 0.0742
-------------------------------------
[Epoch : 36/40]
Src_cls_loss	: 0.0723
-------------------------------------
[Epoch : 37/40]
Src_cls_loss	: 0.0706
-------------------------------------
[Epoch : 38/40]
Src_cls_loss	: 0.0688
-------------------------------------
[Epoch : 39/40]
Src_cls_loss	: 0.0672
-------------------------------------
[Epoch : 40/40]
Src_cls_loss	: 0.0656
-------------------------------------
