=============================================
Dataset: realworld_mobiact
Method:  DANN
=============================================
Source: df ---> Target: dp_wal_26
Run ID: 0
=============================================
[Epoch : 1/40]
Total_loss	: 6.0501
Domain_loss	: 1.0964
Src_cls_loss	: 0.6058
-------------------------------------
[Epoch : 2/40]
Total_loss	: 5.8338
Domain_loss	: 1.1651
Src_cls_loss	: 0.5308
-------------------------------------
[Epoch : 3/40]
Total_loss	: 5.6853
Domain_loss	: 1.2006
Src_cls_loss	: 0.4851
-------------------------------------
[Epoch : 4/40]
Total_loss	: 5.5942
Domain_loss	: 1.2268
Src_cls_loss	: 0.4549
-------------------------------------
[Epoch : 5/40]
Total_loss	: 5.5105
Domain_loss	: 1.2463
Src_cls_loss	: 0.4294
-------------------------------------
[Epoch : 6/40]
Total_loss	: 5.4392
Domain_loss	: 1.2619
Src_cls_loss	: 0.4081
-------------------------------------
[Epoch : 7/40]
Total_loss	: 5.3810
Domain_loss	: 1.2755
Src_cls_loss	: 0.3904
-------------------------------------
[Epoch : 8/40]
Total_loss	: 5.3197
Domain_loss	: 1.2864
Src_cls_loss	: 0.3733
-------------------------------------
[Epoch : 9/40]
Total_loss	: 5.2674
Domain_loss	: 1.2939
Src_cls_loss	: 0.3597
-------------------------------------
[Epoch : 10/40]
Total_loss	: 5.2205
Domain_loss	: 1.2986
Src_cls_loss	: 0.3485
-------------------------------------
[Epoch : 11/40]
Total_loss	: 5.1835
Domain_loss	: 1.3037
Src_cls_loss	: 0.3390
-------------------------------------
[Epoch : 12/40]
Total_loss	: 5.1491
Domain_loss	: 1.3065
Src_cls_loss	: 0.3311
-------------------------------------
[Epoch : 13/40]
Total_loss	: 5.1113
Domain_loss	: 1.3076
Src_cls_loss	: 0.3234
-------------------------------------
[Epoch : 14/40]
Total_loss	: 5.0804
Domain_loss	: 1.3094
Src_cls_loss	: 0.3166
-------------------------------------
[Epoch : 15/40]
Total_loss	: 5.0559
Domain_loss	: 1.3111
Src_cls_loss	: 0.3111
-------------------------------------
[Epoch : 16/40]
Total_loss	: 5.0316
Domain_loss	: 1.3132
Src_cls_loss	: 0.3055
-------------------------------------
[Epoch : 17/40]
Total_loss	: 5.0098
Domain_loss	: 1.3154
Src_cls_loss	: 0.3002
-------------------------------------
[Epoch : 18/40]
Total_loss	: 4.9872
Domain_loss	: 1.3158
Src_cls_loss	: 0.2958
-------------------------------------
[Epoch : 19/40]
Total_loss	: 4.9672
Domain_loss	: 1.3177
Src_cls_loss	: 0.2910
-------------------------------------
[Epoch : 20/40]
Total_loss	: 4.9504
Domain_loss	: 1.3195
Src_cls_loss	: 0.2870
-------------------------------------
[Epoch : 21/40]
Total_loss	: 4.9300
Domain_loss	: 1.3208
Src_cls_loss	: 0.2824
-------------------------------------
[Epoch : 22/40]
Total_loss	: 4.9142
Domain_loss	: 1.3233
Src_cls_loss	: 0.2782
-------------------------------------
[Epoch : 23/40]
Total_loss	: 4.9016
Domain_loss	: 1.3253
Src_cls_loss	: 0.2748
-------------------------------------
[Epoch : 24/40]
Total_loss	: 4.8864
Domain_loss	: 1.3267
Src_cls_loss	: 0.2713
-------------------------------------
[Epoch : 25/40]
Total_loss	: 4.8747
Domain_loss	: 1.3286
Src_cls_loss	: 0.2681
-------------------------------------
[Epoch : 26/40]
Total_loss	: 4.8635
Domain_loss	: 1.3303
Src_cls_loss	: 0.2651
-------------------------------------
[Epoch : 27/40]
Total_loss	: 4.8488
Domain_loss	: 1.3314
Src_cls_loss	: 0.2618
-------------------------------------
[Epoch : 28/40]
Total_loss	: 4.8340
Domain_loss	: 1.3316
Src_cls_loss	: 0.2589
-------------------------------------
[Epoch : 29/40]
Total_loss	: 4.8241
Domain_loss	: 1.3320
Src_cls_loss	: 0.2568
-------------------------------------
[Epoch : 30/40]
Total_loss	: 4.8133
Domain_loss	: 1.3332
Src_cls_loss	: 0.2542
-------------------------------------
[Epoch : 31/40]
Total_loss	: 4.8011
Domain_loss	: 1.3335
Src_cls_loss	: 0.2517
-------------------------------------
[Epoch : 32/40]
Total_loss	: 4.7888
Domain_loss	: 1.3334
Src_cls_loss	: 0.2494
-------------------------------------
[Epoch : 33/40]
Total_loss	: 4.7797
Domain_loss	: 1.3339
Src_cls_loss	: 0.2474
-------------------------------------
[Epoch : 34/40]
Total_loss	: 4.7693
Domain_loss	: 1.3339
Src_cls_loss	: 0.2455
-------------------------------------
[Epoch : 35/40]
Total_loss	: 4.7596
Domain_loss	: 1.3344
Src_cls_loss	: 0.2434
-------------------------------------
[Epoch : 36/40]
Total_loss	: 4.7516
Domain_loss	: 1.3347
Src_cls_loss	: 0.2417
-------------------------------------
[Epoch : 37/40]
Total_loss	: 4.7434
Domain_loss	: 1.3356
Src_cls_loss	: 0.2397
-------------------------------------
[Epoch : 38/40]
Total_loss	: 4.7344
Domain_loss	: 1.3358
Src_cls_loss	: 0.2379
-------------------------------------
[Epoch : 39/40]
Total_loss	: 4.7271
Domain_loss	: 1.3365
Src_cls_loss	: 0.2362
-------------------------------------
[Epoch : 40/40]
Total_loss	: 4.7203
Domain_loss	: 1.3374
Src_cls_loss	: 0.2345
-------------------------------------
