=============================================
Dataset: pamap_mobiact
Method:  SYN
=============================================
Source: syn_wal_58 ---> Target: dp_wal_58
Run ID: 4
=============================================
[Epoch : 1/40]
Src_cls_loss	: 0.6899
-------------------------------------
[Epoch : 2/40]
Src_cls_loss	: 0.5588
-------------------------------------
[Epoch : 3/40]
Src_cls_loss	: 0.4671
-------------------------------------
[Epoch : 4/40]
Src_cls_loss	: 0.4023
-------------------------------------
[Epoch : 5/40]
Src_cls_loss	: 0.3486
-------------------------------------
[Epoch : 6/40]
Src_cls_loss	: 0.3067
-------------------------------------
[Epoch : 7/40]
Src_cls_loss	: 0.2749
-------------------------------------
[Epoch : 8/40]
Src_cls_loss	: 0.2509
-------------------------------------
[Epoch : 9/40]
Src_cls_loss	: 0.2309
-------------------------------------
[Epoch : 10/40]
Src_cls_loss	: 0.2129
-------------------------------------
[Epoch : 11/40]
Src_cls_loss	: 0.1995
-------------------------------------
[Epoch : 12/40]
Src_cls_loss	: 0.1871
-------------------------------------
[Epoch : 13/40]
Src_cls_loss	: 0.1768
-------------------------------------
[Epoch : 14/40]
Src_cls_loss	: 0.1666
-------------------------------------
[Epoch : 15/40]
Src_cls_loss	: 0.1583
-------------------------------------
[Epoch : 16/40]
Src_cls_loss	: 0.1508
-------------------------------------
[Epoch : 17/40]
Src_cls_loss	: 0.1432
-------------------------------------
[Epoch : 18/40]
Src_cls_loss	: 0.1373
-------------------------------------
[Epoch : 19/40]
Src_cls_loss	: 0.1318
-------------------------------------
[Epoch : 20/40]
Src_cls_loss	: 0.1262
-------------------------------------
[Epoch : 21/40]
Src_cls_loss	: 0.1209
-------------------------------------
[Epoch : 22/40]
Src_cls_loss	: 0.1162
-------------------------------------
[Epoch : 23/40]
Src_cls_loss	: 0.1116
-------------------------------------
[Epoch : 24/40]
Src_cls_loss	: 0.1074
-------------------------------------
[Epoch : 25/40]
Src_cls_loss	: 0.1038
-------------------------------------
[Epoch : 26/40]
Src_cls_loss	: 0.1002
-------------------------------------
[Epoch : 27/40]
Src_cls_loss	: 0.0970
-------------------------------------
[Epoch : 28/40]
Src_cls_loss	: 0.0941
-------------------------------------
[Epoch : 29/40]
Src_cls_loss	: 0.0914
-------------------------------------
[Epoch : 30/40]
Src_cls_loss	: 0.0887
-------------------------------------
[Epoch : 31/40]
Src_cls_loss	: 0.0864
-------------------------------------
[Epoch : 32/40]
Src_cls_loss	: 0.0840
-------------------------------------
[Epoch : 33/40]
Src_cls_loss	: 0.0821
-------------------------------------
[Epoch : 34/40]
Src_cls_loss	: 0.0802
-------------------------------------
[Epoch : 35/40]
Src_cls_loss	: 0.0784
-------------------------------------
[Epoch : 36/40]
Src_cls_loss	: 0.0766
-------------------------------------
[Epoch : 37/40]
Src_cls_loss	: 0.0747
-------------------------------------
[Epoch : 38/40]
Src_cls_loss	: 0.0730
-------------------------------------
[Epoch : 39/40]
Src_cls_loss	: 0.0713
-------------------------------------
[Epoch : 40/40]
Src_cls_loss	: 0.0697
-------------------------------------
