=============================================
Dataset: mobiact_realworld
Method:  SYN
=============================================
Source: syn_wal_64 ---> Target: dp_wal_64
Run ID: 4
=============================================
[Epoch : 1/40]
Src_cls_loss	: 0.6629
-------------------------------------
[Epoch : 2/40]
Src_cls_loss	: 0.4866
-------------------------------------
[Epoch : 3/40]
Src_cls_loss	: 0.3839
-------------------------------------
[Epoch : 4/40]
Src_cls_loss	: 0.3176
-------------------------------------
[Epoch : 5/40]
Src_cls_loss	: 0.2694
-------------------------------------
[Epoch : 6/40]
Src_cls_loss	: 0.2360
-------------------------------------
[Epoch : 7/40]
Src_cls_loss	: 0.2092
-------------------------------------
[Epoch : 8/40]
Src_cls_loss	: 0.1876
-------------------------------------
[Epoch : 9/40]
Src_cls_loss	: 0.1704
-------------------------------------
[Epoch : 10/40]
Src_cls_loss	: 0.1574
-------------------------------------
[Epoch : 11/40]
Src_cls_loss	: 0.1451
-------------------------------------
[Epoch : 12/40]
Src_cls_loss	: 0.1346
-------------------------------------
[Epoch : 13/40]
Src_cls_loss	: 0.1258
-------------------------------------
[Epoch : 14/40]
Src_cls_loss	: 0.1180
-------------------------------------
[Epoch : 15/40]
Src_cls_loss	: 0.1111
-------------------------------------
[Epoch : 16/40]
Src_cls_loss	: 0.1052
-------------------------------------
[Epoch : 17/40]
Src_cls_loss	: 0.1002
-------------------------------------
[Epoch : 18/40]
Src_cls_loss	: 0.0953
-------------------------------------
[Epoch : 19/40]
Src_cls_loss	: 0.0911
-------------------------------------
[Epoch : 20/40]
Src_cls_loss	: 0.0870
-------------------------------------
[Epoch : 21/40]
Src_cls_loss	: 0.0833
-------------------------------------
[Epoch : 22/40]
Src_cls_loss	: 0.0801
-------------------------------------
[Epoch : 23/40]
Src_cls_loss	: 0.0772
-------------------------------------
[Epoch : 24/40]
Src_cls_loss	: 0.0743
-------------------------------------
[Epoch : 25/40]
Src_cls_loss	: 0.0718
-------------------------------------
[Epoch : 26/40]
Src_cls_loss	: 0.0693
-------------------------------------
[Epoch : 27/40]
Src_cls_loss	: 0.0671
-------------------------------------
[Epoch : 28/40]
Src_cls_loss	: 0.0649
-------------------------------------
[Epoch : 29/40]
Src_cls_loss	: 0.0629
-------------------------------------
[Epoch : 30/40]
Src_cls_loss	: 0.0610
-------------------------------------
[Epoch : 31/40]
Src_cls_loss	: 0.0592
-------------------------------------
[Epoch : 32/40]
Src_cls_loss	: 0.0576
-------------------------------------
[Epoch : 33/40]
Src_cls_loss	: 0.0560
-------------------------------------
[Epoch : 34/40]
Src_cls_loss	: 0.0545
-------------------------------------
[Epoch : 35/40]
Src_cls_loss	: 0.0531
-------------------------------------
[Epoch : 36/40]
Src_cls_loss	: 0.0517
-------------------------------------
[Epoch : 37/40]
Src_cls_loss	: 0.0504
-------------------------------------
[Epoch : 38/40]
Src_cls_loss	: 0.0493
-------------------------------------
[Epoch : 39/40]
Src_cls_loss	: 0.0482
-------------------------------------
[Epoch : 40/40]
Src_cls_loss	: 0.0472
-------------------------------------
