=============================================
Dataset: realworld_mobiact
Method:  NO_ADAPT
=============================================
Source: syn_43 ---> Target: dp_43
Run ID: 2
=============================================
[Epoch : 1/40]
Src_cls_loss	: 0.6318
-------------------------------------
[Epoch : 2/40]
Src_cls_loss	: 0.4904
-------------------------------------
[Epoch : 3/40]
Src_cls_loss	: 0.4106
-------------------------------------
[Epoch : 4/40]
Src_cls_loss	: 0.3588
-------------------------------------
[Epoch : 5/40]
Src_cls_loss	: 0.3187
-------------------------------------
[Epoch : 6/40]
Src_cls_loss	: 0.2921
-------------------------------------
[Epoch : 7/40]
Src_cls_loss	: 0.2688
-------------------------------------
[Epoch : 8/40]
Src_cls_loss	: 0.2514
-------------------------------------
[Epoch : 9/40]
Src_cls_loss	: 0.2347
-------------------------------------
[Epoch : 10/40]
Src_cls_loss	: 0.2214
-------------------------------------
[Epoch : 11/40]
Src_cls_loss	: 0.2094
-------------------------------------
[Epoch : 12/40]
Src_cls_loss	: 0.1997
-------------------------------------
[Epoch : 13/40]
Src_cls_loss	: 0.1916
-------------------------------------
[Epoch : 14/40]
Src_cls_loss	: 0.1831
-------------------------------------
[Epoch : 15/40]
Src_cls_loss	: 0.1756
-------------------------------------
[Epoch : 16/40]
Src_cls_loss	: 0.1686
-------------------------------------
[Epoch : 17/40]
Src_cls_loss	: 0.1622
-------------------------------------
[Epoch : 18/40]
Src_cls_loss	: 0.1557
-------------------------------------
[Epoch : 19/40]
Src_cls_loss	: 0.1504
-------------------------------------
[Epoch : 20/40]
Src_cls_loss	: 0.1453
-------------------------------------
[Epoch : 21/40]
Src_cls_loss	: 0.1402
-------------------------------------
[Epoch : 22/40]
Src_cls_loss	: 0.1358
-------------------------------------
[Epoch : 23/40]
Src_cls_loss	: 0.1313
-------------------------------------
[Epoch : 24/40]
Src_cls_loss	: 0.1276
-------------------------------------
[Epoch : 25/40]
Src_cls_loss	: 0.1244
-------------------------------------
[Epoch : 26/40]
Src_cls_loss	: 0.1206
-------------------------------------
[Epoch : 27/40]
Src_cls_loss	: 0.1172
-------------------------------------
[Epoch : 28/40]
Src_cls_loss	: 0.1140
-------------------------------------
[Epoch : 29/40]
Src_cls_loss	: 0.1111
-------------------------------------
[Epoch : 30/40]
Src_cls_loss	: 0.1081
-------------------------------------
[Epoch : 31/40]
Src_cls_loss	: 0.1055
-------------------------------------
[Epoch : 32/40]
Src_cls_loss	: 0.1027
-------------------------------------
[Epoch : 33/40]
Src_cls_loss	: 0.1004
-------------------------------------
[Epoch : 34/40]
Src_cls_loss	: 0.0981
-------------------------------------
[Epoch : 35/40]
Src_cls_loss	: 0.0959
-------------------------------------
[Epoch : 36/40]
Src_cls_loss	: 0.0938
-------------------------------------
[Epoch : 37/40]
Src_cls_loss	: 0.0915
-------------------------------------
[Epoch : 38/40]
Src_cls_loss	: 0.0900
-------------------------------------
[Epoch : 39/40]
Src_cls_loss	: 0.0888
-------------------------------------
[Epoch : 40/40]
Src_cls_loss	: 0.0870
-------------------------------------
