=============================================
Dataset: pamap_realworld
Method:  Deep_Coral
=============================================
Source: df ---> Target: dp_wal_10
Run ID: 0
=============================================
[Epoch : 1/40]
Total_loss	: 3.3050
Src_cls_loss	: 0.4954
coral_loss	: 0.0007
-------------------------------------
[Epoch : 2/40]
Total_loss	: 2.3735
Src_cls_loss	: 0.3556
coral_loss	: 0.0006
-------------------------------------
[Epoch : 3/40]
Total_loss	: 1.8767
Src_cls_loss	: 0.2810
coral_loss	: 0.0006
-------------------------------------
[Epoch : 4/40]
Total_loss	: 1.6338
Src_cls_loss	: 0.2446
coral_loss	: 0.0006
-------------------------------------
[Epoch : 5/40]
Total_loss	: 1.4623
Src_cls_loss	: 0.2188
coral_loss	: 0.0007
-------------------------------------
[Epoch : 6/40]
Total_loss	: 1.2982
Src_cls_loss	: 0.1942
coral_loss	: 0.0007
-------------------------------------
[Epoch : 7/40]
Total_loss	: 1.1867
Src_cls_loss	: 0.1774
coral_loss	: 0.0007
-------------------------------------
[Epoch : 8/40]
Total_loss	: 1.1031
Src_cls_loss	: 0.1649
coral_loss	: 0.0007
-------------------------------------
[Epoch : 9/40]
Total_loss	: 1.0231
Src_cls_loss	: 0.1529
coral_loss	: 0.0007
-------------------------------------
[Epoch : 10/40]
Total_loss	: 0.9511
Src_cls_loss	: 0.1421
coral_loss	: 0.0007
-------------------------------------
[Epoch : 11/40]
Total_loss	: 0.8960
Src_cls_loss	: 0.1338
coral_loss	: 0.0007
-------------------------------------
[Epoch : 12/40]
Total_loss	: 0.8458
Src_cls_loss	: 0.1263
coral_loss	: 0.0007
-------------------------------------
[Epoch : 13/40]
Total_loss	: 0.8100
Src_cls_loss	: 0.1209
coral_loss	: 0.0007
-------------------------------------
[Epoch : 14/40]
Total_loss	: 0.7728
Src_cls_loss	: 0.1153
coral_loss	: 0.0007
-------------------------------------
[Epoch : 15/40]
Total_loss	: 0.7384
Src_cls_loss	: 0.1101
coral_loss	: 0.0007
-------------------------------------
[Epoch : 16/40]
Total_loss	: 0.7122
Src_cls_loss	: 0.1062
coral_loss	: 0.0007
-------------------------------------
[Epoch : 17/40]
Total_loss	: 0.6882
Src_cls_loss	: 0.1026
coral_loss	: 0.0007
-------------------------------------
[Epoch : 18/40]
Total_loss	: 0.6624
Src_cls_loss	: 0.0987
coral_loss	: 0.0007
-------------------------------------
[Epoch : 19/40]
Total_loss	: 0.6391
Src_cls_loss	: 0.0952
coral_loss	: 0.0007
-------------------------------------
[Epoch : 20/40]
Total_loss	: 0.6180
Src_cls_loss	: 0.0921
coral_loss	: 0.0007
-------------------------------------
[Epoch : 21/40]
Total_loss	: 0.5988
Src_cls_loss	: 0.0892
coral_loss	: 0.0007
-------------------------------------
[Epoch : 22/40]
Total_loss	: 0.5793
Src_cls_loss	: 0.0863
coral_loss	: 0.0007
-------------------------------------
[Epoch : 23/40]
Total_loss	: 0.5617
Src_cls_loss	: 0.0836
coral_loss	: 0.0007
-------------------------------------
[Epoch : 24/40]
Total_loss	: 0.5435
Src_cls_loss	: 0.0809
coral_loss	: 0.0007
-------------------------------------
[Epoch : 25/40]
Total_loss	: 0.5297
Src_cls_loss	: 0.0788
coral_loss	: 0.0007
-------------------------------------
[Epoch : 26/40]
Total_loss	: 0.5153
Src_cls_loss	: 0.0767
coral_loss	: 0.0007
-------------------------------------
[Epoch : 27/40]
Total_loss	: 0.5032
Src_cls_loss	: 0.0748
coral_loss	: 0.0007
-------------------------------------
[Epoch : 28/40]
Total_loss	: 0.4902
Src_cls_loss	: 0.0729
coral_loss	: 0.0007
-------------------------------------
[Epoch : 29/40]
Total_loss	: 0.4784
Src_cls_loss	: 0.0711
coral_loss	: 0.0007
-------------------------------------
[Epoch : 30/40]
Total_loss	: 0.4675
Src_cls_loss	: 0.0695
coral_loss	: 0.0007
-------------------------------------
[Epoch : 31/40]
Total_loss	: 0.4584
Src_cls_loss	: 0.0681
coral_loss	: 0.0007
-------------------------------------
[Epoch : 32/40]
Total_loss	: 0.4497
Src_cls_loss	: 0.0668
coral_loss	: 0.0007
-------------------------------------
[Epoch : 33/40]
Total_loss	: 0.4401
Src_cls_loss	: 0.0654
coral_loss	: 0.0007
-------------------------------------
[Epoch : 34/40]
Total_loss	: 0.4297
Src_cls_loss	: 0.0638
coral_loss	: 0.0007
-------------------------------------
[Epoch : 35/40]
Total_loss	: 0.4211
Src_cls_loss	: 0.0625
coral_loss	: 0.0007
-------------------------------------
[Epoch : 36/40]
Total_loss	: 0.4123
Src_cls_loss	: 0.0612
coral_loss	: 0.0007
-------------------------------------
[Epoch : 37/40]
Total_loss	: 0.4044
Src_cls_loss	: 0.0600
coral_loss	: 0.0007
-------------------------------------
[Epoch : 38/40]
Total_loss	: 0.3981
Src_cls_loss	: 0.0591
coral_loss	: 0.0007
-------------------------------------
[Epoch : 39/40]
Total_loss	: 0.3916
Src_cls_loss	: 0.0581
coral_loss	: 0.0007
-------------------------------------
[Epoch : 40/40]
Total_loss	: 0.3847
Src_cls_loss	: 0.0571
coral_loss	: 0.0007
-------------------------------------
