=============================================
Dataset: pamap_mobiact
Method:  SYN
=============================================
Source: syn_wal_7 ---> Target: dp_wal_7
Run ID: 1
=============================================
[Epoch : 1/40]
Src_cls_loss	: 0.7287
-------------------------------------
[Epoch : 2/40]
Src_cls_loss	: 0.5714
-------------------------------------
[Epoch : 3/40]
Src_cls_loss	: 0.4701
-------------------------------------
[Epoch : 4/40]
Src_cls_loss	: 0.3951
-------------------------------------
[Epoch : 5/40]
Src_cls_loss	: 0.3434
-------------------------------------
[Epoch : 6/40]
Src_cls_loss	: 0.3030
-------------------------------------
[Epoch : 7/40]
Src_cls_loss	: 0.2713
-------------------------------------
[Epoch : 8/40]
Src_cls_loss	: 0.2455
-------------------------------------
[Epoch : 9/40]
Src_cls_loss	: 0.2225
-------------------------------------
[Epoch : 10/40]
Src_cls_loss	: 0.2045
-------------------------------------
[Epoch : 11/40]
Src_cls_loss	: 0.1899
-------------------------------------
[Epoch : 12/40]
Src_cls_loss	: 0.1770
-------------------------------------
[Epoch : 13/40]
Src_cls_loss	: 0.1651
-------------------------------------
[Epoch : 14/40]
Src_cls_loss	: 0.1556
-------------------------------------
[Epoch : 15/40]
Src_cls_loss	: 0.1462
-------------------------------------
[Epoch : 16/40]
Src_cls_loss	: 0.1381
-------------------------------------
[Epoch : 17/40]
Src_cls_loss	: 0.1311
-------------------------------------
[Epoch : 18/40]
Src_cls_loss	: 0.1252
-------------------------------------
[Epoch : 19/40]
Src_cls_loss	: 0.1194
-------------------------------------
[Epoch : 20/40]
Src_cls_loss	: 0.1144
-------------------------------------
[Epoch : 21/40]
Src_cls_loss	: 0.1094
-------------------------------------
[Epoch : 22/40]
Src_cls_loss	: 0.1049
-------------------------------------
[Epoch : 23/40]
Src_cls_loss	: 0.1007
-------------------------------------
[Epoch : 24/40]
Src_cls_loss	: 0.0968
-------------------------------------
[Epoch : 25/40]
Src_cls_loss	: 0.0934
-------------------------------------
[Epoch : 26/40]
Src_cls_loss	: 0.0906
-------------------------------------
[Epoch : 27/40]
Src_cls_loss	: 0.0876
-------------------------------------
[Epoch : 28/40]
Src_cls_loss	: 0.0849
-------------------------------------
[Epoch : 29/40]
Src_cls_loss	: 0.0822
-------------------------------------
[Epoch : 30/40]
Src_cls_loss	: 0.0797
-------------------------------------
[Epoch : 31/40]
Src_cls_loss	: 0.0776
-------------------------------------
[Epoch : 32/40]
Src_cls_loss	: 0.0759
-------------------------------------
[Epoch : 33/40]
Src_cls_loss	: 0.0740
-------------------------------------
[Epoch : 34/40]
Src_cls_loss	: 0.0721
-------------------------------------
[Epoch : 35/40]
Src_cls_loss	: 0.0702
-------------------------------------
[Epoch : 36/40]
Src_cls_loss	: 0.0685
-------------------------------------
[Epoch : 37/40]
Src_cls_loss	: 0.0667
-------------------------------------
[Epoch : 38/40]
Src_cls_loss	: 0.0651
-------------------------------------
[Epoch : 39/40]
Src_cls_loss	: 0.0636
-------------------------------------
[Epoch : 40/40]
Src_cls_loss	: 0.0621
-------------------------------------
