=============================================
Dataset: pamap_mobiact
Method:  NO_ADAPT
=============================================
Source: syn_42 ---> Target: dp_42
Run ID: 9
=============================================
[Epoch : 1/40]
Src_cls_loss	: 0.6457
-------------------------------------
[Epoch : 2/40]
Src_cls_loss	: 0.5095
-------------------------------------
[Epoch : 3/40]
Src_cls_loss	: 0.4270
-------------------------------------
[Epoch : 4/40]
Src_cls_loss	: 0.3702
-------------------------------------
[Epoch : 5/40]
Src_cls_loss	: 0.3233
-------------------------------------
[Epoch : 6/40]
Src_cls_loss	: 0.2900
-------------------------------------
[Epoch : 7/40]
Src_cls_loss	: 0.2625
-------------------------------------
[Epoch : 8/40]
Src_cls_loss	: 0.2404
-------------------------------------
[Epoch : 9/40]
Src_cls_loss	: 0.2207
-------------------------------------
[Epoch : 10/40]
Src_cls_loss	: 0.2041
-------------------------------------
[Epoch : 11/40]
Src_cls_loss	: 0.1886
-------------------------------------
[Epoch : 12/40]
Src_cls_loss	: 0.1756
-------------------------------------
[Epoch : 13/40]
Src_cls_loss	: 0.1649
-------------------------------------
[Epoch : 14/40]
Src_cls_loss	: 0.1576
-------------------------------------
[Epoch : 15/40]
Src_cls_loss	: 0.1488
-------------------------------------
[Epoch : 16/40]
Src_cls_loss	: 0.1410
-------------------------------------
[Epoch : 17/40]
Src_cls_loss	: 0.1371
-------------------------------------
[Epoch : 18/40]
Src_cls_loss	: 0.1314
-------------------------------------
[Epoch : 19/40]
Src_cls_loss	: 0.1265
-------------------------------------
[Epoch : 20/40]
Src_cls_loss	: 0.1232
-------------------------------------
[Epoch : 21/40]
Src_cls_loss	: 0.1213
-------------------------------------
[Epoch : 22/40]
Src_cls_loss	: 0.1187
-------------------------------------
[Epoch : 23/40]
Src_cls_loss	: 0.1147
-------------------------------------
[Epoch : 24/40]
Src_cls_loss	: 0.1107
-------------------------------------
[Epoch : 25/40]
Src_cls_loss	: 0.1068
-------------------------------------
[Epoch : 26/40]
Src_cls_loss	: 0.1036
-------------------------------------
[Epoch : 27/40]
Src_cls_loss	: 0.1005
-------------------------------------
[Epoch : 28/40]
Src_cls_loss	: 0.0972
-------------------------------------
[Epoch : 29/40]
Src_cls_loss	: 0.0942
-------------------------------------
[Epoch : 30/40]
Src_cls_loss	: 0.0914
-------------------------------------
[Epoch : 31/40]
Src_cls_loss	: 0.0889
-------------------------------------
[Epoch : 32/40]
Src_cls_loss	: 0.0868
-------------------------------------
[Epoch : 33/40]
Src_cls_loss	: 0.0851
-------------------------------------
[Epoch : 34/40]
Src_cls_loss	: 0.0831
-------------------------------------
[Epoch : 35/40]
Src_cls_loss	: 0.0812
-------------------------------------
[Epoch : 36/40]
Src_cls_loss	: 0.0793
-------------------------------------
[Epoch : 37/40]
Src_cls_loss	: 0.0778
-------------------------------------
[Epoch : 38/40]
Src_cls_loss	: 0.0762
-------------------------------------
[Epoch : 39/40]
Src_cls_loss	: 0.0745
-------------------------------------
[Epoch : 40/40]
Src_cls_loss	: 0.0729
-------------------------------------
