=============================================
Dataset: pamap_mobiact
Method:  NO_ADAPT
=============================================
Source: syn_6 ---> Target: dp_6
Run ID: 4
=============================================
[Epoch : 1/40]
Src_cls_loss	: 0.7903
-------------------------------------
[Epoch : 2/40]
Src_cls_loss	: 0.6424
-------------------------------------
[Epoch : 3/40]
Src_cls_loss	: 0.5587
-------------------------------------
[Epoch : 4/40]
Src_cls_loss	: 0.4992
-------------------------------------
[Epoch : 5/40]
Src_cls_loss	: 0.4484
-------------------------------------
[Epoch : 6/40]
Src_cls_loss	: 0.4086
-------------------------------------
[Epoch : 7/40]
Src_cls_loss	: 0.3769
-------------------------------------
[Epoch : 8/40]
Src_cls_loss	: 0.3510
-------------------------------------
[Epoch : 9/40]
Src_cls_loss	: 0.3290
-------------------------------------
[Epoch : 10/40]
Src_cls_loss	: 0.3102
-------------------------------------
[Epoch : 11/40]
Src_cls_loss	: 0.2918
-------------------------------------
[Epoch : 12/40]
Src_cls_loss	: 0.2774
-------------------------------------
[Epoch : 13/40]
Src_cls_loss	: 0.2624
-------------------------------------
[Epoch : 14/40]
Src_cls_loss	: 0.2487
-------------------------------------
[Epoch : 15/40]
Src_cls_loss	: 0.2372
-------------------------------------
[Epoch : 16/40]
Src_cls_loss	: 0.2278
-------------------------------------
[Epoch : 17/40]
Src_cls_loss	: 0.2178
-------------------------------------
[Epoch : 18/40]
Src_cls_loss	: 0.2088
-------------------------------------
[Epoch : 19/40]
Src_cls_loss	: 0.2011
-------------------------------------
[Epoch : 20/40]
Src_cls_loss	: 0.1927
-------------------------------------
[Epoch : 21/40]
Src_cls_loss	: 0.1853
-------------------------------------
[Epoch : 22/40]
Src_cls_loss	: 0.1787
-------------------------------------
[Epoch : 23/40]
Src_cls_loss	: 0.1727
-------------------------------------
[Epoch : 24/40]
Src_cls_loss	: 0.1677
-------------------------------------
[Epoch : 25/40]
Src_cls_loss	: 0.1626
-------------------------------------
[Epoch : 26/40]
Src_cls_loss	: 0.1576
-------------------------------------
[Epoch : 27/40]
Src_cls_loss	: 0.1528
-------------------------------------
[Epoch : 28/40]
Src_cls_loss	: 0.1487
-------------------------------------
[Epoch : 29/40]
Src_cls_loss	: 0.1449
-------------------------------------
[Epoch : 30/40]
Src_cls_loss	: 0.1408
-------------------------------------
[Epoch : 31/40]
Src_cls_loss	: 0.1370
-------------------------------------
[Epoch : 32/40]
Src_cls_loss	: 0.1332
-------------------------------------
[Epoch : 33/40]
Src_cls_loss	: 0.1299
-------------------------------------
[Epoch : 34/40]
Src_cls_loss	: 0.1270
-------------------------------------
[Epoch : 35/40]
Src_cls_loss	: 0.1240
-------------------------------------
[Epoch : 36/40]
Src_cls_loss	: 0.1213
-------------------------------------
[Epoch : 37/40]
Src_cls_loss	: 0.1189
-------------------------------------
[Epoch : 38/40]
Src_cls_loss	: 0.1163
-------------------------------------
[Epoch : 39/40]
Src_cls_loss	: 0.1142
-------------------------------------
[Epoch : 40/40]
Src_cls_loss	: 0.1119
-------------------------------------
