=============================================
Dataset: CWRU_OR_centred
Method:  Deep_Coral
=============================================
Source: 0 ---> Target: 6
Run ID: 1
=============================================
[Epoch : 1/40]
Total_loss	: 0.0170
Src_cls_loss	: 0.1613
coral_loss	: 0.0002
-------------------------------------
[Epoch : 2/40]
Total_loss	: 0.0099
Src_cls_loss	: 0.0910
coral_loss	: 0.0002
-------------------------------------
[Epoch : 3/40]
Total_loss	: 0.0073
Src_cls_loss	: 0.0649
coral_loss	: 0.0002
-------------------------------------
[Epoch : 4/40]
Total_loss	: 0.0058
Src_cls_loss	: 0.0511
coral_loss	: 0.0002
-------------------------------------
[Epoch : 5/40]
Total_loss	: 0.0049
Src_cls_loss	: 0.0429
coral_loss	: 0.0001
-------------------------------------
[Epoch : 6/40]
Total_loss	: 0.0043
Src_cls_loss	: 0.0369
coral_loss	: 0.0001
-------------------------------------
[Epoch : 7/40]
Total_loss	: 0.0038
Src_cls_loss	: 0.0325
coral_loss	: 0.0001
-------------------------------------
[Epoch : 8/40]
Total_loss	: 0.0035
Src_cls_loss	: 0.0293
coral_loss	: 0.0001
-------------------------------------
[Epoch : 9/40]
Total_loss	: 0.0032
Src_cls_loss	: 0.0267
coral_loss	: 0.0001
-------------------------------------
[Epoch : 10/40]
Total_loss	: 0.0029
Src_cls_loss	: 0.0247
coral_loss	: 0.0001
-------------------------------------
[Epoch : 11/40]
Total_loss	: 0.0027
Src_cls_loss	: 0.0229
coral_loss	: 0.0001
-------------------------------------
[Epoch : 12/40]
Total_loss	: 0.0026
Src_cls_loss	: 0.0215
coral_loss	: 0.0001
-------------------------------------
[Epoch : 13/40]
Total_loss	: 0.0024
Src_cls_loss	: 0.0203
coral_loss	: 0.0001
-------------------------------------
[Epoch : 14/40]
Total_loss	: 0.0023
Src_cls_loss	: 0.0191
coral_loss	: 0.0001
-------------------------------------
[Epoch : 15/40]
Total_loss	: 0.0022
Src_cls_loss	: 0.0182
coral_loss	: 0.0001
-------------------------------------
[Epoch : 16/40]
Total_loss	: 0.0021
Src_cls_loss	: 0.0174
coral_loss	: 0.0001
-------------------------------------
[Epoch : 17/40]
Total_loss	: 0.0020
Src_cls_loss	: 0.0167
coral_loss	: 0.0001
-------------------------------------
[Epoch : 18/40]
Total_loss	: 0.0019
Src_cls_loss	: 0.0159
coral_loss	: 0.0001
-------------------------------------
[Epoch : 19/40]
Total_loss	: 0.0019
Src_cls_loss	: 0.0153
coral_loss	: 0.0001
-------------------------------------
[Epoch : 20/40]
Total_loss	: 0.0018
Src_cls_loss	: 0.0147
coral_loss	: 0.0001
-------------------------------------
[Epoch : 21/40]
Total_loss	: 0.0017
Src_cls_loss	: 0.0142
coral_loss	: 0.0001
-------------------------------------
[Epoch : 22/40]
Total_loss	: 0.0017
Src_cls_loss	: 0.0138
coral_loss	: 0.0001
-------------------------------------
[Epoch : 23/40]
Total_loss	: 0.0016
Src_cls_loss	: 0.0133
coral_loss	: 0.0001
-------------------------------------
[Epoch : 24/40]
Total_loss	: 0.0016
Src_cls_loss	: 0.0129
coral_loss	: 0.0001
-------------------------------------
[Epoch : 25/40]
Total_loss	: 0.0015
Src_cls_loss	: 0.0126
coral_loss	: 0.0001
-------------------------------------
[Epoch : 26/40]
Total_loss	: 0.0015
Src_cls_loss	: 0.0124
coral_loss	: 0.0001
-------------------------------------
[Epoch : 27/40]
Total_loss	: 0.0015
Src_cls_loss	: 0.0121
coral_loss	: 0.0001
-------------------------------------
[Epoch : 28/40]
Total_loss	: 0.0014
Src_cls_loss	: 0.0118
coral_loss	: 0.0001
-------------------------------------
[Epoch : 29/40]
Total_loss	: 0.0014
Src_cls_loss	: 0.0115
coral_loss	: 0.0001
-------------------------------------
[Epoch : 30/40]
Total_loss	: 0.0014
Src_cls_loss	: 0.0112
coral_loss	: 0.0001
-------------------------------------
[Epoch : 31/40]
Total_loss	: 0.0013
Src_cls_loss	: 0.0109
coral_loss	: 0.0001
-------------------------------------
[Epoch : 32/40]
Total_loss	: 0.0013
Src_cls_loss	: 0.0107
coral_loss	: 0.0000
-------------------------------------
[Epoch : 33/40]
Total_loss	: 0.0013
Src_cls_loss	: 0.0105
coral_loss	: 0.0000
-------------------------------------
[Epoch : 34/40]
Total_loss	: 0.0013
Src_cls_loss	: 0.0104
coral_loss	: 0.0000
-------------------------------------
[Epoch : 35/40]
Total_loss	: 0.0012
Src_cls_loss	: 0.0103
coral_loss	: 0.0000
-------------------------------------
[Epoch : 36/40]
Total_loss	: 0.0012
Src_cls_loss	: 0.0101
coral_loss	: 0.0000
-------------------------------------
[Epoch : 37/40]
Total_loss	: 0.0012
Src_cls_loss	: 0.0099
coral_loss	: 0.0000
-------------------------------------
[Epoch : 38/40]
Total_loss	: 0.0012
Src_cls_loss	: 0.0097
coral_loss	: 0.0000
-------------------------------------
[Epoch : 39/40]
Total_loss	: 0.0011
Src_cls_loss	: 0.0095
coral_loss	: 0.0000
-------------------------------------
[Epoch : 40/40]
Total_loss	: 0.0011
Src_cls_loss	: 0.0094
coral_loss	: 0.0000
-------------------------------------
