=============================================
Dataset: mobiact_realworld
Method:  SYN
=============================================
Source: syn_wal_64 ---> Target: dp_wal_64
Run ID: 5
=============================================
[Epoch : 1/40]
Src_cls_loss	: 0.7034
-------------------------------------
[Epoch : 2/40]
Src_cls_loss	: 0.5285
-------------------------------------
[Epoch : 3/40]
Src_cls_loss	: 0.4191
-------------------------------------
[Epoch : 4/40]
Src_cls_loss	: 0.3503
-------------------------------------
[Epoch : 5/40]
Src_cls_loss	: 0.3023
-------------------------------------
[Epoch : 6/40]
Src_cls_loss	: 0.2649
-------------------------------------
[Epoch : 7/40]
Src_cls_loss	: 0.2360
-------------------------------------
[Epoch : 8/40]
Src_cls_loss	: 0.2127
-------------------------------------
[Epoch : 9/40]
Src_cls_loss	: 0.1940
-------------------------------------
[Epoch : 10/40]
Src_cls_loss	: 0.1789
-------------------------------------
[Epoch : 11/40]
Src_cls_loss	: 0.1655
-------------------------------------
[Epoch : 12/40]
Src_cls_loss	: 0.1536
-------------------------------------
[Epoch : 13/40]
Src_cls_loss	: 0.1437
-------------------------------------
[Epoch : 14/40]
Src_cls_loss	: 0.1346
-------------------------------------
[Epoch : 15/40]
Src_cls_loss	: 0.1266
-------------------------------------
[Epoch : 16/40]
Src_cls_loss	: 0.1204
-------------------------------------
[Epoch : 17/40]
Src_cls_loss	: 0.1143
-------------------------------------
[Epoch : 18/40]
Src_cls_loss	: 0.1087
-------------------------------------
[Epoch : 19/40]
Src_cls_loss	: 0.1036
-------------------------------------
[Epoch : 20/40]
Src_cls_loss	: 0.0989
-------------------------------------
[Epoch : 21/40]
Src_cls_loss	: 0.0946
-------------------------------------
[Epoch : 22/40]
Src_cls_loss	: 0.0908
-------------------------------------
[Epoch : 23/40]
Src_cls_loss	: 0.0872
-------------------------------------
[Epoch : 24/40]
Src_cls_loss	: 0.0844
-------------------------------------
[Epoch : 25/40]
Src_cls_loss	: 0.0814
-------------------------------------
[Epoch : 26/40]
Src_cls_loss	: 0.0787
-------------------------------------
[Epoch : 27/40]
Src_cls_loss	: 0.0760
-------------------------------------
[Epoch : 28/40]
Src_cls_loss	: 0.0737
-------------------------------------
[Epoch : 29/40]
Src_cls_loss	: 0.0715
-------------------------------------
[Epoch : 30/40]
Src_cls_loss	: 0.0695
-------------------------------------
[Epoch : 31/40]
Src_cls_loss	: 0.0675
-------------------------------------
[Epoch : 32/40]
Src_cls_loss	: 0.0656
-------------------------------------
[Epoch : 33/40]
Src_cls_loss	: 0.0638
-------------------------------------
[Epoch : 34/40]
Src_cls_loss	: 0.0620
-------------------------------------
[Epoch : 35/40]
Src_cls_loss	: 0.0604
-------------------------------------
[Epoch : 36/40]
Src_cls_loss	: 0.0592
-------------------------------------
[Epoch : 37/40]
Src_cls_loss	: 0.0579
-------------------------------------
[Epoch : 38/40]
Src_cls_loss	: 0.0566
-------------------------------------
[Epoch : 39/40]
Src_cls_loss	: 0.0553
-------------------------------------
[Epoch : 40/40]
Src_cls_loss	: 0.0540
-------------------------------------
