=============================================
Dataset: realworld_mobiact
Method:  ROT
=============================================
Source: src ---> Target: trg
Run ID: 4
=============================================
[Epoch : 1/100]
Src_cls_loss	: 0.7912
-------------------------------------
[Epoch : 2/100]
Src_cls_loss	: 0.6783
-------------------------------------
[Epoch : 3/100]
Src_cls_loss	: 0.6083
-------------------------------------
[Epoch : 4/100]
Src_cls_loss	: 0.5602
-------------------------------------
[Epoch : 5/100]
Src_cls_loss	: 0.5262
-------------------------------------
[Epoch : 6/100]
Src_cls_loss	: 0.4995
-------------------------------------
[Epoch : 7/100]
Src_cls_loss	: 0.4768
-------------------------------------
[Epoch : 8/100]
Src_cls_loss	: 0.4584
-------------------------------------
[Epoch : 9/100]
Src_cls_loss	: 0.4416
-------------------------------------
[Epoch : 10/100]
Src_cls_loss	: 0.4277
-------------------------------------
[Epoch : 11/100]
Src_cls_loss	: 0.4145
-------------------------------------
[Epoch : 12/100]
Src_cls_loss	: 0.4035
-------------------------------------
[Epoch : 13/100]
Src_cls_loss	: 0.3929
-------------------------------------
[Epoch : 14/100]
Src_cls_loss	: 0.3835
-------------------------------------
[Epoch : 15/100]
Src_cls_loss	: 0.3751
-------------------------------------
[Epoch : 16/100]
Src_cls_loss	: 0.3675
-------------------------------------
[Epoch : 17/100]
Src_cls_loss	: 0.3604
-------------------------------------
[Epoch : 18/100]
Src_cls_loss	: 0.3528
-------------------------------------
[Epoch : 19/100]
Src_cls_loss	: 0.3465
-------------------------------------
[Epoch : 20/100]
Src_cls_loss	: 0.3404
-------------------------------------
[Epoch : 21/100]
Src_cls_loss	: 0.3345
-------------------------------------
[Epoch : 22/100]
Src_cls_loss	: 0.3288
-------------------------------------
[Epoch : 23/100]
Src_cls_loss	: 0.3235
-------------------------------------
[Epoch : 24/100]
Src_cls_loss	: 0.3186
-------------------------------------
[Epoch : 25/100]
Src_cls_loss	: 0.3145
-------------------------------------
[Epoch : 26/100]
Src_cls_loss	: 0.3098
-------------------------------------
[Epoch : 27/100]
Src_cls_loss	: 0.3058
-------------------------------------
[Epoch : 28/100]
Src_cls_loss	: 0.3020
-------------------------------------
[Epoch : 29/100]
Src_cls_loss	: 0.2989
-------------------------------------
[Epoch : 30/100]
Src_cls_loss	: 0.2952
-------------------------------------
[Epoch : 31/100]
Src_cls_loss	: 0.2917
-------------------------------------
[Epoch : 32/100]
Src_cls_loss	: 0.2881
-------------------------------------
[Epoch : 33/100]
Src_cls_loss	: 0.2850
-------------------------------------
[Epoch : 34/100]
Src_cls_loss	: 0.2821
-------------------------------------
[Epoch : 35/100]
Src_cls_loss	: 0.2792
-------------------------------------
[Epoch : 36/100]
Src_cls_loss	: 0.2765
-------------------------------------
[Epoch : 37/100]
Src_cls_loss	: 0.2741
-------------------------------------
[Epoch : 38/100]
Src_cls_loss	: 0.2713
-------------------------------------
[Epoch : 39/100]
Src_cls_loss	: 0.2686
-------------------------------------
[Epoch : 40/100]
Src_cls_loss	: 0.2661
-------------------------------------
[Epoch : 41/100]
Src_cls_loss	: 0.2636
-------------------------------------
[Epoch : 42/100]
Src_cls_loss	: 0.2611
-------------------------------------
[Epoch : 43/100]
Src_cls_loss	: 0.2589
-------------------------------------
[Epoch : 44/100]
Src_cls_loss	: 0.2567
-------------------------------------
[Epoch : 45/100]
Src_cls_loss	: 0.2546
-------------------------------------
[Epoch : 46/100]
Src_cls_loss	: 0.2524
-------------------------------------
[Epoch : 47/100]
Src_cls_loss	: 0.2504
-------------------------------------
[Epoch : 48/100]
Src_cls_loss	: 0.2484
-------------------------------------
[Epoch : 49/100]
Src_cls_loss	: 0.2463
-------------------------------------
[Epoch : 50/100]
Src_cls_loss	: 0.2443
-------------------------------------
[Epoch : 51/100]
Src_cls_loss	: 0.2425
-------------------------------------
[Epoch : 52/100]
Src_cls_loss	: 0.2408
-------------------------------------
[Epoch : 53/100]
Src_cls_loss	: 0.2390
-------------------------------------
[Epoch : 54/100]
Src_cls_loss	: 0.2372
-------------------------------------
[Epoch : 55/100]
Src_cls_loss	: 0.2356
-------------------------------------
[Epoch : 56/100]
Src_cls_loss	: 0.2338
-------------------------------------
[Epoch : 57/100]
Src_cls_loss	: 0.2322
-------------------------------------
[Epoch : 58/100]
Src_cls_loss	: 0.2306
-------------------------------------
[Epoch : 59/100]
Src_cls_loss	: 0.2290
-------------------------------------
[Epoch : 60/100]
Src_cls_loss	: 0.2275
-------------------------------------
[Epoch : 61/100]
Src_cls_loss	: 0.2260
-------------------------------------
[Epoch : 62/100]
Src_cls_loss	: 0.2245
-------------------------------------
[Epoch : 63/100]
Src_cls_loss	: 0.2231
-------------------------------------
[Epoch : 64/100]
Src_cls_loss	: 0.2218
-------------------------------------
[Epoch : 65/100]
Src_cls_loss	: 0.2204
-------------------------------------
[Epoch : 66/100]
Src_cls_loss	: 0.2191
-------------------------------------
[Epoch : 67/100]
Src_cls_loss	: 0.2177
-------------------------------------
[Epoch : 68/100]
Src_cls_loss	: 0.2166
-------------------------------------
[Epoch : 69/100]
Src_cls_loss	: 0.2153
-------------------------------------
[Epoch : 70/100]
Src_cls_loss	: 0.2140
-------------------------------------
[Epoch : 71/100]
Src_cls_loss	: 0.2128
-------------------------------------
[Epoch : 72/100]
Src_cls_loss	: 0.2117
-------------------------------------
[Epoch : 73/100]
Src_cls_loss	: 0.2105
-------------------------------------
[Epoch : 74/100]
Src_cls_loss	: 0.2093
-------------------------------------
[Epoch : 75/100]
Src_cls_loss	: 0.2082
-------------------------------------
[Epoch : 76/100]
Src_cls_loss	: 0.2072
-------------------------------------
[Epoch : 77/100]
Src_cls_loss	: 0.2061
-------------------------------------
[Epoch : 78/100]
Src_cls_loss	: 0.2050
-------------------------------------
[Epoch : 79/100]
Src_cls_loss	: 0.2039
-------------------------------------
[Epoch : 80/100]
Src_cls_loss	: 0.2029
-------------------------------------
[Epoch : 81/100]
Src_cls_loss	: 0.2019
-------------------------------------
[Epoch : 82/100]
Src_cls_loss	: 0.2009
-------------------------------------
[Epoch : 83/100]
Src_cls_loss	: 0.1999
-------------------------------------
[Epoch : 84/100]
Src_cls_loss	: 0.1989
-------------------------------------
[Epoch : 85/100]
Src_cls_loss	: 0.1980
-------------------------------------
[Epoch : 86/100]
Src_cls_loss	: 0.1970
-------------------------------------
[Epoch : 87/100]
Src_cls_loss	: 0.1961
-------------------------------------
[Epoch : 88/100]
Src_cls_loss	: 0.1951
-------------------------------------
[Epoch : 89/100]
Src_cls_loss	: 0.1941
-------------------------------------
[Epoch : 90/100]
Src_cls_loss	: 0.1931
-------------------------------------
[Epoch : 91/100]
Src_cls_loss	: 0.1922
-------------------------------------
[Epoch : 92/100]
Src_cls_loss	: 0.1913
-------------------------------------
[Epoch : 93/100]
Src_cls_loss	: 0.1904
-------------------------------------
[Epoch : 94/100]
Src_cls_loss	: 0.1896
-------------------------------------
[Epoch : 95/100]
Src_cls_loss	: 0.1887
-------------------------------------
[Epoch : 96/100]
Src_cls_loss	: 0.1880
-------------------------------------
[Epoch : 97/100]
Src_cls_loss	: 0.1872
-------------------------------------
[Epoch : 98/100]
Src_cls_loss	: 0.1864
-------------------------------------
[Epoch : 99/100]
Src_cls_loss	: 0.1856
-------------------------------------
[Epoch : 100/100]
Src_cls_loss	: 0.1848
-------------------------------------
