=============================================
Dataset: realworld_mobiact
Method:  NO_ADAPT
=============================================
Source: src_nowal ---> Target: trg_nowal
Run ID: 3
=============================================
[Epoch : 1/100]
Src_cls_loss	: 0.4569
-------------------------------------
[Epoch : 2/100]
Src_cls_loss	: 0.3319
-------------------------------------
[Epoch : 3/100]
Src_cls_loss	: 0.2662
-------------------------------------
[Epoch : 4/100]
Src_cls_loss	: 0.2265
-------------------------------------
[Epoch : 5/100]
Src_cls_loss	: 0.1998
-------------------------------------
[Epoch : 6/100]
Src_cls_loss	: 0.1796
-------------------------------------
[Epoch : 7/100]
Src_cls_loss	: 0.1649
-------------------------------------
[Epoch : 8/100]
Src_cls_loss	: 0.1516
-------------------------------------
[Epoch : 9/100]
Src_cls_loss	: 0.1406
-------------------------------------
[Epoch : 10/100]
Src_cls_loss	: 0.1316
-------------------------------------
[Epoch : 11/100]
Src_cls_loss	: 0.1239
-------------------------------------
[Epoch : 12/100]
Src_cls_loss	: 0.1168
-------------------------------------
[Epoch : 13/100]
Src_cls_loss	: 0.1106
-------------------------------------
[Epoch : 14/100]
Src_cls_loss	: 0.1054
-------------------------------------
[Epoch : 15/100]
Src_cls_loss	: 0.1002
-------------------------------------
[Epoch : 16/100]
Src_cls_loss	: 0.0956
-------------------------------------
[Epoch : 17/100]
Src_cls_loss	: 0.0915
-------------------------------------
[Epoch : 18/100]
Src_cls_loss	: 0.0877
-------------------------------------
[Epoch : 19/100]
Src_cls_loss	: 0.0842
-------------------------------------
[Epoch : 20/100]
Src_cls_loss	: 0.0810
-------------------------------------
[Epoch : 21/100]
Src_cls_loss	: 0.0780
-------------------------------------
[Epoch : 22/100]
Src_cls_loss	: 0.0752
-------------------------------------
[Epoch : 23/100]
Src_cls_loss	: 0.0726
-------------------------------------
[Epoch : 24/100]
Src_cls_loss	: 0.0702
-------------------------------------
[Epoch : 25/100]
Src_cls_loss	: 0.0680
-------------------------------------
[Epoch : 26/100]
Src_cls_loss	: 0.0660
-------------------------------------
[Epoch : 27/100]
Src_cls_loss	: 0.0642
-------------------------------------
[Epoch : 28/100]
Src_cls_loss	: 0.0623
-------------------------------------
[Epoch : 29/100]
Src_cls_loss	: 0.0605
-------------------------------------
[Epoch : 30/100]
Src_cls_loss	: 0.0587
-------------------------------------
[Epoch : 31/100]
Src_cls_loss	: 0.0572
-------------------------------------
[Epoch : 32/100]
Src_cls_loss	: 0.0556
-------------------------------------
[Epoch : 33/100]
Src_cls_loss	: 0.0542
-------------------------------------
[Epoch : 34/100]
Src_cls_loss	: 0.0530
-------------------------------------
[Epoch : 35/100]
Src_cls_loss	: 0.0519
-------------------------------------
[Epoch : 36/100]
Src_cls_loss	: 0.0506
-------------------------------------
[Epoch : 37/100]
Src_cls_loss	: 0.0494
-------------------------------------
[Epoch : 38/100]
Src_cls_loss	: 0.0483
-------------------------------------
[Epoch : 39/100]
Src_cls_loss	: 0.0472
-------------------------------------
[Epoch : 40/100]
Src_cls_loss	: 0.0461
-------------------------------------
[Epoch : 41/100]
Src_cls_loss	: 0.0451
-------------------------------------
[Epoch : 42/100]
Src_cls_loss	: 0.0441
-------------------------------------
[Epoch : 43/100]
Src_cls_loss	: 0.0432
-------------------------------------
[Epoch : 44/100]
Src_cls_loss	: 0.0423
-------------------------------------
[Epoch : 45/100]
Src_cls_loss	: 0.0415
-------------------------------------
[Epoch : 46/100]
Src_cls_loss	: 0.0406
-------------------------------------
[Epoch : 47/100]
Src_cls_loss	: 0.0400
-------------------------------------
[Epoch : 48/100]
Src_cls_loss	: 0.0395
-------------------------------------
[Epoch : 49/100]
Src_cls_loss	: 0.0389
-------------------------------------
[Epoch : 50/100]
Src_cls_loss	: 0.0382
-------------------------------------
[Epoch : 51/100]
Src_cls_loss	: 0.0375
-------------------------------------
[Epoch : 52/100]
Src_cls_loss	: 0.0369
-------------------------------------
[Epoch : 53/100]
Src_cls_loss	: 0.0364
-------------------------------------
[Epoch : 54/100]
Src_cls_loss	: 0.0357
-------------------------------------
[Epoch : 55/100]
Src_cls_loss	: 0.0352
-------------------------------------
[Epoch : 56/100]
Src_cls_loss	: 0.0346
-------------------------------------
[Epoch : 57/100]
Src_cls_loss	: 0.0340
-------------------------------------
[Epoch : 58/100]
Src_cls_loss	: 0.0335
-------------------------------------
[Epoch : 59/100]
Src_cls_loss	: 0.0329
-------------------------------------
[Epoch : 60/100]
Src_cls_loss	: 0.0325
-------------------------------------
[Epoch : 61/100]
Src_cls_loss	: 0.0321
-------------------------------------
[Epoch : 62/100]
Src_cls_loss	: 0.0316
-------------------------------------
[Epoch : 63/100]
Src_cls_loss	: 0.0312
-------------------------------------
[Epoch : 64/100]
Src_cls_loss	: 0.0307
-------------------------------------
[Epoch : 65/100]
Src_cls_loss	: 0.0302
-------------------------------------
[Epoch : 66/100]
Src_cls_loss	: 0.0298
-------------------------------------
[Epoch : 67/100]
Src_cls_loss	: 0.0294
-------------------------------------
[Epoch : 68/100]
Src_cls_loss	: 0.0290
-------------------------------------
[Epoch : 69/100]
Src_cls_loss	: 0.0286
-------------------------------------
[Epoch : 70/100]
Src_cls_loss	: 0.0283
-------------------------------------
[Epoch : 71/100]
Src_cls_loss	: 0.0279
-------------------------------------
[Epoch : 72/100]
Src_cls_loss	: 0.0275
-------------------------------------
[Epoch : 73/100]
Src_cls_loss	: 0.0272
-------------------------------------
[Epoch : 74/100]
Src_cls_loss	: 0.0268
-------------------------------------
[Epoch : 75/100]
Src_cls_loss	: 0.0265
-------------------------------------
[Epoch : 76/100]
Src_cls_loss	: 0.0262
-------------------------------------
[Epoch : 77/100]
Src_cls_loss	: 0.0258
-------------------------------------
[Epoch : 78/100]
Src_cls_loss	: 0.0256
-------------------------------------
[Epoch : 79/100]
Src_cls_loss	: 0.0253
-------------------------------------
[Epoch : 80/100]
Src_cls_loss	: 0.0250
-------------------------------------
[Epoch : 81/100]
Src_cls_loss	: 0.0247
-------------------------------------
[Epoch : 82/100]
Src_cls_loss	: 0.0246
-------------------------------------
[Epoch : 83/100]
Src_cls_loss	: 0.0244
-------------------------------------
[Epoch : 84/100]
Src_cls_loss	: 0.0242
-------------------------------------
[Epoch : 85/100]
Src_cls_loss	: 0.0239
-------------------------------------
[Epoch : 86/100]
Src_cls_loss	: 0.0237
-------------------------------------
[Epoch : 87/100]
Src_cls_loss	: 0.0235
-------------------------------------
[Epoch : 88/100]
Src_cls_loss	: 0.0233
-------------------------------------
[Epoch : 89/100]
Src_cls_loss	: 0.0230
-------------------------------------
[Epoch : 90/100]
Src_cls_loss	: 0.0228
-------------------------------------
[Epoch : 91/100]
Src_cls_loss	: 0.0225
-------------------------------------
[Epoch : 92/100]
Src_cls_loss	: 0.0223
-------------------------------------
[Epoch : 93/100]
Src_cls_loss	: 0.0221
-------------------------------------
[Epoch : 94/100]
Src_cls_loss	: 0.0218
-------------------------------------
[Epoch : 95/100]
Src_cls_loss	: 0.0216
-------------------------------------
[Epoch : 96/100]
Src_cls_loss	: 0.0214
-------------------------------------
[Epoch : 97/100]
Src_cls_loss	: 0.0212
-------------------------------------
[Epoch : 98/100]
Src_cls_loss	: 0.0210
-------------------------------------
[Epoch : 99/100]
Src_cls_loss	: 0.0209
-------------------------------------
[Epoch : 100/100]
Src_cls_loss	: 0.0207
-------------------------------------
