=============================================
Dataset: pamap_realworld
Method:  SYN
=============================================
Source: syn_wal_6 ---> Target: dp_wal_6
Run ID: 6
=============================================
[Epoch : 1/40]
Src_cls_loss	: 0.5646
-------------------------------------
[Epoch : 2/40]
Src_cls_loss	: 0.4205
-------------------------------------
[Epoch : 3/40]
Src_cls_loss	: 0.3312
-------------------------------------
[Epoch : 4/40]
Src_cls_loss	: 0.2690
-------------------------------------
[Epoch : 5/40]
Src_cls_loss	: 0.2284
-------------------------------------
[Epoch : 6/40]
Src_cls_loss	: 0.1977
-------------------------------------
[Epoch : 7/40]
Src_cls_loss	: 0.1755
-------------------------------------
[Epoch : 8/40]
Src_cls_loss	: 0.1569
-------------------------------------
[Epoch : 9/40]
Src_cls_loss	: 0.1422
-------------------------------------
[Epoch : 10/40]
Src_cls_loss	: 0.1297
-------------------------------------
[Epoch : 11/40]
Src_cls_loss	: 0.1197
-------------------------------------
[Epoch : 12/40]
Src_cls_loss	: 0.1115
-------------------------------------
[Epoch : 13/40]
Src_cls_loss	: 0.1038
-------------------------------------
[Epoch : 14/40]
Src_cls_loss	: 0.0969
-------------------------------------
[Epoch : 15/40]
Src_cls_loss	: 0.0911
-------------------------------------
[Epoch : 16/40]
Src_cls_loss	: 0.0862
-------------------------------------
[Epoch : 17/40]
Src_cls_loss	: 0.0815
-------------------------------------
[Epoch : 18/40]
Src_cls_loss	: 0.0772
-------------------------------------
[Epoch : 19/40]
Src_cls_loss	: 0.0733
-------------------------------------
[Epoch : 20/40]
Src_cls_loss	: 0.0700
-------------------------------------
[Epoch : 21/40]
Src_cls_loss	: 0.0669
-------------------------------------
[Epoch : 22/40]
Src_cls_loss	: 0.0640
-------------------------------------
[Epoch : 23/40]
Src_cls_loss	: 0.0620
-------------------------------------
[Epoch : 24/40]
Src_cls_loss	: 0.0603
-------------------------------------
[Epoch : 25/40]
Src_cls_loss	: 0.0583
-------------------------------------
[Epoch : 26/40]
Src_cls_loss	: 0.0563
-------------------------------------
[Epoch : 27/40]
Src_cls_loss	: 0.0544
-------------------------------------
[Epoch : 28/40]
Src_cls_loss	: 0.0526
-------------------------------------
[Epoch : 29/40]
Src_cls_loss	: 0.0509
-------------------------------------
[Epoch : 30/40]
Src_cls_loss	: 0.0493
-------------------------------------
[Epoch : 31/40]
Src_cls_loss	: 0.0478
-------------------------------------
[Epoch : 32/40]
Src_cls_loss	: 0.0464
-------------------------------------
[Epoch : 33/40]
Src_cls_loss	: 0.0451
-------------------------------------
[Epoch : 34/40]
Src_cls_loss	: 0.0438
-------------------------------------
[Epoch : 35/40]
Src_cls_loss	: 0.0426
-------------------------------------
[Epoch : 36/40]
Src_cls_loss	: 0.0415
-------------------------------------
[Epoch : 37/40]
Src_cls_loss	: 0.0404
-------------------------------------
[Epoch : 38/40]
Src_cls_loss	: 0.0395
-------------------------------------
[Epoch : 39/40]
Src_cls_loss	: 0.0385
-------------------------------------
[Epoch : 40/40]
Src_cls_loss	: 0.0377
-------------------------------------
