=============================================
Dataset: pamap_mobiact
Method:  SYN
=============================================
Source: syn_wal_14 ---> Target: dp_wal_14
Run ID: 0
=============================================
[Epoch : 1/40]
Src_cls_loss	: 0.6581
-------------------------------------
[Epoch : 2/40]
Src_cls_loss	: 0.5076
-------------------------------------
[Epoch : 3/40]
Src_cls_loss	: 0.4308
-------------------------------------
[Epoch : 4/40]
Src_cls_loss	: 0.3742
-------------------------------------
[Epoch : 5/40]
Src_cls_loss	: 0.3278
-------------------------------------
[Epoch : 6/40]
Src_cls_loss	: 0.2936
-------------------------------------
[Epoch : 7/40]
Src_cls_loss	: 0.2654
-------------------------------------
[Epoch : 8/40]
Src_cls_loss	: 0.2420
-------------------------------------
[Epoch : 9/40]
Src_cls_loss	: 0.2207
-------------------------------------
[Epoch : 10/40]
Src_cls_loss	: 0.2043
-------------------------------------
[Epoch : 11/40]
Src_cls_loss	: 0.1894
-------------------------------------
[Epoch : 12/40]
Src_cls_loss	: 0.1773
-------------------------------------
[Epoch : 13/40]
Src_cls_loss	: 0.1657
-------------------------------------
[Epoch : 14/40]
Src_cls_loss	: 0.1565
-------------------------------------
[Epoch : 15/40]
Src_cls_loss	: 0.1477
-------------------------------------
[Epoch : 16/40]
Src_cls_loss	: 0.1399
-------------------------------------
[Epoch : 17/40]
Src_cls_loss	: 0.1340
-------------------------------------
[Epoch : 18/40]
Src_cls_loss	: 0.1286
-------------------------------------
[Epoch : 19/40]
Src_cls_loss	: 0.1230
-------------------------------------
[Epoch : 20/40]
Src_cls_loss	: 0.1181
-------------------------------------
[Epoch : 21/40]
Src_cls_loss	: 0.1133
-------------------------------------
[Epoch : 22/40]
Src_cls_loss	: 0.1091
-------------------------------------
[Epoch : 23/40]
Src_cls_loss	: 0.1051
-------------------------------------
[Epoch : 24/40]
Src_cls_loss	: 0.1013
-------------------------------------
[Epoch : 25/40]
Src_cls_loss	: 0.0980
-------------------------------------
[Epoch : 26/40]
Src_cls_loss	: 0.0951
-------------------------------------
[Epoch : 27/40]
Src_cls_loss	: 0.0921
-------------------------------------
[Epoch : 28/40]
Src_cls_loss	: 0.0894
-------------------------------------
[Epoch : 29/40]
Src_cls_loss	: 0.0869
-------------------------------------
[Epoch : 30/40]
Src_cls_loss	: 0.0846
-------------------------------------
[Epoch : 31/40]
Src_cls_loss	: 0.0822
-------------------------------------
[Epoch : 32/40]
Src_cls_loss	: 0.0801
-------------------------------------
[Epoch : 33/40]
Src_cls_loss	: 0.0780
-------------------------------------
[Epoch : 34/40]
Src_cls_loss	: 0.0766
-------------------------------------
[Epoch : 35/40]
Src_cls_loss	: 0.0748
-------------------------------------
[Epoch : 36/40]
Src_cls_loss	: 0.0732
-------------------------------------
[Epoch : 37/40]
Src_cls_loss	: 0.0718
-------------------------------------
[Epoch : 38/40]
Src_cls_loss	: 0.0704
-------------------------------------
[Epoch : 39/40]
Src_cls_loss	: 0.0688
-------------------------------------
[Epoch : 40/40]
Src_cls_loss	: 0.0672
-------------------------------------
