=============================================
Dataset: pamap_mobiact
Method:  NO_ADAPT
=============================================
Source: syn_18 ---> Target: dp_18
Run ID: 3
=============================================
[Epoch : 1/40]
Src_cls_loss	: 0.8057
-------------------------------------
[Epoch : 2/40]
Src_cls_loss	: 0.6712
-------------------------------------
[Epoch : 3/40]
Src_cls_loss	: 0.5617
-------------------------------------
[Epoch : 4/40]
Src_cls_loss	: 0.4771
-------------------------------------
[Epoch : 5/40]
Src_cls_loss	: 0.4118
-------------------------------------
[Epoch : 6/40]
Src_cls_loss	: 0.3618
-------------------------------------
[Epoch : 7/40]
Src_cls_loss	: 0.3208
-------------------------------------
[Epoch : 8/40]
Src_cls_loss	: 0.2899
-------------------------------------
[Epoch : 9/40]
Src_cls_loss	: 0.2639
-------------------------------------
[Epoch : 10/40]
Src_cls_loss	: 0.2436
-------------------------------------
[Epoch : 11/40]
Src_cls_loss	: 0.2254
-------------------------------------
[Epoch : 12/40]
Src_cls_loss	: 0.2101
-------------------------------------
[Epoch : 13/40]
Src_cls_loss	: 0.1961
-------------------------------------
[Epoch : 14/40]
Src_cls_loss	: 0.1838
-------------------------------------
[Epoch : 15/40]
Src_cls_loss	: 0.1729
-------------------------------------
[Epoch : 16/40]
Src_cls_loss	: 0.1654
-------------------------------------
[Epoch : 17/40]
Src_cls_loss	: 0.1583
-------------------------------------
[Epoch : 18/40]
Src_cls_loss	: 0.1506
-------------------------------------
[Epoch : 19/40]
Src_cls_loss	: 0.1438
-------------------------------------
[Epoch : 20/40]
Src_cls_loss	: 0.1375
-------------------------------------
[Epoch : 21/40]
Src_cls_loss	: 0.1317
-------------------------------------
[Epoch : 22/40]
Src_cls_loss	: 0.1263
-------------------------------------
[Epoch : 23/40]
Src_cls_loss	: 0.1211
-------------------------------------
[Epoch : 24/40]
Src_cls_loss	: 0.1166
-------------------------------------
[Epoch : 25/40]
Src_cls_loss	: 0.1123
-------------------------------------
[Epoch : 26/40]
Src_cls_loss	: 0.1084
-------------------------------------
[Epoch : 27/40]
Src_cls_loss	: 0.1049
-------------------------------------
[Epoch : 28/40]
Src_cls_loss	: 0.1017
-------------------------------------
[Epoch : 29/40]
Src_cls_loss	: 0.0985
-------------------------------------
[Epoch : 30/40]
Src_cls_loss	: 0.0954
-------------------------------------
[Epoch : 31/40]
Src_cls_loss	: 0.0927
-------------------------------------
[Epoch : 32/40]
Src_cls_loss	: 0.0904
-------------------------------------
[Epoch : 33/40]
Src_cls_loss	: 0.0884
-------------------------------------
[Epoch : 34/40]
Src_cls_loss	: 0.0864
-------------------------------------
[Epoch : 35/40]
Src_cls_loss	: 0.0843
-------------------------------------
[Epoch : 36/40]
Src_cls_loss	: 0.0821
-------------------------------------
[Epoch : 37/40]
Src_cls_loss	: 0.0801
-------------------------------------
[Epoch : 38/40]
Src_cls_loss	: 0.0783
-------------------------------------
[Epoch : 39/40]
Src_cls_loss	: 0.0764
-------------------------------------
[Epoch : 40/40]
Src_cls_loss	: 0.0749
-------------------------------------
