=============================================
Dataset: realworld_mobiact
Method:  NO_ADAPT
=============================================
Source: syn_18 ---> Target: dp_18
Run ID: 6
=============================================
[Epoch : 1/40]
Src_cls_loss	: 0.8863
-------------------------------------
[Epoch : 2/40]
Src_cls_loss	: 0.7156
-------------------------------------
[Epoch : 3/40]
Src_cls_loss	: 0.5884
-------------------------------------
[Epoch : 4/40]
Src_cls_loss	: 0.4936
-------------------------------------
[Epoch : 5/40]
Src_cls_loss	: 0.4193
-------------------------------------
[Epoch : 6/40]
Src_cls_loss	: 0.3669
-------------------------------------
[Epoch : 7/40]
Src_cls_loss	: 0.3263
-------------------------------------
[Epoch : 8/40]
Src_cls_loss	: 0.2940
-------------------------------------
[Epoch : 9/40]
Src_cls_loss	: 0.2687
-------------------------------------
[Epoch : 10/40]
Src_cls_loss	: 0.2491
-------------------------------------
[Epoch : 11/40]
Src_cls_loss	: 0.2322
-------------------------------------
[Epoch : 12/40]
Src_cls_loss	: 0.2162
-------------------------------------
[Epoch : 13/40]
Src_cls_loss	: 0.2028
-------------------------------------
[Epoch : 14/40]
Src_cls_loss	: 0.1918
-------------------------------------
[Epoch : 15/40]
Src_cls_loss	: 0.1817
-------------------------------------
[Epoch : 16/40]
Src_cls_loss	: 0.1720
-------------------------------------
[Epoch : 17/40]
Src_cls_loss	: 0.1633
-------------------------------------
[Epoch : 18/40]
Src_cls_loss	: 0.1559
-------------------------------------
[Epoch : 19/40]
Src_cls_loss	: 0.1489
-------------------------------------
[Epoch : 20/40]
Src_cls_loss	: 0.1428
-------------------------------------
[Epoch : 21/40]
Src_cls_loss	: 0.1374
-------------------------------------
[Epoch : 22/40]
Src_cls_loss	: 0.1330
-------------------------------------
[Epoch : 23/40]
Src_cls_loss	: 0.1284
-------------------------------------
[Epoch : 24/40]
Src_cls_loss	: 0.1240
-------------------------------------
[Epoch : 25/40]
Src_cls_loss	: 0.1195
-------------------------------------
[Epoch : 26/40]
Src_cls_loss	: 0.1156
-------------------------------------
[Epoch : 27/40]
Src_cls_loss	: 0.1121
-------------------------------------
[Epoch : 28/40]
Src_cls_loss	: 0.1090
-------------------------------------
[Epoch : 29/40]
Src_cls_loss	: 0.1057
-------------------------------------
[Epoch : 30/40]
Src_cls_loss	: 0.1025
-------------------------------------
[Epoch : 31/40]
Src_cls_loss	: 0.0997
-------------------------------------
[Epoch : 32/40]
Src_cls_loss	: 0.0971
-------------------------------------
[Epoch : 33/40]
Src_cls_loss	: 0.0946
-------------------------------------
[Epoch : 34/40]
Src_cls_loss	: 0.0922
-------------------------------------
[Epoch : 35/40]
Src_cls_loss	: 0.0902
-------------------------------------
[Epoch : 36/40]
Src_cls_loss	: 0.0881
-------------------------------------
[Epoch : 37/40]
Src_cls_loss	: 0.0861
-------------------------------------
[Epoch : 38/40]
Src_cls_loss	: 0.0841
-------------------------------------
[Epoch : 39/40]
Src_cls_loss	: 0.0821
-------------------------------------
[Epoch : 40/40]
Src_cls_loss	: 0.0802
-------------------------------------
