=============================================
Dataset: mobiact_realworld
Method:  SYN
=============================================
Source: syn_wal_67 ---> Target: dp_wal_67
Run ID: 4
=============================================
[Epoch : 1/40]
Src_cls_loss	: 0.7069
-------------------------------------
[Epoch : 2/40]
Src_cls_loss	: 0.5327
-------------------------------------
[Epoch : 3/40]
Src_cls_loss	: 0.4245
-------------------------------------
[Epoch : 4/40]
Src_cls_loss	: 0.3520
-------------------------------------
[Epoch : 5/40]
Src_cls_loss	: 0.2996
-------------------------------------
[Epoch : 6/40]
Src_cls_loss	: 0.2608
-------------------------------------
[Epoch : 7/40]
Src_cls_loss	: 0.2318
-------------------------------------
[Epoch : 8/40]
Src_cls_loss	: 0.2096
-------------------------------------
[Epoch : 9/40]
Src_cls_loss	: 0.1902
-------------------------------------
[Epoch : 10/40]
Src_cls_loss	: 0.1748
-------------------------------------
[Epoch : 11/40]
Src_cls_loss	: 0.1610
-------------------------------------
[Epoch : 12/40]
Src_cls_loss	: 0.1495
-------------------------------------
[Epoch : 13/40]
Src_cls_loss	: 0.1396
-------------------------------------
[Epoch : 14/40]
Src_cls_loss	: 0.1310
-------------------------------------
[Epoch : 15/40]
Src_cls_loss	: 0.1238
-------------------------------------
[Epoch : 16/40]
Src_cls_loss	: 0.1172
-------------------------------------
[Epoch : 17/40]
Src_cls_loss	: 0.1112
-------------------------------------
[Epoch : 18/40]
Src_cls_loss	: 0.1057
-------------------------------------
[Epoch : 19/40]
Src_cls_loss	: 0.1007
-------------------------------------
[Epoch : 20/40]
Src_cls_loss	: 0.0961
-------------------------------------
[Epoch : 21/40]
Src_cls_loss	: 0.0926
-------------------------------------
[Epoch : 22/40]
Src_cls_loss	: 0.0891
-------------------------------------
[Epoch : 23/40]
Src_cls_loss	: 0.0857
-------------------------------------
[Epoch : 24/40]
Src_cls_loss	: 0.0825
-------------------------------------
[Epoch : 25/40]
Src_cls_loss	: 0.0794
-------------------------------------
[Epoch : 26/40]
Src_cls_loss	: 0.0767
-------------------------------------
[Epoch : 27/40]
Src_cls_loss	: 0.0741
-------------------------------------
[Epoch : 28/40]
Src_cls_loss	: 0.0717
-------------------------------------
[Epoch : 29/40]
Src_cls_loss	: 0.0694
-------------------------------------
[Epoch : 30/40]
Src_cls_loss	: 0.0673
-------------------------------------
[Epoch : 31/40]
Src_cls_loss	: 0.0652
-------------------------------------
[Epoch : 32/40]
Src_cls_loss	: 0.0633
-------------------------------------
[Epoch : 33/40]
Src_cls_loss	: 0.0615
-------------------------------------
[Epoch : 34/40]
Src_cls_loss	: 0.0598
-------------------------------------
[Epoch : 35/40]
Src_cls_loss	: 0.0582
-------------------------------------
[Epoch : 36/40]
Src_cls_loss	: 0.0567
-------------------------------------
[Epoch : 37/40]
Src_cls_loss	: 0.0552
-------------------------------------
[Epoch : 38/40]
Src_cls_loss	: 0.0540
-------------------------------------
[Epoch : 39/40]
Src_cls_loss	: 0.0528
-------------------------------------
[Epoch : 40/40]
Src_cls_loss	: 0.0517
-------------------------------------
