=============================================
Dataset: realworld_mobiact
Method:  NO_ADAPT
=============================================
Source: syn_16 ---> Target: dp_16
Run ID: 0
=============================================
[Epoch : 1/40]
Src_cls_loss	: 0.8635
-------------------------------------
[Epoch : 2/40]
Src_cls_loss	: 0.7401
-------------------------------------
[Epoch : 3/40]
Src_cls_loss	: 0.6027
-------------------------------------
[Epoch : 4/40]
Src_cls_loss	: 0.5042
-------------------------------------
[Epoch : 5/40]
Src_cls_loss	: 0.4311
-------------------------------------
[Epoch : 6/40]
Src_cls_loss	: 0.3747
-------------------------------------
[Epoch : 7/40]
Src_cls_loss	: 0.3307
-------------------------------------
[Epoch : 8/40]
Src_cls_loss	: 0.2978
-------------------------------------
[Epoch : 9/40]
Src_cls_loss	: 0.2703
-------------------------------------
[Epoch : 10/40]
Src_cls_loss	: 0.2489
-------------------------------------
[Epoch : 11/40]
Src_cls_loss	: 0.2315
-------------------------------------
[Epoch : 12/40]
Src_cls_loss	: 0.2149
-------------------------------------
[Epoch : 13/40]
Src_cls_loss	: 0.2012
-------------------------------------
[Epoch : 14/40]
Src_cls_loss	: 0.1884
-------------------------------------
[Epoch : 15/40]
Src_cls_loss	: 0.1777
-------------------------------------
[Epoch : 16/40]
Src_cls_loss	: 0.1684
-------------------------------------
[Epoch : 17/40]
Src_cls_loss	: 0.1595
-------------------------------------
[Epoch : 18/40]
Src_cls_loss	: 0.1517
-------------------------------------
[Epoch : 19/40]
Src_cls_loss	: 0.1451
-------------------------------------
[Epoch : 20/40]
Src_cls_loss	: 0.1388
-------------------------------------
[Epoch : 21/40]
Src_cls_loss	: 0.1330
-------------------------------------
[Epoch : 22/40]
Src_cls_loss	: 0.1278
-------------------------------------
[Epoch : 23/40]
Src_cls_loss	: 0.1229
-------------------------------------
[Epoch : 24/40]
Src_cls_loss	: 0.1185
-------------------------------------
[Epoch : 25/40]
Src_cls_loss	: 0.1142
-------------------------------------
[Epoch : 26/40]
Src_cls_loss	: 0.1104
-------------------------------------
[Epoch : 27/40]
Src_cls_loss	: 0.1070
-------------------------------------
[Epoch : 28/40]
Src_cls_loss	: 0.1039
-------------------------------------
[Epoch : 29/40]
Src_cls_loss	: 0.1010
-------------------------------------
[Epoch : 30/40]
Src_cls_loss	: 0.0982
-------------------------------------
[Epoch : 31/40]
Src_cls_loss	: 0.0958
-------------------------------------
[Epoch : 32/40]
Src_cls_loss	: 0.0935
-------------------------------------
[Epoch : 33/40]
Src_cls_loss	: 0.0912
-------------------------------------
[Epoch : 34/40]
Src_cls_loss	: 0.0889
-------------------------------------
[Epoch : 35/40]
Src_cls_loss	: 0.0867
-------------------------------------
[Epoch : 36/40]
Src_cls_loss	: 0.0847
-------------------------------------
[Epoch : 37/40]
Src_cls_loss	: 0.0828
-------------------------------------
[Epoch : 38/40]
Src_cls_loss	: 0.0809
-------------------------------------
[Epoch : 39/40]
Src_cls_loss	: 0.0792
-------------------------------------
[Epoch : 40/40]
Src_cls_loss	: 0.0777
-------------------------------------
