=============================================
Dataset: realworld_mobiact
Method:  SYN
=============================================
Source: syn_wal_47 ---> Target: dp_wal_47
Run ID: 2
=============================================
[Epoch : 1/40]
Src_cls_loss	: 0.8785
-------------------------------------
[Epoch : 2/40]
Src_cls_loss	: 0.7237
-------------------------------------
[Epoch : 3/40]
Src_cls_loss	: 0.5797
-------------------------------------
[Epoch : 4/40]
Src_cls_loss	: 0.4759
-------------------------------------
[Epoch : 5/40]
Src_cls_loss	: 0.4003
-------------------------------------
[Epoch : 6/40]
Src_cls_loss	: 0.3455
-------------------------------------
[Epoch : 7/40]
Src_cls_loss	: 0.3045
-------------------------------------
[Epoch : 8/40]
Src_cls_loss	: 0.2739
-------------------------------------
[Epoch : 9/40]
Src_cls_loss	: 0.2470
-------------------------------------
[Epoch : 10/40]
Src_cls_loss	: 0.2247
-------------------------------------
[Epoch : 11/40]
Src_cls_loss	: 0.2065
-------------------------------------
[Epoch : 12/40]
Src_cls_loss	: 0.1906
-------------------------------------
[Epoch : 13/40]
Src_cls_loss	: 0.1773
-------------------------------------
[Epoch : 14/40]
Src_cls_loss	: 0.1660
-------------------------------------
[Epoch : 15/40]
Src_cls_loss	: 0.1558
-------------------------------------
[Epoch : 16/40]
Src_cls_loss	: 0.1471
-------------------------------------
[Epoch : 17/40]
Src_cls_loss	: 0.1396
-------------------------------------
[Epoch : 18/40]
Src_cls_loss	: 0.1328
-------------------------------------
[Epoch : 19/40]
Src_cls_loss	: 0.1263
-------------------------------------
[Epoch : 20/40]
Src_cls_loss	: 0.1204
-------------------------------------
[Epoch : 21/40]
Src_cls_loss	: 0.1151
-------------------------------------
[Epoch : 22/40]
Src_cls_loss	: 0.1103
-------------------------------------
[Epoch : 23/40]
Src_cls_loss	: 0.1059
-------------------------------------
[Epoch : 24/40]
Src_cls_loss	: 0.1025
-------------------------------------
[Epoch : 25/40]
Src_cls_loss	: 0.0991
-------------------------------------
[Epoch : 26/40]
Src_cls_loss	: 0.0958
-------------------------------------
[Epoch : 27/40]
Src_cls_loss	: 0.0926
-------------------------------------
[Epoch : 28/40]
Src_cls_loss	: 0.0899
-------------------------------------
[Epoch : 29/40]
Src_cls_loss	: 0.0871
-------------------------------------
[Epoch : 30/40]
Src_cls_loss	: 0.0844
-------------------------------------
[Epoch : 31/40]
Src_cls_loss	: 0.0819
-------------------------------------
[Epoch : 32/40]
Src_cls_loss	: 0.0794
-------------------------------------
[Epoch : 33/40]
Src_cls_loss	: 0.0772
-------------------------------------
[Epoch : 34/40]
Src_cls_loss	: 0.0751
-------------------------------------
[Epoch : 35/40]
Src_cls_loss	: 0.0731
-------------------------------------
[Epoch : 36/40]
Src_cls_loss	: 0.0712
-------------------------------------
[Epoch : 37/40]
Src_cls_loss	: 0.0693
-------------------------------------
[Epoch : 38/40]
Src_cls_loss	: 0.0675
-------------------------------------
[Epoch : 39/40]
Src_cls_loss	: 0.0659
-------------------------------------
[Epoch : 40/40]
Src_cls_loss	: 0.0642
-------------------------------------
