=============================================
Dataset: mobiact_pamap
Method:  NO_ADAPT
=============================================
Source: syn_62 ---> Target: dp_62
Run ID: 5
=============================================
[Epoch : 1/40]
Src_cls_loss	: 0.6283
-------------------------------------
[Epoch : 2/40]
Src_cls_loss	: 0.4241
-------------------------------------
[Epoch : 3/40]
Src_cls_loss	: 0.3189
-------------------------------------
[Epoch : 4/40]
Src_cls_loss	: 0.2542
-------------------------------------
[Epoch : 5/40]
Src_cls_loss	: 0.2110
-------------------------------------
[Epoch : 6/40]
Src_cls_loss	: 0.1819
-------------------------------------
[Epoch : 7/40]
Src_cls_loss	: 0.1601
-------------------------------------
[Epoch : 8/40]
Src_cls_loss	: 0.1426
-------------------------------------
[Epoch : 9/40]
Src_cls_loss	: 0.1288
-------------------------------------
[Epoch : 10/40]
Src_cls_loss	: 0.1170
-------------------------------------
[Epoch : 11/40]
Src_cls_loss	: 0.1071
-------------------------------------
[Epoch : 12/40]
Src_cls_loss	: 0.0987
-------------------------------------
[Epoch : 13/40]
Src_cls_loss	: 0.0917
-------------------------------------
[Epoch : 14/40]
Src_cls_loss	: 0.0859
-------------------------------------
[Epoch : 15/40]
Src_cls_loss	: 0.0808
-------------------------------------
[Epoch : 16/40]
Src_cls_loss	: 0.0765
-------------------------------------
[Epoch : 17/40]
Src_cls_loss	: 0.0723
-------------------------------------
[Epoch : 18/40]
Src_cls_loss	: 0.0690
-------------------------------------
[Epoch : 19/40]
Src_cls_loss	: 0.0657
-------------------------------------
[Epoch : 20/40]
Src_cls_loss	: 0.0626
-------------------------------------
[Epoch : 21/40]
Src_cls_loss	: 0.0598
-------------------------------------
[Epoch : 22/40]
Src_cls_loss	: 0.0573
-------------------------------------
[Epoch : 23/40]
Src_cls_loss	: 0.0552
-------------------------------------
[Epoch : 24/40]
Src_cls_loss	: 0.0531
-------------------------------------
[Epoch : 25/40]
Src_cls_loss	: 0.0513
-------------------------------------
[Epoch : 26/40]
Src_cls_loss	: 0.0496
-------------------------------------
[Epoch : 27/40]
Src_cls_loss	: 0.0482
-------------------------------------
[Epoch : 28/40]
Src_cls_loss	: 0.0467
-------------------------------------
[Epoch : 29/40]
Src_cls_loss	: 0.0452
-------------------------------------
[Epoch : 30/40]
Src_cls_loss	: 0.0438
-------------------------------------
[Epoch : 31/40]
Src_cls_loss	: 0.0426
-------------------------------------
[Epoch : 32/40]
Src_cls_loss	: 0.0416
-------------------------------------
[Epoch : 33/40]
Src_cls_loss	: 0.0409
-------------------------------------
[Epoch : 34/40]
Src_cls_loss	: 0.0398
-------------------------------------
[Epoch : 35/40]
Src_cls_loss	: 0.0389
-------------------------------------
[Epoch : 36/40]
Src_cls_loss	: 0.0380
-------------------------------------
[Epoch : 37/40]
Src_cls_loss	: 0.0370
-------------------------------------
[Epoch : 38/40]
Src_cls_loss	: 0.0361
-------------------------------------
[Epoch : 39/40]
Src_cls_loss	: 0.0352
-------------------------------------
[Epoch : 40/40]
Src_cls_loss	: 0.0344
-------------------------------------
