=============================================
Dataset: realworld_mobiact
Method:  NO_ADAPT
=============================================
Source: syn_54 ---> Target: real_54
Run ID: 0
=============================================
[Epoch : 1/100]
Src_cls_loss	: 1.4006
-------------------------------------
[Epoch : 2/100]
Src_cls_loss	: 1.2625
-------------------------------------
[Epoch : 3/100]
Src_cls_loss	: 1.1677
-------------------------------------
[Epoch : 4/100]
Src_cls_loss	: 1.1007
-------------------------------------
[Epoch : 5/100]
Src_cls_loss	: 1.0460
-------------------------------------
[Epoch : 6/100]
Src_cls_loss	: 1.0012
-------------------------------------
[Epoch : 7/100]
Src_cls_loss	: 0.9638
-------------------------------------
[Epoch : 8/100]
Src_cls_loss	: 0.9329
-------------------------------------
[Epoch : 9/100]
Src_cls_loss	: 0.9039
-------------------------------------
[Epoch : 10/100]
Src_cls_loss	: 0.8784
-------------------------------------
[Epoch : 11/100]
Src_cls_loss	: 0.8551
-------------------------------------
[Epoch : 12/100]
Src_cls_loss	: 0.8322
-------------------------------------
[Epoch : 13/100]
Src_cls_loss	: 0.8109
-------------------------------------
[Epoch : 14/100]
Src_cls_loss	: 0.7903
-------------------------------------
[Epoch : 15/100]
Src_cls_loss	: 0.7703
-------------------------------------
[Epoch : 16/100]
Src_cls_loss	: 0.7509
-------------------------------------
[Epoch : 17/100]
Src_cls_loss	: 0.7321
-------------------------------------
[Epoch : 18/100]
Src_cls_loss	: 0.7139
-------------------------------------
[Epoch : 19/100]
Src_cls_loss	: 0.6970
-------------------------------------
[Epoch : 20/100]
Src_cls_loss	: 0.6795
-------------------------------------
[Epoch : 21/100]
Src_cls_loss	: 0.6623
-------------------------------------
[Epoch : 22/100]
Src_cls_loss	: 0.6451
-------------------------------------
[Epoch : 23/100]
Src_cls_loss	: 0.6283
-------------------------------------
[Epoch : 24/100]
Src_cls_loss	: 0.6116
-------------------------------------
[Epoch : 25/100]
Src_cls_loss	: 0.5955
-------------------------------------
[Epoch : 26/100]
Src_cls_loss	: 0.5805
-------------------------------------
[Epoch : 27/100]
Src_cls_loss	: 0.5652
-------------------------------------
[Epoch : 28/100]
Src_cls_loss	: 0.5503
-------------------------------------
[Epoch : 29/100]
Src_cls_loss	: 0.5360
-------------------------------------
[Epoch : 30/100]
Src_cls_loss	: 0.5221
-------------------------------------
[Epoch : 31/100]
Src_cls_loss	: 0.5085
-------------------------------------
[Epoch : 32/100]
Src_cls_loss	: 0.4955
-------------------------------------
[Epoch : 33/100]
Src_cls_loss	: 0.4831
-------------------------------------
[Epoch : 34/100]
Src_cls_loss	: 0.4709
-------------------------------------
[Epoch : 35/100]
Src_cls_loss	: 0.4593
-------------------------------------
[Epoch : 36/100]
Src_cls_loss	: 0.4483
-------------------------------------
[Epoch : 37/100]
Src_cls_loss	: 0.4377
-------------------------------------
[Epoch : 38/100]
Src_cls_loss	: 0.4275
-------------------------------------
[Epoch : 39/100]
Src_cls_loss	: 0.4178
-------------------------------------
[Epoch : 40/100]
Src_cls_loss	: 0.4084
-------------------------------------
[Epoch : 41/100]
Src_cls_loss	: 0.3994
-------------------------------------
[Epoch : 42/100]
Src_cls_loss	: 0.3908
-------------------------------------
[Epoch : 43/100]
Src_cls_loss	: 0.3825
-------------------------------------
[Epoch : 44/100]
Src_cls_loss	: 0.3745
-------------------------------------
[Epoch : 45/100]
Src_cls_loss	: 0.3669
-------------------------------------
[Epoch : 46/100]
Src_cls_loss	: 0.3596
-------------------------------------
[Epoch : 47/100]
Src_cls_loss	: 0.3525
-------------------------------------
[Epoch : 48/100]
Src_cls_loss	: 0.3457
-------------------------------------
[Epoch : 49/100]
Src_cls_loss	: 0.3392
-------------------------------------
[Epoch : 50/100]
Src_cls_loss	: 0.3329
-------------------------------------
[Epoch : 51/100]
Src_cls_loss	: 0.3268
-------------------------------------
[Epoch : 52/100]
Src_cls_loss	: 0.3209
-------------------------------------
[Epoch : 53/100]
Src_cls_loss	: 0.3153
-------------------------------------
[Epoch : 54/100]
Src_cls_loss	: 0.3099
-------------------------------------
[Epoch : 55/100]
Src_cls_loss	: 0.3047
-------------------------------------
[Epoch : 56/100]
Src_cls_loss	: 0.2995
-------------------------------------
[Epoch : 57/100]
Src_cls_loss	: 0.2946
-------------------------------------
[Epoch : 58/100]
Src_cls_loss	: 0.2899
-------------------------------------
[Epoch : 59/100]
Src_cls_loss	: 0.2852
-------------------------------------
[Epoch : 60/100]
Src_cls_loss	: 0.2808
-------------------------------------
[Epoch : 61/100]
Src_cls_loss	: 0.2764
-------------------------------------
[Epoch : 62/100]
Src_cls_loss	: 0.2722
-------------------------------------
[Epoch : 63/100]
Src_cls_loss	: 0.2681
-------------------------------------
[Epoch : 64/100]
Src_cls_loss	: 0.2642
-------------------------------------
[Epoch : 65/100]
Src_cls_loss	: 0.2603
-------------------------------------
[Epoch : 66/100]
Src_cls_loss	: 0.2566
-------------------------------------
[Epoch : 67/100]
Src_cls_loss	: 0.2530
-------------------------------------
[Epoch : 68/100]
Src_cls_loss	: 0.2494
-------------------------------------
[Epoch : 69/100]
Src_cls_loss	: 0.2460
-------------------------------------
[Epoch : 70/100]
Src_cls_loss	: 0.2427
-------------------------------------
[Epoch : 71/100]
Src_cls_loss	: 0.2394
-------------------------------------
[Epoch : 72/100]
Src_cls_loss	: 0.2362
-------------------------------------
[Epoch : 73/100]
Src_cls_loss	: 0.2331
-------------------------------------
[Epoch : 74/100]
Src_cls_loss	: 0.2301
-------------------------------------
[Epoch : 75/100]
Src_cls_loss	: 0.2272
-------------------------------------
[Epoch : 76/100]
Src_cls_loss	: 0.2243
-------------------------------------
[Epoch : 77/100]
Src_cls_loss	: 0.2215
-------------------------------------
[Epoch : 78/100]
Src_cls_loss	: 0.2187
-------------------------------------
[Epoch : 79/100]
Src_cls_loss	: 0.2161
-------------------------------------
[Epoch : 80/100]
Src_cls_loss	: 0.2135
-------------------------------------
[Epoch : 81/100]
Src_cls_loss	: 0.2110
-------------------------------------
[Epoch : 82/100]
Src_cls_loss	: 0.2085
-------------------------------------
[Epoch : 83/100]
Src_cls_loss	: 0.2061
-------------------------------------
[Epoch : 84/100]
Src_cls_loss	: 0.2037
-------------------------------------
[Epoch : 85/100]
Src_cls_loss	: 0.2014
-------------------------------------
[Epoch : 86/100]
Src_cls_loss	: 0.1992
-------------------------------------
[Epoch : 87/100]
Src_cls_loss	: 0.1970
-------------------------------------
[Epoch : 88/100]
Src_cls_loss	: 0.1948
-------------------------------------
[Epoch : 89/100]
Src_cls_loss	: 0.1927
-------------------------------------
[Epoch : 90/100]
Src_cls_loss	: 0.1906
-------------------------------------
[Epoch : 91/100]
Src_cls_loss	: 0.1886
-------------------------------------
[Epoch : 92/100]
Src_cls_loss	: 0.1866
-------------------------------------
[Epoch : 93/100]
Src_cls_loss	: 0.1847
-------------------------------------
[Epoch : 94/100]
Src_cls_loss	: 0.1828
-------------------------------------
[Epoch : 95/100]
Src_cls_loss	: 0.1809
-------------------------------------
[Epoch : 96/100]
Src_cls_loss	: 0.1791
-------------------------------------
[Epoch : 97/100]
Src_cls_loss	: 0.1773
-------------------------------------
[Epoch : 98/100]
Src_cls_loss	: 0.1756
-------------------------------------
[Epoch : 99/100]
Src_cls_loss	: 0.1738
-------------------------------------
[Epoch : 100/100]
Src_cls_loss	: 0.1722
-------------------------------------
