=============================================
Dataset: pamap_realworld
Method:  NO_ADAPT
=============================================
Source: syn_18 ---> Target: dp_18
Run ID: 7
=============================================
[Epoch : 1/40]
Src_cls_loss	: 0.3712
-------------------------------------
[Epoch : 2/40]
Src_cls_loss	: 0.2254
-------------------------------------
[Epoch : 3/40]
Src_cls_loss	: 0.1654
-------------------------------------
[Epoch : 4/40]
Src_cls_loss	: 0.1323
-------------------------------------
[Epoch : 5/40]
Src_cls_loss	: 0.1121
-------------------------------------
[Epoch : 6/40]
Src_cls_loss	: 0.0963
-------------------------------------
[Epoch : 7/40]
Src_cls_loss	: 0.0847
-------------------------------------
[Epoch : 8/40]
Src_cls_loss	: 0.0762
-------------------------------------
[Epoch : 9/40]
Src_cls_loss	: 0.0698
-------------------------------------
[Epoch : 10/40]
Src_cls_loss	: 0.0638
-------------------------------------
[Epoch : 11/40]
Src_cls_loss	: 0.0588
-------------------------------------
[Epoch : 12/40]
Src_cls_loss	: 0.0550
-------------------------------------
[Epoch : 13/40]
Src_cls_loss	: 0.0514
-------------------------------------
[Epoch : 14/40]
Src_cls_loss	: 0.0486
-------------------------------------
[Epoch : 15/40]
Src_cls_loss	: 0.0458
-------------------------------------
[Epoch : 16/40]
Src_cls_loss	: 0.0434
-------------------------------------
[Epoch : 17/40]
Src_cls_loss	: 0.0412
-------------------------------------
[Epoch : 18/40]
Src_cls_loss	: 0.0394
-------------------------------------
[Epoch : 19/40]
Src_cls_loss	: 0.0377
-------------------------------------
[Epoch : 20/40]
Src_cls_loss	: 0.0362
-------------------------------------
[Epoch : 21/40]
Src_cls_loss	: 0.0346
-------------------------------------
[Epoch : 22/40]
Src_cls_loss	: 0.0335
-------------------------------------
[Epoch : 23/40]
Src_cls_loss	: 0.0323
-------------------------------------
[Epoch : 24/40]
Src_cls_loss	: 0.0311
-------------------------------------
[Epoch : 25/40]
Src_cls_loss	: 0.0301
-------------------------------------
[Epoch : 26/40]
Src_cls_loss	: 0.0290
-------------------------------------
[Epoch : 27/40]
Src_cls_loss	: 0.0286
-------------------------------------
[Epoch : 28/40]
Src_cls_loss	: 0.0279
-------------------------------------
[Epoch : 29/40]
Src_cls_loss	: 0.0270
-------------------------------------
[Epoch : 30/40]
Src_cls_loss	: 0.0265
-------------------------------------
[Epoch : 31/40]
Src_cls_loss	: 0.0258
-------------------------------------
[Epoch : 32/40]
Src_cls_loss	: 0.0253
-------------------------------------
[Epoch : 33/40]
Src_cls_loss	: 0.0247
-------------------------------------
[Epoch : 34/40]
Src_cls_loss	: 0.0240
-------------------------------------
[Epoch : 35/40]
Src_cls_loss	: 0.0234
-------------------------------------
[Epoch : 36/40]
Src_cls_loss	: 0.0229
-------------------------------------
[Epoch : 37/40]
Src_cls_loss	: 0.0232
-------------------------------------
[Epoch : 38/40]
Src_cls_loss	: 0.0228
-------------------------------------
[Epoch : 39/40]
Src_cls_loss	: 0.0223
-------------------------------------
[Epoch : 40/40]
Src_cls_loss	: 0.0218
-------------------------------------
