=============================================
Dataset: pamap_mobiact
Method:  NO_ADAPT
=============================================
Source: syn_57 ---> Target: dp_57
Run ID: 2
=============================================
[Epoch : 1/40]
Src_cls_loss	: 0.6905
-------------------------------------
[Epoch : 2/40]
Src_cls_loss	: 0.5236
-------------------------------------
[Epoch : 3/40]
Src_cls_loss	: 0.4291
-------------------------------------
[Epoch : 4/40]
Src_cls_loss	: 0.3672
-------------------------------------
[Epoch : 5/40]
Src_cls_loss	: 0.3249
-------------------------------------
[Epoch : 6/40]
Src_cls_loss	: 0.2978
-------------------------------------
[Epoch : 7/40]
Src_cls_loss	: 0.2709
-------------------------------------
[Epoch : 8/40]
Src_cls_loss	: 0.2528
-------------------------------------
[Epoch : 9/40]
Src_cls_loss	: 0.2350
-------------------------------------
[Epoch : 10/40]
Src_cls_loss	: 0.2200
-------------------------------------
[Epoch : 11/40]
Src_cls_loss	: 0.2079
-------------------------------------
[Epoch : 12/40]
Src_cls_loss	: 0.1978
-------------------------------------
[Epoch : 13/40]
Src_cls_loss	: 0.1903
-------------------------------------
[Epoch : 14/40]
Src_cls_loss	: 0.1818
-------------------------------------
[Epoch : 15/40]
Src_cls_loss	: 0.1730
-------------------------------------
[Epoch : 16/40]
Src_cls_loss	: 0.1658
-------------------------------------
[Epoch : 17/40]
Src_cls_loss	: 0.1587
-------------------------------------
[Epoch : 18/40]
Src_cls_loss	: 0.1519
-------------------------------------
[Epoch : 19/40]
Src_cls_loss	: 0.1460
-------------------------------------
[Epoch : 20/40]
Src_cls_loss	: 0.1405
-------------------------------------
[Epoch : 21/40]
Src_cls_loss	: 0.1363
-------------------------------------
[Epoch : 22/40]
Src_cls_loss	: 0.1318
-------------------------------------
[Epoch : 23/40]
Src_cls_loss	: 0.1275
-------------------------------------
[Epoch : 24/40]
Src_cls_loss	: 0.1233
-------------------------------------
[Epoch : 25/40]
Src_cls_loss	: 0.1195
-------------------------------------
[Epoch : 26/40]
Src_cls_loss	: 0.1156
-------------------------------------
[Epoch : 27/40]
Src_cls_loss	: 0.1119
-------------------------------------
[Epoch : 28/40]
Src_cls_loss	: 0.1089
-------------------------------------
[Epoch : 29/40]
Src_cls_loss	: 0.1061
-------------------------------------
[Epoch : 30/40]
Src_cls_loss	: 0.1034
-------------------------------------
[Epoch : 31/40]
Src_cls_loss	: 0.1008
-------------------------------------
[Epoch : 32/40]
Src_cls_loss	: 0.0982
-------------------------------------
[Epoch : 33/40]
Src_cls_loss	: 0.0958
-------------------------------------
[Epoch : 34/40]
Src_cls_loss	: 0.0936
-------------------------------------
[Epoch : 35/40]
Src_cls_loss	: 0.0913
-------------------------------------
[Epoch : 36/40]
Src_cls_loss	: 0.0895
-------------------------------------
[Epoch : 37/40]
Src_cls_loss	: 0.0874
-------------------------------------
[Epoch : 38/40]
Src_cls_loss	: 0.0855
-------------------------------------
[Epoch : 39/40]
Src_cls_loss	: 0.0837
-------------------------------------
[Epoch : 40/40]
Src_cls_loss	: 0.0820
-------------------------------------
