=============================================
Dataset: pamap_mobiact
Method:  NO_ADAPT
=============================================
Source: syn_19 ---> Target: dp_19
Run ID: 8
=============================================
[Epoch : 1/40]
Src_cls_loss	: 0.6711
-------------------------------------
[Epoch : 2/40]
Src_cls_loss	: 0.5474
-------------------------------------
[Epoch : 3/40]
Src_cls_loss	: 0.4707
-------------------------------------
[Epoch : 4/40]
Src_cls_loss	: 0.4035
-------------------------------------
[Epoch : 5/40]
Src_cls_loss	: 0.3511
-------------------------------------
[Epoch : 6/40]
Src_cls_loss	: 0.3110
-------------------------------------
[Epoch : 7/40]
Src_cls_loss	: 0.2816
-------------------------------------
[Epoch : 8/40]
Src_cls_loss	: 0.2553
-------------------------------------
[Epoch : 9/40]
Src_cls_loss	: 0.2328
-------------------------------------
[Epoch : 10/40]
Src_cls_loss	: 0.2149
-------------------------------------
[Epoch : 11/40]
Src_cls_loss	: 0.1991
-------------------------------------
[Epoch : 12/40]
Src_cls_loss	: 0.1870
-------------------------------------
[Epoch : 13/40]
Src_cls_loss	: 0.1761
-------------------------------------
[Epoch : 14/40]
Src_cls_loss	: 0.1659
-------------------------------------
[Epoch : 15/40]
Src_cls_loss	: 0.1575
-------------------------------------
[Epoch : 16/40]
Src_cls_loss	: 0.1487
-------------------------------------
[Epoch : 17/40]
Src_cls_loss	: 0.1415
-------------------------------------
[Epoch : 18/40]
Src_cls_loss	: 0.1368
-------------------------------------
[Epoch : 19/40]
Src_cls_loss	: 0.1315
-------------------------------------
[Epoch : 20/40]
Src_cls_loss	: 0.1261
-------------------------------------
[Epoch : 21/40]
Src_cls_loss	: 0.1211
-------------------------------------
[Epoch : 22/40]
Src_cls_loss	: 0.1165
-------------------------------------
[Epoch : 23/40]
Src_cls_loss	: 0.1122
-------------------------------------
[Epoch : 24/40]
Src_cls_loss	: 0.1084
-------------------------------------
[Epoch : 25/40]
Src_cls_loss	: 0.1058
-------------------------------------
[Epoch : 26/40]
Src_cls_loss	: 0.1030
-------------------------------------
[Epoch : 27/40]
Src_cls_loss	: 0.0998
-------------------------------------
[Epoch : 28/40]
Src_cls_loss	: 0.0966
-------------------------------------
[Epoch : 29/40]
Src_cls_loss	: 0.0937
-------------------------------------
[Epoch : 30/40]
Src_cls_loss	: 0.0908
-------------------------------------
[Epoch : 31/40]
Src_cls_loss	: 0.0880
-------------------------------------
[Epoch : 32/40]
Src_cls_loss	: 0.0855
-------------------------------------
[Epoch : 33/40]
Src_cls_loss	: 0.0834
-------------------------------------
[Epoch : 34/40]
Src_cls_loss	: 0.0813
-------------------------------------
[Epoch : 35/40]
Src_cls_loss	: 0.0795
-------------------------------------
[Epoch : 36/40]
Src_cls_loss	: 0.0776
-------------------------------------
[Epoch : 37/40]
Src_cls_loss	: 0.0760
-------------------------------------
[Epoch : 38/40]
Src_cls_loss	: 0.0743
-------------------------------------
[Epoch : 39/40]
Src_cls_loss	: 0.0725
-------------------------------------
[Epoch : 40/40]
Src_cls_loss	: 0.0708
-------------------------------------
