=============================================
Dataset: pamap_mobiact
Method:  Deep_Coral
=============================================
Source: df ---> Target: dp_60
Run ID: 0
=============================================
[Epoch : 1/40]
Total_loss	: 4.4249
Src_cls_loss	: 0.6635
coral_loss	: 0.0006
-------------------------------------
[Epoch : 2/40]
Total_loss	: 3.8510
Src_cls_loss	: 0.5775
coral_loss	: 0.0005
-------------------------------------
[Epoch : 3/40]
Total_loss	: 3.4137
Src_cls_loss	: 0.5119
coral_loss	: 0.0004
-------------------------------------
[Epoch : 4/40]
Total_loss	: 3.1604
Src_cls_loss	: 0.4740
coral_loss	: 0.0004
-------------------------------------
[Epoch : 5/40]
Total_loss	: 2.8926
Src_cls_loss	: 0.4338
coral_loss	: 0.0003
-------------------------------------
[Epoch : 6/40]
Total_loss	: 2.7305
Src_cls_loss	: 0.4095
coral_loss	: 0.0003
-------------------------------------
[Epoch : 7/40]
Total_loss	: 2.5757
Src_cls_loss	: 0.3863
coral_loss	: 0.0003
-------------------------------------
[Epoch : 8/40]
Total_loss	: 2.4167
Src_cls_loss	: 0.3624
coral_loss	: 0.0003
-------------------------------------
[Epoch : 9/40]
Total_loss	: 2.2908
Src_cls_loss	: 0.3435
coral_loss	: 0.0003
-------------------------------------
[Epoch : 10/40]
Total_loss	: 2.1915
Src_cls_loss	: 0.3286
coral_loss	: 0.0003
-------------------------------------
[Epoch : 11/40]
Total_loss	: 2.1036
Src_cls_loss	: 0.3154
coral_loss	: 0.0003
-------------------------------------
[Epoch : 12/40]
Total_loss	: 2.0190
Src_cls_loss	: 0.3027
coral_loss	: 0.0003
-------------------------------------
[Epoch : 13/40]
Total_loss	: 1.9437
Src_cls_loss	: 0.2914
coral_loss	: 0.0003
-------------------------------------
[Epoch : 14/40]
Total_loss	: 1.8706
Src_cls_loss	: 0.2805
coral_loss	: 0.0003
-------------------------------------
[Epoch : 15/40]
Total_loss	: 1.8111
Src_cls_loss	: 0.2715
coral_loss	: 0.0003
-------------------------------------
[Epoch : 16/40]
Total_loss	: 1.7534
Src_cls_loss	: 0.2629
coral_loss	: 0.0003
-------------------------------------
[Epoch : 17/40]
Total_loss	: 1.7044
Src_cls_loss	: 0.2555
coral_loss	: 0.0003
-------------------------------------
[Epoch : 18/40]
Total_loss	: 1.6603
Src_cls_loss	: 0.2489
coral_loss	: 0.0003
-------------------------------------
[Epoch : 19/40]
Total_loss	: 1.6153
Src_cls_loss	: 0.2422
coral_loss	: 0.0003
-------------------------------------
[Epoch : 20/40]
Total_loss	: 1.5726
Src_cls_loss	: 0.2358
coral_loss	: 0.0003
-------------------------------------
[Epoch : 21/40]
Total_loss	: 1.5321
Src_cls_loss	: 0.2297
coral_loss	: 0.0003
-------------------------------------
[Epoch : 22/40]
Total_loss	: 1.4947
Src_cls_loss	: 0.2241
coral_loss	: 0.0003
-------------------------------------
[Epoch : 23/40]
Total_loss	: 1.4601
Src_cls_loss	: 0.2189
coral_loss	: 0.0003
-------------------------------------
[Epoch : 24/40]
Total_loss	: 1.4333
Src_cls_loss	: 0.2149
coral_loss	: 0.0003
-------------------------------------
[Epoch : 25/40]
Total_loss	: 1.4051
Src_cls_loss	: 0.2106
coral_loss	: 0.0003
-------------------------------------
[Epoch : 26/40]
Total_loss	: 1.3758
Src_cls_loss	: 0.2062
coral_loss	: 0.0003
-------------------------------------
[Epoch : 27/40]
Total_loss	: 1.3523
Src_cls_loss	: 0.2027
coral_loss	: 0.0003
-------------------------------------
[Epoch : 28/40]
Total_loss	: 1.3319
Src_cls_loss	: 0.1996
coral_loss	: 0.0003
-------------------------------------
[Epoch : 29/40]
Total_loss	: 1.3077
Src_cls_loss	: 0.1960
coral_loss	: 0.0003
-------------------------------------
[Epoch : 30/40]
Total_loss	: 1.2923
Src_cls_loss	: 0.1937
coral_loss	: 0.0003
-------------------------------------
[Epoch : 31/40]
Total_loss	: 1.2793
Src_cls_loss	: 0.1917
coral_loss	: 0.0003
-------------------------------------
[Epoch : 32/40]
Total_loss	: 1.2591
Src_cls_loss	: 0.1887
coral_loss	: 0.0003
-------------------------------------
[Epoch : 33/40]
Total_loss	: 1.2390
Src_cls_loss	: 0.1857
coral_loss	: 0.0003
-------------------------------------
[Epoch : 34/40]
Total_loss	: 1.2187
Src_cls_loss	: 0.1826
coral_loss	: 0.0003
-------------------------------------
[Epoch : 35/40]
Total_loss	: 1.2035
Src_cls_loss	: 0.1804
coral_loss	: 0.0003
-------------------------------------
[Epoch : 36/40]
Total_loss	: 1.1859
Src_cls_loss	: 0.1777
coral_loss	: 0.0003
-------------------------------------
[Epoch : 37/40]
Total_loss	: 1.1683
Src_cls_loss	: 0.1751
coral_loss	: 0.0003
-------------------------------------
[Epoch : 38/40]
Total_loss	: 1.1519
Src_cls_loss	: 0.1726
coral_loss	: 0.0003
-------------------------------------
[Epoch : 39/40]
Total_loss	: 1.1373
Src_cls_loss	: 0.1704
coral_loss	: 0.0003
-------------------------------------
[Epoch : 40/40]
Total_loss	: 1.1234
Src_cls_loss	: 0.1683
coral_loss	: 0.0003
-------------------------------------
