=============================================
Dataset: pamap_mobiact
Method:  SYN
=============================================
Source: syn_wal_21 ---> Target: dp_wal_21
Run ID: 3
=============================================
[Epoch : 1/40]
Src_cls_loss	: 0.7560
-------------------------------------
[Epoch : 2/40]
Src_cls_loss	: 0.6408
-------------------------------------
[Epoch : 3/40]
Src_cls_loss	: 0.5603
-------------------------------------
[Epoch : 4/40]
Src_cls_loss	: 0.4827
-------------------------------------
[Epoch : 5/40]
Src_cls_loss	: 0.4291
-------------------------------------
[Epoch : 6/40]
Src_cls_loss	: 0.3795
-------------------------------------
[Epoch : 7/40]
Src_cls_loss	: 0.3394
-------------------------------------
[Epoch : 8/40]
Src_cls_loss	: 0.3076
-------------------------------------
[Epoch : 9/40]
Src_cls_loss	: 0.2795
-------------------------------------
[Epoch : 10/40]
Src_cls_loss	: 0.2591
-------------------------------------
[Epoch : 11/40]
Src_cls_loss	: 0.2415
-------------------------------------
[Epoch : 12/40]
Src_cls_loss	: 0.2248
-------------------------------------
[Epoch : 13/40]
Src_cls_loss	: 0.2100
-------------------------------------
[Epoch : 14/40]
Src_cls_loss	: 0.1978
-------------------------------------
[Epoch : 15/40]
Src_cls_loss	: 0.1867
-------------------------------------
[Epoch : 16/40]
Src_cls_loss	: 0.1766
-------------------------------------
[Epoch : 17/40]
Src_cls_loss	: 0.1676
-------------------------------------
[Epoch : 18/40]
Src_cls_loss	: 0.1596
-------------------------------------
[Epoch : 19/40]
Src_cls_loss	: 0.1521
-------------------------------------
[Epoch : 20/40]
Src_cls_loss	: 0.1455
-------------------------------------
[Epoch : 21/40]
Src_cls_loss	: 0.1396
-------------------------------------
[Epoch : 22/40]
Src_cls_loss	: 0.1344
-------------------------------------
[Epoch : 23/40]
Src_cls_loss	: 0.1296
-------------------------------------
[Epoch : 24/40]
Src_cls_loss	: 0.1253
-------------------------------------
[Epoch : 25/40]
Src_cls_loss	: 0.1209
-------------------------------------
[Epoch : 26/40]
Src_cls_loss	: 0.1168
-------------------------------------
[Epoch : 27/40]
Src_cls_loss	: 0.1127
-------------------------------------
[Epoch : 28/40]
Src_cls_loss	: 0.1091
-------------------------------------
[Epoch : 29/40]
Src_cls_loss	: 0.1058
-------------------------------------
[Epoch : 30/40]
Src_cls_loss	: 0.1025
-------------------------------------
[Epoch : 31/40]
Src_cls_loss	: 0.0994
-------------------------------------
[Epoch : 32/40]
Src_cls_loss	: 0.0968
-------------------------------------
[Epoch : 33/40]
Src_cls_loss	: 0.0942
-------------------------------------
[Epoch : 34/40]
Src_cls_loss	: 0.0917
-------------------------------------
[Epoch : 35/40]
Src_cls_loss	: 0.0897
-------------------------------------
[Epoch : 36/40]
Src_cls_loss	: 0.0874
-------------------------------------
[Epoch : 37/40]
Src_cls_loss	: 0.0853
-------------------------------------
[Epoch : 38/40]
Src_cls_loss	: 0.0833
-------------------------------------
[Epoch : 39/40]
Src_cls_loss	: 0.0812
-------------------------------------
[Epoch : 40/40]
Src_cls_loss	: 0.0794
-------------------------------------
