=============================================
Dataset: pamap_mobiact
Method:  NO_ADAPT
=============================================
Source: syn_61 ---> Target: dp_61
Run ID: 7
=============================================
[Epoch : 1/40]
Src_cls_loss	: 0.7006
-------------------------------------
[Epoch : 2/40]
Src_cls_loss	: 0.5632
-------------------------------------
[Epoch : 3/40]
Src_cls_loss	: 0.4677
-------------------------------------
[Epoch : 4/40]
Src_cls_loss	: 0.3961
-------------------------------------
[Epoch : 5/40]
Src_cls_loss	: 0.3415
-------------------------------------
[Epoch : 6/40]
Src_cls_loss	: 0.2998
-------------------------------------
[Epoch : 7/40]
Src_cls_loss	: 0.2704
-------------------------------------
[Epoch : 8/40]
Src_cls_loss	: 0.2439
-------------------------------------
[Epoch : 9/40]
Src_cls_loss	: 0.2227
-------------------------------------
[Epoch : 10/40]
Src_cls_loss	: 0.2062
-------------------------------------
[Epoch : 11/40]
Src_cls_loss	: 0.1912
-------------------------------------
[Epoch : 12/40]
Src_cls_loss	: 0.1777
-------------------------------------
[Epoch : 13/40]
Src_cls_loss	: 0.1667
-------------------------------------
[Epoch : 14/40]
Src_cls_loss	: 0.1567
-------------------------------------
[Epoch : 15/40]
Src_cls_loss	: 0.1475
-------------------------------------
[Epoch : 16/40]
Src_cls_loss	: 0.1399
-------------------------------------
[Epoch : 17/40]
Src_cls_loss	: 0.1334
-------------------------------------
[Epoch : 18/40]
Src_cls_loss	: 0.1282
-------------------------------------
[Epoch : 19/40]
Src_cls_loss	: 0.1222
-------------------------------------
[Epoch : 20/40]
Src_cls_loss	: 0.1166
-------------------------------------
[Epoch : 21/40]
Src_cls_loss	: 0.1115
-------------------------------------
[Epoch : 22/40]
Src_cls_loss	: 0.1072
-------------------------------------
[Epoch : 23/40]
Src_cls_loss	: 0.1030
-------------------------------------
[Epoch : 24/40]
Src_cls_loss	: 0.0991
-------------------------------------
[Epoch : 25/40]
Src_cls_loss	: 0.0956
-------------------------------------
[Epoch : 26/40]
Src_cls_loss	: 0.0925
-------------------------------------
[Epoch : 27/40]
Src_cls_loss	: 0.0894
-------------------------------------
[Epoch : 28/40]
Src_cls_loss	: 0.0865
-------------------------------------
[Epoch : 29/40]
Src_cls_loss	: 0.0836
-------------------------------------
[Epoch : 30/40]
Src_cls_loss	: 0.0811
-------------------------------------
[Epoch : 31/40]
Src_cls_loss	: 0.0787
-------------------------------------
[Epoch : 32/40]
Src_cls_loss	: 0.0765
-------------------------------------
[Epoch : 33/40]
Src_cls_loss	: 0.0743
-------------------------------------
[Epoch : 34/40]
Src_cls_loss	: 0.0726
-------------------------------------
[Epoch : 35/40]
Src_cls_loss	: 0.0709
-------------------------------------
[Epoch : 36/40]
Src_cls_loss	: 0.0692
-------------------------------------
[Epoch : 37/40]
Src_cls_loss	: 0.0674
-------------------------------------
[Epoch : 38/40]
Src_cls_loss	: 0.0660
-------------------------------------
[Epoch : 39/40]
Src_cls_loss	: 0.0645
-------------------------------------
[Epoch : 40/40]
Src_cls_loss	: 0.0633
-------------------------------------
