=============================================
Dataset: mobiact_realworld
Method:  SYN
=============================================
Source: syn_wal_67 ---> Target: dp_wal_67
Run ID: 9
=============================================
[Epoch : 1/40]
Src_cls_loss	: 0.7159
-------------------------------------
[Epoch : 2/40]
Src_cls_loss	: 0.5420
-------------------------------------
[Epoch : 3/40]
Src_cls_loss	: 0.4254
-------------------------------------
[Epoch : 4/40]
Src_cls_loss	: 0.3477
-------------------------------------
[Epoch : 5/40]
Src_cls_loss	: 0.2942
-------------------------------------
[Epoch : 6/40]
Src_cls_loss	: 0.2571
-------------------------------------
[Epoch : 7/40]
Src_cls_loss	: 0.2294
-------------------------------------
[Epoch : 8/40]
Src_cls_loss	: 0.2064
-------------------------------------
[Epoch : 9/40]
Src_cls_loss	: 0.1875
-------------------------------------
[Epoch : 10/40]
Src_cls_loss	: 0.1713
-------------------------------------
[Epoch : 11/40]
Src_cls_loss	: 0.1579
-------------------------------------
[Epoch : 12/40]
Src_cls_loss	: 0.1462
-------------------------------------
[Epoch : 13/40]
Src_cls_loss	: 0.1360
-------------------------------------
[Epoch : 14/40]
Src_cls_loss	: 0.1274
-------------------------------------
[Epoch : 15/40]
Src_cls_loss	: 0.1200
-------------------------------------
[Epoch : 16/40]
Src_cls_loss	: 0.1133
-------------------------------------
[Epoch : 17/40]
Src_cls_loss	: 0.1073
-------------------------------------
[Epoch : 18/40]
Src_cls_loss	: 0.1019
-------------------------------------
[Epoch : 19/40]
Src_cls_loss	: 0.0971
-------------------------------------
[Epoch : 20/40]
Src_cls_loss	: 0.0929
-------------------------------------
[Epoch : 21/40]
Src_cls_loss	: 0.0888
-------------------------------------
[Epoch : 22/40]
Src_cls_loss	: 0.0850
-------------------------------------
[Epoch : 23/40]
Src_cls_loss	: 0.0817
-------------------------------------
[Epoch : 24/40]
Src_cls_loss	: 0.0786
-------------------------------------
[Epoch : 25/40]
Src_cls_loss	: 0.0757
-------------------------------------
[Epoch : 26/40]
Src_cls_loss	: 0.0732
-------------------------------------
[Epoch : 27/40]
Src_cls_loss	: 0.0709
-------------------------------------
[Epoch : 28/40]
Src_cls_loss	: 0.0687
-------------------------------------
[Epoch : 29/40]
Src_cls_loss	: 0.0667
-------------------------------------
[Epoch : 30/40]
Src_cls_loss	: 0.0647
-------------------------------------
[Epoch : 31/40]
Src_cls_loss	: 0.0628
-------------------------------------
[Epoch : 32/40]
Src_cls_loss	: 0.0609
-------------------------------------
[Epoch : 33/40]
Src_cls_loss	: 0.0592
-------------------------------------
[Epoch : 34/40]
Src_cls_loss	: 0.0576
-------------------------------------
[Epoch : 35/40]
Src_cls_loss	: 0.0561
-------------------------------------
[Epoch : 36/40]
Src_cls_loss	: 0.0546
-------------------------------------
[Epoch : 37/40]
Src_cls_loss	: 0.0532
-------------------------------------
[Epoch : 38/40]
Src_cls_loss	: 0.0520
-------------------------------------
[Epoch : 39/40]
Src_cls_loss	: 0.0508
-------------------------------------
[Epoch : 40/40]
Src_cls_loss	: 0.0496
-------------------------------------
