=============================================
Dataset: pamap_mobiact
Method:  NO_ADAPT
=============================================
Source: syn_47 ---> Target: dp_47
Run ID: 0
=============================================
[Epoch : 1/40]
Src_cls_loss	: 0.6543
-------------------------------------
[Epoch : 2/40]
Src_cls_loss	: 0.5126
-------------------------------------
[Epoch : 3/40]
Src_cls_loss	: 0.4375
-------------------------------------
[Epoch : 4/40]
Src_cls_loss	: 0.3776
-------------------------------------
[Epoch : 5/40]
Src_cls_loss	: 0.3325
-------------------------------------
[Epoch : 6/40]
Src_cls_loss	: 0.2954
-------------------------------------
[Epoch : 7/40]
Src_cls_loss	: 0.2689
-------------------------------------
[Epoch : 8/40]
Src_cls_loss	: 0.2464
-------------------------------------
[Epoch : 9/40]
Src_cls_loss	: 0.2307
-------------------------------------
[Epoch : 10/40]
Src_cls_loss	: 0.2158
-------------------------------------
[Epoch : 11/40]
Src_cls_loss	: 0.2005
-------------------------------------
[Epoch : 12/40]
Src_cls_loss	: 0.1875
-------------------------------------
[Epoch : 13/40]
Src_cls_loss	: 0.1762
-------------------------------------
[Epoch : 14/40]
Src_cls_loss	: 0.1656
-------------------------------------
[Epoch : 15/40]
Src_cls_loss	: 0.1568
-------------------------------------
[Epoch : 16/40]
Src_cls_loss	: 0.1488
-------------------------------------
[Epoch : 17/40]
Src_cls_loss	: 0.1416
-------------------------------------
[Epoch : 18/40]
Src_cls_loss	: 0.1359
-------------------------------------
[Epoch : 19/40]
Src_cls_loss	: 0.1308
-------------------------------------
[Epoch : 20/40]
Src_cls_loss	: 0.1256
-------------------------------------
[Epoch : 21/40]
Src_cls_loss	: 0.1212
-------------------------------------
[Epoch : 22/40]
Src_cls_loss	: 0.1170
-------------------------------------
[Epoch : 23/40]
Src_cls_loss	: 0.1134
-------------------------------------
[Epoch : 24/40]
Src_cls_loss	: 0.1100
-------------------------------------
[Epoch : 25/40]
Src_cls_loss	: 0.1068
-------------------------------------
[Epoch : 26/40]
Src_cls_loss	: 0.1035
-------------------------------------
[Epoch : 27/40]
Src_cls_loss	: 0.1006
-------------------------------------
[Epoch : 28/40]
Src_cls_loss	: 0.0979
-------------------------------------
[Epoch : 29/40]
Src_cls_loss	: 0.0950
-------------------------------------
[Epoch : 30/40]
Src_cls_loss	: 0.0922
-------------------------------------
[Epoch : 31/40]
Src_cls_loss	: 0.0899
-------------------------------------
[Epoch : 32/40]
Src_cls_loss	: 0.0877
-------------------------------------
[Epoch : 33/40]
Src_cls_loss	: 0.0855
-------------------------------------
[Epoch : 34/40]
Src_cls_loss	: 0.0832
-------------------------------------
[Epoch : 35/40]
Src_cls_loss	: 0.0812
-------------------------------------
[Epoch : 36/40]
Src_cls_loss	: 0.0792
-------------------------------------
[Epoch : 37/40]
Src_cls_loss	: 0.0774
-------------------------------------
[Epoch : 38/40]
Src_cls_loss	: 0.0755
-------------------------------------
[Epoch : 39/40]
Src_cls_loss	: 0.0739
-------------------------------------
[Epoch : 40/40]
Src_cls_loss	: 0.0726
-------------------------------------
