=============================================
Dataset: pamap_mobiact
Method:  NO_ADAPT
=============================================
Source: syn_11 ---> Target: dp_11
Run ID: 7
=============================================
[Epoch : 1/40]
Src_cls_loss	: 0.8008
-------------------------------------
[Epoch : 2/40]
Src_cls_loss	: 0.6558
-------------------------------------
[Epoch : 3/40]
Src_cls_loss	: 0.5545
-------------------------------------
[Epoch : 4/40]
Src_cls_loss	: 0.4793
-------------------------------------
[Epoch : 5/40]
Src_cls_loss	: 0.4232
-------------------------------------
[Epoch : 6/40]
Src_cls_loss	: 0.3807
-------------------------------------
[Epoch : 7/40]
Src_cls_loss	: 0.3443
-------------------------------------
[Epoch : 8/40]
Src_cls_loss	: 0.3137
-------------------------------------
[Epoch : 9/40]
Src_cls_loss	: 0.2880
-------------------------------------
[Epoch : 10/40]
Src_cls_loss	: 0.2656
-------------------------------------
[Epoch : 11/40]
Src_cls_loss	: 0.2470
-------------------------------------
[Epoch : 12/40]
Src_cls_loss	: 0.2306
-------------------------------------
[Epoch : 13/40]
Src_cls_loss	: 0.2159
-------------------------------------
[Epoch : 14/40]
Src_cls_loss	: 0.2034
-------------------------------------
[Epoch : 15/40]
Src_cls_loss	: 0.1928
-------------------------------------
[Epoch : 16/40]
Src_cls_loss	: 0.1828
-------------------------------------
[Epoch : 17/40]
Src_cls_loss	: 0.1737
-------------------------------------
[Epoch : 18/40]
Src_cls_loss	: 0.1667
-------------------------------------
[Epoch : 19/40]
Src_cls_loss	: 0.1605
-------------------------------------
[Epoch : 20/40]
Src_cls_loss	: 0.1542
-------------------------------------
[Epoch : 21/40]
Src_cls_loss	: 0.1485
-------------------------------------
[Epoch : 22/40]
Src_cls_loss	: 0.1441
-------------------------------------
[Epoch : 23/40]
Src_cls_loss	: 0.1395
-------------------------------------
[Epoch : 24/40]
Src_cls_loss	: 0.1347
-------------------------------------
[Epoch : 25/40]
Src_cls_loss	: 0.1300
-------------------------------------
[Epoch : 26/40]
Src_cls_loss	: 0.1256
-------------------------------------
[Epoch : 27/40]
Src_cls_loss	: 0.1213
-------------------------------------
[Epoch : 28/40]
Src_cls_loss	: 0.1175
-------------------------------------
[Epoch : 29/40]
Src_cls_loss	: 0.1139
-------------------------------------
[Epoch : 30/40]
Src_cls_loss	: 0.1105
-------------------------------------
[Epoch : 31/40]
Src_cls_loss	: 0.1075
-------------------------------------
[Epoch : 32/40]
Src_cls_loss	: 0.1046
-------------------------------------
[Epoch : 33/40]
Src_cls_loss	: 0.1019
-------------------------------------
[Epoch : 34/40]
Src_cls_loss	: 0.0992
-------------------------------------
[Epoch : 35/40]
Src_cls_loss	: 0.0967
-------------------------------------
[Epoch : 36/40]
Src_cls_loss	: 0.0943
-------------------------------------
[Epoch : 37/40]
Src_cls_loss	: 0.0920
-------------------------------------
[Epoch : 38/40]
Src_cls_loss	: 0.0898
-------------------------------------
[Epoch : 39/40]
Src_cls_loss	: 0.0878
-------------------------------------
[Epoch : 40/40]
Src_cls_loss	: 0.0861
-------------------------------------
