=============================================
Dataset: pamap_mobiact
Method:  SYN
=============================================
Source: syn_wal_20 ---> Target: dp_wal_20
Run ID: 7
=============================================
[Epoch : 1/40]
Src_cls_loss	: 0.5544
-------------------------------------
[Epoch : 2/40]
Src_cls_loss	: 0.3765
-------------------------------------
[Epoch : 3/40]
Src_cls_loss	: 0.2920
-------------------------------------
[Epoch : 4/40]
Src_cls_loss	: 0.2381
-------------------------------------
[Epoch : 5/40]
Src_cls_loss	: 0.2020
-------------------------------------
[Epoch : 6/40]
Src_cls_loss	: 0.1785
-------------------------------------
[Epoch : 7/40]
Src_cls_loss	: 0.1589
-------------------------------------
[Epoch : 8/40]
Src_cls_loss	: 0.1438
-------------------------------------
[Epoch : 9/40]
Src_cls_loss	: 0.1305
-------------------------------------
[Epoch : 10/40]
Src_cls_loss	: 0.1210
-------------------------------------
[Epoch : 11/40]
Src_cls_loss	: 0.1125
-------------------------------------
[Epoch : 12/40]
Src_cls_loss	: 0.1044
-------------------------------------
[Epoch : 13/40]
Src_cls_loss	: 0.0979
-------------------------------------
[Epoch : 14/40]
Src_cls_loss	: 0.0918
-------------------------------------
[Epoch : 15/40]
Src_cls_loss	: 0.0868
-------------------------------------
[Epoch : 16/40]
Src_cls_loss	: 0.0819
-------------------------------------
[Epoch : 17/40]
Src_cls_loss	: 0.0778
-------------------------------------
[Epoch : 18/40]
Src_cls_loss	: 0.0743
-------------------------------------
[Epoch : 19/40]
Src_cls_loss	: 0.0710
-------------------------------------
[Epoch : 20/40]
Src_cls_loss	: 0.0681
-------------------------------------
[Epoch : 21/40]
Src_cls_loss	: 0.0651
-------------------------------------
[Epoch : 22/40]
Src_cls_loss	: 0.0625
-------------------------------------
[Epoch : 23/40]
Src_cls_loss	: 0.0603
-------------------------------------
[Epoch : 24/40]
Src_cls_loss	: 0.0580
-------------------------------------
[Epoch : 25/40]
Src_cls_loss	: 0.0558
-------------------------------------
[Epoch : 26/40]
Src_cls_loss	: 0.0539
-------------------------------------
[Epoch : 27/40]
Src_cls_loss	: 0.0520
-------------------------------------
[Epoch : 28/40]
Src_cls_loss	: 0.0503
-------------------------------------
[Epoch : 29/40]
Src_cls_loss	: 0.0487
-------------------------------------
[Epoch : 30/40]
Src_cls_loss	: 0.0472
-------------------------------------
[Epoch : 31/40]
Src_cls_loss	: 0.0458
-------------------------------------
[Epoch : 32/40]
Src_cls_loss	: 0.0444
-------------------------------------
[Epoch : 33/40]
Src_cls_loss	: 0.0431
-------------------------------------
[Epoch : 34/40]
Src_cls_loss	: 0.0420
-------------------------------------
[Epoch : 35/40]
Src_cls_loss	: 0.0409
-------------------------------------
[Epoch : 36/40]
Src_cls_loss	: 0.0398
-------------------------------------
[Epoch : 37/40]
Src_cls_loss	: 0.0388
-------------------------------------
[Epoch : 38/40]
Src_cls_loss	: 0.0378
-------------------------------------
[Epoch : 39/40]
Src_cls_loss	: 0.0369
-------------------------------------
[Epoch : 40/40]
Src_cls_loss	: 0.0360
-------------------------------------
