=============================================
Dataset: pamap_realworld
Method:  NO_ADAPT
=============================================
Source: syn_13 ---> Target: dp_13
Run ID: 5
=============================================
[Epoch : 1/40]
Src_cls_loss	: 0.4418
-------------------------------------
[Epoch : 2/40]
Src_cls_loss	: 0.2937
-------------------------------------
[Epoch : 3/40]
Src_cls_loss	: 0.2229
-------------------------------------
[Epoch : 4/40]
Src_cls_loss	: 0.1830
-------------------------------------
[Epoch : 5/40]
Src_cls_loss	: 0.1554
-------------------------------------
[Epoch : 6/40]
Src_cls_loss	: 0.1380
-------------------------------------
[Epoch : 7/40]
Src_cls_loss	: 0.1238
-------------------------------------
[Epoch : 8/40]
Src_cls_loss	: 0.1120
-------------------------------------
[Epoch : 9/40]
Src_cls_loss	: 0.1019
-------------------------------------
[Epoch : 10/40]
Src_cls_loss	: 0.0947
-------------------------------------
[Epoch : 11/40]
Src_cls_loss	: 0.0890
-------------------------------------
[Epoch : 12/40]
Src_cls_loss	: 0.0836
-------------------------------------
[Epoch : 13/40]
Src_cls_loss	: 0.0789
-------------------------------------
[Epoch : 14/40]
Src_cls_loss	: 0.0748
-------------------------------------
[Epoch : 15/40]
Src_cls_loss	: 0.0709
-------------------------------------
[Epoch : 16/40]
Src_cls_loss	: 0.0678
-------------------------------------
[Epoch : 17/40]
Src_cls_loss	: 0.0646
-------------------------------------
[Epoch : 18/40]
Src_cls_loss	: 0.0618
-------------------------------------
[Epoch : 19/40]
Src_cls_loss	: 0.0594
-------------------------------------
[Epoch : 20/40]
Src_cls_loss	: 0.0569
-------------------------------------
[Epoch : 21/40]
Src_cls_loss	: 0.0548
-------------------------------------
[Epoch : 22/40]
Src_cls_loss	: 0.0528
-------------------------------------
[Epoch : 23/40]
Src_cls_loss	: 0.0512
-------------------------------------
[Epoch : 24/40]
Src_cls_loss	: 0.0495
-------------------------------------
[Epoch : 25/40]
Src_cls_loss	: 0.0482
-------------------------------------
[Epoch : 26/40]
Src_cls_loss	: 0.0468
-------------------------------------
[Epoch : 27/40]
Src_cls_loss	: 0.0454
-------------------------------------
[Epoch : 28/40]
Src_cls_loss	: 0.0442
-------------------------------------
[Epoch : 29/40]
Src_cls_loss	: 0.0429
-------------------------------------
[Epoch : 30/40]
Src_cls_loss	: 0.0419
-------------------------------------
[Epoch : 31/40]
Src_cls_loss	: 0.0409
-------------------------------------
[Epoch : 32/40]
Src_cls_loss	: 0.0399
-------------------------------------
[Epoch : 33/40]
Src_cls_loss	: 0.0388
-------------------------------------
[Epoch : 34/40]
Src_cls_loss	: 0.0378
-------------------------------------
[Epoch : 35/40]
Src_cls_loss	: 0.0369
-------------------------------------
[Epoch : 36/40]
Src_cls_loss	: 0.0360
-------------------------------------
[Epoch : 37/40]
Src_cls_loss	: 0.0352
-------------------------------------
[Epoch : 38/40]
Src_cls_loss	: 0.0345
-------------------------------------
[Epoch : 39/40]
Src_cls_loss	: 0.0341
-------------------------------------
[Epoch : 40/40]
Src_cls_loss	: 0.0336
-------------------------------------
