=============================================
Dataset: realworld_mobiact
Method:  NO_ADAPT
=============================================
Source: syn_49 ---> Target: dp_49
Run ID: 5
=============================================
[Epoch : 1/40]
Src_cls_loss	: 0.7381
-------------------------------------
[Epoch : 2/40]
Src_cls_loss	: 0.5122
-------------------------------------
[Epoch : 3/40]
Src_cls_loss	: 0.3914
-------------------------------------
[Epoch : 4/40]
Src_cls_loss	: 0.3141
-------------------------------------
[Epoch : 5/40]
Src_cls_loss	: 0.2624
-------------------------------------
[Epoch : 6/40]
Src_cls_loss	: 0.2266
-------------------------------------
[Epoch : 7/40]
Src_cls_loss	: 0.1996
-------------------------------------
[Epoch : 8/40]
Src_cls_loss	: 0.1792
-------------------------------------
[Epoch : 9/40]
Src_cls_loss	: 0.1653
-------------------------------------
[Epoch : 10/40]
Src_cls_loss	: 0.1521
-------------------------------------
[Epoch : 11/40]
Src_cls_loss	: 0.1413
-------------------------------------
[Epoch : 12/40]
Src_cls_loss	: 0.1316
-------------------------------------
[Epoch : 13/40]
Src_cls_loss	: 0.1226
-------------------------------------
[Epoch : 14/40]
Src_cls_loss	: 0.1146
-------------------------------------
[Epoch : 15/40]
Src_cls_loss	: 0.1077
-------------------------------------
[Epoch : 16/40]
Src_cls_loss	: 0.1023
-------------------------------------
[Epoch : 17/40]
Src_cls_loss	: 0.0973
-------------------------------------
[Epoch : 18/40]
Src_cls_loss	: 0.0930
-------------------------------------
[Epoch : 19/40]
Src_cls_loss	: 0.0887
-------------------------------------
[Epoch : 20/40]
Src_cls_loss	: 0.0849
-------------------------------------
[Epoch : 21/40]
Src_cls_loss	: 0.0816
-------------------------------------
[Epoch : 22/40]
Src_cls_loss	: 0.0782
-------------------------------------
[Epoch : 23/40]
Src_cls_loss	: 0.0752
-------------------------------------
[Epoch : 24/40]
Src_cls_loss	: 0.0722
-------------------------------------
[Epoch : 25/40]
Src_cls_loss	: 0.0695
-------------------------------------
[Epoch : 26/40]
Src_cls_loss	: 0.0670
-------------------------------------
[Epoch : 27/40]
Src_cls_loss	: 0.0651
-------------------------------------
[Epoch : 28/40]
Src_cls_loss	: 0.0630
-------------------------------------
[Epoch : 29/40]
Src_cls_loss	: 0.0610
-------------------------------------
[Epoch : 30/40]
Src_cls_loss	: 0.0591
-------------------------------------
[Epoch : 31/40]
Src_cls_loss	: 0.0573
-------------------------------------
[Epoch : 32/40]
Src_cls_loss	: 0.0556
-------------------------------------
[Epoch : 33/40]
Src_cls_loss	: 0.0541
-------------------------------------
[Epoch : 34/40]
Src_cls_loss	: 0.0527
-------------------------------------
[Epoch : 35/40]
Src_cls_loss	: 0.0514
-------------------------------------
[Epoch : 36/40]
Src_cls_loss	: 0.0501
-------------------------------------
[Epoch : 37/40]
Src_cls_loss	: 0.0490
-------------------------------------
[Epoch : 38/40]
Src_cls_loss	: 0.0481
-------------------------------------
[Epoch : 39/40]
Src_cls_loss	: 0.0472
-------------------------------------
[Epoch : 40/40]
Src_cls_loss	: 0.0461
-------------------------------------
