=============================================
Dataset: pamap_mobiact
Method:  SYN
=============================================
Source: syn_wal_30 ---> Target: dp_wal_30
Run ID: 1
=============================================
[Epoch : 1/40]
Src_cls_loss	: 0.7217
-------------------------------------
[Epoch : 2/40]
Src_cls_loss	: 0.5465
-------------------------------------
[Epoch : 3/40]
Src_cls_loss	: 0.4344
-------------------------------------
[Epoch : 4/40]
Src_cls_loss	: 0.3607
-------------------------------------
[Epoch : 5/40]
Src_cls_loss	: 0.3131
-------------------------------------
[Epoch : 6/40]
Src_cls_loss	: 0.2775
-------------------------------------
[Epoch : 7/40]
Src_cls_loss	: 0.2491
-------------------------------------
[Epoch : 8/40]
Src_cls_loss	: 0.2247
-------------------------------------
[Epoch : 9/40]
Src_cls_loss	: 0.2037
-------------------------------------
[Epoch : 10/40]
Src_cls_loss	: 0.1890
-------------------------------------
[Epoch : 11/40]
Src_cls_loss	: 0.1745
-------------------------------------
[Epoch : 12/40]
Src_cls_loss	: 0.1623
-------------------------------------
[Epoch : 13/40]
Src_cls_loss	: 0.1513
-------------------------------------
[Epoch : 14/40]
Src_cls_loss	: 0.1419
-------------------------------------
[Epoch : 15/40]
Src_cls_loss	: 0.1333
-------------------------------------
[Epoch : 16/40]
Src_cls_loss	: 0.1256
-------------------------------------
[Epoch : 17/40]
Src_cls_loss	: 0.1196
-------------------------------------
[Epoch : 18/40]
Src_cls_loss	: 0.1142
-------------------------------------
[Epoch : 19/40]
Src_cls_loss	: 0.1093
-------------------------------------
[Epoch : 20/40]
Src_cls_loss	: 0.1048
-------------------------------------
[Epoch : 21/40]
Src_cls_loss	: 0.1004
-------------------------------------
[Epoch : 22/40]
Src_cls_loss	: 0.0962
-------------------------------------
[Epoch : 23/40]
Src_cls_loss	: 0.0923
-------------------------------------
[Epoch : 24/40]
Src_cls_loss	: 0.0888
-------------------------------------
[Epoch : 25/40]
Src_cls_loss	: 0.0856
-------------------------------------
[Epoch : 26/40]
Src_cls_loss	: 0.0831
-------------------------------------
[Epoch : 27/40]
Src_cls_loss	: 0.0805
-------------------------------------
[Epoch : 28/40]
Src_cls_loss	: 0.0780
-------------------------------------
[Epoch : 29/40]
Src_cls_loss	: 0.0756
-------------------------------------
[Epoch : 30/40]
Src_cls_loss	: 0.0732
-------------------------------------
[Epoch : 31/40]
Src_cls_loss	: 0.0710
-------------------------------------
[Epoch : 32/40]
Src_cls_loss	: 0.0691
-------------------------------------
[Epoch : 33/40]
Src_cls_loss	: 0.0672
-------------------------------------
[Epoch : 34/40]
Src_cls_loss	: 0.0653
-------------------------------------
[Epoch : 35/40]
Src_cls_loss	: 0.0635
-------------------------------------
[Epoch : 36/40]
Src_cls_loss	: 0.0619
-------------------------------------
[Epoch : 37/40]
Src_cls_loss	: 0.0603
-------------------------------------
[Epoch : 38/40]
Src_cls_loss	: 0.0588
-------------------------------------
[Epoch : 39/40]
Src_cls_loss	: 0.0575
-------------------------------------
[Epoch : 40/40]
Src_cls_loss	: 0.0561
-------------------------------------
