=============================================
Dataset: pamap_mobiact
Method:  Deep_Coral
=============================================
Source: df ---> Target: dp_wal_43
Run ID: 0
=============================================
[Epoch : 1/40]
Total_loss	: 4.4261
Src_cls_loss	: 0.6634
coral_loss	: 0.0009
-------------------------------------
[Epoch : 2/40]
Total_loss	: 3.8574
Src_cls_loss	: 0.5780
coral_loss	: 0.0009
-------------------------------------
[Epoch : 3/40]
Total_loss	: 3.4251
Src_cls_loss	: 0.5131
coral_loss	: 0.0009
-------------------------------------
[Epoch : 4/40]
Total_loss	: 3.1746
Src_cls_loss	: 0.4755
coral_loss	: 0.0009
-------------------------------------
[Epoch : 5/40]
Total_loss	: 2.9069
Src_cls_loss	: 0.4354
coral_loss	: 0.0009
-------------------------------------
[Epoch : 6/40]
Total_loss	: 2.7425
Src_cls_loss	: 0.4107
coral_loss	: 0.0009
-------------------------------------
[Epoch : 7/40]
Total_loss	: 2.5863
Src_cls_loss	: 0.3873
coral_loss	: 0.0009
-------------------------------------
[Epoch : 8/40]
Total_loss	: 2.4266
Src_cls_loss	: 0.3633
coral_loss	: 0.0009
-------------------------------------
[Epoch : 9/40]
Total_loss	: 2.3005
Src_cls_loss	: 0.3444
coral_loss	: 0.0009
-------------------------------------
[Epoch : 10/40]
Total_loss	: 2.2004
Src_cls_loss	: 0.3294
coral_loss	: 0.0009
-------------------------------------
[Epoch : 11/40]
Total_loss	: 2.1122
Src_cls_loss	: 0.3161
coral_loss	: 0.0009
-------------------------------------
[Epoch : 12/40]
Total_loss	: 2.0269
Src_cls_loss	: 0.3033
coral_loss	: 0.0009
-------------------------------------
[Epoch : 13/40]
Total_loss	: 1.9520
Src_cls_loss	: 0.2921
coral_loss	: 0.0009
-------------------------------------
[Epoch : 14/40]
Total_loss	: 1.8781
Src_cls_loss	: 0.2810
coral_loss	: 0.0009
-------------------------------------
[Epoch : 15/40]
Total_loss	: 1.8187
Src_cls_loss	: 0.2721
coral_loss	: 0.0009
-------------------------------------
[Epoch : 16/40]
Total_loss	: 1.7610
Src_cls_loss	: 0.2635
coral_loss	: 0.0009
-------------------------------------
[Epoch : 17/40]
Total_loss	: 1.7110
Src_cls_loss	: 0.2560
coral_loss	: 0.0009
-------------------------------------
[Epoch : 18/40]
Total_loss	: 1.6664
Src_cls_loss	: 0.2493
coral_loss	: 0.0008
-------------------------------------
[Epoch : 19/40]
Total_loss	: 1.6212
Src_cls_loss	: 0.2425
coral_loss	: 0.0008
-------------------------------------
[Epoch : 20/40]
Total_loss	: 1.5786
Src_cls_loss	: 0.2361
coral_loss	: 0.0008
-------------------------------------
[Epoch : 21/40]
Total_loss	: 1.5380
Src_cls_loss	: 0.2300
coral_loss	: 0.0008
-------------------------------------
[Epoch : 22/40]
Total_loss	: 1.5006
Src_cls_loss	: 0.2244
coral_loss	: 0.0008
-------------------------------------
[Epoch : 23/40]
Total_loss	: 1.4660
Src_cls_loss	: 0.2192
coral_loss	: 0.0008
-------------------------------------
[Epoch : 24/40]
Total_loss	: 1.4392
Src_cls_loss	: 0.2152
coral_loss	: 0.0008
-------------------------------------
[Epoch : 25/40]
Total_loss	: 1.4110
Src_cls_loss	: 0.2110
coral_loss	: 0.0008
-------------------------------------
[Epoch : 26/40]
Total_loss	: 1.3815
Src_cls_loss	: 0.2065
coral_loss	: 0.0008
-------------------------------------
[Epoch : 27/40]
Total_loss	: 1.3578
Src_cls_loss	: 0.2030
coral_loss	: 0.0008
-------------------------------------
[Epoch : 28/40]
Total_loss	: 1.3373
Src_cls_loss	: 0.1999
coral_loss	: 0.0008
-------------------------------------
[Epoch : 29/40]
Total_loss	: 1.3130
Src_cls_loss	: 0.1963
coral_loss	: 0.0008
-------------------------------------
[Epoch : 30/40]
Total_loss	: 1.2970
Src_cls_loss	: 0.1939
coral_loss	: 0.0008
-------------------------------------
[Epoch : 31/40]
Total_loss	: 1.2839
Src_cls_loss	: 0.1919
coral_loss	: 0.0008
-------------------------------------
[Epoch : 32/40]
Total_loss	: 1.2637
Src_cls_loss	: 0.1889
coral_loss	: 0.0008
-------------------------------------
[Epoch : 33/40]
Total_loss	: 1.2437
Src_cls_loss	: 0.1859
coral_loss	: 0.0008
-------------------------------------
[Epoch : 34/40]
Total_loss	: 1.2233
Src_cls_loss	: 0.1828
coral_loss	: 0.0008
-------------------------------------
[Epoch : 35/40]
Total_loss	: 1.2083
Src_cls_loss	: 0.1806
coral_loss	: 0.0008
-------------------------------------
[Epoch : 36/40]
Total_loss	: 1.1909
Src_cls_loss	: 0.1780
coral_loss	: 0.0008
-------------------------------------
[Epoch : 37/40]
Total_loss	: 1.1736
Src_cls_loss	: 0.1754
coral_loss	: 0.0008
-------------------------------------
[Epoch : 38/40]
Total_loss	: 1.1570
Src_cls_loss	: 0.1729
coral_loss	: 0.0008
-------------------------------------
[Epoch : 39/40]
Total_loss	: 1.1423
Src_cls_loss	: 0.1707
coral_loss	: 0.0008
-------------------------------------
[Epoch : 40/40]
Total_loss	: 1.1285
Src_cls_loss	: 0.1686
coral_loss	: 0.0008
-------------------------------------
