=============================================
Dataset: realworld_mobiact
Method:  SYN
=============================================
Source: syn_wal_74 ---> Target: dp_wal_74
Run ID: 4
=============================================
[Epoch : 1/40]
Src_cls_loss	: 0.7837
-------------------------------------
[Epoch : 2/40]
Src_cls_loss	: 0.5961
-------------------------------------
[Epoch : 3/40]
Src_cls_loss	: 0.4635
-------------------------------------
[Epoch : 4/40]
Src_cls_loss	: 0.3790
-------------------------------------
[Epoch : 5/40]
Src_cls_loss	: 0.3191
-------------------------------------
[Epoch : 6/40]
Src_cls_loss	: 0.2737
-------------------------------------
[Epoch : 7/40]
Src_cls_loss	: 0.2400
-------------------------------------
[Epoch : 8/40]
Src_cls_loss	: 0.2143
-------------------------------------
[Epoch : 9/40]
Src_cls_loss	: 0.1933
-------------------------------------
[Epoch : 10/40]
Src_cls_loss	: 0.1760
-------------------------------------
[Epoch : 11/40]
Src_cls_loss	: 0.1613
-------------------------------------
[Epoch : 12/40]
Src_cls_loss	: 0.1491
-------------------------------------
[Epoch : 13/40]
Src_cls_loss	: 0.1385
-------------------------------------
[Epoch : 14/40]
Src_cls_loss	: 0.1294
-------------------------------------
[Epoch : 15/40]
Src_cls_loss	: 0.1215
-------------------------------------
[Epoch : 16/40]
Src_cls_loss	: 0.1147
-------------------------------------
[Epoch : 17/40]
Src_cls_loss	: 0.1085
-------------------------------------
[Epoch : 18/40]
Src_cls_loss	: 0.1032
-------------------------------------
[Epoch : 19/40]
Src_cls_loss	: 0.0982
-------------------------------------
[Epoch : 20/40]
Src_cls_loss	: 0.0936
-------------------------------------
[Epoch : 21/40]
Src_cls_loss	: 0.0894
-------------------------------------
[Epoch : 22/40]
Src_cls_loss	: 0.0856
-------------------------------------
[Epoch : 23/40]
Src_cls_loss	: 0.0821
-------------------------------------
[Epoch : 24/40]
Src_cls_loss	: 0.0788
-------------------------------------
[Epoch : 25/40]
Src_cls_loss	: 0.0758
-------------------------------------
[Epoch : 26/40]
Src_cls_loss	: 0.0730
-------------------------------------
[Epoch : 27/40]
Src_cls_loss	: 0.0704
-------------------------------------
[Epoch : 28/40]
Src_cls_loss	: 0.0680
-------------------------------------
[Epoch : 29/40]
Src_cls_loss	: 0.0657
-------------------------------------
[Epoch : 30/40]
Src_cls_loss	: 0.0636
-------------------------------------
[Epoch : 31/40]
Src_cls_loss	: 0.0617
-------------------------------------
[Epoch : 32/40]
Src_cls_loss	: 0.0599
-------------------------------------
[Epoch : 33/40]
Src_cls_loss	: 0.0584
-------------------------------------
[Epoch : 34/40]
Src_cls_loss	: 0.0568
-------------------------------------
[Epoch : 35/40]
Src_cls_loss	: 0.0556
-------------------------------------
[Epoch : 36/40]
Src_cls_loss	: 0.0546
-------------------------------------
[Epoch : 37/40]
Src_cls_loss	: 0.0534
-------------------------------------
[Epoch : 38/40]
Src_cls_loss	: 0.0521
-------------------------------------
[Epoch : 39/40]
Src_cls_loss	: 0.0508
-------------------------------------
[Epoch : 40/40]
Src_cls_loss	: 0.0497
-------------------------------------
