=============================================
Dataset: realworld_mobiact
Method:  SYN
=============================================
Source: syn_wal_31 ---> Target: dp_wal_31
Run ID: 8
=============================================
[Epoch : 1/40]
Src_cls_loss	: 0.5520
-------------------------------------
[Epoch : 2/40]
Src_cls_loss	: 0.3825
-------------------------------------
[Epoch : 3/40]
Src_cls_loss	: 0.2991
-------------------------------------
[Epoch : 4/40]
Src_cls_loss	: 0.2498
-------------------------------------
[Epoch : 5/40]
Src_cls_loss	: 0.2142
-------------------------------------
[Epoch : 6/40]
Src_cls_loss	: 0.1880
-------------------------------------
[Epoch : 7/40]
Src_cls_loss	: 0.1664
-------------------------------------
[Epoch : 8/40]
Src_cls_loss	: 0.1502
-------------------------------------
[Epoch : 9/40]
Src_cls_loss	: 0.1362
-------------------------------------
[Epoch : 10/40]
Src_cls_loss	: 0.1258
-------------------------------------
[Epoch : 11/40]
Src_cls_loss	: 0.1171
-------------------------------------
[Epoch : 12/40]
Src_cls_loss	: 0.1095
-------------------------------------
[Epoch : 13/40]
Src_cls_loss	: 0.1031
-------------------------------------
[Epoch : 14/40]
Src_cls_loss	: 0.0979
-------------------------------------
[Epoch : 15/40]
Src_cls_loss	: 0.0928
-------------------------------------
[Epoch : 16/40]
Src_cls_loss	: 0.0876
-------------------------------------
[Epoch : 17/40]
Src_cls_loss	: 0.0832
-------------------------------------
[Epoch : 18/40]
Src_cls_loss	: 0.0791
-------------------------------------
[Epoch : 19/40]
Src_cls_loss	: 0.0764
-------------------------------------
[Epoch : 20/40]
Src_cls_loss	: 0.0743
-------------------------------------
[Epoch : 21/40]
Src_cls_loss	: 0.0715
-------------------------------------
[Epoch : 22/40]
Src_cls_loss	: 0.0689
-------------------------------------
[Epoch : 23/40]
Src_cls_loss	: 0.0664
-------------------------------------
[Epoch : 24/40]
Src_cls_loss	: 0.0639
-------------------------------------
[Epoch : 25/40]
Src_cls_loss	: 0.0617
-------------------------------------
[Epoch : 26/40]
Src_cls_loss	: 0.0595
-------------------------------------
[Epoch : 27/40]
Src_cls_loss	: 0.0578
-------------------------------------
[Epoch : 28/40]
Src_cls_loss	: 0.0560
-------------------------------------
[Epoch : 29/40]
Src_cls_loss	: 0.0544
-------------------------------------
[Epoch : 30/40]
Src_cls_loss	: 0.0527
-------------------------------------
[Epoch : 31/40]
Src_cls_loss	: 0.0512
-------------------------------------
[Epoch : 32/40]
Src_cls_loss	: 0.0500
-------------------------------------
[Epoch : 33/40]
Src_cls_loss	: 0.0493
-------------------------------------
[Epoch : 34/40]
Src_cls_loss	: 0.0481
-------------------------------------
[Epoch : 35/40]
Src_cls_loss	: 0.0469
-------------------------------------
[Epoch : 36/40]
Src_cls_loss	: 0.0457
-------------------------------------
[Epoch : 37/40]
Src_cls_loss	: 0.0446
-------------------------------------
[Epoch : 38/40]
Src_cls_loss	: 0.0435
-------------------------------------
[Epoch : 39/40]
Src_cls_loss	: 0.0425
-------------------------------------
[Epoch : 40/40]
Src_cls_loss	: 0.0415
-------------------------------------
