=============================================
Dataset: realworld_mobiact
Method:  NO_ADAPT
=============================================
Source: syn_40 ---> Target: dp_40
Run ID: 6
=============================================
[Epoch : 1/40]
Src_cls_loss	: 0.8989
-------------------------------------
[Epoch : 2/40]
Src_cls_loss	: 0.7396
-------------------------------------
[Epoch : 3/40]
Src_cls_loss	: 0.6139
-------------------------------------
[Epoch : 4/40]
Src_cls_loss	: 0.5204
-------------------------------------
[Epoch : 5/40]
Src_cls_loss	: 0.4437
-------------------------------------
[Epoch : 6/40]
Src_cls_loss	: 0.3861
-------------------------------------
[Epoch : 7/40]
Src_cls_loss	: 0.3469
-------------------------------------
[Epoch : 8/40]
Src_cls_loss	: 0.3145
-------------------------------------
[Epoch : 9/40]
Src_cls_loss	: 0.2857
-------------------------------------
[Epoch : 10/40]
Src_cls_loss	: 0.2625
-------------------------------------
[Epoch : 11/40]
Src_cls_loss	: 0.2423
-------------------------------------
[Epoch : 12/40]
Src_cls_loss	: 0.2244
-------------------------------------
[Epoch : 13/40]
Src_cls_loss	: 0.2090
-------------------------------------
[Epoch : 14/40]
Src_cls_loss	: 0.1967
-------------------------------------
[Epoch : 15/40]
Src_cls_loss	: 0.1855
-------------------------------------
[Epoch : 16/40]
Src_cls_loss	: 0.1750
-------------------------------------
[Epoch : 17/40]
Src_cls_loss	: 0.1659
-------------------------------------
[Epoch : 18/40]
Src_cls_loss	: 0.1575
-------------------------------------
[Epoch : 19/40]
Src_cls_loss	: 0.1499
-------------------------------------
[Epoch : 20/40]
Src_cls_loss	: 0.1430
-------------------------------------
[Epoch : 21/40]
Src_cls_loss	: 0.1370
-------------------------------------
[Epoch : 22/40]
Src_cls_loss	: 0.1320
-------------------------------------
[Epoch : 23/40]
Src_cls_loss	: 0.1272
-------------------------------------
[Epoch : 24/40]
Src_cls_loss	: 0.1228
-------------------------------------
[Epoch : 25/40]
Src_cls_loss	: 0.1190
-------------------------------------
[Epoch : 26/40]
Src_cls_loss	: 0.1149
-------------------------------------
[Epoch : 27/40]
Src_cls_loss	: 0.1111
-------------------------------------
[Epoch : 28/40]
Src_cls_loss	: 0.1075
-------------------------------------
[Epoch : 29/40]
Src_cls_loss	: 0.1042
-------------------------------------
[Epoch : 30/40]
Src_cls_loss	: 0.1009
-------------------------------------
[Epoch : 31/40]
Src_cls_loss	: 0.0979
-------------------------------------
[Epoch : 32/40]
Src_cls_loss	: 0.0952
-------------------------------------
[Epoch : 33/40]
Src_cls_loss	: 0.0925
-------------------------------------
[Epoch : 34/40]
Src_cls_loss	: 0.0899
-------------------------------------
[Epoch : 35/40]
Src_cls_loss	: 0.0875
-------------------------------------
[Epoch : 36/40]
Src_cls_loss	: 0.0851
-------------------------------------
[Epoch : 37/40]
Src_cls_loss	: 0.0830
-------------------------------------
[Epoch : 38/40]
Src_cls_loss	: 0.0810
-------------------------------------
[Epoch : 39/40]
Src_cls_loss	: 0.0790
-------------------------------------
[Epoch : 40/40]
Src_cls_loss	: 0.0772
-------------------------------------
