=============================================
Dataset: realworld_mobiact
Method:  SYN
=============================================
Source: syn_wal_17 ---> Target: dp_wal_17
Run ID: 7
=============================================
[Epoch : 1/40]
Src_cls_loss	: 0.8794
-------------------------------------
[Epoch : 2/40]
Src_cls_loss	: 0.7684
-------------------------------------
[Epoch : 3/40]
Src_cls_loss	: 0.6536
-------------------------------------
[Epoch : 4/40]
Src_cls_loss	: 0.5541
-------------------------------------
[Epoch : 5/40]
Src_cls_loss	: 0.4780
-------------------------------------
[Epoch : 6/40]
Src_cls_loss	: 0.4151
-------------------------------------
[Epoch : 7/40]
Src_cls_loss	: 0.3668
-------------------------------------
[Epoch : 8/40]
Src_cls_loss	: 0.3274
-------------------------------------
[Epoch : 9/40]
Src_cls_loss	: 0.2957
-------------------------------------
[Epoch : 10/40]
Src_cls_loss	: 0.2697
-------------------------------------
[Epoch : 11/40]
Src_cls_loss	: 0.2480
-------------------------------------
[Epoch : 12/40]
Src_cls_loss	: 0.2290
-------------------------------------
[Epoch : 13/40]
Src_cls_loss	: 0.2129
-------------------------------------
[Epoch : 14/40]
Src_cls_loss	: 0.1995
-------------------------------------
[Epoch : 15/40]
Src_cls_loss	: 0.1877
-------------------------------------
[Epoch : 16/40]
Src_cls_loss	: 0.1767
-------------------------------------
[Epoch : 17/40]
Src_cls_loss	: 0.1671
-------------------------------------
[Epoch : 18/40]
Src_cls_loss	: 0.1584
-------------------------------------
[Epoch : 19/40]
Src_cls_loss	: 0.1509
-------------------------------------
[Epoch : 20/40]
Src_cls_loss	: 0.1438
-------------------------------------
[Epoch : 21/40]
Src_cls_loss	: 0.1377
-------------------------------------
[Epoch : 22/40]
Src_cls_loss	: 0.1319
-------------------------------------
[Epoch : 23/40]
Src_cls_loss	: 0.1266
-------------------------------------
[Epoch : 24/40]
Src_cls_loss	: 0.1215
-------------------------------------
[Epoch : 25/40]
Src_cls_loss	: 0.1168
-------------------------------------
[Epoch : 26/40]
Src_cls_loss	: 0.1125
-------------------------------------
[Epoch : 27/40]
Src_cls_loss	: 0.1087
-------------------------------------
[Epoch : 28/40]
Src_cls_loss	: 0.1049
-------------------------------------
[Epoch : 29/40]
Src_cls_loss	: 0.1014
-------------------------------------
[Epoch : 30/40]
Src_cls_loss	: 0.0982
-------------------------------------
[Epoch : 31/40]
Src_cls_loss	: 0.0952
-------------------------------------
[Epoch : 32/40]
Src_cls_loss	: 0.0923
-------------------------------------
[Epoch : 33/40]
Src_cls_loss	: 0.0896
-------------------------------------
[Epoch : 34/40]
Src_cls_loss	: 0.0871
-------------------------------------
[Epoch : 35/40]
Src_cls_loss	: 0.0848
-------------------------------------
[Epoch : 36/40]
Src_cls_loss	: 0.0826
-------------------------------------
[Epoch : 37/40]
Src_cls_loss	: 0.0804
-------------------------------------
[Epoch : 38/40]
Src_cls_loss	: 0.0785
-------------------------------------
[Epoch : 39/40]
Src_cls_loss	: 0.0766
-------------------------------------
[Epoch : 40/40]
Src_cls_loss	: 0.0747
-------------------------------------
