=============================================
Dataset: pamap_mobiact
Method:  Deep_Coral
=============================================
Source: df ---> Target: dp_wal_54
Run ID: 0
=============================================
[Epoch : 1/40]
Total_loss	: 4.4264
Src_cls_loss	: 0.6634
coral_loss	: 0.0009
-------------------------------------
[Epoch : 2/40]
Total_loss	: 3.8570
Src_cls_loss	: 0.5779
coral_loss	: 0.0010
-------------------------------------
[Epoch : 3/40]
Total_loss	: 3.4240
Src_cls_loss	: 0.5129
coral_loss	: 0.0010
-------------------------------------
[Epoch : 4/40]
Total_loss	: 3.1725
Src_cls_loss	: 0.4752
coral_loss	: 0.0010
-------------------------------------
[Epoch : 5/40]
Total_loss	: 2.9041
Src_cls_loss	: 0.4349
coral_loss	: 0.0010
-------------------------------------
[Epoch : 6/40]
Total_loss	: 2.7395
Src_cls_loss	: 0.4102
coral_loss	: 0.0010
-------------------------------------
[Epoch : 7/40]
Total_loss	: 2.5842
Src_cls_loss	: 0.3869
coral_loss	: 0.0010
-------------------------------------
[Epoch : 8/40]
Total_loss	: 2.4246
Src_cls_loss	: 0.3630
coral_loss	: 0.0009
-------------------------------------
[Epoch : 9/40]
Total_loss	: 2.2982
Src_cls_loss	: 0.3440
coral_loss	: 0.0009
-------------------------------------
[Epoch : 10/40]
Total_loss	: 2.1978
Src_cls_loss	: 0.3289
coral_loss	: 0.0009
-------------------------------------
[Epoch : 11/40]
Total_loss	: 2.1096
Src_cls_loss	: 0.3157
coral_loss	: 0.0009
-------------------------------------
[Epoch : 12/40]
Total_loss	: 2.0244
Src_cls_loss	: 0.3029
coral_loss	: 0.0009
-------------------------------------
[Epoch : 13/40]
Total_loss	: 1.9495
Src_cls_loss	: 0.2917
coral_loss	: 0.0009
-------------------------------------
[Epoch : 14/40]
Total_loss	: 1.8757
Src_cls_loss	: 0.2806
coral_loss	: 0.0009
-------------------------------------
[Epoch : 15/40]
Total_loss	: 1.8163
Src_cls_loss	: 0.2717
coral_loss	: 0.0009
-------------------------------------
[Epoch : 16/40]
Total_loss	: 1.7585
Src_cls_loss	: 0.2631
coral_loss	: 0.0009
-------------------------------------
[Epoch : 17/40]
Total_loss	: 1.7094
Src_cls_loss	: 0.2557
coral_loss	: 0.0009
-------------------------------------
[Epoch : 18/40]
Total_loss	: 1.6651
Src_cls_loss	: 0.2491
coral_loss	: 0.0009
-------------------------------------
[Epoch : 19/40]
Total_loss	: 1.6199
Src_cls_loss	: 0.2423
coral_loss	: 0.0009
-------------------------------------
[Epoch : 20/40]
Total_loss	: 1.5774
Src_cls_loss	: 0.2359
coral_loss	: 0.0009
-------------------------------------
[Epoch : 21/40]
Total_loss	: 1.5369
Src_cls_loss	: 0.2298
coral_loss	: 0.0009
-------------------------------------
[Epoch : 22/40]
Total_loss	: 1.4996
Src_cls_loss	: 0.2242
coral_loss	: 0.0008
-------------------------------------
[Epoch : 23/40]
Total_loss	: 1.4649
Src_cls_loss	: 0.2190
coral_loss	: 0.0008
-------------------------------------
[Epoch : 24/40]
Total_loss	: 1.4380
Src_cls_loss	: 0.2150
coral_loss	: 0.0008
-------------------------------------
[Epoch : 25/40]
Total_loss	: 1.4098
Src_cls_loss	: 0.2108
coral_loss	: 0.0008
-------------------------------------
[Epoch : 26/40]
Total_loss	: 1.3803
Src_cls_loss	: 0.2063
coral_loss	: 0.0008
-------------------------------------
[Epoch : 27/40]
Total_loss	: 1.3566
Src_cls_loss	: 0.2028
coral_loss	: 0.0008
-------------------------------------
[Epoch : 28/40]
Total_loss	: 1.3361
Src_cls_loss	: 0.1997
coral_loss	: 0.0008
-------------------------------------
[Epoch : 29/40]
Total_loss	: 1.3119
Src_cls_loss	: 0.1961
coral_loss	: 0.0008
-------------------------------------
[Epoch : 30/40]
Total_loss	: 1.2959
Src_cls_loss	: 0.1937
coral_loss	: 0.0008
-------------------------------------
[Epoch : 31/40]
Total_loss	: 1.2824
Src_cls_loss	: 0.1917
coral_loss	: 0.0008
-------------------------------------
[Epoch : 32/40]
Total_loss	: 1.2623
Src_cls_loss	: 0.1887
coral_loss	: 0.0008
-------------------------------------
[Epoch : 33/40]
Total_loss	: 1.2423
Src_cls_loss	: 0.1857
coral_loss	: 0.0008
-------------------------------------
[Epoch : 34/40]
Total_loss	: 1.2221
Src_cls_loss	: 0.1826
coral_loss	: 0.0008
-------------------------------------
[Epoch : 35/40]
Total_loss	: 1.2069
Src_cls_loss	: 0.1804
coral_loss	: 0.0008
-------------------------------------
[Epoch : 36/40]
Total_loss	: 1.1893
Src_cls_loss	: 0.1777
coral_loss	: 0.0008
-------------------------------------
[Epoch : 37/40]
Total_loss	: 1.1719
Src_cls_loss	: 0.1751
coral_loss	: 0.0008
-------------------------------------
[Epoch : 38/40]
Total_loss	: 1.1555
Src_cls_loss	: 0.1726
coral_loss	: 0.0008
-------------------------------------
[Epoch : 39/40]
Total_loss	: 1.1408
Src_cls_loss	: 0.1704
coral_loss	: 0.0008
-------------------------------------
[Epoch : 40/40]
Total_loss	: 1.1271
Src_cls_loss	: 0.1684
coral_loss	: 0.0008
-------------------------------------
