=============================================
Dataset: realworld_mobiact
Method:  NO_ADAPT
=============================================
Source: syn_61 ---> Target: dp_61
Run ID: 7
=============================================
[Epoch : 1/40]
Src_cls_loss	: 0.8589
-------------------------------------
[Epoch : 2/40]
Src_cls_loss	: 0.7239
-------------------------------------
[Epoch : 3/40]
Src_cls_loss	: 0.5913
-------------------------------------
[Epoch : 4/40]
Src_cls_loss	: 0.5003
-------------------------------------
[Epoch : 5/40]
Src_cls_loss	: 0.4271
-------------------------------------
[Epoch : 6/40]
Src_cls_loss	: 0.3752
-------------------------------------
[Epoch : 7/40]
Src_cls_loss	: 0.3333
-------------------------------------
[Epoch : 8/40]
Src_cls_loss	: 0.2978
-------------------------------------
[Epoch : 9/40]
Src_cls_loss	: 0.2713
-------------------------------------
[Epoch : 10/40]
Src_cls_loss	: 0.2504
-------------------------------------
[Epoch : 11/40]
Src_cls_loss	: 0.2310
-------------------------------------
[Epoch : 12/40]
Src_cls_loss	: 0.2167
-------------------------------------
[Epoch : 13/40]
Src_cls_loss	: 0.2021
-------------------------------------
[Epoch : 14/40]
Src_cls_loss	: 0.1896
-------------------------------------
[Epoch : 15/40]
Src_cls_loss	: 0.1795
-------------------------------------
[Epoch : 16/40]
Src_cls_loss	: 0.1699
-------------------------------------
[Epoch : 17/40]
Src_cls_loss	: 0.1610
-------------------------------------
[Epoch : 18/40]
Src_cls_loss	: 0.1530
-------------------------------------
[Epoch : 19/40]
Src_cls_loss	: 0.1457
-------------------------------------
[Epoch : 20/40]
Src_cls_loss	: 0.1392
-------------------------------------
[Epoch : 21/40]
Src_cls_loss	: 0.1333
-------------------------------------
[Epoch : 22/40]
Src_cls_loss	: 0.1278
-------------------------------------
[Epoch : 23/40]
Src_cls_loss	: 0.1226
-------------------------------------
[Epoch : 24/40]
Src_cls_loss	: 0.1182
-------------------------------------
[Epoch : 25/40]
Src_cls_loss	: 0.1140
-------------------------------------
[Epoch : 26/40]
Src_cls_loss	: 0.1103
-------------------------------------
[Epoch : 27/40]
Src_cls_loss	: 0.1077
-------------------------------------
[Epoch : 28/40]
Src_cls_loss	: 0.1044
-------------------------------------
[Epoch : 29/40]
Src_cls_loss	: 0.1014
-------------------------------------
[Epoch : 30/40]
Src_cls_loss	: 0.0988
-------------------------------------
[Epoch : 31/40]
Src_cls_loss	: 0.0959
-------------------------------------
[Epoch : 32/40]
Src_cls_loss	: 0.0931
-------------------------------------
[Epoch : 33/40]
Src_cls_loss	: 0.0905
-------------------------------------
[Epoch : 34/40]
Src_cls_loss	: 0.0880
-------------------------------------
[Epoch : 35/40]
Src_cls_loss	: 0.0857
-------------------------------------
[Epoch : 36/40]
Src_cls_loss	: 0.0835
-------------------------------------
[Epoch : 37/40]
Src_cls_loss	: 0.0813
-------------------------------------
[Epoch : 38/40]
Src_cls_loss	: 0.0793
-------------------------------------
[Epoch : 39/40]
Src_cls_loss	: 0.0775
-------------------------------------
[Epoch : 40/40]
Src_cls_loss	: 0.0759
-------------------------------------
