=============================================
Dataset: pamap_mobiact
Method:  NO_ADAPT
=============================================
Source: syn_32 ---> Target: dp_32
Run ID: 0
=============================================
[Epoch : 1/40]
Src_cls_loss	: 0.7850
-------------------------------------
[Epoch : 2/40]
Src_cls_loss	: 0.6519
-------------------------------------
[Epoch : 3/40]
Src_cls_loss	: 0.5653
-------------------------------------
[Epoch : 4/40]
Src_cls_loss	: 0.4916
-------------------------------------
[Epoch : 5/40]
Src_cls_loss	: 0.4354
-------------------------------------
[Epoch : 6/40]
Src_cls_loss	: 0.3974
-------------------------------------
[Epoch : 7/40]
Src_cls_loss	: 0.3623
-------------------------------------
[Epoch : 8/40]
Src_cls_loss	: 0.3336
-------------------------------------
[Epoch : 9/40]
Src_cls_loss	: 0.3081
-------------------------------------
[Epoch : 10/40]
Src_cls_loss	: 0.2910
-------------------------------------
[Epoch : 11/40]
Src_cls_loss	: 0.2760
-------------------------------------
[Epoch : 12/40]
Src_cls_loss	: 0.2611
-------------------------------------
[Epoch : 13/40]
Src_cls_loss	: 0.2483
-------------------------------------
[Epoch : 14/40]
Src_cls_loss	: 0.2362
-------------------------------------
[Epoch : 15/40]
Src_cls_loss	: 0.2250
-------------------------------------
[Epoch : 16/40]
Src_cls_loss	: 0.2149
-------------------------------------
[Epoch : 17/40]
Src_cls_loss	: 0.2056
-------------------------------------
[Epoch : 18/40]
Src_cls_loss	: 0.1972
-------------------------------------
[Epoch : 19/40]
Src_cls_loss	: 0.1895
-------------------------------------
[Epoch : 20/40]
Src_cls_loss	: 0.1826
-------------------------------------
[Epoch : 21/40]
Src_cls_loss	: 0.1772
-------------------------------------
[Epoch : 22/40]
Src_cls_loss	: 0.1717
-------------------------------------
[Epoch : 23/40]
Src_cls_loss	: 0.1662
-------------------------------------
[Epoch : 24/40]
Src_cls_loss	: 0.1610
-------------------------------------
[Epoch : 25/40]
Src_cls_loss	: 0.1562
-------------------------------------
[Epoch : 26/40]
Src_cls_loss	: 0.1515
-------------------------------------
[Epoch : 27/40]
Src_cls_loss	: 0.1476
-------------------------------------
[Epoch : 28/40]
Src_cls_loss	: 0.1451
-------------------------------------
[Epoch : 29/40]
Src_cls_loss	: 0.1417
-------------------------------------
[Epoch : 30/40]
Src_cls_loss	: 0.1384
-------------------------------------
[Epoch : 31/40]
Src_cls_loss	: 0.1350
-------------------------------------
[Epoch : 32/40]
Src_cls_loss	: 0.1317
-------------------------------------
[Epoch : 33/40]
Src_cls_loss	: 0.1287
-------------------------------------
[Epoch : 34/40]
Src_cls_loss	: 0.1261
-------------------------------------
[Epoch : 35/40]
Src_cls_loss	: 0.1234
-------------------------------------
[Epoch : 36/40]
Src_cls_loss	: 0.1207
-------------------------------------
[Epoch : 37/40]
Src_cls_loss	: 0.1181
-------------------------------------
[Epoch : 38/40]
Src_cls_loss	: 0.1158
-------------------------------------
[Epoch : 39/40]
Src_cls_loss	: 0.1135
-------------------------------------
[Epoch : 40/40]
Src_cls_loss	: 0.1113
-------------------------------------
