=============================================
Dataset: mobiact_pamap
Method:  NO_ADAPT
=============================================
Source: syn_62 ---> Target: dp_62
Run ID: 1
=============================================
[Epoch : 1/40]
Src_cls_loss	: 0.6099
-------------------------------------
[Epoch : 2/40]
Src_cls_loss	: 0.4269
-------------------------------------
[Epoch : 3/40]
Src_cls_loss	: 0.3226
-------------------------------------
[Epoch : 4/40]
Src_cls_loss	: 0.2596
-------------------------------------
[Epoch : 5/40]
Src_cls_loss	: 0.2169
-------------------------------------
[Epoch : 6/40]
Src_cls_loss	: 0.1865
-------------------------------------
[Epoch : 7/40]
Src_cls_loss	: 0.1633
-------------------------------------
[Epoch : 8/40]
Src_cls_loss	: 0.1457
-------------------------------------
[Epoch : 9/40]
Src_cls_loss	: 0.1314
-------------------------------------
[Epoch : 10/40]
Src_cls_loss	: 0.1196
-------------------------------------
[Epoch : 11/40]
Src_cls_loss	: 0.1101
-------------------------------------
[Epoch : 12/40]
Src_cls_loss	: 0.1019
-------------------------------------
[Epoch : 13/40]
Src_cls_loss	: 0.0946
-------------------------------------
[Epoch : 14/40]
Src_cls_loss	: 0.0884
-------------------------------------
[Epoch : 15/40]
Src_cls_loss	: 0.0831
-------------------------------------
[Epoch : 16/40]
Src_cls_loss	: 0.0786
-------------------------------------
[Epoch : 17/40]
Src_cls_loss	: 0.0742
-------------------------------------
[Epoch : 18/40]
Src_cls_loss	: 0.0703
-------------------------------------
[Epoch : 19/40]
Src_cls_loss	: 0.0669
-------------------------------------
[Epoch : 20/40]
Src_cls_loss	: 0.0637
-------------------------------------
[Epoch : 21/40]
Src_cls_loss	: 0.0609
-------------------------------------
[Epoch : 22/40]
Src_cls_loss	: 0.0583
-------------------------------------
[Epoch : 23/40]
Src_cls_loss	: 0.0559
-------------------------------------
[Epoch : 24/40]
Src_cls_loss	: 0.0543
-------------------------------------
[Epoch : 25/40]
Src_cls_loss	: 0.0525
-------------------------------------
[Epoch : 26/40]
Src_cls_loss	: 0.0508
-------------------------------------
[Epoch : 27/40]
Src_cls_loss	: 0.0491
-------------------------------------
[Epoch : 28/40]
Src_cls_loss	: 0.0475
-------------------------------------
[Epoch : 29/40]
Src_cls_loss	: 0.0460
-------------------------------------
[Epoch : 30/40]
Src_cls_loss	: 0.0445
-------------------------------------
[Epoch : 31/40]
Src_cls_loss	: 0.0432
-------------------------------------
[Epoch : 32/40]
Src_cls_loss	: 0.0420
-------------------------------------
[Epoch : 33/40]
Src_cls_loss	: 0.0409
-------------------------------------
[Epoch : 34/40]
Src_cls_loss	: 0.0398
-------------------------------------
[Epoch : 35/40]
Src_cls_loss	: 0.0387
-------------------------------------
[Epoch : 36/40]
Src_cls_loss	: 0.0377
-------------------------------------
[Epoch : 37/40]
Src_cls_loss	: 0.0367
-------------------------------------
[Epoch : 38/40]
Src_cls_loss	: 0.0358
-------------------------------------
[Epoch : 39/40]
Src_cls_loss	: 0.0349
-------------------------------------
[Epoch : 40/40]
Src_cls_loss	: 0.0341
-------------------------------------
