=============================================
Dataset: realworld_mobiact
Method:  NO_ADAPT
=============================================
Source: syn_31 ---> Target: dp_31
Run ID: 3
=============================================
[Epoch : 1/40]
Src_cls_loss	: 0.6815
-------------------------------------
[Epoch : 2/40]
Src_cls_loss	: 0.5264
-------------------------------------
[Epoch : 3/40]
Src_cls_loss	: 0.4402
-------------------------------------
[Epoch : 4/40]
Src_cls_loss	: 0.3881
-------------------------------------
[Epoch : 5/40]
Src_cls_loss	: 0.3512
-------------------------------------
[Epoch : 6/40]
Src_cls_loss	: 0.3235
-------------------------------------
[Epoch : 7/40]
Src_cls_loss	: 0.3029
-------------------------------------
[Epoch : 8/40]
Src_cls_loss	: 0.2822
-------------------------------------
[Epoch : 9/40]
Src_cls_loss	: 0.2672
-------------------------------------
[Epoch : 10/40]
Src_cls_loss	: 0.2532
-------------------------------------
[Epoch : 11/40]
Src_cls_loss	: 0.2397
-------------------------------------
[Epoch : 12/40]
Src_cls_loss	: 0.2279
-------------------------------------
[Epoch : 13/40]
Src_cls_loss	: 0.2168
-------------------------------------
[Epoch : 14/40]
Src_cls_loss	: 0.2070
-------------------------------------
[Epoch : 15/40]
Src_cls_loss	: 0.1992
-------------------------------------
[Epoch : 16/40]
Src_cls_loss	: 0.1919
-------------------------------------
[Epoch : 17/40]
Src_cls_loss	: 0.1849
-------------------------------------
[Epoch : 18/40]
Src_cls_loss	: 0.1785
-------------------------------------
[Epoch : 19/40]
Src_cls_loss	: 0.1721
-------------------------------------
[Epoch : 20/40]
Src_cls_loss	: 0.1653
-------------------------------------
[Epoch : 21/40]
Src_cls_loss	: 0.1590
-------------------------------------
[Epoch : 22/40]
Src_cls_loss	: 0.1534
-------------------------------------
[Epoch : 23/40]
Src_cls_loss	: 0.1481
-------------------------------------
[Epoch : 24/40]
Src_cls_loss	: 0.1430
-------------------------------------
[Epoch : 25/40]
Src_cls_loss	: 0.1383
-------------------------------------
[Epoch : 26/40]
Src_cls_loss	: 0.1341
-------------------------------------
[Epoch : 27/40]
Src_cls_loss	: 0.1305
-------------------------------------
[Epoch : 28/40]
Src_cls_loss	: 0.1267
-------------------------------------
[Epoch : 29/40]
Src_cls_loss	: 0.1236
-------------------------------------
[Epoch : 30/40]
Src_cls_loss	: 0.1211
-------------------------------------
[Epoch : 31/40]
Src_cls_loss	: 0.1185
-------------------------------------
[Epoch : 32/40]
Src_cls_loss	: 0.1160
-------------------------------------
[Epoch : 33/40]
Src_cls_loss	: 0.1134
-------------------------------------
[Epoch : 34/40]
Src_cls_loss	: 0.1106
-------------------------------------
[Epoch : 35/40]
Src_cls_loss	: 0.1084
-------------------------------------
[Epoch : 36/40]
Src_cls_loss	: 0.1063
-------------------------------------
[Epoch : 37/40]
Src_cls_loss	: 0.1040
-------------------------------------
[Epoch : 38/40]
Src_cls_loss	: 0.1017
-------------------------------------
[Epoch : 39/40]
Src_cls_loss	: 0.0996
-------------------------------------
[Epoch : 40/40]
Src_cls_loss	: 0.0977
-------------------------------------
