=============================================
Dataset: pamap_mobiact
Method:  NO_ADAPT
=============================================
Source: syn_40 ---> Target: dp_40
Run ID: 5
=============================================
[Epoch : 1/40]
Src_cls_loss	: 0.4774
-------------------------------------
[Epoch : 2/40]
Src_cls_loss	: 0.3265
-------------------------------------
[Epoch : 3/40]
Src_cls_loss	: 0.2598
-------------------------------------
[Epoch : 4/40]
Src_cls_loss	: 0.2181
-------------------------------------
[Epoch : 5/40]
Src_cls_loss	: 0.1866
-------------------------------------
[Epoch : 6/40]
Src_cls_loss	: 0.1666
-------------------------------------
[Epoch : 7/40]
Src_cls_loss	: 0.1508
-------------------------------------
[Epoch : 8/40]
Src_cls_loss	: 0.1380
-------------------------------------
[Epoch : 9/40]
Src_cls_loss	: 0.1280
-------------------------------------
[Epoch : 10/40]
Src_cls_loss	: 0.1179
-------------------------------------
[Epoch : 11/40]
Src_cls_loss	: 0.1098
-------------------------------------
[Epoch : 12/40]
Src_cls_loss	: 0.1024
-------------------------------------
[Epoch : 13/40]
Src_cls_loss	: 0.0962
-------------------------------------
[Epoch : 14/40]
Src_cls_loss	: 0.0902
-------------------------------------
[Epoch : 15/40]
Src_cls_loss	: 0.0848
-------------------------------------
[Epoch : 16/40]
Src_cls_loss	: 0.0811
-------------------------------------
[Epoch : 17/40]
Src_cls_loss	: 0.0776
-------------------------------------
[Epoch : 18/40]
Src_cls_loss	: 0.0746
-------------------------------------
[Epoch : 19/40]
Src_cls_loss	: 0.0712
-------------------------------------
[Epoch : 20/40]
Src_cls_loss	: 0.0680
-------------------------------------
[Epoch : 21/40]
Src_cls_loss	: 0.0658
-------------------------------------
[Epoch : 22/40]
Src_cls_loss	: 0.0633
-------------------------------------
[Epoch : 23/40]
Src_cls_loss	: 0.0609
-------------------------------------
[Epoch : 24/40]
Src_cls_loss	: 0.0587
-------------------------------------
[Epoch : 25/40]
Src_cls_loss	: 0.0567
-------------------------------------
[Epoch : 26/40]
Src_cls_loss	: 0.0551
-------------------------------------
[Epoch : 27/40]
Src_cls_loss	: 0.0536
-------------------------------------
[Epoch : 28/40]
Src_cls_loss	: 0.0520
-------------------------------------
[Epoch : 29/40]
Src_cls_loss	: 0.0504
-------------------------------------
[Epoch : 30/40]
Src_cls_loss	: 0.0490
-------------------------------------
[Epoch : 31/40]
Src_cls_loss	: 0.0477
-------------------------------------
[Epoch : 32/40]
Src_cls_loss	: 0.0463
-------------------------------------
[Epoch : 33/40]
Src_cls_loss	: 0.0451
-------------------------------------
[Epoch : 34/40]
Src_cls_loss	: 0.0438
-------------------------------------
[Epoch : 35/40]
Src_cls_loss	: 0.0427
-------------------------------------
[Epoch : 36/40]
Src_cls_loss	: 0.0416
-------------------------------------
[Epoch : 37/40]
Src_cls_loss	: 0.0407
-------------------------------------
[Epoch : 38/40]
Src_cls_loss	: 0.0398
-------------------------------------
[Epoch : 39/40]
Src_cls_loss	: 0.0389
-------------------------------------
[Epoch : 40/40]
Src_cls_loss	: 0.0380
-------------------------------------
