=============================================
Dataset: pamap_mobiact
Method:  Deep_Coral
=============================================
Source: df ---> Target: dp_48
Run ID: 0
=============================================
[Epoch : 1/40]
Total_loss	: 4.4222
Src_cls_loss	: 0.6635
coral_loss	: 0.0002
-------------------------------------
[Epoch : 2/40]
Total_loss	: 3.8516
Src_cls_loss	: 0.5779
coral_loss	: 0.0002
-------------------------------------
[Epoch : 3/40]
Total_loss	: 3.4195
Src_cls_loss	: 0.5130
coral_loss	: 0.0002
-------------------------------------
[Epoch : 4/40]
Total_loss	: 3.1680
Src_cls_loss	: 0.4752
coral_loss	: 0.0003
-------------------------------------
[Epoch : 5/40]
Total_loss	: 2.8993
Src_cls_loss	: 0.4348
coral_loss	: 0.0003
-------------------------------------
[Epoch : 6/40]
Total_loss	: 2.7344
Src_cls_loss	: 0.4101
coral_loss	: 0.0003
-------------------------------------
[Epoch : 7/40]
Total_loss	: 2.5792
Src_cls_loss	: 0.3868
coral_loss	: 0.0003
-------------------------------------
[Epoch : 8/40]
Total_loss	: 2.4198
Src_cls_loss	: 0.3628
coral_loss	: 0.0003
-------------------------------------
[Epoch : 9/40]
Total_loss	: 2.2933
Src_cls_loss	: 0.3438
coral_loss	: 0.0004
-------------------------------------
[Epoch : 10/40]
Total_loss	: 2.1942
Src_cls_loss	: 0.3290
coral_loss	: 0.0004
-------------------------------------
[Epoch : 11/40]
Total_loss	: 2.1062
Src_cls_loss	: 0.3158
coral_loss	: 0.0004
-------------------------------------
[Epoch : 12/40]
Total_loss	: 2.0213
Src_cls_loss	: 0.3030
coral_loss	: 0.0004
-------------------------------------
[Epoch : 13/40]
Total_loss	: 1.9464
Src_cls_loss	: 0.2917
coral_loss	: 0.0004
-------------------------------------
[Epoch : 14/40]
Total_loss	: 1.8728
Src_cls_loss	: 0.2807
coral_loss	: 0.0004
-------------------------------------
[Epoch : 15/40]
Total_loss	: 1.8138
Src_cls_loss	: 0.2718
coral_loss	: 0.0004
-------------------------------------
[Epoch : 16/40]
Total_loss	: 1.7560
Src_cls_loss	: 0.2632
coral_loss	: 0.0004
-------------------------------------
[Epoch : 17/40]
Total_loss	: 1.7064
Src_cls_loss	: 0.2557
coral_loss	: 0.0004
-------------------------------------
[Epoch : 18/40]
Total_loss	: 1.6620
Src_cls_loss	: 0.2490
coral_loss	: 0.0004
-------------------------------------
[Epoch : 19/40]
Total_loss	: 1.6171
Src_cls_loss	: 0.2423
coral_loss	: 0.0004
-------------------------------------
[Epoch : 20/40]
Total_loss	: 1.5746
Src_cls_loss	: 0.2359
coral_loss	: 0.0004
-------------------------------------
[Epoch : 21/40]
Total_loss	: 1.5342
Src_cls_loss	: 0.2299
coral_loss	: 0.0004
-------------------------------------
[Epoch : 22/40]
Total_loss	: 1.4970
Src_cls_loss	: 0.2243
coral_loss	: 0.0004
-------------------------------------
[Epoch : 23/40]
Total_loss	: 1.4624
Src_cls_loss	: 0.2191
coral_loss	: 0.0004
-------------------------------------
[Epoch : 24/40]
Total_loss	: 1.4355
Src_cls_loss	: 0.2150
coral_loss	: 0.0004
-------------------------------------
[Epoch : 25/40]
Total_loss	: 1.4072
Src_cls_loss	: 0.2108
coral_loss	: 0.0004
-------------------------------------
[Epoch : 26/40]
Total_loss	: 1.3782
Src_cls_loss	: 0.2064
coral_loss	: 0.0004
-------------------------------------
[Epoch : 27/40]
Total_loss	: 1.3544
Src_cls_loss	: 0.2029
coral_loss	: 0.0004
-------------------------------------
[Epoch : 28/40]
Total_loss	: 1.3341
Src_cls_loss	: 0.1998
coral_loss	: 0.0004
-------------------------------------
[Epoch : 29/40]
Total_loss	: 1.3099
Src_cls_loss	: 0.1962
coral_loss	: 0.0004
-------------------------------------
[Epoch : 30/40]
Total_loss	: 1.2943
Src_cls_loss	: 0.1938
coral_loss	: 0.0004
-------------------------------------
[Epoch : 31/40]
Total_loss	: 1.2811
Src_cls_loss	: 0.1919
coral_loss	: 0.0004
-------------------------------------
[Epoch : 32/40]
Total_loss	: 1.2608
Src_cls_loss	: 0.1888
coral_loss	: 0.0004
-------------------------------------
[Epoch : 33/40]
Total_loss	: 1.2408
Src_cls_loss	: 0.1858
coral_loss	: 0.0004
-------------------------------------
[Epoch : 34/40]
Total_loss	: 1.2204
Src_cls_loss	: 0.1827
coral_loss	: 0.0004
-------------------------------------
[Epoch : 35/40]
Total_loss	: 1.2052
Src_cls_loss	: 0.1805
coral_loss	: 0.0004
-------------------------------------
[Epoch : 36/40]
Total_loss	: 1.1877
Src_cls_loss	: 0.1778
coral_loss	: 0.0004
-------------------------------------
[Epoch : 37/40]
Total_loss	: 1.1704
Src_cls_loss	: 0.1752
coral_loss	: 0.0004
-------------------------------------
[Epoch : 38/40]
Total_loss	: 1.1540
Src_cls_loss	: 0.1728
coral_loss	: 0.0004
-------------------------------------
[Epoch : 39/40]
Total_loss	: 1.1394
Src_cls_loss	: 0.1706
coral_loss	: 0.0004
-------------------------------------
[Epoch : 40/40]
Total_loss	: 1.1255
Src_cls_loss	: 0.1685
coral_loss	: 0.0004
-------------------------------------
