=============================================
Dataset: realworld_mobiact
Method:  NO_ADAPT
=============================================
Source: syn_55 ---> Target: dp_55
Run ID: 4
=============================================
[Epoch : 1/40]
Src_cls_loss	: 0.7635
-------------------------------------
[Epoch : 2/40]
Src_cls_loss	: 0.5608
-------------------------------------
[Epoch : 3/40]
Src_cls_loss	: 0.4321
-------------------------------------
[Epoch : 4/40]
Src_cls_loss	: 0.3555
-------------------------------------
[Epoch : 5/40]
Src_cls_loss	: 0.3025
-------------------------------------
[Epoch : 6/40]
Src_cls_loss	: 0.2616
-------------------------------------
[Epoch : 7/40]
Src_cls_loss	: 0.2339
-------------------------------------
[Epoch : 8/40]
Src_cls_loss	: 0.2107
-------------------------------------
[Epoch : 9/40]
Src_cls_loss	: 0.1906
-------------------------------------
[Epoch : 10/40]
Src_cls_loss	: 0.1763
-------------------------------------
[Epoch : 11/40]
Src_cls_loss	: 0.1643
-------------------------------------
[Epoch : 12/40]
Src_cls_loss	: 0.1532
-------------------------------------
[Epoch : 13/40]
Src_cls_loss	: 0.1432
-------------------------------------
[Epoch : 14/40]
Src_cls_loss	: 0.1345
-------------------------------------
[Epoch : 15/40]
Src_cls_loss	: 0.1269
-------------------------------------
[Epoch : 16/40]
Src_cls_loss	: 0.1200
-------------------------------------
[Epoch : 17/40]
Src_cls_loss	: 0.1137
-------------------------------------
[Epoch : 18/40]
Src_cls_loss	: 0.1082
-------------------------------------
[Epoch : 19/40]
Src_cls_loss	: 0.1034
-------------------------------------
[Epoch : 20/40]
Src_cls_loss	: 0.0990
-------------------------------------
[Epoch : 21/40]
Src_cls_loss	: 0.0954
-------------------------------------
[Epoch : 22/40]
Src_cls_loss	: 0.0919
-------------------------------------
[Epoch : 23/40]
Src_cls_loss	: 0.0884
-------------------------------------
[Epoch : 24/40]
Src_cls_loss	: 0.0853
-------------------------------------
[Epoch : 25/40]
Src_cls_loss	: 0.0824
-------------------------------------
[Epoch : 26/40]
Src_cls_loss	: 0.0798
-------------------------------------
[Epoch : 27/40]
Src_cls_loss	: 0.0773
-------------------------------------
[Epoch : 28/40]
Src_cls_loss	: 0.0750
-------------------------------------
[Epoch : 29/40]
Src_cls_loss	: 0.0727
-------------------------------------
[Epoch : 30/40]
Src_cls_loss	: 0.0706
-------------------------------------
[Epoch : 31/40]
Src_cls_loss	: 0.0688
-------------------------------------
[Epoch : 32/40]
Src_cls_loss	: 0.0670
-------------------------------------
[Epoch : 33/40]
Src_cls_loss	: 0.0652
-------------------------------------
[Epoch : 34/40]
Src_cls_loss	: 0.0636
-------------------------------------
[Epoch : 35/40]
Src_cls_loss	: 0.0621
-------------------------------------
[Epoch : 36/40]
Src_cls_loss	: 0.0608
-------------------------------------
[Epoch : 37/40]
Src_cls_loss	: 0.0595
-------------------------------------
[Epoch : 38/40]
Src_cls_loss	: 0.0583
-------------------------------------
[Epoch : 39/40]
Src_cls_loss	: 0.0576
-------------------------------------
[Epoch : 40/40]
Src_cls_loss	: 0.0565
-------------------------------------
