=============================================
Dataset: realworld_mobiact
Method:  Deep_Coral
=============================================
Source: df ---> Target: dp_wal_21
Run ID: 0
=============================================
[Epoch : 1/40]
Total_loss	: 2.4518
Src_cls_loss	: 0.3673
coral_loss	: 0.0007
-------------------------------------
[Epoch : 2/40]
Total_loss	: 2.0030
Src_cls_loss	: 0.3000
coral_loss	: 0.0007
-------------------------------------
[Epoch : 3/40]
Total_loss	: 1.7609
Src_cls_loss	: 0.2637
coral_loss	: 0.0006
-------------------------------------
[Epoch : 4/40]
Total_loss	: 1.6048
Src_cls_loss	: 0.2403
coral_loss	: 0.0006
-------------------------------------
[Epoch : 5/40]
Total_loss	: 1.4930
Src_cls_loss	: 0.2235
coral_loss	: 0.0006
-------------------------------------
[Epoch : 6/40]
Total_loss	: 1.4111
Src_cls_loss	: 0.2112
coral_loss	: 0.0006
-------------------------------------
[Epoch : 7/40]
Total_loss	: 1.3465
Src_cls_loss	: 0.2015
coral_loss	: 0.0006
-------------------------------------
[Epoch : 8/40]
Total_loss	: 1.2871
Src_cls_loss	: 0.1927
coral_loss	: 0.0005
-------------------------------------
[Epoch : 9/40]
Total_loss	: 1.2297
Src_cls_loss	: 0.1841
coral_loss	: 0.0005
-------------------------------------
[Epoch : 10/40]
Total_loss	: 1.1823
Src_cls_loss	: 0.1769
coral_loss	: 0.0005
-------------------------------------
[Epoch : 11/40]
Total_loss	: 1.1393
Src_cls_loss	: 0.1705
coral_loss	: 0.0005
-------------------------------------
[Epoch : 12/40]
Total_loss	: 1.1002
Src_cls_loss	: 0.1647
coral_loss	: 0.0005
-------------------------------------
[Epoch : 13/40]
Total_loss	: 1.0647
Src_cls_loss	: 0.1593
coral_loss	: 0.0005
-------------------------------------
[Epoch : 14/40]
Total_loss	: 1.0326
Src_cls_loss	: 0.1545
coral_loss	: 0.0005
-------------------------------------
[Epoch : 15/40]
Total_loss	: 1.0027
Src_cls_loss	: 0.1501
coral_loss	: 0.0004
-------------------------------------
[Epoch : 16/40]
Total_loss	: 0.9746
Src_cls_loss	: 0.1459
coral_loss	: 0.0004
-------------------------------------
[Epoch : 17/40]
Total_loss	: 0.9480
Src_cls_loss	: 0.1419
coral_loss	: 0.0004
-------------------------------------
[Epoch : 18/40]
Total_loss	: 0.9244
Src_cls_loss	: 0.1383
coral_loss	: 0.0004
-------------------------------------
[Epoch : 19/40]
Total_loss	: 0.9002
Src_cls_loss	: 0.1347
coral_loss	: 0.0004
-------------------------------------
[Epoch : 20/40]
Total_loss	: 0.8775
Src_cls_loss	: 0.1313
coral_loss	: 0.0004
-------------------------------------
[Epoch : 21/40]
Total_loss	: 0.8556
Src_cls_loss	: 0.1280
coral_loss	: 0.0004
-------------------------------------
[Epoch : 22/40]
Total_loss	: 0.8350
Src_cls_loss	: 0.1250
coral_loss	: 0.0004
-------------------------------------
[Epoch : 23/40]
Total_loss	: 0.8157
Src_cls_loss	: 0.1221
coral_loss	: 0.0004
-------------------------------------
[Epoch : 24/40]
Total_loss	: 0.7972
Src_cls_loss	: 0.1193
coral_loss	: 0.0004
-------------------------------------
[Epoch : 25/40]
Total_loss	: 0.7787
Src_cls_loss	: 0.1165
coral_loss	: 0.0004
-------------------------------------
[Epoch : 26/40]
Total_loss	: 0.7609
Src_cls_loss	: 0.1138
coral_loss	: 0.0004
-------------------------------------
[Epoch : 27/40]
Total_loss	: 0.7447
Src_cls_loss	: 0.1114
coral_loss	: 0.0004
-------------------------------------
[Epoch : 28/40]
Total_loss	: 0.7287
Src_cls_loss	: 0.1090
coral_loss	: 0.0003
-------------------------------------
[Epoch : 29/40]
Total_loss	: 0.7137
Src_cls_loss	: 0.1068
coral_loss	: 0.0003
-------------------------------------
[Epoch : 30/40]
Total_loss	: 0.6994
Src_cls_loss	: 0.1046
coral_loss	: 0.0003
-------------------------------------
[Epoch : 31/40]
Total_loss	: 0.6848
Src_cls_loss	: 0.1025
coral_loss	: 0.0003
-------------------------------------
[Epoch : 32/40]
Total_loss	: 0.6707
Src_cls_loss	: 0.1003
coral_loss	: 0.0003
-------------------------------------
[Epoch : 33/40]
Total_loss	: 0.6578
Src_cls_loss	: 0.0984
coral_loss	: 0.0003
-------------------------------------
[Epoch : 34/40]
Total_loss	: 0.6457
Src_cls_loss	: 0.0966
coral_loss	: 0.0003
-------------------------------------
[Epoch : 35/40]
Total_loss	: 0.6333
Src_cls_loss	: 0.0947
coral_loss	: 0.0003
-------------------------------------
[Epoch : 36/40]
Total_loss	: 0.6220
Src_cls_loss	: 0.0930
coral_loss	: 0.0003
-------------------------------------
[Epoch : 37/40]
Total_loss	: 0.6100
Src_cls_loss	: 0.0912
coral_loss	: 0.0003
-------------------------------------
[Epoch : 38/40]
Total_loss	: 0.5992
Src_cls_loss	: 0.0896
coral_loss	: 0.0003
-------------------------------------
[Epoch : 39/40]
Total_loss	: 0.5889
Src_cls_loss	: 0.0881
coral_loss	: 0.0003
-------------------------------------
[Epoch : 40/40]
Total_loss	: 0.5787
Src_cls_loss	: 0.0866
coral_loss	: 0.0003
-------------------------------------
