=============================================
Dataset: realworld_mobiact
Method:  SYN
=============================================
Source: syn_wal_35 ---> Target: dp_wal_35
Run ID: 5
=============================================
[Epoch : 1/40]
Src_cls_loss	: 0.8784
-------------------------------------
[Epoch : 2/40]
Src_cls_loss	: 0.7411
-------------------------------------
[Epoch : 3/40]
Src_cls_loss	: 0.6062
-------------------------------------
[Epoch : 4/40]
Src_cls_loss	: 0.5018
-------------------------------------
[Epoch : 5/40]
Src_cls_loss	: 0.4200
-------------------------------------
[Epoch : 6/40]
Src_cls_loss	: 0.3601
-------------------------------------
[Epoch : 7/40]
Src_cls_loss	: 0.3155
-------------------------------------
[Epoch : 8/40]
Src_cls_loss	: 0.2810
-------------------------------------
[Epoch : 9/40]
Src_cls_loss	: 0.2530
-------------------------------------
[Epoch : 10/40]
Src_cls_loss	: 0.2298
-------------------------------------
[Epoch : 11/40]
Src_cls_loss	: 0.2103
-------------------------------------
[Epoch : 12/40]
Src_cls_loss	: 0.1939
-------------------------------------
[Epoch : 13/40]
Src_cls_loss	: 0.1804
-------------------------------------
[Epoch : 14/40]
Src_cls_loss	: 0.1687
-------------------------------------
[Epoch : 15/40]
Src_cls_loss	: 0.1582
-------------------------------------
[Epoch : 16/40]
Src_cls_loss	: 0.1496
-------------------------------------
[Epoch : 17/40]
Src_cls_loss	: 0.1417
-------------------------------------
[Epoch : 18/40]
Src_cls_loss	: 0.1346
-------------------------------------
[Epoch : 19/40]
Src_cls_loss	: 0.1280
-------------------------------------
[Epoch : 20/40]
Src_cls_loss	: 0.1219
-------------------------------------
[Epoch : 21/40]
Src_cls_loss	: 0.1165
-------------------------------------
[Epoch : 22/40]
Src_cls_loss	: 0.1114
-------------------------------------
[Epoch : 23/40]
Src_cls_loss	: 0.1068
-------------------------------------
[Epoch : 24/40]
Src_cls_loss	: 0.1025
-------------------------------------
[Epoch : 25/40]
Src_cls_loss	: 0.0985
-------------------------------------
[Epoch : 26/40]
Src_cls_loss	: 0.0950
-------------------------------------
[Epoch : 27/40]
Src_cls_loss	: 0.0916
-------------------------------------
[Epoch : 28/40]
Src_cls_loss	: 0.0885
-------------------------------------
[Epoch : 29/40]
Src_cls_loss	: 0.0855
-------------------------------------
[Epoch : 30/40]
Src_cls_loss	: 0.0828
-------------------------------------
[Epoch : 31/40]
Src_cls_loss	: 0.0802
-------------------------------------
[Epoch : 32/40]
Src_cls_loss	: 0.0778
-------------------------------------
[Epoch : 33/40]
Src_cls_loss	: 0.0755
-------------------------------------
[Epoch : 34/40]
Src_cls_loss	: 0.0734
-------------------------------------
[Epoch : 35/40]
Src_cls_loss	: 0.0713
-------------------------------------
[Epoch : 36/40]
Src_cls_loss	: 0.0694
-------------------------------------
[Epoch : 37/40]
Src_cls_loss	: 0.0676
-------------------------------------
[Epoch : 38/40]
Src_cls_loss	: 0.0659
-------------------------------------
[Epoch : 39/40]
Src_cls_loss	: 0.0643
-------------------------------------
[Epoch : 40/40]
Src_cls_loss	: 0.0628
-------------------------------------
