=============================================
Dataset: realworld_mobiact
Method:  NO_ADAPT
=============================================
Source: syn_69 ---> Target: dp_69
Run ID: 0
=============================================
[Epoch : 1/40]
Src_cls_loss	: 0.8182
-------------------------------------
[Epoch : 2/40]
Src_cls_loss	: 0.6594
-------------------------------------
[Epoch : 3/40]
Src_cls_loss	: 0.5481
-------------------------------------
[Epoch : 4/40]
Src_cls_loss	: 0.4680
-------------------------------------
[Epoch : 5/40]
Src_cls_loss	: 0.4074
-------------------------------------
[Epoch : 6/40]
Src_cls_loss	: 0.3571
-------------------------------------
[Epoch : 7/40]
Src_cls_loss	: 0.3213
-------------------------------------
[Epoch : 8/40]
Src_cls_loss	: 0.2915
-------------------------------------
[Epoch : 9/40]
Src_cls_loss	: 0.2671
-------------------------------------
[Epoch : 10/40]
Src_cls_loss	: 0.2481
-------------------------------------
[Epoch : 11/40]
Src_cls_loss	: 0.2330
-------------------------------------
[Epoch : 12/40]
Src_cls_loss	: 0.2182
-------------------------------------
[Epoch : 13/40]
Src_cls_loss	: 0.2047
-------------------------------------
[Epoch : 14/40]
Src_cls_loss	: 0.1921
-------------------------------------
[Epoch : 15/40]
Src_cls_loss	: 0.1812
-------------------------------------
[Epoch : 16/40]
Src_cls_loss	: 0.1713
-------------------------------------
[Epoch : 17/40]
Src_cls_loss	: 0.1629
-------------------------------------
[Epoch : 18/40]
Src_cls_loss	: 0.1559
-------------------------------------
[Epoch : 19/40]
Src_cls_loss	: 0.1495
-------------------------------------
[Epoch : 20/40]
Src_cls_loss	: 0.1430
-------------------------------------
[Epoch : 21/40]
Src_cls_loss	: 0.1374
-------------------------------------
[Epoch : 22/40]
Src_cls_loss	: 0.1326
-------------------------------------
[Epoch : 23/40]
Src_cls_loss	: 0.1279
-------------------------------------
[Epoch : 24/40]
Src_cls_loss	: 0.1233
-------------------------------------
[Epoch : 25/40]
Src_cls_loss	: 0.1194
-------------------------------------
[Epoch : 26/40]
Src_cls_loss	: 0.1156
-------------------------------------
[Epoch : 27/40]
Src_cls_loss	: 0.1121
-------------------------------------
[Epoch : 28/40]
Src_cls_loss	: 0.1086
-------------------------------------
[Epoch : 29/40]
Src_cls_loss	: 0.1052
-------------------------------------
[Epoch : 30/40]
Src_cls_loss	: 0.1022
-------------------------------------
[Epoch : 31/40]
Src_cls_loss	: 0.0994
-------------------------------------
[Epoch : 32/40]
Src_cls_loss	: 0.0973
-------------------------------------
[Epoch : 33/40]
Src_cls_loss	: 0.0952
-------------------------------------
[Epoch : 34/40]
Src_cls_loss	: 0.0938
-------------------------------------
[Epoch : 35/40]
Src_cls_loss	: 0.0920
-------------------------------------
[Epoch : 36/40]
Src_cls_loss	: 0.0901
-------------------------------------
[Epoch : 37/40]
Src_cls_loss	: 0.0882
-------------------------------------
[Epoch : 38/40]
Src_cls_loss	: 0.0865
-------------------------------------
[Epoch : 39/40]
Src_cls_loss	: 0.0849
-------------------------------------
[Epoch : 40/40]
Src_cls_loss	: 0.0832
-------------------------------------
