=============================================
Dataset: realworld_mobiact
Method:  NO_ADAPT
=============================================
Source: syn_59 ---> Target: dp_59
Run ID: 3
=============================================
[Epoch : 1/40]
Src_cls_loss	: 0.8404
-------------------------------------
[Epoch : 2/40]
Src_cls_loss	: 0.6363
-------------------------------------
[Epoch : 3/40]
Src_cls_loss	: 0.5035
-------------------------------------
[Epoch : 4/40]
Src_cls_loss	: 0.4173
-------------------------------------
[Epoch : 5/40]
Src_cls_loss	: 0.3540
-------------------------------------
[Epoch : 6/40]
Src_cls_loss	: 0.3064
-------------------------------------
[Epoch : 7/40]
Src_cls_loss	: 0.2711
-------------------------------------
[Epoch : 8/40]
Src_cls_loss	: 0.2418
-------------------------------------
[Epoch : 9/40]
Src_cls_loss	: 0.2184
-------------------------------------
[Epoch : 10/40]
Src_cls_loss	: 0.1997
-------------------------------------
[Epoch : 11/40]
Src_cls_loss	: 0.1840
-------------------------------------
[Epoch : 12/40]
Src_cls_loss	: 0.1703
-------------------------------------
[Epoch : 13/40]
Src_cls_loss	: 0.1591
-------------------------------------
[Epoch : 14/40]
Src_cls_loss	: 0.1493
-------------------------------------
[Epoch : 15/40]
Src_cls_loss	: 0.1403
-------------------------------------
[Epoch : 16/40]
Src_cls_loss	: 0.1324
-------------------------------------
[Epoch : 17/40]
Src_cls_loss	: 0.1253
-------------------------------------
[Epoch : 18/40]
Src_cls_loss	: 0.1189
-------------------------------------
[Epoch : 19/40]
Src_cls_loss	: 0.1131
-------------------------------------
[Epoch : 20/40]
Src_cls_loss	: 0.1076
-------------------------------------
[Epoch : 21/40]
Src_cls_loss	: 0.1028
-------------------------------------
[Epoch : 22/40]
Src_cls_loss	: 0.0984
-------------------------------------
[Epoch : 23/40]
Src_cls_loss	: 0.0943
-------------------------------------
[Epoch : 24/40]
Src_cls_loss	: 0.0906
-------------------------------------
[Epoch : 25/40]
Src_cls_loss	: 0.0872
-------------------------------------
[Epoch : 26/40]
Src_cls_loss	: 0.0839
-------------------------------------
[Epoch : 27/40]
Src_cls_loss	: 0.0809
-------------------------------------
[Epoch : 28/40]
Src_cls_loss	: 0.0782
-------------------------------------
[Epoch : 29/40]
Src_cls_loss	: 0.0756
-------------------------------------
[Epoch : 30/40]
Src_cls_loss	: 0.0736
-------------------------------------
[Epoch : 31/40]
Src_cls_loss	: 0.0714
-------------------------------------
[Epoch : 32/40]
Src_cls_loss	: 0.0695
-------------------------------------
[Epoch : 33/40]
Src_cls_loss	: 0.0676
-------------------------------------
[Epoch : 34/40]
Src_cls_loss	: 0.0657
-------------------------------------
[Epoch : 35/40]
Src_cls_loss	: 0.0643
-------------------------------------
[Epoch : 36/40]
Src_cls_loss	: 0.0627
-------------------------------------
[Epoch : 37/40]
Src_cls_loss	: 0.0612
-------------------------------------
[Epoch : 38/40]
Src_cls_loss	: 0.0598
-------------------------------------
[Epoch : 39/40]
Src_cls_loss	: 0.0584
-------------------------------------
[Epoch : 40/40]
Src_cls_loss	: 0.0569
-------------------------------------
