=============================================
Dataset: realworld_mobiact
Method:  NO_ADAPT
=============================================
Source: syn_45 ---> Target: dp_45
Run ID: 0
=============================================
[Epoch : 1/40]
Src_cls_loss	: 0.7503
-------------------------------------
[Epoch : 2/40]
Src_cls_loss	: 0.5503
-------------------------------------
[Epoch : 3/40]
Src_cls_loss	: 0.4224
-------------------------------------
[Epoch : 4/40]
Src_cls_loss	: 0.3408
-------------------------------------
[Epoch : 5/40]
Src_cls_loss	: 0.2865
-------------------------------------
[Epoch : 6/40]
Src_cls_loss	: 0.2468
-------------------------------------
[Epoch : 7/40]
Src_cls_loss	: 0.2181
-------------------------------------
[Epoch : 8/40]
Src_cls_loss	: 0.1949
-------------------------------------
[Epoch : 9/40]
Src_cls_loss	: 0.1767
-------------------------------------
[Epoch : 10/40]
Src_cls_loss	: 0.1609
-------------------------------------
[Epoch : 11/40]
Src_cls_loss	: 0.1478
-------------------------------------
[Epoch : 12/40]
Src_cls_loss	: 0.1366
-------------------------------------
[Epoch : 13/40]
Src_cls_loss	: 0.1271
-------------------------------------
[Epoch : 14/40]
Src_cls_loss	: 0.1195
-------------------------------------
[Epoch : 15/40]
Src_cls_loss	: 0.1123
-------------------------------------
[Epoch : 16/40]
Src_cls_loss	: 0.1073
-------------------------------------
[Epoch : 17/40]
Src_cls_loss	: 0.1018
-------------------------------------
[Epoch : 18/40]
Src_cls_loss	: 0.0971
-------------------------------------
[Epoch : 19/40]
Src_cls_loss	: 0.0923
-------------------------------------
[Epoch : 20/40]
Src_cls_loss	: 0.0883
-------------------------------------
[Epoch : 21/40]
Src_cls_loss	: 0.0845
-------------------------------------
[Epoch : 22/40]
Src_cls_loss	: 0.0809
-------------------------------------
[Epoch : 23/40]
Src_cls_loss	: 0.0779
-------------------------------------
[Epoch : 24/40]
Src_cls_loss	: 0.0749
-------------------------------------
[Epoch : 25/40]
Src_cls_loss	: 0.0723
-------------------------------------
[Epoch : 26/40]
Src_cls_loss	: 0.0698
-------------------------------------
[Epoch : 27/40]
Src_cls_loss	: 0.0674
-------------------------------------
[Epoch : 28/40]
Src_cls_loss	: 0.0653
-------------------------------------
[Epoch : 29/40]
Src_cls_loss	: 0.0632
-------------------------------------
[Epoch : 30/40]
Src_cls_loss	: 0.0612
-------------------------------------
[Epoch : 31/40]
Src_cls_loss	: 0.0593
-------------------------------------
[Epoch : 32/40]
Src_cls_loss	: 0.0576
-------------------------------------
[Epoch : 33/40]
Src_cls_loss	: 0.0559
-------------------------------------
[Epoch : 34/40]
Src_cls_loss	: 0.0544
-------------------------------------
[Epoch : 35/40]
Src_cls_loss	: 0.0529
-------------------------------------
[Epoch : 36/40]
Src_cls_loss	: 0.0516
-------------------------------------
[Epoch : 37/40]
Src_cls_loss	: 0.0508
-------------------------------------
[Epoch : 38/40]
Src_cls_loss	: 0.0496
-------------------------------------
[Epoch : 39/40]
Src_cls_loss	: 0.0484
-------------------------------------
[Epoch : 40/40]
Src_cls_loss	: 0.0476
-------------------------------------
