=============================================
Dataset: realworld_mobiact
Method:  NO_ADAPT
=============================================
Source: syn_59 ---> Target: dp_59
Run ID: 0
=============================================
[Epoch : 1/40]
Src_cls_loss	: 0.7761
-------------------------------------
[Epoch : 2/40]
Src_cls_loss	: 0.5984
-------------------------------------
[Epoch : 3/40]
Src_cls_loss	: 0.4855
-------------------------------------
[Epoch : 4/40]
Src_cls_loss	: 0.4022
-------------------------------------
[Epoch : 5/40]
Src_cls_loss	: 0.3399
-------------------------------------
[Epoch : 6/40]
Src_cls_loss	: 0.2949
-------------------------------------
[Epoch : 7/40]
Src_cls_loss	: 0.2612
-------------------------------------
[Epoch : 8/40]
Src_cls_loss	: 0.2329
-------------------------------------
[Epoch : 9/40]
Src_cls_loss	: 0.2105
-------------------------------------
[Epoch : 10/40]
Src_cls_loss	: 0.1926
-------------------------------------
[Epoch : 11/40]
Src_cls_loss	: 0.1772
-------------------------------------
[Epoch : 12/40]
Src_cls_loss	: 0.1640
-------------------------------------
[Epoch : 13/40]
Src_cls_loss	: 0.1531
-------------------------------------
[Epoch : 14/40]
Src_cls_loss	: 0.1433
-------------------------------------
[Epoch : 15/40]
Src_cls_loss	: 0.1345
-------------------------------------
[Epoch : 16/40]
Src_cls_loss	: 0.1269
-------------------------------------
[Epoch : 17/40]
Src_cls_loss	: 0.1199
-------------------------------------
[Epoch : 18/40]
Src_cls_loss	: 0.1138
-------------------------------------
[Epoch : 19/40]
Src_cls_loss	: 0.1081
-------------------------------------
[Epoch : 20/40]
Src_cls_loss	: 0.1030
-------------------------------------
[Epoch : 21/40]
Src_cls_loss	: 0.0983
-------------------------------------
[Epoch : 22/40]
Src_cls_loss	: 0.0941
-------------------------------------
[Epoch : 23/40]
Src_cls_loss	: 0.0904
-------------------------------------
[Epoch : 24/40]
Src_cls_loss	: 0.0870
-------------------------------------
[Epoch : 25/40]
Src_cls_loss	: 0.0837
-------------------------------------
[Epoch : 26/40]
Src_cls_loss	: 0.0806
-------------------------------------
[Epoch : 27/40]
Src_cls_loss	: 0.0778
-------------------------------------
[Epoch : 28/40]
Src_cls_loss	: 0.0752
-------------------------------------
[Epoch : 29/40]
Src_cls_loss	: 0.0727
-------------------------------------
[Epoch : 30/40]
Src_cls_loss	: 0.0705
-------------------------------------
[Epoch : 31/40]
Src_cls_loss	: 0.0684
-------------------------------------
[Epoch : 32/40]
Src_cls_loss	: 0.0664
-------------------------------------
[Epoch : 33/40]
Src_cls_loss	: 0.0648
-------------------------------------
[Epoch : 34/40]
Src_cls_loss	: 0.0630
-------------------------------------
[Epoch : 35/40]
Src_cls_loss	: 0.0613
-------------------------------------
[Epoch : 36/40]
Src_cls_loss	: 0.0597
-------------------------------------
[Epoch : 37/40]
Src_cls_loss	: 0.0581
-------------------------------------
[Epoch : 38/40]
Src_cls_loss	: 0.0568
-------------------------------------
[Epoch : 39/40]
Src_cls_loss	: 0.0555
-------------------------------------
[Epoch : 40/40]
Src_cls_loss	: 0.0542
-------------------------------------
