=============================================
Dataset: realworld_mobiact
Method:  SYN
=============================================
Source: syn_wal_30 ---> Target: dp_wal_30
Run ID: 6
=============================================
[Epoch : 1/40]
Src_cls_loss	: 0.9256
-------------------------------------
[Epoch : 2/40]
Src_cls_loss	: 0.7719
-------------------------------------
[Epoch : 3/40]
Src_cls_loss	: 0.6605
-------------------------------------
[Epoch : 4/40]
Src_cls_loss	: 0.5725
-------------------------------------
[Epoch : 5/40]
Src_cls_loss	: 0.5133
-------------------------------------
[Epoch : 6/40]
Src_cls_loss	: 0.4585
-------------------------------------
[Epoch : 7/40]
Src_cls_loss	: 0.4168
-------------------------------------
[Epoch : 8/40]
Src_cls_loss	: 0.3855
-------------------------------------
[Epoch : 9/40]
Src_cls_loss	: 0.3584
-------------------------------------
[Epoch : 10/40]
Src_cls_loss	: 0.3300
-------------------------------------
[Epoch : 11/40]
Src_cls_loss	: 0.3060
-------------------------------------
[Epoch : 12/40]
Src_cls_loss	: 0.2849
-------------------------------------
[Epoch : 13/40]
Src_cls_loss	: 0.2680
-------------------------------------
[Epoch : 14/40]
Src_cls_loss	: 0.2520
-------------------------------------
[Epoch : 15/40]
Src_cls_loss	: 0.2383
-------------------------------------
[Epoch : 16/40]
Src_cls_loss	: 0.2260
-------------------------------------
[Epoch : 17/40]
Src_cls_loss	: 0.2153
-------------------------------------
[Epoch : 18/40]
Src_cls_loss	: 0.2065
-------------------------------------
[Epoch : 19/40]
Src_cls_loss	: 0.1982
-------------------------------------
[Epoch : 20/40]
Src_cls_loss	: 0.1904
-------------------------------------
[Epoch : 21/40]
Src_cls_loss	: 0.1823
-------------------------------------
[Epoch : 22/40]
Src_cls_loss	: 0.1748
-------------------------------------
[Epoch : 23/40]
Src_cls_loss	: 0.1678
-------------------------------------
[Epoch : 24/40]
Src_cls_loss	: 0.1622
-------------------------------------
[Epoch : 25/40]
Src_cls_loss	: 0.1570
-------------------------------------
[Epoch : 26/40]
Src_cls_loss	: 0.1518
-------------------------------------
[Epoch : 27/40]
Src_cls_loss	: 0.1467
-------------------------------------
[Epoch : 28/40]
Src_cls_loss	: 0.1421
-------------------------------------
[Epoch : 29/40]
Src_cls_loss	: 0.1381
-------------------------------------
[Epoch : 30/40]
Src_cls_loss	: 0.1341
-------------------------------------
[Epoch : 31/40]
Src_cls_loss	: 0.1303
-------------------------------------
[Epoch : 32/40]
Src_cls_loss	: 0.1267
-------------------------------------
[Epoch : 33/40]
Src_cls_loss	: 0.1231
-------------------------------------
[Epoch : 34/40]
Src_cls_loss	: 0.1199
-------------------------------------
[Epoch : 35/40]
Src_cls_loss	: 0.1170
-------------------------------------
[Epoch : 36/40]
Src_cls_loss	: 0.1141
-------------------------------------
[Epoch : 37/40]
Src_cls_loss	: 0.1116
-------------------------------------
[Epoch : 38/40]
Src_cls_loss	: 0.1091
-------------------------------------
[Epoch : 39/40]
Src_cls_loss	: 0.1066
-------------------------------------
[Epoch : 40/40]
Src_cls_loss	: 0.1041
-------------------------------------
