=============================================
Dataset: pamap_mobiact
Method:  NO_ADAPT
=============================================
Source: syn_45 ---> Target: dp_45
Run ID: 2
=============================================
[Epoch : 1/40]
Src_cls_loss	: 0.7702
-------------------------------------
[Epoch : 2/40]
Src_cls_loss	: 0.6365
-------------------------------------
[Epoch : 3/40]
Src_cls_loss	: 0.5527
-------------------------------------
[Epoch : 4/40]
Src_cls_loss	: 0.4888
-------------------------------------
[Epoch : 5/40]
Src_cls_loss	: 0.4498
-------------------------------------
[Epoch : 6/40]
Src_cls_loss	: 0.4180
-------------------------------------
[Epoch : 7/40]
Src_cls_loss	: 0.3849
-------------------------------------
[Epoch : 8/40]
Src_cls_loss	: 0.3578
-------------------------------------
[Epoch : 9/40]
Src_cls_loss	: 0.3336
-------------------------------------
[Epoch : 10/40]
Src_cls_loss	: 0.3111
-------------------------------------
[Epoch : 11/40]
Src_cls_loss	: 0.2909
-------------------------------------
[Epoch : 12/40]
Src_cls_loss	: 0.2725
-------------------------------------
[Epoch : 13/40]
Src_cls_loss	: 0.2589
-------------------------------------
[Epoch : 14/40]
Src_cls_loss	: 0.2476
-------------------------------------
[Epoch : 15/40]
Src_cls_loss	: 0.2362
-------------------------------------
[Epoch : 16/40]
Src_cls_loss	: 0.2249
-------------------------------------
[Epoch : 17/40]
Src_cls_loss	: 0.2155
-------------------------------------
[Epoch : 18/40]
Src_cls_loss	: 0.2056
-------------------------------------
[Epoch : 19/40]
Src_cls_loss	: 0.1968
-------------------------------------
[Epoch : 20/40]
Src_cls_loss	: 0.1890
-------------------------------------
[Epoch : 21/40]
Src_cls_loss	: 0.1825
-------------------------------------
[Epoch : 22/40]
Src_cls_loss	: 0.1763
-------------------------------------
[Epoch : 23/40]
Src_cls_loss	: 0.1701
-------------------------------------
[Epoch : 24/40]
Src_cls_loss	: 0.1643
-------------------------------------
[Epoch : 25/40]
Src_cls_loss	: 0.1594
-------------------------------------
[Epoch : 26/40]
Src_cls_loss	: 0.1541
-------------------------------------
[Epoch : 27/40]
Src_cls_loss	: 0.1491
-------------------------------------
[Epoch : 28/40]
Src_cls_loss	: 0.1446
-------------------------------------
[Epoch : 29/40]
Src_cls_loss	: 0.1403
-------------------------------------
[Epoch : 30/40]
Src_cls_loss	: 0.1364
-------------------------------------
[Epoch : 31/40]
Src_cls_loss	: 0.1329
-------------------------------------
[Epoch : 32/40]
Src_cls_loss	: 0.1294
-------------------------------------
[Epoch : 33/40]
Src_cls_loss	: 0.1259
-------------------------------------
[Epoch : 34/40]
Src_cls_loss	: 0.1225
-------------------------------------
[Epoch : 35/40]
Src_cls_loss	: 0.1193
-------------------------------------
[Epoch : 36/40]
Src_cls_loss	: 0.1164
-------------------------------------
[Epoch : 37/40]
Src_cls_loss	: 0.1135
-------------------------------------
[Epoch : 38/40]
Src_cls_loss	: 0.1108
-------------------------------------
[Epoch : 39/40]
Src_cls_loss	: 0.1086
-------------------------------------
[Epoch : 40/40]
Src_cls_loss	: 0.1075
-------------------------------------
