=============================================
Dataset: pamap_mobiact
Method:  SYN
=============================================
Source: syn_wal_15 ---> Target: dp_wal_15
Run ID: 9
=============================================
[Epoch : 1/40]
Src_cls_loss	: 0.5830
-------------------------------------
[Epoch : 2/40]
Src_cls_loss	: 0.4073
-------------------------------------
[Epoch : 3/40]
Src_cls_loss	: 0.3230
-------------------------------------
[Epoch : 4/40]
Src_cls_loss	: 0.2669
-------------------------------------
[Epoch : 5/40]
Src_cls_loss	: 0.2273
-------------------------------------
[Epoch : 6/40]
Src_cls_loss	: 0.2006
-------------------------------------
[Epoch : 7/40]
Src_cls_loss	: 0.1789
-------------------------------------
[Epoch : 8/40]
Src_cls_loss	: 0.1611
-------------------------------------
[Epoch : 9/40]
Src_cls_loss	: 0.1462
-------------------------------------
[Epoch : 10/40]
Src_cls_loss	: 0.1344
-------------------------------------
[Epoch : 11/40]
Src_cls_loss	: 0.1249
-------------------------------------
[Epoch : 12/40]
Src_cls_loss	: 0.1171
-------------------------------------
[Epoch : 13/40]
Src_cls_loss	: 0.1096
-------------------------------------
[Epoch : 14/40]
Src_cls_loss	: 0.1029
-------------------------------------
[Epoch : 15/40]
Src_cls_loss	: 0.0974
-------------------------------------
[Epoch : 16/40]
Src_cls_loss	: 0.0921
-------------------------------------
[Epoch : 17/40]
Src_cls_loss	: 0.0873
-------------------------------------
[Epoch : 18/40]
Src_cls_loss	: 0.0829
-------------------------------------
[Epoch : 19/40]
Src_cls_loss	: 0.0792
-------------------------------------
[Epoch : 20/40]
Src_cls_loss	: 0.0756
-------------------------------------
[Epoch : 21/40]
Src_cls_loss	: 0.0722
-------------------------------------
[Epoch : 22/40]
Src_cls_loss	: 0.0693
-------------------------------------
[Epoch : 23/40]
Src_cls_loss	: 0.0665
-------------------------------------
[Epoch : 24/40]
Src_cls_loss	: 0.0641
-------------------------------------
[Epoch : 25/40]
Src_cls_loss	: 0.0620
-------------------------------------
[Epoch : 26/40]
Src_cls_loss	: 0.0600
-------------------------------------
[Epoch : 27/40]
Src_cls_loss	: 0.0580
-------------------------------------
[Epoch : 28/40]
Src_cls_loss	: 0.0561
-------------------------------------
[Epoch : 29/40]
Src_cls_loss	: 0.0543
-------------------------------------
[Epoch : 30/40]
Src_cls_loss	: 0.0526
-------------------------------------
[Epoch : 31/40]
Src_cls_loss	: 0.0510
-------------------------------------
[Epoch : 32/40]
Src_cls_loss	: 0.0495
-------------------------------------
[Epoch : 33/40]
Src_cls_loss	: 0.0481
-------------------------------------
[Epoch : 34/40]
Src_cls_loss	: 0.0468
-------------------------------------
[Epoch : 35/40]
Src_cls_loss	: 0.0455
-------------------------------------
[Epoch : 36/40]
Src_cls_loss	: 0.0443
-------------------------------------
[Epoch : 37/40]
Src_cls_loss	: 0.0432
-------------------------------------
[Epoch : 38/40]
Src_cls_loss	: 0.0421
-------------------------------------
[Epoch : 39/40]
Src_cls_loss	: 0.0411
-------------------------------------
[Epoch : 40/40]
Src_cls_loss	: 0.0401
-------------------------------------
