=============================================
Dataset: pamap_mobiact
Method:  NO_ADAPT
=============================================
Source: syn_35 ---> Target: dp_35
Run ID: 6
=============================================
[Epoch : 1/40]
Src_cls_loss	: 0.6744
-------------------------------------
[Epoch : 2/40]
Src_cls_loss	: 0.5004
-------------------------------------
[Epoch : 3/40]
Src_cls_loss	: 0.3990
-------------------------------------
[Epoch : 4/40]
Src_cls_loss	: 0.3331
-------------------------------------
[Epoch : 5/40]
Src_cls_loss	: 0.2884
-------------------------------------
[Epoch : 6/40]
Src_cls_loss	: 0.2547
-------------------------------------
[Epoch : 7/40]
Src_cls_loss	: 0.2298
-------------------------------------
[Epoch : 8/40]
Src_cls_loss	: 0.2113
-------------------------------------
[Epoch : 9/40]
Src_cls_loss	: 0.1975
-------------------------------------
[Epoch : 10/40]
Src_cls_loss	: 0.1830
-------------------------------------
[Epoch : 11/40]
Src_cls_loss	: 0.1703
-------------------------------------
[Epoch : 12/40]
Src_cls_loss	: 0.1593
-------------------------------------
[Epoch : 13/40]
Src_cls_loss	: 0.1493
-------------------------------------
[Epoch : 14/40]
Src_cls_loss	: 0.1408
-------------------------------------
[Epoch : 15/40]
Src_cls_loss	: 0.1329
-------------------------------------
[Epoch : 16/40]
Src_cls_loss	: 0.1264
-------------------------------------
[Epoch : 17/40]
Src_cls_loss	: 0.1210
-------------------------------------
[Epoch : 18/40]
Src_cls_loss	: 0.1160
-------------------------------------
[Epoch : 19/40]
Src_cls_loss	: 0.1109
-------------------------------------
[Epoch : 20/40]
Src_cls_loss	: 0.1073
-------------------------------------
[Epoch : 21/40]
Src_cls_loss	: 0.1036
-------------------------------------
[Epoch : 22/40]
Src_cls_loss	: 0.0998
-------------------------------------
[Epoch : 23/40]
Src_cls_loss	: 0.0964
-------------------------------------
[Epoch : 24/40]
Src_cls_loss	: 0.0934
-------------------------------------
[Epoch : 25/40]
Src_cls_loss	: 0.0902
-------------------------------------
[Epoch : 26/40]
Src_cls_loss	: 0.0872
-------------------------------------
[Epoch : 27/40]
Src_cls_loss	: 0.0846
-------------------------------------
[Epoch : 28/40]
Src_cls_loss	: 0.0823
-------------------------------------
[Epoch : 29/40]
Src_cls_loss	: 0.0798
-------------------------------------
[Epoch : 30/40]
Src_cls_loss	: 0.0776
-------------------------------------
[Epoch : 31/40]
Src_cls_loss	: 0.0758
-------------------------------------
[Epoch : 32/40]
Src_cls_loss	: 0.0736
-------------------------------------
[Epoch : 33/40]
Src_cls_loss	: 0.0716
-------------------------------------
[Epoch : 34/40]
Src_cls_loss	: 0.0697
-------------------------------------
[Epoch : 35/40]
Src_cls_loss	: 0.0679
-------------------------------------
[Epoch : 36/40]
Src_cls_loss	: 0.0663
-------------------------------------
[Epoch : 37/40]
Src_cls_loss	: 0.0647
-------------------------------------
[Epoch : 38/40]
Src_cls_loss	: 0.0635
-------------------------------------
[Epoch : 39/40]
Src_cls_loss	: 0.0622
-------------------------------------
[Epoch : 40/40]
Src_cls_loss	: 0.0609
-------------------------------------
