=============================================
Dataset: realworld_mobiact
Method:  NO_ADAPT
=============================================
Source: syn_33 ---> Target: dp_33
Run ID: 6
=============================================
[Epoch : 1/40]
Src_cls_loss	: 0.8203
-------------------------------------
[Epoch : 2/40]
Src_cls_loss	: 0.6039
-------------------------------------
[Epoch : 3/40]
Src_cls_loss	: 0.4679
-------------------------------------
[Epoch : 4/40]
Src_cls_loss	: 0.3794
-------------------------------------
[Epoch : 5/40]
Src_cls_loss	: 0.3173
-------------------------------------
[Epoch : 6/40]
Src_cls_loss	: 0.2734
-------------------------------------
[Epoch : 7/40]
Src_cls_loss	: 0.2401
-------------------------------------
[Epoch : 8/40]
Src_cls_loss	: 0.2142
-------------------------------------
[Epoch : 9/40]
Src_cls_loss	: 0.1932
-------------------------------------
[Epoch : 10/40]
Src_cls_loss	: 0.1768
-------------------------------------
[Epoch : 11/40]
Src_cls_loss	: 0.1648
-------------------------------------
[Epoch : 12/40]
Src_cls_loss	: 0.1528
-------------------------------------
[Epoch : 13/40]
Src_cls_loss	: 0.1442
-------------------------------------
[Epoch : 14/40]
Src_cls_loss	: 0.1363
-------------------------------------
[Epoch : 15/40]
Src_cls_loss	: 0.1286
-------------------------------------
[Epoch : 16/40]
Src_cls_loss	: 0.1217
-------------------------------------
[Epoch : 17/40]
Src_cls_loss	: 0.1152
-------------------------------------
[Epoch : 18/40]
Src_cls_loss	: 0.1095
-------------------------------------
[Epoch : 19/40]
Src_cls_loss	: 0.1042
-------------------------------------
[Epoch : 20/40]
Src_cls_loss	: 0.0996
-------------------------------------
[Epoch : 21/40]
Src_cls_loss	: 0.0954
-------------------------------------
[Epoch : 22/40]
Src_cls_loss	: 0.0915
-------------------------------------
[Epoch : 23/40]
Src_cls_loss	: 0.0881
-------------------------------------
[Epoch : 24/40]
Src_cls_loss	: 0.0848
-------------------------------------
[Epoch : 25/40]
Src_cls_loss	: 0.0817
-------------------------------------
[Epoch : 26/40]
Src_cls_loss	: 0.0789
-------------------------------------
[Epoch : 27/40]
Src_cls_loss	: 0.0762
-------------------------------------
[Epoch : 28/40]
Src_cls_loss	: 0.0736
-------------------------------------
[Epoch : 29/40]
Src_cls_loss	: 0.0712
-------------------------------------
[Epoch : 30/40]
Src_cls_loss	: 0.0690
-------------------------------------
[Epoch : 31/40]
Src_cls_loss	: 0.0671
-------------------------------------
[Epoch : 32/40]
Src_cls_loss	: 0.0656
-------------------------------------
[Epoch : 33/40]
Src_cls_loss	: 0.0641
-------------------------------------
[Epoch : 34/40]
Src_cls_loss	: 0.0625
-------------------------------------
[Epoch : 35/40]
Src_cls_loss	: 0.0609
-------------------------------------
[Epoch : 36/40]
Src_cls_loss	: 0.0596
-------------------------------------
[Epoch : 37/40]
Src_cls_loss	: 0.0583
-------------------------------------
[Epoch : 38/40]
Src_cls_loss	: 0.0573
-------------------------------------
[Epoch : 39/40]
Src_cls_loss	: 0.0562
-------------------------------------
[Epoch : 40/40]
Src_cls_loss	: 0.0550
-------------------------------------
