=============================================
Dataset: mobiact_realworld
Method:  Deep_Coral
=============================================
Source: df ---> Target: dp_65
Run ID: 0
=============================================
[Epoch : 1/40]
Total_loss	: 2.2743
Src_cls_loss	: 0.3410
coral_loss	: 0.0003
-------------------------------------
[Epoch : 2/40]
Total_loss	: 1.5971
Src_cls_loss	: 0.2394
coral_loss	: 0.0003
-------------------------------------
[Epoch : 3/40]
Total_loss	: 1.2698
Src_cls_loss	: 0.1903
coral_loss	: 0.0003
-------------------------------------
[Epoch : 4/40]
Total_loss	: 1.0731
Src_cls_loss	: 0.1608
coral_loss	: 0.0002
-------------------------------------
[Epoch : 5/40]
Total_loss	: 0.9313
Src_cls_loss	: 0.1396
coral_loss	: 0.0002
-------------------------------------
[Epoch : 6/40]
Total_loss	: 0.8296
Src_cls_loss	: 0.1243
coral_loss	: 0.0002
-------------------------------------
[Epoch : 7/40]
Total_loss	: 0.7446
Src_cls_loss	: 0.1116
coral_loss	: 0.0002
-------------------------------------
[Epoch : 8/40]
Total_loss	: 0.6804
Src_cls_loss	: 0.1019
coral_loss	: 0.0002
-------------------------------------
[Epoch : 9/40]
Total_loss	: 0.6283
Src_cls_loss	: 0.0941
coral_loss	: 0.0002
-------------------------------------
[Epoch : 10/40]
Total_loss	: 0.5809
Src_cls_loss	: 0.0870
coral_loss	: 0.0002
-------------------------------------
[Epoch : 11/40]
Total_loss	: 0.5391
Src_cls_loss	: 0.0807
coral_loss	: 0.0002
-------------------------------------
[Epoch : 12/40]
Total_loss	: 0.5051
Src_cls_loss	: 0.0756
coral_loss	: 0.0002
-------------------------------------
[Epoch : 13/40]
Total_loss	: 0.4749
Src_cls_loss	: 0.0711
coral_loss	: 0.0002
-------------------------------------
[Epoch : 14/40]
Total_loss	: 0.4479
Src_cls_loss	: 0.0671
coral_loss	: 0.0002
-------------------------------------
[Epoch : 15/40]
Total_loss	: 0.4249
Src_cls_loss	: 0.0636
coral_loss	: 0.0002
-------------------------------------
[Epoch : 16/40]
Total_loss	: 0.4032
Src_cls_loss	: 0.0603
coral_loss	: 0.0002
-------------------------------------
[Epoch : 17/40]
Total_loss	: 0.3850
Src_cls_loss	: 0.0576
coral_loss	: 0.0002
-------------------------------------
[Epoch : 18/40]
Total_loss	: 0.3706
Src_cls_loss	: 0.0555
coral_loss	: 0.0002
-------------------------------------
[Epoch : 19/40]
Total_loss	: 0.3558
Src_cls_loss	: 0.0532
coral_loss	: 0.0002
-------------------------------------
[Epoch : 20/40]
Total_loss	: 0.3414
Src_cls_loss	: 0.0511
coral_loss	: 0.0002
-------------------------------------
[Epoch : 21/40]
Total_loss	: 0.3284
Src_cls_loss	: 0.0491
coral_loss	: 0.0002
-------------------------------------
[Epoch : 22/40]
Total_loss	: 0.3156
Src_cls_loss	: 0.0472
coral_loss	: 0.0001
-------------------------------------
[Epoch : 23/40]
Total_loss	: 0.3038
Src_cls_loss	: 0.0455
coral_loss	: 0.0001
-------------------------------------
[Epoch : 24/40]
Total_loss	: 0.2924
Src_cls_loss	: 0.0437
coral_loss	: 0.0001
-------------------------------------
[Epoch : 25/40]
Total_loss	: 0.2852
Src_cls_loss	: 0.0427
coral_loss	: 0.0001
-------------------------------------
[Epoch : 26/40]
Total_loss	: 0.2761
Src_cls_loss	: 0.0413
coral_loss	: 0.0001
-------------------------------------
[Epoch : 27/40]
Total_loss	: 0.2669
Src_cls_loss	: 0.0399
coral_loss	: 0.0001
-------------------------------------
[Epoch : 28/40]
Total_loss	: 0.2588
Src_cls_loss	: 0.0387
coral_loss	: 0.0001
-------------------------------------
[Epoch : 29/40]
Total_loss	: 0.2527
Src_cls_loss	: 0.0378
coral_loss	: 0.0001
-------------------------------------
[Epoch : 30/40]
Total_loss	: 0.2460
Src_cls_loss	: 0.0368
coral_loss	: 0.0001
-------------------------------------
[Epoch : 31/40]
Total_loss	: 0.2391
Src_cls_loss	: 0.0358
coral_loss	: 0.0001
-------------------------------------
[Epoch : 32/40]
Total_loss	: 0.2327
Src_cls_loss	: 0.0348
coral_loss	: 0.0001
-------------------------------------
[Epoch : 33/40]
Total_loss	: 0.2280
Src_cls_loss	: 0.0341
coral_loss	: 0.0001
-------------------------------------
[Epoch : 34/40]
Total_loss	: 0.2231
Src_cls_loss	: 0.0334
coral_loss	: 0.0001
-------------------------------------
[Epoch : 35/40]
Total_loss	: 0.2177
Src_cls_loss	: 0.0325
coral_loss	: 0.0001
-------------------------------------
[Epoch : 36/40]
Total_loss	: 0.2123
Src_cls_loss	: 0.0317
coral_loss	: 0.0001
-------------------------------------
[Epoch : 37/40]
Total_loss	: 0.2071
Src_cls_loss	: 0.0310
coral_loss	: 0.0001
-------------------------------------
[Epoch : 38/40]
Total_loss	: 0.2033
Src_cls_loss	: 0.0304
coral_loss	: 0.0001
-------------------------------------
[Epoch : 39/40]
Total_loss	: 0.1993
Src_cls_loss	: 0.0298
coral_loss	: 0.0001
-------------------------------------
[Epoch : 40/40]
Total_loss	: 0.1957
Src_cls_loss	: 0.0293
coral_loss	: 0.0001
-------------------------------------
