=============================================
Dataset: pamap_realworld
Method:  Deep_Coral
=============================================
Source: df ---> Target: dp_18
Run ID: 0
=============================================
[Epoch : 1/40]
Total_loss	: 3.3016
Src_cls_loss	: 0.4954
coral_loss	: 0.0001
-------------------------------------
[Epoch : 2/40]
Total_loss	: 2.3696
Src_cls_loss	: 0.3554
coral_loss	: 0.0002
-------------------------------------
[Epoch : 3/40]
Total_loss	: 1.8730
Src_cls_loss	: 0.2808
coral_loss	: 0.0003
-------------------------------------
[Epoch : 4/40]
Total_loss	: 1.6307
Src_cls_loss	: 0.2444
coral_loss	: 0.0003
-------------------------------------
[Epoch : 5/40]
Total_loss	: 1.4592
Src_cls_loss	: 0.2187
coral_loss	: 0.0003
-------------------------------------
[Epoch : 6/40]
Total_loss	: 1.2955
Src_cls_loss	: 0.1941
coral_loss	: 0.0003
-------------------------------------
[Epoch : 7/40]
Total_loss	: 1.1836
Src_cls_loss	: 0.1773
coral_loss	: 0.0004
-------------------------------------
[Epoch : 8/40]
Total_loss	: 1.1000
Src_cls_loss	: 0.1647
coral_loss	: 0.0004
-------------------------------------
[Epoch : 9/40]
Total_loss	: 1.0201
Src_cls_loss	: 0.1527
coral_loss	: 0.0004
-------------------------------------
[Epoch : 10/40]
Total_loss	: 0.9484
Src_cls_loss	: 0.1420
coral_loss	: 0.0004
-------------------------------------
[Epoch : 11/40]
Total_loss	: 0.8931
Src_cls_loss	: 0.1336
coral_loss	: 0.0004
-------------------------------------
[Epoch : 12/40]
Total_loss	: 0.8428
Src_cls_loss	: 0.1261
coral_loss	: 0.0004
-------------------------------------
[Epoch : 13/40]
Total_loss	: 0.8068
Src_cls_loss	: 0.1207
coral_loss	: 0.0004
-------------------------------------
[Epoch : 14/40]
Total_loss	: 0.7695
Src_cls_loss	: 0.1151
coral_loss	: 0.0004
-------------------------------------
[Epoch : 15/40]
Total_loss	: 0.7351
Src_cls_loss	: 0.1099
coral_loss	: 0.0004
-------------------------------------
[Epoch : 16/40]
Total_loss	: 0.7094
Src_cls_loss	: 0.1061
coral_loss	: 0.0004
-------------------------------------
[Epoch : 17/40]
Total_loss	: 0.6849
Src_cls_loss	: 0.1024
coral_loss	: 0.0004
-------------------------------------
[Epoch : 18/40]
Total_loss	: 0.6595
Src_cls_loss	: 0.0986
coral_loss	: 0.0004
-------------------------------------
[Epoch : 19/40]
Total_loss	: 0.6364
Src_cls_loss	: 0.0951
coral_loss	: 0.0004
-------------------------------------
[Epoch : 20/40]
Total_loss	: 0.6150
Src_cls_loss	: 0.0919
coral_loss	: 0.0004
-------------------------------------
[Epoch : 21/40]
Total_loss	: 0.5958
Src_cls_loss	: 0.0890
coral_loss	: 0.0004
-------------------------------------
[Epoch : 22/40]
Total_loss	: 0.5765
Src_cls_loss	: 0.0861
coral_loss	: 0.0004
-------------------------------------
[Epoch : 23/40]
Total_loss	: 0.5590
Src_cls_loss	: 0.0835
coral_loss	: 0.0004
-------------------------------------
[Epoch : 24/40]
Total_loss	: 0.5408
Src_cls_loss	: 0.0807
coral_loss	: 0.0004
-------------------------------------
[Epoch : 25/40]
Total_loss	: 0.5270
Src_cls_loss	: 0.0787
coral_loss	: 0.0004
-------------------------------------
[Epoch : 26/40]
Total_loss	: 0.5127
Src_cls_loss	: 0.0765
coral_loss	: 0.0004
-------------------------------------
[Epoch : 27/40]
Total_loss	: 0.5002
Src_cls_loss	: 0.0747
coral_loss	: 0.0004
-------------------------------------
[Epoch : 28/40]
Total_loss	: 0.4873
Src_cls_loss	: 0.0727
coral_loss	: 0.0004
-------------------------------------
[Epoch : 29/40]
Total_loss	: 0.4755
Src_cls_loss	: 0.0709
coral_loss	: 0.0004
-------------------------------------
[Epoch : 30/40]
Total_loss	: 0.4648
Src_cls_loss	: 0.0693
coral_loss	: 0.0004
-------------------------------------
[Epoch : 31/40]
Total_loss	: 0.4556
Src_cls_loss	: 0.0680
coral_loss	: 0.0004
-------------------------------------
[Epoch : 32/40]
Total_loss	: 0.4469
Src_cls_loss	: 0.0667
coral_loss	: 0.0004
-------------------------------------
[Epoch : 33/40]
Total_loss	: 0.4373
Src_cls_loss	: 0.0652
coral_loss	: 0.0004
-------------------------------------
[Epoch : 34/40]
Total_loss	: 0.4270
Src_cls_loss	: 0.0637
coral_loss	: 0.0004
-------------------------------------
[Epoch : 35/40]
Total_loss	: 0.4187
Src_cls_loss	: 0.0624
coral_loss	: 0.0004
-------------------------------------
[Epoch : 36/40]
Total_loss	: 0.4098
Src_cls_loss	: 0.0611
coral_loss	: 0.0004
-------------------------------------
[Epoch : 37/40]
Total_loss	: 0.4019
Src_cls_loss	: 0.0599
coral_loss	: 0.0004
-------------------------------------
[Epoch : 38/40]
Total_loss	: 0.3960
Src_cls_loss	: 0.0590
coral_loss	: 0.0004
-------------------------------------
[Epoch : 39/40]
Total_loss	: 0.3892
Src_cls_loss	: 0.0580
coral_loss	: 0.0004
-------------------------------------
[Epoch : 40/40]
Total_loss	: 0.3826
Src_cls_loss	: 0.0570
coral_loss	: 0.0004
-------------------------------------
