=============================================
Dataset: pamap_mobiact
Method:  Deep_Coral
=============================================
Source: df ---> Target: dp_wal_34
Run ID: 0
=============================================
[Epoch : 1/40]
Total_loss	: 3.4215
Src_cls_loss	: 0.5127
coral_loss	: 0.0008
-------------------------------------
[Epoch : 2/40]
Total_loss	: 2.4422
Src_cls_loss	: 0.3658
coral_loss	: 0.0007
-------------------------------------
[Epoch : 3/40]
Total_loss	: 1.9753
Src_cls_loss	: 0.2957
coral_loss	: 0.0007
-------------------------------------
[Epoch : 4/40]
Total_loss	: 1.6793
Src_cls_loss	: 0.2513
coral_loss	: 0.0007
-------------------------------------
[Epoch : 5/40]
Total_loss	: 1.4721
Src_cls_loss	: 0.2202
coral_loss	: 0.0007
-------------------------------------
[Epoch : 6/40]
Total_loss	: 1.3297
Src_cls_loss	: 0.1989
coral_loss	: 0.0007
-------------------------------------
[Epoch : 7/40]
Total_loss	: 1.2255
Src_cls_loss	: 0.1832
coral_loss	: 0.0007
-------------------------------------
[Epoch : 8/40]
Total_loss	: 1.1230
Src_cls_loss	: 0.1678
coral_loss	: 0.0007
-------------------------------------
[Epoch : 9/40]
Total_loss	: 1.0475
Src_cls_loss	: 0.1565
coral_loss	: 0.0008
-------------------------------------
[Epoch : 10/40]
Total_loss	: 0.9740
Src_cls_loss	: 0.1455
coral_loss	: 0.0008
-------------------------------------
[Epoch : 11/40]
Total_loss	: 0.9150
Src_cls_loss	: 0.1366
coral_loss	: 0.0008
-------------------------------------
[Epoch : 12/40]
Total_loss	: 0.8649
Src_cls_loss	: 0.1291
coral_loss	: 0.0008
-------------------------------------
[Epoch : 13/40]
Total_loss	: 0.8241
Src_cls_loss	: 0.1229
coral_loss	: 0.0008
-------------------------------------
[Epoch : 14/40]
Total_loss	: 0.7860
Src_cls_loss	: 0.1172
coral_loss	: 0.0008
-------------------------------------
[Epoch : 15/40]
Total_loss	: 0.7562
Src_cls_loss	: 0.1127
coral_loss	: 0.0008
-------------------------------------
[Epoch : 16/40]
Total_loss	: 0.7214
Src_cls_loss	: 0.1075
coral_loss	: 0.0008
-------------------------------------
[Epoch : 17/40]
Total_loss	: 0.6955
Src_cls_loss	: 0.1036
coral_loss	: 0.0008
-------------------------------------
[Epoch : 18/40]
Total_loss	: 0.6692
Src_cls_loss	: 0.0997
coral_loss	: 0.0008
-------------------------------------
[Epoch : 19/40]
Total_loss	: 0.6434
Src_cls_loss	: 0.0958
coral_loss	: 0.0008
-------------------------------------
[Epoch : 20/40]
Total_loss	: 0.6193
Src_cls_loss	: 0.0922
coral_loss	: 0.0008
-------------------------------------
[Epoch : 21/40]
Total_loss	: 0.5966
Src_cls_loss	: 0.0888
coral_loss	: 0.0008
-------------------------------------
[Epoch : 22/40]
Total_loss	: 0.5793
Src_cls_loss	: 0.0862
coral_loss	: 0.0008
-------------------------------------
[Epoch : 23/40]
Total_loss	: 0.5604
Src_cls_loss	: 0.0834
coral_loss	: 0.0008
-------------------------------------
[Epoch : 24/40]
Total_loss	: 0.5458
Src_cls_loss	: 0.0812
coral_loss	: 0.0008
-------------------------------------
[Epoch : 25/40]
Total_loss	: 0.5297
Src_cls_loss	: 0.0788
coral_loss	: 0.0008
-------------------------------------
[Epoch : 26/40]
Total_loss	: 0.5137
Src_cls_loss	: 0.0764
coral_loss	: 0.0008
-------------------------------------
[Epoch : 27/40]
Total_loss	: 0.4990
Src_cls_loss	: 0.0742
coral_loss	: 0.0007
-------------------------------------
[Epoch : 28/40]
Total_loss	: 0.4863
Src_cls_loss	: 0.0723
coral_loss	: 0.0007
-------------------------------------
[Epoch : 29/40]
Total_loss	: 0.4752
Src_cls_loss	: 0.0706
coral_loss	: 0.0007
-------------------------------------
[Epoch : 30/40]
Total_loss	: 0.4631
Src_cls_loss	: 0.0688
coral_loss	: 0.0007
-------------------------------------
[Epoch : 31/40]
Total_loss	: 0.4536
Src_cls_loss	: 0.0674
coral_loss	: 0.0007
-------------------------------------
[Epoch : 32/40]
Total_loss	: 0.4438
Src_cls_loss	: 0.0659
coral_loss	: 0.0007
-------------------------------------
[Epoch : 33/40]
Total_loss	: 0.4349
Src_cls_loss	: 0.0646
coral_loss	: 0.0007
-------------------------------------
[Epoch : 34/40]
Total_loss	: 0.4263
Src_cls_loss	: 0.0633
coral_loss	: 0.0007
-------------------------------------
[Epoch : 35/40]
Total_loss	: 0.4166
Src_cls_loss	: 0.0618
coral_loss	: 0.0007
-------------------------------------
[Epoch : 36/40]
Total_loss	: 0.4093
Src_cls_loss	: 0.0607
coral_loss	: 0.0007
-------------------------------------
[Epoch : 37/40]
Total_loss	: 0.4036
Src_cls_loss	: 0.0599
coral_loss	: 0.0007
-------------------------------------
[Epoch : 38/40]
Total_loss	: 0.3959
Src_cls_loss	: 0.0587
coral_loss	: 0.0007
-------------------------------------
[Epoch : 39/40]
Total_loss	: 0.3884
Src_cls_loss	: 0.0576
coral_loss	: 0.0007
-------------------------------------
[Epoch : 40/40]
Total_loss	: 0.3828
Src_cls_loss	: 0.0568
coral_loss	: 0.0007
-------------------------------------
