=============================================
Dataset: CWRU_OR_centred
Method:  NO_ADAPT
=============================================
Source: 0 ---> Target: 7
Run ID: 3
=============================================
[Epoch : 1/40]
Src_cls_loss	: 0.0952
-------------------------------------
[Epoch : 2/40]
Src_cls_loss	: 0.0528
-------------------------------------
[Epoch : 3/40]
Src_cls_loss	: 0.0370
-------------------------------------
[Epoch : 4/40]
Src_cls_loss	: 0.0290
-------------------------------------
[Epoch : 5/40]
Src_cls_loss	: 0.0238
-------------------------------------
[Epoch : 6/40]
Src_cls_loss	: 0.0204
-------------------------------------
[Epoch : 7/40]
Src_cls_loss	: 0.0179
-------------------------------------
[Epoch : 8/40]
Src_cls_loss	: 0.0158
-------------------------------------
[Epoch : 9/40]
Src_cls_loss	: 0.0144
-------------------------------------
[Epoch : 10/40]
Src_cls_loss	: 0.0130
-------------------------------------
[Epoch : 11/40]
Src_cls_loss	: 0.0119
-------------------------------------
[Epoch : 12/40]
Src_cls_loss	: 0.0110
-------------------------------------
[Epoch : 13/40]
Src_cls_loss	: 0.0103
-------------------------------------
[Epoch : 14/40]
Src_cls_loss	: 0.0097
-------------------------------------
[Epoch : 15/40]
Src_cls_loss	: 0.0091
-------------------------------------
[Epoch : 16/40]
Src_cls_loss	: 0.0085
-------------------------------------
[Epoch : 17/40]
Src_cls_loss	: 0.0081
-------------------------------------
[Epoch : 18/40]
Src_cls_loss	: 0.0076
-------------------------------------
[Epoch : 19/40]
Src_cls_loss	: 0.0073
-------------------------------------
[Epoch : 20/40]
Src_cls_loss	: 0.0071
-------------------------------------
[Epoch : 21/40]
Src_cls_loss	: 0.0068
-------------------------------------
[Epoch : 22/40]
Src_cls_loss	: 0.0067
-------------------------------------
[Epoch : 23/40]
Src_cls_loss	: 0.0064
-------------------------------------
[Epoch : 24/40]
Src_cls_loss	: 0.0061
-------------------------------------
[Epoch : 25/40]
Src_cls_loss	: 0.0059
-------------------------------------
[Epoch : 26/40]
Src_cls_loss	: 0.0058
-------------------------------------
[Epoch : 27/40]
Src_cls_loss	: 0.0056
-------------------------------------
[Epoch : 28/40]
Src_cls_loss	: 0.0055
-------------------------------------
[Epoch : 29/40]
Src_cls_loss	: 0.0054
-------------------------------------
[Epoch : 30/40]
Src_cls_loss	: 0.0052
-------------------------------------
[Epoch : 31/40]
Src_cls_loss	: 0.0051
-------------------------------------
[Epoch : 32/40]
Src_cls_loss	: 0.0049
-------------------------------------
[Epoch : 33/40]
Src_cls_loss	: 0.0048
-------------------------------------
[Epoch : 34/40]
Src_cls_loss	: 0.0048
-------------------------------------
[Epoch : 35/40]
Src_cls_loss	: 0.0047
-------------------------------------
[Epoch : 36/40]
Src_cls_loss	: 0.0046
-------------------------------------
[Epoch : 37/40]
Src_cls_loss	: 0.0045
-------------------------------------
[Epoch : 38/40]
Src_cls_loss	: 0.0044
-------------------------------------
[Epoch : 39/40]
Src_cls_loss	: 0.0043
-------------------------------------
[Epoch : 40/40]
Src_cls_loss	: 0.0042
-------------------------------------
