=============================================
Dataset: pamap_mobiact
Method:  SYN
=============================================
Source: syn_wal_30 ---> Target: dp_wal_30
Run ID: 5
=============================================
[Epoch : 1/40]
Src_cls_loss	: 0.7014
-------------------------------------
[Epoch : 2/40]
Src_cls_loss	: 0.5098
-------------------------------------
[Epoch : 3/40]
Src_cls_loss	: 0.4019
-------------------------------------
[Epoch : 4/40]
Src_cls_loss	: 0.3361
-------------------------------------
[Epoch : 5/40]
Src_cls_loss	: 0.2868
-------------------------------------
[Epoch : 6/40]
Src_cls_loss	: 0.2504
-------------------------------------
[Epoch : 7/40]
Src_cls_loss	: 0.2235
-------------------------------------
[Epoch : 8/40]
Src_cls_loss	: 0.2016
-------------------------------------
[Epoch : 9/40]
Src_cls_loss	: 0.1827
-------------------------------------
[Epoch : 10/40]
Src_cls_loss	: 0.1675
-------------------------------------
[Epoch : 11/40]
Src_cls_loss	: 0.1550
-------------------------------------
[Epoch : 12/40]
Src_cls_loss	: 0.1436
-------------------------------------
[Epoch : 13/40]
Src_cls_loss	: 0.1352
-------------------------------------
[Epoch : 14/40]
Src_cls_loss	: 0.1272
-------------------------------------
[Epoch : 15/40]
Src_cls_loss	: 0.1196
-------------------------------------
[Epoch : 16/40]
Src_cls_loss	: 0.1138
-------------------------------------
[Epoch : 17/40]
Src_cls_loss	: 0.1082
-------------------------------------
[Epoch : 18/40]
Src_cls_loss	: 0.1029
-------------------------------------
[Epoch : 19/40]
Src_cls_loss	: 0.0986
-------------------------------------
[Epoch : 20/40]
Src_cls_loss	: 0.0944
-------------------------------------
[Epoch : 21/40]
Src_cls_loss	: 0.0906
-------------------------------------
[Epoch : 22/40]
Src_cls_loss	: 0.0869
-------------------------------------
[Epoch : 23/40]
Src_cls_loss	: 0.0834
-------------------------------------
[Epoch : 24/40]
Src_cls_loss	: 0.0802
-------------------------------------
[Epoch : 25/40]
Src_cls_loss	: 0.0771
-------------------------------------
[Epoch : 26/40]
Src_cls_loss	: 0.0744
-------------------------------------
[Epoch : 27/40]
Src_cls_loss	: 0.0717
-------------------------------------
[Epoch : 28/40]
Src_cls_loss	: 0.0695
-------------------------------------
[Epoch : 29/40]
Src_cls_loss	: 0.0677
-------------------------------------
[Epoch : 30/40]
Src_cls_loss	: 0.0659
-------------------------------------
[Epoch : 31/40]
Src_cls_loss	: 0.0640
-------------------------------------
[Epoch : 32/40]
Src_cls_loss	: 0.0621
-------------------------------------
[Epoch : 33/40]
Src_cls_loss	: 0.0604
-------------------------------------
[Epoch : 34/40]
Src_cls_loss	: 0.0587
-------------------------------------
[Epoch : 35/40]
Src_cls_loss	: 0.0571
-------------------------------------
[Epoch : 36/40]
Src_cls_loss	: 0.0556
-------------------------------------
[Epoch : 37/40]
Src_cls_loss	: 0.0543
-------------------------------------
[Epoch : 38/40]
Src_cls_loss	: 0.0531
-------------------------------------
[Epoch : 39/40]
Src_cls_loss	: 0.0519
-------------------------------------
[Epoch : 40/40]
Src_cls_loss	: 0.0508
-------------------------------------
