=============================================
Dataset: pamap_mobiact
Method:  NO_ADAPT
=============================================
Source: df ---> Target: dp_66
Run ID: 4
=============================================
[Epoch : 1/40]
Src_cls_loss	: 0.4852
-------------------------------------
[Epoch : 2/40]
Src_cls_loss	: 0.3493
-------------------------------------
[Epoch : 3/40]
Src_cls_loss	: 0.2856
-------------------------------------
[Epoch : 4/40]
Src_cls_loss	: 0.2459
-------------------------------------
[Epoch : 5/40]
Src_cls_loss	: 0.2207
-------------------------------------
[Epoch : 6/40]
Src_cls_loss	: 0.1997
-------------------------------------
[Epoch : 7/40]
Src_cls_loss	: 0.1795
-------------------------------------
[Epoch : 8/40]
Src_cls_loss	: 0.1655
-------------------------------------
[Epoch : 9/40]
Src_cls_loss	: 0.1538
-------------------------------------
[Epoch : 10/40]
Src_cls_loss	: 0.1444
-------------------------------------
[Epoch : 11/40]
Src_cls_loss	: 0.1366
-------------------------------------
[Epoch : 12/40]
Src_cls_loss	: 0.1290
-------------------------------------
[Epoch : 13/40]
Src_cls_loss	: 0.1224
-------------------------------------
[Epoch : 14/40]
Src_cls_loss	: 0.1194
-------------------------------------
[Epoch : 15/40]
Src_cls_loss	: 0.1148
-------------------------------------
[Epoch : 16/40]
Src_cls_loss	: 0.1104
-------------------------------------
[Epoch : 17/40]
Src_cls_loss	: 0.1059
-------------------------------------
[Epoch : 18/40]
Src_cls_loss	: 0.1018
-------------------------------------
[Epoch : 19/40]
Src_cls_loss	: 0.0985
-------------------------------------
[Epoch : 20/40]
Src_cls_loss	: 0.0951
-------------------------------------
[Epoch : 21/40]
Src_cls_loss	: 0.0919
-------------------------------------
[Epoch : 22/40]
Src_cls_loss	: 0.0890
-------------------------------------
[Epoch : 23/40]
Src_cls_loss	: 0.0863
-------------------------------------
[Epoch : 24/40]
Src_cls_loss	: 0.0839
-------------------------------------
[Epoch : 25/40]
Src_cls_loss	: 0.0820
-------------------------------------
[Epoch : 26/40]
Src_cls_loss	: 0.0796
-------------------------------------
[Epoch : 27/40]
Src_cls_loss	: 0.0777
-------------------------------------
[Epoch : 28/40]
Src_cls_loss	: 0.0762
-------------------------------------
[Epoch : 29/40]
Src_cls_loss	: 0.0742
-------------------------------------
[Epoch : 30/40]
Src_cls_loss	: 0.0724
-------------------------------------
[Epoch : 31/40]
Src_cls_loss	: 0.0706
-------------------------------------
[Epoch : 32/40]
Src_cls_loss	: 0.0688
-------------------------------------
[Epoch : 33/40]
Src_cls_loss	: 0.0671
-------------------------------------
[Epoch : 34/40]
Src_cls_loss	: 0.0661
-------------------------------------
[Epoch : 35/40]
Src_cls_loss	: 0.0647
-------------------------------------
[Epoch : 36/40]
Src_cls_loss	: 0.0635
-------------------------------------
[Epoch : 37/40]
Src_cls_loss	: 0.0624
-------------------------------------
[Epoch : 38/40]
Src_cls_loss	: 0.0618
-------------------------------------
[Epoch : 39/40]
Src_cls_loss	: 0.0608
-------------------------------------
[Epoch : 40/40]
Src_cls_loss	: 0.0598
-------------------------------------
