=============================================
Dataset: pamap_mobiact
Method:  NO_ADAPT
=============================================
Source: syn_56 ---> Target: dp_56
Run ID: 5
=============================================
[Epoch : 1/40]
Src_cls_loss	: 0.7758
-------------------------------------
[Epoch : 2/40]
Src_cls_loss	: 0.6443
-------------------------------------
[Epoch : 3/40]
Src_cls_loss	: 0.5610
-------------------------------------
[Epoch : 4/40]
Src_cls_loss	: 0.5028
-------------------------------------
[Epoch : 5/40]
Src_cls_loss	: 0.4560
-------------------------------------
[Epoch : 6/40]
Src_cls_loss	: 0.4109
-------------------------------------
[Epoch : 7/40]
Src_cls_loss	: 0.3797
-------------------------------------
[Epoch : 8/40]
Src_cls_loss	: 0.3502
-------------------------------------
[Epoch : 9/40]
Src_cls_loss	: 0.3282
-------------------------------------
[Epoch : 10/40]
Src_cls_loss	: 0.3078
-------------------------------------
[Epoch : 11/40]
Src_cls_loss	: 0.2893
-------------------------------------
[Epoch : 12/40]
Src_cls_loss	: 0.2696
-------------------------------------
[Epoch : 13/40]
Src_cls_loss	: 0.2522
-------------------------------------
[Epoch : 14/40]
Src_cls_loss	: 0.2377
-------------------------------------
[Epoch : 15/40]
Src_cls_loss	: 0.2261
-------------------------------------
[Epoch : 16/40]
Src_cls_loss	: 0.2146
-------------------------------------
[Epoch : 17/40]
Src_cls_loss	: 0.2040
-------------------------------------
[Epoch : 18/40]
Src_cls_loss	: 0.1942
-------------------------------------
[Epoch : 19/40]
Src_cls_loss	: 0.1855
-------------------------------------
[Epoch : 20/40]
Src_cls_loss	: 0.1782
-------------------------------------
[Epoch : 21/40]
Src_cls_loss	: 0.1713
-------------------------------------
[Epoch : 22/40]
Src_cls_loss	: 0.1646
-------------------------------------
[Epoch : 23/40]
Src_cls_loss	: 0.1582
-------------------------------------
[Epoch : 24/40]
Src_cls_loss	: 0.1522
-------------------------------------
[Epoch : 25/40]
Src_cls_loss	: 0.1474
-------------------------------------
[Epoch : 26/40]
Src_cls_loss	: 0.1424
-------------------------------------
[Epoch : 27/40]
Src_cls_loss	: 0.1378
-------------------------------------
[Epoch : 28/40]
Src_cls_loss	: 0.1339
-------------------------------------
[Epoch : 29/40]
Src_cls_loss	: 0.1300
-------------------------------------
[Epoch : 30/40]
Src_cls_loss	: 0.1262
-------------------------------------
[Epoch : 31/40]
Src_cls_loss	: 0.1226
-------------------------------------
[Epoch : 32/40]
Src_cls_loss	: 0.1194
-------------------------------------
[Epoch : 33/40]
Src_cls_loss	: 0.1164
-------------------------------------
[Epoch : 34/40]
Src_cls_loss	: 0.1134
-------------------------------------
[Epoch : 35/40]
Src_cls_loss	: 0.1104
-------------------------------------
[Epoch : 36/40]
Src_cls_loss	: 0.1077
-------------------------------------
[Epoch : 37/40]
Src_cls_loss	: 0.1052
-------------------------------------
[Epoch : 38/40]
Src_cls_loss	: 0.1026
-------------------------------------
[Epoch : 39/40]
Src_cls_loss	: 0.1003
-------------------------------------
[Epoch : 40/40]
Src_cls_loss	: 0.0987
-------------------------------------
