=============================================
Dataset: mobiact_realworld
Method:  Deep_Coral
=============================================
Source: df ---> Target: dp_66
Run ID: 0
=============================================
[Epoch : 1/40]
Total_loss	: 3.5325
Src_cls_loss	: 0.5301
coral_loss	: 0.0001
-------------------------------------
[Epoch : 2/40]
Total_loss	: 2.9037
Src_cls_loss	: 0.4357
coral_loss	: 0.0001
-------------------------------------
[Epoch : 3/40]
Total_loss	: 2.5347
Src_cls_loss	: 0.3803
coral_loss	: 0.0001
-------------------------------------
[Epoch : 4/40]
Total_loss	: 2.2409
Src_cls_loss	: 0.3362
coral_loss	: 0.0001
-------------------------------------
[Epoch : 5/40]
Total_loss	: 2.0238
Src_cls_loss	: 0.3036
coral_loss	: 0.0001
-------------------------------------
[Epoch : 6/40]
Total_loss	: 1.8563
Src_cls_loss	: 0.2785
coral_loss	: 0.0001
-------------------------------------
[Epoch : 7/40]
Total_loss	: 1.7172
Src_cls_loss	: 0.2576
coral_loss	: 0.0001
-------------------------------------
[Epoch : 8/40]
Total_loss	: 1.5990
Src_cls_loss	: 0.2399
coral_loss	: 0.0001
-------------------------------------
[Epoch : 9/40]
Total_loss	: 1.5026
Src_cls_loss	: 0.2254
coral_loss	: 0.0001
-------------------------------------
[Epoch : 10/40]
Total_loss	: 1.4164
Src_cls_loss	: 0.2125
coral_loss	: 0.0001
-------------------------------------
[Epoch : 11/40]
Total_loss	: 1.3435
Src_cls_loss	: 0.2015
coral_loss	: 0.0001
-------------------------------------
[Epoch : 12/40]
Total_loss	: 1.2782
Src_cls_loss	: 0.1917
coral_loss	: 0.0001
-------------------------------------
[Epoch : 13/40]
Total_loss	: 1.2179
Src_cls_loss	: 0.1827
coral_loss	: 0.0001
-------------------------------------
[Epoch : 14/40]
Total_loss	: 1.1665
Src_cls_loss	: 0.1750
coral_loss	: 0.0001
-------------------------------------
[Epoch : 15/40]
Total_loss	: 1.1182
Src_cls_loss	: 0.1677
coral_loss	: 0.0001
-------------------------------------
[Epoch : 16/40]
Total_loss	: 1.0785
Src_cls_loss	: 0.1618
coral_loss	: 0.0001
-------------------------------------
[Epoch : 17/40]
Total_loss	: 1.0411
Src_cls_loss	: 0.1562
coral_loss	: 0.0001
-------------------------------------
[Epoch : 18/40]
Total_loss	: 1.0080
Src_cls_loss	: 0.1512
coral_loss	: 0.0001
-------------------------------------
[Epoch : 19/40]
Total_loss	: 0.9752
Src_cls_loss	: 0.1463
coral_loss	: 0.0001
-------------------------------------
[Epoch : 20/40]
Total_loss	: 0.9460
Src_cls_loss	: 0.1419
coral_loss	: 0.0001
-------------------------------------
[Epoch : 21/40]
Total_loss	: 0.9176
Src_cls_loss	: 0.1376
coral_loss	: 0.0001
-------------------------------------
[Epoch : 22/40]
Total_loss	: 0.8920
Src_cls_loss	: 0.1338
coral_loss	: 0.0001
-------------------------------------
[Epoch : 23/40]
Total_loss	: 0.8663
Src_cls_loss	: 0.1299
coral_loss	: 0.0001
-------------------------------------
[Epoch : 24/40]
Total_loss	: 0.8422
Src_cls_loss	: 0.1263
coral_loss	: 0.0001
-------------------------------------
[Epoch : 25/40]
Total_loss	: 0.8206
Src_cls_loss	: 0.1231
coral_loss	: 0.0001
-------------------------------------
[Epoch : 26/40]
Total_loss	: 0.8006
Src_cls_loss	: 0.1201
coral_loss	: 0.0001
-------------------------------------
[Epoch : 27/40]
Total_loss	: 0.7820
Src_cls_loss	: 0.1173
coral_loss	: 0.0001
-------------------------------------
[Epoch : 28/40]
Total_loss	: 0.7641
Src_cls_loss	: 0.1146
coral_loss	: 0.0001
-------------------------------------
[Epoch : 29/40]
Total_loss	: 0.7472
Src_cls_loss	: 0.1120
coral_loss	: 0.0001
-------------------------------------
[Epoch : 30/40]
Total_loss	: 0.7309
Src_cls_loss	: 0.1096
coral_loss	: 0.0001
-------------------------------------
[Epoch : 31/40]
Total_loss	: 0.7153
Src_cls_loss	: 0.1073
coral_loss	: 0.0001
-------------------------------------
[Epoch : 32/40]
Total_loss	: 0.7009
Src_cls_loss	: 0.1051
coral_loss	: 0.0001
-------------------------------------
[Epoch : 33/40]
Total_loss	: 0.6865
Src_cls_loss	: 0.1029
coral_loss	: 0.0001
-------------------------------------
[Epoch : 34/40]
Total_loss	: 0.6733
Src_cls_loss	: 0.1010
coral_loss	: 0.0001
-------------------------------------
[Epoch : 35/40]
Total_loss	: 0.6613
Src_cls_loss	: 0.0991
coral_loss	: 0.0001
-------------------------------------
[Epoch : 36/40]
Total_loss	: 0.6487
Src_cls_loss	: 0.0973
coral_loss	: 0.0001
-------------------------------------
[Epoch : 37/40]
Total_loss	: 0.6366
Src_cls_loss	: 0.0954
coral_loss	: 0.0001
-------------------------------------
[Epoch : 38/40]
Total_loss	: 0.6261
Src_cls_loss	: 0.0939
coral_loss	: 0.0001
-------------------------------------
[Epoch : 39/40]
Total_loss	: 0.6159
Src_cls_loss	: 0.0923
coral_loss	: 0.0001
-------------------------------------
[Epoch : 40/40]
Total_loss	: 0.6066
Src_cls_loss	: 0.0909
coral_loss	: 0.0001
-------------------------------------
