=============================================
Dataset: pamap_mobiact
Method:  NO_ADAPT
=============================================
Source: syn_33 ---> Target: dp_33
Run ID: 3
=============================================
[Epoch : 1/40]
Src_cls_loss	: 0.6913
-------------------------------------
[Epoch : 2/40]
Src_cls_loss	: 0.5789
-------------------------------------
[Epoch : 3/40]
Src_cls_loss	: 0.5045
-------------------------------------
[Epoch : 4/40]
Src_cls_loss	: 0.4381
-------------------------------------
[Epoch : 5/40]
Src_cls_loss	: 0.3881
-------------------------------------
[Epoch : 6/40]
Src_cls_loss	: 0.3484
-------------------------------------
[Epoch : 7/40]
Src_cls_loss	: 0.3136
-------------------------------------
[Epoch : 8/40]
Src_cls_loss	: 0.2858
-------------------------------------
[Epoch : 9/40]
Src_cls_loss	: 0.2627
-------------------------------------
[Epoch : 10/40]
Src_cls_loss	: 0.2446
-------------------------------------
[Epoch : 11/40]
Src_cls_loss	: 0.2281
-------------------------------------
[Epoch : 12/40]
Src_cls_loss	: 0.2163
-------------------------------------
[Epoch : 13/40]
Src_cls_loss	: 0.2035
-------------------------------------
[Epoch : 14/40]
Src_cls_loss	: 0.1927
-------------------------------------
[Epoch : 15/40]
Src_cls_loss	: 0.1833
-------------------------------------
[Epoch : 16/40]
Src_cls_loss	: 0.1756
-------------------------------------
[Epoch : 17/40]
Src_cls_loss	: 0.1677
-------------------------------------
[Epoch : 18/40]
Src_cls_loss	: 0.1606
-------------------------------------
[Epoch : 19/40]
Src_cls_loss	: 0.1552
-------------------------------------
[Epoch : 20/40]
Src_cls_loss	: 0.1501
-------------------------------------
[Epoch : 21/40]
Src_cls_loss	: 0.1448
-------------------------------------
[Epoch : 22/40]
Src_cls_loss	: 0.1396
-------------------------------------
[Epoch : 23/40]
Src_cls_loss	: 0.1351
-------------------------------------
[Epoch : 24/40]
Src_cls_loss	: 0.1307
-------------------------------------
[Epoch : 25/40]
Src_cls_loss	: 0.1268
-------------------------------------
[Epoch : 26/40]
Src_cls_loss	: 0.1227
-------------------------------------
[Epoch : 27/40]
Src_cls_loss	: 0.1192
-------------------------------------
[Epoch : 28/40]
Src_cls_loss	: 0.1160
-------------------------------------
[Epoch : 29/40]
Src_cls_loss	: 0.1131
-------------------------------------
[Epoch : 30/40]
Src_cls_loss	: 0.1105
-------------------------------------
[Epoch : 31/40]
Src_cls_loss	: 0.1079
-------------------------------------
[Epoch : 32/40]
Src_cls_loss	: 0.1056
-------------------------------------
[Epoch : 33/40]
Src_cls_loss	: 0.1037
-------------------------------------
[Epoch : 34/40]
Src_cls_loss	: 0.1015
-------------------------------------
[Epoch : 35/40]
Src_cls_loss	: 0.0996
-------------------------------------
[Epoch : 36/40]
Src_cls_loss	: 0.0979
-------------------------------------
[Epoch : 37/40]
Src_cls_loss	: 0.0960
-------------------------------------
[Epoch : 38/40]
Src_cls_loss	: 0.0941
-------------------------------------
[Epoch : 39/40]
Src_cls_loss	: 0.0921
-------------------------------------
[Epoch : 40/40]
Src_cls_loss	: 0.0902
-------------------------------------
