=============================================
Dataset: pamap_mobiact
Method:  Deep_Coral
=============================================
Source: df ---> Target: dp_wal_31
Run ID: 0
=============================================
[Epoch : 1/40]
Total_loss	: 4.4260
Src_cls_loss	: 0.6634
coral_loss	: 0.0009
-------------------------------------
[Epoch : 2/40]
Total_loss	: 3.8566
Src_cls_loss	: 0.5779
coral_loss	: 0.0009
-------------------------------------
[Epoch : 3/40]
Total_loss	: 3.4249
Src_cls_loss	: 0.5131
coral_loss	: 0.0010
-------------------------------------
[Epoch : 4/40]
Total_loss	: 3.1743
Src_cls_loss	: 0.4755
coral_loss	: 0.0010
-------------------------------------
[Epoch : 5/40]
Total_loss	: 2.9059
Src_cls_loss	: 0.4352
coral_loss	: 0.0010
-------------------------------------
[Epoch : 6/40]
Total_loss	: 2.7428
Src_cls_loss	: 0.4107
coral_loss	: 0.0009
-------------------------------------
[Epoch : 7/40]
Total_loss	: 2.5878
Src_cls_loss	: 0.3875
coral_loss	: 0.0009
-------------------------------------
[Epoch : 8/40]
Total_loss	: 2.4281
Src_cls_loss	: 0.3635
coral_loss	: 0.0009
-------------------------------------
[Epoch : 9/40]
Total_loss	: 2.3017
Src_cls_loss	: 0.3446
coral_loss	: 0.0009
-------------------------------------
[Epoch : 10/40]
Total_loss	: 2.2014
Src_cls_loss	: 0.3295
coral_loss	: 0.0009
-------------------------------------
[Epoch : 11/40]
Total_loss	: 2.1130
Src_cls_loss	: 0.3162
coral_loss	: 0.0009
-------------------------------------
[Epoch : 12/40]
Total_loss	: 2.0277
Src_cls_loss	: 0.3035
coral_loss	: 0.0009
-------------------------------------
[Epoch : 13/40]
Total_loss	: 1.9526
Src_cls_loss	: 0.2922
coral_loss	: 0.0009
-------------------------------------
[Epoch : 14/40]
Total_loss	: 1.8787
Src_cls_loss	: 0.2811
coral_loss	: 0.0009
-------------------------------------
[Epoch : 15/40]
Total_loss	: 1.8194
Src_cls_loss	: 0.2722
coral_loss	: 0.0009
-------------------------------------
[Epoch : 16/40]
Total_loss	: 1.7613
Src_cls_loss	: 0.2635
coral_loss	: 0.0009
-------------------------------------
[Epoch : 17/40]
Total_loss	: 1.7116
Src_cls_loss	: 0.2560
coral_loss	: 0.0009
-------------------------------------
[Epoch : 18/40]
Total_loss	: 1.6671
Src_cls_loss	: 0.2494
coral_loss	: 0.0009
-------------------------------------
[Epoch : 19/40]
Total_loss	: 1.6220
Src_cls_loss	: 0.2426
coral_loss	: 0.0009
-------------------------------------
[Epoch : 20/40]
Total_loss	: 1.5794
Src_cls_loss	: 0.2362
coral_loss	: 0.0009
-------------------------------------
[Epoch : 21/40]
Total_loss	: 1.5387
Src_cls_loss	: 0.2301
coral_loss	: 0.0008
-------------------------------------
[Epoch : 22/40]
Total_loss	: 1.5015
Src_cls_loss	: 0.2245
coral_loss	: 0.0008
-------------------------------------
[Epoch : 23/40]
Total_loss	: 1.4668
Src_cls_loss	: 0.2193
coral_loss	: 0.0008
-------------------------------------
[Epoch : 24/40]
Total_loss	: 1.4398
Src_cls_loss	: 0.2153
coral_loss	: 0.0008
-------------------------------------
[Epoch : 25/40]
Total_loss	: 1.4117
Src_cls_loss	: 0.2111
coral_loss	: 0.0008
-------------------------------------
[Epoch : 26/40]
Total_loss	: 1.3824
Src_cls_loss	: 0.2067
coral_loss	: 0.0008
-------------------------------------
[Epoch : 27/40]
Total_loss	: 1.3585
Src_cls_loss	: 0.2031
coral_loss	: 0.0008
-------------------------------------
[Epoch : 28/40]
Total_loss	: 1.3378
Src_cls_loss	: 0.2000
coral_loss	: 0.0008
-------------------------------------
[Epoch : 29/40]
Total_loss	: 1.3136
Src_cls_loss	: 0.1963
coral_loss	: 0.0008
-------------------------------------
[Epoch : 30/40]
Total_loss	: 1.2974
Src_cls_loss	: 0.1939
coral_loss	: 0.0008
-------------------------------------
[Epoch : 31/40]
Total_loss	: 1.2844
Src_cls_loss	: 0.1920
coral_loss	: 0.0008
-------------------------------------
[Epoch : 32/40]
Total_loss	: 1.2644
Src_cls_loss	: 0.1890
coral_loss	: 0.0008
-------------------------------------
[Epoch : 33/40]
Total_loss	: 1.2445
Src_cls_loss	: 0.1860
coral_loss	: 0.0008
-------------------------------------
[Epoch : 34/40]
Total_loss	: 1.2242
Src_cls_loss	: 0.1830
coral_loss	: 0.0008
-------------------------------------
[Epoch : 35/40]
Total_loss	: 1.2090
Src_cls_loss	: 0.1807
coral_loss	: 0.0008
-------------------------------------
[Epoch : 36/40]
Total_loss	: 1.1914
Src_cls_loss	: 0.1780
coral_loss	: 0.0008
-------------------------------------
[Epoch : 37/40]
Total_loss	: 1.1740
Src_cls_loss	: 0.1754
coral_loss	: 0.0008
-------------------------------------
[Epoch : 38/40]
Total_loss	: 1.1574
Src_cls_loss	: 0.1729
coral_loss	: 0.0008
-------------------------------------
[Epoch : 39/40]
Total_loss	: 1.1426
Src_cls_loss	: 0.1707
coral_loss	: 0.0008
-------------------------------------
[Epoch : 40/40]
Total_loss	: 1.1290
Src_cls_loss	: 0.1687
coral_loss	: 0.0008
-------------------------------------
