=============================================
Dataset: pamap_mobiact
Method:  NO_ADAPT
=============================================
Source: syn_48 ---> Target: dp_48
Run ID: 8
=============================================
[Epoch : 1/40]
Src_cls_loss	: 0.6067
-------------------------------------
[Epoch : 2/40]
Src_cls_loss	: 0.4654
-------------------------------------
[Epoch : 3/40]
Src_cls_loss	: 0.3767
-------------------------------------
[Epoch : 4/40]
Src_cls_loss	: 0.3174
-------------------------------------
[Epoch : 5/40]
Src_cls_loss	: 0.2741
-------------------------------------
[Epoch : 6/40]
Src_cls_loss	: 0.2405
-------------------------------------
[Epoch : 7/40]
Src_cls_loss	: 0.2148
-------------------------------------
[Epoch : 8/40]
Src_cls_loss	: 0.1942
-------------------------------------
[Epoch : 9/40]
Src_cls_loss	: 0.1777
-------------------------------------
[Epoch : 10/40]
Src_cls_loss	: 0.1649
-------------------------------------
[Epoch : 11/40]
Src_cls_loss	: 0.1527
-------------------------------------
[Epoch : 12/40]
Src_cls_loss	: 0.1431
-------------------------------------
[Epoch : 13/40]
Src_cls_loss	: 0.1348
-------------------------------------
[Epoch : 14/40]
Src_cls_loss	: 0.1267
-------------------------------------
[Epoch : 15/40]
Src_cls_loss	: 0.1202
-------------------------------------
[Epoch : 16/40]
Src_cls_loss	: 0.1140
-------------------------------------
[Epoch : 17/40]
Src_cls_loss	: 0.1089
-------------------------------------
[Epoch : 18/40]
Src_cls_loss	: 0.1045
-------------------------------------
[Epoch : 19/40]
Src_cls_loss	: 0.1007
-------------------------------------
[Epoch : 20/40]
Src_cls_loss	: 0.0967
-------------------------------------
[Epoch : 21/40]
Src_cls_loss	: 0.0929
-------------------------------------
[Epoch : 22/40]
Src_cls_loss	: 0.0904
-------------------------------------
[Epoch : 23/40]
Src_cls_loss	: 0.0872
-------------------------------------
[Epoch : 24/40]
Src_cls_loss	: 0.0842
-------------------------------------
[Epoch : 25/40]
Src_cls_loss	: 0.0815
-------------------------------------
[Epoch : 26/40]
Src_cls_loss	: 0.0793
-------------------------------------
[Epoch : 27/40]
Src_cls_loss	: 0.0769
-------------------------------------
[Epoch : 28/40]
Src_cls_loss	: 0.0744
-------------------------------------
[Epoch : 29/40]
Src_cls_loss	: 0.0724
-------------------------------------
[Epoch : 30/40]
Src_cls_loss	: 0.0704
-------------------------------------
[Epoch : 31/40]
Src_cls_loss	: 0.0684
-------------------------------------
[Epoch : 32/40]
Src_cls_loss	: 0.0664
-------------------------------------
[Epoch : 33/40]
Src_cls_loss	: 0.0647
-------------------------------------
[Epoch : 34/40]
Src_cls_loss	: 0.0629
-------------------------------------
[Epoch : 35/40]
Src_cls_loss	: 0.0613
-------------------------------------
[Epoch : 36/40]
Src_cls_loss	: 0.0598
-------------------------------------
[Epoch : 37/40]
Src_cls_loss	: 0.0586
-------------------------------------
[Epoch : 38/40]
Src_cls_loss	: 0.0572
-------------------------------------
[Epoch : 39/40]
Src_cls_loss	: 0.0559
-------------------------------------
[Epoch : 40/40]
Src_cls_loss	: 0.0547
-------------------------------------
