=============================================
Dataset: pamap_mobiact
Method:  NO_ADAPT
=============================================
Source: syn_66 ---> Target: dp_66
Run ID: 4
=============================================
[Epoch : 1/40]
Src_cls_loss	: 0.5515
-------------------------------------
[Epoch : 2/40]
Src_cls_loss	: 0.3956
-------------------------------------
[Epoch : 3/40]
Src_cls_loss	: 0.3088
-------------------------------------
[Epoch : 4/40]
Src_cls_loss	: 0.2528
-------------------------------------
[Epoch : 5/40]
Src_cls_loss	: 0.2125
-------------------------------------
[Epoch : 6/40]
Src_cls_loss	: 0.1837
-------------------------------------
[Epoch : 7/40]
Src_cls_loss	: 0.1632
-------------------------------------
[Epoch : 8/40]
Src_cls_loss	: 0.1503
-------------------------------------
[Epoch : 9/40]
Src_cls_loss	: 0.1368
-------------------------------------
[Epoch : 10/40]
Src_cls_loss	: 0.1266
-------------------------------------
[Epoch : 11/40]
Src_cls_loss	: 0.1171
-------------------------------------
[Epoch : 12/40]
Src_cls_loss	: 0.1094
-------------------------------------
[Epoch : 13/40]
Src_cls_loss	: 0.1033
-------------------------------------
[Epoch : 14/40]
Src_cls_loss	: 0.0974
-------------------------------------
[Epoch : 15/40]
Src_cls_loss	: 0.0921
-------------------------------------
[Epoch : 16/40]
Src_cls_loss	: 0.0871
-------------------------------------
[Epoch : 17/40]
Src_cls_loss	: 0.0830
-------------------------------------
[Epoch : 18/40]
Src_cls_loss	: 0.0795
-------------------------------------
[Epoch : 19/40]
Src_cls_loss	: 0.0759
-------------------------------------
[Epoch : 20/40]
Src_cls_loss	: 0.0727
-------------------------------------
[Epoch : 21/40]
Src_cls_loss	: 0.0697
-------------------------------------
[Epoch : 22/40]
Src_cls_loss	: 0.0668
-------------------------------------
[Epoch : 23/40]
Src_cls_loss	: 0.0642
-------------------------------------
[Epoch : 24/40]
Src_cls_loss	: 0.0620
-------------------------------------
[Epoch : 25/40]
Src_cls_loss	: 0.0597
-------------------------------------
[Epoch : 26/40]
Src_cls_loss	: 0.0584
-------------------------------------
[Epoch : 27/40]
Src_cls_loss	: 0.0567
-------------------------------------
[Epoch : 28/40]
Src_cls_loss	: 0.0550
-------------------------------------
[Epoch : 29/40]
Src_cls_loss	: 0.0534
-------------------------------------
[Epoch : 30/40]
Src_cls_loss	: 0.0518
-------------------------------------
[Epoch : 31/40]
Src_cls_loss	: 0.0502
-------------------------------------
[Epoch : 32/40]
Src_cls_loss	: 0.0488
-------------------------------------
[Epoch : 33/40]
Src_cls_loss	: 0.0475
-------------------------------------
[Epoch : 34/40]
Src_cls_loss	: 0.0462
-------------------------------------
[Epoch : 35/40]
Src_cls_loss	: 0.0449
-------------------------------------
[Epoch : 36/40]
Src_cls_loss	: 0.0438
-------------------------------------
[Epoch : 37/40]
Src_cls_loss	: 0.0427
-------------------------------------
[Epoch : 38/40]
Src_cls_loss	: 0.0416
-------------------------------------
[Epoch : 39/40]
Src_cls_loss	: 0.0407
-------------------------------------
[Epoch : 40/40]
Src_cls_loss	: 0.0398
-------------------------------------
