=============================================
Dataset: pamap_mobiact
Method:  Deep_Coral
=============================================
Source: df ---> Target: dp_54
Run ID: 0
=============================================
[Epoch : 1/40]
Total_loss	: 3.4175
Src_cls_loss	: 0.5127
coral_loss	: 0.0002
-------------------------------------
[Epoch : 2/40]
Total_loss	: 2.4390
Src_cls_loss	: 0.3658
coral_loss	: 0.0002
-------------------------------------
[Epoch : 3/40]
Total_loss	: 1.9734
Src_cls_loss	: 0.2959
coral_loss	: 0.0003
-------------------------------------
[Epoch : 4/40]
Total_loss	: 1.6769
Src_cls_loss	: 0.2514
coral_loss	: 0.0003
-------------------------------------
[Epoch : 5/40]
Total_loss	: 1.4698
Src_cls_loss	: 0.2203
coral_loss	: 0.0003
-------------------------------------
[Epoch : 6/40]
Total_loss	: 1.3282
Src_cls_loss	: 0.1990
coral_loss	: 0.0003
-------------------------------------
[Epoch : 7/40]
Total_loss	: 1.2236
Src_cls_loss	: 0.1834
coral_loss	: 0.0003
-------------------------------------
[Epoch : 8/40]
Total_loss	: 1.1210
Src_cls_loss	: 0.1680
coral_loss	: 0.0003
-------------------------------------
[Epoch : 9/40]
Total_loss	: 1.0453
Src_cls_loss	: 0.1566
coral_loss	: 0.0003
-------------------------------------
[Epoch : 10/40]
Total_loss	: 0.9715
Src_cls_loss	: 0.1455
coral_loss	: 0.0003
-------------------------------------
[Epoch : 11/40]
Total_loss	: 0.9125
Src_cls_loss	: 0.1367
coral_loss	: 0.0003
-------------------------------------
[Epoch : 12/40]
Total_loss	: 0.8625
Src_cls_loss	: 0.1292
coral_loss	: 0.0003
-------------------------------------
[Epoch : 13/40]
Total_loss	: 0.8219
Src_cls_loss	: 0.1231
coral_loss	: 0.0003
-------------------------------------
[Epoch : 14/40]
Total_loss	: 0.7835
Src_cls_loss	: 0.1173
coral_loss	: 0.0003
-------------------------------------
[Epoch : 15/40]
Total_loss	: 0.7535
Src_cls_loss	: 0.1128
coral_loss	: 0.0003
-------------------------------------
[Epoch : 16/40]
Total_loss	: 0.7184
Src_cls_loss	: 0.1075
coral_loss	: 0.0003
-------------------------------------
[Epoch : 17/40]
Total_loss	: 0.6926
Src_cls_loss	: 0.1037
coral_loss	: 0.0003
-------------------------------------
[Epoch : 18/40]
Total_loss	: 0.6665
Src_cls_loss	: 0.0997
coral_loss	: 0.0003
-------------------------------------
[Epoch : 19/40]
Total_loss	: 0.6407
Src_cls_loss	: 0.0959
coral_loss	: 0.0003
-------------------------------------
[Epoch : 20/40]
Total_loss	: 0.6168
Src_cls_loss	: 0.0923
coral_loss	: 0.0003
-------------------------------------
[Epoch : 21/40]
Total_loss	: 0.5939
Src_cls_loss	: 0.0888
coral_loss	: 0.0003
-------------------------------------
[Epoch : 22/40]
Total_loss	: 0.5766
Src_cls_loss	: 0.0862
coral_loss	: 0.0003
-------------------------------------
[Epoch : 23/40]
Total_loss	: 0.5577
Src_cls_loss	: 0.0834
coral_loss	: 0.0003
-------------------------------------
[Epoch : 24/40]
Total_loss	: 0.5428
Src_cls_loss	: 0.0812
coral_loss	: 0.0003
-------------------------------------
[Epoch : 25/40]
Total_loss	: 0.5265
Src_cls_loss	: 0.0787
coral_loss	: 0.0003
-------------------------------------
[Epoch : 26/40]
Total_loss	: 0.5105
Src_cls_loss	: 0.0763
coral_loss	: 0.0003
-------------------------------------
[Epoch : 27/40]
Total_loss	: 0.4958
Src_cls_loss	: 0.0741
coral_loss	: 0.0003
-------------------------------------
[Epoch : 28/40]
Total_loss	: 0.4830
Src_cls_loss	: 0.0722
coral_loss	: 0.0003
-------------------------------------
[Epoch : 29/40]
Total_loss	: 0.4716
Src_cls_loss	: 0.0705
coral_loss	: 0.0003
-------------------------------------
[Epoch : 30/40]
Total_loss	: 0.4591
Src_cls_loss	: 0.0686
coral_loss	: 0.0003
-------------------------------------
[Epoch : 31/40]
Total_loss	: 0.4497
Src_cls_loss	: 0.0672
coral_loss	: 0.0003
-------------------------------------
[Epoch : 32/40]
Total_loss	: 0.4399
Src_cls_loss	: 0.0657
coral_loss	: 0.0003
-------------------------------------
[Epoch : 33/40]
Total_loss	: 0.4315
Src_cls_loss	: 0.0645
coral_loss	: 0.0003
-------------------------------------
[Epoch : 34/40]
Total_loss	: 0.4229
Src_cls_loss	: 0.0632
coral_loss	: 0.0003
-------------------------------------
[Epoch : 35/40]
Total_loss	: 0.4131
Src_cls_loss	: 0.0617
coral_loss	: 0.0003
-------------------------------------
[Epoch : 36/40]
Total_loss	: 0.4057
Src_cls_loss	: 0.0606
coral_loss	: 0.0003
-------------------------------------
[Epoch : 37/40]
Total_loss	: 0.3995
Src_cls_loss	: 0.0597
coral_loss	: 0.0003
-------------------------------------
[Epoch : 38/40]
Total_loss	: 0.3917
Src_cls_loss	: 0.0585
coral_loss	: 0.0003
-------------------------------------
[Epoch : 39/40]
Total_loss	: 0.3841
Src_cls_loss	: 0.0574
coral_loss	: 0.0003
-------------------------------------
[Epoch : 40/40]
Total_loss	: 0.3789
Src_cls_loss	: 0.0566
coral_loss	: 0.0003
-------------------------------------
