=============================================
Dataset: realworld_mobiact
Method:  NO_ADAPT
=============================================
Source: syn_30 ---> Target: real_30
Run ID: 0
=============================================
[Epoch : 1/100]
Src_cls_loss	: 1.4484
-------------------------------------
[Epoch : 2/100]
Src_cls_loss	: 1.3031
-------------------------------------
[Epoch : 3/100]
Src_cls_loss	: 1.2044
-------------------------------------
[Epoch : 4/100]
Src_cls_loss	: 1.1296
-------------------------------------
[Epoch : 5/100]
Src_cls_loss	: 1.0673
-------------------------------------
[Epoch : 6/100]
Src_cls_loss	: 1.0114
-------------------------------------
[Epoch : 7/100]
Src_cls_loss	: 0.9680
-------------------------------------
[Epoch : 8/100]
Src_cls_loss	: 0.9281
-------------------------------------
[Epoch : 9/100]
Src_cls_loss	: 0.8936
-------------------------------------
[Epoch : 10/100]
Src_cls_loss	: 0.8609
-------------------------------------
[Epoch : 11/100]
Src_cls_loss	: 0.8313
-------------------------------------
[Epoch : 12/100]
Src_cls_loss	: 0.8043
-------------------------------------
[Epoch : 13/100]
Src_cls_loss	: 0.7783
-------------------------------------
[Epoch : 14/100]
Src_cls_loss	: 0.7544
-------------------------------------
[Epoch : 15/100]
Src_cls_loss	: 0.7311
-------------------------------------
[Epoch : 16/100]
Src_cls_loss	: 0.7090
-------------------------------------
[Epoch : 17/100]
Src_cls_loss	: 0.6881
-------------------------------------
[Epoch : 18/100]
Src_cls_loss	: 0.6671
-------------------------------------
[Epoch : 19/100]
Src_cls_loss	: 0.6474
-------------------------------------
[Epoch : 20/100]
Src_cls_loss	: 0.6280
-------------------------------------
[Epoch : 21/100]
Src_cls_loss	: 0.6106
-------------------------------------
[Epoch : 22/100]
Src_cls_loss	: 0.5935
-------------------------------------
[Epoch : 23/100]
Src_cls_loss	: 0.5767
-------------------------------------
[Epoch : 24/100]
Src_cls_loss	: 0.5609
-------------------------------------
[Epoch : 25/100]
Src_cls_loss	: 0.5460
-------------------------------------
[Epoch : 26/100]
Src_cls_loss	: 0.5313
-------------------------------------
[Epoch : 27/100]
Src_cls_loss	: 0.5180
-------------------------------------
[Epoch : 28/100]
Src_cls_loss	: 0.5048
-------------------------------------
[Epoch : 29/100]
Src_cls_loss	: 0.4924
-------------------------------------
[Epoch : 30/100]
Src_cls_loss	: 0.4801
-------------------------------------
[Epoch : 31/100]
Src_cls_loss	: 0.4687
-------------------------------------
[Epoch : 32/100]
Src_cls_loss	: 0.4577
-------------------------------------
[Epoch : 33/100]
Src_cls_loss	: 0.4473
-------------------------------------
[Epoch : 34/100]
Src_cls_loss	: 0.4373
-------------------------------------
[Epoch : 35/100]
Src_cls_loss	: 0.4278
-------------------------------------
[Epoch : 36/100]
Src_cls_loss	: 0.4185
-------------------------------------
[Epoch : 37/100]
Src_cls_loss	: 0.4094
-------------------------------------
[Epoch : 38/100]
Src_cls_loss	: 0.4008
-------------------------------------
[Epoch : 39/100]
Src_cls_loss	: 0.3927
-------------------------------------
[Epoch : 40/100]
Src_cls_loss	: 0.3846
-------------------------------------
[Epoch : 41/100]
Src_cls_loss	: 0.3770
-------------------------------------
[Epoch : 42/100]
Src_cls_loss	: 0.3697
-------------------------------------
[Epoch : 43/100]
Src_cls_loss	: 0.3625
-------------------------------------
[Epoch : 44/100]
Src_cls_loss	: 0.3557
-------------------------------------
[Epoch : 45/100]
Src_cls_loss	: 0.3491
-------------------------------------
[Epoch : 46/100]
Src_cls_loss	: 0.3428
-------------------------------------
[Epoch : 47/100]
Src_cls_loss	: 0.3366
-------------------------------------
[Epoch : 48/100]
Src_cls_loss	: 0.3306
-------------------------------------
[Epoch : 49/100]
Src_cls_loss	: 0.3248
-------------------------------------
[Epoch : 50/100]
Src_cls_loss	: 0.3192
-------------------------------------
[Epoch : 51/100]
Src_cls_loss	: 0.3137
-------------------------------------
[Epoch : 52/100]
Src_cls_loss	: 0.3085
-------------------------------------
[Epoch : 53/100]
Src_cls_loss	: 0.3034
-------------------------------------
[Epoch : 54/100]
Src_cls_loss	: 0.2986
-------------------------------------
[Epoch : 55/100]
Src_cls_loss	: 0.2937
-------------------------------------
[Epoch : 56/100]
Src_cls_loss	: 0.2892
-------------------------------------
[Epoch : 57/100]
Src_cls_loss	: 0.2848
-------------------------------------
[Epoch : 58/100]
Src_cls_loss	: 0.2804
-------------------------------------
[Epoch : 59/100]
Src_cls_loss	: 0.2761
-------------------------------------
[Epoch : 60/100]
Src_cls_loss	: 0.2720
-------------------------------------
[Epoch : 61/100]
Src_cls_loss	: 0.2679
-------------------------------------
[Epoch : 62/100]
Src_cls_loss	: 0.2640
-------------------------------------
[Epoch : 63/100]
Src_cls_loss	: 0.2602
-------------------------------------
[Epoch : 64/100]
Src_cls_loss	: 0.2566
-------------------------------------
[Epoch : 65/100]
Src_cls_loss	: 0.2530
-------------------------------------
[Epoch : 66/100]
Src_cls_loss	: 0.2495
-------------------------------------
[Epoch : 67/100]
Src_cls_loss	: 0.2462
-------------------------------------
[Epoch : 68/100]
Src_cls_loss	: 0.2428
-------------------------------------
[Epoch : 69/100]
Src_cls_loss	: 0.2396
-------------------------------------
[Epoch : 70/100]
Src_cls_loss	: 0.2365
-------------------------------------
[Epoch : 71/100]
Src_cls_loss	: 0.2335
-------------------------------------
[Epoch : 72/100]
Src_cls_loss	: 0.2305
-------------------------------------
[Epoch : 73/100]
Src_cls_loss	: 0.2277
-------------------------------------
[Epoch : 74/100]
Src_cls_loss	: 0.2249
-------------------------------------
[Epoch : 75/100]
Src_cls_loss	: 0.2221
-------------------------------------
[Epoch : 76/100]
Src_cls_loss	: 0.2194
-------------------------------------
[Epoch : 77/100]
Src_cls_loss	: 0.2168
-------------------------------------
[Epoch : 78/100]
Src_cls_loss	: 0.2143
-------------------------------------
[Epoch : 79/100]
Src_cls_loss	: 0.2118
-------------------------------------
[Epoch : 80/100]
Src_cls_loss	: 0.2094
-------------------------------------
[Epoch : 81/100]
Src_cls_loss	: 0.2071
-------------------------------------
[Epoch : 82/100]
Src_cls_loss	: 0.2048
-------------------------------------
[Epoch : 83/100]
Src_cls_loss	: 0.2025
-------------------------------------
[Epoch : 84/100]
Src_cls_loss	: 0.2002
-------------------------------------
[Epoch : 85/100]
Src_cls_loss	: 0.1980
-------------------------------------
[Epoch : 86/100]
Src_cls_loss	: 0.1959
-------------------------------------
[Epoch : 87/100]
Src_cls_loss	: 0.1938
-------------------------------------
[Epoch : 88/100]
Src_cls_loss	: 0.1918
-------------------------------------
[Epoch : 89/100]
Src_cls_loss	: 0.1898
-------------------------------------
[Epoch : 90/100]
Src_cls_loss	: 0.1878
-------------------------------------
[Epoch : 91/100]
Src_cls_loss	: 0.1860
-------------------------------------
[Epoch : 92/100]
Src_cls_loss	: 0.1841
-------------------------------------
[Epoch : 93/100]
Src_cls_loss	: 0.1823
-------------------------------------
[Epoch : 94/100]
Src_cls_loss	: 0.1804
-------------------------------------
[Epoch : 95/100]
Src_cls_loss	: 0.1787
-------------------------------------
[Epoch : 96/100]
Src_cls_loss	: 0.1770
-------------------------------------
[Epoch : 97/100]
Src_cls_loss	: 0.1752
-------------------------------------
[Epoch : 98/100]
Src_cls_loss	: 0.1735
-------------------------------------
[Epoch : 99/100]
Src_cls_loss	: 0.1719
-------------------------------------
[Epoch : 100/100]
Src_cls_loss	: 0.1703
-------------------------------------
