=============================================
Dataset: realworld_mobiact
Method:  SYN
=============================================
Source: syn_wal_29 ---> Target: dp_wal_29
Run ID: 9
=============================================
[Epoch : 1/40]
Src_cls_loss	: 0.8162
-------------------------------------
[Epoch : 2/40]
Src_cls_loss	: 0.6542
-------------------------------------
[Epoch : 3/40]
Src_cls_loss	: 0.5160
-------------------------------------
[Epoch : 4/40]
Src_cls_loss	: 0.4163
-------------------------------------
[Epoch : 5/40]
Src_cls_loss	: 0.3457
-------------------------------------
[Epoch : 6/40]
Src_cls_loss	: 0.2957
-------------------------------------
[Epoch : 7/40]
Src_cls_loss	: 0.2588
-------------------------------------
[Epoch : 8/40]
Src_cls_loss	: 0.2293
-------------------------------------
[Epoch : 9/40]
Src_cls_loss	: 0.2064
-------------------------------------
[Epoch : 10/40]
Src_cls_loss	: 0.1873
-------------------------------------
[Epoch : 11/40]
Src_cls_loss	: 0.1719
-------------------------------------
[Epoch : 12/40]
Src_cls_loss	: 0.1588
-------------------------------------
[Epoch : 13/40]
Src_cls_loss	: 0.1475
-------------------------------------
[Epoch : 14/40]
Src_cls_loss	: 0.1377
-------------------------------------
[Epoch : 15/40]
Src_cls_loss	: 0.1290
-------------------------------------
[Epoch : 16/40]
Src_cls_loss	: 0.1213
-------------------------------------
[Epoch : 17/40]
Src_cls_loss	: 0.1146
-------------------------------------
[Epoch : 18/40]
Src_cls_loss	: 0.1085
-------------------------------------
[Epoch : 19/40]
Src_cls_loss	: 0.1031
-------------------------------------
[Epoch : 20/40]
Src_cls_loss	: 0.0982
-------------------------------------
[Epoch : 21/40]
Src_cls_loss	: 0.0937
-------------------------------------
[Epoch : 22/40]
Src_cls_loss	: 0.0896
-------------------------------------
[Epoch : 23/40]
Src_cls_loss	: 0.0858
-------------------------------------
[Epoch : 24/40]
Src_cls_loss	: 0.0824
-------------------------------------
[Epoch : 25/40]
Src_cls_loss	: 0.0793
-------------------------------------
[Epoch : 26/40]
Src_cls_loss	: 0.0764
-------------------------------------
[Epoch : 27/40]
Src_cls_loss	: 0.0737
-------------------------------------
[Epoch : 28/40]
Src_cls_loss	: 0.0712
-------------------------------------
[Epoch : 29/40]
Src_cls_loss	: 0.0688
-------------------------------------
[Epoch : 30/40]
Src_cls_loss	: 0.0667
-------------------------------------
[Epoch : 31/40]
Src_cls_loss	: 0.0646
-------------------------------------
[Epoch : 32/40]
Src_cls_loss	: 0.0627
-------------------------------------
[Epoch : 33/40]
Src_cls_loss	: 0.0610
-------------------------------------
[Epoch : 34/40]
Src_cls_loss	: 0.0596
-------------------------------------
[Epoch : 35/40]
Src_cls_loss	: 0.0584
-------------------------------------
[Epoch : 36/40]
Src_cls_loss	: 0.0569
-------------------------------------
[Epoch : 37/40]
Src_cls_loss	: 0.0555
-------------------------------------
[Epoch : 38/40]
Src_cls_loss	: 0.0541
-------------------------------------
[Epoch : 39/40]
Src_cls_loss	: 0.0528
-------------------------------------
[Epoch : 40/40]
Src_cls_loss	: 0.0515
-------------------------------------
