=============================================
Dataset: realworld_pamap
Method:  NO_ADAPT
=============================================
Source: syn_15 ---> Target: dp_15
Run ID: 9
=============================================
[Epoch : 1/40]
Src_cls_loss	: 0.7069
-------------------------------------
[Epoch : 2/40]
Src_cls_loss	: 0.5038
-------------------------------------
[Epoch : 3/40]
Src_cls_loss	: 0.3932
-------------------------------------
[Epoch : 4/40]
Src_cls_loss	: 0.3183
-------------------------------------
[Epoch : 5/40]
Src_cls_loss	: 0.2724
-------------------------------------
[Epoch : 6/40]
Src_cls_loss	: 0.2356
-------------------------------------
[Epoch : 7/40]
Src_cls_loss	: 0.2079
-------------------------------------
[Epoch : 8/40]
Src_cls_loss	: 0.1900
-------------------------------------
[Epoch : 9/40]
Src_cls_loss	: 0.1733
-------------------------------------
[Epoch : 10/40]
Src_cls_loss	: 0.1597
-------------------------------------
[Epoch : 11/40]
Src_cls_loss	: 0.1479
-------------------------------------
[Epoch : 12/40]
Src_cls_loss	: 0.1375
-------------------------------------
[Epoch : 13/40]
Src_cls_loss	: 0.1288
-------------------------------------
[Epoch : 14/40]
Src_cls_loss	: 0.1213
-------------------------------------
[Epoch : 15/40]
Src_cls_loss	: 0.1161
-------------------------------------
[Epoch : 16/40]
Src_cls_loss	: 0.1107
-------------------------------------
[Epoch : 17/40]
Src_cls_loss	: 0.1055
-------------------------------------
[Epoch : 18/40]
Src_cls_loss	: 0.1007
-------------------------------------
[Epoch : 19/40]
Src_cls_loss	: 0.0968
-------------------------------------
[Epoch : 20/40]
Src_cls_loss	: 0.0933
-------------------------------------
[Epoch : 21/40]
Src_cls_loss	: 0.0899
-------------------------------------
[Epoch : 22/40]
Src_cls_loss	: 0.0865
-------------------------------------
[Epoch : 23/40]
Src_cls_loss	: 0.0835
-------------------------------------
[Epoch : 24/40]
Src_cls_loss	: 0.0807
-------------------------------------
[Epoch : 25/40]
Src_cls_loss	: 0.0784
-------------------------------------
[Epoch : 26/40]
Src_cls_loss	: 0.0762
-------------------------------------
[Epoch : 27/40]
Src_cls_loss	: 0.0741
-------------------------------------
[Epoch : 28/40]
Src_cls_loss	: 0.0723
-------------------------------------
[Epoch : 29/40]
Src_cls_loss	: 0.0709
-------------------------------------
[Epoch : 30/40]
Src_cls_loss	: 0.0691
-------------------------------------
[Epoch : 31/40]
Src_cls_loss	: 0.0674
-------------------------------------
[Epoch : 32/40]
Src_cls_loss	: 0.0657
-------------------------------------
[Epoch : 33/40]
Src_cls_loss	: 0.0640
-------------------------------------
[Epoch : 34/40]
Src_cls_loss	: 0.0626
-------------------------------------
[Epoch : 35/40]
Src_cls_loss	: 0.0611
-------------------------------------
[Epoch : 36/40]
Src_cls_loss	: 0.0597
-------------------------------------
[Epoch : 37/40]
Src_cls_loss	: 0.0584
-------------------------------------
[Epoch : 38/40]
Src_cls_loss	: 0.0571
-------------------------------------
[Epoch : 39/40]
Src_cls_loss	: 0.0559
-------------------------------------
[Epoch : 40/40]
Src_cls_loss	: 0.0549
-------------------------------------
