=============================================
Dataset: realworld_mobiact
Method:  NO_ADAPT
=============================================
Source: syn_70 ---> Target: dp_70
Run ID: 7
=============================================
[Epoch : 1/40]
Src_cls_loss	: 0.8432
-------------------------------------
[Epoch : 2/40]
Src_cls_loss	: 0.6707
-------------------------------------
[Epoch : 3/40]
Src_cls_loss	: 0.5550
-------------------------------------
[Epoch : 4/40]
Src_cls_loss	: 0.4702
-------------------------------------
[Epoch : 5/40]
Src_cls_loss	: 0.4035
-------------------------------------
[Epoch : 6/40]
Src_cls_loss	: 0.3568
-------------------------------------
[Epoch : 7/40]
Src_cls_loss	: 0.3222
-------------------------------------
[Epoch : 8/40]
Src_cls_loss	: 0.2906
-------------------------------------
[Epoch : 9/40]
Src_cls_loss	: 0.2651
-------------------------------------
[Epoch : 10/40]
Src_cls_loss	: 0.2442
-------------------------------------
[Epoch : 11/40]
Src_cls_loss	: 0.2265
-------------------------------------
[Epoch : 12/40]
Src_cls_loss	: 0.2109
-------------------------------------
[Epoch : 13/40]
Src_cls_loss	: 0.1971
-------------------------------------
[Epoch : 14/40]
Src_cls_loss	: 0.1852
-------------------------------------
[Epoch : 15/40]
Src_cls_loss	: 0.1749
-------------------------------------
[Epoch : 16/40]
Src_cls_loss	: 0.1659
-------------------------------------
[Epoch : 17/40]
Src_cls_loss	: 0.1579
-------------------------------------
[Epoch : 18/40]
Src_cls_loss	: 0.1519
-------------------------------------
[Epoch : 19/40]
Src_cls_loss	: 0.1462
-------------------------------------
[Epoch : 20/40]
Src_cls_loss	: 0.1400
-------------------------------------
[Epoch : 21/40]
Src_cls_loss	: 0.1343
-------------------------------------
[Epoch : 22/40]
Src_cls_loss	: 0.1298
-------------------------------------
[Epoch : 23/40]
Src_cls_loss	: 0.1254
-------------------------------------
[Epoch : 24/40]
Src_cls_loss	: 0.1212
-------------------------------------
[Epoch : 25/40]
Src_cls_loss	: 0.1176
-------------------------------------
[Epoch : 26/40]
Src_cls_loss	: 0.1140
-------------------------------------
[Epoch : 27/40]
Src_cls_loss	: 0.1104
-------------------------------------
[Epoch : 28/40]
Src_cls_loss	: 0.1067
-------------------------------------
[Epoch : 29/40]
Src_cls_loss	: 0.1034
-------------------------------------
[Epoch : 30/40]
Src_cls_loss	: 0.1003
-------------------------------------
[Epoch : 31/40]
Src_cls_loss	: 0.0974
-------------------------------------
[Epoch : 32/40]
Src_cls_loss	: 0.0946
-------------------------------------
[Epoch : 33/40]
Src_cls_loss	: 0.0919
-------------------------------------
[Epoch : 34/40]
Src_cls_loss	: 0.0894
-------------------------------------
[Epoch : 35/40]
Src_cls_loss	: 0.0871
-------------------------------------
[Epoch : 36/40]
Src_cls_loss	: 0.0854
-------------------------------------
[Epoch : 37/40]
Src_cls_loss	: 0.0848
-------------------------------------
[Epoch : 38/40]
Src_cls_loss	: 0.0836
-------------------------------------
[Epoch : 39/40]
Src_cls_loss	: 0.0821
-------------------------------------
[Epoch : 40/40]
Src_cls_loss	: 0.0806
-------------------------------------
