=============================================
Dataset: realworld_mobiact
Method:  SYN
=============================================
Source: syn_wal_41 ---> Target: dp_wal_41
Run ID: 4
=============================================
[Epoch : 1/40]
Src_cls_loss	: 0.7844
-------------------------------------
[Epoch : 2/40]
Src_cls_loss	: 0.5953
-------------------------------------
[Epoch : 3/40]
Src_cls_loss	: 0.4785
-------------------------------------
[Epoch : 4/40]
Src_cls_loss	: 0.3973
-------------------------------------
[Epoch : 5/40]
Src_cls_loss	: 0.3379
-------------------------------------
[Epoch : 6/40]
Src_cls_loss	: 0.2943
-------------------------------------
[Epoch : 7/40]
Src_cls_loss	: 0.2610
-------------------------------------
[Epoch : 8/40]
Src_cls_loss	: 0.2367
-------------------------------------
[Epoch : 9/40]
Src_cls_loss	: 0.2155
-------------------------------------
[Epoch : 10/40]
Src_cls_loss	: 0.1974
-------------------------------------
[Epoch : 11/40]
Src_cls_loss	: 0.1834
-------------------------------------
[Epoch : 12/40]
Src_cls_loss	: 0.1713
-------------------------------------
[Epoch : 13/40]
Src_cls_loss	: 0.1607
-------------------------------------
[Epoch : 14/40]
Src_cls_loss	: 0.1513
-------------------------------------
[Epoch : 15/40]
Src_cls_loss	: 0.1441
-------------------------------------
[Epoch : 16/40]
Src_cls_loss	: 0.1373
-------------------------------------
[Epoch : 17/40]
Src_cls_loss	: 0.1309
-------------------------------------
[Epoch : 18/40]
Src_cls_loss	: 0.1251
-------------------------------------
[Epoch : 19/40]
Src_cls_loss	: 0.1197
-------------------------------------
[Epoch : 20/40]
Src_cls_loss	: 0.1150
-------------------------------------
[Epoch : 21/40]
Src_cls_loss	: 0.1103
-------------------------------------
[Epoch : 22/40]
Src_cls_loss	: 0.1062
-------------------------------------
[Epoch : 23/40]
Src_cls_loss	: 0.1022
-------------------------------------
[Epoch : 24/40]
Src_cls_loss	: 0.0988
-------------------------------------
[Epoch : 25/40]
Src_cls_loss	: 0.0956
-------------------------------------
[Epoch : 26/40]
Src_cls_loss	: 0.0925
-------------------------------------
[Epoch : 27/40]
Src_cls_loss	: 0.0896
-------------------------------------
[Epoch : 28/40]
Src_cls_loss	: 0.0871
-------------------------------------
[Epoch : 29/40]
Src_cls_loss	: 0.0845
-------------------------------------
[Epoch : 30/40]
Src_cls_loss	: 0.0825
-------------------------------------
[Epoch : 31/40]
Src_cls_loss	: 0.0808
-------------------------------------
[Epoch : 32/40]
Src_cls_loss	: 0.0791
-------------------------------------
[Epoch : 33/40]
Src_cls_loss	: 0.0778
-------------------------------------
[Epoch : 34/40]
Src_cls_loss	: 0.0760
-------------------------------------
[Epoch : 35/40]
Src_cls_loss	: 0.0744
-------------------------------------
[Epoch : 36/40]
Src_cls_loss	: 0.0729
-------------------------------------
[Epoch : 37/40]
Src_cls_loss	: 0.0717
-------------------------------------
[Epoch : 38/40]
Src_cls_loss	: 0.0703
-------------------------------------
[Epoch : 39/40]
Src_cls_loss	: 0.0690
-------------------------------------
[Epoch : 40/40]
Src_cls_loss	: 0.0677
-------------------------------------
