=============================================
Dataset: realworld_mobiact
Method:  SYN
=============================================
Source: syn_wal_25 ---> Target: dp_wal_25
Run ID: 9
=============================================
[Epoch : 1/40]
Src_cls_loss	: 0.8143
-------------------------------------
[Epoch : 2/40]
Src_cls_loss	: 0.6381
-------------------------------------
[Epoch : 3/40]
Src_cls_loss	: 0.5047
-------------------------------------
[Epoch : 4/40]
Src_cls_loss	: 0.4060
-------------------------------------
[Epoch : 5/40]
Src_cls_loss	: 0.3387
-------------------------------------
[Epoch : 6/40]
Src_cls_loss	: 0.2888
-------------------------------------
[Epoch : 7/40]
Src_cls_loss	: 0.2519
-------------------------------------
[Epoch : 8/40]
Src_cls_loss	: 0.2234
-------------------------------------
[Epoch : 9/40]
Src_cls_loss	: 0.2010
-------------------------------------
[Epoch : 10/40]
Src_cls_loss	: 0.1828
-------------------------------------
[Epoch : 11/40]
Src_cls_loss	: 0.1678
-------------------------------------
[Epoch : 12/40]
Src_cls_loss	: 0.1548
-------------------------------------
[Epoch : 13/40]
Src_cls_loss	: 0.1438
-------------------------------------
[Epoch : 14/40]
Src_cls_loss	: 0.1343
-------------------------------------
[Epoch : 15/40]
Src_cls_loss	: 0.1259
-------------------------------------
[Epoch : 16/40]
Src_cls_loss	: 0.1185
-------------------------------------
[Epoch : 17/40]
Src_cls_loss	: 0.1120
-------------------------------------
[Epoch : 18/40]
Src_cls_loss	: 0.1064
-------------------------------------
[Epoch : 19/40]
Src_cls_loss	: 0.1012
-------------------------------------
[Epoch : 20/40]
Src_cls_loss	: 0.0964
-------------------------------------
[Epoch : 21/40]
Src_cls_loss	: 0.0919
-------------------------------------
[Epoch : 22/40]
Src_cls_loss	: 0.0880
-------------------------------------
[Epoch : 23/40]
Src_cls_loss	: 0.0843
-------------------------------------
[Epoch : 24/40]
Src_cls_loss	: 0.0809
-------------------------------------
[Epoch : 25/40]
Src_cls_loss	: 0.0779
-------------------------------------
[Epoch : 26/40]
Src_cls_loss	: 0.0750
-------------------------------------
[Epoch : 27/40]
Src_cls_loss	: 0.0726
-------------------------------------
[Epoch : 28/40]
Src_cls_loss	: 0.0704
-------------------------------------
[Epoch : 29/40]
Src_cls_loss	: 0.0683
-------------------------------------
[Epoch : 30/40]
Src_cls_loss	: 0.0662
-------------------------------------
[Epoch : 31/40]
Src_cls_loss	: 0.0642
-------------------------------------
[Epoch : 32/40]
Src_cls_loss	: 0.0623
-------------------------------------
[Epoch : 33/40]
Src_cls_loss	: 0.0605
-------------------------------------
[Epoch : 34/40]
Src_cls_loss	: 0.0588
-------------------------------------
[Epoch : 35/40]
Src_cls_loss	: 0.0572
-------------------------------------
[Epoch : 36/40]
Src_cls_loss	: 0.0557
-------------------------------------
[Epoch : 37/40]
Src_cls_loss	: 0.0542
-------------------------------------
[Epoch : 38/40]
Src_cls_loss	: 0.0528
-------------------------------------
[Epoch : 39/40]
Src_cls_loss	: 0.0515
-------------------------------------
[Epoch : 40/40]
Src_cls_loss	: 0.0502
-------------------------------------
