=============================================
Dataset: realworld_mobiact
Method:  SYN
=============================================
Source: syn_wal_62 ---> Target: dp_wal_62
Run ID: 5
=============================================
[Epoch : 1/40]
Src_cls_loss	: 0.8649
-------------------------------------
[Epoch : 2/40]
Src_cls_loss	: 0.7006
-------------------------------------
[Epoch : 3/40]
Src_cls_loss	: 0.5532
-------------------------------------
[Epoch : 4/40]
Src_cls_loss	: 0.4505
-------------------------------------
[Epoch : 5/40]
Src_cls_loss	: 0.3751
-------------------------------------
[Epoch : 6/40]
Src_cls_loss	: 0.3207
-------------------------------------
[Epoch : 7/40]
Src_cls_loss	: 0.2801
-------------------------------------
[Epoch : 8/40]
Src_cls_loss	: 0.2491
-------------------------------------
[Epoch : 9/40]
Src_cls_loss	: 0.2236
-------------------------------------
[Epoch : 10/40]
Src_cls_loss	: 0.2032
-------------------------------------
[Epoch : 11/40]
Src_cls_loss	: 0.1869
-------------------------------------
[Epoch : 12/40]
Src_cls_loss	: 0.1727
-------------------------------------
[Epoch : 13/40]
Src_cls_loss	: 0.1608
-------------------------------------
[Epoch : 14/40]
Src_cls_loss	: 0.1499
-------------------------------------
[Epoch : 15/40]
Src_cls_loss	: 0.1405
-------------------------------------
[Epoch : 16/40]
Src_cls_loss	: 0.1324
-------------------------------------
[Epoch : 17/40]
Src_cls_loss	: 0.1251
-------------------------------------
[Epoch : 18/40]
Src_cls_loss	: 0.1188
-------------------------------------
[Epoch : 19/40]
Src_cls_loss	: 0.1131
-------------------------------------
[Epoch : 20/40]
Src_cls_loss	: 0.1077
-------------------------------------
[Epoch : 21/40]
Src_cls_loss	: 0.1028
-------------------------------------
[Epoch : 22/40]
Src_cls_loss	: 0.0983
-------------------------------------
[Epoch : 23/40]
Src_cls_loss	: 0.0942
-------------------------------------
[Epoch : 24/40]
Src_cls_loss	: 0.0904
-------------------------------------
[Epoch : 25/40]
Src_cls_loss	: 0.0869
-------------------------------------
[Epoch : 26/40]
Src_cls_loss	: 0.0837
-------------------------------------
[Epoch : 27/40]
Src_cls_loss	: 0.0807
-------------------------------------
[Epoch : 28/40]
Src_cls_loss	: 0.0780
-------------------------------------
[Epoch : 29/40]
Src_cls_loss	: 0.0762
-------------------------------------
[Epoch : 30/40]
Src_cls_loss	: 0.0741
-------------------------------------
[Epoch : 31/40]
Src_cls_loss	: 0.0720
-------------------------------------
[Epoch : 32/40]
Src_cls_loss	: 0.0699
-------------------------------------
[Epoch : 33/40]
Src_cls_loss	: 0.0679
-------------------------------------
[Epoch : 34/40]
Src_cls_loss	: 0.0660
-------------------------------------
[Epoch : 35/40]
Src_cls_loss	: 0.0642
-------------------------------------
[Epoch : 36/40]
Src_cls_loss	: 0.0626
-------------------------------------
[Epoch : 37/40]
Src_cls_loss	: 0.0610
-------------------------------------
[Epoch : 38/40]
Src_cls_loss	: 0.0596
-------------------------------------
[Epoch : 39/40]
Src_cls_loss	: 0.0581
-------------------------------------
[Epoch : 40/40]
Src_cls_loss	: 0.0568
-------------------------------------
