=============================================
Dataset: mobiact_realworld
Method:  Deep_Coral
=============================================
Source: df ---> Target: dp_67
Run ID: 0
=============================================
[Epoch : 1/40]
Total_loss	: 3.5323
Src_cls_loss	: 0.5300
coral_loss	: 0.0001
-------------------------------------
[Epoch : 2/40]
Total_loss	: 2.9033
Src_cls_loss	: 0.4356
coral_loss	: 0.0001
-------------------------------------
[Epoch : 3/40]
Total_loss	: 2.5350
Src_cls_loss	: 0.3803
coral_loss	: 0.0001
-------------------------------------
[Epoch : 4/40]
Total_loss	: 2.2408
Src_cls_loss	: 0.3362
coral_loss	: 0.0001
-------------------------------------
[Epoch : 5/40]
Total_loss	: 2.0234
Src_cls_loss	: 0.3035
coral_loss	: 0.0001
-------------------------------------
[Epoch : 6/40]
Total_loss	: 1.8567
Src_cls_loss	: 0.2785
coral_loss	: 0.0001
-------------------------------------
[Epoch : 7/40]
Total_loss	: 1.7175
Src_cls_loss	: 0.2576
coral_loss	: 0.0001
-------------------------------------
[Epoch : 8/40]
Total_loss	: 1.5994
Src_cls_loss	: 0.2399
coral_loss	: 0.0002
-------------------------------------
[Epoch : 9/40]
Total_loss	: 1.5029
Src_cls_loss	: 0.2254
coral_loss	: 0.0002
-------------------------------------
[Epoch : 10/40]
Total_loss	: 1.4165
Src_cls_loss	: 0.2124
coral_loss	: 0.0002
-------------------------------------
[Epoch : 11/40]
Total_loss	: 1.3429
Src_cls_loss	: 0.2014
coral_loss	: 0.0002
-------------------------------------
[Epoch : 12/40]
Total_loss	: 1.2782
Src_cls_loss	: 0.1917
coral_loss	: 0.0002
-------------------------------------
[Epoch : 13/40]
Total_loss	: 1.2188
Src_cls_loss	: 0.1828
coral_loss	: 0.0002
-------------------------------------
[Epoch : 14/40]
Total_loss	: 1.1667
Src_cls_loss	: 0.1749
coral_loss	: 0.0002
-------------------------------------
[Epoch : 15/40]
Total_loss	: 1.1178
Src_cls_loss	: 0.1676
coral_loss	: 0.0002
-------------------------------------
[Epoch : 16/40]
Total_loss	: 1.0784
Src_cls_loss	: 0.1617
coral_loss	: 0.0002
-------------------------------------
[Epoch : 17/40]
Total_loss	: 1.0407
Src_cls_loss	: 0.1560
coral_loss	: 0.0002
-------------------------------------
[Epoch : 18/40]
Total_loss	: 1.0075
Src_cls_loss	: 0.1511
coral_loss	: 0.0001
-------------------------------------
[Epoch : 19/40]
Total_loss	: 0.9747
Src_cls_loss	: 0.1461
coral_loss	: 0.0001
-------------------------------------
[Epoch : 20/40]
Total_loss	: 0.9449
Src_cls_loss	: 0.1417
coral_loss	: 0.0001
-------------------------------------
[Epoch : 21/40]
Total_loss	: 0.9163
Src_cls_loss	: 0.1374
coral_loss	: 0.0001
-------------------------------------
[Epoch : 22/40]
Total_loss	: 0.8911
Src_cls_loss	: 0.1336
coral_loss	: 0.0001
-------------------------------------
[Epoch : 23/40]
Total_loss	: 0.8662
Src_cls_loss	: 0.1299
coral_loss	: 0.0001
-------------------------------------
[Epoch : 24/40]
Total_loss	: 0.8421
Src_cls_loss	: 0.1263
coral_loss	: 0.0001
-------------------------------------
[Epoch : 25/40]
Total_loss	: 0.8210
Src_cls_loss	: 0.1231
coral_loss	: 0.0001
-------------------------------------
[Epoch : 26/40]
Total_loss	: 0.8009
Src_cls_loss	: 0.1201
coral_loss	: 0.0001
-------------------------------------
[Epoch : 27/40]
Total_loss	: 0.7824
Src_cls_loss	: 0.1173
coral_loss	: 0.0001
-------------------------------------
[Epoch : 28/40]
Total_loss	: 0.7644
Src_cls_loss	: 0.1146
coral_loss	: 0.0001
-------------------------------------
[Epoch : 29/40]
Total_loss	: 0.7474
Src_cls_loss	: 0.1120
coral_loss	: 0.0001
-------------------------------------
[Epoch : 30/40]
Total_loss	: 0.7312
Src_cls_loss	: 0.1096
coral_loss	: 0.0001
-------------------------------------
[Epoch : 31/40]
Total_loss	: 0.7158
Src_cls_loss	: 0.1073
coral_loss	: 0.0001
-------------------------------------
[Epoch : 32/40]
Total_loss	: 0.7007
Src_cls_loss	: 0.1050
coral_loss	: 0.0001
-------------------------------------
[Epoch : 33/40]
Total_loss	: 0.6866
Src_cls_loss	: 0.1029
coral_loss	: 0.0001
-------------------------------------
[Epoch : 34/40]
Total_loss	: 0.6730
Src_cls_loss	: 0.1009
coral_loss	: 0.0001
-------------------------------------
[Epoch : 35/40]
Total_loss	: 0.6607
Src_cls_loss	: 0.0990
coral_loss	: 0.0001
-------------------------------------
[Epoch : 36/40]
Total_loss	: 0.6487
Src_cls_loss	: 0.0972
coral_loss	: 0.0001
-------------------------------------
[Epoch : 37/40]
Total_loss	: 0.6369
Src_cls_loss	: 0.0955
coral_loss	: 0.0001
-------------------------------------
[Epoch : 38/40]
Total_loss	: 0.6260
Src_cls_loss	: 0.0938
coral_loss	: 0.0001
-------------------------------------
[Epoch : 39/40]
Total_loss	: 0.6162
Src_cls_loss	: 0.0924
coral_loss	: 0.0001
-------------------------------------
[Epoch : 40/40]
Total_loss	: 0.6073
Src_cls_loss	: 0.0910
coral_loss	: 0.0001
-------------------------------------
