=============================================
Dataset: realworld_mobiact
Method:  SYN
=============================================
Source: syn_wal_26 ---> Target: dp_wal_26
Run ID: 1
=============================================
[Epoch : 1/40]
Src_cls_loss	: 0.8688
-------------------------------------
[Epoch : 2/40]
Src_cls_loss	: 0.7029
-------------------------------------
[Epoch : 3/40]
Src_cls_loss	: 0.5592
-------------------------------------
[Epoch : 4/40]
Src_cls_loss	: 0.4619
-------------------------------------
[Epoch : 5/40]
Src_cls_loss	: 0.3929
-------------------------------------
[Epoch : 6/40]
Src_cls_loss	: 0.3411
-------------------------------------
[Epoch : 7/40]
Src_cls_loss	: 0.3015
-------------------------------------
[Epoch : 8/40]
Src_cls_loss	: 0.2709
-------------------------------------
[Epoch : 9/40]
Src_cls_loss	: 0.2457
-------------------------------------
[Epoch : 10/40]
Src_cls_loss	: 0.2261
-------------------------------------
[Epoch : 11/40]
Src_cls_loss	: 0.2091
-------------------------------------
[Epoch : 12/40]
Src_cls_loss	: 0.1949
-------------------------------------
[Epoch : 13/40]
Src_cls_loss	: 0.1823
-------------------------------------
[Epoch : 14/40]
Src_cls_loss	: 0.1718
-------------------------------------
[Epoch : 15/40]
Src_cls_loss	: 0.1621
-------------------------------------
[Epoch : 16/40]
Src_cls_loss	: 0.1539
-------------------------------------
[Epoch : 17/40]
Src_cls_loss	: 0.1473
-------------------------------------
[Epoch : 18/40]
Src_cls_loss	: 0.1411
-------------------------------------
[Epoch : 19/40]
Src_cls_loss	: 0.1352
-------------------------------------
[Epoch : 20/40]
Src_cls_loss	: 0.1299
-------------------------------------
[Epoch : 21/40]
Src_cls_loss	: 0.1252
-------------------------------------
[Epoch : 22/40]
Src_cls_loss	: 0.1209
-------------------------------------
[Epoch : 23/40]
Src_cls_loss	: 0.1166
-------------------------------------
[Epoch : 24/40]
Src_cls_loss	: 0.1127
-------------------------------------
[Epoch : 25/40]
Src_cls_loss	: 0.1090
-------------------------------------
[Epoch : 26/40]
Src_cls_loss	: 0.1057
-------------------------------------
[Epoch : 27/40]
Src_cls_loss	: 0.1025
-------------------------------------
[Epoch : 28/40]
Src_cls_loss	: 0.0997
-------------------------------------
[Epoch : 29/40]
Src_cls_loss	: 0.0968
-------------------------------------
[Epoch : 30/40]
Src_cls_loss	: 0.0941
-------------------------------------
[Epoch : 31/40]
Src_cls_loss	: 0.0917
-------------------------------------
[Epoch : 32/40]
Src_cls_loss	: 0.0893
-------------------------------------
[Epoch : 33/40]
Src_cls_loss	: 0.0871
-------------------------------------
[Epoch : 34/40]
Src_cls_loss	: 0.0850
-------------------------------------
[Epoch : 35/40]
Src_cls_loss	: 0.0839
-------------------------------------
[Epoch : 36/40]
Src_cls_loss	: 0.0830
-------------------------------------
[Epoch : 37/40]
Src_cls_loss	: 0.0816
-------------------------------------
[Epoch : 38/40]
Src_cls_loss	: 0.0801
-------------------------------------
[Epoch : 39/40]
Src_cls_loss	: 0.0785
-------------------------------------
[Epoch : 40/40]
Src_cls_loss	: 0.0770
-------------------------------------
