=============================================
Dataset: realworld_mobiact
Method:  Deep_Coral
=============================================
Source: df ---> Target: dp_wal_20
Run ID: 0
=============================================
[Epoch : 1/40]
Total_loss	: 3.3775
Src_cls_loss	: 0.5060
coral_loss	: 0.0009
-------------------------------------
[Epoch : 2/40]
Total_loss	: 2.9268
Src_cls_loss	: 0.4385
coral_loss	: 0.0008
-------------------------------------
[Epoch : 3/40]
Total_loss	: 2.6582
Src_cls_loss	: 0.3982
coral_loss	: 0.0007
-------------------------------------
[Epoch : 4/40]
Total_loss	: 2.4872
Src_cls_loss	: 0.3726
coral_loss	: 0.0007
-------------------------------------
[Epoch : 5/40]
Total_loss	: 2.3542
Src_cls_loss	: 0.3527
coral_loss	: 0.0006
-------------------------------------
[Epoch : 6/40]
Total_loss	: 2.2494
Src_cls_loss	: 0.3370
coral_loss	: 0.0006
-------------------------------------
[Epoch : 7/40]
Total_loss	: 2.1568
Src_cls_loss	: 0.3231
coral_loss	: 0.0006
-------------------------------------
[Epoch : 8/40]
Total_loss	: 2.0772
Src_cls_loss	: 0.3112
coral_loss	: 0.0005
-------------------------------------
[Epoch : 9/40]
Total_loss	: 2.0043
Src_cls_loss	: 0.3003
coral_loss	: 0.0005
-------------------------------------
[Epoch : 10/40]
Total_loss	: 1.9406
Src_cls_loss	: 0.2908
coral_loss	: 0.0005
-------------------------------------
[Epoch : 11/40]
Total_loss	: 1.8808
Src_cls_loss	: 0.2818
coral_loss	: 0.0005
-------------------------------------
[Epoch : 12/40]
Total_loss	: 1.8306
Src_cls_loss	: 0.2743
coral_loss	: 0.0005
-------------------------------------
[Epoch : 13/40]
Total_loss	: 1.7901
Src_cls_loss	: 0.2682
coral_loss	: 0.0005
-------------------------------------
[Epoch : 14/40]
Total_loss	: 1.7504
Src_cls_loss	: 0.2623
coral_loss	: 0.0005
-------------------------------------
[Epoch : 15/40]
Total_loss	: 1.7117
Src_cls_loss	: 0.2565
coral_loss	: 0.0005
-------------------------------------
[Epoch : 16/40]
Total_loss	: 1.6784
Src_cls_loss	: 0.2515
coral_loss	: 0.0004
-------------------------------------
[Epoch : 17/40]
Total_loss	: 1.6498
Src_cls_loss	: 0.2472
coral_loss	: 0.0004
-------------------------------------
[Epoch : 18/40]
Total_loss	: 1.6228
Src_cls_loss	: 0.2431
coral_loss	: 0.0004
-------------------------------------
[Epoch : 19/40]
Total_loss	: 1.5946
Src_cls_loss	: 0.2389
coral_loss	: 0.0004
-------------------------------------
[Epoch : 20/40]
Total_loss	: 1.5714
Src_cls_loss	: 0.2354
coral_loss	: 0.0004
-------------------------------------
[Epoch : 21/40]
Total_loss	: 1.5490
Src_cls_loss	: 0.2321
coral_loss	: 0.0004
-------------------------------------
[Epoch : 22/40]
Total_loss	: 1.5272
Src_cls_loss	: 0.2288
coral_loss	: 0.0004
-------------------------------------
[Epoch : 23/40]
Total_loss	: 1.5059
Src_cls_loss	: 0.2256
coral_loss	: 0.0004
-------------------------------------
[Epoch : 24/40]
Total_loss	: 1.4859
Src_cls_loss	: 0.2226
coral_loss	: 0.0004
-------------------------------------
[Epoch : 25/40]
Total_loss	: 1.4655
Src_cls_loss	: 0.2195
coral_loss	: 0.0004
-------------------------------------
[Epoch : 26/40]
Total_loss	: 1.4459
Src_cls_loss	: 0.2166
coral_loss	: 0.0004
-------------------------------------
[Epoch : 27/40]
Total_loss	: 1.4288
Src_cls_loss	: 0.2140
coral_loss	: 0.0004
-------------------------------------
[Epoch : 28/40]
Total_loss	: 1.4101
Src_cls_loss	: 0.2112
coral_loss	: 0.0004
-------------------------------------
[Epoch : 29/40]
Total_loss	: 1.3934
Src_cls_loss	: 0.2087
coral_loss	: 0.0004
-------------------------------------
[Epoch : 30/40]
Total_loss	: 1.3782
Src_cls_loss	: 0.2065
coral_loss	: 0.0004
-------------------------------------
[Epoch : 31/40]
Total_loss	: 1.3633
Src_cls_loss	: 0.2042
coral_loss	: 0.0004
-------------------------------------
[Epoch : 32/40]
Total_loss	: 1.3497
Src_cls_loss	: 0.2022
coral_loss	: 0.0004
-------------------------------------
[Epoch : 33/40]
Total_loss	: 1.3341
Src_cls_loss	: 0.1998
coral_loss	: 0.0004
-------------------------------------
[Epoch : 34/40]
Total_loss	: 1.3207
Src_cls_loss	: 0.1978
coral_loss	: 0.0004
-------------------------------------
[Epoch : 35/40]
Total_loss	: 1.3074
Src_cls_loss	: 0.1958
coral_loss	: 0.0004
-------------------------------------
[Epoch : 36/40]
Total_loss	: 1.2956
Src_cls_loss	: 0.1941
coral_loss	: 0.0004
-------------------------------------
[Epoch : 37/40]
Total_loss	: 1.2830
Src_cls_loss	: 0.1922
coral_loss	: 0.0004
-------------------------------------
[Epoch : 38/40]
Total_loss	: 1.2716
Src_cls_loss	: 0.1905
coral_loss	: 0.0004
-------------------------------------
[Epoch : 39/40]
Total_loss	: 1.2607
Src_cls_loss	: 0.1888
coral_loss	: 0.0004
-------------------------------------
[Epoch : 40/40]
Total_loss	: 1.2502
Src_cls_loss	: 0.1873
coral_loss	: 0.0004
-------------------------------------
