=============================================
Dataset: pamap_mobiact
Method:  NO_ADAPT
=============================================
Source: syn_46 ---> Target: dp_46
Run ID: 0
=============================================
[Epoch : 1/40]
Src_cls_loss	: 0.5928
-------------------------------------
[Epoch : 2/40]
Src_cls_loss	: 0.4417
-------------------------------------
[Epoch : 3/40]
Src_cls_loss	: 0.3528
-------------------------------------
[Epoch : 4/40]
Src_cls_loss	: 0.2987
-------------------------------------
[Epoch : 5/40]
Src_cls_loss	: 0.2575
-------------------------------------
[Epoch : 6/40]
Src_cls_loss	: 0.2295
-------------------------------------
[Epoch : 7/40]
Src_cls_loss	: 0.2060
-------------------------------------
[Epoch : 8/40]
Src_cls_loss	: 0.1873
-------------------------------------
[Epoch : 9/40]
Src_cls_loss	: 0.1734
-------------------------------------
[Epoch : 10/40]
Src_cls_loss	: 0.1613
-------------------------------------
[Epoch : 11/40]
Src_cls_loss	: 0.1511
-------------------------------------
[Epoch : 12/40]
Src_cls_loss	: 0.1417
-------------------------------------
[Epoch : 13/40]
Src_cls_loss	: 0.1334
-------------------------------------
[Epoch : 14/40]
Src_cls_loss	: 0.1258
-------------------------------------
[Epoch : 15/40]
Src_cls_loss	: 0.1190
-------------------------------------
[Epoch : 16/40]
Src_cls_loss	: 0.1127
-------------------------------------
[Epoch : 17/40]
Src_cls_loss	: 0.1080
-------------------------------------
[Epoch : 18/40]
Src_cls_loss	: 0.1032
-------------------------------------
[Epoch : 19/40]
Src_cls_loss	: 0.0989
-------------------------------------
[Epoch : 20/40]
Src_cls_loss	: 0.0952
-------------------------------------
[Epoch : 21/40]
Src_cls_loss	: 0.0915
-------------------------------------
[Epoch : 22/40]
Src_cls_loss	: 0.0883
-------------------------------------
[Epoch : 23/40]
Src_cls_loss	: 0.0853
-------------------------------------
[Epoch : 24/40]
Src_cls_loss	: 0.0828
-------------------------------------
[Epoch : 25/40]
Src_cls_loss	: 0.0807
-------------------------------------
[Epoch : 26/40]
Src_cls_loss	: 0.0782
-------------------------------------
[Epoch : 27/40]
Src_cls_loss	: 0.0756
-------------------------------------
[Epoch : 28/40]
Src_cls_loss	: 0.0732
-------------------------------------
[Epoch : 29/40]
Src_cls_loss	: 0.0709
-------------------------------------
[Epoch : 30/40]
Src_cls_loss	: 0.0688
-------------------------------------
[Epoch : 31/40]
Src_cls_loss	: 0.0672
-------------------------------------
[Epoch : 32/40]
Src_cls_loss	: 0.0656
-------------------------------------
[Epoch : 33/40]
Src_cls_loss	: 0.0641
-------------------------------------
[Epoch : 34/40]
Src_cls_loss	: 0.0629
-------------------------------------
[Epoch : 35/40]
Src_cls_loss	: 0.0614
-------------------------------------
[Epoch : 36/40]
Src_cls_loss	: 0.0598
-------------------------------------
[Epoch : 37/40]
Src_cls_loss	: 0.0583
-------------------------------------
[Epoch : 38/40]
Src_cls_loss	: 0.0569
-------------------------------------
[Epoch : 39/40]
Src_cls_loss	: 0.0556
-------------------------------------
[Epoch : 40/40]
Src_cls_loss	: 0.0543
-------------------------------------
