=============================================
Dataset: pamap_mobiact
Method:  NO_ADAPT
=============================================
Source: syn_35 ---> Target: dp_35
Run ID: 9
=============================================
[Epoch : 1/40]
Src_cls_loss	: 0.5988
-------------------------------------
[Epoch : 2/40]
Src_cls_loss	: 0.4408
-------------------------------------
[Epoch : 3/40]
Src_cls_loss	: 0.3514
-------------------------------------
[Epoch : 4/40]
Src_cls_loss	: 0.2943
-------------------------------------
[Epoch : 5/40]
Src_cls_loss	: 0.2539
-------------------------------------
[Epoch : 6/40]
Src_cls_loss	: 0.2217
-------------------------------------
[Epoch : 7/40]
Src_cls_loss	: 0.1995
-------------------------------------
[Epoch : 8/40]
Src_cls_loss	: 0.1837
-------------------------------------
[Epoch : 9/40]
Src_cls_loss	: 0.1713
-------------------------------------
[Epoch : 10/40]
Src_cls_loss	: 0.1598
-------------------------------------
[Epoch : 11/40]
Src_cls_loss	: 0.1497
-------------------------------------
[Epoch : 12/40]
Src_cls_loss	: 0.1398
-------------------------------------
[Epoch : 13/40]
Src_cls_loss	: 0.1311
-------------------------------------
[Epoch : 14/40]
Src_cls_loss	: 0.1235
-------------------------------------
[Epoch : 15/40]
Src_cls_loss	: 0.1163
-------------------------------------
[Epoch : 16/40]
Src_cls_loss	: 0.1104
-------------------------------------
[Epoch : 17/40]
Src_cls_loss	: 0.1049
-------------------------------------
[Epoch : 18/40]
Src_cls_loss	: 0.1024
-------------------------------------
[Epoch : 19/40]
Src_cls_loss	: 0.0999
-------------------------------------
[Epoch : 20/40]
Src_cls_loss	: 0.0966
-------------------------------------
[Epoch : 21/40]
Src_cls_loss	: 0.0929
-------------------------------------
[Epoch : 22/40]
Src_cls_loss	: 0.0901
-------------------------------------
[Epoch : 23/40]
Src_cls_loss	: 0.0869
-------------------------------------
[Epoch : 24/40]
Src_cls_loss	: 0.0839
-------------------------------------
[Epoch : 25/40]
Src_cls_loss	: 0.0810
-------------------------------------
[Epoch : 26/40]
Src_cls_loss	: 0.0783
-------------------------------------
[Epoch : 27/40]
Src_cls_loss	: 0.0757
-------------------------------------
[Epoch : 28/40]
Src_cls_loss	: 0.0733
-------------------------------------
[Epoch : 29/40]
Src_cls_loss	: 0.0711
-------------------------------------
[Epoch : 30/40]
Src_cls_loss	: 0.0689
-------------------------------------
[Epoch : 31/40]
Src_cls_loss	: 0.0669
-------------------------------------
[Epoch : 32/40]
Src_cls_loss	: 0.0658
-------------------------------------
[Epoch : 33/40]
Src_cls_loss	: 0.0643
-------------------------------------
[Epoch : 34/40]
Src_cls_loss	: 0.0629
-------------------------------------
[Epoch : 35/40]
Src_cls_loss	: 0.0615
-------------------------------------
[Epoch : 36/40]
Src_cls_loss	: 0.0601
-------------------------------------
[Epoch : 37/40]
Src_cls_loss	: 0.0586
-------------------------------------
[Epoch : 38/40]
Src_cls_loss	: 0.0572
-------------------------------------
[Epoch : 39/40]
Src_cls_loss	: 0.0559
-------------------------------------
[Epoch : 40/40]
Src_cls_loss	: 0.0548
-------------------------------------
