=============================================
Dataset: realworld_mobiact
Method:  SYN
=============================================
Source: syn_wal_17 ---> Target: dp_wal_17
Run ID: 1
=============================================
[Epoch : 1/40]
Src_cls_loss	: 0.9153
-------------------------------------
[Epoch : 2/40]
Src_cls_loss	: 0.8110
-------------------------------------
[Epoch : 3/40]
Src_cls_loss	: 0.6987
-------------------------------------
[Epoch : 4/40]
Src_cls_loss	: 0.5911
-------------------------------------
[Epoch : 5/40]
Src_cls_loss	: 0.5077
-------------------------------------
[Epoch : 6/40]
Src_cls_loss	: 0.4417
-------------------------------------
[Epoch : 7/40]
Src_cls_loss	: 0.3884
-------------------------------------
[Epoch : 8/40]
Src_cls_loss	: 0.3464
-------------------------------------
[Epoch : 9/40]
Src_cls_loss	: 0.3128
-------------------------------------
[Epoch : 10/40]
Src_cls_loss	: 0.2867
-------------------------------------
[Epoch : 11/40]
Src_cls_loss	: 0.2639
-------------------------------------
[Epoch : 12/40]
Src_cls_loss	: 0.2451
-------------------------------------
[Epoch : 13/40]
Src_cls_loss	: 0.2286
-------------------------------------
[Epoch : 14/40]
Src_cls_loss	: 0.2146
-------------------------------------
[Epoch : 15/40]
Src_cls_loss	: 0.2015
-------------------------------------
[Epoch : 16/40]
Src_cls_loss	: 0.1900
-------------------------------------
[Epoch : 17/40]
Src_cls_loss	: 0.1800
-------------------------------------
[Epoch : 18/40]
Src_cls_loss	: 0.1714
-------------------------------------
[Epoch : 19/40]
Src_cls_loss	: 0.1631
-------------------------------------
[Epoch : 20/40]
Src_cls_loss	: 0.1554
-------------------------------------
[Epoch : 21/40]
Src_cls_loss	: 0.1485
-------------------------------------
[Epoch : 22/40]
Src_cls_loss	: 0.1422
-------------------------------------
[Epoch : 23/40]
Src_cls_loss	: 0.1363
-------------------------------------
[Epoch : 24/40]
Src_cls_loss	: 0.1308
-------------------------------------
[Epoch : 25/40]
Src_cls_loss	: 0.1259
-------------------------------------
[Epoch : 26/40]
Src_cls_loss	: 0.1216
-------------------------------------
[Epoch : 27/40]
Src_cls_loss	: 0.1174
-------------------------------------
[Epoch : 28/40]
Src_cls_loss	: 0.1135
-------------------------------------
[Epoch : 29/40]
Src_cls_loss	: 0.1098
-------------------------------------
[Epoch : 30/40]
Src_cls_loss	: 0.1062
-------------------------------------
[Epoch : 31/40]
Src_cls_loss	: 0.1030
-------------------------------------
[Epoch : 32/40]
Src_cls_loss	: 0.0999
-------------------------------------
[Epoch : 33/40]
Src_cls_loss	: 0.0970
-------------------------------------
[Epoch : 34/40]
Src_cls_loss	: 0.0942
-------------------------------------
[Epoch : 35/40]
Src_cls_loss	: 0.0917
-------------------------------------
[Epoch : 36/40]
Src_cls_loss	: 0.0892
-------------------------------------
[Epoch : 37/40]
Src_cls_loss	: 0.0869
-------------------------------------
[Epoch : 38/40]
Src_cls_loss	: 0.0847
-------------------------------------
[Epoch : 39/40]
Src_cls_loss	: 0.0827
-------------------------------------
[Epoch : 40/40]
Src_cls_loss	: 0.0807
-------------------------------------
