=============================================
Dataset: mobiact_realworld
Method:  NO_ADAPT
=============================================
Source: syn_70 ---> Target: dp_70
Run ID: 0
=============================================
[Epoch : 1/40]
Src_cls_loss	: 0.6073
-------------------------------------
[Epoch : 2/40]
Src_cls_loss	: 0.4417
-------------------------------------
[Epoch : 3/40]
Src_cls_loss	: 0.3538
-------------------------------------
[Epoch : 4/40]
Src_cls_loss	: 0.3040
-------------------------------------
[Epoch : 5/40]
Src_cls_loss	: 0.2640
-------------------------------------
[Epoch : 6/40]
Src_cls_loss	: 0.2336
-------------------------------------
[Epoch : 7/40]
Src_cls_loss	: 0.2125
-------------------------------------
[Epoch : 8/40]
Src_cls_loss	: 0.1944
-------------------------------------
[Epoch : 9/40]
Src_cls_loss	: 0.1796
-------------------------------------
[Epoch : 10/40]
Src_cls_loss	: 0.1673
-------------------------------------
[Epoch : 11/40]
Src_cls_loss	: 0.1566
-------------------------------------
[Epoch : 12/40]
Src_cls_loss	: 0.1476
-------------------------------------
[Epoch : 13/40]
Src_cls_loss	: 0.1387
-------------------------------------
[Epoch : 14/40]
Src_cls_loss	: 0.1313
-------------------------------------
[Epoch : 15/40]
Src_cls_loss	: 0.1249
-------------------------------------
[Epoch : 16/40]
Src_cls_loss	: 0.1190
-------------------------------------
[Epoch : 17/40]
Src_cls_loss	: 0.1145
-------------------------------------
[Epoch : 18/40]
Src_cls_loss	: 0.1101
-------------------------------------
[Epoch : 19/40]
Src_cls_loss	: 0.1063
-------------------------------------
[Epoch : 20/40]
Src_cls_loss	: 0.1027
-------------------------------------
[Epoch : 21/40]
Src_cls_loss	: 0.0991
-------------------------------------
[Epoch : 22/40]
Src_cls_loss	: 0.0955
-------------------------------------
[Epoch : 23/40]
Src_cls_loss	: 0.0924
-------------------------------------
[Epoch : 24/40]
Src_cls_loss	: 0.0894
-------------------------------------
[Epoch : 25/40]
Src_cls_loss	: 0.0869
-------------------------------------
[Epoch : 26/40]
Src_cls_loss	: 0.0846
-------------------------------------
[Epoch : 27/40]
Src_cls_loss	: 0.0826
-------------------------------------
[Epoch : 28/40]
Src_cls_loss	: 0.0804
-------------------------------------
[Epoch : 29/40]
Src_cls_loss	: 0.0783
-------------------------------------
[Epoch : 30/40]
Src_cls_loss	: 0.0764
-------------------------------------
[Epoch : 31/40]
Src_cls_loss	: 0.0743
-------------------------------------
[Epoch : 32/40]
Src_cls_loss	: 0.0724
-------------------------------------
[Epoch : 33/40]
Src_cls_loss	: 0.0709
-------------------------------------
[Epoch : 34/40]
Src_cls_loss	: 0.0693
-------------------------------------
[Epoch : 35/40]
Src_cls_loss	: 0.0677
-------------------------------------
[Epoch : 36/40]
Src_cls_loss	: 0.0664
-------------------------------------
[Epoch : 37/40]
Src_cls_loss	: 0.0652
-------------------------------------
[Epoch : 38/40]
Src_cls_loss	: 0.0640
-------------------------------------
[Epoch : 39/40]
Src_cls_loss	: 0.0628
-------------------------------------
[Epoch : 40/40]
Src_cls_loss	: 0.0618
-------------------------------------
