=============================================
Dataset: pamap_mobiact
Method:  SYN
=============================================
Source: syn_wal_17 ---> Target: dp_wal_17
Run ID: 0
=============================================
[Epoch : 1/40]
Src_cls_loss	: 0.5253
-------------------------------------
[Epoch : 2/40]
Src_cls_loss	: 0.3692
-------------------------------------
[Epoch : 3/40]
Src_cls_loss	: 0.2917
-------------------------------------
[Epoch : 4/40]
Src_cls_loss	: 0.2414
-------------------------------------
[Epoch : 5/40]
Src_cls_loss	: 0.2103
-------------------------------------
[Epoch : 6/40]
Src_cls_loss	: 0.1870
-------------------------------------
[Epoch : 7/40]
Src_cls_loss	: 0.1689
-------------------------------------
[Epoch : 8/40]
Src_cls_loss	: 0.1542
-------------------------------------
[Epoch : 9/40]
Src_cls_loss	: 0.1413
-------------------------------------
[Epoch : 10/40]
Src_cls_loss	: 0.1301
-------------------------------------
[Epoch : 11/40]
Src_cls_loss	: 0.1207
-------------------------------------
[Epoch : 12/40]
Src_cls_loss	: 0.1136
-------------------------------------
[Epoch : 13/40]
Src_cls_loss	: 0.1069
-------------------------------------
[Epoch : 14/40]
Src_cls_loss	: 0.1005
-------------------------------------
[Epoch : 15/40]
Src_cls_loss	: 0.0955
-------------------------------------
[Epoch : 16/40]
Src_cls_loss	: 0.0907
-------------------------------------
[Epoch : 17/40]
Src_cls_loss	: 0.0860
-------------------------------------
[Epoch : 18/40]
Src_cls_loss	: 0.0824
-------------------------------------
[Epoch : 19/40]
Src_cls_loss	: 0.0793
-------------------------------------
[Epoch : 20/40]
Src_cls_loss	: 0.0759
-------------------------------------
[Epoch : 21/40]
Src_cls_loss	: 0.0729
-------------------------------------
[Epoch : 22/40]
Src_cls_loss	: 0.0705
-------------------------------------
[Epoch : 23/40]
Src_cls_loss	: 0.0681
-------------------------------------
[Epoch : 24/40]
Src_cls_loss	: 0.0656
-------------------------------------
[Epoch : 25/40]
Src_cls_loss	: 0.0634
-------------------------------------
[Epoch : 26/40]
Src_cls_loss	: 0.0613
-------------------------------------
[Epoch : 27/40]
Src_cls_loss	: 0.0591
-------------------------------------
[Epoch : 28/40]
Src_cls_loss	: 0.0573
-------------------------------------
[Epoch : 29/40]
Src_cls_loss	: 0.0555
-------------------------------------
[Epoch : 30/40]
Src_cls_loss	: 0.0539
-------------------------------------
[Epoch : 31/40]
Src_cls_loss	: 0.0523
-------------------------------------
[Epoch : 32/40]
Src_cls_loss	: 0.0508
-------------------------------------
[Epoch : 33/40]
Src_cls_loss	: 0.0493
-------------------------------------
[Epoch : 34/40]
Src_cls_loss	: 0.0480
-------------------------------------
[Epoch : 35/40]
Src_cls_loss	: 0.0467
-------------------------------------
[Epoch : 36/40]
Src_cls_loss	: 0.0455
-------------------------------------
[Epoch : 37/40]
Src_cls_loss	: 0.0443
-------------------------------------
[Epoch : 38/40]
Src_cls_loss	: 0.0432
-------------------------------------
[Epoch : 39/40]
Src_cls_loss	: 0.0422
-------------------------------------
[Epoch : 40/40]
Src_cls_loss	: 0.0412
-------------------------------------
