=============================================
Dataset: pamap_mobiact
Method:  SYN
=============================================
Source: syn_wal_44 ---> Target: dp_wal_44
Run ID: 8
=============================================
[Epoch : 1/40]
Src_cls_loss	: 0.6357
-------------------------------------
[Epoch : 2/40]
Src_cls_loss	: 0.4819
-------------------------------------
[Epoch : 3/40]
Src_cls_loss	: 0.3926
-------------------------------------
[Epoch : 4/40]
Src_cls_loss	: 0.3393
-------------------------------------
[Epoch : 5/40]
Src_cls_loss	: 0.2934
-------------------------------------
[Epoch : 6/40]
Src_cls_loss	: 0.2584
-------------------------------------
[Epoch : 7/40]
Src_cls_loss	: 0.2299
-------------------------------------
[Epoch : 8/40]
Src_cls_loss	: 0.2056
-------------------------------------
[Epoch : 9/40]
Src_cls_loss	: 0.1862
-------------------------------------
[Epoch : 10/40]
Src_cls_loss	: 0.1711
-------------------------------------
[Epoch : 11/40]
Src_cls_loss	: 0.1579
-------------------------------------
[Epoch : 12/40]
Src_cls_loss	: 0.1462
-------------------------------------
[Epoch : 13/40]
Src_cls_loss	: 0.1360
-------------------------------------
[Epoch : 14/40]
Src_cls_loss	: 0.1274
-------------------------------------
[Epoch : 15/40]
Src_cls_loss	: 0.1199
-------------------------------------
[Epoch : 16/40]
Src_cls_loss	: 0.1129
-------------------------------------
[Epoch : 17/40]
Src_cls_loss	: 0.1071
-------------------------------------
[Epoch : 18/40]
Src_cls_loss	: 0.1018
-------------------------------------
[Epoch : 19/40]
Src_cls_loss	: 0.0973
-------------------------------------
[Epoch : 20/40]
Src_cls_loss	: 0.0932
-------------------------------------
[Epoch : 21/40]
Src_cls_loss	: 0.0894
-------------------------------------
[Epoch : 22/40]
Src_cls_loss	: 0.0859
-------------------------------------
[Epoch : 23/40]
Src_cls_loss	: 0.0825
-------------------------------------
[Epoch : 24/40]
Src_cls_loss	: 0.0792
-------------------------------------
[Epoch : 25/40]
Src_cls_loss	: 0.0763
-------------------------------------
[Epoch : 26/40]
Src_cls_loss	: 0.0735
-------------------------------------
[Epoch : 27/40]
Src_cls_loss	: 0.0710
-------------------------------------
[Epoch : 28/40]
Src_cls_loss	: 0.0686
-------------------------------------
[Epoch : 29/40]
Src_cls_loss	: 0.0664
-------------------------------------
[Epoch : 30/40]
Src_cls_loss	: 0.0643
-------------------------------------
[Epoch : 31/40]
Src_cls_loss	: 0.0623
-------------------------------------
[Epoch : 32/40]
Src_cls_loss	: 0.0606
-------------------------------------
[Epoch : 33/40]
Src_cls_loss	: 0.0590
-------------------------------------
[Epoch : 34/40]
Src_cls_loss	: 0.0574
-------------------------------------
[Epoch : 35/40]
Src_cls_loss	: 0.0559
-------------------------------------
[Epoch : 36/40]
Src_cls_loss	: 0.0544
-------------------------------------
[Epoch : 37/40]
Src_cls_loss	: 0.0530
-------------------------------------
[Epoch : 38/40]
Src_cls_loss	: 0.0519
-------------------------------------
[Epoch : 39/40]
Src_cls_loss	: 0.0508
-------------------------------------
[Epoch : 40/40]
Src_cls_loss	: 0.0497
-------------------------------------
