=============================================
Dataset: pamap_mobiact
Method:  NO_ADAPT
=============================================
Source: syn_61 ---> Target: dp_61
Run ID: 2
=============================================
[Epoch : 1/40]
Src_cls_loss	: 0.6881
-------------------------------------
[Epoch : 2/40]
Src_cls_loss	: 0.5579
-------------------------------------
[Epoch : 3/40]
Src_cls_loss	: 0.4609
-------------------------------------
[Epoch : 4/40]
Src_cls_loss	: 0.3874
-------------------------------------
[Epoch : 5/40]
Src_cls_loss	: 0.3313
-------------------------------------
[Epoch : 6/40]
Src_cls_loss	: 0.2915
-------------------------------------
[Epoch : 7/40]
Src_cls_loss	: 0.2587
-------------------------------------
[Epoch : 8/40]
Src_cls_loss	: 0.2339
-------------------------------------
[Epoch : 9/40]
Src_cls_loss	: 0.2126
-------------------------------------
[Epoch : 10/40]
Src_cls_loss	: 0.1945
-------------------------------------
[Epoch : 11/40]
Src_cls_loss	: 0.1815
-------------------------------------
[Epoch : 12/40]
Src_cls_loss	: 0.1694
-------------------------------------
[Epoch : 13/40]
Src_cls_loss	: 0.1585
-------------------------------------
[Epoch : 14/40]
Src_cls_loss	: 0.1487
-------------------------------------
[Epoch : 15/40]
Src_cls_loss	: 0.1401
-------------------------------------
[Epoch : 16/40]
Src_cls_loss	: 0.1323
-------------------------------------
[Epoch : 17/40]
Src_cls_loss	: 0.1254
-------------------------------------
[Epoch : 18/40]
Src_cls_loss	: 0.1190
-------------------------------------
[Epoch : 19/40]
Src_cls_loss	: 0.1136
-------------------------------------
[Epoch : 20/40]
Src_cls_loss	: 0.1091
-------------------------------------
[Epoch : 21/40]
Src_cls_loss	: 0.1047
-------------------------------------
[Epoch : 22/40]
Src_cls_loss	: 0.1003
-------------------------------------
[Epoch : 23/40]
Src_cls_loss	: 0.0964
-------------------------------------
[Epoch : 24/40]
Src_cls_loss	: 0.0935
-------------------------------------
[Epoch : 25/40]
Src_cls_loss	: 0.0901
-------------------------------------
[Epoch : 26/40]
Src_cls_loss	: 0.0869
-------------------------------------
[Epoch : 27/40]
Src_cls_loss	: 0.0841
-------------------------------------
[Epoch : 28/40]
Src_cls_loss	: 0.0814
-------------------------------------
[Epoch : 29/40]
Src_cls_loss	: 0.0789
-------------------------------------
[Epoch : 30/40]
Src_cls_loss	: 0.0767
-------------------------------------
[Epoch : 31/40]
Src_cls_loss	: 0.0746
-------------------------------------
[Epoch : 32/40]
Src_cls_loss	: 0.0727
-------------------------------------
[Epoch : 33/40]
Src_cls_loss	: 0.0709
-------------------------------------
[Epoch : 34/40]
Src_cls_loss	: 0.0693
-------------------------------------
[Epoch : 35/40]
Src_cls_loss	: 0.0676
-------------------------------------
[Epoch : 36/40]
Src_cls_loss	: 0.0660
-------------------------------------
[Epoch : 37/40]
Src_cls_loss	: 0.0645
-------------------------------------
[Epoch : 38/40]
Src_cls_loss	: 0.0631
-------------------------------------
[Epoch : 39/40]
Src_cls_loss	: 0.0617
-------------------------------------
[Epoch : 40/40]
Src_cls_loss	: 0.0602
-------------------------------------
