=============================================
Dataset: mobiact_realworld
Method:  NO_ADAPT
=============================================
Source: syn_66 ---> Target: dp_66
Run ID: 5
=============================================
[Epoch : 1/40]
Src_cls_loss	: 0.6565
-------------------------------------
[Epoch : 2/40]
Src_cls_loss	: 0.4742
-------------------------------------
[Epoch : 3/40]
Src_cls_loss	: 0.3772
-------------------------------------
[Epoch : 4/40]
Src_cls_loss	: 0.3173
-------------------------------------
[Epoch : 5/40]
Src_cls_loss	: 0.2772
-------------------------------------
[Epoch : 6/40]
Src_cls_loss	: 0.2470
-------------------------------------
[Epoch : 7/40]
Src_cls_loss	: 0.2216
-------------------------------------
[Epoch : 8/40]
Src_cls_loss	: 0.2030
-------------------------------------
[Epoch : 9/40]
Src_cls_loss	: 0.1877
-------------------------------------
[Epoch : 10/40]
Src_cls_loss	: 0.1743
-------------------------------------
[Epoch : 11/40]
Src_cls_loss	: 0.1628
-------------------------------------
[Epoch : 12/40]
Src_cls_loss	: 0.1523
-------------------------------------
[Epoch : 13/40]
Src_cls_loss	: 0.1446
-------------------------------------
[Epoch : 14/40]
Src_cls_loss	: 0.1381
-------------------------------------
[Epoch : 15/40]
Src_cls_loss	: 0.1312
-------------------------------------
[Epoch : 16/40]
Src_cls_loss	: 0.1255
-------------------------------------
[Epoch : 17/40]
Src_cls_loss	: 0.1199
-------------------------------------
[Epoch : 18/40]
Src_cls_loss	: 0.1154
-------------------------------------
[Epoch : 19/40]
Src_cls_loss	: 0.1108
-------------------------------------
[Epoch : 20/40]
Src_cls_loss	: 0.1067
-------------------------------------
[Epoch : 21/40]
Src_cls_loss	: 0.1029
-------------------------------------
[Epoch : 22/40]
Src_cls_loss	: 0.0992
-------------------------------------
[Epoch : 23/40]
Src_cls_loss	: 0.0960
-------------------------------------
[Epoch : 24/40]
Src_cls_loss	: 0.0931
-------------------------------------
[Epoch : 25/40]
Src_cls_loss	: 0.0902
-------------------------------------
[Epoch : 26/40]
Src_cls_loss	: 0.0875
-------------------------------------
[Epoch : 27/40]
Src_cls_loss	: 0.0847
-------------------------------------
[Epoch : 28/40]
Src_cls_loss	: 0.0821
-------------------------------------
[Epoch : 29/40]
Src_cls_loss	: 0.0798
-------------------------------------
[Epoch : 30/40]
Src_cls_loss	: 0.0779
-------------------------------------
[Epoch : 31/40]
Src_cls_loss	: 0.0760
-------------------------------------
[Epoch : 32/40]
Src_cls_loss	: 0.0741
-------------------------------------
[Epoch : 33/40]
Src_cls_loss	: 0.0723
-------------------------------------
[Epoch : 34/40]
Src_cls_loss	: 0.0709
-------------------------------------
[Epoch : 35/40]
Src_cls_loss	: 0.0693
-------------------------------------
[Epoch : 36/40]
Src_cls_loss	: 0.0678
-------------------------------------
[Epoch : 37/40]
Src_cls_loss	: 0.0665
-------------------------------------
[Epoch : 38/40]
Src_cls_loss	: 0.0650
-------------------------------------
[Epoch : 39/40]
Src_cls_loss	: 0.0637
-------------------------------------
[Epoch : 40/40]
Src_cls_loss	: 0.0623
-------------------------------------
