=============================================
Dataset: realworld_mobiact
Method:  NO_ADAPT
=============================================
Source: syn_67 ---> Target: dp_67
Run ID: 3
=============================================
[Epoch : 1/40]
Src_cls_loss	: 0.8933
-------------------------------------
[Epoch : 2/40]
Src_cls_loss	: 0.8017
-------------------------------------
[Epoch : 3/40]
Src_cls_loss	: 0.7041
-------------------------------------
[Epoch : 4/40]
Src_cls_loss	: 0.6105
-------------------------------------
[Epoch : 5/40]
Src_cls_loss	: 0.5373
-------------------------------------
[Epoch : 6/40]
Src_cls_loss	: 0.4822
-------------------------------------
[Epoch : 7/40]
Src_cls_loss	: 0.4429
-------------------------------------
[Epoch : 8/40]
Src_cls_loss	: 0.4059
-------------------------------------
[Epoch : 9/40]
Src_cls_loss	: 0.3758
-------------------------------------
[Epoch : 10/40]
Src_cls_loss	: 0.3471
-------------------------------------
[Epoch : 11/40]
Src_cls_loss	: 0.3239
-------------------------------------
[Epoch : 12/40]
Src_cls_loss	: 0.3034
-------------------------------------
[Epoch : 13/40]
Src_cls_loss	: 0.2861
-------------------------------------
[Epoch : 14/40]
Src_cls_loss	: 0.2704
-------------------------------------
[Epoch : 15/40]
Src_cls_loss	: 0.2555
-------------------------------------
[Epoch : 16/40]
Src_cls_loss	: 0.2430
-------------------------------------
[Epoch : 17/40]
Src_cls_loss	: 0.2319
-------------------------------------
[Epoch : 18/40]
Src_cls_loss	: 0.2218
-------------------------------------
[Epoch : 19/40]
Src_cls_loss	: 0.2126
-------------------------------------
[Epoch : 20/40]
Src_cls_loss	: 0.2044
-------------------------------------
[Epoch : 21/40]
Src_cls_loss	: 0.1967
-------------------------------------
[Epoch : 22/40]
Src_cls_loss	: 0.1899
-------------------------------------
[Epoch : 23/40]
Src_cls_loss	: 0.1838
-------------------------------------
[Epoch : 24/40]
Src_cls_loss	: 0.1778
-------------------------------------
[Epoch : 25/40]
Src_cls_loss	: 0.1718
-------------------------------------
[Epoch : 26/40]
Src_cls_loss	: 0.1666
-------------------------------------
[Epoch : 27/40]
Src_cls_loss	: 0.1622
-------------------------------------
[Epoch : 28/40]
Src_cls_loss	: 0.1585
-------------------------------------
[Epoch : 29/40]
Src_cls_loss	: 0.1541
-------------------------------------
[Epoch : 30/40]
Src_cls_loss	: 0.1502
-------------------------------------
[Epoch : 31/40]
Src_cls_loss	: 0.1464
-------------------------------------
[Epoch : 32/40]
Src_cls_loss	: 0.1426
-------------------------------------
[Epoch : 33/40]
Src_cls_loss	: 0.1392
-------------------------------------
[Epoch : 34/40]
Src_cls_loss	: 0.1364
-------------------------------------
[Epoch : 35/40]
Src_cls_loss	: 0.1335
-------------------------------------
[Epoch : 36/40]
Src_cls_loss	: 0.1305
-------------------------------------
[Epoch : 37/40]
Src_cls_loss	: 0.1277
-------------------------------------
[Epoch : 38/40]
Src_cls_loss	: 0.1249
-------------------------------------
[Epoch : 39/40]
Src_cls_loss	: 0.1223
-------------------------------------
[Epoch : 40/40]
Src_cls_loss	: 0.1198
-------------------------------------
