=============================================
Dataset: realworld_mobiact
Method:  NO_ADAPT
=============================================
Source: syn_54 ---> Target: dp_54
Run ID: 0
=============================================
[Epoch : 1/40]
Src_cls_loss	: 0.9065
-------------------------------------
[Epoch : 2/40]
Src_cls_loss	: 0.7583
-------------------------------------
[Epoch : 3/40]
Src_cls_loss	: 0.6487
-------------------------------------
[Epoch : 4/40]
Src_cls_loss	: 0.5506
-------------------------------------
[Epoch : 5/40]
Src_cls_loss	: 0.4768
-------------------------------------
[Epoch : 6/40]
Src_cls_loss	: 0.4258
-------------------------------------
[Epoch : 7/40]
Src_cls_loss	: 0.3839
-------------------------------------
[Epoch : 8/40]
Src_cls_loss	: 0.3474
-------------------------------------
[Epoch : 9/40]
Src_cls_loss	: 0.3180
-------------------------------------
[Epoch : 10/40]
Src_cls_loss	: 0.2973
-------------------------------------
[Epoch : 11/40]
Src_cls_loss	: 0.2753
-------------------------------------
[Epoch : 12/40]
Src_cls_loss	: 0.2563
-------------------------------------
[Epoch : 13/40]
Src_cls_loss	: 0.2405
-------------------------------------
[Epoch : 14/40]
Src_cls_loss	: 0.2256
-------------------------------------
[Epoch : 15/40]
Src_cls_loss	: 0.2129
-------------------------------------
[Epoch : 16/40]
Src_cls_loss	: 0.2015
-------------------------------------
[Epoch : 17/40]
Src_cls_loss	: 0.1920
-------------------------------------
[Epoch : 18/40]
Src_cls_loss	: 0.1828
-------------------------------------
[Epoch : 19/40]
Src_cls_loss	: 0.1747
-------------------------------------
[Epoch : 20/40]
Src_cls_loss	: 0.1670
-------------------------------------
[Epoch : 21/40]
Src_cls_loss	: 0.1598
-------------------------------------
[Epoch : 22/40]
Src_cls_loss	: 0.1533
-------------------------------------
[Epoch : 23/40]
Src_cls_loss	: 0.1476
-------------------------------------
[Epoch : 24/40]
Src_cls_loss	: 0.1427
-------------------------------------
[Epoch : 25/40]
Src_cls_loss	: 0.1379
-------------------------------------
[Epoch : 26/40]
Src_cls_loss	: 0.1333
-------------------------------------
[Epoch : 27/40]
Src_cls_loss	: 0.1292
-------------------------------------
[Epoch : 28/40]
Src_cls_loss	: 0.1252
-------------------------------------
[Epoch : 29/40]
Src_cls_loss	: 0.1216
-------------------------------------
[Epoch : 30/40]
Src_cls_loss	: 0.1180
-------------------------------------
[Epoch : 31/40]
Src_cls_loss	: 0.1150
-------------------------------------
[Epoch : 32/40]
Src_cls_loss	: 0.1121
-------------------------------------
[Epoch : 33/40]
Src_cls_loss	: 0.1091
-------------------------------------
[Epoch : 34/40]
Src_cls_loss	: 0.1062
-------------------------------------
[Epoch : 35/40]
Src_cls_loss	: 0.1034
-------------------------------------
[Epoch : 36/40]
Src_cls_loss	: 0.1009
-------------------------------------
[Epoch : 37/40]
Src_cls_loss	: 0.0987
-------------------------------------
[Epoch : 38/40]
Src_cls_loss	: 0.0965
-------------------------------------
[Epoch : 39/40]
Src_cls_loss	: 0.0947
-------------------------------------
[Epoch : 40/40]
Src_cls_loss	: 0.0928
-------------------------------------
