=============================================
Dataset: pamap_realworld
Method:  SYN
=============================================
Source: syn_wal_6 ---> Target: dp_wal_6
Run ID: 8
=============================================
[Epoch : 1/40]
Src_cls_loss	: 0.5985
-------------------------------------
[Epoch : 2/40]
Src_cls_loss	: 0.4482
-------------------------------------
[Epoch : 3/40]
Src_cls_loss	: 0.3473
-------------------------------------
[Epoch : 4/40]
Src_cls_loss	: 0.2805
-------------------------------------
[Epoch : 5/40]
Src_cls_loss	: 0.2345
-------------------------------------
[Epoch : 6/40]
Src_cls_loss	: 0.2038
-------------------------------------
[Epoch : 7/40]
Src_cls_loss	: 0.1791
-------------------------------------
[Epoch : 8/40]
Src_cls_loss	: 0.1600
-------------------------------------
[Epoch : 9/40]
Src_cls_loss	: 0.1444
-------------------------------------
[Epoch : 10/40]
Src_cls_loss	: 0.1318
-------------------------------------
[Epoch : 11/40]
Src_cls_loss	: 0.1210
-------------------------------------
[Epoch : 12/40]
Src_cls_loss	: 0.1123
-------------------------------------
[Epoch : 13/40]
Src_cls_loss	: 0.1044
-------------------------------------
[Epoch : 14/40]
Src_cls_loss	: 0.0976
-------------------------------------
[Epoch : 15/40]
Src_cls_loss	: 0.0921
-------------------------------------
[Epoch : 16/40]
Src_cls_loss	: 0.0868
-------------------------------------
[Epoch : 17/40]
Src_cls_loss	: 0.0822
-------------------------------------
[Epoch : 18/40]
Src_cls_loss	: 0.0779
-------------------------------------
[Epoch : 19/40]
Src_cls_loss	: 0.0740
-------------------------------------
[Epoch : 20/40]
Src_cls_loss	: 0.0705
-------------------------------------
[Epoch : 21/40]
Src_cls_loss	: 0.0674
-------------------------------------
[Epoch : 22/40]
Src_cls_loss	: 0.0647
-------------------------------------
[Epoch : 23/40]
Src_cls_loss	: 0.0624
-------------------------------------
[Epoch : 24/40]
Src_cls_loss	: 0.0601
-------------------------------------
[Epoch : 25/40]
Src_cls_loss	: 0.0580
-------------------------------------
[Epoch : 26/40]
Src_cls_loss	: 0.0559
-------------------------------------
[Epoch : 27/40]
Src_cls_loss	: 0.0539
-------------------------------------
[Epoch : 28/40]
Src_cls_loss	: 0.0521
-------------------------------------
[Epoch : 29/40]
Src_cls_loss	: 0.0504
-------------------------------------
[Epoch : 30/40]
Src_cls_loss	: 0.0488
-------------------------------------
[Epoch : 31/40]
Src_cls_loss	: 0.0473
-------------------------------------
[Epoch : 32/40]
Src_cls_loss	: 0.0459
-------------------------------------
[Epoch : 33/40]
Src_cls_loss	: 0.0447
-------------------------------------
[Epoch : 34/40]
Src_cls_loss	: 0.0434
-------------------------------------
[Epoch : 35/40]
Src_cls_loss	: 0.0422
-------------------------------------
[Epoch : 36/40]
Src_cls_loss	: 0.0411
-------------------------------------
[Epoch : 37/40]
Src_cls_loss	: 0.0400
-------------------------------------
[Epoch : 38/40]
Src_cls_loss	: 0.0391
-------------------------------------
[Epoch : 39/40]
Src_cls_loss	: 0.0382
-------------------------------------
[Epoch : 40/40]
Src_cls_loss	: 0.0373
-------------------------------------
