=============================================
Dataset: realworld_mobiact
Method:  DSAN
=============================================
Source: df ---> Target: dp_15
Run ID: 0
=============================================
[Epoch : 1/40]
Total_loss	: 1.3730
LMMD_loss	: 0.4205
Src_cls_loss	: 0.3757
-------------------------------------
[Epoch : 2/40]
Total_loss	: 1.1157
LMMD_loss	: 0.3540
Src_cls_loss	: 0.2949
-------------------------------------
[Epoch : 3/40]
Total_loss	: 0.9989
LMMD_loss	: 0.3287
Src_cls_loss	: 0.2541
-------------------------------------
[Epoch : 4/40]
Total_loss	: 0.9224
LMMD_loss	: 0.3120
Src_cls_loss	: 0.2275
-------------------------------------
[Epoch : 5/40]
Total_loss	: 0.8906
LMMD_loss	: 0.3097
Src_cls_loss	: 0.2125
-------------------------------------
[Epoch : 6/40]
Total_loss	: 0.9151
LMMD_loss	: 0.3269
Src_cls_loss	: 0.2109
-------------------------------------
[Epoch : 7/40]
Total_loss	: 0.9726
LMMD_loss	: 0.3528
Src_cls_loss	: 0.2196
-------------------------------------
[Epoch : 8/40]
Total_loss	: 1.0331
LMMD_loss	: 0.3745
Src_cls_loss	: 0.2335
-------------------------------------
[Epoch : 9/40]
Total_loss	: 1.0821
LMMD_loss	: 0.3827
Src_cls_loss	: 0.2527
-------------------------------------
[Epoch : 10/40]
Total_loss	: 1.1090
LMMD_loss	: 0.3873
Src_cls_loss	: 0.2631
-------------------------------------
[Epoch : 11/40]
Total_loss	: 1.1218
LMMD_loss	: 0.3888
Src_cls_loss	: 0.2687
-------------------------------------
[Epoch : 12/40]
Total_loss	: 1.1326
LMMD_loss	: 0.3899
Src_cls_loss	: 0.2734
-------------------------------------
[Epoch : 13/40]
Total_loss	: 1.1373
LMMD_loss	: 0.3905
Src_cls_loss	: 0.2755
-------------------------------------
[Epoch : 14/40]
Total_loss	: 1.1356
LMMD_loss	: 0.3891
Src_cls_loss	: 0.2757
-------------------------------------
[Epoch : 15/40]
Total_loss	: 1.1345
LMMD_loss	: 0.3887
Src_cls_loss	: 0.2755
-------------------------------------
[Epoch : 16/40]
Total_loss	: 1.1344
LMMD_loss	: 0.3882
Src_cls_loss	: 0.2758
-------------------------------------
[Epoch : 17/40]
Total_loss	: 1.1327
LMMD_loss	: 0.3877
Src_cls_loss	: 0.2754
-------------------------------------
[Epoch : 18/40]
Total_loss	: 1.1319
LMMD_loss	: 0.3881
Src_cls_loss	: 0.2746
-------------------------------------
[Epoch : 19/40]
Total_loss	: 1.1285
LMMD_loss	: 0.3873
Src_cls_loss	: 0.2735
-------------------------------------
[Epoch : 20/40]
Total_loss	: 1.1246
LMMD_loss	: 0.3865
Src_cls_loss	: 0.2721
-------------------------------------
[Epoch : 21/40]
Total_loss	: 1.1213
LMMD_loss	: 0.3858
Src_cls_loss	: 0.2709
-------------------------------------
[Epoch : 22/40]
Total_loss	: 1.1203
LMMD_loss	: 0.3860
Src_cls_loss	: 0.2702
-------------------------------------
[Epoch : 23/40]
Total_loss	: 1.1183
LMMD_loss	: 0.3861
Src_cls_loss	: 0.2691
-------------------------------------
[Epoch : 24/40]
Total_loss	: 1.1166
LMMD_loss	: 0.3860
Src_cls_loss	: 0.2683
-------------------------------------
[Epoch : 25/40]
Total_loss	: 1.1134
LMMD_loss	: 0.3858
Src_cls_loss	: 0.2667
-------------------------------------
[Epoch : 26/40]
Total_loss	: 1.1126
LMMD_loss	: 0.3862
Src_cls_loss	: 0.2660
-------------------------------------
[Epoch : 27/40]
Total_loss	: 1.1089
LMMD_loss	: 0.3855
Src_cls_loss	: 0.2646
-------------------------------------
[Epoch : 28/40]
Total_loss	: 1.1080
LMMD_loss	: 0.3860
Src_cls_loss	: 0.2637
-------------------------------------
[Epoch : 29/40]
Total_loss	: 1.1088
LMMD_loss	: 0.3867
Src_cls_loss	: 0.2635
-------------------------------------
[Epoch : 30/40]
Total_loss	: 1.1079
LMMD_loss	: 0.3871
Src_cls_loss	: 0.2627
-------------------------------------
[Epoch : 31/40]
Total_loss	: 1.1061
LMMD_loss	: 0.3873
Src_cls_loss	: 0.2616
-------------------------------------
[Epoch : 32/40]
Total_loss	: 1.1047
LMMD_loss	: 0.3874
Src_cls_loss	: 0.2607
-------------------------------------
[Epoch : 33/40]
Total_loss	: 1.1018
LMMD_loss	: 0.3870
Src_cls_loss	: 0.2595
-------------------------------------
[Epoch : 34/40]
Total_loss	: 1.1038
LMMD_loss	: 0.3869
Src_cls_loss	: 0.2607
-------------------------------------
[Epoch : 35/40]
Total_loss	: 1.1042
LMMD_loss	: 0.3865
Src_cls_loss	: 0.2613
-------------------------------------
[Epoch : 36/40]
Total_loss	: 1.1041
LMMD_loss	: 0.3861
Src_cls_loss	: 0.2615
-------------------------------------
[Epoch : 37/40]
Total_loss	: 1.1023
LMMD_loss	: 0.3853
Src_cls_loss	: 0.2612
-------------------------------------
[Epoch : 38/40]
Total_loss	: 1.1001
LMMD_loss	: 0.3844
Src_cls_loss	: 0.2608
-------------------------------------
[Epoch : 39/40]
Total_loss	: 1.0974
LMMD_loss	: 0.3836
Src_cls_loss	: 0.2601
-------------------------------------
[Epoch : 40/40]
Total_loss	: 1.0946
LMMD_loss	: 0.3826
Src_cls_loss	: 0.2594
-------------------------------------
