=============================================
Dataset: realworld_mobiact
Method:  NO_ADAPT
=============================================
Source: syn_52 ---> Target: dp_52
Run ID: 6
=============================================
[Epoch : 1/40]
Src_cls_loss	: 0.7820
-------------------------------------
[Epoch : 2/40]
Src_cls_loss	: 0.5834
-------------------------------------
[Epoch : 3/40]
Src_cls_loss	: 0.4512
-------------------------------------
[Epoch : 4/40]
Src_cls_loss	: 0.3618
-------------------------------------
[Epoch : 5/40]
Src_cls_loss	: 0.3037
-------------------------------------
[Epoch : 6/40]
Src_cls_loss	: 0.2632
-------------------------------------
[Epoch : 7/40]
Src_cls_loss	: 0.2319
-------------------------------------
[Epoch : 8/40]
Src_cls_loss	: 0.2066
-------------------------------------
[Epoch : 9/40]
Src_cls_loss	: 0.1869
-------------------------------------
[Epoch : 10/40]
Src_cls_loss	: 0.1707
-------------------------------------
[Epoch : 11/40]
Src_cls_loss	: 0.1570
-------------------------------------
[Epoch : 12/40]
Src_cls_loss	: 0.1452
-------------------------------------
[Epoch : 13/40]
Src_cls_loss	: 0.1359
-------------------------------------
[Epoch : 14/40]
Src_cls_loss	: 0.1276
-------------------------------------
[Epoch : 15/40]
Src_cls_loss	: 0.1200
-------------------------------------
[Epoch : 16/40]
Src_cls_loss	: 0.1134
-------------------------------------
[Epoch : 17/40]
Src_cls_loss	: 0.1073
-------------------------------------
[Epoch : 18/40]
Src_cls_loss	: 0.1019
-------------------------------------
[Epoch : 19/40]
Src_cls_loss	: 0.0968
-------------------------------------
[Epoch : 20/40]
Src_cls_loss	: 0.0925
-------------------------------------
[Epoch : 21/40]
Src_cls_loss	: 0.0885
-------------------------------------
[Epoch : 22/40]
Src_cls_loss	: 0.0847
-------------------------------------
[Epoch : 23/40]
Src_cls_loss	: 0.0812
-------------------------------------
[Epoch : 24/40]
Src_cls_loss	: 0.0782
-------------------------------------
[Epoch : 25/40]
Src_cls_loss	: 0.0753
-------------------------------------
[Epoch : 26/40]
Src_cls_loss	: 0.0726
-------------------------------------
[Epoch : 27/40]
Src_cls_loss	: 0.0700
-------------------------------------
[Epoch : 28/40]
Src_cls_loss	: 0.0677
-------------------------------------
[Epoch : 29/40]
Src_cls_loss	: 0.0655
-------------------------------------
[Epoch : 30/40]
Src_cls_loss	: 0.0636
-------------------------------------
[Epoch : 31/40]
Src_cls_loss	: 0.0618
-------------------------------------
[Epoch : 32/40]
Src_cls_loss	: 0.0600
-------------------------------------
[Epoch : 33/40]
Src_cls_loss	: 0.0584
-------------------------------------
[Epoch : 34/40]
Src_cls_loss	: 0.0568
-------------------------------------
[Epoch : 35/40]
Src_cls_loss	: 0.0554
-------------------------------------
[Epoch : 36/40]
Src_cls_loss	: 0.0540
-------------------------------------
[Epoch : 37/40]
Src_cls_loss	: 0.0527
-------------------------------------
[Epoch : 38/40]
Src_cls_loss	: 0.0514
-------------------------------------
[Epoch : 39/40]
Src_cls_loss	: 0.0501
-------------------------------------
[Epoch : 40/40]
Src_cls_loss	: 0.0491
-------------------------------------
