=============================================
Dataset: realworld_mobiact
Method:  NO_ADAPT
=============================================
Source: syn_60 ---> Target: dp_60
Run ID: 6
=============================================
[Epoch : 1/40]
Src_cls_loss	: 0.6770
-------------------------------------
[Epoch : 2/40]
Src_cls_loss	: 0.5423
-------------------------------------
[Epoch : 3/40]
Src_cls_loss	: 0.4584
-------------------------------------
[Epoch : 4/40]
Src_cls_loss	: 0.3994
-------------------------------------
[Epoch : 5/40]
Src_cls_loss	: 0.3502
-------------------------------------
[Epoch : 6/40]
Src_cls_loss	: 0.3194
-------------------------------------
[Epoch : 7/40]
Src_cls_loss	: 0.2951
-------------------------------------
[Epoch : 8/40]
Src_cls_loss	: 0.2727
-------------------------------------
[Epoch : 9/40]
Src_cls_loss	: 0.2529
-------------------------------------
[Epoch : 10/40]
Src_cls_loss	: 0.2358
-------------------------------------
[Epoch : 11/40]
Src_cls_loss	: 0.2207
-------------------------------------
[Epoch : 12/40]
Src_cls_loss	: 0.2076
-------------------------------------
[Epoch : 13/40]
Src_cls_loss	: 0.1959
-------------------------------------
[Epoch : 14/40]
Src_cls_loss	: 0.1866
-------------------------------------
[Epoch : 15/40]
Src_cls_loss	: 0.1775
-------------------------------------
[Epoch : 16/40]
Src_cls_loss	: 0.1709
-------------------------------------
[Epoch : 17/40]
Src_cls_loss	: 0.1638
-------------------------------------
[Epoch : 18/40]
Src_cls_loss	: 0.1564
-------------------------------------
[Epoch : 19/40]
Src_cls_loss	: 0.1498
-------------------------------------
[Epoch : 20/40]
Src_cls_loss	: 0.1441
-------------------------------------
[Epoch : 21/40]
Src_cls_loss	: 0.1392
-------------------------------------
[Epoch : 22/40]
Src_cls_loss	: 0.1343
-------------------------------------
[Epoch : 23/40]
Src_cls_loss	: 0.1294
-------------------------------------
[Epoch : 24/40]
Src_cls_loss	: 0.1251
-------------------------------------
[Epoch : 25/40]
Src_cls_loss	: 0.1209
-------------------------------------
[Epoch : 26/40]
Src_cls_loss	: 0.1171
-------------------------------------
[Epoch : 27/40]
Src_cls_loss	: 0.1137
-------------------------------------
[Epoch : 28/40]
Src_cls_loss	: 0.1103
-------------------------------------
[Epoch : 29/40]
Src_cls_loss	: 0.1074
-------------------------------------
[Epoch : 30/40]
Src_cls_loss	: 0.1053
-------------------------------------
[Epoch : 31/40]
Src_cls_loss	: 0.1025
-------------------------------------
[Epoch : 32/40]
Src_cls_loss	: 0.1000
-------------------------------------
[Epoch : 33/40]
Src_cls_loss	: 0.0976
-------------------------------------
[Epoch : 34/40]
Src_cls_loss	: 0.0953
-------------------------------------
[Epoch : 35/40]
Src_cls_loss	: 0.0933
-------------------------------------
[Epoch : 36/40]
Src_cls_loss	: 0.0910
-------------------------------------
[Epoch : 37/40]
Src_cls_loss	: 0.0891
-------------------------------------
[Epoch : 38/40]
Src_cls_loss	: 0.0874
-------------------------------------
[Epoch : 39/40]
Src_cls_loss	: 0.0857
-------------------------------------
[Epoch : 40/40]
Src_cls_loss	: 0.0842
-------------------------------------
