=============================================
Dataset: pamap_mobiact
Method:  NO_ADAPT
=============================================
Source: syn_13 ---> Target: dp_13
Run ID: 6
=============================================
[Epoch : 1/40]
Src_cls_loss	: 0.7365
-------------------------------------
[Epoch : 2/40]
Src_cls_loss	: 0.5667
-------------------------------------
[Epoch : 3/40]
Src_cls_loss	: 0.4720
-------------------------------------
[Epoch : 4/40]
Src_cls_loss	: 0.4009
-------------------------------------
[Epoch : 5/40]
Src_cls_loss	: 0.3456
-------------------------------------
[Epoch : 6/40]
Src_cls_loss	: 0.3054
-------------------------------------
[Epoch : 7/40]
Src_cls_loss	: 0.2735
-------------------------------------
[Epoch : 8/40]
Src_cls_loss	: 0.2492
-------------------------------------
[Epoch : 9/40]
Src_cls_loss	: 0.2270
-------------------------------------
[Epoch : 10/40]
Src_cls_loss	: 0.2105
-------------------------------------
[Epoch : 11/40]
Src_cls_loss	: 0.1954
-------------------------------------
[Epoch : 12/40]
Src_cls_loss	: 0.1841
-------------------------------------
[Epoch : 13/40]
Src_cls_loss	: 0.1732
-------------------------------------
[Epoch : 14/40]
Src_cls_loss	: 0.1635
-------------------------------------
[Epoch : 15/40]
Src_cls_loss	: 0.1550
-------------------------------------
[Epoch : 16/40]
Src_cls_loss	: 0.1470
-------------------------------------
[Epoch : 17/40]
Src_cls_loss	: 0.1411
-------------------------------------
[Epoch : 18/40]
Src_cls_loss	: 0.1351
-------------------------------------
[Epoch : 19/40]
Src_cls_loss	: 0.1296
-------------------------------------
[Epoch : 20/40]
Src_cls_loss	: 0.1241
-------------------------------------
[Epoch : 21/40]
Src_cls_loss	: 0.1191
-------------------------------------
[Epoch : 22/40]
Src_cls_loss	: 0.1145
-------------------------------------
[Epoch : 23/40]
Src_cls_loss	: 0.1102
-------------------------------------
[Epoch : 24/40]
Src_cls_loss	: 0.1064
-------------------------------------
[Epoch : 25/40]
Src_cls_loss	: 0.1026
-------------------------------------
[Epoch : 26/40]
Src_cls_loss	: 0.0993
-------------------------------------
[Epoch : 27/40]
Src_cls_loss	: 0.0961
-------------------------------------
[Epoch : 28/40]
Src_cls_loss	: 0.0932
-------------------------------------
[Epoch : 29/40]
Src_cls_loss	: 0.0904
-------------------------------------
[Epoch : 30/40]
Src_cls_loss	: 0.0878
-------------------------------------
[Epoch : 31/40]
Src_cls_loss	: 0.0853
-------------------------------------
[Epoch : 32/40]
Src_cls_loss	: 0.0830
-------------------------------------
[Epoch : 33/40]
Src_cls_loss	: 0.0807
-------------------------------------
[Epoch : 34/40]
Src_cls_loss	: 0.0787
-------------------------------------
[Epoch : 35/40]
Src_cls_loss	: 0.0765
-------------------------------------
[Epoch : 36/40]
Src_cls_loss	: 0.0745
-------------------------------------
[Epoch : 37/40]
Src_cls_loss	: 0.0727
-------------------------------------
[Epoch : 38/40]
Src_cls_loss	: 0.0710
-------------------------------------
[Epoch : 39/40]
Src_cls_loss	: 0.0694
-------------------------------------
[Epoch : 40/40]
Src_cls_loss	: 0.0678
-------------------------------------
