=============================================
Dataset: realworld_mobiact
Method:  SYN
=============================================
Source: syn_wal_65 ---> Target: dp_wal_65
Run ID: 7
=============================================
[Epoch : 1/40]
Src_cls_loss	: 0.8798
-------------------------------------
[Epoch : 2/40]
Src_cls_loss	: 0.7810
-------------------------------------
[Epoch : 3/40]
Src_cls_loss	: 0.6706
-------------------------------------
[Epoch : 4/40]
Src_cls_loss	: 0.5777
-------------------------------------
[Epoch : 5/40]
Src_cls_loss	: 0.4950
-------------------------------------
[Epoch : 6/40]
Src_cls_loss	: 0.4282
-------------------------------------
[Epoch : 7/40]
Src_cls_loss	: 0.3758
-------------------------------------
[Epoch : 8/40]
Src_cls_loss	: 0.3351
-------------------------------------
[Epoch : 9/40]
Src_cls_loss	: 0.3033
-------------------------------------
[Epoch : 10/40]
Src_cls_loss	: 0.2773
-------------------------------------
[Epoch : 11/40]
Src_cls_loss	: 0.2550
-------------------------------------
[Epoch : 12/40]
Src_cls_loss	: 0.2361
-------------------------------------
[Epoch : 13/40]
Src_cls_loss	: 0.2203
-------------------------------------
[Epoch : 14/40]
Src_cls_loss	: 0.2070
-------------------------------------
[Epoch : 15/40]
Src_cls_loss	: 0.1948
-------------------------------------
[Epoch : 16/40]
Src_cls_loss	: 0.1842
-------------------------------------
[Epoch : 17/40]
Src_cls_loss	: 0.1748
-------------------------------------
[Epoch : 18/40]
Src_cls_loss	: 0.1665
-------------------------------------
[Epoch : 19/40]
Src_cls_loss	: 0.1587
-------------------------------------
[Epoch : 20/40]
Src_cls_loss	: 0.1517
-------------------------------------
[Epoch : 21/40]
Src_cls_loss	: 0.1454
-------------------------------------
[Epoch : 22/40]
Src_cls_loss	: 0.1397
-------------------------------------
[Epoch : 23/40]
Src_cls_loss	: 0.1345
-------------------------------------
[Epoch : 24/40]
Src_cls_loss	: 0.1297
-------------------------------------
[Epoch : 25/40]
Src_cls_loss	: 0.1254
-------------------------------------
[Epoch : 26/40]
Src_cls_loss	: 0.1213
-------------------------------------
[Epoch : 27/40]
Src_cls_loss	: 0.1175
-------------------------------------
[Epoch : 28/40]
Src_cls_loss	: 0.1140
-------------------------------------
[Epoch : 29/40]
Src_cls_loss	: 0.1106
-------------------------------------
[Epoch : 30/40]
Src_cls_loss	: 0.1075
-------------------------------------
[Epoch : 31/40]
Src_cls_loss	: 0.1045
-------------------------------------
[Epoch : 32/40]
Src_cls_loss	: 0.1018
-------------------------------------
[Epoch : 33/40]
Src_cls_loss	: 0.0992
-------------------------------------
[Epoch : 34/40]
Src_cls_loss	: 0.0968
-------------------------------------
[Epoch : 35/40]
Src_cls_loss	: 0.0945
-------------------------------------
[Epoch : 36/40]
Src_cls_loss	: 0.0924
-------------------------------------
[Epoch : 37/40]
Src_cls_loss	: 0.0903
-------------------------------------
[Epoch : 38/40]
Src_cls_loss	: 0.0883
-------------------------------------
[Epoch : 39/40]
Src_cls_loss	: 0.0864
-------------------------------------
[Epoch : 40/40]
Src_cls_loss	: 0.0847
-------------------------------------
