=============================================
Dataset: pamap_realworld
Method:  SYN
=============================================
Source: syn_wal_7 ---> Target: dp_wal_7
Run ID: 6
=============================================
[Epoch : 1/40]
Src_cls_loss	: 0.5296
-------------------------------------
[Epoch : 2/40]
Src_cls_loss	: 0.3958
-------------------------------------
[Epoch : 3/40]
Src_cls_loss	: 0.3035
-------------------------------------
[Epoch : 4/40]
Src_cls_loss	: 0.2476
-------------------------------------
[Epoch : 5/40]
Src_cls_loss	: 0.2069
-------------------------------------
[Epoch : 6/40]
Src_cls_loss	: 0.1786
-------------------------------------
[Epoch : 7/40]
Src_cls_loss	: 0.1571
-------------------------------------
[Epoch : 8/40]
Src_cls_loss	: 0.1399
-------------------------------------
[Epoch : 9/40]
Src_cls_loss	: 0.1259
-------------------------------------
[Epoch : 10/40]
Src_cls_loss	: 0.1150
-------------------------------------
[Epoch : 11/40]
Src_cls_loss	: 0.1060
-------------------------------------
[Epoch : 12/40]
Src_cls_loss	: 0.0984
-------------------------------------
[Epoch : 13/40]
Src_cls_loss	: 0.0916
-------------------------------------
[Epoch : 14/40]
Src_cls_loss	: 0.0855
-------------------------------------
[Epoch : 15/40]
Src_cls_loss	: 0.0804
-------------------------------------
[Epoch : 16/40]
Src_cls_loss	: 0.0757
-------------------------------------
[Epoch : 17/40]
Src_cls_loss	: 0.0716
-------------------------------------
[Epoch : 18/40]
Src_cls_loss	: 0.0678
-------------------------------------
[Epoch : 19/40]
Src_cls_loss	: 0.0648
-------------------------------------
[Epoch : 20/40]
Src_cls_loss	: 0.0619
-------------------------------------
[Epoch : 21/40]
Src_cls_loss	: 0.0592
-------------------------------------
[Epoch : 22/40]
Src_cls_loss	: 0.0567
-------------------------------------
[Epoch : 23/40]
Src_cls_loss	: 0.0547
-------------------------------------
[Epoch : 24/40]
Src_cls_loss	: 0.0530
-------------------------------------
[Epoch : 25/40]
Src_cls_loss	: 0.0513
-------------------------------------
[Epoch : 26/40]
Src_cls_loss	: 0.0498
-------------------------------------
[Epoch : 27/40]
Src_cls_loss	: 0.0481
-------------------------------------
[Epoch : 28/40]
Src_cls_loss	: 0.0464
-------------------------------------
[Epoch : 29/40]
Src_cls_loss	: 0.0449
-------------------------------------
[Epoch : 30/40]
Src_cls_loss	: 0.0436
-------------------------------------
[Epoch : 31/40]
Src_cls_loss	: 0.0423
-------------------------------------
[Epoch : 32/40]
Src_cls_loss	: 0.0412
-------------------------------------
[Epoch : 33/40]
Src_cls_loss	: 0.0400
-------------------------------------
[Epoch : 34/40]
Src_cls_loss	: 0.0389
-------------------------------------
[Epoch : 35/40]
Src_cls_loss	: 0.0378
-------------------------------------
[Epoch : 36/40]
Src_cls_loss	: 0.0368
-------------------------------------
[Epoch : 37/40]
Src_cls_loss	: 0.0359
-------------------------------------
[Epoch : 38/40]
Src_cls_loss	: 0.0350
-------------------------------------
[Epoch : 39/40]
Src_cls_loss	: 0.0342
-------------------------------------
[Epoch : 40/40]
Src_cls_loss	: 0.0334
-------------------------------------
