=============================================
Dataset: pamap_mobiact
Method:  NO_ADAPT
=============================================
Source: syn_27 ---> Target: dp_27
Run ID: 3
=============================================
[Epoch : 1/40]
Src_cls_loss	: 0.6464
-------------------------------------
[Epoch : 2/40]
Src_cls_loss	: 0.4923
-------------------------------------
[Epoch : 3/40]
Src_cls_loss	: 0.4030
-------------------------------------
[Epoch : 4/40]
Src_cls_loss	: 0.3351
-------------------------------------
[Epoch : 5/40]
Src_cls_loss	: 0.2954
-------------------------------------
[Epoch : 6/40]
Src_cls_loss	: 0.2643
-------------------------------------
[Epoch : 7/40]
Src_cls_loss	: 0.2410
-------------------------------------
[Epoch : 8/40]
Src_cls_loss	: 0.2202
-------------------------------------
[Epoch : 9/40]
Src_cls_loss	: 0.2014
-------------------------------------
[Epoch : 10/40]
Src_cls_loss	: 0.1857
-------------------------------------
[Epoch : 11/40]
Src_cls_loss	: 0.1714
-------------------------------------
[Epoch : 12/40]
Src_cls_loss	: 0.1602
-------------------------------------
[Epoch : 13/40]
Src_cls_loss	: 0.1510
-------------------------------------
[Epoch : 14/40]
Src_cls_loss	: 0.1429
-------------------------------------
[Epoch : 15/40]
Src_cls_loss	: 0.1358
-------------------------------------
[Epoch : 16/40]
Src_cls_loss	: 0.1289
-------------------------------------
[Epoch : 17/40]
Src_cls_loss	: 0.1229
-------------------------------------
[Epoch : 18/40]
Src_cls_loss	: 0.1176
-------------------------------------
[Epoch : 19/40]
Src_cls_loss	: 0.1128
-------------------------------------
[Epoch : 20/40]
Src_cls_loss	: 0.1078
-------------------------------------
[Epoch : 21/40]
Src_cls_loss	: 0.1033
-------------------------------------
[Epoch : 22/40]
Src_cls_loss	: 0.0997
-------------------------------------
[Epoch : 23/40]
Src_cls_loss	: 0.0961
-------------------------------------
[Epoch : 24/40]
Src_cls_loss	: 0.0929
-------------------------------------
[Epoch : 25/40]
Src_cls_loss	: 0.0896
-------------------------------------
[Epoch : 26/40]
Src_cls_loss	: 0.0867
-------------------------------------
[Epoch : 27/40]
Src_cls_loss	: 0.0838
-------------------------------------
[Epoch : 28/40]
Src_cls_loss	: 0.0813
-------------------------------------
[Epoch : 29/40]
Src_cls_loss	: 0.0789
-------------------------------------
[Epoch : 30/40]
Src_cls_loss	: 0.0765
-------------------------------------
[Epoch : 31/40]
Src_cls_loss	: 0.0743
-------------------------------------
[Epoch : 32/40]
Src_cls_loss	: 0.0721
-------------------------------------
[Epoch : 33/40]
Src_cls_loss	: 0.0701
-------------------------------------
[Epoch : 34/40]
Src_cls_loss	: 0.0684
-------------------------------------
[Epoch : 35/40]
Src_cls_loss	: 0.0666
-------------------------------------
[Epoch : 36/40]
Src_cls_loss	: 0.0649
-------------------------------------
[Epoch : 37/40]
Src_cls_loss	: 0.0635
-------------------------------------
[Epoch : 38/40]
Src_cls_loss	: 0.0622
-------------------------------------
[Epoch : 39/40]
Src_cls_loss	: 0.0609
-------------------------------------
[Epoch : 40/40]
Src_cls_loss	: 0.0596
-------------------------------------
