=============================================
Dataset: pamap_mobiact
Method:  SYN
=============================================
Source: syn_wal_30 ---> Target: dp_wal_30
Run ID: 6
=============================================
[Epoch : 1/40]
Src_cls_loss	: 0.7379
-------------------------------------
[Epoch : 2/40]
Src_cls_loss	: 0.5411
-------------------------------------
[Epoch : 3/40]
Src_cls_loss	: 0.4291
-------------------------------------
[Epoch : 4/40]
Src_cls_loss	: 0.3571
-------------------------------------
[Epoch : 5/40]
Src_cls_loss	: 0.3094
-------------------------------------
[Epoch : 6/40]
Src_cls_loss	: 0.2715
-------------------------------------
[Epoch : 7/40]
Src_cls_loss	: 0.2408
-------------------------------------
[Epoch : 8/40]
Src_cls_loss	: 0.2175
-------------------------------------
[Epoch : 9/40]
Src_cls_loss	: 0.1977
-------------------------------------
[Epoch : 10/40]
Src_cls_loss	: 0.1809
-------------------------------------
[Epoch : 11/40]
Src_cls_loss	: 0.1677
-------------------------------------
[Epoch : 12/40]
Src_cls_loss	: 0.1564
-------------------------------------
[Epoch : 13/40]
Src_cls_loss	: 0.1461
-------------------------------------
[Epoch : 14/40]
Src_cls_loss	: 0.1369
-------------------------------------
[Epoch : 15/40]
Src_cls_loss	: 0.1289
-------------------------------------
[Epoch : 16/40]
Src_cls_loss	: 0.1221
-------------------------------------
[Epoch : 17/40]
Src_cls_loss	: 0.1156
-------------------------------------
[Epoch : 18/40]
Src_cls_loss	: 0.1098
-------------------------------------
[Epoch : 19/40]
Src_cls_loss	: 0.1047
-------------------------------------
[Epoch : 20/40]
Src_cls_loss	: 0.1000
-------------------------------------
[Epoch : 21/40]
Src_cls_loss	: 0.0955
-------------------------------------
[Epoch : 22/40]
Src_cls_loss	: 0.0915
-------------------------------------
[Epoch : 23/40]
Src_cls_loss	: 0.0878
-------------------------------------
[Epoch : 24/40]
Src_cls_loss	: 0.0844
-------------------------------------
[Epoch : 25/40]
Src_cls_loss	: 0.0813
-------------------------------------
[Epoch : 26/40]
Src_cls_loss	: 0.0785
-------------------------------------
[Epoch : 27/40]
Src_cls_loss	: 0.0757
-------------------------------------
[Epoch : 28/40]
Src_cls_loss	: 0.0732
-------------------------------------
[Epoch : 29/40]
Src_cls_loss	: 0.0708
-------------------------------------
[Epoch : 30/40]
Src_cls_loss	: 0.0686
-------------------------------------
[Epoch : 31/40]
Src_cls_loss	: 0.0665
-------------------------------------
[Epoch : 32/40]
Src_cls_loss	: 0.0645
-------------------------------------
[Epoch : 33/40]
Src_cls_loss	: 0.0626
-------------------------------------
[Epoch : 34/40]
Src_cls_loss	: 0.0612
-------------------------------------
[Epoch : 35/40]
Src_cls_loss	: 0.0598
-------------------------------------
[Epoch : 36/40]
Src_cls_loss	: 0.0584
-------------------------------------
[Epoch : 37/40]
Src_cls_loss	: 0.0571
-------------------------------------
[Epoch : 38/40]
Src_cls_loss	: 0.0557
-------------------------------------
[Epoch : 39/40]
Src_cls_loss	: 0.0544
-------------------------------------
[Epoch : 40/40]
Src_cls_loss	: 0.0532
-------------------------------------
