=============================================
Dataset: realworld_mobiact
Method:  Deep_Coral
=============================================
Source: df ---> Target: dp_34
Run ID: 0
=============================================
[Epoch : 1/40]
Total_loss	: 2.4500
Src_cls_loss	: 0.3670
coral_loss	: 0.0007
-------------------------------------
[Epoch : 2/40]
Total_loss	: 1.9990
Src_cls_loss	: 0.2994
coral_loss	: 0.0006
-------------------------------------
[Epoch : 3/40]
Total_loss	: 1.7560
Src_cls_loss	: 0.2631
coral_loss	: 0.0005
-------------------------------------
[Epoch : 4/40]
Total_loss	: 1.6009
Src_cls_loss	: 0.2398
coral_loss	: 0.0004
-------------------------------------
[Epoch : 5/40]
Total_loss	: 1.4887
Src_cls_loss	: 0.2230
coral_loss	: 0.0004
-------------------------------------
[Epoch : 6/40]
Total_loss	: 1.4075
Src_cls_loss	: 0.2109
coral_loss	: 0.0004
-------------------------------------
[Epoch : 7/40]
Total_loss	: 1.3426
Src_cls_loss	: 0.2011
coral_loss	: 0.0004
-------------------------------------
[Epoch : 8/40]
Total_loss	: 1.2831
Src_cls_loss	: 0.1922
coral_loss	: 0.0003
-------------------------------------
[Epoch : 9/40]
Total_loss	: 1.2252
Src_cls_loss	: 0.1836
coral_loss	: 0.0003
-------------------------------------
[Epoch : 10/40]
Total_loss	: 1.1775
Src_cls_loss	: 0.1764
coral_loss	: 0.0003
-------------------------------------
[Epoch : 11/40]
Total_loss	: 1.1351
Src_cls_loss	: 0.1701
coral_loss	: 0.0003
-------------------------------------
[Epoch : 12/40]
Total_loss	: 1.0958
Src_cls_loss	: 0.1642
coral_loss	: 0.0003
-------------------------------------
[Epoch : 13/40]
Total_loss	: 1.0608
Src_cls_loss	: 0.1589
coral_loss	: 0.0003
-------------------------------------
[Epoch : 14/40]
Total_loss	: 1.0285
Src_cls_loss	: 0.1541
coral_loss	: 0.0003
-------------------------------------
[Epoch : 15/40]
Total_loss	: 0.9988
Src_cls_loss	: 0.1496
coral_loss	: 0.0003
-------------------------------------
[Epoch : 16/40]
Total_loss	: 0.9702
Src_cls_loss	: 0.1453
coral_loss	: 0.0003
-------------------------------------
[Epoch : 17/40]
Total_loss	: 0.9435
Src_cls_loss	: 0.1414
coral_loss	: 0.0003
-------------------------------------
[Epoch : 18/40]
Total_loss	: 0.9199
Src_cls_loss	: 0.1378
coral_loss	: 0.0003
-------------------------------------
[Epoch : 19/40]
Total_loss	: 0.8955
Src_cls_loss	: 0.1342
coral_loss	: 0.0003
-------------------------------------
[Epoch : 20/40]
Total_loss	: 0.8733
Src_cls_loss	: 0.1308
coral_loss	: 0.0002
-------------------------------------
[Epoch : 21/40]
Total_loss	: 0.8517
Src_cls_loss	: 0.1276
coral_loss	: 0.0002
-------------------------------------
[Epoch : 22/40]
Total_loss	: 0.8308
Src_cls_loss	: 0.1245
coral_loss	: 0.0002
-------------------------------------
[Epoch : 23/40]
Total_loss	: 0.8115
Src_cls_loss	: 0.1216
coral_loss	: 0.0002
-------------------------------------
[Epoch : 24/40]
Total_loss	: 0.7927
Src_cls_loss	: 0.1187
coral_loss	: 0.0002
-------------------------------------
[Epoch : 25/40]
Total_loss	: 0.7744
Src_cls_loss	: 0.1160
coral_loss	: 0.0002
-------------------------------------
[Epoch : 26/40]
Total_loss	: 0.7569
Src_cls_loss	: 0.1134
coral_loss	: 0.0002
-------------------------------------
[Epoch : 27/40]
Total_loss	: 0.7405
Src_cls_loss	: 0.1109
coral_loss	: 0.0002
-------------------------------------
[Epoch : 28/40]
Total_loss	: 0.7246
Src_cls_loss	: 0.1085
coral_loss	: 0.0002
-------------------------------------
[Epoch : 29/40]
Total_loss	: 0.7094
Src_cls_loss	: 0.1063
coral_loss	: 0.0002
-------------------------------------
[Epoch : 30/40]
Total_loss	: 0.6951
Src_cls_loss	: 0.1041
coral_loss	: 0.0002
-------------------------------------
[Epoch : 31/40]
Total_loss	: 0.6805
Src_cls_loss	: 0.1019
coral_loss	: 0.0002
-------------------------------------
[Epoch : 32/40]
Total_loss	: 0.6664
Src_cls_loss	: 0.0998
coral_loss	: 0.0002
-------------------------------------
[Epoch : 33/40]
Total_loss	: 0.6537
Src_cls_loss	: 0.0979
coral_loss	: 0.0002
-------------------------------------
[Epoch : 34/40]
Total_loss	: 0.6415
Src_cls_loss	: 0.0961
coral_loss	: 0.0002
-------------------------------------
[Epoch : 35/40]
Total_loss	: 0.6289
Src_cls_loss	: 0.0942
coral_loss	: 0.0002
-------------------------------------
[Epoch : 36/40]
Total_loss	: 0.6181
Src_cls_loss	: 0.0926
coral_loss	: 0.0002
-------------------------------------
[Epoch : 37/40]
Total_loss	: 0.6062
Src_cls_loss	: 0.0908
coral_loss	: 0.0002
-------------------------------------
[Epoch : 38/40]
Total_loss	: 0.5950
Src_cls_loss	: 0.0891
coral_loss	: 0.0002
-------------------------------------
[Epoch : 39/40]
Total_loss	: 0.5846
Src_cls_loss	: 0.0875
coral_loss	: 0.0002
-------------------------------------
[Epoch : 40/40]
Total_loss	: 0.5746
Src_cls_loss	: 0.0860
coral_loss	: 0.0002
-------------------------------------
