=============================================
Dataset: realworld_mobiact
Method:  TARGET_ONLY
=============================================
Source: df ---> Target: dp_15
Run ID: 0
=============================================
[Epoch : 1/40]
Trg_cls_loss	: 1.2841
-------------------------------------
[Epoch : 2/40]
Trg_cls_loss	: 0.9470
-------------------------------------
[Epoch : 3/40]
Trg_cls_loss	: 0.7582
-------------------------------------
[Epoch : 4/40]
Trg_cls_loss	: 0.6335
-------------------------------------
[Epoch : 5/40]
Trg_cls_loss	: 0.5396
-------------------------------------
[Epoch : 6/40]
Trg_cls_loss	: 0.4631
-------------------------------------
[Epoch : 7/40]
Trg_cls_loss	: 0.4077
-------------------------------------
[Epoch : 8/40]
Trg_cls_loss	: 0.3599
-------------------------------------
[Epoch : 9/40]
Trg_cls_loss	: 0.3231
Src_cls_loss	: 0.0000
-------------------------------------
[Epoch : 10/40]
Trg_cls_loss	: 0.2951
Src_cls_loss	: 0.0000
-------------------------------------
[Epoch : 11/40]
Trg_cls_loss	: 0.2878
Src_cls_loss	: 0.0000
-------------------------------------
[Epoch : 12/40]
Trg_cls_loss	: 0.2641
Src_cls_loss	: 0.0000
-------------------------------------
[Epoch : 13/40]
Trg_cls_loss	: 0.2489
Src_cls_loss	: 0.0000
-------------------------------------
[Epoch : 14/40]
Trg_cls_loss	: 0.2365
Src_cls_loss	: 0.0000
-------------------------------------
[Epoch : 15/40]
Trg_cls_loss	: 0.2213
Src_cls_loss	: 0.0000
-------------------------------------
[Epoch : 16/40]
Trg_cls_loss	: 0.2077
Src_cls_loss	: 0.0000
-------------------------------------
[Epoch : 17/40]
Trg_cls_loss	: 0.1986
Src_cls_loss	: 0.0000
-------------------------------------
[Epoch : 18/40]
Trg_cls_loss	: 0.1905
Src_cls_loss	: 0.0000
-------------------------------------
[Epoch : 19/40]
Trg_cls_loss	: 0.1806
Src_cls_loss	: 0.0000
-------------------------------------
[Epoch : 20/40]
Trg_cls_loss	: 0.1716
Src_cls_loss	: 0.0000
-------------------------------------
[Epoch : 21/40]
Trg_cls_loss	: 0.1635
Src_cls_loss	: 0.0000
-------------------------------------
[Epoch : 22/40]
Trg_cls_loss	: 0.1561
Src_cls_loss	: 0.0000
-------------------------------------
[Epoch : 23/40]
Trg_cls_loss	: 0.1499
Src_cls_loss	: 0.0000
-------------------------------------
[Epoch : 24/40]
Trg_cls_loss	: 0.1439
Src_cls_loss	: 0.0000
-------------------------------------
[Epoch : 25/40]
Trg_cls_loss	: 0.1382
Src_cls_loss	: 0.0000
-------------------------------------
[Epoch : 26/40]
Trg_cls_loss	: 0.1329
Src_cls_loss	: 0.0000
-------------------------------------
[Epoch : 27/40]
Trg_cls_loss	: 0.1280
Src_cls_loss	: 0.0000
-------------------------------------
[Epoch : 28/40]
Trg_cls_loss	: 0.1235
Src_cls_loss	: 0.0000
-------------------------------------
[Epoch : 29/40]
Trg_cls_loss	: 0.1193
Src_cls_loss	: 0.0000
-------------------------------------
[Epoch : 30/40]
Trg_cls_loss	: 0.1153
Src_cls_loss	: 0.0000
-------------------------------------
[Epoch : 31/40]
Trg_cls_loss	: 0.1116
Src_cls_loss	: 0.0000
-------------------------------------
[Epoch : 32/40]
Trg_cls_loss	: 0.1081
Src_cls_loss	: 0.0000
-------------------------------------
[Epoch : 33/40]
Trg_cls_loss	: 0.1049
Src_cls_loss	: 0.0000
-------------------------------------
[Epoch : 34/40]
Trg_cls_loss	: 0.1018
Src_cls_loss	: 0.0000
-------------------------------------
[Epoch : 35/40]
Trg_cls_loss	: 0.0989
Src_cls_loss	: 0.0000
-------------------------------------
[Epoch : 36/40]
Trg_cls_loss	: 0.0962
Src_cls_loss	: 0.0000
-------------------------------------
[Epoch : 37/40]
Trg_cls_loss	: 0.0936
Src_cls_loss	: 0.0000
-------------------------------------
[Epoch : 38/40]
Trg_cls_loss	: 0.0911
Src_cls_loss	: 0.0000
-------------------------------------
[Epoch : 39/40]
Trg_cls_loss	: 0.0888
Src_cls_loss	: 0.0000
-------------------------------------
[Epoch : 40/40]
Trg_cls_loss	: 0.0866
Src_cls_loss	: 0.0000
-------------------------------------
