=============================================
Dataset: CWRU_OR_centred
Method:  TARGET_ONLY
=============================================
Source: 0 ---> Target: 7
Run ID: 2
=============================================
[Epoch : 1/40]
Trg_cls_loss	: 0.3789
-------------------------------------
[Epoch : 2/40]
Trg_cls_loss	: 0.2154
-------------------------------------
[Epoch : 3/40]
Trg_cls_loss	: 0.1497
-------------------------------------
[Epoch : 4/40]
Trg_cls_loss	: 0.1153
-------------------------------------
[Epoch : 5/40]
Trg_cls_loss	: 0.0940
-------------------------------------
[Epoch : 6/40]
Trg_cls_loss	: 0.0793
-------------------------------------
[Epoch : 7/40]
Trg_cls_loss	: 0.0687
-------------------------------------
[Epoch : 8/40]
Trg_cls_loss	: 0.0606
-------------------------------------
[Epoch : 9/40]
Trg_cls_loss	: 0.0543
Src_cls_loss	: 0.0000
-------------------------------------
[Epoch : 10/40]
Trg_cls_loss	: 0.0492
Src_cls_loss	: 0.0000
-------------------------------------
[Epoch : 11/40]
Trg_cls_loss	: 0.0450
Src_cls_loss	: 0.0000
-------------------------------------
[Epoch : 12/40]
Trg_cls_loss	: 0.0414
Src_cls_loss	: 0.0000
-------------------------------------
[Epoch : 13/40]
Trg_cls_loss	: 0.0384
Src_cls_loss	: 0.0000
-------------------------------------
[Epoch : 14/40]
Trg_cls_loss	: 0.0359
Src_cls_loss	: 0.0000
-------------------------------------
[Epoch : 15/40]
Trg_cls_loss	: 0.0336
Src_cls_loss	: 0.0000
-------------------------------------
[Epoch : 16/40]
Trg_cls_loss	: 0.0316
Src_cls_loss	: 0.0000
-------------------------------------
[Epoch : 17/40]
Trg_cls_loss	: 0.0299
Src_cls_loss	: 0.0000
-------------------------------------
[Epoch : 18/40]
Trg_cls_loss	: 0.0284
Src_cls_loss	: 0.0000
-------------------------------------
[Epoch : 19/40]
Trg_cls_loss	: 0.0271
Src_cls_loss	: 0.0000
-------------------------------------
[Epoch : 20/40]
Trg_cls_loss	: 0.0258
Src_cls_loss	: 0.0000
-------------------------------------
[Epoch : 21/40]
Trg_cls_loss	: 0.0246
Src_cls_loss	: 0.0000
-------------------------------------
[Epoch : 22/40]
Trg_cls_loss	: 0.0238
Src_cls_loss	: 0.0000
-------------------------------------
[Epoch : 23/40]
Trg_cls_loss	: 0.0229
Src_cls_loss	: 0.0000
-------------------------------------
[Epoch : 24/40]
Trg_cls_loss	: 0.0220
Src_cls_loss	: 0.0000
-------------------------------------
[Epoch : 25/40]
Trg_cls_loss	: 0.0212
Src_cls_loss	: 0.0000
-------------------------------------
[Epoch : 26/40]
Trg_cls_loss	: 0.0204
Src_cls_loss	: 0.0000
-------------------------------------
[Epoch : 27/40]
Trg_cls_loss	: 0.0197
Src_cls_loss	: 0.0000
-------------------------------------
[Epoch : 28/40]
Trg_cls_loss	: 0.0190
Src_cls_loss	: 0.0000
-------------------------------------
[Epoch : 29/40]
Trg_cls_loss	: 0.0184
Src_cls_loss	: 0.0000
-------------------------------------
[Epoch : 30/40]
Trg_cls_loss	: 0.0178
Src_cls_loss	: 0.0000
-------------------------------------
[Epoch : 31/40]
Trg_cls_loss	: 0.0173
Src_cls_loss	: 0.0000
-------------------------------------
[Epoch : 32/40]
Trg_cls_loss	: 0.0167
Src_cls_loss	: 0.0000
-------------------------------------
[Epoch : 33/40]
Trg_cls_loss	: 0.0162
Src_cls_loss	: 0.0000
-------------------------------------
[Epoch : 34/40]
Trg_cls_loss	: 0.0158
Src_cls_loss	: 0.0000
-------------------------------------
[Epoch : 35/40]
Trg_cls_loss	: 0.0153
Src_cls_loss	: 0.0000
-------------------------------------
[Epoch : 36/40]
Trg_cls_loss	: 0.0150
Src_cls_loss	: 0.0000
-------------------------------------
[Epoch : 37/40]
Trg_cls_loss	: 0.0146
Src_cls_loss	: 0.0000
-------------------------------------
[Epoch : 38/40]
Trg_cls_loss	: 0.0142
Src_cls_loss	: 0.0000
-------------------------------------
[Epoch : 39/40]
Trg_cls_loss	: 0.0139
Src_cls_loss	: 0.0000
-------------------------------------
[Epoch : 40/40]
Trg_cls_loss	: 0.0136
Src_cls_loss	: 0.0000
-------------------------------------
