=============================================
Dataset: pamap_mobiact
Method:  SYN
=============================================
Source: syn_wal_55 ---> Target: dp_wal_55
Run ID: 0
=============================================
[Epoch : 1/40]
Src_cls_loss	: 0.5044
-------------------------------------
[Epoch : 2/40]
Src_cls_loss	: 0.3371
-------------------------------------
[Epoch : 3/40]
Src_cls_loss	: 0.2570
-------------------------------------
[Epoch : 4/40]
Src_cls_loss	: 0.2126
-------------------------------------
[Epoch : 5/40]
Src_cls_loss	: 0.1798
-------------------------------------
[Epoch : 6/40]
Src_cls_loss	: 0.1565
-------------------------------------
[Epoch : 7/40]
Src_cls_loss	: 0.1393
-------------------------------------
[Epoch : 8/40]
Src_cls_loss	: 0.1249
-------------------------------------
[Epoch : 9/40]
Src_cls_loss	: 0.1133
-------------------------------------
[Epoch : 10/40]
Src_cls_loss	: 0.1042
-------------------------------------
[Epoch : 11/40]
Src_cls_loss	: 0.0960
-------------------------------------
[Epoch : 12/40]
Src_cls_loss	: 0.0890
-------------------------------------
[Epoch : 13/40]
Src_cls_loss	: 0.0831
-------------------------------------
[Epoch : 14/40]
Src_cls_loss	: 0.0778
-------------------------------------
[Epoch : 15/40]
Src_cls_loss	: 0.0733
-------------------------------------
[Epoch : 16/40]
Src_cls_loss	: 0.0693
-------------------------------------
[Epoch : 17/40]
Src_cls_loss	: 0.0658
-------------------------------------
[Epoch : 18/40]
Src_cls_loss	: 0.0627
-------------------------------------
[Epoch : 19/40]
Src_cls_loss	: 0.0600
-------------------------------------
[Epoch : 20/40]
Src_cls_loss	: 0.0574
-------------------------------------
[Epoch : 21/40]
Src_cls_loss	: 0.0550
-------------------------------------
[Epoch : 22/40]
Src_cls_loss	: 0.0527
-------------------------------------
[Epoch : 23/40]
Src_cls_loss	: 0.0508
-------------------------------------
[Epoch : 24/40]
Src_cls_loss	: 0.0489
-------------------------------------
[Epoch : 25/40]
Src_cls_loss	: 0.0471
-------------------------------------
[Epoch : 26/40]
Src_cls_loss	: 0.0456
-------------------------------------
[Epoch : 27/40]
Src_cls_loss	: 0.0441
-------------------------------------
[Epoch : 28/40]
Src_cls_loss	: 0.0427
-------------------------------------
[Epoch : 29/40]
Src_cls_loss	: 0.0414
-------------------------------------
[Epoch : 30/40]
Src_cls_loss	: 0.0402
-------------------------------------
[Epoch : 31/40]
Src_cls_loss	: 0.0389
-------------------------------------
[Epoch : 32/40]
Src_cls_loss	: 0.0378
-------------------------------------
[Epoch : 33/40]
Src_cls_loss	: 0.0367
-------------------------------------
[Epoch : 34/40]
Src_cls_loss	: 0.0358
-------------------------------------
[Epoch : 35/40]
Src_cls_loss	: 0.0348
-------------------------------------
[Epoch : 36/40]
Src_cls_loss	: 0.0339
-------------------------------------
[Epoch : 37/40]
Src_cls_loss	: 0.0331
-------------------------------------
[Epoch : 38/40]
Src_cls_loss	: 0.0323
-------------------------------------
[Epoch : 39/40]
Src_cls_loss	: 0.0315
-------------------------------------
[Epoch : 40/40]
Src_cls_loss	: 0.0308
-------------------------------------
