=============================================
Dataset: CWRU_IR
Method:  TARGET_ONLY
=============================================
Source: 0 ---> Target: 4
Run ID: 2
=============================================
[Epoch : 1/40]
Trg_cls_loss	: 0.4589
-------------------------------------
[Epoch : 2/40]
Trg_cls_loss	: 0.2725
-------------------------------------
[Epoch : 3/40]
Trg_cls_loss	: 0.1947
-------------------------------------
[Epoch : 4/40]
Trg_cls_loss	: 0.1515
-------------------------------------
[Epoch : 5/40]
Trg_cls_loss	: 0.1239
-------------------------------------
[Epoch : 6/40]
Trg_cls_loss	: 0.1052
-------------------------------------
[Epoch : 7/40]
Trg_cls_loss	: 0.0912
-------------------------------------
[Epoch : 8/40]
Trg_cls_loss	: 0.0807
-------------------------------------
[Epoch : 9/40]
Trg_cls_loss	: 0.0723
Src_cls_loss	: 0.0000
-------------------------------------
[Epoch : 10/40]
Trg_cls_loss	: 0.0657
Src_cls_loss	: 0.0000
-------------------------------------
[Epoch : 11/40]
Trg_cls_loss	: 0.0601
Src_cls_loss	: 0.0000
-------------------------------------
[Epoch : 12/40]
Trg_cls_loss	: 0.0555
Src_cls_loss	: 0.0000
-------------------------------------
[Epoch : 13/40]
Trg_cls_loss	: 0.0517
Src_cls_loss	: 0.0000
-------------------------------------
[Epoch : 14/40]
Trg_cls_loss	: 0.0483
Src_cls_loss	: 0.0000
-------------------------------------
[Epoch : 15/40]
Trg_cls_loss	: 0.0452
Src_cls_loss	: 0.0000
-------------------------------------
[Epoch : 16/40]
Trg_cls_loss	: 0.0426
Src_cls_loss	: 0.0000
-------------------------------------
[Epoch : 17/40]
Trg_cls_loss	: 0.0403
Src_cls_loss	: 0.0000
-------------------------------------
[Epoch : 18/40]
Trg_cls_loss	: 0.0382
Src_cls_loss	: 0.0000
-------------------------------------
[Epoch : 19/40]
Trg_cls_loss	: 0.0369
Src_cls_loss	: 0.0000
-------------------------------------
[Epoch : 20/40]
Trg_cls_loss	: 0.0353
Src_cls_loss	: 0.0000
-------------------------------------
[Epoch : 21/40]
Trg_cls_loss	: 0.0337
Src_cls_loss	: 0.0000
-------------------------------------
[Epoch : 22/40]
Trg_cls_loss	: 0.0323
Src_cls_loss	: 0.0000
-------------------------------------
[Epoch : 23/40]
Trg_cls_loss	: 0.0309
Src_cls_loss	: 0.0000
-------------------------------------
[Epoch : 24/40]
Trg_cls_loss	: 0.0298
Src_cls_loss	: 0.0000
-------------------------------------
[Epoch : 25/40]
Trg_cls_loss	: 0.0287
Src_cls_loss	: 0.0000
-------------------------------------
[Epoch : 26/40]
Trg_cls_loss	: 0.0276
Src_cls_loss	: 0.0000
-------------------------------------
[Epoch : 27/40]
Trg_cls_loss	: 0.0267
Src_cls_loss	: 0.0000
-------------------------------------
[Epoch : 28/40]
Trg_cls_loss	: 0.0258
Src_cls_loss	: 0.0000
-------------------------------------
[Epoch : 29/40]
Trg_cls_loss	: 0.0250
Src_cls_loss	: 0.0000
-------------------------------------
[Epoch : 30/40]
Trg_cls_loss	: 0.0242
Src_cls_loss	: 0.0000
-------------------------------------
[Epoch : 31/40]
Trg_cls_loss	: 0.0234
Src_cls_loss	: 0.0000
-------------------------------------
[Epoch : 32/40]
Trg_cls_loss	: 0.0227
Src_cls_loss	: 0.0000
-------------------------------------
[Epoch : 33/40]
Trg_cls_loss	: 0.0221
Src_cls_loss	: 0.0000
-------------------------------------
[Epoch : 34/40]
Trg_cls_loss	: 0.0215
Src_cls_loss	: 0.0000
-------------------------------------
[Epoch : 35/40]
Trg_cls_loss	: 0.0209
Src_cls_loss	: 0.0000
-------------------------------------
[Epoch : 36/40]
Trg_cls_loss	: 0.0203
Src_cls_loss	: 0.0000
-------------------------------------
[Epoch : 37/40]
Trg_cls_loss	: 0.0198
Src_cls_loss	: 0.0000
-------------------------------------
[Epoch : 38/40]
Trg_cls_loss	: 0.0194
Src_cls_loss	: 0.0000
-------------------------------------
[Epoch : 39/40]
Trg_cls_loss	: 0.0190
Src_cls_loss	: 0.0000
-------------------------------------
[Epoch : 40/40]
Trg_cls_loss	: 0.0185
Src_cls_loss	: 0.0000
-------------------------------------
