=============================================
Dataset: realworld_mobiact
Method:  NO_ADAPT
=============================================
Source: syn_47 ---> Target: dp_47
Run ID: 6
=============================================
[Epoch : 1/40]
Src_cls_loss	: 0.8767
-------------------------------------
[Epoch : 2/40]
Src_cls_loss	: 0.7113
-------------------------------------
[Epoch : 3/40]
Src_cls_loss	: 0.5759
-------------------------------------
[Epoch : 4/40]
Src_cls_loss	: 0.4787
-------------------------------------
[Epoch : 5/40]
Src_cls_loss	: 0.4049
-------------------------------------
[Epoch : 6/40]
Src_cls_loss	: 0.3500
-------------------------------------
[Epoch : 7/40]
Src_cls_loss	: 0.3125
-------------------------------------
[Epoch : 8/40]
Src_cls_loss	: 0.2820
-------------------------------------
[Epoch : 9/40]
Src_cls_loss	: 0.2556
-------------------------------------
[Epoch : 10/40]
Src_cls_loss	: 0.2339
-------------------------------------
[Epoch : 11/40]
Src_cls_loss	: 0.2170
-------------------------------------
[Epoch : 12/40]
Src_cls_loss	: 0.2020
-------------------------------------
[Epoch : 13/40]
Src_cls_loss	: 0.1882
-------------------------------------
[Epoch : 14/40]
Src_cls_loss	: 0.1769
-------------------------------------
[Epoch : 15/40]
Src_cls_loss	: 0.1664
-------------------------------------
[Epoch : 16/40]
Src_cls_loss	: 0.1569
-------------------------------------
[Epoch : 17/40]
Src_cls_loss	: 0.1488
-------------------------------------
[Epoch : 18/40]
Src_cls_loss	: 0.1414
-------------------------------------
[Epoch : 19/40]
Src_cls_loss	: 0.1347
-------------------------------------
[Epoch : 20/40]
Src_cls_loss	: 0.1286
-------------------------------------
[Epoch : 21/40]
Src_cls_loss	: 0.1234
-------------------------------------
[Epoch : 22/40]
Src_cls_loss	: 0.1188
-------------------------------------
[Epoch : 23/40]
Src_cls_loss	: 0.1144
-------------------------------------
[Epoch : 24/40]
Src_cls_loss	: 0.1100
-------------------------------------
[Epoch : 25/40]
Src_cls_loss	: 0.1063
-------------------------------------
[Epoch : 26/40]
Src_cls_loss	: 0.1027
-------------------------------------
[Epoch : 27/40]
Src_cls_loss	: 0.0991
-------------------------------------
[Epoch : 28/40]
Src_cls_loss	: 0.0959
-------------------------------------
[Epoch : 29/40]
Src_cls_loss	: 0.0932
-------------------------------------
[Epoch : 30/40]
Src_cls_loss	: 0.0904
-------------------------------------
[Epoch : 31/40]
Src_cls_loss	: 0.0877
-------------------------------------
[Epoch : 32/40]
Src_cls_loss	: 0.0853
-------------------------------------
[Epoch : 33/40]
Src_cls_loss	: 0.0831
-------------------------------------
[Epoch : 34/40]
Src_cls_loss	: 0.0809
-------------------------------------
[Epoch : 35/40]
Src_cls_loss	: 0.0787
-------------------------------------
[Epoch : 36/40]
Src_cls_loss	: 0.0767
-------------------------------------
[Epoch : 37/40]
Src_cls_loss	: 0.0747
-------------------------------------
[Epoch : 38/40]
Src_cls_loss	: 0.0728
-------------------------------------
[Epoch : 39/40]
Src_cls_loss	: 0.0711
-------------------------------------
[Epoch : 40/40]
Src_cls_loss	: 0.0694
-------------------------------------
