=============================================
Dataset: mobiact_realworld
Method:  SYN
=============================================
Source: syn_wal_63 ---> Target: dp_wal_63
Run ID: 9
=============================================
[Epoch : 1/40]
Src_cls_loss	: 0.7026
-------------------------------------
[Epoch : 2/40]
Src_cls_loss	: 0.4990
-------------------------------------
[Epoch : 3/40]
Src_cls_loss	: 0.3942
-------------------------------------
[Epoch : 4/40]
Src_cls_loss	: 0.3233
-------------------------------------
[Epoch : 5/40]
Src_cls_loss	: 0.2749
-------------------------------------
[Epoch : 6/40]
Src_cls_loss	: 0.2397
-------------------------------------
[Epoch : 7/40]
Src_cls_loss	: 0.2156
-------------------------------------
[Epoch : 8/40]
Src_cls_loss	: 0.1957
-------------------------------------
[Epoch : 9/40]
Src_cls_loss	: 0.1776
-------------------------------------
[Epoch : 10/40]
Src_cls_loss	: 0.1629
-------------------------------------
[Epoch : 11/40]
Src_cls_loss	: 0.1514
-------------------------------------
[Epoch : 12/40]
Src_cls_loss	: 0.1409
-------------------------------------
[Epoch : 13/40]
Src_cls_loss	: 0.1321
-------------------------------------
[Epoch : 14/40]
Src_cls_loss	: 0.1245
-------------------------------------
[Epoch : 15/40]
Src_cls_loss	: 0.1181
-------------------------------------
[Epoch : 16/40]
Src_cls_loss	: 0.1123
-------------------------------------
[Epoch : 17/40]
Src_cls_loss	: 0.1066
-------------------------------------
[Epoch : 18/40]
Src_cls_loss	: 0.1019
-------------------------------------
[Epoch : 19/40]
Src_cls_loss	: 0.0983
-------------------------------------
[Epoch : 20/40]
Src_cls_loss	: 0.0945
-------------------------------------
[Epoch : 21/40]
Src_cls_loss	: 0.0913
-------------------------------------
[Epoch : 22/40]
Src_cls_loss	: 0.0878
-------------------------------------
[Epoch : 23/40]
Src_cls_loss	: 0.0845
-------------------------------------
[Epoch : 24/40]
Src_cls_loss	: 0.0814
-------------------------------------
[Epoch : 25/40]
Src_cls_loss	: 0.0787
-------------------------------------
[Epoch : 26/40]
Src_cls_loss	: 0.0761
-------------------------------------
[Epoch : 27/40]
Src_cls_loss	: 0.0736
-------------------------------------
[Epoch : 28/40]
Src_cls_loss	: 0.0712
-------------------------------------
[Epoch : 29/40]
Src_cls_loss	: 0.0691
-------------------------------------
[Epoch : 30/40]
Src_cls_loss	: 0.0672
-------------------------------------
[Epoch : 31/40]
Src_cls_loss	: 0.0653
-------------------------------------
[Epoch : 32/40]
Src_cls_loss	: 0.0636
-------------------------------------
[Epoch : 33/40]
Src_cls_loss	: 0.0621
-------------------------------------
[Epoch : 34/40]
Src_cls_loss	: 0.0606
-------------------------------------
[Epoch : 35/40]
Src_cls_loss	: 0.0590
-------------------------------------
[Epoch : 36/40]
Src_cls_loss	: 0.0577
-------------------------------------
[Epoch : 37/40]
Src_cls_loss	: 0.0564
-------------------------------------
[Epoch : 38/40]
Src_cls_loss	: 0.0551
-------------------------------------
[Epoch : 39/40]
Src_cls_loss	: 0.0538
-------------------------------------
[Epoch : 40/40]
Src_cls_loss	: 0.0526
-------------------------------------
