=============================================
Dataset: pamap_realworld
Method:  DANN
=============================================
Source: df ---> Target: dp_wal_13
Run ID: 0
=============================================
[Epoch : 1/40]
Total_loss	: 6.7696
Domain_loss	: 1.1238
Src_cls_loss	: 0.7287
-------------------------------------
[Epoch : 2/40]
Total_loss	: 6.5745
Domain_loss	: 1.1939
Src_cls_loss	: 0.6571
-------------------------------------
[Epoch : 3/40]
Total_loss	: 6.2711
Domain_loss	: 1.1997
Src_cls_loss	: 0.5967
-------------------------------------
[Epoch : 4/40]
Total_loss	: 6.0049
Domain_loss	: 1.2118
Src_cls_loss	: 0.5402
-------------------------------------
[Epoch : 5/40]
Total_loss	: 5.7967
Domain_loss	: 1.2077
Src_cls_loss	: 0.5027
-------------------------------------
[Epoch : 6/40]
Total_loss	: 5.6431
Domain_loss	: 1.2111
Src_cls_loss	: 0.4719
-------------------------------------
[Epoch : 7/40]
Total_loss	: 5.5590
Domain_loss	: 1.2168
Src_cls_loss	: 0.4531
-------------------------------------
[Epoch : 8/40]
Total_loss	: 5.4521
Domain_loss	: 1.2188
Src_cls_loss	: 0.4318
-------------------------------------
[Epoch : 9/40]
Total_loss	: 5.3666
Domain_loss	: 1.2191
Src_cls_loss	: 0.4155
-------------------------------------
[Epoch : 10/40]
Total_loss	: 5.2538
Domain_loss	: 1.2097
Src_cls_loss	: 0.3988
-------------------------------------
[Epoch : 11/40]
Total_loss	: 5.1849
Domain_loss	: 1.2096
Src_cls_loss	: 0.3857
-------------------------------------
[Epoch : 12/40]
Total_loss	: 5.1252
Domain_loss	: 1.2129
Src_cls_loss	: 0.3728
-------------------------------------
[Epoch : 13/40]
Total_loss	: 5.0758
Domain_loss	: 1.2156
Src_cls_loss	: 0.3621
-------------------------------------
[Epoch : 14/40]
Total_loss	: 5.0302
Domain_loss	: 1.2205
Src_cls_loss	: 0.3510
-------------------------------------
[Epoch : 15/40]
Total_loss	: 4.9993
Domain_loss	: 1.2250
Src_cls_loss	: 0.3429
-------------------------------------
[Epoch : 16/40]
Total_loss	: 4.9615
Domain_loss	: 1.2293
Src_cls_loss	: 0.3336
-------------------------------------
[Epoch : 17/40]
Total_loss	: 4.9360
Domain_loss	: 1.2322
Src_cls_loss	: 0.3273
-------------------------------------
[Epoch : 18/40]
Total_loss	: 4.8931
Domain_loss	: 1.2320
Src_cls_loss	: 0.3193
-------------------------------------
[Epoch : 19/40]
Total_loss	: 4.8670
Domain_loss	: 1.2359
Src_cls_loss	: 0.3124
-------------------------------------
[Epoch : 20/40]
Total_loss	: 4.8195
Domain_loss	: 1.2337
Src_cls_loss	: 0.3045
-------------------------------------
[Epoch : 21/40]
Total_loss	: 4.7960
Domain_loss	: 1.2362
Src_cls_loss	: 0.2988
-------------------------------------
[Epoch : 22/40]
Total_loss	: 4.7566
Domain_loss	: 1.2354
Src_cls_loss	: 0.2918
-------------------------------------
[Epoch : 23/40]
Total_loss	: 4.7380
Domain_loss	: 1.2378
Src_cls_loss	: 0.2870
-------------------------------------
[Epoch : 24/40]
Total_loss	: 4.7088
Domain_loss	: 1.2390
Src_cls_loss	: 0.2809
-------------------------------------
[Epoch : 25/40]
Total_loss	: 4.6952
Domain_loss	: 1.2416
Src_cls_loss	: 0.2770
-------------------------------------
[Epoch : 26/40]
Total_loss	: 4.6798
Domain_loss	: 1.2441
Src_cls_loss	: 0.2729
-------------------------------------
[Epoch : 27/40]
Total_loss	: 4.6592
Domain_loss	: 1.2448
Src_cls_loss	: 0.2687
-------------------------------------
[Epoch : 28/40]
Total_loss	: 4.6436
Domain_loss	: 1.2474
Src_cls_loss	: 0.2644
-------------------------------------
[Epoch : 29/40]
Total_loss	: 4.6309
Domain_loss	: 1.2501
Src_cls_loss	: 0.2607
-------------------------------------
[Epoch : 30/40]
Total_loss	: 4.6282
Domain_loss	: 1.2532
Src_cls_loss	: 0.2586
-------------------------------------
[Epoch : 31/40]
Total_loss	: 4.6130
Domain_loss	: 1.2541
Src_cls_loss	: 0.2552
-------------------------------------
[Epoch : 32/40]
Total_loss	: 4.5948
Domain_loss	: 1.2557
Src_cls_loss	: 0.2510
-------------------------------------
[Epoch : 33/40]
Total_loss	: 4.5807
Domain_loss	: 1.2574
Src_cls_loss	: 0.2475
-------------------------------------
[Epoch : 34/40]
Total_loss	: 4.5631
Domain_loss	: 1.2578
Src_cls_loss	: 0.2440
-------------------------------------
[Epoch : 35/40]
Total_loss	: 4.5570
Domain_loss	: 1.2594
Src_cls_loss	: 0.2420
-------------------------------------
[Epoch : 36/40]
Total_loss	: 4.5516
Domain_loss	: 1.2618
Src_cls_loss	: 0.2398
-------------------------------------
[Epoch : 37/40]
Total_loss	: 4.5392
Domain_loss	: 1.2631
Src_cls_loss	: 0.2368
-------------------------------------
[Epoch : 38/40]
Total_loss	: 4.5206
Domain_loss	: 1.2625
Src_cls_loss	: 0.2336
-------------------------------------
[Epoch : 39/40]
Total_loss	: 4.5104
Domain_loss	: 1.2634
Src_cls_loss	: 0.2312
-------------------------------------
[Epoch : 40/40]
Total_loss	: 4.5054
Domain_loss	: 1.2652
Src_cls_loss	: 0.2294
-------------------------------------
