=============================================
Dataset: realworld_mobiact
Method:  NO_ADAPT
=============================================
Source: syn_27 ---> Target: dp_27
Run ID: 7
=============================================
[Epoch : 1/40]
Src_cls_loss	: 0.8412
-------------------------------------
[Epoch : 2/40]
Src_cls_loss	: 0.6918
-------------------------------------
[Epoch : 3/40]
Src_cls_loss	: 0.5775
-------------------------------------
[Epoch : 4/40]
Src_cls_loss	: 0.4815
-------------------------------------
[Epoch : 5/40]
Src_cls_loss	: 0.4140
-------------------------------------
[Epoch : 6/40]
Src_cls_loss	: 0.3638
-------------------------------------
[Epoch : 7/40]
Src_cls_loss	: 0.3257
-------------------------------------
[Epoch : 8/40]
Src_cls_loss	: 0.2987
-------------------------------------
[Epoch : 9/40]
Src_cls_loss	: 0.2719
-------------------------------------
[Epoch : 10/40]
Src_cls_loss	: 0.2500
-------------------------------------
[Epoch : 11/40]
Src_cls_loss	: 0.2312
-------------------------------------
[Epoch : 12/40]
Src_cls_loss	: 0.2171
-------------------------------------
[Epoch : 13/40]
Src_cls_loss	: 0.2051
-------------------------------------
[Epoch : 14/40]
Src_cls_loss	: 0.1930
-------------------------------------
[Epoch : 15/40]
Src_cls_loss	: 0.1822
-------------------------------------
[Epoch : 16/40]
Src_cls_loss	: 0.1722
-------------------------------------
[Epoch : 17/40]
Src_cls_loss	: 0.1635
-------------------------------------
[Epoch : 18/40]
Src_cls_loss	: 0.1555
-------------------------------------
[Epoch : 19/40]
Src_cls_loss	: 0.1482
-------------------------------------
[Epoch : 20/40]
Src_cls_loss	: 0.1419
-------------------------------------
[Epoch : 21/40]
Src_cls_loss	: 0.1359
-------------------------------------
[Epoch : 22/40]
Src_cls_loss	: 0.1311
-------------------------------------
[Epoch : 23/40]
Src_cls_loss	: 0.1276
-------------------------------------
[Epoch : 24/40]
Src_cls_loss	: 0.1233
-------------------------------------
[Epoch : 25/40]
Src_cls_loss	: 0.1190
-------------------------------------
[Epoch : 26/40]
Src_cls_loss	: 0.1149
-------------------------------------
[Epoch : 27/40]
Src_cls_loss	: 0.1110
-------------------------------------
[Epoch : 28/40]
Src_cls_loss	: 0.1074
-------------------------------------
[Epoch : 29/40]
Src_cls_loss	: 0.1039
-------------------------------------
[Epoch : 30/40]
Src_cls_loss	: 0.1006
-------------------------------------
[Epoch : 31/40]
Src_cls_loss	: 0.0978
-------------------------------------
[Epoch : 32/40]
Src_cls_loss	: 0.0952
-------------------------------------
[Epoch : 33/40]
Src_cls_loss	: 0.0929
-------------------------------------
[Epoch : 34/40]
Src_cls_loss	: 0.0904
-------------------------------------
[Epoch : 35/40]
Src_cls_loss	: 0.0881
-------------------------------------
[Epoch : 36/40]
Src_cls_loss	: 0.0858
-------------------------------------
[Epoch : 37/40]
Src_cls_loss	: 0.0838
-------------------------------------
[Epoch : 38/40]
Src_cls_loss	: 0.0820
-------------------------------------
[Epoch : 39/40]
Src_cls_loss	: 0.0803
-------------------------------------
[Epoch : 40/40]
Src_cls_loss	: 0.0785
-------------------------------------
